-- Override CMake install command with custom implementation using symlinks instead of copying resources
-- Found rosidl_generator_c: 3.1.7 (/opt/ros/humble/share/rosidl_generator_c/cmake)
-- Found rosidl_adapter: 3.1.7 (/opt/ros/humble/share/rosidl_adapter/cmake)
-- Found rosidl_generator_cpp: 3.1.7 (/opt/ros/humble/share/rosidl_generator_cpp/cmake)
-- Using all available rosidl_typesupport_c: rosidl_typesupport_fastrtps_c;rosidl_typesupport_introspection_c
-- Using all available rosidl_typesupport_cpp: rosidl_typesupport_fastrtps_cpp;rosidl_typesupport_introspection_cpp
-- Found rmw_implementation_cmake: 6.1.2 (/opt/ros/humble/share/rmw_implementation_cmake/cmake)
-- Found rmw_fastrtps_cpp: 6.2.8 (/opt/ros/humble/share/rmw_fastrtps_cpp/cmake)
-- Using RMW implementation 'rmw_fastrtps_cpp' as default
-- Found sensor_msgs: 4.9.0 (/opt/ros/humble/share/sensor_msgs/cmake)
[0m=============================================================[0m
[0m-- POINT_TYPE is XYZI[0m
[0m=============================================================[0m
[0m=============================================================[0m
[0m-- ROS Not Found. ROS Support is turned Off.[0m
[0m=============================================================[0m
[0m=============================================================[0m
[0m-- ROS2 Found. ROS2 Support is turned On.[0m
[0m=============================================================[0m
-- Found rslidar_msg: 0.0.0 (/home/user/roskit_ws/install/rslidar_msg/share/rslidar_msg/cmake)
[0m=============================================================[0m
[0m-- CMake run for UNIX GNU Compiler[0m
[0m=============================================================[0m
[0m=============================================================[0m
[0m-- rs_driver Version : v1.5.16[0m
[0m=============================================================[0m
-- Configuring done
-- Generating done
[33mCMake Warning:
  Manually-specified variables were not used by the project:

    HUMBLE_ROS
    ROS_EDITION

[0m
-- Build files have been written to: /home/user/roskit_ws/build/rslidar_sdk
[35m[1mConsolidate compiler generated dependencies of target rslidar_sdk_node[0m
[ 33%] [32mBuilding CXX object CMakeFiles/rslidar_sdk_node.dir/node/rslidar_sdk_node.cpp.o[0m
[ 66%] [32mBuilding CXX object CMakeFiles/rslidar_sdk_node.dir/src/manager/node_manager.cpp.o[0m
[100%] [32m[1mLinking CXX executable rslidar_sdk_node[0m
[100%] Built target rslidar_sdk_node
-- Install configuration: "Release"
-- Execute custom install script
-- Symlinking: /home/user/roskit_ws/install/rslidar_sdk/lib/rslidar_sdk/rslidar_sdk_node
-- Symlinking: /home/user/roskit_ws/install/rslidar_sdk/share/rslidar_sdk/launch/elequent_start.py
-- Symlinking: /home/user/roskit_ws/install/rslidar_sdk/share/rslidar_sdk/launch/start.launch
-- Symlinking: /home/user/roskit_ws/install/rslidar_sdk/share/rslidar_sdk/launch/start.py
-- Symlinking: /home/user/roskit_ws/install/rslidar_sdk/share/rslidar_sdk/rviz/rviz.rviz
-- Symlinking: /home/user/roskit_ws/install/rslidar_sdk/share/rslidar_sdk/rviz/rviz2.rviz
-- Symlinking: /home/user/roskit_ws/install/rslidar_sdk/share/ament_index/resource_index/package_run_dependencies/rslidar_sdk
-- Symlinking: /home/user/roskit_ws/install/rslidar_sdk/share/ament_index/resource_index/parent_prefix_path/rslidar_sdk
-- Symlinking: /home/user/roskit_ws/install/rslidar_sdk/share/rslidar_sdk/environment/ament_prefix_path.sh
-- Symlinking: /home/user/roskit_ws/install/rslidar_sdk/share/rslidar_sdk/environment/ament_prefix_path.dsv
-- Symlinking: /home/user/roskit_ws/install/rslidar_sdk/share/rslidar_sdk/environment/path.sh
-- Symlinking: /home/user/roskit_ws/install/rslidar_sdk/share/rslidar_sdk/environment/path.dsv
-- Symlinking: /home/user/roskit_ws/install/rslidar_sdk/share/rslidar_sdk/local_setup.bash
-- Symlinking: /home/user/roskit_ws/install/rslidar_sdk/share/rslidar_sdk/local_setup.sh
-- Symlinking: /home/user/roskit_ws/install/rslidar_sdk/share/rslidar_sdk/local_setup.zsh
-- Symlinking: /home/user/roskit_ws/install/rslidar_sdk/share/rslidar_sdk/local_setup.dsv
-- Symlinking: /home/user/roskit_ws/install/rslidar_sdk/share/rslidar_sdk/package.dsv
-- Symlinking: /home/user/roskit_ws/install/rslidar_sdk/share/ament_index/resource_index/packages/rslidar_sdk
-- Symlinking: /home/user/roskit_ws/install/rslidar_sdk/share/rslidar_sdk/cmake/rslidar_sdkConfig.cmake
-- Symlinking: /home/user/roskit_ws/install/rslidar_sdk/share/rslidar_sdk/cmake/rslidar_sdkConfig-version.cmake
-- Symlinking: /home/user/roskit_ws/install/rslidar_sdk/share/rslidar_sdk/package.xml
