[0.014s] Invoking command in '/home/user/roskit_ws/build/rslidar_sdk': CMAKE_PREFIX_PATH=/home/user/roskit_ws/install/rslidar_msg:/opt/ros/humble:/home/user/roskit_ws/install/ugv_sdk:/home/user/roskit_ws/install/ublox_serialization:/home/user/roskit_ws/install/tracer_msgs:/home/user/roskit_ws/install/scout_msgs:/home/user/roskit_ws/install/scout_description:/home/user/roskit_ws/install/ranger_msgs:/home/user/roskit_ws/install/ranger_bringup:/home/user/roskit_ws/install/phidgets_msgs:/home/user/roskit_ws/install/ouster_sensor_msgs:/home/user/roskit_ws/install/libphidget22:/home/user/roskit_ws/install/hunter_msgs:/home/user/roskit_ws/install/gr_description:/home/user/roskit_ws/install/gr_bringup LD_LIBRARY_PATH=/home/user/roskit_ws/install/rslidar_msg/lib:/home/user/roskit_ws/install/tracer_msgs/lib:/home/user/roskit_ws/install/scout_msgs/lib:/home/user/roskit_ws/install/ranger_msgs/lib:/home/user/roskit_ws/install/phidgets_msgs/lib:/home/user/roskit_ws/install/ouster_sensor_msgs/lib:/home/user/roskit_ws/install/livox_sdk2/lib:/home/user/roskit_ws/install/libphidget22/opt/libphidget22/lib:/home/user/roskit_ws/install/hunter_msgs/lib:/usr/lib/x86_64-linux-gnu/gazebo-11/plugins:/opt/ros/humble/opt/rviz_ogre_vendor/lib:/opt/ros/humble/lib/x86_64-linux-gnu:/opt/ros/humble/lib /usr/bin/cmake /home/user/roskit_ws/src/rslidar_sdk -DCMAKE_BUILD_TYPE=Release -DROS_EDITION=ROS2 -DHUMBLE_ROS=humble -DAMENT_CMAKE_SYMLINK_INSTALL=1 -DCMAKE_INSTALL_PREFIX=/home/user/roskit_ws/install/rslidar_sdk
[0.336s] -- Override CMake install command with custom implementation using symlinks instead of copying resources
[0.336s] -- Found rosidl_generator_c: 3.1.7 (/opt/ros/humble/share/rosidl_generator_c/cmake)
[0.336s] -- Found rosidl_adapter: 3.1.7 (/opt/ros/humble/share/rosidl_adapter/cmake)
[0.336s] -- Found rosidl_generator_cpp: 3.1.7 (/opt/ros/humble/share/rosidl_generator_cpp/cmake)
[0.336s] -- Using all available rosidl_typesupport_c: rosidl_typesupport_fastrtps_c;rosidl_typesupport_introspection_c
[0.336s] -- Using all available rosidl_typesupport_cpp: rosidl_typesupport_fastrtps_cpp;rosidl_typesupport_introspection_cpp
[0.336s] -- Found rmw_implementation_cmake: 6.1.2 (/opt/ros/humble/share/rmw_implementation_cmake/cmake)
[0.336s] -- Found rmw_fastrtps_cpp: 6.2.8 (/opt/ros/humble/share/rmw_fastrtps_cpp/cmake)
[0.336s] -- Using RMW implementation 'rmw_fastrtps_cpp' as default
[0.336s] -- Found sensor_msgs: 4.9.0 (/opt/ros/humble/share/sensor_msgs/cmake)
[0.339s] [0m=============================================================[0m
[0.339s] [0m-- POINT_TYPE is XYZI[0m
[0.339s] [0m=============================================================[0m
[0.339s] [0m=============================================================[0m
[0.339s] [0m-- ROS Not Found. ROS Support is turned Off.[0m
[0.339s] [0m=============================================================[0m
[0.339s] [0m=============================================================[0m
[0.339s] [0m-- ROS2 Found. ROS2 Support is turned On.[0m
[0.339s] [0m=============================================================[0m
[0.353s] -- Found rslidar_msg: 0.0.0 (/home/user/roskit_ws/install/rslidar_msg/share/rslidar_msg/cmake)
[0.365s] [0m=============================================================[0m
[0.365s] [0m-- CMake run for UNIX GNU Compiler[0m
[0.365s] [0m=============================================================[0m
[0.365s] [0m=============================================================[0m
[0.365s] [0m-- rs_driver Version : v1.5.16[0m
[0.365s] [0m=============================================================[0m
[0.430s] -- Configuring done
[0.443s] -- Generating done
[0.444s] [33mCMake Warning:
[0.444s]   Manually-specified variables were not used by the project:
[0.444s] 
[0.444s]     HUMBLE_ROS
[0.444s]     ROS_EDITION
[0.444s] 
[0.444s] [0m
[0.446s] -- Build files have been written to: /home/user/roskit_ws/build/rslidar_sdk
[0.465s] Invoked command in '/home/user/roskit_ws/build/rslidar_sdk' returned '0': CMAKE_PREFIX_PATH=/home/user/roskit_ws/install/rslidar_msg:/opt/ros/humble:/home/user/roskit_ws/install/ugv_sdk:/home/user/roskit_ws/install/ublox_serialization:/home/user/roskit_ws/install/tracer_msgs:/home/user/roskit_ws/install/scout_msgs:/home/user/roskit_ws/install/scout_description:/home/user/roskit_ws/install/ranger_msgs:/home/user/roskit_ws/install/ranger_bringup:/home/user/roskit_ws/install/phidgets_msgs:/home/user/roskit_ws/install/ouster_sensor_msgs:/home/user/roskit_ws/install/libphidget22:/home/user/roskit_ws/install/hunter_msgs:/home/user/roskit_ws/install/gr_description:/home/user/roskit_ws/install/gr_bringup LD_LIBRARY_PATH=/home/user/roskit_ws/install/rslidar_msg/lib:/home/user/roskit_ws/install/tracer_msgs/lib:/home/user/roskit_ws/install/scout_msgs/lib:/home/user/roskit_ws/install/ranger_msgs/lib:/home/user/roskit_ws/install/phidgets_msgs/lib:/home/user/roskit_ws/install/ouster_sensor_msgs/lib:/home/user/roskit_ws/install/livox_sdk2/lib:/home/user/roskit_ws/install/libphidget22/opt/libphidget22/lib:/home/user/roskit_ws/install/hunter_msgs/lib:/usr/lib/x86_64-linux-gnu/gazebo-11/plugins:/opt/ros/humble/opt/rviz_ogre_vendor/lib:/opt/ros/humble/lib/x86_64-linux-gnu:/opt/ros/humble/lib /usr/bin/cmake /home/user/roskit_ws/src/rslidar_sdk -DCMAKE_BUILD_TYPE=Release -DROS_EDITION=ROS2 -DHUMBLE_ROS=humble -DAMENT_CMAKE_SYMLINK_INSTALL=1 -DCMAKE_INSTALL_PREFIX=/home/user/roskit_ws/install/rslidar_sdk
[0.466s] Invoking command in '/home/user/roskit_ws/build/rslidar_sdk': CMAKE_PREFIX_PATH=/home/user/roskit_ws/install/rslidar_msg:/opt/ros/humble:/home/user/roskit_ws/install/ugv_sdk:/home/user/roskit_ws/install/ublox_serialization:/home/user/roskit_ws/install/tracer_msgs:/home/user/roskit_ws/install/scout_msgs:/home/user/roskit_ws/install/scout_description:/home/user/roskit_ws/install/ranger_msgs:/home/user/roskit_ws/install/ranger_bringup:/home/user/roskit_ws/install/phidgets_msgs:/home/user/roskit_ws/install/ouster_sensor_msgs:/home/user/roskit_ws/install/libphidget22:/home/user/roskit_ws/install/hunter_msgs:/home/user/roskit_ws/install/gr_description:/home/user/roskit_ws/install/gr_bringup LD_LIBRARY_PATH=/home/user/roskit_ws/install/rslidar_msg/lib:/home/user/roskit_ws/install/tracer_msgs/lib:/home/user/roskit_ws/install/scout_msgs/lib:/home/user/roskit_ws/install/ranger_msgs/lib:/home/user/roskit_ws/install/phidgets_msgs/lib:/home/user/roskit_ws/install/ouster_sensor_msgs/lib:/home/user/roskit_ws/install/livox_sdk2/lib:/home/user/roskit_ws/install/libphidget22/opt/libphidget22/lib:/home/user/roskit_ws/install/hunter_msgs/lib:/usr/lib/x86_64-linux-gnu/gazebo-11/plugins:/opt/ros/humble/opt/rviz_ogre_vendor/lib:/opt/ros/humble/lib/x86_64-linux-gnu:/opt/ros/humble/lib /usr/bin/cmake --build /home/user/roskit_ws/build/rslidar_sdk -- -j16 -l16
[2.094s] [35m[1mConsolidate compiler generated dependencies of target rslidar_sdk_node[0m
[2.094s] [ 33%] [32mBuilding CXX object CMakeFiles/rslidar_sdk_node.dir/node/rslidar_sdk_node.cpp.o[0m
[2.094s] [ 66%] [32mBuilding CXX object CMakeFiles/rslidar_sdk_node.dir/src/manager/node_manager.cpp.o[0m
[22.688s] [100%] [32m[1mLinking CXX executable rslidar_sdk_node[0m
[22.848s] [100%] Built target rslidar_sdk_node
[22.875s] Invoked command in '/home/user/roskit_ws/build/rslidar_sdk' returned '0': CMAKE_PREFIX_PATH=/home/user/roskit_ws/install/rslidar_msg:/opt/ros/humble:/home/user/roskit_ws/install/ugv_sdk:/home/user/roskit_ws/install/ublox_serialization:/home/user/roskit_ws/install/tracer_msgs:/home/user/roskit_ws/install/scout_msgs:/home/user/roskit_ws/install/scout_description:/home/user/roskit_ws/install/ranger_msgs:/home/user/roskit_ws/install/ranger_bringup:/home/user/roskit_ws/install/phidgets_msgs:/home/user/roskit_ws/install/ouster_sensor_msgs:/home/user/roskit_ws/install/libphidget22:/home/user/roskit_ws/install/hunter_msgs:/home/user/roskit_ws/install/gr_description:/home/user/roskit_ws/install/gr_bringup LD_LIBRARY_PATH=/home/user/roskit_ws/install/rslidar_msg/lib:/home/user/roskit_ws/install/tracer_msgs/lib:/home/user/roskit_ws/install/scout_msgs/lib:/home/user/roskit_ws/install/ranger_msgs/lib:/home/user/roskit_ws/install/phidgets_msgs/lib:/home/user/roskit_ws/install/ouster_sensor_msgs/lib:/home/user/roskit_ws/install/livox_sdk2/lib:/home/user/roskit_ws/install/libphidget22/opt/libphidget22/lib:/home/user/roskit_ws/install/hunter_msgs/lib:/usr/lib/x86_64-linux-gnu/gazebo-11/plugins:/opt/ros/humble/opt/rviz_ogre_vendor/lib:/opt/ros/humble/lib/x86_64-linux-gnu:/opt/ros/humble/lib /usr/bin/cmake --build /home/user/roskit_ws/build/rslidar_sdk -- -j16 -l16
[22.878s] Invoking command in '/home/user/roskit_ws/build/rslidar_sdk': CMAKE_PREFIX_PATH=/home/user/roskit_ws/install/rslidar_msg:/opt/ros/humble:/home/user/roskit_ws/install/ugv_sdk:/home/user/roskit_ws/install/ublox_serialization:/home/user/roskit_ws/install/tracer_msgs:/home/user/roskit_ws/install/scout_msgs:/home/user/roskit_ws/install/scout_description:/home/user/roskit_ws/install/ranger_msgs:/home/user/roskit_ws/install/ranger_bringup:/home/user/roskit_ws/install/phidgets_msgs:/home/user/roskit_ws/install/ouster_sensor_msgs:/home/user/roskit_ws/install/libphidget22:/home/user/roskit_ws/install/hunter_msgs:/home/user/roskit_ws/install/gr_description:/home/user/roskit_ws/install/gr_bringup LD_LIBRARY_PATH=/home/user/roskit_ws/install/rslidar_msg/lib:/home/user/roskit_ws/install/tracer_msgs/lib:/home/user/roskit_ws/install/scout_msgs/lib:/home/user/roskit_ws/install/ranger_msgs/lib:/home/user/roskit_ws/install/phidgets_msgs/lib:/home/user/roskit_ws/install/ouster_sensor_msgs/lib:/home/user/roskit_ws/install/livox_sdk2/lib:/home/user/roskit_ws/install/libphidget22/opt/libphidget22/lib:/home/user/roskit_ws/install/hunter_msgs/lib:/usr/lib/x86_64-linux-gnu/gazebo-11/plugins:/opt/ros/humble/opt/rviz_ogre_vendor/lib:/opt/ros/humble/lib/x86_64-linux-gnu:/opt/ros/humble/lib /usr/bin/cmake --install /home/user/roskit_ws/build/rslidar_sdk
[22.884s] -- Install configuration: "Release"
[22.885s] -- Execute custom install script
[22.885s] -- Symlinking: /home/user/roskit_ws/install/rslidar_sdk/lib/rslidar_sdk/rslidar_sdk_node
[22.896s] -- Symlinking: /home/user/roskit_ws/install/rslidar_sdk/share/rslidar_sdk/launch/elequent_start.py
[22.908s] -- Symlinking: /home/user/roskit_ws/install/rslidar_sdk/share/rslidar_sdk/launch/start.launch
[22.919s] -- Symlinking: /home/user/roskit_ws/install/rslidar_sdk/share/rslidar_sdk/launch/start.py
[22.991s] -- Symlinking: /home/user/roskit_ws/install/rslidar_sdk/share/rslidar_sdk/rviz/rviz.rviz
[23.001s] -- Symlinking: /home/user/roskit_ws/install/rslidar_sdk/share/rslidar_sdk/rviz/rviz2.rviz
[23.033s] -- Symlinking: /home/user/roskit_ws/install/rslidar_sdk/share/ament_index/resource_index/package_run_dependencies/rslidar_sdk
[23.078s] -- Symlinking: /home/user/roskit_ws/install/rslidar_sdk/share/ament_index/resource_index/parent_prefix_path/rslidar_sdk
[23.118s] -- Symlinking: /home/user/roskit_ws/install/rslidar_sdk/share/rslidar_sdk/environment/ament_prefix_path.sh
[23.159s] -- Symlinking: /home/user/roskit_ws/install/rslidar_sdk/share/rslidar_sdk/environment/ament_prefix_path.dsv
[23.205s] -- Symlinking: /home/user/roskit_ws/install/rslidar_sdk/share/rslidar_sdk/environment/path.sh
[23.247s] -- Symlinking: /home/user/roskit_ws/install/rslidar_sdk/share/rslidar_sdk/environment/path.dsv
[23.294s] -- Symlinking: /home/user/roskit_ws/install/rslidar_sdk/share/rslidar_sdk/local_setup.bash
[23.325s] -- Symlinking: /home/user/roskit_ws/install/rslidar_sdk/share/rslidar_sdk/local_setup.sh
[23.364s] -- Symlinking: /home/user/roskit_ws/install/rslidar_sdk/share/rslidar_sdk/local_setup.zsh
[23.406s] -- Symlinking: /home/user/roskit_ws/install/rslidar_sdk/share/rslidar_sdk/local_setup.dsv
[23.441s] -- Symlinking: /home/user/roskit_ws/install/rslidar_sdk/share/rslidar_sdk/package.dsv
[23.485s] -- Symlinking: /home/user/roskit_ws/install/rslidar_sdk/share/ament_index/resource_index/packages/rslidar_sdk
[23.522s] -- Symlinking: /home/user/roskit_ws/install/rslidar_sdk/share/rslidar_sdk/cmake/rslidar_sdkConfig.cmake
[23.542s] -- Symlinking: /home/user/roskit_ws/install/rslidar_sdk/share/rslidar_sdk/cmake/rslidar_sdkConfig-version.cmake
[23.588s] -- Symlinking: /home/user/roskit_ws/install/rslidar_sdk/share/rslidar_sdk/package.xml
[23.652s] Invoked command in '/home/user/roskit_ws/build/rslidar_sdk' returned '0': CMAKE_PREFIX_PATH=/home/user/roskit_ws/install/rslidar_msg:/opt/ros/humble:/home/user/roskit_ws/install/ugv_sdk:/home/user/roskit_ws/install/ublox_serialization:/home/user/roskit_ws/install/tracer_msgs:/home/user/roskit_ws/install/scout_msgs:/home/user/roskit_ws/install/scout_description:/home/user/roskit_ws/install/ranger_msgs:/home/user/roskit_ws/install/ranger_bringup:/home/user/roskit_ws/install/phidgets_msgs:/home/user/roskit_ws/install/ouster_sensor_msgs:/home/user/roskit_ws/install/libphidget22:/home/user/roskit_ws/install/hunter_msgs:/home/user/roskit_ws/install/gr_description:/home/user/roskit_ws/install/gr_bringup LD_LIBRARY_PATH=/home/user/roskit_ws/install/rslidar_msg/lib:/home/user/roskit_ws/install/tracer_msgs/lib:/home/user/roskit_ws/install/scout_msgs/lib:/home/user/roskit_ws/install/ranger_msgs/lib:/home/user/roskit_ws/install/phidgets_msgs/lib:/home/user/roskit_ws/install/ouster_sensor_msgs/lib:/home/user/roskit_ws/install/livox_sdk2/lib:/home/user/roskit_ws/install/libphidget22/opt/libphidget22/lib:/home/user/roskit_ws/install/hunter_msgs/lib:/usr/lib/x86_64-linux-gnu/gazebo-11/plugins:/opt/ros/humble/opt/rviz_ogre_vendor/lib:/opt/ros/humble/lib/x86_64-linux-gnu:/opt/ros/humble/lib /usr/bin/cmake --install /home/user/roskit_ws/build/rslidar_sdk
