[0.036s] Invoking command in '/home/user/roskit_ws/build/livox_sdk2': /usr/bin/cmake --build /home/user/roskit_ws/build/livox_sdk2 -- -j16 -l16
[0.093s] [  2%] [32mBuilding CXX object sdk_core/CMakeFiles/livox_lidar_sdk_shared.dir/device_manager.cpp.o[0m
[0.093s] [  2%] [32mBuilding CXX object sdk_core/CMakeFiles/livox_lidar_sdk_shared.dir/__/3rdparty/FastCRC/FastCRCsw.cpp.o[0m
[0.093s] [  3%] [32mBuilding CXX object sdk_core/CMakeFiles/livox_lidar_sdk_shared.dir/params_check.cpp.o[0m
[0.093s] [  4%] [32mBuilding CXX object sdk_core/CMakeFiles/livox_lidar_sdk_shared.dir/livox_lidar_sdk.cpp.o[0m
[0.093s] [  6%] [32mBuilding CXX object sdk_core/CMakeFiles/livox_lidar_sdk_static.dir/__/3rdparty/FastCRC/FastCRCsw.cpp.o[0m
[0.093s] [  7%] [32mBuilding CXX object sdk_core/CMakeFiles/livox_lidar_sdk_shared.dir/parse_cfg_file.cpp.o[0m
[0.093s] [  8%] [32mBuilding CXX object sdk_core/CMakeFiles/livox_lidar_sdk_static.dir/livox_lidar_sdk.cpp.o[0m
[0.093s] [  9%] [32mBuilding CXX object sdk_core/CMakeFiles/livox_lidar_sdk_static.dir/parse_cfg_file.cpp.o[0m
[0.093s] [ 10%] [32mBuilding CXX object sdk_core/CMakeFiles/livox_lidar_sdk_shared.dir/base/thread_base.cpp.o[0m
[0.096s] [ 13%] [32mBuilding CXX object sdk_core/CMakeFiles/livox_lidar_sdk_static.dir/params_check.cpp.o[0m
[0.098s] [ 12%] [32mBuilding CXX object sdk_core/CMakeFiles/livox_lidar_sdk_shared.dir/base/io_thread.cpp.o[0m
[0.098s] [ 14%] [32mBuilding CXX object sdk_core/CMakeFiles/livox_lidar_sdk_static.dir/upgrade_manager.cpp.o[0m
[0.098s] [ 15%] [32mBuilding CXX object sdk_core/CMakeFiles/livox_lidar_sdk_shared.dir/base/io_loop.cpp.o[0m
[0.098s] [ 16%] [32mBuilding CXX object sdk_core/CMakeFiles/livox_lidar_sdk_static.dir/device_manager.cpp.o[0m
[0.100s] [ 18%] [32mBuilding CXX object sdk_core/CMakeFiles/livox_lidar_sdk_static.dir/base/io_loop.cpp.o[0m
[0.101s] [ 19%] [32mBuilding CXX object sdk_core/CMakeFiles/livox_lidar_sdk_shared.dir/upgrade_manager.cpp.o[0m
[0.416s] [ 20%] [32mBuilding CXX object sdk_core/CMakeFiles/livox_lidar_sdk_shared.dir/base/logging.cpp.o[0m
[0.416s] [ 21%] [32mBuilding CXX object sdk_core/CMakeFiles/livox_lidar_sdk_static.dir/base/thread_base.cpp.o[0m
[0.702s] [ 22%] [32mBuilding CXX object sdk_core/CMakeFiles/livox_lidar_sdk_shared.dir/base/network/unix/network_util.cpp.o[0m
[0.716s] [ 24%] [32mBuilding CXX object sdk_core/CMakeFiles/livox_lidar_sdk_shared.dir/base/multiple_io/multiple_io_base.cpp.o[0m
[0.739s] [ 25%] [32mBuilding CXX object sdk_core/CMakeFiles/livox_lidar_sdk_static.dir/base/io_thread.cpp.o[0m
[0.766s] [ 26%] [32mBuilding CXX object sdk_core/CMakeFiles/livox_lidar_sdk_static.dir/base/logging.cpp.o[0m
[1.127s] [ 27%] [32mBuilding CXX object sdk_core/CMakeFiles/livox_lidar_sdk_static.dir/base/network/unix/network_util.cpp.o[0m
[1.401s] [ 28%] [32mBuilding CXX object sdk_core/CMakeFiles/livox_lidar_sdk_shared.dir/base/multiple_io/multiple_io_epoll.cpp.o[0m
[1.402s] [ 30%] [32mBuilding CXX object sdk_core/CMakeFiles/livox_lidar_sdk_shared.dir/base/multiple_io/multiple_io_poll.cpp.o[0m
[1.491s] [ 31%] [32mBuilding CXX object sdk_core/CMakeFiles/livox_lidar_sdk_static.dir/base/multiple_io/multiple_io_base.cpp.o[0m
[1.579s] [ 32%] [32mBuilding CXX object sdk_core/CMakeFiles/livox_lidar_sdk_shared.dir/base/multiple_io/multiple_io_select.cpp.o[0m
[1.702s] [ 33%] [32mBuilding CXX object sdk_core/CMakeFiles/livox_lidar_sdk_static.dir/base/multiple_io/multiple_io_epoll.cpp.o[0m
[1.989s] [ 34%] [32mBuilding CXX object sdk_core/CMakeFiles/livox_lidar_sdk_static.dir/base/multiple_io/multiple_io_poll.cpp.o[0m
[2.119s] [ 36%] [32mBuilding CXX object sdk_core/CMakeFiles/livox_lidar_sdk_shared.dir/base/multiple_io/multiple_io_kqueue.cpp.o[0m
[2.125s] [ 37%] [32mBuilding CXX object sdk_core/CMakeFiles/livox_lidar_sdk_static.dir/base/multiple_io/multiple_io_select.cpp.o[0m
[2.343s] [ 38%] [32mBuilding CXX object sdk_core/CMakeFiles/livox_lidar_sdk_static.dir/base/multiple_io/multiple_io_kqueue.cpp.o[0m
[2.444s] [ 39%] [32mBuilding CXX object sdk_core/CMakeFiles/livox_lidar_sdk_static.dir/base/wake_up/unix/wake_up_pipe.cpp.o[0m
[2.597s] [ 40%] [32mBuilding CXX object sdk_core/CMakeFiles/livox_lidar_sdk_static.dir/comm/comm_port.cpp.o[0m
[2.665s] [ 42%] [32mBuilding CXX object sdk_core/CMakeFiles/livox_lidar_sdk_static.dir/comm/sdk_protocol.cpp.o[0m
[2.970s] [ 43%] [32mBuilding CXX object sdk_core/CMakeFiles/livox_lidar_sdk_shared.dir/base/wake_up/unix/wake_up_pipe.cpp.o[0m
[3.009s] [ 44%] [32mBuilding CXX object sdk_core/CMakeFiles/livox_lidar_sdk_static.dir/comm/generate_seq.cpp.o[0m
[3.011s] [ 45%] [32mBuilding CXX object sdk_core/CMakeFiles/livox_lidar_sdk_static.dir/upgrade/firmware.cpp.o[0m
[3.060s] [ 46%] [32mBuilding CXX object sdk_core/CMakeFiles/livox_lidar_sdk_static.dir/upgrade/livox_lidar_upgrader.cpp.o[0m
[3.095s] [ 48%] [32mBuilding CXX object sdk_core/CMakeFiles/livox_lidar_sdk_shared.dir/comm/comm_port.cpp.o[0m
[3.376s] [ 49%] [32mBuilding CXX object sdk_core/CMakeFiles/livox_lidar_sdk_static.dir/logger_handler/logger_manager.cpp.o[0m
[3.576s] [ 50%] [32mBuilding CXX object sdk_core/CMakeFiles/livox_lidar_sdk_shared.dir/comm/sdk_protocol.cpp.o[0m
[3.681s] [ 51%] [32mBuilding CXX object sdk_core/CMakeFiles/livox_lidar_sdk_shared.dir/comm/generate_seq.cpp.o[0m
[4.008s] [ 53%] [32mBuilding CXX object sdk_core/CMakeFiles/livox_lidar_sdk_static.dir/logger_handler/logger_handler.cpp.o[0m
[4.019s] [ 54%] [32mBuilding CXX object sdk_core/CMakeFiles/livox_lidar_sdk_static.dir/logger_handler/file_manager.cpp.o[0m
[4.056s] [ 55%] [32mBuilding CXX object sdk_core/CMakeFiles/livox_lidar_sdk_shared.dir/upgrade/firmware.cpp.o[0m
[4.397s] [ 56%] [32mBuilding CXX object sdk_core/CMakeFiles/livox_lidar_sdk_static.dir/data_handler/data_handler.cpp.o[0m
[4.429s] [ 57%] [32mBuilding CXX object sdk_core/CMakeFiles/livox_lidar_sdk_static.dir/command_handler/command_impl.cpp.o[0m
[4.819s] [ 59%] [32mBuilding CXX object sdk_core/CMakeFiles/livox_lidar_sdk_static.dir/command_handler/general_command_handler.cpp.o[0m
[4.910s] [ 60%] [32mBuilding CXX object sdk_core/CMakeFiles/livox_lidar_sdk_static.dir/command_handler/hap_command_handler.cpp.o[0m
[5.258s] [ 61%] [32mBuilding CXX object sdk_core/CMakeFiles/livox_lidar_sdk_static.dir/command_handler/mid360_command_handler.cpp.o[0m
[5.258s] [ 62%] [32mBuilding CXX object sdk_core/CMakeFiles/livox_lidar_sdk_shared.dir/upgrade/livox_lidar_upgrader.cpp.o[0m
[5.465s] [ 63%] [32mBuilding CXX object sdk_core/CMakeFiles/livox_lidar_sdk_shared.dir/logger_handler/logger_manager.cpp.o[0m
[6.126s] [ 65%] [32mBuilding CXX object sdk_core/CMakeFiles/livox_lidar_sdk_static.dir/command_handler/build_request.cpp.o[0m
[6.244s] [ 66%] [32mBuilding CXX object sdk_core/CMakeFiles/livox_lidar_sdk_shared.dir/logger_handler/logger_handler.cpp.o[0m
[6.560s] [ 67%] [32mBuilding CXX object sdk_core/CMakeFiles/livox_lidar_sdk_shared.dir/logger_handler/file_manager.cpp.o[0m
[6.676s] [ 68%] [32mBuilding CXX object sdk_core/CMakeFiles/livox_lidar_sdk_static.dir/command_handler/parse_lidar_state_info.cpp.o[0m
[6.877s] [ 69%] [32mBuilding CXX object sdk_core/CMakeFiles/livox_lidar_sdk_static.dir/debug_point_cloud_handler/debug_point_cloud_manager.cpp.o[0m
[7.033s] [ 71%] [32mBuilding CXX object sdk_core/CMakeFiles/livox_lidar_sdk_shared.dir/data_handler/data_handler.cpp.o[0m
[7.132s] [ 72%] [32mBuilding CXX object sdk_core/CMakeFiles/livox_lidar_sdk_static.dir/debug_point_cloud_handler/debug_point_cloud_handler.cpp.o[0m
[8.321s] [ 73%] [32mBuilding CXX object sdk_core/CMakeFiles/livox_lidar_sdk_shared.dir/command_handler/command_impl.cpp.o[0m
[8.459s] [ 74%] [32mBuilding CXX object sdk_core/CMakeFiles/livox_lidar_sdk_shared.dir/command_handler/general_command_handler.cpp.o[0m
[8.885s] [ 75%] [32mBuilding CXX object sdk_core/CMakeFiles/livox_lidar_sdk_shared.dir/command_handler/hap_command_handler.cpp.o[0m
[9.035s] In file included from [01m[K/home/user/roskit_ws/src/gr_docker/Livox-SDK2/sdk_core/../3rdparty/rapidjson/stream.h:19[m[K,
[9.035s]                  from [01m[K/home/user/roskit_ws/src/gr_docker/Livox-SDK2/sdk_core/../3rdparty/rapidjson/memorystream.h:22[m[K,
[9.035s]                  from [01m[K/home/user/roskit_ws/src/gr_docker/Livox-SDK2/sdk_core/../3rdparty/rapidjson/encodedstream.h:22[m[K,
[9.035s]                  from [01m[K/home/user/roskit_ws/src/gr_docker/Livox-SDK2/sdk_core/../3rdparty/rapidjson/document.h:26[m[K,
[9.035s]                  from [01m[K/home/user/roskit_ws/src/gr_docker/Livox-SDK2/sdk_core/command_handler/parse_lidar_state_info.h:38[m[K,
[9.035s]                  from [01m[K/home/user/roskit_ws/src/gr_docker/Livox-SDK2/sdk_core/command_handler/hap_command_handler.cpp:37[m[K:
[9.035s] [01m[K/home/user/roskit_ws/src/gr_docker/Livox-SDK2/sdk_core/../3rdparty/rapidjson/rapidjson.h:542:29:[m[K [01;35m[Kwarning: [m[Kunknown option after ‘[01m[K#pragma GCC diagnostic[m[K’ kind [[01;35m[K-Wpragmas[m[K]
[9.035s]   542 | #define RAPIDJSON_PRAGMA(x) [01;35m[K_Pragma[m[K(RAPIDJSON_STRINGIFY(x))
[9.035s]       |                             [01;35m[K^~~~~~~[m[K
[9.035s] [01m[K/home/user/roskit_ws/src/gr_docker/Livox-SDK2/sdk_core/../3rdparty/rapidjson/rapidjson.h:543:34:[m[K [01;36m[Knote: [m[Kin expansion of macro ‘[01m[KRAPIDJSON_PRAGMA[m[K’
[9.035s]   543 | #define RAPIDJSON_DIAG_PRAGMA(x) [01;36m[KRAPIDJSON_PRAGMA[m[K(GCC diagnostic x)
[9.035s]       |                                  [01;36m[K^~~~~~~~~~~~~~~~[m[K
[9.035s] [01m[K/home/user/roskit_ws/src/gr_docker/Livox-SDK2/sdk_core/../3rdparty/rapidjson/rapidjson.h:545:3:[m[K [01;36m[Knote: [m[Kin expansion of macro ‘[01m[KRAPIDJSON_DIAG_PRAGMA[m[K’
[9.035s]   545 |   [01;36m[KRAPIDJSON_DIAG_PRAGMA[m[K(ignored RAPIDJSON_STRINGIFY(RAPIDJSON_JOIN(-W, x)))
[9.035s]       |   [01;36m[K^~~~~~~~~~~~~~~~~~~~~[m[K
[9.035s] [01m[K/home/user/roskit_ws/src/gr_docker/Livox-SDK2/sdk_core/../3rdparty/rapidjson/internal/dtoa.h:36:1:[m[K [01;36m[Knote: [m[Kin expansion of macro ‘[01m[KRAPIDJSON_DIAG_OFF[m[K’
[9.035s]    36 | [01;36m[KRAPIDJSON_DIAG_OFF[m[K(array - bounds)  // some gcc versions generate wrong warnings
[9.035s]       | [01;36m[K^~~~~~~~~~~~~~~~~~[m[K
[9.035s] [01m[K/home/user/roskit_ws/src/gr_docker/Livox-SDK2/sdk_core/../3rdparty/rapidjson/rapidjson.h:542:29:[m[K [01;36m[Knote: [m[Kdid you mean ‘[01m[K-Warray-bounds[m[K’?
[9.035s]   542 | #define RAPIDJSON_PRAGMA(x) [01;36m[K_Pragma[m[K(RAPIDJSON_STRINGIFY(x))
[9.035s]       |                             [01;36m[K^~~~~~~[m[K
[9.035s] [01m[K/home/user/roskit_ws/src/gr_docker/Livox-SDK2/sdk_core/../3rdparty/rapidjson/rapidjson.h:543:34:[m[K [01;36m[Knote: [m[Kin expansion of macro ‘[01m[KRAPIDJSON_PRAGMA[m[K’
[9.035s]   543 | #define RAPIDJSON_DIAG_PRAGMA(x) [01;36m[KRAPIDJSON_PRAGMA[m[K(GCC diagnostic x)
[9.035s]       |                                  [01;36m[K^~~~~~~~~~~~~~~~[m[K
[9.035s] [01m[K/home/user/roskit_ws/src/gr_docker/Livox-SDK2/sdk_core/../3rdparty/rapidjson/rapidjson.h:545:3:[m[K [01;36m[Knote: [m[Kin expansion of macro ‘[01m[KRAPIDJSON_DIAG_PRAGMA[m[K’
[9.035s]   545 |   [01;36m[KRAPIDJSON_DIAG_PRAGMA[m[K(ignored RAPIDJSON_STRINGIFY(RAPIDJSON_JOIN(-W, x)))
[9.035s]       |   [01;36m[K^~~~~~~~~~~~~~~~~~~~~[m[K
[9.035s] [01m[K/home/user/roskit_ws/src/gr_docker/Livox-SDK2/sdk_core/../3rdparty/rapidjson/internal/dtoa.h:36:1:[m[K [01;36m[Knote: [m[Kin expansion of macro ‘[01m[KRAPIDJSON_DIAG_OFF[m[K’
[9.035s]    36 | [01;36m[KRAPIDJSON_DIAG_OFF[m[K(array - bounds)  // some gcc versions generate wrong warnings
[9.035s]       | [01;36m[K^~~~~~~~~~~~~~~~~~[m[K
[9.050s] [ 77%] [32mBuilding CXX object sdk_core/CMakeFiles/livox_lidar_sdk_shared.dir/command_handler/mid360_command_handler.cpp.o[0m
[9.503s] [ 78%] [32mBuilding CXX object sdk_core/CMakeFiles/livox_lidar_sdk_shared.dir/command_handler/build_request.cpp.o[0m
[9.570s] [ 79%] [32mBuilding CXX object sdk_core/CMakeFiles/livox_lidar_sdk_shared.dir/command_handler/parse_lidar_state_info.cpp.o[0m
[9.832s] In file included from [01m[K/home/user/roskit_ws/src/gr_docker/Livox-SDK2/sdk_core/../3rdparty/rapidjson/stream.h:19[m[K,
[9.832s]                  from [01m[K/home/user/roskit_ws/src/gr_docker/Livox-SDK2/sdk_core/../3rdparty/rapidjson/memorystream.h:22[m[K,
[9.832s]                  from [01m[K/home/user/roskit_ws/src/gr_docker/Livox-SDK2/sdk_core/../3rdparty/rapidjson/encodedstream.h:22[m[K,
[9.832s]                  from [01m[K/home/user/roskit_ws/src/gr_docker/Livox-SDK2/sdk_core/../3rdparty/rapidjson/document.h:26[m[K,
[9.832s]                  from [01m[K/home/user/roskit_ws/src/gr_docker/Livox-SDK2/sdk_core/command_handler/parse_lidar_state_info.h:38[m[K,
[9.832s]                  from [01m[K/home/user/roskit_ws/src/gr_docker/Livox-SDK2/sdk_core/command_handler/mid360_command_handler.cpp:37[m[K:
[9.832s] [01m[K/home/user/roskit_ws/src/gr_docker/Livox-SDK2/sdk_core/../3rdparty/rapidjson/rapidjson.h:542:29:[m[K [01;35m[Kwarning: [m[Kunknown option after ‘[01m[K#pragma GCC diagnostic[m[K’ kind [[01;35m[K-Wpragmas[m[K]
[9.832s]   542 | #define RAPIDJSON_PRAGMA(x) [01;35m[K_Pragma[m[K(RAPIDJSON_STRINGIFY(x))
[9.832s]       |                             [01;35m[K^~~~~~~[m[K
[9.832s] [01m[K/home/user/roskit_ws/src/gr_docker/Livox-SDK2/sdk_core/../3rdparty/rapidjson/rapidjson.h:543:34:[m[K [01;36m[Knote: [m[Kin expansion of macro ‘[01m[KRAPIDJSON_PRAGMA[m[K’
[9.832s]   543 | #define RAPIDJSON_DIAG_PRAGMA(x) [01;36m[KRAPIDJSON_PRAGMA[m[K(GCC diagnostic x)
[9.832s]       |                                  [01;36m[K^~~~~~~~~~~~~~~~[m[K
[9.832s] [01m[K/home/user/roskit_ws/src/gr_docker/Livox-SDK2/sdk_core/../3rdparty/rapidjson/rapidjson.h:545:3:[m[K [01;36m[Knote: [m[Kin expansion of macro ‘[01m[KRAPIDJSON_DIAG_PRAGMA[m[K’
[9.832s]   545 |   [01;36m[KRAPIDJSON_DIAG_PRAGMA[m[K(ignored RAPIDJSON_STRINGIFY(RAPIDJSON_JOIN(-W, x)))
[9.832s]       |   [01;36m[K^~~~~~~~~~~~~~~~~~~~~[m[K
[9.832s] [01m[K/home/user/roskit_ws/src/gr_docker/Livox-SDK2/sdk_core/../3rdparty/rapidjson/internal/dtoa.h:36:1:[m[K [01;36m[Knote: [m[Kin expansion of macro ‘[01m[KRAPIDJSON_DIAG_OFF[m[K’
[9.832s]    36 | [01;36m[KRAPIDJSON_DIAG_OFF[m[K(array - bounds)  // some gcc versions generate wrong warnings
[9.832s]       | [01;36m[K^~~~~~~~~~~~~~~~~~[m[K
[9.832s] [01m[K/home/user/roskit_ws/src/gr_docker/Livox-SDK2/sdk_core/../3rdparty/rapidjson/rapidjson.h:542:29:[m[K [01;36m[Knote: [m[Kdid you mean ‘[01m[K-Warray-bounds[m[K’?
[9.832s]   542 | #define RAPIDJSON_PRAGMA(x) [01;36m[K_Pragma[m[K(RAPIDJSON_STRINGIFY(x))
[9.832s]       |                             [01;36m[K^~~~~~~[m[K
[9.832s] [01m[K/home/user/roskit_ws/src/gr_docker/Livox-SDK2/sdk_core/../3rdparty/rapidjson/rapidjson.h:543:34:[m[K [01;36m[Knote: [m[Kin expansion of macro ‘[01m[KRAPIDJSON_PRAGMA[m[K’
[9.833s]   543 | #define RAPIDJSON_DIAG_PRAGMA(x) [01;36m[KRAPIDJSON_PRAGMA[m[K(GCC diagnostic x)
[9.833s]       |                                  [01;36m[K^~~~~~~~~~~~~~~~[m[K
[9.833s] [01m[K/home/user/roskit_ws/src/gr_docker/Livox-SDK2/sdk_core/../3rdparty/rapidjson/rapidjson.h:545:3:[m[K [01;36m[Knote: [m[Kin expansion of macro ‘[01m[KRAPIDJSON_DIAG_PRAGMA[m[K’
[9.833s]   545 |   [01;36m[KRAPIDJSON_DIAG_PRAGMA[m[K(ignored RAPIDJSON_STRINGIFY(RAPIDJSON_JOIN(-W, x)))
[9.833s]       |   [01;36m[K^~~~~~~~~~~~~~~~~~~~~[m[K
[9.833s] [01m[K/home/user/roskit_ws/src/gr_docker/Livox-SDK2/sdk_core/../3rdparty/rapidjson/internal/dtoa.h:36:1:[m[K [01;36m[Knote: [m[Kin expansion of macro ‘[01m[KRAPIDJSON_DIAG_OFF[m[K’
[9.833s]    36 | [01;36m[KRAPIDJSON_DIAG_OFF[m[K(array - bounds)  // some gcc versions generate wrong warnings
[9.833s]       | [01;36m[K^~~~~~~~~~~~~~~~~~[m[K
[9.840s] [ 80%] [32mBuilding CXX object sdk_core/CMakeFiles/livox_lidar_sdk_shared.dir/debug_point_cloud_handler/debug_point_cloud_manager.cpp.o[0m
[10.061s] In file included from [01m[K/home/user/roskit_ws/src/gr_docker/Livox-SDK2/sdk_core/../3rdparty/rapidjson/stream.h:19[m[K,
[10.061s]                  from [01m[K/home/user/roskit_ws/src/gr_docker/Livox-SDK2/sdk_core/../3rdparty/rapidjson/memorystream.h:22[m[K,
[10.062s]                  from [01m[K/home/user/roskit_ws/src/gr_docker/Livox-SDK2/sdk_core/../3rdparty/rapidjson/encodedstream.h:22[m[K,
[10.062s]                  from [01m[K/home/user/roskit_ws/src/gr_docker/Livox-SDK2/sdk_core/../3rdparty/rapidjson/document.h:26[m[K,
[10.062s]                  from [01m[K/home/user/roskit_ws/src/gr_docker/Livox-SDK2/sdk_core/command_handler/parse_lidar_state_info.h:38[m[K,
[10.062s]                  from [01m[K/home/user/roskit_ws/src/gr_docker/Livox-SDK2/sdk_core/command_handler/parse_lidar_state_info.cpp:2[m[K:
[10.062s] [01m[K/home/user/roskit_ws/src/gr_docker/Livox-SDK2/sdk_core/../3rdparty/rapidjson/rapidjson.h:542:29:[m[K [01;35m[Kwarning: [m[Kunknown option after ‘[01m[K#pragma GCC diagnostic[m[K’ kind [[01;35m[K-Wpragmas[m[K]
[10.062s]   542 | #define RAPIDJSON_PRAGMA(x) [01;35m[K_Pragma[m[K(RAPIDJSON_STRINGIFY(x))
[10.062s]       |                             [01;35m[K^~~~~~~[m[K
[10.062s] [01m[K/home/user/roskit_ws/src/gr_docker/Livox-SDK2/sdk_core/../3rdparty/rapidjson/rapidjson.h:543:34:[m[K [01;36m[Knote: [m[Kin expansion of macro ‘[01m[KRAPIDJSON_PRAGMA[m[K’
[10.062s]   543 | #define RAPIDJSON_DIAG_PRAGMA(x) [01;36m[KRAPIDJSON_PRAGMA[m[K(GCC diagnostic x)
[10.062s]       |                                  [01;36m[K^~~~~~~~~~~~~~~~[m[K
[10.062s] [01m[K/home/user/roskit_ws/src/gr_docker/Livox-SDK2/sdk_core/../3rdparty/rapidjson/rapidjson.h:545:3:[m[K [01;36m[Knote: [m[Kin expansion of macro ‘[01m[KRAPIDJSON_DIAG_PRAGMA[m[K’
[10.062s]   545 |   [01;36m[KRAPIDJSON_DIAG_PRAGMA[m[K(ignored RAPIDJSON_STRINGIFY(RAPIDJSON_JOIN(-W, x)))
[10.062s]       |   [01;36m[K^~~~~~~~~~~~~~~~~~~~~[m[K
[10.062s] [01m[K/home/user/roskit_ws/src/gr_docker/Livox-SDK2/sdk_core/../3rdparty/rapidjson/internal/dtoa.h:36:1:[m[K [01;36m[Knote: [m[Kin expansion of macro ‘[01m[KRAPIDJSON_DIAG_OFF[m[K’
[10.062s]    36 | [01;36m[KRAPIDJSON_DIAG_OFF[m[K(array - bounds)  // some gcc versions generate wrong warnings
[10.062s]       | [01;36m[K^~~~~~~~~~~~~~~~~~[m[K
[10.062s] [01m[K/home/user/roskit_ws/src/gr_docker/Livox-SDK2/sdk_core/../3rdparty/rapidjson/rapidjson.h:542:29:[m[K [01;36m[Knote: [m[Kdid you mean ‘[01m[K-Warray-bounds[m[K’?
[10.062s]   542 | #define RAPIDJSON_PRAGMA(x) [01;36m[K_Pragma[m[K(RAPIDJSON_STRINGIFY(x))
[10.062s]       |                             [01;36m[K^~~~~~~[m[K
[10.064s] [01m[K/home/user/roskit_ws/src/gr_docker/Livox-SDK2/sdk_core/../3rdparty/rapidjson/rapidjson.h:543:34:[m[K [01;36m[Knote: [m[Kin expansion of macro ‘[01m[KRAPIDJSON_PRAGMA[m[K’
[10.064s]   543 | #define RAPIDJSON_DIAG_PRAGMA(x) [01;36m[KRAPIDJSON_PRAGMA[m[K(GCC diagnostic x)
[10.064s]       |                                  [01;36m[K^~~~~~~~~~~~~~~~[m[K
[10.064s] [01m[K/home/user/roskit_ws/src/gr_docker/Livox-SDK2/sdk_core/../3rdparty/rapidjson/rapidjson.h:545:3:[m[K [01;36m[Knote: [m[Kin expansion of macro ‘[01m[KRAPIDJSON_DIAG_PRAGMA[m[K’
[10.064s]   545 |   [01;36m[KRAPIDJSON_DIAG_PRAGMA[m[K(ignored RAPIDJSON_STRINGIFY(RAPIDJSON_JOIN(-W, x)))
[10.064s]       |   [01;36m[K^~~~~~~~~~~~~~~~~~~~~[m[K
[10.064s] [01m[K/home/user/roskit_ws/src/gr_docker/Livox-SDK2/sdk_core/../3rdparty/rapidjson/internal/dtoa.h:36:1:[m[K [01;36m[Knote: [m[Kin expansion of macro ‘[01m[KRAPIDJSON_DIAG_OFF[m[K’
[10.064s]    36 | [01;36m[KRAPIDJSON_DIAG_OFF[m[K(array - bounds)  // some gcc versions generate wrong warnings
[10.064s]       | [01;36m[K^~~~~~~~~~~~~~~~~~[m[K
[10.082s] [ 81%] [32mBuilding CXX object sdk_core/CMakeFiles/livox_lidar_sdk_shared.dir/debug_point_cloud_handler/debug_point_cloud_handler.cpp.o[0m
[11.139s] [ 83%] [32m[1mLinking CXX static library liblivox_lidar_sdk_static.a[0m
[11.193s] [ 83%] Built target livox_lidar_sdk_static
[11.213s] [ 86%] [32mBuilding CXX object samples/debug_point_cloud/CMakeFiles/debug_point_cloud.dir/main.cpp.o[0m
[11.213s] [ 86%] [32mBuilding CXX object samples/multi_lidars_upgrade/CMakeFiles/multi_lidars_upgrade.dir/main.cpp.o[0m
[11.213s] [ 86%] [32mBuilding CXX object samples/livox_lidar_quick_start/CMakeFiles/livox_lidar_quick_start.dir/main.cpp.o[0m
[11.213s] [ 87%] [32mBuilding CXX object samples/livox_lidar_rmc_time_sync/CMakeFiles/livox_lidar_rmc_time_sync.dir/main.cpp.o[0m
[11.214s] [ 89%] [32mBuilding CXX object samples/livox_lidar_rmc_time_sync/CMakeFiles/livox_lidar_rmc_time_sync.dir/linux/synchro.cpp.o[0m
[11.228s] [ 90%] [32mBuilding CXX object samples/logger/CMakeFiles/logger.dir/main.cpp.o[0m
[11.229s] [ 91%] [32mBuilding CXX object samples/lidar_cmd_observer/CMakeFiles/lidar_cmd_observer.dir/main.cpp.o[0m
[11.559s] [ 92%] [32m[1mLinking CXX executable livox_lidar_quick_start[0m
[11.589s] [ 93%] [32m[1mLinking CXX executable debug_point_cloud[0m
[11.601s] [ 95%] [32m[1mLinking CXX executable multi_lidars_upgrade[0m
[11.639s] [ 96%] [32m[1mLinking CXX executable livox_lidar_rmc_time_sync[0m
[11.662s] [ 98%] [32m[1mLinking CXX executable logger[0m
[11.662s] [ 98%] [32m[1mLinking CXX executable lidar_cmd_observer[0m
[11.732s] [ 98%] Built target debug_point_cloud
[11.747s] [ 98%] Built target multi_lidars_upgrade
[11.764s] [ 98%] Built target livox_lidar_quick_start
[11.773s] [ 98%] Built target livox_lidar_rmc_time_sync
[11.793s] [ 98%] Built target logger
[11.803s] [ 98%] Built target lidar_cmd_observer
[12.582s] In file included from [01m[K/home/user/roskit_ws/src/gr_docker/Livox-SDK2/sdk_core/../3rdparty/rapidjson/stream.h:19[m[K,
[12.582s]                  from [01m[K/home/user/roskit_ws/src/gr_docker/Livox-SDK2/sdk_core/../3rdparty/rapidjson/memorystream.h:22[m[K,
[12.582s]                  from [01m[K/home/user/roskit_ws/src/gr_docker/Livox-SDK2/sdk_core/../3rdparty/rapidjson/encodedstream.h:22[m[K,
[12.582s]                  from [01m[K/home/user/roskit_ws/src/gr_docker/Livox-SDK2/sdk_core/../3rdparty/rapidjson/document.h:26[m[K,
[12.582s]                  from [01m[K/home/user/roskit_ws/src/gr_docker/Livox-SDK2/sdk_core/command_handler/parse_lidar_state_info.h:38[m[K,
[12.582s]                  from [01m[K/home/user/roskit_ws/src/gr_docker/Livox-SDK2/sdk_core/command_handler/hap_command_handler.cpp:37[m[K:
[12.582s] [01m[K/home/user/roskit_ws/src/gr_docker/Livox-SDK2/sdk_core/../3rdparty/rapidjson/rapidjson.h:542:29:[m[K [01;35m[Kwarning: [m[Kunknown option after ‘[01m[K#pragma GCC diagnostic[m[K’ kind [[01;35m[K-Wpragmas[m[K]
[12.582s]   542 | #define RAPIDJSON_PRAGMA(x) [01;35m[K_Pragma[m[K(RAPIDJSON_STRINGIFY(x))
[12.582s]       |                             [01;35m[K^~~~~~~[m[K
[12.582s] [01m[K/home/user/roskit_ws/src/gr_docker/Livox-SDK2/sdk_core/../3rdparty/rapidjson/rapidjson.h:543:34:[m[K [01;36m[Knote: [m[Kin expansion of macro ‘[01m[KRAPIDJSON_PRAGMA[m[K’
[12.582s]   543 | #define RAPIDJSON_DIAG_PRAGMA(x) [01;36m[KRAPIDJSON_PRAGMA[m[K(GCC diagnostic x)
[12.582s]       |                                  [01;36m[K^~~~~~~~~~~~~~~~[m[K
[12.582s] [01m[K/home/user/roskit_ws/src/gr_docker/Livox-SDK2/sdk_core/../3rdparty/rapidjson/rapidjson.h:545:3:[m[K [01;36m[Knote: [m[Kin expansion of macro ‘[01m[KRAPIDJSON_DIAG_PRAGMA[m[K’
[12.582s]   545 |   [01;36m[KRAPIDJSON_DIAG_PRAGMA[m[K(ignored RAPIDJSON_STRINGIFY(RAPIDJSON_JOIN(-W, x)))
[12.582s]       |   [01;36m[K^~~~~~~~~~~~~~~~~~~~~[m[K
[12.582s] [01m[K/home/user/roskit_ws/src/gr_docker/Livox-SDK2/sdk_core/../3rdparty/rapidjson/internal/dtoa.h:36:1:[m[K [01;36m[Knote: [m[Kin expansion of macro ‘[01m[KRAPIDJSON_DIAG_OFF[m[K’
[12.582s]    36 | [01;36m[KRAPIDJSON_DIAG_OFF[m[K(array - bounds)  // some gcc versions generate wrong warnings
[12.582s]       | [01;36m[K^~~~~~~~~~~~~~~~~~[m[K
[12.582s] [01m[K/home/user/roskit_ws/src/gr_docker/Livox-SDK2/sdk_core/../3rdparty/rapidjson/rapidjson.h:542:29:[m[K [01;36m[Knote: [m[Kdid you mean ‘[01m[K-Warray-bounds[m[K’?
[12.582s]   542 | #define RAPIDJSON_PRAGMA(x) [01;36m[K_Pragma[m[K(RAPIDJSON_STRINGIFY(x))
[12.582s]       |                             [01;36m[K^~~~~~~[m[K
[12.582s] [01m[K/home/user/roskit_ws/src/gr_docker/Livox-SDK2/sdk_core/../3rdparty/rapidjson/rapidjson.h:543:34:[m[K [01;36m[Knote: [m[Kin expansion of macro ‘[01m[KRAPIDJSON_PRAGMA[m[K’
[12.582s]   543 | #define RAPIDJSON_DIAG_PRAGMA(x) [01;36m[KRAPIDJSON_PRAGMA[m[K(GCC diagnostic x)
[12.582s]       |                                  [01;36m[K^~~~~~~~~~~~~~~~[m[K
[12.582s] [01m[K/home/user/roskit_ws/src/gr_docker/Livox-SDK2/sdk_core/../3rdparty/rapidjson/rapidjson.h:545:3:[m[K [01;36m[Knote: [m[Kin expansion of macro ‘[01m[KRAPIDJSON_DIAG_PRAGMA[m[K’
[12.582s]   545 |   [01;36m[KRAPIDJSON_DIAG_PRAGMA[m[K(ignored RAPIDJSON_STRINGIFY(RAPIDJSON_JOIN(-W, x)))
[12.582s]       |   [01;36m[K^~~~~~~~~~~~~~~~~~~~~[m[K
[12.582s] [01m[K/home/user/roskit_ws/src/gr_docker/Livox-SDK2/sdk_core/../3rdparty/rapidjson/internal/dtoa.h:36:1:[m[K [01;36m[Knote: [m[Kin expansion of macro ‘[01m[KRAPIDJSON_DIAG_OFF[m[K’
[12.582s]    36 | [01;36m[KRAPIDJSON_DIAG_OFF[m[K(array - bounds)  // some gcc versions generate wrong warnings
[12.582s]       | [01;36m[K^~~~~~~~~~~~~~~~~~[m[K
[12.640s] In file included from [01m[K/home/user/roskit_ws/src/gr_docker/Livox-SDK2/sdk_core/../3rdparty/rapidjson/stream.h:19[m[K,
[12.640s]                  from [01m[K/home/user/roskit_ws/src/gr_docker/Livox-SDK2/sdk_core/../3rdparty/rapidjson/memorystream.h:22[m[K,
[12.640s]                  from [01m[K/home/user/roskit_ws/src/gr_docker/Livox-SDK2/sdk_core/../3rdparty/rapidjson/encodedstream.h:22[m[K,
[12.640s]                  from [01m[K/home/user/roskit_ws/src/gr_docker/Livox-SDK2/sdk_core/../3rdparty/rapidjson/document.h:26[m[K,
[12.640s]                  from [01m[K/home/user/roskit_ws/src/gr_docker/Livox-SDK2/sdk_core/command_handler/parse_lidar_state_info.h:38[m[K,
[12.640s]                  from [01m[K/home/user/roskit_ws/src/gr_docker/Livox-SDK2/sdk_core/command_handler/mid360_command_handler.cpp:37[m[K:
[12.640s] [01m[K/home/user/roskit_ws/src/gr_docker/Livox-SDK2/sdk_core/../3rdparty/rapidjson/rapidjson.h:542:29:[m[K [01;35m[Kwarning: [m[Kunknown option after ‘[01m[K#pragma GCC diagnostic[m[K’ kind [[01;35m[K-Wpragmas[m[K]
[12.640s]   542 | #define RAPIDJSON_PRAGMA(x) [01;35m[K_Pragma[m[K(RAPIDJSON_STRINGIFY(x))
[12.640s]       |                             [01;35m[K^~~~~~~[m[K
[12.640s] [01m[K/home/user/roskit_ws/src/gr_docker/Livox-SDK2/sdk_core/../3rdparty/rapidjson/rapidjson.h:543:34:[m[K [01;36m[Knote: [m[Kin expansion of macro ‘[01m[KRAPIDJSON_PRAGMA[m[K’
[12.640s]   543 | #define RAPIDJSON_DIAG_PRAGMA(x) [01;36m[KRAPIDJSON_PRAGMA[m[K(GCC diagnostic x)
[12.640s]       |                                  [01;36m[K^~~~~~~~~~~~~~~~[m[K
[12.640s] [01m[K/home/user/roskit_ws/src/gr_docker/Livox-SDK2/sdk_core/../3rdparty/rapidjson/rapidjson.h:545:3:[m[K [01;36m[Knote: [m[Kin expansion of macro ‘[01m[KRAPIDJSON_DIAG_PRAGMA[m[K’
[12.640s]   545 |   [01;36m[KRAPIDJSON_DIAG_PRAGMA[m[K(ignored RAPIDJSON_STRINGIFY(RAPIDJSON_JOIN(-W, x)))
[12.640s]       |   [01;36m[K^~~~~~~~~~~~~~~~~~~~~[m[K
[12.640s] [01m[K/home/user/roskit_ws/src/gr_docker/Livox-SDK2/sdk_core/../3rdparty/rapidjson/internal/dtoa.h:36:1:[m[K [01;36m[Knote: [m[Kin expansion of macro ‘[01m[KRAPIDJSON_DIAG_OFF[m[K’
[12.640s]    36 | [01;36m[KRAPIDJSON_DIAG_OFF[m[K(array - bounds)  // some gcc versions generate wrong warnings
[12.640s]       | [01;36m[K^~~~~~~~~~~~~~~~~~[m[K
[12.640s] [01m[K/home/user/roskit_ws/src/gr_docker/Livox-SDK2/sdk_core/../3rdparty/rapidjson/rapidjson.h:542:29:[m[K [01;36m[Knote: [m[Kdid you mean ‘[01m[K-Warray-bounds[m[K’?
[12.640s]   542 | #define RAPIDJSON_PRAGMA(x) [01;36m[K_Pragma[m[K(RAPIDJSON_STRINGIFY(x))
[12.640s]       |                             [01;36m[K^~~~~~~[m[K
[12.640s] [01m[K/home/user/roskit_ws/src/gr_docker/Livox-SDK2/sdk_core/../3rdparty/rapidjson/rapidjson.h:543:34:[m[K [01;36m[Knote: [m[Kin expansion of macro ‘[01m[KRAPIDJSON_PRAGMA[m[K’
[12.640s]   543 | #define RAPIDJSON_DIAG_PRAGMA(x) [01;36m[KRAPIDJSON_PRAGMA[m[K(GCC diagnostic x)
[12.640s]       |                                  [01;36m[K^~~~~~~~~~~~~~~~[m[K
[12.641s] [01m[K/home/user/roskit_ws/src/gr_docker/Livox-SDK2/sdk_core/../3rdparty/rapidjson/rapidjson.h:545:3:[m[K [01;36m[Knote: [m[Kin expansion of macro ‘[01m[KRAPIDJSON_DIAG_PRAGMA[m[K’
[12.641s]   545 |   [01;36m[KRAPIDJSON_DIAG_PRAGMA[m[K(ignored RAPIDJSON_STRINGIFY(RAPIDJSON_JOIN(-W, x)))
[12.641s]       |   [01;36m[K^~~~~~~~~~~~~~~~~~~~~[m[K
[12.641s] [01m[K/home/user/roskit_ws/src/gr_docker/Livox-SDK2/sdk_core/../3rdparty/rapidjson/internal/dtoa.h:36:1:[m[K [01;36m[Knote: [m[Kin expansion of macro ‘[01m[KRAPIDJSON_DIAG_OFF[m[K’
[12.641s]    36 | [01;36m[KRAPIDJSON_DIAG_OFF[m[K(array - bounds)  // some gcc versions generate wrong warnings
[12.641s]       | [01;36m[K^~~~~~~~~~~~~~~~~~[m[K
[12.906s] In file included from [01m[K/home/user/roskit_ws/src/gr_docker/Livox-SDK2/sdk_core/../3rdparty/rapidjson/stream.h:19[m[K,
[12.906s]                  from [01m[K/home/user/roskit_ws/src/gr_docker/Livox-SDK2/sdk_core/../3rdparty/rapidjson/memorystream.h:22[m[K,
[12.906s]                  from [01m[K/home/user/roskit_ws/src/gr_docker/Livox-SDK2/sdk_core/../3rdparty/rapidjson/encodedstream.h:22[m[K,
[12.906s]                  from [01m[K/home/user/roskit_ws/src/gr_docker/Livox-SDK2/sdk_core/../3rdparty/rapidjson/document.h:26[m[K,
[12.906s]                  from [01m[K/home/user/roskit_ws/src/gr_docker/Livox-SDK2/sdk_core/command_handler/parse_lidar_state_info.h:38[m[K,
[12.906s]                  from [01m[K/home/user/roskit_ws/src/gr_docker/Livox-SDK2/sdk_core/command_handler/parse_lidar_state_info.cpp:2[m[K:
[12.906s] [01m[K/home/user/roskit_ws/src/gr_docker/Livox-SDK2/sdk_core/../3rdparty/rapidjson/rapidjson.h:542:29:[m[K [01;35m[Kwarning: [m[Kunknown option after ‘[01m[K#pragma GCC diagnostic[m[K’ kind [[01;35m[K-Wpragmas[m[K]
[12.906s]   542 | #define RAPIDJSON_PRAGMA(x) [01;35m[K_Pragma[m[K(RAPIDJSON_STRINGIFY(x))
[12.906s]       |                             [01;35m[K^~~~~~~[m[K
[12.906s] [01m[K/home/user/roskit_ws/src/gr_docker/Livox-SDK2/sdk_core/../3rdparty/rapidjson/rapidjson.h:543:34:[m[K [01;36m[Knote: [m[Kin expansion of macro ‘[01m[KRAPIDJSON_PRAGMA[m[K’
[12.906s]   543 | #define RAPIDJSON_DIAG_PRAGMA(x) [01;36m[KRAPIDJSON_PRAGMA[m[K(GCC diagnostic x)
[12.906s]       |                                  [01;36m[K^~~~~~~~~~~~~~~~[m[K
[12.906s] [01m[K/home/user/roskit_ws/src/gr_docker/Livox-SDK2/sdk_core/../3rdparty/rapidjson/rapidjson.h:545:3:[m[K [01;36m[Knote: [m[Kin expansion of macro ‘[01m[KRAPIDJSON_DIAG_PRAGMA[m[K’
[12.906s]   545 |   [01;36m[KRAPIDJSON_DIAG_PRAGMA[m[K(ignored RAPIDJSON_STRINGIFY(RAPIDJSON_JOIN(-W, x)))
[12.906s]       |   [01;36m[K^~~~~~~~~~~~~~~~~~~~~[m[K
[12.906s] [01m[K/home/user/roskit_ws/src/gr_docker/Livox-SDK2/sdk_core/../3rdparty/rapidjson/internal/dtoa.h:36:1:[m[K [01;36m[Knote: [m[Kin expansion of macro ‘[01m[KRAPIDJSON_DIAG_OFF[m[K’
[12.906s]    36 | [01;36m[KRAPIDJSON_DIAG_OFF[m[K(array - bounds)  // some gcc versions generate wrong warnings
[12.906s]       | [01;36m[K^~~~~~~~~~~~~~~~~~[m[K
[12.906s] [01m[K/home/user/roskit_ws/src/gr_docker/Livox-SDK2/sdk_core/../3rdparty/rapidjson/rapidjson.h:542:29:[m[K [01;36m[Knote: [m[Kdid you mean ‘[01m[K-Warray-bounds[m[K’?
[12.906s]   542 | #define RAPIDJSON_PRAGMA(x) [01;36m[K_Pragma[m[K(RAPIDJSON_STRINGIFY(x))
[12.906s]       |                             [01;36m[K^~~~~~~[m[K
[12.906s] [01m[K/home/user/roskit_ws/src/gr_docker/Livox-SDK2/sdk_core/../3rdparty/rapidjson/rapidjson.h:543:34:[m[K [01;36m[Knote: [m[Kin expansion of macro ‘[01m[KRAPIDJSON_PRAGMA[m[K’
[12.906s]   543 | #define RAPIDJSON_DIAG_PRAGMA(x) [01;36m[KRAPIDJSON_PRAGMA[m[K(GCC diagnostic x)
[12.906s]       |                                  [01;36m[K^~~~~~~~~~~~~~~~[m[K
[12.906s] [01m[K/home/user/roskit_ws/src/gr_docker/Livox-SDK2/sdk_core/../3rdparty/rapidjson/rapidjson.h:545:3:[m[K [01;36m[Knote: [m[Kin expansion of macro ‘[01m[KRAPIDJSON_DIAG_PRAGMA[m[K’
[12.906s]   545 |   [01;36m[KRAPIDJSON_DIAG_PRAGMA[m[K(ignored RAPIDJSON_STRINGIFY(RAPIDJSON_JOIN(-W, x)))
[12.906s]       |   [01;36m[K^~~~~~~~~~~~~~~~~~~~~[m[K
[12.906s] [01m[K/home/user/roskit_ws/src/gr_docker/Livox-SDK2/sdk_core/../3rdparty/rapidjson/internal/dtoa.h:36:1:[m[K [01;36m[Knote: [m[Kin expansion of macro ‘[01m[KRAPIDJSON_DIAG_OFF[m[K’
[12.907s]    36 | [01;36m[KRAPIDJSON_DIAG_OFF[m[K(array - bounds)  // some gcc versions generate wrong warnings
[12.907s]       | [01;36m[K^~~~~~~~~~~~~~~~~~[m[K
[12.912s] [100%] [32m[1mLinking CXX shared library liblivox_lidar_sdk_shared.so[0m
[12.992s] [100%] Built target livox_lidar_sdk_shared
