[33mCMake Warning:
  Manually-specified variables were not used by the project:

    HUMBLE_ROS
    ROS_EDITION

[0m
[01m[K/home/user/roskit_ws/src/phidgets_drivers/phidgets_analog_outputs/src/analog_outputs_ros_i.cpp:[m[K In constructor ‘[01m[Kphidgets::AnalogOutputsRosI::AnalogOutputsRosI(const rclcpp::NodeOptions&)[m[K’:
[01m[K/home/user/roskit_ws/src/phidgets_drivers/phidgets_analog_outputs/src/analog_outputs_ros_i.cpp:98:62:[m[K [01;35m[Kwarning: [m[K‘[01m[K%02d[m[K’ directive output may be truncated writing between 2 and 10 bytes into a region of size 3 [[01;35m[K-Wformat-truncation=[m[K]
   98 |         snprintf(topicname, sizeof(topicname), "analog_output[01;35m[K%02d[m[K", i);
      |                                                              [01;35m[K^~~~[m[K
[01m[K/home/user/roskit_ws/src/phidgets_drivers/phidgets_analog_outputs/src/analog_outputs_ros_i.cpp:98:48:[m[K [01;36m[Knote: [m[Kdirective argument in the range [0, 2147483646]
   98 |         snprintf(topicname, sizeof(topicname), [01;36m[K"analog_output%02d"[m[K, i);
      |                                                [01;36m[K^~~~~~~~~~~~~~~~~~~[m[K
In file included from [01m[K/usr/include/stdio.h:894[m[K,
                 from [01m[K/usr/include/c++/11/cstdio:42[m[K,
                 from [01m[K/usr/include/c++/11/ext/string_conversions.h:43[m[K,
                 from [01m[K/usr/include/c++/11/bits/basic_string.h:6608[m[K,
                 from [01m[K/usr/include/c++/11/string:55[m[K,
                 from [01m[K/home/user/roskit_ws/src/phidgets_drivers/phidgets_analog_outputs/src/analog_outputs_ros_i.cpp:32[m[K:
[01m[K/usr/include/x86_64-linux-gnu/bits/stdio2.h:71:35:[m[K [01;36m[Knote: [m[K‘[01m[K__builtin___snprintf_chk[m[K’ output between 16 and 24 bytes into a destination of size 16
   71 |   return [01;36m[K__builtin___snprintf_chk (__s, __n, __USE_FORTIFY_LEVEL - 1,[m[K
      |          [01;36m[K~~~~~~~~~~~~~~~~~~~~~~~~~^~~~~~~~~~~~~~~~~~~~~~~~~~~~~~~~~~~[m[K
   72 | [01;36m[K                                   __glibc_objsize (__s), __fmt,[m[K
      |                                    [01;36m[K~~~~~~~~~~~~~~~~~~~~~~~~~~~~~[m[K
   73 | [01;36m[K                                   __va_arg_pack ())[m[K;
      |                                    [01;36m[K~~~~~~~~~~~~~~~~~[m[K
