[0.032s] Invoking command in '/home/user/roskit_ws/build/ranger_bringup': CMAKE_PREFIX_PATH=/opt/ros/humble /usr/bin/cmake --build /home/user/roskit_ws/build/ranger_bringup -- -j16 -l16
[0.199s] Invoked command in '/home/user/roskit_ws/build/ranger_bringup' returned '0': CMAKE_PREFIX_PATH=/opt/ros/humble /usr/bin/cmake --build /home/user/roskit_ws/build/ranger_bringup -- -j16 -l16
[0.201s] Invoking command in '/home/user/roskit_ws/build/ranger_bringup': CMAKE_PREFIX_PATH=/opt/ros/humble /usr/bin/cmake --install /home/user/roskit_ws/build/ranger_bringup
[0.269s] -- Install configuration: "Release"
[0.269s] -- Execute custom install script
[0.269s] -- Up-to-date symlink: /home/user/roskit_ws/install/ranger_bringup/share/ranger_bringup//launch/ranger.launch.xml
[0.269s] -- Up-to-date symlink: /home/user/roskit_ws/install/ranger_bringup/share/ranger_bringup//launch/ranger_mini_v1.launch.xml
[0.269s] -- Up-to-date symlink: /home/user/roskit_ws/install/ranger_bringup/share/ranger_bringup//launch/ranger_mini_v2.launch.xml
[0.269s] -- Up-to-date symlink: /home/user/roskit_ws/install/ranger_bringup/share/ament_index/resource_index/package_run_dependencies/ranger_bringup
[0.269s] -- Up-to-date symlink: /home/user/roskit_ws/install/ranger_bringup/share/ament_index/resource_index/parent_prefix_path/ranger_bringup
[0.269s] -- Up-to-date symlink: /home/user/roskit_ws/install/ranger_bringup/share/ranger_bringup/environment/ament_prefix_path.sh
[0.269s] -- Up-to-date symlink: /home/user/roskit_ws/install/ranger_bringup/share/ranger_bringup/environment/ament_prefix_path.dsv
[0.270s] -- Up-to-date symlink: /home/user/roskit_ws/install/ranger_bringup/share/ranger_bringup/environment/path.sh
[0.270s] -- Up-to-date symlink: /home/user/roskit_ws/install/ranger_bringup/share/ranger_bringup/environment/path.dsv
[0.270s] -- Up-to-date symlink: /home/user/roskit_ws/install/ranger_bringup/share/ranger_bringup/local_setup.bash
[0.270s] -- Up-to-date symlink: /home/user/roskit_ws/install/ranger_bringup/share/ranger_bringup/local_setup.sh
[0.270s] -- Up-to-date symlink: /home/user/roskit_ws/install/ranger_bringup/share/ranger_bringup/local_setup.zsh
[0.270s] -- Up-to-date symlink: /home/user/roskit_ws/install/ranger_bringup/share/ranger_bringup/local_setup.dsv
[0.270s] -- Symlinking: /home/user/roskit_ws/install/ranger_bringup/share/ranger_bringup/package.dsv
[0.270s] -- Up-to-date symlink: /home/user/roskit_ws/install/ranger_bringup/share/ament_index/resource_index/packages/ranger_bringup
[0.270s] -- Up-to-date symlink: /home/user/roskit_ws/install/ranger_bringup/share/ranger_bringup/cmake/ranger_bringupConfig.cmake
[0.270s] -- Up-to-date symlink: /home/user/roskit_ws/install/ranger_bringup/share/ranger_bringup/cmake/ranger_bringupConfig-version.cmake
[0.270s] -- Up-to-date symlink: /home/user/roskit_ws/install/ranger_bringup/share/ranger_bringup/package.xml
[0.296s] Invoked command in '/home/user/roskit_ws/build/ranger_bringup' returned '0': CMAKE_PREFIX_PATH=/opt/ros/humble /usr/bin/cmake --install /home/user/roskit_ws/build/ranger_bringup
