[0.028s] Invoking command in '/home/user/roskit_ws/build/ranger_msgs': CMAKE_PREFIX_PATH=/opt/ros/humble /usr/bin/cmake /home/user/roskit_ws/src/ranger_mini_v2/ranger_msgs -DCMAKE_BUILD_TYPE=Release -DAMENT_CMAKE_SYMLINK_INSTALL=1 -DCMAKE_INSTALL_PREFIX=/home/user/roskit_ws/install/ranger_msgs
[0.072s] -- Found ament_cmake: 1.3.12 (/opt/ros/humble/share/ament_cmake/cmake)
[0.160s] -- Found Python3: /usr/bin/python3 (found version "3.10.12") found components: Interpreter 
[0.198s] -- Override CMake install command with custom implementation using symlinks instead of copying resources
[0.230s] -- Found builtin_interfaces: 1.2.2 (/opt/ros/humble/share/builtin_interfaces/cmake)
[0.262s] -- Found rosidl_generator_c: 3.1.7 (/opt/ros/humble/share/rosidl_generator_c/cmake)
[0.266s] -- Found rosidl_adapter: 3.1.7 (/opt/ros/humble/share/rosidl_adapter/cmake)
[0.274s] -- Found rosidl_generator_cpp: 3.1.7 (/opt/ros/humble/share/rosidl_generator_cpp/cmake)
[0.285s] -- Using all available rosidl_typesupport_c: rosidl_typesupport_fastrtps_c;rosidl_typesupport_introspection_c
[0.297s] -- Using all available rosidl_typesupport_cpp: rosidl_typesupport_fastrtps_cpp;rosidl_typesupport_introspection_cpp
[0.312s] -- Found rosidl_default_generators: 1.2.0 (/opt/ros/humble/share/rosidl_default_generators/cmake)
[0.323s] -- Found std_msgs: 4.9.0 (/opt/ros/humble/share/std_msgs/cmake)
[0.537s] -- Found ament_cmake_ros: 0.10.0 (/opt/ros/humble/share/ament_cmake_ros/cmake)
[0.816s] -- Using all available rosidl_typesupport_c: rosidl_typesupport_fastrtps_c;rosidl_typesupport_introspection_c
[0.908s] -- Using all available rosidl_typesupport_cpp: rosidl_typesupport_fastrtps_cpp;rosidl_typesupport_introspection_cpp
[0.921s] -- Found PythonInterp: /usr/bin/python3 (found suitable version "3.10.12", minimum required is "3.6") 
[0.923s] -- Found python_cmake_module: 0.10.0 (/opt/ros/humble/share/python_cmake_module/cmake)
[0.936s] -- Found PythonLibs: /usr/lib/x86_64-linux-gnu/libpython3.10.so (found suitable version "3.10.12", minimum required is "3.5") 
[0.937s] -- Using PYTHON_EXECUTABLE: /usr/bin/python3
[0.937s] -- Using PYTHON_INCLUDE_DIRS: /usr/include/python3.10
[0.937s] -- Using PYTHON_LIBRARIES: /usr/lib/x86_64-linux-gnu/libpython3.10.so
[0.948s] -- Found PythonExtra: .so  
[0.978s] -- Found ament_lint_auto: 0.12.14 (/opt/ros/humble/share/ament_lint_auto/cmake)
[0.997s] -- Added test 'copyright' to check source files copyright and LICENSE
[0.998s] -- Added test 'lint_cmake' to check CMake code style
[0.998s] -- Added test 'xmllint' to check XML markup files
[1.001s] -- Configuring done
[1.030s] -- Generating done
[1.040s] -- Build files have been written to: /home/user/roskit_ws/build/ranger_msgs
[1.048s] Invoked command in '/home/user/roskit_ws/build/ranger_msgs' returned '0': CMAKE_PREFIX_PATH=/opt/ros/humble /usr/bin/cmake /home/user/roskit_ws/src/ranger_mini_v2/ranger_msgs -DCMAKE_BUILD_TYPE=Release -DAMENT_CMAKE_SYMLINK_INSTALL=1 -DCMAKE_INSTALL_PREFIX=/home/user/roskit_ws/install/ranger_msgs
[1.051s] Invoking command in '/home/user/roskit_ws/build/ranger_msgs': CMAKE_PREFIX_PATH=/opt/ros/humble /usr/bin/cmake --build /home/user/roskit_ws/build/ranger_msgs -- -j16 -l16
[1.118s] [  1%] [34m[1mGenerating C code for ROS interfaces[0m
[1.147s] [  1%] Built target ament_cmake_python_symlink_ranger_msgs
[1.159s] [  2%] [34m[1mGenerating C++ code for ROS interfaces[0m
[1.278s] running egg_info
[1.279s] creating ranger_msgs.egg-info
[1.279s] writing ranger_msgs.egg-info/PKG-INFO
[1.279s] writing dependency_links to ranger_msgs.egg-info/dependency_links.txt
[1.279s] writing top-level names to ranger_msgs.egg-info/top_level.txt
[1.279s] writing manifest file 'ranger_msgs.egg-info/SOURCES.txt'
[1.281s] reading manifest file 'ranger_msgs.egg-info/SOURCES.txt'
[1.281s] writing manifest file 'ranger_msgs.egg-info/SOURCES.txt'
[1.297s] [  2%] Built target ament_cmake_python_build_ranger_msgs_egg
[1.828s] [  2%] Built target ranger_msgs__cpp
[1.845s] [  4%] [34m[1mGenerating C++ type support for eProsima Fast-RTPS[0m
[1.851s] [  5%] [34m[1mGenerating C++ type support dispatch for ROS interfaces[0m
[1.851s] [  7%] [34m[1mGenerating C++ introspection for ROS interfaces[0m
[1.873s] [  8%] [32mBuilding C object CMakeFiles/ranger_msgs__rosidl_generator_c.dir/rosidl_generator_c/ranger_msgs/msg/detail/actuator_state__functions.c.o[0m
[1.877s] [ 11%] [32mBuilding C object CMakeFiles/ranger_msgs__rosidl_generator_c.dir/rosidl_generator_c/ranger_msgs/msg/detail/driver_state__functions.c.o[0m
[1.877s] [  9%] [32mBuilding C object CMakeFiles/ranger_msgs__rosidl_generator_c.dir/rosidl_generator_c/ranger_msgs/msg/detail/actuator_state_array__functions.c.o[0m
[1.880s] [ 12%] [32mBuilding C object CMakeFiles/ranger_msgs__rosidl_generator_c.dir/rosidl_generator_c/ranger_msgs/msg/detail/motion_state__functions.c.o[0m
[1.881s] [ 14%] [32mBuilding C object CMakeFiles/ranger_msgs__rosidl_generator_c.dir/rosidl_generator_c/ranger_msgs/msg/detail/system_state__functions.c.o[0m
[1.883s] [ 15%] [32mBuilding C object CMakeFiles/ranger_msgs__rosidl_generator_c.dir/rosidl_generator_c/ranger_msgs/msg/detail/motor_state__functions.c.o[0m
[2.320s] [ 16%] [32m[1mLinking C shared library libranger_msgs__rosidl_generator_c.so[0m
[2.386s] [ 18%] [32mBuilding CXX object CMakeFiles/ranger_msgs__rosidl_typesupport_fastrtps_cpp.dir/rosidl_typesupport_fastrtps_cpp/ranger_msgs/msg/detail/dds_fastrtps/actuator_state__type_support.cpp.o[0m
[2.407s] [ 19%] [32mBuilding CXX object CMakeFiles/ranger_msgs__rosidl_typesupport_fastrtps_cpp.dir/rosidl_typesupport_fastrtps_cpp/ranger_msgs/msg/detail/dds_fastrtps/driver_state__type_support.cpp.o[0m
[2.408s] [ 21%] [32mBuilding CXX object CMakeFiles/ranger_msgs__rosidl_typesupport_fastrtps_cpp.dir/rosidl_typesupport_fastrtps_cpp/ranger_msgs/msg/detail/dds_fastrtps/actuator_state_array__type_support.cpp.o[0m
[2.411s] [ 22%] [32mBuilding CXX object CMakeFiles/ranger_msgs__rosidl_typesupport_fastrtps_cpp.dir/rosidl_typesupport_fastrtps_cpp/ranger_msgs/msg/detail/dds_fastrtps/motion_state__type_support.cpp.o[0m
[2.419s] [ 23%] [32mBuilding CXX object CMakeFiles/ranger_msgs__rosidl_typesupport_fastrtps_cpp.dir/rosidl_typesupport_fastrtps_cpp/ranger_msgs/msg/detail/dds_fastrtps/system_state__type_support.cpp.o[0m
[2.424s] [ 25%] [32mBuilding CXX object CMakeFiles/ranger_msgs__rosidl_typesupport_fastrtps_cpp.dir/rosidl_typesupport_fastrtps_cpp/ranger_msgs/msg/detail/dds_fastrtps/motor_state__type_support.cpp.o[0m
[2.476s] [ 25%] Built target ranger_msgs__rosidl_generator_c
[2.506s] [ 26%] [34m[1mGenerating C type support dispatch for ROS interfaces[0m
[2.506s] [ 28%] [34m[1mGenerating C type support for eProsima Fast-RTPS[0m
[2.528s] [ 29%] [34m[1mGenerating C introspection for ROS interfaces[0m
[3.107s] [ 30%] [32mBuilding CXX object CMakeFiles/ranger_msgs__rosidl_typesupport_cpp.dir/rosidl_typesupport_cpp/ranger_msgs/msg/actuator_state__type_support.cpp.o[0m
[3.108s] [ 38%] [32mBuilding CXX object CMakeFiles/ranger_msgs__rosidl_typesupport_cpp.dir/rosidl_typesupport_cpp/ranger_msgs/msg/system_state__type_support.cpp.o[0m
[3.113s] [ 32%] [32mBuilding CXX object CMakeFiles/ranger_msgs__rosidl_typesupport_cpp.dir/rosidl_typesupport_cpp/ranger_msgs/msg/motion_state__type_support.cpp.o[0m
[3.120s] [ 33%] [32mBuilding CXX object CMakeFiles/ranger_msgs__rosidl_typesupport_cpp.dir/rosidl_typesupport_cpp/ranger_msgs/msg/driver_state__type_support.cpp.o[0m
[3.124s] [ 35%] [32mBuilding CXX object CMakeFiles/ranger_msgs__rosidl_typesupport_cpp.dir/rosidl_typesupport_cpp/ranger_msgs/msg/motor_state__type_support.cpp.o[0m
[3.128s] [ 36%] [32mBuilding CXX object CMakeFiles/ranger_msgs__rosidl_typesupport_cpp.dir/rosidl_typesupport_cpp/ranger_msgs/msg/actuator_state_array__type_support.cpp.o[0m
[3.981s] [ 39%] [32mBuilding CXX object CMakeFiles/ranger_msgs__rosidl_typesupport_introspection_cpp.dir/rosidl_typesupport_introspection_cpp/ranger_msgs/msg/detail/actuator_state__type_support.cpp.o[0m
[4.362s] [ 40%] [32mBuilding CXX object CMakeFiles/ranger_msgs__rosidl_typesupport_introspection_cpp.dir/rosidl_typesupport_introspection_cpp/ranger_msgs/msg/detail/actuator_state_array__type_support.cpp.o[0m
[4.410s] [ 42%] [32mBuilding CXX object CMakeFiles/ranger_msgs__rosidl_typesupport_c.dir/rosidl_typesupport_c/ranger_msgs/msg/actuator_state__type_support.cpp.o[0m
[4.454s] [ 43%] [32mBuilding CXX object CMakeFiles/ranger_msgs__rosidl_typesupport_introspection_cpp.dir/rosidl_typesupport_introspection_cpp/ranger_msgs/msg/detail/driver_state__type_support.cpp.o[0m
[4.561s] [ 45%] [32mBuilding CXX object CMakeFiles/ranger_msgs__rosidl_typesupport_introspection_cpp.dir/rosidl_typesupport_introspection_cpp/ranger_msgs/msg/detail/motion_state__type_support.cpp.o[0m
[4.717s] [ 46%] [32mBuilding CXX object CMakeFiles/ranger_msgs__rosidl_typesupport_c.dir/rosidl_typesupport_c/ranger_msgs/msg/actuator_state_array__type_support.cpp.o[0m
[4.717s] [ 47%] [32mBuilding CXX object CMakeFiles/ranger_msgs__rosidl_typesupport_c.dir/rosidl_typesupport_c/ranger_msgs/msg/driver_state__type_support.cpp.o[0m
[4.780s] [ 49%] [32mBuilding CXX object CMakeFiles/ranger_msgs__rosidl_typesupport_c.dir/rosidl_typesupport_c/ranger_msgs/msg/motion_state__type_support.cpp.o[0m
[4.908s] [ 50%] [32mBuilding CXX object CMakeFiles/ranger_msgs__rosidl_typesupport_introspection_cpp.dir/rosidl_typesupport_introspection_cpp/ranger_msgs/msg/detail/motor_state__type_support.cpp.o[0m
[4.914s] [ 53%] [32mBuilding CXX object CMakeFiles/ranger_msgs__rosidl_typesupport_introspection_cpp.dir/rosidl_typesupport_introspection_cpp/ranger_msgs/msg/detail/system_state__type_support.cpp.o[0m
[4.920s] [ 53%] [32mBuilding CXX object CMakeFiles/ranger_msgs__rosidl_typesupport_c.dir/rosidl_typesupport_c/ranger_msgs/msg/motor_state__type_support.cpp.o[0m
[4.939s] [ 54%] [32mBuilding CXX object CMakeFiles/ranger_msgs__rosidl_typesupport_c.dir/rosidl_typesupport_c/ranger_msgs/msg/system_state__type_support.cpp.o[0m
[5.004s] [ 56%] [32m[1mLinking CXX shared library libranger_msgs__rosidl_typesupport_cpp.so[0m
[5.087s] [ 57%] [32mBuilding C object CMakeFiles/ranger_msgs__rosidl_typesupport_introspection_c.dir/rosidl_typesupport_introspection_c/ranger_msgs/msg/detail/actuator_state__type_support.c.o[0m
[5.104s] [ 59%] [32mBuilding C object CMakeFiles/ranger_msgs__rosidl_typesupport_introspection_c.dir/rosidl_typesupport_introspection_c/ranger_msgs/msg/detail/driver_state__type_support.c.o[0m
[5.113s] [ 60%] [32mBuilding C object CMakeFiles/ranger_msgs__rosidl_typesupport_introspection_c.dir/rosidl_typesupport_introspection_c/ranger_msgs/msg/detail/actuator_state_array__type_support.c.o[0m
[5.113s] [ 63%] [32mBuilding C object CMakeFiles/ranger_msgs__rosidl_typesupport_introspection_c.dir/rosidl_typesupport_introspection_c/ranger_msgs/msg/detail/motor_state__type_support.c.o[0m
[5.115s] [ 61%] [32mBuilding C object CMakeFiles/ranger_msgs__rosidl_typesupport_introspection_c.dir/rosidl_typesupport_introspection_c/ranger_msgs/msg/detail/motion_state__type_support.c.o[0m
[5.160s] [ 64%] [32mBuilding CXX object CMakeFiles/ranger_msgs__rosidl_typesupport_fastrtps_c.dir/rosidl_typesupport_fastrtps_c/ranger_msgs/msg/detail/actuator_state__type_support_c.cpp.o[0m
[5.170s] [ 66%] [32m[1mLinking CXX shared library libranger_msgs__rosidl_typesupport_c.so[0m
[5.236s] [ 66%] Built target ranger_msgs__rosidl_typesupport_cpp
[5.277s] [ 67%] [32mBuilding CXX object CMakeFiles/ranger_msgs__rosidl_typesupport_fastrtps_c.dir/rosidl_typesupport_fastrtps_c/ranger_msgs/msg/detail/actuator_state_array__type_support_c.cpp.o[0m
[5.285s] [ 69%] [32mBuilding CXX object CMakeFiles/ranger_msgs__rosidl_typesupport_fastrtps_c.dir/rosidl_typesupport_fastrtps_c/ranger_msgs/msg/detail/driver_state__type_support_c.cpp.o[0m
[5.292s] [ 70%] [32mBuilding C object CMakeFiles/ranger_msgs__rosidl_typesupport_introspection_c.dir/rosidl_typesupport_introspection_c/ranger_msgs/msg/detail/system_state__type_support.c.o[0m
[5.327s] [ 71%] [32mBuilding CXX object CMakeFiles/ranger_msgs__rosidl_typesupport_fastrtps_c.dir/rosidl_typesupport_fastrtps_c/ranger_msgs/msg/detail/motion_state__type_support_c.cpp.o[0m
[5.335s] [ 73%] [32mBuilding CXX object CMakeFiles/ranger_msgs__rosidl_typesupport_fastrtps_c.dir/rosidl_typesupport_fastrtps_c/ranger_msgs/msg/detail/motor_state__type_support_c.cpp.o[0m
[5.338s] [ 73%] Built target ranger_msgs__rosidl_typesupport_c
[5.359s] [ 74%] [32mBuilding CXX object CMakeFiles/ranger_msgs__rosidl_typesupport_fastrtps_c.dir/rosidl_typesupport_fastrtps_c/ranger_msgs/msg/detail/system_state__type_support_c.cpp.o[0m
[5.369s] [ 76%] [32m[1mLinking CXX shared library libranger_msgs__rosidl_typesupport_fastrtps_cpp.so[0m
[5.485s] [ 77%] [32m[1mLinking C shared library libranger_msgs__rosidl_typesupport_introspection_c.so[0m
[5.587s] [ 77%] Built target ranger_msgs__rosidl_typesupport_introspection_c
[5.711s] [ 77%] Built target ranger_msgs__rosidl_typesupport_fastrtps_cpp
[6.023s] [ 78%] [32m[1mLinking CXX shared library libranger_msgs__rosidl_typesupport_introspection_cpp.so[0m
[6.115s] [ 78%] Built target ranger_msgs__rosidl_typesupport_introspection_cpp
[6.166s] [ 80%] [32m[1mLinking CXX shared library libranger_msgs__rosidl_typesupport_fastrtps_c.so[0m
[6.227s] [ 80%] Built target ranger_msgs__rosidl_typesupport_fastrtps_c
[6.243s] [ 80%] Built target ranger_msgs
[6.260s] [ 81%] [34m[1mGenerating Python code for ROS interfaces[0m
[6.812s] [ 81%] Built target ranger_msgs__py
[6.841s] [ 83%] [32mBuilding C object CMakeFiles/ranger_msgs__rosidl_generator_py.dir/rosidl_generator_py/ranger_msgs/msg/_actuator_state_s.c.o[0m
[6.849s] [ 84%] [32mBuilding C object CMakeFiles/ranger_msgs__rosidl_generator_py.dir/rosidl_generator_py/ranger_msgs/msg/_driver_state_s.c.o[0m
[6.856s] [ 85%] [32mBuilding C object CMakeFiles/ranger_msgs__rosidl_generator_py.dir/rosidl_generator_py/ranger_msgs/msg/_actuator_state_array_s.c.o[0m
[6.858s] [ 87%] [32mBuilding C object CMakeFiles/ranger_msgs__rosidl_generator_py.dir/rosidl_generator_py/ranger_msgs/msg/_motion_state_s.c.o[0m
[6.871s] [ 88%] [32mBuilding C object CMakeFiles/ranger_msgs__rosidl_generator_py.dir/rosidl_generator_py/ranger_msgs/msg/_system_state_s.c.o[0m
[6.871s] [ 90%] [32mBuilding C object CMakeFiles/ranger_msgs__rosidl_generator_py.dir/rosidl_generator_py/ranger_msgs/msg/_motor_state_s.c.o[0m
[7.168s] [ 91%] [32m[1mLinking C shared library rosidl_generator_py/ranger_msgs/libranger_msgs__rosidl_generator_py.so[0m
[7.208s] [ 91%] Built target ranger_msgs__rosidl_generator_py
[7.226s] [ 92%] [32mBuilding C object CMakeFiles/ranger_msgs__rosidl_typesupport_fastrtps_c__pyext.dir/rosidl_generator_py/ranger_msgs/_ranger_msgs_s.ep.rosidl_typesupport_fastrtps_c.c.o[0m
[7.228s] [ 94%] [32mBuilding C object CMakeFiles/ranger_msgs__rosidl_typesupport_introspection_c__pyext.dir/rosidl_generator_py/ranger_msgs/_ranger_msgs_s.ep.rosidl_typesupport_introspection_c.c.o[0m
[7.234s] [ 95%] [32mBuilding C object CMakeFiles/ranger_msgs__rosidl_typesupport_c__pyext.dir/rosidl_generator_py/ranger_msgs/_ranger_msgs_s.ep.rosidl_typesupport_c.c.o[0m
[7.389s] [ 97%] [32m[1mLinking C shared library rosidl_generator_py/ranger_msgs/ranger_msgs_s__rosidl_typesupport_introspection_c.cpython-310-x86_64-linux-gnu.so[0m
[7.390s] [ 98%] [32m[1mLinking C shared library rosidl_generator_py/ranger_msgs/ranger_msgs_s__rosidl_typesupport_c.cpython-310-x86_64-linux-gnu.so[0m
[7.415s] [100%] [32m[1mLinking C shared library rosidl_generator_py/ranger_msgs/ranger_msgs_s__rosidl_typesupport_fastrtps_c.cpython-310-x86_64-linux-gnu.so[0m
[7.420s] [100%] Built target ranger_msgs__rosidl_typesupport_c__pyext
[7.422s] [100%] Built target ranger_msgs__rosidl_typesupport_introspection_c__pyext
[7.446s] [100%] Built target ranger_msgs__rosidl_typesupport_fastrtps_c__pyext
