[0.051s] Invoking command in '/home/user/roskit_ws/build/rslidar_msg': CMAKE_PREFIX_PATH=/home/user/roskit_ws/install/tracer_base:/home/user/roskit_ws/install/scout_base:/home/user/roskit_ws/install/ranger_base:/home/user/roskit_ws/install/hunter_base:/opt/ros/humble:/home/user/roskit_ws/install/ugv_sdk:/home/user/roskit_ws/install/ublox:/home/user/roskit_ws/install/ublox_gps:/home/user/roskit_ws/install/ublox_msgs:/home/user/roskit_ws/install/ublox_serialization:/home/user/roskit_ws/install/tracer_msgs:/home/user/roskit_ws/install/scout_msgs:/home/user/roskit_ws/install/scout_description:/home/user/roskit_ws/install/rslidar_sdk:/home/user/roskit_ws/install/rslidar_msg:/home/user/roskit_ws/install/ranger_msgs:/home/user/roskit_ws/install/ranger_bringup:/home/user/roskit_ws/install/phidgets_drivers:/home/user/roskit_ws/install/phidgets_temperature:/home/user/roskit_ws/install/phidgets_spatial:/home/user/roskit_ws/install/phidgets_motors:/home/user/roskit_ws/install/phidgets_ik:/home/user/roskit_ws/install/phidgets_high_speed_encoder:/home/user/roskit_ws/install/phidgets_digital_outputs:/home/user/roskit_ws/install/phidgets_analog_outputs:/home/user/roskit_ws/install/phidgets_msgs:/home/user/roskit_ws/install/phidgets_magnetometer:/home/user/roskit_ws/install/phidgets_gyroscope:/home/user/roskit_ws/install/phidgets_digital_inputs:/home/user/roskit_ws/install/phidgets_analog_inputs:/home/user/roskit_ws/install/phidgets_accelerometer:/home/user/roskit_ws/install/phidgets_api:/home/user/roskit_ws/install/ouster_ros:/home/user/roskit_ws/install/ouster_sensor_msgs:/home/user/roskit_ws/install/livox_ros_driver2:/home/user/roskit_ws/install/libphidget22:/home/user/roskit_ws/install/hunter_msgs:/home/user/roskit_ws/install/gr_description:/home/user/roskit_ws/install/gr_bringup /usr/bin/cmake --build /home/user/roskit_ws/build/rslidar_msg -- -j16 -l16
[0.149s] [  0%] Built target ament_cmake_python_symlink_rslidar_msg
[0.155s] [  3%] Built target rslidar_msg__cpp
[0.155s] [ 12%] Built target rslidar_msg__rosidl_generator_c
[0.214s] [ 22%] Built target rslidar_msg__rosidl_typesupport_cpp
[0.243s] [ 32%] Built target rslidar_msg__rosidl_typesupport_fastrtps_cpp
[0.248s] [ 41%] Built target rslidar_msg__rosidl_typesupport_introspection_cpp
[0.265s] [ 51%] Built target rslidar_msg__rosidl_typesupport_c
[0.275s] [ 61%] Built target rslidar_msg__rosidl_typesupport_fastrtps_c
[0.276s] [ 70%] Built target rslidar_msg__rosidl_typesupport_introspection_c
[0.298s] [ 70%] Built target rslidar_msg
[0.334s] [ 74%] Built target rslidar_msg__py
[0.377s] [ 80%] Built target rslidar_msg__rosidl_generator_py
[0.410s] running egg_info
[0.413s] writing rslidar_msg.egg-info/PKG-INFO
[0.413s] writing dependency_links to rslidar_msg.egg-info/dependency_links.txt
[0.413s] writing top-level names to rslidar_msg.egg-info/top_level.txt
[0.418s] reading manifest file 'rslidar_msg.egg-info/SOURCES.txt'
[0.419s] writing manifest file 'rslidar_msg.egg-info/SOURCES.txt'
[0.426s] [ 87%] Built target rslidar_msg__rosidl_typesupport_introspection_c__pyext
[0.433s] [ 93%] Built target rslidar_msg__rosidl_typesupport_fastrtps_c__pyext
[0.443s] [100%] Built target rslidar_msg__rosidl_typesupport_c__pyext
[0.451s] [100%] Built target ament_cmake_python_build_rslidar_msg_egg
[0.494s] Invoked command in '/home/user/roskit_ws/build/rslidar_msg' returned '0': CMAKE_PREFIX_PATH=/home/user/roskit_ws/install/tracer_base:/home/user/roskit_ws/install/scout_base:/home/user/roskit_ws/install/ranger_base:/home/user/roskit_ws/install/hunter_base:/opt/ros/humble:/home/user/roskit_ws/install/ugv_sdk:/home/user/roskit_ws/install/ublox:/home/user/roskit_ws/install/ublox_gps:/home/user/roskit_ws/install/ublox_msgs:/home/user/roskit_ws/install/ublox_serialization:/home/user/roskit_ws/install/tracer_msgs:/home/user/roskit_ws/install/scout_msgs:/home/user/roskit_ws/install/scout_description:/home/user/roskit_ws/install/rslidar_sdk:/home/user/roskit_ws/install/rslidar_msg:/home/user/roskit_ws/install/ranger_msgs:/home/user/roskit_ws/install/ranger_bringup:/home/user/roskit_ws/install/phidgets_drivers:/home/user/roskit_ws/install/phidgets_temperature:/home/user/roskit_ws/install/phidgets_spatial:/home/user/roskit_ws/install/phidgets_motors:/home/user/roskit_ws/install/phidgets_ik:/home/user/roskit_ws/install/phidgets_high_speed_encoder:/home/user/roskit_ws/install/phidgets_digital_outputs:/home/user/roskit_ws/install/phidgets_analog_outputs:/home/user/roskit_ws/install/phidgets_msgs:/home/user/roskit_ws/install/phidgets_magnetometer:/home/user/roskit_ws/install/phidgets_gyroscope:/home/user/roskit_ws/install/phidgets_digital_inputs:/home/user/roskit_ws/install/phidgets_analog_inputs:/home/user/roskit_ws/install/phidgets_accelerometer:/home/user/roskit_ws/install/phidgets_api:/home/user/roskit_ws/install/ouster_ros:/home/user/roskit_ws/install/ouster_sensor_msgs:/home/user/roskit_ws/install/livox_ros_driver2:/home/user/roskit_ws/install/libphidget22:/home/user/roskit_ws/install/hunter_msgs:/home/user/roskit_ws/install/gr_description:/home/user/roskit_ws/install/gr_bringup /usr/bin/cmake --build /home/user/roskit_ws/build/rslidar_msg -- -j16 -l16
[0.496s] Invoking command in '/home/user/roskit_ws/build/rslidar_msg': CMAKE_PREFIX_PATH=/home/user/roskit_ws/install/tracer_base:/home/user/roskit_ws/install/scout_base:/home/user/roskit_ws/install/ranger_base:/home/user/roskit_ws/install/hunter_base:/opt/ros/humble:/home/user/roskit_ws/install/ugv_sdk:/home/user/roskit_ws/install/ublox:/home/user/roskit_ws/install/ublox_gps:/home/user/roskit_ws/install/ublox_msgs:/home/user/roskit_ws/install/ublox_serialization:/home/user/roskit_ws/install/tracer_msgs:/home/user/roskit_ws/install/scout_msgs:/home/user/roskit_ws/install/scout_description:/home/user/roskit_ws/install/rslidar_sdk:/home/user/roskit_ws/install/rslidar_msg:/home/user/roskit_ws/install/ranger_msgs:/home/user/roskit_ws/install/ranger_bringup:/home/user/roskit_ws/install/phidgets_drivers:/home/user/roskit_ws/install/phidgets_temperature:/home/user/roskit_ws/install/phidgets_spatial:/home/user/roskit_ws/install/phidgets_motors:/home/user/roskit_ws/install/phidgets_ik:/home/user/roskit_ws/install/phidgets_high_speed_encoder:/home/user/roskit_ws/install/phidgets_digital_outputs:/home/user/roskit_ws/install/phidgets_analog_outputs:/home/user/roskit_ws/install/phidgets_msgs:/home/user/roskit_ws/install/phidgets_magnetometer:/home/user/roskit_ws/install/phidgets_gyroscope:/home/user/roskit_ws/install/phidgets_digital_inputs:/home/user/roskit_ws/install/phidgets_analog_inputs:/home/user/roskit_ws/install/phidgets_accelerometer:/home/user/roskit_ws/install/phidgets_api:/home/user/roskit_ws/install/ouster_ros:/home/user/roskit_ws/install/ouster_sensor_msgs:/home/user/roskit_ws/install/livox_ros_driver2:/home/user/roskit_ws/install/libphidget22:/home/user/roskit_ws/install/hunter_msgs:/home/user/roskit_ws/install/gr_description:/home/user/roskit_ws/install/gr_bringup /usr/bin/cmake --install /home/user/roskit_ws/build/rslidar_msg
[0.522s] -- Install configuration: "Release"
[0.522s] -- Execute custom install script
[0.523s] -- Up-to-date symlink: /home/user/roskit_ws/install/rslidar_msg/share/ament_index/resource_index/rosidl_interfaces/rslidar_msg
[0.523s] -- Up-to-date symlink: /home/user/roskit_ws/install/rslidar_msg/include/rslidar_msg/rslidar_msg/msg/detail/rslidar_packet__functions.h
[0.523s] -- Up-to-date symlink: /home/user/roskit_ws/install/rslidar_msg/include/rslidar_msg/rslidar_msg/msg/detail/rslidar_packet__struct.h
[0.528s] -- Up-to-date symlink: /home/user/roskit_ws/install/rslidar_msg/include/rslidar_msg/rslidar_msg/msg/detail/rslidar_packet__type_support.h
[0.533s] -- Up-to-date symlink: /home/user/roskit_ws/install/rslidar_msg/include/rslidar_msg/rslidar_msg/msg/rosidl_generator_c__visibility_control.h
[0.533s] -- Up-to-date symlink: /home/user/roskit_ws/install/rslidar_msg/include/rslidar_msg/rslidar_msg/msg/rslidar_packet.h
[0.533s] -- Up-to-date symlink: /home/user/roskit_ws/install/rslidar_msg/share/rslidar_msg/environment/library_path.sh
[0.533s] -- Up-to-date symlink: /home/user/roskit_ws/install/rslidar_msg/share/rslidar_msg/environment/library_path.dsv
[0.534s] -- Up-to-date symlink: /home/user/roskit_ws/install/rslidar_msg/include/rslidar_msg/rslidar_msg/msg/detail/rslidar_packet__rosidl_typesupport_fastrtps_c.h
[0.534s] -- Up-to-date symlink: /home/user/roskit_ws/install/rslidar_msg/include/rslidar_msg/rslidar_msg/msg/rosidl_typesupport_fastrtps_c__visibility_control.h
[0.534s] -- Up-to-date symlink: /home/user/roskit_ws/install/rslidar_msg/include/rslidar_msg/rslidar_msg/msg/detail/rslidar_packet__builder.hpp
[0.534s] -- Up-to-date symlink: /home/user/roskit_ws/install/rslidar_msg/include/rslidar_msg/rslidar_msg/msg/detail/rslidar_packet__struct.hpp
[0.534s] -- Up-to-date symlink: /home/user/roskit_ws/install/rslidar_msg/include/rslidar_msg/rslidar_msg/msg/detail/rslidar_packet__traits.hpp
[0.534s] -- Up-to-date symlink: /home/user/roskit_ws/install/rslidar_msg/include/rslidar_msg/rslidar_msg/msg/detail/rslidar_packet__type_support.hpp
[0.534s] -- Up-to-date symlink: /home/user/roskit_ws/install/rslidar_msg/include/rslidar_msg/rslidar_msg/msg/rosidl_generator_cpp__visibility_control.hpp
[0.535s] -- Up-to-date symlink: /home/user/roskit_ws/install/rslidar_msg/include/rslidar_msg/rslidar_msg/msg/rslidar_packet.hpp
[0.535s] -- Up-to-date symlink: /home/user/roskit_ws/install/rslidar_msg/include/rslidar_msg/rslidar_msg/msg/detail/rslidar_packet__rosidl_typesupport_fastrtps_cpp.hpp
[0.536s] -- Up-to-date symlink: /home/user/roskit_ws/install/rslidar_msg/include/rslidar_msg/rslidar_msg/msg/rosidl_typesupport_fastrtps_cpp__visibility_control.h
[0.537s] -- Up-to-date symlink: /home/user/roskit_ws/install/rslidar_msg/include/rslidar_msg/rslidar_msg/msg/detail/rslidar_packet__rosidl_typesupport_introspection_c.h
[0.537s] -- Up-to-date symlink: /home/user/roskit_ws/install/rslidar_msg/include/rslidar_msg/rslidar_msg/msg/rosidl_typesupport_introspection_c__visibility_control.h
[0.537s] -- Up-to-date symlink: /home/user/roskit_ws/install/rslidar_msg/include/rslidar_msg/rslidar_msg/msg/detail/rslidar_packet__rosidl_typesupport_introspection_cpp.hpp
[0.537s] -- Up-to-date symlink: /home/user/roskit_ws/install/rslidar_msg/share/rslidar_msg/environment/pythonpath.sh
[0.538s] -- Up-to-date symlink: /home/user/roskit_ws/install/rslidar_msg/share/rslidar_msg/environment/pythonpath.dsv
[0.538s] -- Up-to-date symlink: /home/user/roskit_ws/install/rslidar_msg/local/lib/python3.10/dist-packages/rslidar_msg-0.0.0-py3.10.egg-info/PKG-INFO
[0.538s] -- Up-to-date symlink: /home/user/roskit_ws/install/rslidar_msg/local/lib/python3.10/dist-packages/rslidar_msg-0.0.0-py3.10.egg-info/SOURCES.txt
[0.539s] -- Up-to-date symlink: /home/user/roskit_ws/install/rslidar_msg/local/lib/python3.10/dist-packages/rslidar_msg-0.0.0-py3.10.egg-info/dependency_links.txt
[0.539s] -- Up-to-date symlink: /home/user/roskit_ws/install/rslidar_msg/local/lib/python3.10/dist-packages/rslidar_msg-0.0.0-py3.10.egg-info/top_level.txt
[0.539s] -- Up-to-date symlink: /home/user/roskit_ws/install/rslidar_msg/local/lib/python3.10/dist-packages/rslidar_msg/__init__.py
[0.539s] -- Up-to-date symlink: /home/user/roskit_ws/install/rslidar_msg/local/lib/python3.10/dist-packages/rslidar_msg/_rslidar_msg_s.ep.rosidl_typesupport_c.c
[0.539s] -- Up-to-date symlink: /home/user/roskit_ws/install/rslidar_msg/local/lib/python3.10/dist-packages/rslidar_msg/_rslidar_msg_s.ep.rosidl_typesupport_fastrtps_c.c
[0.539s] -- Up-to-date symlink: /home/user/roskit_ws/install/rslidar_msg/local/lib/python3.10/dist-packages/rslidar_msg/_rslidar_msg_s.ep.rosidl_typesupport_introspection_c.c
[0.539s] -- Up-to-date symlink: /home/user/roskit_ws/install/rslidar_msg/local/lib/python3.10/dist-packages/rslidar_msg/librslidar_msg__rosidl_generator_py.so
[0.539s] -- Up-to-date symlink: /home/user/roskit_ws/install/rslidar_msg/local/lib/python3.10/dist-packages/rslidar_msg/msg/__init__.py
[0.540s] -- Up-to-date symlink: /home/user/roskit_ws/install/rslidar_msg/local/lib/python3.10/dist-packages/rslidar_msg/msg/_rslidar_packet.py
[0.540s] -- Up-to-date symlink: /home/user/roskit_ws/install/rslidar_msg/local/lib/python3.10/dist-packages/rslidar_msg/msg/_rslidar_packet_s.c
[0.540s] -- Up-to-date symlink: /home/user/roskit_ws/install/rslidar_msg/local/lib/python3.10/dist-packages/rslidar_msg/rslidar_msg_s__rosidl_typesupport_c.cpython-310-x86_64-linux-gnu.so
[0.540s] -- Up-to-date symlink: /home/user/roskit_ws/install/rslidar_msg/local/lib/python3.10/dist-packages/rslidar_msg/rslidar_msg_s__rosidl_typesupport_fastrtps_c.cpython-310-x86_64-linux-gnu.so
[0.540s] -- Up-to-date symlink: /home/user/roskit_ws/install/rslidar_msg/local/lib/python3.10/dist-packages/rslidar_msg/rslidar_msg_s__rosidl_typesupport_introspection_c.cpython-310-x86_64-linux-gnu.so
[0.540s] -- Up-to-date symlink: /home/user/roskit_ws/install/rslidar_msg/local/lib/python3.10/dist-packages/rslidar_msg/rslidar_msg_s__rosidl_typesupport_fastrtps_c.cpython-310-x86_64-linux-gnu.so
[0.540s] -- Up-to-date symlink: /home/user/roskit_ws/install/rslidar_msg/local/lib/python3.10/dist-packages/rslidar_msg/rslidar_msg_s__rosidl_typesupport_introspection_c.cpython-310-x86_64-linux-gnu.so
[0.540s] -- Up-to-date symlink: /home/user/roskit_ws/install/rslidar_msg/local/lib/python3.10/dist-packages/rslidar_msg/rslidar_msg_s__rosidl_typesupport_c.cpython-310-x86_64-linux-gnu.so
[0.540s] -- Up-to-date symlink: /home/user/roskit_ws/install/rslidar_msg/share/rslidar_msg/msg/RslidarPacket.idl
[0.540s] -- Up-to-date symlink: /home/user/roskit_ws/install/rslidar_msg/share/rslidar_msg/msg/RslidarPacket.msg
[0.540s] -- Up-to-date symlink: /home/user/roskit_ws/install/rslidar_msg/share/ament_index/resource_index/package_run_dependencies/rslidar_msg
[0.540s] -- Up-to-date symlink: /home/user/roskit_ws/install/rslidar_msg/share/ament_index/resource_index/parent_prefix_path/rslidar_msg
[0.540s] -- Up-to-date symlink: /home/user/roskit_ws/install/rslidar_msg/share/rslidar_msg/environment/ament_prefix_path.sh
[0.540s] -- Up-to-date symlink: /home/user/roskit_ws/install/rslidar_msg/share/rslidar_msg/environment/ament_prefix_path.dsv
[0.541s] -- Up-to-date symlink: /home/user/roskit_ws/install/rslidar_msg/share/rslidar_msg/environment/path.sh
[0.541s] -- Up-to-date symlink: /home/user/roskit_ws/install/rslidar_msg/share/rslidar_msg/environment/path.dsv
[0.541s] -- Up-to-date symlink: /home/user/roskit_ws/install/rslidar_msg/share/rslidar_msg/local_setup.bash
[0.541s] -- Up-to-date symlink: /home/user/roskit_ws/install/rslidar_msg/share/rslidar_msg/local_setup.sh
[0.541s] -- Up-to-date symlink: /home/user/roskit_ws/install/rslidar_msg/share/rslidar_msg/local_setup.zsh
[0.542s] -- Up-to-date symlink: /home/user/roskit_ws/install/rslidar_msg/share/rslidar_msg/local_setup.dsv
[0.542s] -- Symlinking: /home/user/roskit_ws/install/rslidar_msg/share/rslidar_msg/package.dsv
[0.545s] -- Up-to-date symlink: /home/user/roskit_ws/install/rslidar_msg/share/ament_index/resource_index/packages/rslidar_msg
[0.545s] -- Up-to-date symlink: /home/user/roskit_ws/install/rslidar_msg/share/rslidar_msg/cmake/rosidl_cmake-extras.cmake
[0.546s] -- Up-to-date symlink: /home/user/roskit_ws/install/rslidar_msg/share/rslidar_msg/cmake/ament_cmake_export_dependencies-extras.cmake
[0.546s] -- Up-to-date symlink: /home/user/roskit_ws/install/rslidar_msg/share/rslidar_msg/cmake/ament_cmake_export_include_directories-extras.cmake
[0.546s] -- Up-to-date symlink: /home/user/roskit_ws/install/rslidar_msg/share/rslidar_msg/cmake/ament_cmake_export_libraries-extras.cmake
[0.546s] -- Up-to-date symlink: /home/user/roskit_ws/install/rslidar_msg/share/rslidar_msg/cmake/ament_cmake_export_targets-extras.cmake
[0.546s] -- Up-to-date symlink: /home/user/roskit_ws/install/rslidar_msg/share/rslidar_msg/cmake/rosidl_cmake_export_typesupport_targets-extras.cmake
[0.547s] -- Up-to-date symlink: /home/user/roskit_ws/install/rslidar_msg/share/rslidar_msg/cmake/rosidl_cmake_export_typesupport_libraries-extras.cmake
[0.547s] -- Up-to-date symlink: /home/user/roskit_ws/install/rslidar_msg/share/rslidar_msg/cmake/rslidar_msgConfig.cmake
[0.547s] -- Up-to-date symlink: /home/user/roskit_ws/install/rslidar_msg/share/rslidar_msg/cmake/rslidar_msgConfig-version.cmake
[0.547s] -- Up-to-date symlink: /home/user/roskit_ws/install/rslidar_msg/share/rslidar_msg/package.xml
[0.547s] -- Up-to-date: /home/user/roskit_ws/install/rslidar_msg/lib/librslidar_msg__rosidl_generator_c.so
[0.547s] -- Up-to-date: /home/user/roskit_ws/install/rslidar_msg/lib/librslidar_msg__rosidl_typesupport_fastrtps_c.so
[0.547s] -- Up-to-date: /home/user/roskit_ws/install/rslidar_msg/lib/librslidar_msg__rosidl_typesupport_fastrtps_cpp.so
[0.547s] -- Up-to-date: /home/user/roskit_ws/install/rslidar_msg/lib/librslidar_msg__rosidl_typesupport_introspection_c.so
[0.548s] -- Up-to-date: /home/user/roskit_ws/install/rslidar_msg/lib/librslidar_msg__rosidl_typesupport_c.so
[0.548s] -- Up-to-date: /home/user/roskit_ws/install/rslidar_msg/lib/librslidar_msg__rosidl_typesupport_introspection_cpp.so
[0.549s] -- Up-to-date: /home/user/roskit_ws/install/rslidar_msg/lib/librslidar_msg__rosidl_typesupport_cpp.so
[0.575s] Listing '/home/user/roskit_ws/install/rslidar_msg/local/lib/python3.10/dist-packages/rslidar_msg'...
[0.575s] Listing '/home/user/roskit_ws/install/rslidar_msg/local/lib/python3.10/dist-packages/rslidar_msg/msg'...
[0.577s] -- Up-to-date: /home/user/roskit_ws/install/rslidar_msg/lib/librslidar_msg__rosidl_generator_py.so
[0.577s] -- Up-to-date: /home/user/roskit_ws/install/rslidar_msg/share/rslidar_msg/cmake/export_rslidar_msg__rosidl_generator_cExport.cmake
[0.577s] -- Up-to-date: /home/user/roskit_ws/install/rslidar_msg/share/rslidar_msg/cmake/export_rslidar_msg__rosidl_generator_cExport-release.cmake
[0.577s] -- Up-to-date: /home/user/roskit_ws/install/rslidar_msg/share/rslidar_msg/cmake/export_rslidar_msg__rosidl_typesupport_fastrtps_cExport.cmake
[0.577s] -- Up-to-date: /home/user/roskit_ws/install/rslidar_msg/share/rslidar_msg/cmake/export_rslidar_msg__rosidl_typesupport_fastrtps_cExport-release.cmake
[0.577s] -- Up-to-date: /home/user/roskit_ws/install/rslidar_msg/share/rslidar_msg/cmake/export_rslidar_msg__rosidl_generator_cppExport.cmake
[0.578s] -- Up-to-date: /home/user/roskit_ws/install/rslidar_msg/share/rslidar_msg/cmake/export_rslidar_msg__rosidl_typesupport_fastrtps_cppExport.cmake
[0.578s] -- Up-to-date: /home/user/roskit_ws/install/rslidar_msg/share/rslidar_msg/cmake/export_rslidar_msg__rosidl_typesupport_fastrtps_cppExport-release.cmake
[0.578s] -- Up-to-date: /home/user/roskit_ws/install/rslidar_msg/share/rslidar_msg/cmake/rslidar_msg__rosidl_typesupport_introspection_cExport.cmake
[0.578s] -- Up-to-date: /home/user/roskit_ws/install/rslidar_msg/share/rslidar_msg/cmake/rslidar_msg__rosidl_typesupport_introspection_cExport-release.cmake
[0.578s] -- Up-to-date: /home/user/roskit_ws/install/rslidar_msg/share/rslidar_msg/cmake/rslidar_msg__rosidl_typesupport_cExport.cmake
[0.578s] -- Up-to-date: /home/user/roskit_ws/install/rslidar_msg/share/rslidar_msg/cmake/rslidar_msg__rosidl_typesupport_cExport-release.cmake
[0.578s] -- Up-to-date: /home/user/roskit_ws/install/rslidar_msg/share/rslidar_msg/cmake/rslidar_msg__rosidl_typesupport_introspection_cppExport.cmake
[0.578s] -- Up-to-date: /home/user/roskit_ws/install/rslidar_msg/share/rslidar_msg/cmake/rslidar_msg__rosidl_typesupport_introspection_cppExport-release.cmake
[0.578s] -- Up-to-date: /home/user/roskit_ws/install/rslidar_msg/share/rslidar_msg/cmake/rslidar_msg__rosidl_typesupport_cppExport.cmake
[0.578s] -- Up-to-date: /home/user/roskit_ws/install/rslidar_msg/share/rslidar_msg/cmake/rslidar_msg__rosidl_typesupport_cppExport-release.cmake
[0.579s] -- Up-to-date: /home/user/roskit_ws/install/rslidar_msg/share/rslidar_msg/cmake/export_rslidar_msg__rosidl_generator_pyExport.cmake
[0.579s] -- Up-to-date: /home/user/roskit_ws/install/rslidar_msg/share/rslidar_msg/cmake/export_rslidar_msg__rosidl_generator_pyExport-release.cmake
[0.581s] Invoked command in '/home/user/roskit_ws/build/rslidar_msg' returned '0': CMAKE_PREFIX_PATH=/home/user/roskit_ws/install/tracer_base:/home/user/roskit_ws/install/scout_base:/home/user/roskit_ws/install/ranger_base:/home/user/roskit_ws/install/hunter_base:/opt/ros/humble:/home/user/roskit_ws/install/ugv_sdk:/home/user/roskit_ws/install/ublox:/home/user/roskit_ws/install/ublox_gps:/home/user/roskit_ws/install/ublox_msgs:/home/user/roskit_ws/install/ublox_serialization:/home/user/roskit_ws/install/tracer_msgs:/home/user/roskit_ws/install/scout_msgs:/home/user/roskit_ws/install/scout_description:/home/user/roskit_ws/install/rslidar_sdk:/home/user/roskit_ws/install/rslidar_msg:/home/user/roskit_ws/install/ranger_msgs:/home/user/roskit_ws/install/ranger_bringup:/home/user/roskit_ws/install/phidgets_drivers:/home/user/roskit_ws/install/phidgets_temperature:/home/user/roskit_ws/install/phidgets_spatial:/home/user/roskit_ws/install/phidgets_motors:/home/user/roskit_ws/install/phidgets_ik:/home/user/roskit_ws/install/phidgets_high_speed_encoder:/home/user/roskit_ws/install/phidgets_digital_outputs:/home/user/roskit_ws/install/phidgets_analog_outputs:/home/user/roskit_ws/install/phidgets_msgs:/home/user/roskit_ws/install/phidgets_magnetometer:/home/user/roskit_ws/install/phidgets_gyroscope:/home/user/roskit_ws/install/phidgets_digital_inputs:/home/user/roskit_ws/install/phidgets_analog_inputs:/home/user/roskit_ws/install/phidgets_accelerometer:/home/user/roskit_ws/install/phidgets_api:/home/user/roskit_ws/install/ouster_ros:/home/user/roskit_ws/install/ouster_sensor_msgs:/home/user/roskit_ws/install/livox_ros_driver2:/home/user/roskit_ws/install/libphidget22:/home/user/roskit_ws/install/hunter_msgs:/home/user/roskit_ws/install/gr_description:/home/user/roskit_ws/install/gr_bringup /usr/bin/cmake --install /home/user/roskit_ws/build/rslidar_msg
