[0.052s] Invoking command in '/home/user/roskit_ws/build/phidgets_magnetometer': AMENT_PREFIX_PATH=/home/user/roskit_ws/install/phidgets_api:${AMENT_PREFIX_PATH} CMAKE_PREFIX_PATH=/home/user/roskit_ws/install/phidgets_api:/home/user/roskit_ws/install/libphidget22:/opt/ros/humble:/home/user/roskit_ws/install/ugv_sdk:/home/user/roskit_ws/install/ublox_serialization:/home/user/roskit_ws/install/tracer_msgs:/home/user/roskit_ws/install/scout_msgs:/home/user/roskit_ws/install/scout_description:/home/user/roskit_ws/install/rslidar_msg:/home/user/roskit_ws/install/ranger_msgs:/home/user/roskit_ws/install/ranger_bringup:/home/user/roskit_ws/install/phidgets_msgs:/home/user/roskit_ws/install/ouster_sensor_msgs:/home/user/roskit_ws/install/hunter_msgs:/home/user/roskit_ws/install/gr_description:/home/user/roskit_ws/install/gr_bringup LD_LIBRARY_PATH=/home/user/roskit_ws/install/phidgets_api/lib:${LD_LIBRARY_PATH} /usr/bin/cmake --build /home/user/roskit_ws/build/phidgets_magnetometer -- -j16 -l16
[0.142s] [100%] Built target phidgets_magnetometer
[0.159s] Invoked command in '/home/user/roskit_ws/build/phidgets_magnetometer' returned '0': AMENT_PREFIX_PATH=/home/user/roskit_ws/install/phidgets_api:${AMENT_PREFIX_PATH} CMAKE_PREFIX_PATH=/home/user/roskit_ws/install/phidgets_api:/home/user/roskit_ws/install/libphidget22:/opt/ros/humble:/home/user/roskit_ws/install/ugv_sdk:/home/user/roskit_ws/install/ublox_serialization:/home/user/roskit_ws/install/tracer_msgs:/home/user/roskit_ws/install/scout_msgs:/home/user/roskit_ws/install/scout_description:/home/user/roskit_ws/install/rslidar_msg:/home/user/roskit_ws/install/ranger_msgs:/home/user/roskit_ws/install/ranger_bringup:/home/user/roskit_ws/install/phidgets_msgs:/home/user/roskit_ws/install/ouster_sensor_msgs:/home/user/roskit_ws/install/hunter_msgs:/home/user/roskit_ws/install/gr_description:/home/user/roskit_ws/install/gr_bringup LD_LIBRARY_PATH=/home/user/roskit_ws/install/phidgets_api/lib:${LD_LIBRARY_PATH} /usr/bin/cmake --build /home/user/roskit_ws/build/phidgets_magnetometer -- -j16 -l16
[0.160s] Invoking command in '/home/user/roskit_ws/build/phidgets_magnetometer': AMENT_PREFIX_PATH=/home/user/roskit_ws/install/phidgets_api:${AMENT_PREFIX_PATH} CMAKE_PREFIX_PATH=/home/user/roskit_ws/install/phidgets_api:/home/user/roskit_ws/install/libphidget22:/opt/ros/humble:/home/user/roskit_ws/install/ugv_sdk:/home/user/roskit_ws/install/ublox_serialization:/home/user/roskit_ws/install/tracer_msgs:/home/user/roskit_ws/install/scout_msgs:/home/user/roskit_ws/install/scout_description:/home/user/roskit_ws/install/rslidar_msg:/home/user/roskit_ws/install/ranger_msgs:/home/user/roskit_ws/install/ranger_bringup:/home/user/roskit_ws/install/phidgets_msgs:/home/user/roskit_ws/install/ouster_sensor_msgs:/home/user/roskit_ws/install/hunter_msgs:/home/user/roskit_ws/install/gr_description:/home/user/roskit_ws/install/gr_bringup LD_LIBRARY_PATH=/home/user/roskit_ws/install/phidgets_api/lib:${LD_LIBRARY_PATH} /usr/bin/cmake --install /home/user/roskit_ws/build/phidgets_magnetometer
[0.186s] -- Install configuration: "Release"
[0.186s] -- Execute custom install script
[0.186s] -- Up-to-date symlink: /home/user/roskit_ws/install/phidgets_magnetometer/lib/libphidgets_magnetometer.so
[0.186s] -- Up-to-date symlink: /home/user/roskit_ws/install/phidgets_magnetometer/include/phidgets_magnetometer/magnetometer_ros_i.hpp
[0.186s] -- Up-to-date symlink: /home/user/roskit_ws/install/phidgets_magnetometer/share/phidgets_magnetometer/launch/magnetometer-launch.py
[0.186s] -- Up-to-date symlink: /home/user/roskit_ws/install/phidgets_magnetometer/share/ament_index/resource_index/package_run_dependencies/phidgets_magnetometer
[0.186s] -- Up-to-date symlink: /home/user/roskit_ws/install/phidgets_magnetometer/share/ament_index/resource_index/parent_prefix_path/phidgets_magnetometer
[0.186s] -- Up-to-date symlink: /home/user/roskit_ws/install/phidgets_magnetometer/share/phidgets_magnetometer/environment/ament_prefix_path.sh
[0.186s] -- Up-to-date symlink: /home/user/roskit_ws/install/phidgets_magnetometer/share/phidgets_magnetometer/environment/ament_prefix_path.dsv
[0.186s] -- Up-to-date symlink: /home/user/roskit_ws/install/phidgets_magnetometer/share/phidgets_magnetometer/environment/path.sh
[0.186s] -- Up-to-date symlink: /home/user/roskit_ws/install/phidgets_magnetometer/share/phidgets_magnetometer/environment/path.dsv
[0.186s] -- Up-to-date symlink: /home/user/roskit_ws/install/phidgets_magnetometer/share/phidgets_magnetometer/local_setup.bash
[0.186s] -- Up-to-date symlink: /home/user/roskit_ws/install/phidgets_magnetometer/share/phidgets_magnetometer/local_setup.sh
[0.186s] -- Up-to-date symlink: /home/user/roskit_ws/install/phidgets_magnetometer/share/phidgets_magnetometer/local_setup.zsh
[0.186s] -- Up-to-date symlink: /home/user/roskit_ws/install/phidgets_magnetometer/share/phidgets_magnetometer/local_setup.dsv
[0.186s] -- Symlinking: /home/user/roskit_ws/install/phidgets_magnetometer/share/phidgets_magnetometer/package.dsv
[0.186s] -- Up-to-date symlink: /home/user/roskit_ws/install/phidgets_magnetometer/share/ament_index/resource_index/packages/phidgets_magnetometer
[0.186s] -- Up-to-date symlink: /home/user/roskit_ws/install/phidgets_magnetometer/share/ament_index/resource_index/rclcpp_components/phidgets_magnetometer
[0.186s] -- Up-to-date symlink: /home/user/roskit_ws/install/phidgets_magnetometer/share/phidgets_magnetometer/cmake/phidgets_magnetometerConfig.cmake
[0.186s] -- Up-to-date symlink: /home/user/roskit_ws/install/phidgets_magnetometer/share/phidgets_magnetometer/cmake/phidgets_magnetometerConfig-version.cmake
[0.186s] -- Up-to-date symlink: /home/user/roskit_ws/install/phidgets_magnetometer/share/phidgets_magnetometer/package.xml
[0.227s] Invoked command in '/home/user/roskit_ws/build/phidgets_magnetometer' returned '0': AMENT_PREFIX_PATH=/home/user/roskit_ws/install/phidgets_api:${AMENT_PREFIX_PATH} CMAKE_PREFIX_PATH=/home/user/roskit_ws/install/phidgets_api:/home/user/roskit_ws/install/libphidget22:/opt/ros/humble:/home/user/roskit_ws/install/ugv_sdk:/home/user/roskit_ws/install/ublox_serialization:/home/user/roskit_ws/install/tracer_msgs:/home/user/roskit_ws/install/scout_msgs:/home/user/roskit_ws/install/scout_description:/home/user/roskit_ws/install/rslidar_msg:/home/user/roskit_ws/install/ranger_msgs:/home/user/roskit_ws/install/ranger_bringup:/home/user/roskit_ws/install/phidgets_msgs:/home/user/roskit_ws/install/ouster_sensor_msgs:/home/user/roskit_ws/install/hunter_msgs:/home/user/roskit_ws/install/gr_description:/home/user/roskit_ws/install/gr_bringup LD_LIBRARY_PATH=/home/user/roskit_ws/install/phidgets_api/lib:${LD_LIBRARY_PATH} /usr/bin/cmake --install /home/user/roskit_ws/build/phidgets_magnetometer
