[0.024s] Invoking command in '/home/user/roskit_ws/build/ublox': AMENT_PREFIX_PATH=/home/user/roskit_ws/install/ublox_gps:/home/user/roskit_ws/install/ublox_msgs:${AMENT_PREFIX_PATH} CMAKE_PREFIX_PATH=/home/user/roskit_ws/install/ublox_gps:/home/user/roskit_ws/install/ublox_msgs:/home/user/roskit_ws/install/ublox_serialization:/opt/ros/humble:/home/user/roskit_ws/install/ugv_sdk:/home/user/roskit_ws/install/tracer_msgs:/home/user/roskit_ws/install/scout_msgs:/home/user/roskit_ws/install/scout_description:/home/user/roskit_ws/install/rslidar_msg:/home/user/roskit_ws/install/ranger_msgs:/home/user/roskit_ws/install/ranger_bringup:/home/user/roskit_ws/install/phidgets_msgs:/home/user/roskit_ws/install/ouster_sensor_msgs:/home/user/roskit_ws/install/libphidget22:/home/user/roskit_ws/install/hunter_msgs:/home/user/roskit_ws/install/gr_description:/home/user/roskit_ws/install/gr_bringup LD_LIBRARY_PATH=/home/user/roskit_ws/install/ublox_gps/lib:/home/user/roskit_ws/install/ublox_msgs/lib:${LD_LIBRARY_PATH} PYTHONPATH=/home/user/roskit_ws/install/ublox_msgs/local/lib/python3.10/dist-packages:${PYTHONPATH} /usr/bin/cmake /home/user/roskit_ws/src/ros2-ublox-zedf9p/ublox -DCMAKE_BUILD_TYPE=Release -DROS_EDITION=ROS2 -DHUMBLE_ROS=humble -DAMENT_CMAKE_SYMLINK_INSTALL=1 -DCMAKE_INSTALL_PREFIX=/home/user/roskit_ws/install/ublox
[0.088s] -- The C compiler identification is GNU 11.4.0
[0.132s] -- The CXX compiler identification is GNU 11.4.0
[0.144s] -- Detecting C compiler ABI info
[0.185s] -- Detecting C compiler ABI info - done
[0.189s] -- Check for working C compiler: /usr/lib/ccache/cc - skipped
[0.190s] -- Detecting C compile features
[0.190s] -- Detecting C compile features - done
[0.192s] -- Detecting CXX compiler ABI info
[0.234s] -- Detecting CXX compiler ABI info - done
[0.238s] -- Check for working CXX compiler: /usr/lib/ccache/c++ - skipped
[0.238s] -- Detecting CXX compile features
[0.238s] -- Detecting CXX compile features - done
[0.245s] -- Found ament_cmake: 1.3.12 (/opt/ros/humble/share/ament_cmake/cmake)
[0.343s] -- Found Python3: /usr/bin/python3 (found version "3.10.12") found components: Interpreter 
[0.401s] -- Override CMake install command with custom implementation using symlinks instead of copying resources
[0.506s] -- Configuring done
[0.507s] -- Generating done
[0.508s] [33mCMake Warning:
[0.508s]   Manually-specified variables were not used by the project:
[0.508s] 
[0.508s]     HUMBLE_ROS
[0.508s]     ROS_EDITION
[0.508s] 
[0.508s] [0m
[0.508s] -- Build files have been written to: /home/user/roskit_ws/build/ublox
[0.513s] Invoked command in '/home/user/roskit_ws/build/ublox' returned '0': AMENT_PREFIX_PATH=/home/user/roskit_ws/install/ublox_gps:/home/user/roskit_ws/install/ublox_msgs:${AMENT_PREFIX_PATH} CMAKE_PREFIX_PATH=/home/user/roskit_ws/install/ublox_gps:/home/user/roskit_ws/install/ublox_msgs:/home/user/roskit_ws/install/ublox_serialization:/opt/ros/humble:/home/user/roskit_ws/install/ugv_sdk:/home/user/roskit_ws/install/tracer_msgs:/home/user/roskit_ws/install/scout_msgs:/home/user/roskit_ws/install/scout_description:/home/user/roskit_ws/install/rslidar_msg:/home/user/roskit_ws/install/ranger_msgs:/home/user/roskit_ws/install/ranger_bringup:/home/user/roskit_ws/install/phidgets_msgs:/home/user/roskit_ws/install/ouster_sensor_msgs:/home/user/roskit_ws/install/libphidget22:/home/user/roskit_ws/install/hunter_msgs:/home/user/roskit_ws/install/gr_description:/home/user/roskit_ws/install/gr_bringup LD_LIBRARY_PATH=/home/user/roskit_ws/install/ublox_gps/lib:/home/user/roskit_ws/install/ublox_msgs/lib:${LD_LIBRARY_PATH} PYTHONPATH=/home/user/roskit_ws/install/ublox_msgs/local/lib/python3.10/dist-packages:${PYTHONPATH} /usr/bin/cmake /home/user/roskit_ws/src/ros2-ublox-zedf9p/ublox -DCMAKE_BUILD_TYPE=Release -DROS_EDITION=ROS2 -DHUMBLE_ROS=humble -DAMENT_CMAKE_SYMLINK_INSTALL=1 -DCMAKE_INSTALL_PREFIX=/home/user/roskit_ws/install/ublox
[0.514s] Invoking command in '/home/user/roskit_ws/build/ublox': AMENT_PREFIX_PATH=/home/user/roskit_ws/install/ublox_gps:/home/user/roskit_ws/install/ublox_msgs:${AMENT_PREFIX_PATH} CMAKE_PREFIX_PATH=/home/user/roskit_ws/install/ublox_gps:/home/user/roskit_ws/install/ublox_msgs:/home/user/roskit_ws/install/ublox_serialization:/opt/ros/humble:/home/user/roskit_ws/install/ugv_sdk:/home/user/roskit_ws/install/tracer_msgs:/home/user/roskit_ws/install/scout_msgs:/home/user/roskit_ws/install/scout_description:/home/user/roskit_ws/install/rslidar_msg:/home/user/roskit_ws/install/ranger_msgs:/home/user/roskit_ws/install/ranger_bringup:/home/user/roskit_ws/install/phidgets_msgs:/home/user/roskit_ws/install/ouster_sensor_msgs:/home/user/roskit_ws/install/libphidget22:/home/user/roskit_ws/install/hunter_msgs:/home/user/roskit_ws/install/gr_description:/home/user/roskit_ws/install/gr_bringup LD_LIBRARY_PATH=/home/user/roskit_ws/install/ublox_gps/lib:/home/user/roskit_ws/install/ublox_msgs/lib:${LD_LIBRARY_PATH} PYTHONPATH=/home/user/roskit_ws/install/ublox_msgs/local/lib/python3.10/dist-packages:${PYTHONPATH} /usr/bin/cmake --build /home/user/roskit_ws/build/ublox -- -j16 -l16
[0.537s] Invoked command in '/home/user/roskit_ws/build/ublox' returned '0': AMENT_PREFIX_PATH=/home/user/roskit_ws/install/ublox_gps:/home/user/roskit_ws/install/ublox_msgs:${AMENT_PREFIX_PATH} CMAKE_PREFIX_PATH=/home/user/roskit_ws/install/ublox_gps:/home/user/roskit_ws/install/ublox_msgs:/home/user/roskit_ws/install/ublox_serialization:/opt/ros/humble:/home/user/roskit_ws/install/ugv_sdk:/home/user/roskit_ws/install/tracer_msgs:/home/user/roskit_ws/install/scout_msgs:/home/user/roskit_ws/install/scout_description:/home/user/roskit_ws/install/rslidar_msg:/home/user/roskit_ws/install/ranger_msgs:/home/user/roskit_ws/install/ranger_bringup:/home/user/roskit_ws/install/phidgets_msgs:/home/user/roskit_ws/install/ouster_sensor_msgs:/home/user/roskit_ws/install/libphidget22:/home/user/roskit_ws/install/hunter_msgs:/home/user/roskit_ws/install/gr_description:/home/user/roskit_ws/install/gr_bringup LD_LIBRARY_PATH=/home/user/roskit_ws/install/ublox_gps/lib:/home/user/roskit_ws/install/ublox_msgs/lib:${LD_LIBRARY_PATH} PYTHONPATH=/home/user/roskit_ws/install/ublox_msgs/local/lib/python3.10/dist-packages:${PYTHONPATH} /usr/bin/cmake --build /home/user/roskit_ws/build/ublox -- -j16 -l16
[0.538s] Invoking command in '/home/user/roskit_ws/build/ublox': AMENT_PREFIX_PATH=/home/user/roskit_ws/install/ublox_gps:/home/user/roskit_ws/install/ublox_msgs:${AMENT_PREFIX_PATH} CMAKE_PREFIX_PATH=/home/user/roskit_ws/install/ublox_gps:/home/user/roskit_ws/install/ublox_msgs:/home/user/roskit_ws/install/ublox_serialization:/opt/ros/humble:/home/user/roskit_ws/install/ugv_sdk:/home/user/roskit_ws/install/tracer_msgs:/home/user/roskit_ws/install/scout_msgs:/home/user/roskit_ws/install/scout_description:/home/user/roskit_ws/install/rslidar_msg:/home/user/roskit_ws/install/ranger_msgs:/home/user/roskit_ws/install/ranger_bringup:/home/user/roskit_ws/install/phidgets_msgs:/home/user/roskit_ws/install/ouster_sensor_msgs:/home/user/roskit_ws/install/libphidget22:/home/user/roskit_ws/install/hunter_msgs:/home/user/roskit_ws/install/gr_description:/home/user/roskit_ws/install/gr_bringup LD_LIBRARY_PATH=/home/user/roskit_ws/install/ublox_gps/lib:/home/user/roskit_ws/install/ublox_msgs/lib:${LD_LIBRARY_PATH} PYTHONPATH=/home/user/roskit_ws/install/ublox_msgs/local/lib/python3.10/dist-packages:${PYTHONPATH} /usr/bin/cmake --install /home/user/roskit_ws/build/ublox
[0.540s] -- Install configuration: "Release"
[0.540s] -- Execute custom install script
[0.540s] -- Symlinking: /home/user/roskit_ws/install/ublox/share/ament_index/resource_index/package_run_dependencies/ublox
[0.545s] -- Symlinking: /home/user/roskit_ws/install/ublox/share/ament_index/resource_index/parent_prefix_path/ublox
[0.550s] -- Symlinking: /home/user/roskit_ws/install/ublox/share/ublox/environment/ament_prefix_path.sh
[0.555s] -- Symlinking: /home/user/roskit_ws/install/ublox/share/ublox/environment/ament_prefix_path.dsv
[0.560s] -- Symlinking: /home/user/roskit_ws/install/ublox/share/ublox/environment/path.sh
[0.564s] -- Symlinking: /home/user/roskit_ws/install/ublox/share/ublox/environment/path.dsv
[0.569s] -- Symlinking: /home/user/roskit_ws/install/ublox/share/ublox/local_setup.bash
[0.573s] -- Symlinking: /home/user/roskit_ws/install/ublox/share/ublox/local_setup.sh
[0.578s] -- Symlinking: /home/user/roskit_ws/install/ublox/share/ublox/local_setup.zsh
[0.582s] -- Symlinking: /home/user/roskit_ws/install/ublox/share/ublox/local_setup.dsv
[0.587s] -- Symlinking: /home/user/roskit_ws/install/ublox/share/ublox/package.dsv
[0.592s] -- Symlinking: /home/user/roskit_ws/install/ublox/share/ament_index/resource_index/packages/ublox
[0.596s] -- Symlinking: /home/user/roskit_ws/install/ublox/share/ublox/cmake/ubloxConfig.cmake
[0.601s] -- Symlinking: /home/user/roskit_ws/install/ublox/share/ublox/cmake/ubloxConfig-version.cmake
[0.605s] -- Symlinking: /home/user/roskit_ws/install/ublox/share/ublox/package.xml
[0.613s] Invoked command in '/home/user/roskit_ws/build/ublox' returned '0': AMENT_PREFIX_PATH=/home/user/roskit_ws/install/ublox_gps:/home/user/roskit_ws/install/ublox_msgs:${AMENT_PREFIX_PATH} CMAKE_PREFIX_PATH=/home/user/roskit_ws/install/ublox_gps:/home/user/roskit_ws/install/ublox_msgs:/home/user/roskit_ws/install/ublox_serialization:/opt/ros/humble:/home/user/roskit_ws/install/ugv_sdk:/home/user/roskit_ws/install/tracer_msgs:/home/user/roskit_ws/install/scout_msgs:/home/user/roskit_ws/install/scout_description:/home/user/roskit_ws/install/rslidar_msg:/home/user/roskit_ws/install/ranger_msgs:/home/user/roskit_ws/install/ranger_bringup:/home/user/roskit_ws/install/phidgets_msgs:/home/user/roskit_ws/install/ouster_sensor_msgs:/home/user/roskit_ws/install/libphidget22:/home/user/roskit_ws/install/hunter_msgs:/home/user/roskit_ws/install/gr_description:/home/user/roskit_ws/install/gr_bringup LD_LIBRARY_PATH=/home/user/roskit_ws/install/ublox_gps/lib:/home/user/roskit_ws/install/ublox_msgs/lib:${LD_LIBRARY_PATH} PYTHONPATH=/home/user/roskit_ws/install/ublox_msgs/local/lib/python3.10/dist-packages:${PYTHONPATH} /usr/bin/cmake --install /home/user/roskit_ws/build/ublox
