[0.047s] Invoking command in '/home/user/roskit_ws/build/hunter_msgs': CMAKE_PREFIX_PATH=/opt/ros/humble:${CMAKE_PREFIX_PATH} /usr/bin/cmake --build /home/user/roskit_ws/build/hunter_msgs -- -j16 -l16
[0.103s] [  1%] Built target hunter_msgs__cpp
[0.103s] [ 12%] Built target hunter_msgs__rosidl_generator_c
[0.124s] [ 12%] Built target ament_cmake_python_symlink_hunter_msgs
[0.153s] [ 23%] Built target hunter_msgs__rosidl_typesupport_cpp
[0.153s] [ 34%] Built target hunter_msgs__rosidl_typesupport_fastrtps_cpp
[0.177s] [ 46%] Built target hunter_msgs__rosidl_typesupport_introspection_cpp
[0.190s] [ 57%] Built target hunter_msgs__rosidl_typesupport_introspection_c
[0.206s] [ 68%] Built target hunter_msgs__rosidl_typesupport_fastrtps_c
[0.216s] [ 79%] Built target hunter_msgs__rosidl_typesupport_c
[0.243s] [ 79%] Built target hunter_msgs
[0.279s] [ 80%] Built target hunter_msgs__py
[0.300s] [ 90%] Built target hunter_msgs__rosidl_generator_py
[0.335s] [ 93%] Built target hunter_msgs__rosidl_typesupport_fastrtps_c__pyext
[0.349s] [ 96%] Built target hunter_msgs__rosidl_typesupport_introspection_c__pyext
[0.356s] [100%] Built target hunter_msgs__rosidl_typesupport_c__pyext
[0.373s] running egg_info
[0.374s] writing hunter_msgs.egg-info/PKG-INFO
[0.375s] writing dependency_links to hunter_msgs.egg-info/dependency_links.txt
[0.375s] writing top-level names to hunter_msgs.egg-info/top_level.txt
[0.375s] reading manifest file 'hunter_msgs.egg-info/SOURCES.txt'
[0.375s] writing manifest file 'hunter_msgs.egg-info/SOURCES.txt'
[0.400s] [100%] Built target ament_cmake_python_build_hunter_msgs_egg
[0.441s] Invoked command in '/home/user/roskit_ws/build/hunter_msgs' returned '0': CMAKE_PREFIX_PATH=/opt/ros/humble:${CMAKE_PREFIX_PATH} /usr/bin/cmake --build /home/user/roskit_ws/build/hunter_msgs -- -j16 -l16
[0.465s] Invoking command in '/home/user/roskit_ws/build/hunter_msgs': CMAKE_PREFIX_PATH=/opt/ros/humble:${CMAKE_PREFIX_PATH} /usr/bin/cmake --install /home/user/roskit_ws/build/hunter_msgs
[0.477s] -- Install configuration: "Release"
[0.478s] -- Execute custom install script
[0.478s] -- Up-to-date symlink: /home/user/roskit_ws/install/hunter_msgs/share/ament_index/resource_index/rosidl_interfaces/hunter_msgs
[0.478s] -- Up-to-date symlink: /home/user/roskit_ws/install/hunter_msgs/include/hunter_msgs/hunter_msgs/msg/detail/hunter_actuator_state__functions.h
[0.478s] -- Up-to-date symlink: /home/user/roskit_ws/install/hunter_msgs/include/hunter_msgs/hunter_msgs/msg/detail/hunter_actuator_state__struct.h
[0.478s] -- Up-to-date symlink: /home/user/roskit_ws/install/hunter_msgs/include/hunter_msgs/hunter_msgs/msg/detail/hunter_actuator_state__type_support.h
[0.478s] -- Up-to-date symlink: /home/user/roskit_ws/install/hunter_msgs/include/hunter_msgs/hunter_msgs/msg/detail/hunter_light_cmd__functions.h
[0.479s] -- Up-to-date symlink: /home/user/roskit_ws/install/hunter_msgs/include/hunter_msgs/hunter_msgs/msg/detail/hunter_light_cmd__struct.h
[0.480s] -- Up-to-date symlink: /home/user/roskit_ws/install/hunter_msgs/include/hunter_msgs/hunter_msgs/msg/detail/hunter_light_cmd__type_support.h
[0.480s] -- Up-to-date symlink: /home/user/roskit_ws/install/hunter_msgs/include/hunter_msgs/hunter_msgs/msg/detail/hunter_light_state__functions.h
[0.480s] -- Up-to-date symlink: /home/user/roskit_ws/install/hunter_msgs/include/hunter_msgs/hunter_msgs/msg/detail/hunter_light_state__struct.h
[0.480s] -- Up-to-date symlink: /home/user/roskit_ws/install/hunter_msgs/include/hunter_msgs/hunter_msgs/msg/detail/hunter_light_state__type_support.h
[0.480s] -- Up-to-date symlink: /home/user/roskit_ws/install/hunter_msgs/include/hunter_msgs/hunter_msgs/msg/detail/hunter_rc_state__functions.h
[0.480s] -- Up-to-date symlink: /home/user/roskit_ws/install/hunter_msgs/include/hunter_msgs/hunter_msgs/msg/detail/hunter_rc_state__struct.h
[0.480s] -- Up-to-date symlink: /home/user/roskit_ws/install/hunter_msgs/include/hunter_msgs/hunter_msgs/msg/detail/hunter_rc_state__type_support.h
[0.480s] -- Up-to-date symlink: /home/user/roskit_ws/install/hunter_msgs/include/hunter_msgs/hunter_msgs/msg/detail/hunter_status__functions.h
[0.480s] -- Up-to-date symlink: /home/user/roskit_ws/install/hunter_msgs/include/hunter_msgs/hunter_msgs/msg/detail/hunter_status__struct.h
[0.480s] -- Up-to-date symlink: /home/user/roskit_ws/install/hunter_msgs/include/hunter_msgs/hunter_msgs/msg/detail/hunter_status__type_support.h
[0.481s] -- Up-to-date symlink: /home/user/roskit_ws/install/hunter_msgs/include/hunter_msgs/hunter_msgs/msg/hunter_actuator_state.h
[0.481s] -- Up-to-date symlink: /home/user/roskit_ws/install/hunter_msgs/include/hunter_msgs/hunter_msgs/msg/hunter_light_cmd.h
[0.481s] -- Up-to-date symlink: /home/user/roskit_ws/install/hunter_msgs/include/hunter_msgs/hunter_msgs/msg/hunter_light_state.h
[0.481s] -- Up-to-date symlink: /home/user/roskit_ws/install/hunter_msgs/include/hunter_msgs/hunter_msgs/msg/hunter_rc_state.h
[0.481s] -- Up-to-date symlink: /home/user/roskit_ws/install/hunter_msgs/include/hunter_msgs/hunter_msgs/msg/hunter_status.h
[0.481s] -- Up-to-date symlink: /home/user/roskit_ws/install/hunter_msgs/include/hunter_msgs/hunter_msgs/msg/rosidl_generator_c__visibility_control.h
[0.481s] -- Up-to-date symlink: /home/user/roskit_ws/install/hunter_msgs/share/hunter_msgs/environment/library_path.sh
[0.481s] -- Up-to-date symlink: /home/user/roskit_ws/install/hunter_msgs/share/hunter_msgs/environment/library_path.dsv
[0.481s] -- Up-to-date symlink: /home/user/roskit_ws/install/hunter_msgs/include/hunter_msgs/hunter_msgs/msg/detail/hunter_actuator_state__rosidl_typesupport_fastrtps_c.h
[0.481s] -- Up-to-date symlink: /home/user/roskit_ws/install/hunter_msgs/include/hunter_msgs/hunter_msgs/msg/detail/hunter_light_cmd__rosidl_typesupport_fastrtps_c.h
[0.481s] -- Up-to-date symlink: /home/user/roskit_ws/install/hunter_msgs/include/hunter_msgs/hunter_msgs/msg/detail/hunter_light_state__rosidl_typesupport_fastrtps_c.h
[0.482s] -- Up-to-date symlink: /home/user/roskit_ws/install/hunter_msgs/include/hunter_msgs/hunter_msgs/msg/detail/hunter_rc_state__rosidl_typesupport_fastrtps_c.h
[0.482s] -- Up-to-date symlink: /home/user/roskit_ws/install/hunter_msgs/include/hunter_msgs/hunter_msgs/msg/detail/hunter_status__rosidl_typesupport_fastrtps_c.h
[0.482s] -- Up-to-date symlink: /home/user/roskit_ws/install/hunter_msgs/include/hunter_msgs/hunter_msgs/msg/rosidl_typesupport_fastrtps_c__visibility_control.h
[0.482s] -- Up-to-date symlink: /home/user/roskit_ws/install/hunter_msgs/include/hunter_msgs/hunter_msgs/msg/detail/hunter_actuator_state__builder.hpp
[0.482s] -- Up-to-date symlink: /home/user/roskit_ws/install/hunter_msgs/include/hunter_msgs/hunter_msgs/msg/detail/hunter_actuator_state__struct.hpp
[0.482s] -- Up-to-date symlink: /home/user/roskit_ws/install/hunter_msgs/include/hunter_msgs/hunter_msgs/msg/detail/hunter_actuator_state__traits.hpp
[0.482s] -- Up-to-date symlink: /home/user/roskit_ws/install/hunter_msgs/include/hunter_msgs/hunter_msgs/msg/detail/hunter_actuator_state__type_support.hpp
[0.482s] -- Up-to-date symlink: /home/user/roskit_ws/install/hunter_msgs/include/hunter_msgs/hunter_msgs/msg/detail/hunter_light_cmd__builder.hpp
[0.482s] -- Up-to-date symlink: /home/user/roskit_ws/install/hunter_msgs/include/hunter_msgs/hunter_msgs/msg/detail/hunter_light_cmd__struct.hpp
[0.482s] -- Up-to-date symlink: /home/user/roskit_ws/install/hunter_msgs/include/hunter_msgs/hunter_msgs/msg/detail/hunter_light_cmd__traits.hpp
[0.482s] -- Up-to-date symlink: /home/user/roskit_ws/install/hunter_msgs/include/hunter_msgs/hunter_msgs/msg/detail/hunter_light_cmd__type_support.hpp
[0.482s] -- Up-to-date symlink: /home/user/roskit_ws/install/hunter_msgs/include/hunter_msgs/hunter_msgs/msg/detail/hunter_light_state__builder.hpp
[0.482s] -- Up-to-date symlink: /home/user/roskit_ws/install/hunter_msgs/include/hunter_msgs/hunter_msgs/msg/detail/hunter_light_state__struct.hpp
[0.482s] -- Up-to-date symlink: /home/user/roskit_ws/install/hunter_msgs/include/hunter_msgs/hunter_msgs/msg/detail/hunter_light_state__traits.hpp
[0.483s] -- Up-to-date symlink: /home/user/roskit_ws/install/hunter_msgs/include/hunter_msgs/hunter_msgs/msg/detail/hunter_light_state__type_support.hpp
[0.483s] -- Up-to-date symlink: /home/user/roskit_ws/install/hunter_msgs/include/hunter_msgs/hunter_msgs/msg/detail/hunter_rc_state__builder.hpp
[0.483s] -- Up-to-date symlink: /home/user/roskit_ws/install/hunter_msgs/include/hunter_msgs/hunter_msgs/msg/detail/hunter_rc_state__struct.hpp
[0.483s] -- Up-to-date symlink: /home/user/roskit_ws/install/hunter_msgs/include/hunter_msgs/hunter_msgs/msg/detail/hunter_rc_state__traits.hpp
[0.483s] -- Up-to-date symlink: /home/user/roskit_ws/install/hunter_msgs/include/hunter_msgs/hunter_msgs/msg/detail/hunter_rc_state__type_support.hpp
[0.483s] -- Up-to-date symlink: /home/user/roskit_ws/install/hunter_msgs/include/hunter_msgs/hunter_msgs/msg/detail/hunter_status__builder.hpp
[0.483s] -- Up-to-date symlink: /home/user/roskit_ws/install/hunter_msgs/include/hunter_msgs/hunter_msgs/msg/detail/hunter_status__struct.hpp
[0.483s] -- Up-to-date symlink: /home/user/roskit_ws/install/hunter_msgs/include/hunter_msgs/hunter_msgs/msg/detail/hunter_status__traits.hpp
[0.483s] -- Up-to-date symlink: /home/user/roskit_ws/install/hunter_msgs/include/hunter_msgs/hunter_msgs/msg/detail/hunter_status__type_support.hpp
[0.484s] -- Up-to-date symlink: /home/user/roskit_ws/install/hunter_msgs/include/hunter_msgs/hunter_msgs/msg/hunter_actuator_state.hpp
[0.484s] -- Up-to-date symlink: /home/user/roskit_ws/install/hunter_msgs/include/hunter_msgs/hunter_msgs/msg/hunter_light_cmd.hpp
[0.484s] -- Up-to-date symlink: /home/user/roskit_ws/install/hunter_msgs/include/hunter_msgs/hunter_msgs/msg/hunter_light_state.hpp
[0.484s] -- Up-to-date symlink: /home/user/roskit_ws/install/hunter_msgs/include/hunter_msgs/hunter_msgs/msg/hunter_rc_state.hpp
[0.484s] -- Up-to-date symlink: /home/user/roskit_ws/install/hunter_msgs/include/hunter_msgs/hunter_msgs/msg/hunter_status.hpp
[0.484s] -- Up-to-date symlink: /home/user/roskit_ws/install/hunter_msgs/include/hunter_msgs/hunter_msgs/msg/rosidl_generator_cpp__visibility_control.hpp
[0.484s] -- Up-to-date symlink: /home/user/roskit_ws/install/hunter_msgs/include/hunter_msgs/hunter_msgs/msg/detail/hunter_actuator_state__rosidl_typesupport_fastrtps_cpp.hpp
[0.484s] -- Up-to-date symlink: /home/user/roskit_ws/install/hunter_msgs/include/hunter_msgs/hunter_msgs/msg/detail/hunter_light_cmd__rosidl_typesupport_fastrtps_cpp.hpp
[0.484s] -- Up-to-date symlink: /home/user/roskit_ws/install/hunter_msgs/include/hunter_msgs/hunter_msgs/msg/detail/hunter_light_state__rosidl_typesupport_fastrtps_cpp.hpp
[0.484s] -- Up-to-date symlink: /home/user/roskit_ws/install/hunter_msgs/include/hunter_msgs/hunter_msgs/msg/detail/hunter_rc_state__rosidl_typesupport_fastrtps_cpp.hpp
[0.484s] -- Up-to-date symlink: /home/user/roskit_ws/install/hunter_msgs/include/hunter_msgs/hunter_msgs/msg/detail/hunter_status__rosidl_typesupport_fastrtps_cpp.hpp
[0.484s] -- Up-to-date symlink: /home/user/roskit_ws/install/hunter_msgs/include/hunter_msgs/hunter_msgs/msg/rosidl_typesupport_fastrtps_cpp__visibility_control.h
[0.484s] -- Up-to-date symlink: /home/user/roskit_ws/install/hunter_msgs/include/hunter_msgs/hunter_msgs/msg/detail/hunter_actuator_state__rosidl_typesupport_introspection_c.h
[0.485s] -- Up-to-date symlink: /home/user/roskit_ws/install/hunter_msgs/include/hunter_msgs/hunter_msgs/msg/detail/hunter_light_cmd__rosidl_typesupport_introspection_c.h
[0.485s] -- Up-to-date symlink: /home/user/roskit_ws/install/hunter_msgs/include/hunter_msgs/hunter_msgs/msg/detail/hunter_light_state__rosidl_typesupport_introspection_c.h
[0.485s] -- Up-to-date symlink: /home/user/roskit_ws/install/hunter_msgs/include/hunter_msgs/hunter_msgs/msg/detail/hunter_rc_state__rosidl_typesupport_introspection_c.h
[0.485s] -- Up-to-date symlink: /home/user/roskit_ws/install/hunter_msgs/include/hunter_msgs/hunter_msgs/msg/detail/hunter_status__rosidl_typesupport_introspection_c.h
[0.485s] -- Up-to-date symlink: /home/user/roskit_ws/install/hunter_msgs/include/hunter_msgs/hunter_msgs/msg/rosidl_typesupport_introspection_c__visibility_control.h
[0.485s] -- Up-to-date symlink: /home/user/roskit_ws/install/hunter_msgs/include/hunter_msgs/hunter_msgs/msg/detail/hunter_actuator_state__rosidl_typesupport_introspection_cpp.hpp
[0.485s] -- Up-to-date symlink: /home/user/roskit_ws/install/hunter_msgs/include/hunter_msgs/hunter_msgs/msg/detail/hunter_light_cmd__rosidl_typesupport_introspection_cpp.hpp
[0.485s] -- Up-to-date symlink: /home/user/roskit_ws/install/hunter_msgs/include/hunter_msgs/hunter_msgs/msg/detail/hunter_light_state__rosidl_typesupport_introspection_cpp.hpp
[0.485s] -- Up-to-date symlink: /home/user/roskit_ws/install/hunter_msgs/include/hunter_msgs/hunter_msgs/msg/detail/hunter_rc_state__rosidl_typesupport_introspection_cpp.hpp
[0.485s] -- Up-to-date symlink: /home/user/roskit_ws/install/hunter_msgs/include/hunter_msgs/hunter_msgs/msg/detail/hunter_status__rosidl_typesupport_introspection_cpp.hpp
[0.485s] -- Up-to-date symlink: /home/user/roskit_ws/install/hunter_msgs/share/hunter_msgs/environment/pythonpath.sh
[0.485s] -- Up-to-date symlink: /home/user/roskit_ws/install/hunter_msgs/share/hunter_msgs/environment/pythonpath.dsv
[0.485s] -- Up-to-date symlink: /home/user/roskit_ws/install/hunter_msgs/local/lib/python3.10/dist-packages/hunter_msgs-0.0.1-py3.10.egg-info/PKG-INFO
[0.486s] -- Up-to-date symlink: /home/user/roskit_ws/install/hunter_msgs/local/lib/python3.10/dist-packages/hunter_msgs-0.0.1-py3.10.egg-info/SOURCES.txt
[0.486s] -- Up-to-date symlink: /home/user/roskit_ws/install/hunter_msgs/local/lib/python3.10/dist-packages/hunter_msgs-0.0.1-py3.10.egg-info/dependency_links.txt
[0.486s] -- Up-to-date symlink: /home/user/roskit_ws/install/hunter_msgs/local/lib/python3.10/dist-packages/hunter_msgs-0.0.1-py3.10.egg-info/top_level.txt
[0.486s] -- Up-to-date symlink: /home/user/roskit_ws/install/hunter_msgs/local/lib/python3.10/dist-packages/hunter_msgs/__init__.py
[0.486s] -- Up-to-date symlink: /home/user/roskit_ws/install/hunter_msgs/local/lib/python3.10/dist-packages/hunter_msgs/_hunter_msgs_s.ep.rosidl_typesupport_c.c
[0.486s] -- Up-to-date symlink: /home/user/roskit_ws/install/hunter_msgs/local/lib/python3.10/dist-packages/hunter_msgs/_hunter_msgs_s.ep.rosidl_typesupport_fastrtps_c.c
[0.487s] -- Up-to-date symlink: /home/user/roskit_ws/install/hunter_msgs/local/lib/python3.10/dist-packages/hunter_msgs/_hunter_msgs_s.ep.rosidl_typesupport_introspection_c.c
[0.487s] -- Up-to-date symlink: /home/user/roskit_ws/install/hunter_msgs/local/lib/python3.10/dist-packages/hunter_msgs/hunter_msgs_s__rosidl_typesupport_c.cpython-310-x86_64-linux-gnu.so
[0.488s] -- Up-to-date symlink: /home/user/roskit_ws/install/hunter_msgs/local/lib/python3.10/dist-packages/hunter_msgs/hunter_msgs_s__rosidl_typesupport_fastrtps_c.cpython-310-x86_64-linux-gnu.so
[0.488s] -- Up-to-date symlink: /home/user/roskit_ws/install/hunter_msgs/local/lib/python3.10/dist-packages/hunter_msgs/hunter_msgs_s__rosidl_typesupport_introspection_c.cpython-310-x86_64-linux-gnu.so
[0.488s] -- Up-to-date symlink: /home/user/roskit_ws/install/hunter_msgs/local/lib/python3.10/dist-packages/hunter_msgs/libhunter_msgs__rosidl_generator_py.so
[0.488s] -- Up-to-date symlink: /home/user/roskit_ws/install/hunter_msgs/local/lib/python3.10/dist-packages/hunter_msgs/msg/__init__.py
[0.488s] -- Up-to-date symlink: /home/user/roskit_ws/install/hunter_msgs/local/lib/python3.10/dist-packages/hunter_msgs/msg/_hunter_actuator_state.py
[0.488s] -- Up-to-date symlink: /home/user/roskit_ws/install/hunter_msgs/local/lib/python3.10/dist-packages/hunter_msgs/msg/_hunter_actuator_state_s.c
[0.488s] -- Up-to-date symlink: /home/user/roskit_ws/install/hunter_msgs/local/lib/python3.10/dist-packages/hunter_msgs/msg/_hunter_light_cmd.py
[0.488s] -- Up-to-date symlink: /home/user/roskit_ws/install/hunter_msgs/local/lib/python3.10/dist-packages/hunter_msgs/msg/_hunter_light_cmd_s.c
[0.488s] -- Up-to-date symlink: /home/user/roskit_ws/install/hunter_msgs/local/lib/python3.10/dist-packages/hunter_msgs/msg/_hunter_light_state.py
[0.488s] -- Up-to-date symlink: /home/user/roskit_ws/install/hunter_msgs/local/lib/python3.10/dist-packages/hunter_msgs/msg/_hunter_light_state_s.c
[0.488s] -- Up-to-date symlink: /home/user/roskit_ws/install/hunter_msgs/local/lib/python3.10/dist-packages/hunter_msgs/msg/_hunter_rc_state.py
[0.488s] -- Up-to-date symlink: /home/user/roskit_ws/install/hunter_msgs/local/lib/python3.10/dist-packages/hunter_msgs/msg/_hunter_rc_state_s.c
[0.488s] -- Up-to-date symlink: /home/user/roskit_ws/install/hunter_msgs/local/lib/python3.10/dist-packages/hunter_msgs/msg/_hunter_status.py
[0.489s] -- Up-to-date symlink: /home/user/roskit_ws/install/hunter_msgs/local/lib/python3.10/dist-packages/hunter_msgs/msg/_hunter_status_s.c
[0.489s] -- Up-to-date symlink: /home/user/roskit_ws/install/hunter_msgs/local/lib/python3.10/dist-packages/hunter_msgs/hunter_msgs_s__rosidl_typesupport_fastrtps_c.cpython-310-x86_64-linux-gnu.so
[0.489s] -- Up-to-date symlink: /home/user/roskit_ws/install/hunter_msgs/local/lib/python3.10/dist-packages/hunter_msgs/hunter_msgs_s__rosidl_typesupport_introspection_c.cpython-310-x86_64-linux-gnu.so
[0.489s] -- Up-to-date symlink: /home/user/roskit_ws/install/hunter_msgs/local/lib/python3.10/dist-packages/hunter_msgs/hunter_msgs_s__rosidl_typesupport_c.cpython-310-x86_64-linux-gnu.so
[0.489s] -- Up-to-date symlink: /home/user/roskit_ws/install/hunter_msgs/share/hunter_msgs/msg/HunterActuatorState.idl
[0.489s] -- Up-to-date symlink: /home/user/roskit_ws/install/hunter_msgs/share/hunter_msgs/msg/HunterLightCmd.idl
[0.490s] -- Up-to-date symlink: /home/user/roskit_ws/install/hunter_msgs/share/hunter_msgs/msg/HunterLightState.idl
[0.490s] -- Up-to-date symlink: /home/user/roskit_ws/install/hunter_msgs/share/hunter_msgs/msg/HunterRCState.idl
[0.490s] -- Up-to-date symlink: /home/user/roskit_ws/install/hunter_msgs/share/hunter_msgs/msg/HunterStatus.idl
[0.490s] -- Up-to-date symlink: /home/user/roskit_ws/install/hunter_msgs/share/hunter_msgs/msg/HunterActuatorState.msg
[0.490s] -- Up-to-date symlink: /home/user/roskit_ws/install/hunter_msgs/share/hunter_msgs/msg/HunterLightCmd.msg
[0.490s] -- Up-to-date symlink: /home/user/roskit_ws/install/hunter_msgs/share/hunter_msgs/msg/HunterLightState.msg
[0.490s] -- Up-to-date symlink: /home/user/roskit_ws/install/hunter_msgs/share/hunter_msgs/msg/HunterRCState.msg
[0.490s] -- Up-to-date symlink: /home/user/roskit_ws/install/hunter_msgs/share/hunter_msgs/msg/HunterStatus.msg
[0.490s] -- Up-to-date symlink: /home/user/roskit_ws/install/hunter_msgs/share/ament_index/resource_index/package_run_dependencies/hunter_msgs
[0.491s] -- Up-to-date symlink: /home/user/roskit_ws/install/hunter_msgs/share/ament_index/resource_index/parent_prefix_path/hunter_msgs
[0.491s] -- Up-to-date symlink: /home/user/roskit_ws/install/hunter_msgs/share/hunter_msgs/environment/ament_prefix_path.sh
[0.491s] -- Up-to-date symlink: /home/user/roskit_ws/install/hunter_msgs/share/hunter_msgs/environment/ament_prefix_path.dsv
[0.491s] -- Up-to-date symlink: /home/user/roskit_ws/install/hunter_msgs/share/hunter_msgs/environment/path.sh
[0.491s] -- Up-to-date symlink: /home/user/roskit_ws/install/hunter_msgs/share/hunter_msgs/environment/path.dsv
[0.491s] -- Up-to-date symlink: /home/user/roskit_ws/install/hunter_msgs/share/hunter_msgs/local_setup.bash
[0.491s] -- Up-to-date symlink: /home/user/roskit_ws/install/hunter_msgs/share/hunter_msgs/local_setup.sh
[0.491s] -- Up-to-date symlink: /home/user/roskit_ws/install/hunter_msgs/share/hunter_msgs/local_setup.zsh
[0.491s] -- Up-to-date symlink: /home/user/roskit_ws/install/hunter_msgs/share/hunter_msgs/local_setup.dsv
[0.491s] -- Symlinking: /home/user/roskit_ws/install/hunter_msgs/share/hunter_msgs/package.dsv
[0.492s] -- Up-to-date symlink: /home/user/roskit_ws/install/hunter_msgs/share/ament_index/resource_index/packages/hunter_msgs
[0.492s] -- Up-to-date symlink: /home/user/roskit_ws/install/hunter_msgs/share/hunter_msgs/cmake/rosidl_cmake-extras.cmake
[0.493s] -- Up-to-date symlink: /home/user/roskit_ws/install/hunter_msgs/share/hunter_msgs/cmake/ament_cmake_export_dependencies-extras.cmake
[0.493s] -- Up-to-date symlink: /home/user/roskit_ws/install/hunter_msgs/share/hunter_msgs/cmake/ament_cmake_export_include_directories-extras.cmake
[0.493s] -- Up-to-date symlink: /home/user/roskit_ws/install/hunter_msgs/share/hunter_msgs/cmake/ament_cmake_export_libraries-extras.cmake
[0.493s] -- Up-to-date symlink: /home/user/roskit_ws/install/hunter_msgs/share/hunter_msgs/cmake/ament_cmake_export_targets-extras.cmake
[0.493s] -- Up-to-date symlink: /home/user/roskit_ws/install/hunter_msgs/share/hunter_msgs/cmake/rosidl_cmake_export_typesupport_targets-extras.cmake
[0.493s] -- Up-to-date symlink: /home/user/roskit_ws/install/hunter_msgs/share/hunter_msgs/cmake/rosidl_cmake_export_typesupport_libraries-extras.cmake
[0.493s] -- Up-to-date symlink: /home/user/roskit_ws/install/hunter_msgs/share/hunter_msgs/cmake/hunter_msgsConfig.cmake
[0.493s] -- Up-to-date symlink: /home/user/roskit_ws/install/hunter_msgs/share/hunter_msgs/cmake/hunter_msgsConfig-version.cmake
[0.493s] -- Up-to-date symlink: /home/user/roskit_ws/install/hunter_msgs/share/hunter_msgs/package.xml
[0.493s] -- Up-to-date: /home/user/roskit_ws/install/hunter_msgs/lib/libhunter_msgs__rosidl_generator_c.so
[0.493s] -- Up-to-date: /home/user/roskit_ws/install/hunter_msgs/lib/libhunter_msgs__rosidl_typesupport_fastrtps_c.so
[0.493s] -- Up-to-date: /home/user/roskit_ws/install/hunter_msgs/lib/libhunter_msgs__rosidl_typesupport_fastrtps_cpp.so
[0.493s] -- Up-to-date: /home/user/roskit_ws/install/hunter_msgs/lib/libhunter_msgs__rosidl_typesupport_introspection_c.so
[0.493s] -- Up-to-date: /home/user/roskit_ws/install/hunter_msgs/lib/libhunter_msgs__rosidl_typesupport_c.so
[0.493s] -- Up-to-date: /home/user/roskit_ws/install/hunter_msgs/lib/libhunter_msgs__rosidl_typesupport_introspection_cpp.so
[0.493s] -- Up-to-date: /home/user/roskit_ws/install/hunter_msgs/lib/libhunter_msgs__rosidl_typesupport_cpp.so
[0.496s] Listing '/home/user/roskit_ws/install/hunter_msgs/local/lib/python3.10/dist-packages/hunter_msgs'...
[0.496s] Listing '/home/user/roskit_ws/install/hunter_msgs/local/lib/python3.10/dist-packages/hunter_msgs/msg'...
[0.498s] -- Up-to-date: /home/user/roskit_ws/install/hunter_msgs/lib/libhunter_msgs__rosidl_generator_py.so
[0.498s] -- Up-to-date: /home/user/roskit_ws/install/hunter_msgs/share/hunter_msgs/cmake/export_hunter_msgs__rosidl_generator_cExport.cmake
[0.499s] -- Up-to-date: /home/user/roskit_ws/install/hunter_msgs/share/hunter_msgs/cmake/export_hunter_msgs__rosidl_generator_cExport-release.cmake
[0.499s] -- Up-to-date: /home/user/roskit_ws/install/hunter_msgs/share/hunter_msgs/cmake/export_hunter_msgs__rosidl_typesupport_fastrtps_cExport.cmake
[0.499s] -- Up-to-date: /home/user/roskit_ws/install/hunter_msgs/share/hunter_msgs/cmake/export_hunter_msgs__rosidl_typesupport_fastrtps_cExport-release.cmake
[0.499s] -- Up-to-date: /home/user/roskit_ws/install/hunter_msgs/share/hunter_msgs/cmake/export_hunter_msgs__rosidl_generator_cppExport.cmake
[0.499s] -- Up-to-date: /home/user/roskit_ws/install/hunter_msgs/share/hunter_msgs/cmake/export_hunter_msgs__rosidl_typesupport_fastrtps_cppExport.cmake
[0.499s] -- Up-to-date: /home/user/roskit_ws/install/hunter_msgs/share/hunter_msgs/cmake/export_hunter_msgs__rosidl_typesupport_fastrtps_cppExport-release.cmake
[0.499s] -- Up-to-date: /home/user/roskit_ws/install/hunter_msgs/share/hunter_msgs/cmake/hunter_msgs__rosidl_typesupport_introspection_cExport.cmake
[0.499s] -- Up-to-date: /home/user/roskit_ws/install/hunter_msgs/share/hunter_msgs/cmake/hunter_msgs__rosidl_typesupport_introspection_cExport-release.cmake
[0.499s] -- Up-to-date: /home/user/roskit_ws/install/hunter_msgs/share/hunter_msgs/cmake/hunter_msgs__rosidl_typesupport_cExport.cmake
[0.499s] -- Up-to-date: /home/user/roskit_ws/install/hunter_msgs/share/hunter_msgs/cmake/hunter_msgs__rosidl_typesupport_cExport-release.cmake
[0.499s] -- Up-to-date: /home/user/roskit_ws/install/hunter_msgs/share/hunter_msgs/cmake/hunter_msgs__rosidl_typesupport_introspection_cppExport.cmake
[0.499s] -- Up-to-date: /home/user/roskit_ws/install/hunter_msgs/share/hunter_msgs/cmake/hunter_msgs__rosidl_typesupport_introspection_cppExport-release.cmake
[0.499s] -- Up-to-date: /home/user/roskit_ws/install/hunter_msgs/share/hunter_msgs/cmake/hunter_msgs__rosidl_typesupport_cppExport.cmake
[0.499s] -- Up-to-date: /home/user/roskit_ws/install/hunter_msgs/share/hunter_msgs/cmake/hunter_msgs__rosidl_typesupport_cppExport-release.cmake
[0.499s] -- Up-to-date: /home/user/roskit_ws/install/hunter_msgs/share/hunter_msgs/cmake/export_hunter_msgs__rosidl_generator_pyExport.cmake
[0.499s] -- Up-to-date: /home/user/roskit_ws/install/hunter_msgs/share/hunter_msgs/cmake/export_hunter_msgs__rosidl_generator_pyExport-release.cmake
[0.585s] Invoked command in '/home/user/roskit_ws/build/hunter_msgs' returned '0': CMAKE_PREFIX_PATH=/opt/ros/humble:${CMAKE_PREFIX_PATH} /usr/bin/cmake --install /home/user/roskit_ws/build/hunter_msgs
