[01m[K/home/user/roskit_ws/src/rslidar_sdk/src/manager/node_manager.cpp:[m[K In member function ‘[01m[Kvoid robosense::lidar::NodeManager::init(const YAML::Node&)[m[K’:
[01m[K/home/user/roskit_ws/src/rslidar_sdk/src/manager/node_manager.cpp:89:35:[m[K [01;31m[Kerror: [m[K‘[01m[KSourcePacketRos[m[K’ was not declared in this scope
   89 |         source = std::make_shared<[01;31m[KSourcePacketRos[m[K>();
      |                                   [01;31m[K^~~~~~~~~~~~~~~[m[K
[01m[K/home/user/roskit_ws/src/rslidar_sdk/src/manager/node_manager.cpp:89:51:[m[K [01;31m[Kerror: [m[Kno matching function for call to ‘[01m[Kmake_shared<<expression error> >()[m[K’
   89 |         source = [01;31m[Kstd::make_shared<SourcePacketRos>()[m[K;
      |                  [01;31m[K~~~~~~~~~~~~~~~~~~~~~~~~~~~~~~~~~^~[m[K
In file included from [01m[K/usr/include/c++/11/memory:77[m[K,
                 from [01m[K/usr/include/yaml-cpp/parser.h:11[m[K,
                 from [01m[K/usr/include/yaml-cpp/yaml.h:10[m[K,
                 from [01m[K/home/user/roskit_ws/src/rslidar_sdk/src/utility/yaml_reader.hpp:35[m[K,
                 from [01m[K/home/user/roskit_ws/src/rslidar_sdk/src/manager/node_manager.hpp:35[m[K,
                 from [01m[K/home/user/roskit_ws/src/rslidar_sdk/src/manager/node_manager.cpp:33[m[K:
[01m[K/usr/include/c++/11/bits/shared_ptr.h:875:5:[m[K [01;36m[Knote: [m[Kcandidate: ‘[01m[Ktemplate<class _Tp, class ... _Args> std::shared_ptr<_Tp> std::make_shared(_Args&& ...)[m[K’
  875 |     [01;36m[Kmake_shared[m[K(_Args&&... __args)
      |     [01;36m[K^~~~~~~~~~~[m[K
[01m[K/usr/include/c++/11/bits/shared_ptr.h:875:5:[m[K [01;36m[Knote: [m[K  template argument deduction/substitution failed:
[01m[K/home/user/roskit_ws/src/rslidar_sdk/src/manager/node_manager.cpp:89:51:[m[K [01;31m[Kerror: [m[Ktemplate argument 1 is invalid
   89 |         source = [01;31m[Kstd::make_shared<SourcePacketRos>()[m[K;
      |                  [01;31m[K~~~~~~~~~~~~~~~~~~~~~~~~~~~~~~~~~^~[m[K
[01m[K/home/user/roskit_ws/src/rslidar_sdk/src/manager/node_manager.cpp:117:65:[m[K [01;31m[Kerror: [m[K‘[01m[KDestinationPacketRos[m[K’ was not declared in this scope; did you mean ‘[01m[KDestinationPacket[m[K’?
  117 |       std::shared_ptr<DestinationPacket> dst = std::make_shared<[01;31m[KDestinationPacketRos[m[K>();
      |                                                                 [01;31m[K^~~~~~~~~~~~~~~~~~~~[m[K
      |                                                                 [32m[KDestinationPacket[m[K
[01m[K/home/user/roskit_ws/src/rslidar_sdk/src/manager/node_manager.cpp:117:86:[m[K [01;31m[Kerror: [m[Kno matching function for call to ‘[01m[Kmake_shared<<expression error> >()[m[K’
  117 |       std::shared_ptr<DestinationPacket> dst = [01;31m[Kstd::make_shared<DestinationPacketRos>()[m[K;
      |                                                [01;31m[K~~~~~~~~~~~~~~~~~~~~~~~~~~~~~~~~~~~~~~^~[m[K
In file included from [01m[K/usr/include/c++/11/memory:77[m[K,
                 from [01m[K/usr/include/yaml-cpp/parser.h:11[m[K,
                 from [01m[K/usr/include/yaml-cpp/yaml.h:10[m[K,
                 from [01m[K/home/user/roskit_ws/src/rslidar_sdk/src/utility/yaml_reader.hpp:35[m[K,
                 from [01m[K/home/user/roskit_ws/src/rslidar_sdk/src/manager/node_manager.hpp:35[m[K,
                 from [01m[K/home/user/roskit_ws/src/rslidar_sdk/src/manager/node_manager.cpp:33[m[K:
[01m[K/usr/include/c++/11/bits/shared_ptr.h:875:5:[m[K [01;36m[Knote: [m[Kcandidate: ‘[01m[Ktemplate<class _Tp, class ... _Args> std::shared_ptr<_Tp> std::make_shared(_Args&& ...)[m[K’
  875 |     [01;36m[Kmake_shared[m[K(_Args&&... __args)
      |     [01;36m[K^~~~~~~~~~~[m[K
[01m[K/usr/include/c++/11/bits/shared_ptr.h:875:5:[m[K [01;36m[Knote: [m[K  template argument deduction/substitution failed:
[01m[K/home/user/roskit_ws/src/rslidar_sdk/src/manager/node_manager.cpp:117:86:[m[K [01;31m[Kerror: [m[Ktemplate argument 1 is invalid
  117 |       std::shared_ptr<DestinationPacket> dst = [01;31m[Kstd::make_shared<DestinationPacketRos>()[m[K;
      |                                                [01;31m[K~~~~~~~~~~~~~~~~~~~~~~~~~~~~~~~~~~~~~~^~[m[K
[01m[K/home/user/roskit_ws/src/rslidar_sdk/src/manager/node_manager.cpp:130:69:[m[K [01;31m[Kerror: [m[K‘[01m[KDestinationPointCloudRos[m[K’ was not declared in this scope; did you mean ‘[01m[KDestinationPointCloud[m[K’?
  130 |       std::shared_ptr<DestinationPointCloud> dst = std::make_shared<[01;31m[KDestinationPointCloudRos[m[K>();
      |                                                                     [01;31m[K^~~~~~~~~~~~~~~~~~~~~~~~[m[K
      |                                                                     [32m[KDestinationPointCloud[m[K
[01m[K/home/user/roskit_ws/src/rslidar_sdk/src/manager/node_manager.cpp:130:94:[m[K [01;31m[Kerror: [m[Kno matching function for call to ‘[01m[Kmake_shared<<expression error> >()[m[K’
  130 |       std::shared_ptr<DestinationPointCloud> dst = [01;31m[Kstd::make_shared<DestinationPointCloudRos>()[m[K;
      |                                                    [01;31m[K~~~~~~~~~~~~~~~~~~~~~~~~~~~~~~~~~~~~~~~~~~^~[m[K
In file included from [01m[K/usr/include/c++/11/memory:77[m[K,
                 from [01m[K/usr/include/yaml-cpp/parser.h:11[m[K,
                 from [01m[K/usr/include/yaml-cpp/yaml.h:10[m[K,
                 from [01m[K/home/user/roskit_ws/src/rslidar_sdk/src/utility/yaml_reader.hpp:35[m[K,
                 from [01m[K/home/user/roskit_ws/src/rslidar_sdk/src/manager/node_manager.hpp:35[m[K,
                 from [01m[K/home/user/roskit_ws/src/rslidar_sdk/src/manager/node_manager.cpp:33[m[K:
[01m[K/usr/include/c++/11/bits/shared_ptr.h:875:5:[m[K [01;36m[Knote: [m[Kcandidate: ‘[01m[Ktemplate<class _Tp, class ... _Args> std::shared_ptr<_Tp> std::make_shared(_Args&& ...)[m[K’
  875 |     [01;36m[Kmake_shared[m[K(_Args&&... __args)
      |     [01;36m[K^~~~~~~~~~~[m[K
[01m[K/usr/include/c++/11/bits/shared_ptr.h:875:5:[m[K [01;36m[Knote: [m[K  template argument deduction/substitution failed:
[01m[K/home/user/roskit_ws/src/rslidar_sdk/src/manager/node_manager.cpp:130:94:[m[K [01;31m[Kerror: [m[Ktemplate argument 1 is invalid
  130 |       std::shared_ptr<DestinationPointCloud> dst = [01;31m[Kstd::make_shared<DestinationPointCloudRos>()[m[K;
      |                                                    [01;31m[K~~~~~~~~~~~~~~~~~~~~~~~~~~~~~~~~~~~~~~~~~~^~[m[K
gmake[2]: *** [CMakeFiles/rslidar_sdk_node.dir/build.make:90: CMakeFiles/rslidar_sdk_node.dir/src/manager/node_manager.cpp.o] Error 1
gmake[2]: *** Waiting for unfinished jobs....
gmake[1]: *** [CMakeFiles/Makefile2:100: CMakeFiles/rslidar_sdk_node.dir/all] Error 2
gmake: *** [Makefile:91: all] Error 2
