[0.046s] Invoking command in '/home/user/roskit_ws/build/rslidar_msg': CMAKE_PREFIX_PATH=/opt/ros/humble:${CMAKE_PREFIX_PATH} /usr/bin/cmake --build /home/user/roskit_ws/build/rslidar_msg -- -j16 -l16
[0.117s] [  3%] Built target rslidar_msg__cpp
[0.146s] [ 12%] Built target rslidar_msg__rosidl_generator_c
[0.173s] [ 22%] Built target rslidar_msg__rosidl_typesupport_introspection_c
[0.173s] [ 32%] Built target rslidar_msg__rosidl_typesupport_fastrtps_cpp
[0.173s] [ 41%] Built target rslidar_msg__rosidl_typesupport_fastrtps_c
[0.173s] [ 51%] Built target rslidar_msg__rosidl_typesupport_introspection_cpp
[0.175s] [ 61%] Built target rslidar_msg__rosidl_typesupport_c
[0.179s] [ 61%] Built target ament_cmake_python_symlink_rslidar_msg
[0.182s] [ 70%] Built target rslidar_msg__rosidl_typesupport_cpp
[0.219s] [ 70%] Built target rslidar_msg
[0.246s] [ 74%] Built target rslidar_msg__py
[0.280s] [ 80%] Built target rslidar_msg__rosidl_generator_py
[0.309s] [ 87%] Built target rslidar_msg__rosidl_typesupport_introspection_c__pyext
[0.315s] [ 93%] Built target rslidar_msg__rosidl_typesupport_fastrtps_c__pyext
[0.320s] [100%] Built target rslidar_msg__rosidl_typesupport_c__pyext
[0.329s] running egg_info
[0.329s] writing rslidar_msg.egg-info/PKG-INFO
[0.334s] writing dependency_links to rslidar_msg.egg-info/dependency_links.txt
[0.334s] writing top-level names to rslidar_msg.egg-info/top_level.txt
[0.334s] reading manifest file 'rslidar_msg.egg-info/SOURCES.txt'
[0.334s] writing manifest file 'rslidar_msg.egg-info/SOURCES.txt'
[0.354s] [100%] Built target ament_cmake_python_build_rslidar_msg_egg
[0.393s] Invoked command in '/home/user/roskit_ws/build/rslidar_msg' returned '0': CMAKE_PREFIX_PATH=/opt/ros/humble:${CMAKE_PREFIX_PATH} /usr/bin/cmake --build /home/user/roskit_ws/build/rslidar_msg -- -j16 -l16
[0.394s] Invoking command in '/home/user/roskit_ws/build/rslidar_msg': CMAKE_PREFIX_PATH=/opt/ros/humble:${CMAKE_PREFIX_PATH} /usr/bin/cmake --install /home/user/roskit_ws/build/rslidar_msg
[0.400s] -- Install configuration: "Release"
[0.401s] -- Execute custom install script
[0.401s] -- Up-to-date symlink: /home/user/roskit_ws/install/rslidar_msg/share/ament_index/resource_index/rosidl_interfaces/rslidar_msg
[0.402s] -- Up-to-date symlink: /home/user/roskit_ws/install/rslidar_msg/include/rslidar_msg/rslidar_msg/msg/detail/rslidar_packet__functions.h
[0.402s] -- Up-to-date symlink: /home/user/roskit_ws/install/rslidar_msg/include/rslidar_msg/rslidar_msg/msg/detail/rslidar_packet__struct.h
[0.402s] -- Up-to-date symlink: /home/user/roskit_ws/install/rslidar_msg/include/rslidar_msg/rslidar_msg/msg/detail/rslidar_packet__type_support.h
[0.402s] -- Up-to-date symlink: /home/user/roskit_ws/install/rslidar_msg/include/rslidar_msg/rslidar_msg/msg/rosidl_generator_c__visibility_control.h
[0.403s] -- Up-to-date symlink: /home/user/roskit_ws/install/rslidar_msg/include/rslidar_msg/rslidar_msg/msg/rslidar_packet.h
[0.403s] -- Up-to-date symlink: /home/user/roskit_ws/install/rslidar_msg/share/rslidar_msg/environment/library_path.sh
[0.403s] -- Up-to-date symlink: /home/user/roskit_ws/install/rslidar_msg/share/rslidar_msg/environment/library_path.dsv
[0.403s] -- Up-to-date symlink: /home/user/roskit_ws/install/rslidar_msg/include/rslidar_msg/rslidar_msg/msg/detail/rslidar_packet__rosidl_typesupport_fastrtps_c.h
[0.403s] -- Up-to-date symlink: /home/user/roskit_ws/install/rslidar_msg/include/rslidar_msg/rslidar_msg/msg/rosidl_typesupport_fastrtps_c__visibility_control.h
[0.404s] -- Up-to-date symlink: /home/user/roskit_ws/install/rslidar_msg/include/rslidar_msg/rslidar_msg/msg/detail/rslidar_packet__builder.hpp
[0.404s] -- Up-to-date symlink: /home/user/roskit_ws/install/rslidar_msg/include/rslidar_msg/rslidar_msg/msg/detail/rslidar_packet__struct.hpp
[0.404s] -- Up-to-date symlink: /home/user/roskit_ws/install/rslidar_msg/include/rslidar_msg/rslidar_msg/msg/detail/rslidar_packet__traits.hpp
[0.404s] -- Up-to-date symlink: /home/user/roskit_ws/install/rslidar_msg/include/rslidar_msg/rslidar_msg/msg/detail/rslidar_packet__type_support.hpp
[0.405s] -- Up-to-date symlink: /home/user/roskit_ws/install/rslidar_msg/include/rslidar_msg/rslidar_msg/msg/rosidl_generator_cpp__visibility_control.hpp
[0.406s] -- Up-to-date symlink: /home/user/roskit_ws/install/rslidar_msg/include/rslidar_msg/rslidar_msg/msg/rslidar_packet.hpp
[0.406s] -- Up-to-date symlink: /home/user/roskit_ws/install/rslidar_msg/include/rslidar_msg/rslidar_msg/msg/detail/rslidar_packet__rosidl_typesupport_fastrtps_cpp.hpp
[0.406s] -- Up-to-date symlink: /home/user/roskit_ws/install/rslidar_msg/include/rslidar_msg/rslidar_msg/msg/rosidl_typesupport_fastrtps_cpp__visibility_control.h
[0.407s] -- Up-to-date symlink: /home/user/roskit_ws/install/rslidar_msg/include/rslidar_msg/rslidar_msg/msg/detail/rslidar_packet__rosidl_typesupport_introspection_c.h
[0.407s] -- Up-to-date symlink: /home/user/roskit_ws/install/rslidar_msg/include/rslidar_msg/rslidar_msg/msg/rosidl_typesupport_introspection_c__visibility_control.h
[0.407s] -- Up-to-date symlink: /home/user/roskit_ws/install/rslidar_msg/include/rslidar_msg/rslidar_msg/msg/detail/rslidar_packet__rosidl_typesupport_introspection_cpp.hpp
[0.407s] -- Up-to-date symlink: /home/user/roskit_ws/install/rslidar_msg/share/rslidar_msg/environment/pythonpath.sh
[0.407s] -- Up-to-date symlink: /home/user/roskit_ws/install/rslidar_msg/share/rslidar_msg/environment/pythonpath.dsv
[0.407s] -- Up-to-date symlink: /home/user/roskit_ws/install/rslidar_msg/local/lib/python3.10/dist-packages/rslidar_msg-0.0.0-py3.10.egg-info/PKG-INFO
[0.407s] -- Up-to-date symlink: /home/user/roskit_ws/install/rslidar_msg/local/lib/python3.10/dist-packages/rslidar_msg-0.0.0-py3.10.egg-info/SOURCES.txt
[0.408s] -- Up-to-date symlink: /home/user/roskit_ws/install/rslidar_msg/local/lib/python3.10/dist-packages/rslidar_msg-0.0.0-py3.10.egg-info/dependency_links.txt
[0.408s] -- Up-to-date symlink: /home/user/roskit_ws/install/rslidar_msg/local/lib/python3.10/dist-packages/rslidar_msg-0.0.0-py3.10.egg-info/top_level.txt
[0.408s] -- Up-to-date symlink: /home/user/roskit_ws/install/rslidar_msg/local/lib/python3.10/dist-packages/rslidar_msg/__init__.py
[0.408s] -- Up-to-date symlink: /home/user/roskit_ws/install/rslidar_msg/local/lib/python3.10/dist-packages/rslidar_msg/_rslidar_msg_s.ep.rosidl_typesupport_c.c
[0.408s] -- Up-to-date symlink: /home/user/roskit_ws/install/rslidar_msg/local/lib/python3.10/dist-packages/rslidar_msg/_rslidar_msg_s.ep.rosidl_typesupport_fastrtps_c.c
[0.408s] -- Up-to-date symlink: /home/user/roskit_ws/install/rslidar_msg/local/lib/python3.10/dist-packages/rslidar_msg/_rslidar_msg_s.ep.rosidl_typesupport_introspection_c.c
[0.409s] -- Up-to-date symlink: /home/user/roskit_ws/install/rslidar_msg/local/lib/python3.10/dist-packages/rslidar_msg/librslidar_msg__rosidl_generator_py.so
[0.409s] -- Up-to-date symlink: /home/user/roskit_ws/install/rslidar_msg/local/lib/python3.10/dist-packages/rslidar_msg/msg/__init__.py
[0.409s] -- Up-to-date symlink: /home/user/roskit_ws/install/rslidar_msg/local/lib/python3.10/dist-packages/rslidar_msg/msg/_rslidar_packet.py
[0.409s] -- Up-to-date symlink: /home/user/roskit_ws/install/rslidar_msg/local/lib/python3.10/dist-packages/rslidar_msg/msg/_rslidar_packet_s.c
[0.409s] -- Up-to-date symlink: /home/user/roskit_ws/install/rslidar_msg/local/lib/python3.10/dist-packages/rslidar_msg/rslidar_msg_s__rosidl_typesupport_c.cpython-310-x86_64-linux-gnu.so
[0.409s] -- Up-to-date symlink: /home/user/roskit_ws/install/rslidar_msg/local/lib/python3.10/dist-packages/rslidar_msg/rslidar_msg_s__rosidl_typesupport_fastrtps_c.cpython-310-x86_64-linux-gnu.so
[0.409s] -- Up-to-date symlink: /home/user/roskit_ws/install/rslidar_msg/local/lib/python3.10/dist-packages/rslidar_msg/rslidar_msg_s__rosidl_typesupport_introspection_c.cpython-310-x86_64-linux-gnu.so
[0.409s] -- Up-to-date symlink: /home/user/roskit_ws/install/rslidar_msg/local/lib/python3.10/dist-packages/rslidar_msg/rslidar_msg_s__rosidl_typesupport_fastrtps_c.cpython-310-x86_64-linux-gnu.so
[0.409s] -- Up-to-date symlink: /home/user/roskit_ws/install/rslidar_msg/local/lib/python3.10/dist-packages/rslidar_msg/rslidar_msg_s__rosidl_typesupport_introspection_c.cpython-310-x86_64-linux-gnu.so
[0.410s] -- Up-to-date symlink: /home/user/roskit_ws/install/rslidar_msg/local/lib/python3.10/dist-packages/rslidar_msg/rslidar_msg_s__rosidl_typesupport_c.cpython-310-x86_64-linux-gnu.so
[0.410s] -- Up-to-date symlink: /home/user/roskit_ws/install/rslidar_msg/share/rslidar_msg/msg/RslidarPacket.idl
[0.410s] -- Up-to-date symlink: /home/user/roskit_ws/install/rslidar_msg/share/rslidar_msg/msg/RslidarPacket.msg
[0.410s] -- Up-to-date symlink: /home/user/roskit_ws/install/rslidar_msg/share/ament_index/resource_index/package_run_dependencies/rslidar_msg
[0.410s] -- Up-to-date symlink: /home/user/roskit_ws/install/rslidar_msg/share/ament_index/resource_index/parent_prefix_path/rslidar_msg
[0.411s] -- Up-to-date symlink: /home/user/roskit_ws/install/rslidar_msg/share/rslidar_msg/environment/ament_prefix_path.sh
[0.411s] -- Up-to-date symlink: /home/user/roskit_ws/install/rslidar_msg/share/rslidar_msg/environment/ament_prefix_path.dsv
[0.411s] -- Up-to-date symlink: /home/user/roskit_ws/install/rslidar_msg/share/rslidar_msg/environment/path.sh
[0.411s] -- Up-to-date symlink: /home/user/roskit_ws/install/rslidar_msg/share/rslidar_msg/environment/path.dsv
[0.411s] -- Up-to-date symlink: /home/user/roskit_ws/install/rslidar_msg/share/rslidar_msg/local_setup.bash
[0.411s] -- Up-to-date symlink: /home/user/roskit_ws/install/rslidar_msg/share/rslidar_msg/local_setup.sh
[0.411s] -- Up-to-date symlink: /home/user/roskit_ws/install/rslidar_msg/share/rslidar_msg/local_setup.zsh
[0.411s] -- Up-to-date symlink: /home/user/roskit_ws/install/rslidar_msg/share/rslidar_msg/local_setup.dsv
[0.411s] -- Symlinking: /home/user/roskit_ws/install/rslidar_msg/share/rslidar_msg/package.dsv
[0.413s] -- Up-to-date symlink: /home/user/roskit_ws/install/rslidar_msg/share/ament_index/resource_index/packages/rslidar_msg
[0.413s] -- Up-to-date symlink: /home/user/roskit_ws/install/rslidar_msg/share/rslidar_msg/cmake/rosidl_cmake-extras.cmake
[0.413s] -- Up-to-date symlink: /home/user/roskit_ws/install/rslidar_msg/share/rslidar_msg/cmake/ament_cmake_export_dependencies-extras.cmake
[0.413s] -- Up-to-date symlink: /home/user/roskit_ws/install/rslidar_msg/share/rslidar_msg/cmake/ament_cmake_export_include_directories-extras.cmake
[0.413s] -- Up-to-date symlink: /home/user/roskit_ws/install/rslidar_msg/share/rslidar_msg/cmake/ament_cmake_export_libraries-extras.cmake
[0.413s] -- Up-to-date symlink: /home/user/roskit_ws/install/rslidar_msg/share/rslidar_msg/cmake/ament_cmake_export_targets-extras.cmake
[0.413s] -- Up-to-date symlink: /home/user/roskit_ws/install/rslidar_msg/share/rslidar_msg/cmake/rosidl_cmake_export_typesupport_targets-extras.cmake
[0.413s] -- Up-to-date symlink: /home/user/roskit_ws/install/rslidar_msg/share/rslidar_msg/cmake/rosidl_cmake_export_typesupport_libraries-extras.cmake
[0.413s] -- Up-to-date symlink: /home/user/roskit_ws/install/rslidar_msg/share/rslidar_msg/cmake/rslidar_msgConfig.cmake
[0.413s] -- Up-to-date symlink: /home/user/roskit_ws/install/rslidar_msg/share/rslidar_msg/cmake/rslidar_msgConfig-version.cmake
[0.413s] -- Up-to-date symlink: /home/user/roskit_ws/install/rslidar_msg/share/rslidar_msg/package.xml
[0.413s] -- Up-to-date: /home/user/roskit_ws/install/rslidar_msg/lib/librslidar_msg__rosidl_generator_c.so
[0.413s] -- Up-to-date: /home/user/roskit_ws/install/rslidar_msg/lib/librslidar_msg__rosidl_typesupport_fastrtps_c.so
[0.414s] -- Up-to-date: /home/user/roskit_ws/install/rslidar_msg/lib/librslidar_msg__rosidl_typesupport_fastrtps_cpp.so
[0.414s] -- Up-to-date: /home/user/roskit_ws/install/rslidar_msg/lib/librslidar_msg__rosidl_typesupport_introspection_c.so
[0.414s] -- Up-to-date: /home/user/roskit_ws/install/rslidar_msg/lib/librslidar_msg__rosidl_typesupport_c.so
[0.414s] -- Up-to-date: /home/user/roskit_ws/install/rslidar_msg/lib/librslidar_msg__rosidl_typesupport_introspection_cpp.so
[0.414s] -- Up-to-date: /home/user/roskit_ws/install/rslidar_msg/lib/librslidar_msg__rosidl_typesupport_cpp.so
[0.461s] Listing '/home/user/roskit_ws/install/rslidar_msg/local/lib/python3.10/dist-packages/rslidar_msg'...
[0.461s] Listing '/home/user/roskit_ws/install/rslidar_msg/local/lib/python3.10/dist-packages/rslidar_msg/msg'...
[0.467s] -- Up-to-date: /home/user/roskit_ws/install/rslidar_msg/lib/librslidar_msg__rosidl_generator_py.so
[0.470s] -- Up-to-date: /home/user/roskit_ws/install/rslidar_msg/share/rslidar_msg/cmake/export_rslidar_msg__rosidl_generator_cExport.cmake
[0.470s] -- Up-to-date: /home/user/roskit_ws/install/rslidar_msg/share/rslidar_msg/cmake/export_rslidar_msg__rosidl_generator_cExport-release.cmake
[0.470s] -- Up-to-date: /home/user/roskit_ws/install/rslidar_msg/share/rslidar_msg/cmake/export_rslidar_msg__rosidl_typesupport_fastrtps_cExport.cmake
[0.470s] -- Up-to-date: /home/user/roskit_ws/install/rslidar_msg/share/rslidar_msg/cmake/export_rslidar_msg__rosidl_typesupport_fastrtps_cExport-release.cmake
[0.470s] -- Up-to-date: /home/user/roskit_ws/install/rslidar_msg/share/rslidar_msg/cmake/export_rslidar_msg__rosidl_generator_cppExport.cmake
[0.470s] -- Up-to-date: /home/user/roskit_ws/install/rslidar_msg/share/rslidar_msg/cmake/export_rslidar_msg__rosidl_typesupport_fastrtps_cppExport.cmake
[0.470s] -- Up-to-date: /home/user/roskit_ws/install/rslidar_msg/share/rslidar_msg/cmake/export_rslidar_msg__rosidl_typesupport_fastrtps_cppExport-release.cmake
[0.470s] -- Up-to-date: /home/user/roskit_ws/install/rslidar_msg/share/rslidar_msg/cmake/rslidar_msg__rosidl_typesupport_introspection_cExport.cmake
[0.470s] -- Up-to-date: /home/user/roskit_ws/install/rslidar_msg/share/rslidar_msg/cmake/rslidar_msg__rosidl_typesupport_introspection_cExport-release.cmake
[0.470s] -- Up-to-date: /home/user/roskit_ws/install/rslidar_msg/share/rslidar_msg/cmake/rslidar_msg__rosidl_typesupport_cExport.cmake
[0.470s] -- Up-to-date: /home/user/roskit_ws/install/rslidar_msg/share/rslidar_msg/cmake/rslidar_msg__rosidl_typesupport_cExport-release.cmake
[0.470s] -- Up-to-date: /home/user/roskit_ws/install/rslidar_msg/share/rslidar_msg/cmake/rslidar_msg__rosidl_typesupport_introspection_cppExport.cmake
[0.470s] -- Up-to-date: /home/user/roskit_ws/install/rslidar_msg/share/rslidar_msg/cmake/rslidar_msg__rosidl_typesupport_introspection_cppExport-release.cmake
[0.470s] -- Up-to-date: /home/user/roskit_ws/install/rslidar_msg/share/rslidar_msg/cmake/rslidar_msg__rosidl_typesupport_cppExport.cmake
[0.470s] -- Up-to-date: /home/user/roskit_ws/install/rslidar_msg/share/rslidar_msg/cmake/rslidar_msg__rosidl_typesupport_cppExport-release.cmake
[0.470s] -- Up-to-date: /home/user/roskit_ws/install/rslidar_msg/share/rslidar_msg/cmake/export_rslidar_msg__rosidl_generator_pyExport.cmake
[0.470s] -- Up-to-date: /home/user/roskit_ws/install/rslidar_msg/share/rslidar_msg/cmake/export_rslidar_msg__rosidl_generator_pyExport-release.cmake
[0.473s] Invoked command in '/home/user/roskit_ws/build/rslidar_msg' returned '0': CMAKE_PREFIX_PATH=/opt/ros/humble:${CMAKE_PREFIX_PATH} /usr/bin/cmake --install /home/user/roskit_ws/build/rslidar_msg
