[0.025s] Invoking command in '/home/user/roskit_ws/build/livox_ros_driver2': /usr/bin/cmake /home/user/roskit_ws/src/livox_ros_driver2 -DCMAKE_BUILD_TYPE=Release -DAMENT_CMAKE_SYMLINK_INSTALL=1 -DCMAKE_INSTALL_PREFIX=/home/user/roskit_ws/install/livox_ros_driver2
[0.242s] -- The C compiler identification is GNU 11.4.0
[0.242s] -- The CXX compiler identification is GNU 11.4.0
[0.242s] -- Detecting C compiler ABI info
[0.242s] -- Detecting C compiler ABI info - done
[0.242s] -- Check for working C compiler: /usr/lib/ccache/cc - skipped
[0.242s] -- Detecting C compile features
[0.242s] -- Detecting C compile features - done
[0.242s] -- Detecting CXX compiler ABI info
[0.258s] -- Detecting CXX compiler ABI info - done
[0.263s] -- Check for working CXX compiler: /usr/lib/ccache/c++ - skipped
[0.264s] -- Detecting CXX compile features
[0.264s] -- Detecting CXX compile features - done
[0.264s] -- livox_ros_driver2 version: 1.2.4
[0.274s] [31mCMake Error at CMakeLists.txt:224 (find_package):
[0.274s]   By not providing "Findament_cmake_auto.cmake" in CMAKE_MODULE_PATH this
[0.274s]   project has asked CMake to find a package configuration file provided by
[0.274s]   "ament_cmake_auto", but CMake did not find one.
[0.274s] 
[0.274s]   Could not find a package configuration file provided by "ament_cmake_auto"
[0.274s]   with any of the following names:
[0.274s] 
[0.274s]     ament_cmake_autoConfig.cmake
[0.274s]     ament_cmake_auto-config.cmake
[0.274s] 
[0.274s]   Add the installation prefix of "ament_cmake_auto" to CMAKE_PREFIX_PATH or
[0.274s]   set "ament_cmake_auto_DIR" to a directory containing one of the above
[0.274s]   files.  If "ament_cmake_auto" provides a separate development package or
[0.274s]   SDK, be sure it has been installed.
[0.274s] 
[0.274s] [0m
[0.274s] -- Configuring incomplete, errors occurred!
[0.274s] See also "/home/user/roskit_ws/build/livox_ros_driver2/CMakeFiles/CMakeOutput.log".
