[0.025s] Invoking command in '/home/user/roskit_ws/build/gr_description': /usr/bin/cmake /home/user/roskit_ws/src/gr_description -DCMAKE_BUILD_TYPE=Release -DAMENT_CMAKE_SYMLINK_INSTALL=1 -DCMAKE_INSTALL_PREFIX=/home/user/roskit_ws/install/gr_description
[0.238s] -- The C compiler identification is GNU 11.4.0
[0.238s] -- The CXX compiler identification is GNU 11.4.0
[0.238s] -- Detecting C compiler ABI info
[0.238s] -- Detecting C compiler ABI info - done
[0.238s] -- Check for working C compiler: /usr/lib/ccache/cc - skipped
[0.238s] -- Detecting C compile features
[0.238s] -- Detecting C compile features - done
[0.238s] -- Detecting CXX compiler ABI info
[0.266s] -- Detecting CXX compiler ABI info - done
[0.273s] -- Check for working CXX compiler: /usr/lib/ccache/c++ - skipped
[0.273s] -- Detecting CXX compile features
[0.274s] -- Detecting CXX compile features - done
[0.283s] [31mCMake Error at CMakeLists.txt:19 (find_package):
[0.283s]   By not providing "Findament_cmake.cmake" in CMAKE_MODULE_PATH this project
[0.283s]   has asked CMake to find a package configuration file provided by
[0.283s]   "ament_cmake", but CMake did not find one.
[0.283s] 
[0.283s]   Could not find a package configuration file provided by "ament_cmake" with
[0.283s]   any of the following names:
[0.283s] 
[0.283s]     ament_cmakeConfig.cmake
[0.283s]     ament_cmake-config.cmake
[0.283s] 
[0.283s]   Add the installation prefix of "ament_cmake" to CMAKE_PREFIX_PATH or set
[0.283s]   "ament_cmake_DIR" to a directory containing one of the above files.  If
[0.283s]   "ament_cmake" provides a separate development package or SDK, be sure it
[0.283s]   has been installed.
[0.283s] 
[0.284s] [0m
[0.284s] -- Configuring incomplete, errors occurred!
[0.284s] See also "/home/user/roskit_ws/build/gr_description/CMakeFiles/CMakeOutput.log".
