[100%] Built target phidgets_temperature
-- Install configuration: "Release"
-- Execute custom install script
-- Up-to-date symlink: /home/user/roskit_ws/install/phidgets_temperature/lib/libphidgets_temperature.so
-- Up-to-date symlink: /home/user/roskit_ws/install/phidgets_temperature/include/phidgets_temperature/temperature_ros_i.hpp
-- Up-to-date symlink: /home/user/roskit_ws/install/phidgets_temperature/share/phidgets_temperature/launch/temperature-launch.py
-- Up-to-date symlink: /home/user/roskit_ws/install/phidgets_temperature/share/ament_index/resource_index/package_run_dependencies/phidgets_temperature
-- Up-to-date symlink: /home/user/roskit_ws/install/phidgets_temperature/share/ament_index/resource_index/parent_prefix_path/phidgets_temperature
-- Up-to-date symlink: /home/user/roskit_ws/install/phidgets_temperature/share/phidgets_temperature/environment/ament_prefix_path.sh
-- Up-to-date symlink: /home/user/roskit_ws/install/phidgets_temperature/share/phidgets_temperature/environment/ament_prefix_path.dsv
-- Up-to-date symlink: /home/user/roskit_ws/install/phidgets_temperature/share/phidgets_temperature/environment/path.sh
-- Up-to-date symlink: /home/user/roskit_ws/install/phidgets_temperature/share/phidgets_temperature/environment/path.dsv
-- Up-to-date symlink: /home/user/roskit_ws/install/phidgets_temperature/share/phidgets_temperature/local_setup.bash
-- Up-to-date symlink: /home/user/roskit_ws/install/phidgets_temperature/share/phidgets_temperature/local_setup.sh
-- Up-to-date symlink: /home/user/roskit_ws/install/phidgets_temperature/share/phidgets_temperature/local_setup.zsh
-- Up-to-date symlink: /home/user/roskit_ws/install/phidgets_temperature/share/phidgets_temperature/local_setup.dsv
-- Symlinking: /home/user/roskit_ws/install/phidgets_temperature/share/phidgets_temperature/package.dsv
-- Up-to-date symlink: /home/user/roskit_ws/install/phidgets_temperature/share/ament_index/resource_index/packages/phidgets_temperature
-- Up-to-date symlink: /home/user/roskit_ws/install/phidgets_temperature/share/ament_index/resource_index/rclcpp_components/phidgets_temperature
-- Up-to-date symlink: /home/user/roskit_ws/install/phidgets_temperature/share/phidgets_temperature/cmake/phidgets_temperatureConfig.cmake
-- Up-to-date symlink: /home/user/roskit_ws/install/phidgets_temperature/share/phidgets_temperature/cmake/phidgets_temperatureConfig-version.cmake
-- Up-to-date symlink: /home/user/roskit_ws/install/phidgets_temperature/share/phidgets_temperature/package.xml
