[0.027s] Invoking command in '/home/user/roskit_ws/build/rslidar_msg': CMAKE_PREFIX_PATH=/opt/ros/humble /usr/bin/cmake /home/user/roskit_ws/src/rslidar_msg -DCMAKE_BUILD_TYPE=Release -DAMENT_CMAKE_SYMLINK_INSTALL=1 -DCMAKE_INSTALL_PREFIX=/home/user/roskit_ws/install/rslidar_msg
[0.070s] -- Found ament_cmake: 1.3.12 (/opt/ros/humble/share/ament_cmake/cmake)
[0.183s] -- Found Python3: /usr/bin/python3 (found version "3.10.12") found components: Interpreter 
[0.224s] -- Override CMake install command with custom implementation using symlinks instead of copying resources
[0.250s] -- Found std_msgs: 4.9.0 (/opt/ros/humble/share/std_msgs/cmake)
[0.276s] -- Found rosidl_generator_c: 3.1.7 (/opt/ros/humble/share/rosidl_generator_c/cmake)
[0.282s] -- Found rosidl_adapter: 3.1.7 (/opt/ros/humble/share/rosidl_adapter/cmake)
[0.290s] -- Found rosidl_generator_cpp: 3.1.7 (/opt/ros/humble/share/rosidl_generator_cpp/cmake)
[0.301s] -- Using all available rosidl_typesupport_c: rosidl_typesupport_fastrtps_c;rosidl_typesupport_introspection_c
[0.319s] -- Using all available rosidl_typesupport_cpp: rosidl_typesupport_fastrtps_cpp;rosidl_typesupport_introspection_cpp
[0.341s] -- Found rclcpp: 16.0.14 (/opt/ros/humble/share/rclcpp/cmake)
[0.380s] -- Found rmw_implementation_cmake: 6.1.2 (/opt/ros/humble/share/rmw_implementation_cmake/cmake)
[0.382s] -- Found rmw_fastrtps_cpp: 6.2.8 (/opt/ros/humble/share/rmw_fastrtps_cpp/cmake)
[0.461s] -- Found OpenSSL: /usr/lib/x86_64-linux-gnu/libcrypto.so (found version "3.0.2")  
[0.487s] -- Found FastRTPS: /opt/ros/humble/include  
[0.521s] -- Using RMW implementation 'rmw_fastrtps_cpp' as default
[0.529s] -- Looking for pthread.h
[0.589s] -- Looking for pthread.h - found
[0.589s] -- Performing Test CMAKE_HAVE_LIBC_PTHREAD
[0.654s] -- Performing Test CMAKE_HAVE_LIBC_PTHREAD - Success
[0.654s] -- Found Threads: TRUE  
[0.748s] -- Found rosidl_default_generators: 1.2.0 (/opt/ros/humble/share/rosidl_default_generators/cmake)
[0.932s] -- Found ament_cmake_ros: 0.10.0 (/opt/ros/humble/share/ament_cmake_ros/cmake)
[1.322s] -- Using all available rosidl_typesupport_c: rosidl_typesupport_fastrtps_c;rosidl_typesupport_introspection_c
[1.522s] -- Using all available rosidl_typesupport_cpp: rosidl_typesupport_fastrtps_cpp;rosidl_typesupport_introspection_cpp
[1.561s] -- Found PythonInterp: /usr/bin/python3 (found suitable version "3.10.12", minimum required is "3.6") 
[1.562s] -- Found python_cmake_module: 0.10.0 (/opt/ros/humble/share/python_cmake_module/cmake)
[1.616s] -- Found PythonLibs: /usr/lib/x86_64-linux-gnu/libpython3.10.so (found suitable version "3.10.12", minimum required is "3.5") 
[1.616s] -- Using PYTHON_EXECUTABLE: /usr/bin/python3
[1.616s] -- Using PYTHON_INCLUDE_DIRS: /usr/include/python3.10
[1.616s] -- Using PYTHON_LIBRARIES: /usr/lib/x86_64-linux-gnu/libpython3.10.so
[1.742s] -- Found PythonExtra: .so  
[1.848s] -- Found ament_lint_auto: 0.12.14 (/opt/ros/humble/share/ament_lint_auto/cmake)
[1.879s] -- Added test 'copyright' to check source files copyright and LICENSE
[1.886s] -- Added test 'lint_cmake' to check CMake code style
[1.886s] -- Added test 'xmllint' to check XML markup files
[1.891s] -- Configuring done
[1.948s] -- Generating done
[1.969s] -- Build files have been written to: /home/user/roskit_ws/build/rslidar_msg
[2.016s] Invoked command in '/home/user/roskit_ws/build/rslidar_msg' returned '0': CMAKE_PREFIX_PATH=/opt/ros/humble /usr/bin/cmake /home/user/roskit_ws/src/rslidar_msg -DCMAKE_BUILD_TYPE=Release -DAMENT_CMAKE_SYMLINK_INSTALL=1 -DCMAKE_INSTALL_PREFIX=/home/user/roskit_ws/install/rslidar_msg
[2.017s] Invoking command in '/home/user/roskit_ws/build/rslidar_msg': CMAKE_PREFIX_PATH=/opt/ros/humble /usr/bin/cmake --build /home/user/roskit_ws/build/rslidar_msg -- -j16 -l16
[2.148s] [  3%] [34m[1mGenerating C code for ROS interfaces[0m
[2.180s] [  3%] Built target ament_cmake_python_symlink_rslidar_msg
[2.212s] [  6%] [34m[1mGenerating C++ code for ROS interfaces[0m
[3.058s] running egg_info
[3.058s] creating rslidar_msg.egg-info
[3.058s] writing rslidar_msg.egg-info/PKG-INFO
[3.059s] writing dependency_links to rslidar_msg.egg-info/dependency_links.txt
[3.059s] writing top-level names to rslidar_msg.egg-info/top_level.txt
[3.059s] writing manifest file 'rslidar_msg.egg-info/SOURCES.txt'
[3.059s] reading manifest file 'rslidar_msg.egg-info/SOURCES.txt'
[3.085s] writing manifest file 'rslidar_msg.egg-info/SOURCES.txt'
[3.106s] [  9%] [32mBuilding C object CMakeFiles/rslidar_msg__rosidl_generator_c.dir/rosidl_generator_c/rslidar_msg/msg/detail/rslidar_packet__functions.c.o[0m
[3.205s] [  9%] Built target ament_cmake_python_build_rslidar_msg_egg
[3.256s] [ 12%] [32m[1mLinking C shared library librslidar_msg__rosidl_generator_c.so[0m
[3.367s] [ 12%] Built target rslidar_msg__rosidl_generator_c
[3.406s] [ 16%] [34m[1mGenerating C introspection for ROS interfaces[0m
[3.406s] [ 19%] [34m[1mGenerating C type support for eProsima Fast-RTPS[0m
[3.418s] [ 22%] [34m[1mGenerating C type support dispatch for ROS interfaces[0m
[3.525s] [ 22%] Built target rslidar_msg__cpp
[3.552s] [ 25%] [34m[1mGenerating C++ type support dispatch for ROS interfaces[0m
[3.559s] [ 29%] [34m[1mGenerating C++ introspection for ROS interfaces[0m
[3.579s] [ 32%] [34m[1mGenerating C++ type support for eProsima Fast-RTPS[0m
[4.160s] [ 35%] [32mBuilding CXX object CMakeFiles/rslidar_msg__rosidl_typesupport_fastrtps_cpp.dir/rosidl_typesupport_fastrtps_cpp/rslidar_msg/msg/detail/dds_fastrtps/rslidar_packet__type_support.cpp.o[0m
[4.287s] [ 38%] [32mBuilding CXX object CMakeFiles/rslidar_msg__rosidl_typesupport_cpp.dir/rosidl_typesupport_cpp/rslidar_msg/msg/rslidar_packet__type_support.cpp.o[0m
[4.573s] [ 41%] [32mBuilding CXX object CMakeFiles/rslidar_msg__rosidl_typesupport_c.dir/rosidl_typesupport_c/rslidar_msg/msg/rslidar_packet__type_support.cpp.o[0m
[4.797s] [ 45%] [32m[1mLinking CXX shared library librslidar_msg__rosidl_typesupport_c.so[0m
[4.842s] [ 48%] [32mBuilding C object CMakeFiles/rslidar_msg__rosidl_typesupport_introspection_c.dir/rosidl_typesupport_introspection_c/rslidar_msg/msg/detail/rslidar_packet__type_support.c.o[0m
[4.905s] [ 51%] [32mBuilding CXX object CMakeFiles/rslidar_msg__rosidl_typesupport_fastrtps_c.dir/rosidl_typesupport_fastrtps_c/rslidar_msg/msg/detail/rslidar_packet__type_support_c.cpp.o[0m
[4.918s] [ 51%] Built target rslidar_msg__rosidl_typesupport_c
[4.974s] [ 54%] [32mBuilding CXX object CMakeFiles/rslidar_msg__rosidl_typesupport_introspection_cpp.dir/rosidl_typesupport_introspection_cpp/rslidar_msg/msg/detail/rslidar_packet__type_support.cpp.o[0m
[5.211s] [ 58%] [32m[1mLinking C shared library librslidar_msg__rosidl_typesupport_introspection_c.so[0m
[5.325s] [ 58%] Built target rslidar_msg__rosidl_typesupport_introspection_c
[5.668s] [ 61%] [32m[1mLinking CXX shared library librslidar_msg__rosidl_typesupport_cpp.so[0m
[5.813s] [ 61%] Built target rslidar_msg__rosidl_typesupport_cpp
[5.990s] [ 64%] [32m[1mLinking CXX shared library librslidar_msg__rosidl_typesupport_fastrtps_c.so[0m
[6.032s] [ 67%] [32m[1mLinking CXX shared library librslidar_msg__rosidl_typesupport_fastrtps_cpp.so[0m
[6.069s] [ 67%] Built target rslidar_msg__rosidl_typesupport_fastrtps_c
[6.092s] [ 67%] Built target rslidar_msg__rosidl_typesupport_fastrtps_cpp
[6.101s] [ 70%] [32m[1mLinking CXX shared library librslidar_msg__rosidl_typesupport_introspection_cpp.so[0m
[6.165s] [ 70%] Built target rslidar_msg__rosidl_typesupport_introspection_cpp
[6.183s] [ 70%] Built target rslidar_msg
[6.198s] [ 74%] [34m[1mGenerating Python code for ROS interfaces[0m
[6.390s] [ 74%] Built target rslidar_msg__py
[6.415s] [ 77%] [32mBuilding C object CMakeFiles/rslidar_msg__rosidl_generator_py.dir/rosidl_generator_py/rslidar_msg/msg/_rslidar_packet_s.c.o[0m
[6.719s] [ 80%] [32m[1mLinking C shared library rosidl_generator_py/rslidar_msg/librslidar_msg__rosidl_generator_py.so[0m
[6.793s] [ 80%] Built target rslidar_msg__rosidl_generator_py
[6.835s] [ 83%] [32mBuilding C object CMakeFiles/rslidar_msg__rosidl_typesupport_introspection_c__pyext.dir/rosidl_generator_py/rslidar_msg/_rslidar_msg_s.ep.rosidl_typesupport_introspection_c.c.o[0m
[6.845s] [ 87%] [32mBuilding C object CMakeFiles/rslidar_msg__rosidl_typesupport_c__pyext.dir/rosidl_generator_py/rslidar_msg/_rslidar_msg_s.ep.rosidl_typesupport_c.c.o[0m
[6.847s] [ 90%] [32mBuilding C object CMakeFiles/rslidar_msg__rosidl_typesupport_fastrtps_c__pyext.dir/rosidl_generator_py/rslidar_msg/_rslidar_msg_s.ep.rosidl_typesupport_fastrtps_c.c.o[0m
[7.076s] [ 93%] [32m[1mLinking C shared library rosidl_generator_py/rslidar_msg/rslidar_msg_s__rosidl_typesupport_fastrtps_c.cpython-310-x86_64-linux-gnu.so[0m
[7.088s] [ 96%] [32m[1mLinking C shared library rosidl_generator_py/rslidar_msg/rslidar_msg_s__rosidl_typesupport_c.cpython-310-x86_64-linux-gnu.so[0m
[7.088s] [100%] [32m[1mLinking C shared library rosidl_generator_py/rslidar_msg/rslidar_msg_s__rosidl_typesupport_introspection_c.cpython-310-x86_64-linux-gnu.so[0m
[7.113s] [100%] Built target rslidar_msg__rosidl_typesupport_fastrtps_c__pyext
[7.123s] [100%] Built target rslidar_msg__rosidl_typesupport_introspection_c__pyext
[7.125s] [100%] Built target rslidar_msg__rosidl_typesupport_c__pyext
[7.138s] Invoked command in '/home/user/roskit_ws/build/rslidar_msg' returned '0': CMAKE_PREFIX_PATH=/opt/ros/humble /usr/bin/cmake --build /home/user/roskit_ws/build/rslidar_msg -- -j16 -l16
[7.139s] Invoking command in '/home/user/roskit_ws/build/rslidar_msg': CMAKE_PREFIX_PATH=/opt/ros/humble /usr/bin/cmake --install /home/user/roskit_ws/build/rslidar_msg
[7.146s] -- Install configuration: "Release"
[7.146s] -- Execute custom install script
[7.146s] -- Symlinking: /home/user/roskit_ws/install/rslidar_msg/share/ament_index/resource_index/rosidl_interfaces/rslidar_msg
[7.154s] -- Symlinking: /home/user/roskit_ws/install/rslidar_msg/include/rslidar_msg/rslidar_msg/msg/detail/rslidar_packet__functions.h
[7.161s] -- Symlinking: /home/user/roskit_ws/install/rslidar_msg/include/rslidar_msg/rslidar_msg/msg/detail/rslidar_packet__struct.h
[7.167s] -- Symlinking: /home/user/roskit_ws/install/rslidar_msg/include/rslidar_msg/rslidar_msg/msg/detail/rslidar_packet__type_support.h
[7.176s] -- Symlinking: /home/user/roskit_ws/install/rslidar_msg/include/rslidar_msg/rslidar_msg/msg/rosidl_generator_c__visibility_control.h
[7.185s] -- Symlinking: /home/user/roskit_ws/install/rslidar_msg/include/rslidar_msg/rslidar_msg/msg/rslidar_packet.h
[7.191s] -- Symlinking: /home/user/roskit_ws/install/rslidar_msg/share/rslidar_msg/environment/library_path.sh
[7.213s] -- Symlinking: /home/user/roskit_ws/install/rslidar_msg/share/rslidar_msg/environment/library_path.dsv
[7.231s] -- Symlinking: /home/user/roskit_ws/install/rslidar_msg/include/rslidar_msg/rslidar_msg/msg/detail/rslidar_packet__rosidl_typesupport_fastrtps_c.h
[7.252s] -- Symlinking: /home/user/roskit_ws/install/rslidar_msg/include/rslidar_msg/rslidar_msg/msg/rosidl_typesupport_fastrtps_c__visibility_control.h
[7.260s] -- Symlinking: /home/user/roskit_ws/install/rslidar_msg/include/rslidar_msg/rslidar_msg/msg/detail/rslidar_packet__builder.hpp
[7.266s] -- Symlinking: /home/user/roskit_ws/install/rslidar_msg/include/rslidar_msg/rslidar_msg/msg/detail/rslidar_packet__struct.hpp
[7.287s] -- Symlinking: /home/user/roskit_ws/install/rslidar_msg/include/rslidar_msg/rslidar_msg/msg/detail/rslidar_packet__traits.hpp
[7.308s] -- Symlinking: /home/user/roskit_ws/install/rslidar_msg/include/rslidar_msg/rslidar_msg/msg/detail/rslidar_packet__type_support.hpp
[7.317s] -- Symlinking: /home/user/roskit_ws/install/rslidar_msg/include/rslidar_msg/rslidar_msg/msg/rosidl_generator_cpp__visibility_control.hpp
[7.325s] -- Symlinking: /home/user/roskit_ws/install/rslidar_msg/include/rslidar_msg/rslidar_msg/msg/rslidar_packet.hpp
[7.332s] -- Symlinking: /home/user/roskit_ws/install/rslidar_msg/include/rslidar_msg/rslidar_msg/msg/detail/rslidar_packet__rosidl_typesupport_fastrtps_cpp.hpp
[7.341s] -- Symlinking: /home/user/roskit_ws/install/rslidar_msg/include/rslidar_msg/rslidar_msg/msg/rosidl_typesupport_fastrtps_cpp__visibility_control.h
[7.347s] -- Symlinking: /home/user/roskit_ws/install/rslidar_msg/include/rslidar_msg/rslidar_msg/msg/detail/rslidar_packet__rosidl_typesupport_introspection_c.h
[7.355s] -- Symlinking: /home/user/roskit_ws/install/rslidar_msg/include/rslidar_msg/rslidar_msg/msg/rosidl_typesupport_introspection_c__visibility_control.h
[7.362s] -- Symlinking: /home/user/roskit_ws/install/rslidar_msg/include/rslidar_msg/rslidar_msg/msg/detail/rslidar_packet__rosidl_typesupport_introspection_cpp.hpp
[7.370s] -- Symlinking: /home/user/roskit_ws/install/rslidar_msg/share/rslidar_msg/environment/pythonpath.sh
[7.378s] -- Symlinking: /home/user/roskit_ws/install/rslidar_msg/share/rslidar_msg/environment/pythonpath.dsv
[7.385s] -- Symlinking: /home/user/roskit_ws/install/rslidar_msg/local/lib/python3.10/dist-packages/rslidar_msg-0.0.0-py3.10.egg-info/PKG-INFO
[7.404s] -- Symlinking: /home/user/roskit_ws/install/rslidar_msg/local/lib/python3.10/dist-packages/rslidar_msg-0.0.0-py3.10.egg-info/SOURCES.txt
[7.410s] -- Symlinking: /home/user/roskit_ws/install/rslidar_msg/local/lib/python3.10/dist-packages/rslidar_msg-0.0.0-py3.10.egg-info/dependency_links.txt
[7.416s] -- Symlinking: /home/user/roskit_ws/install/rslidar_msg/local/lib/python3.10/dist-packages/rslidar_msg-0.0.0-py3.10.egg-info/top_level.txt
[7.423s] -- Symlinking: /home/user/roskit_ws/install/rslidar_msg/local/lib/python3.10/dist-packages/rslidar_msg/__init__.py
[7.429s] -- Symlinking: /home/user/roskit_ws/install/rslidar_msg/local/lib/python3.10/dist-packages/rslidar_msg/_rslidar_msg_s.ep.rosidl_typesupport_c.c
[7.434s] -- Symlinking: /home/user/roskit_ws/install/rslidar_msg/local/lib/python3.10/dist-packages/rslidar_msg/_rslidar_msg_s.ep.rosidl_typesupport_fastrtps_c.c
[7.440s] -- Symlinking: /home/user/roskit_ws/install/rslidar_msg/local/lib/python3.10/dist-packages/rslidar_msg/_rslidar_msg_s.ep.rosidl_typesupport_introspection_c.c
[7.447s] -- Symlinking: /home/user/roskit_ws/install/rslidar_msg/local/lib/python3.10/dist-packages/rslidar_msg/librslidar_msg__rosidl_generator_py.so
[7.453s] -- Symlinking: /home/user/roskit_ws/install/rslidar_msg/local/lib/python3.10/dist-packages/rslidar_msg/msg/__init__.py
[7.458s] -- Symlinking: /home/user/roskit_ws/install/rslidar_msg/local/lib/python3.10/dist-packages/rslidar_msg/msg/_rslidar_packet.py
[7.463s] -- Symlinking: /home/user/roskit_ws/install/rslidar_msg/local/lib/python3.10/dist-packages/rslidar_msg/msg/_rslidar_packet_s.c
[7.468s] -- Symlinking: /home/user/roskit_ws/install/rslidar_msg/local/lib/python3.10/dist-packages/rslidar_msg/rslidar_msg_s__rosidl_typesupport_c.cpython-310-x86_64-linux-gnu.so
[7.474s] -- Symlinking: /home/user/roskit_ws/install/rslidar_msg/local/lib/python3.10/dist-packages/rslidar_msg/rslidar_msg_s__rosidl_typesupport_fastrtps_c.cpython-310-x86_64-linux-gnu.so
[7.479s] -- Symlinking: /home/user/roskit_ws/install/rslidar_msg/local/lib/python3.10/dist-packages/rslidar_msg/rslidar_msg_s__rosidl_typesupport_introspection_c.cpython-310-x86_64-linux-gnu.so
[7.485s] -- Up-to-date symlink: /home/user/roskit_ws/install/rslidar_msg/local/lib/python3.10/dist-packages/rslidar_msg/rslidar_msg_s__rosidl_typesupport_fastrtps_c.cpython-310-x86_64-linux-gnu.so
[7.486s] -- Up-to-date symlink: /home/user/roskit_ws/install/rslidar_msg/local/lib/python3.10/dist-packages/rslidar_msg/rslidar_msg_s__rosidl_typesupport_introspection_c.cpython-310-x86_64-linux-gnu.so
[7.486s] -- Up-to-date symlink: /home/user/roskit_ws/install/rslidar_msg/local/lib/python3.10/dist-packages/rslidar_msg/rslidar_msg_s__rosidl_typesupport_c.cpython-310-x86_64-linux-gnu.so
[7.486s] -- Symlinking: /home/user/roskit_ws/install/rslidar_msg/share/rslidar_msg/msg/RslidarPacket.idl
[7.491s] -- Symlinking: /home/user/roskit_ws/install/rslidar_msg/share/rslidar_msg/msg/RslidarPacket.msg
[7.497s] -- Symlinking: /home/user/roskit_ws/install/rslidar_msg/share/ament_index/resource_index/package_run_dependencies/rslidar_msg
[7.503s] -- Symlinking: /home/user/roskit_ws/install/rslidar_msg/share/ament_index/resource_index/parent_prefix_path/rslidar_msg
[7.509s] -- Symlinking: /home/user/roskit_ws/install/rslidar_msg/share/rslidar_msg/environment/ament_prefix_path.sh
[7.514s] -- Symlinking: /home/user/roskit_ws/install/rslidar_msg/share/rslidar_msg/environment/ament_prefix_path.dsv
[7.520s] -- Symlinking: /home/user/roskit_ws/install/rslidar_msg/share/rslidar_msg/environment/path.sh
[7.526s] -- Symlinking: /home/user/roskit_ws/install/rslidar_msg/share/rslidar_msg/environment/path.dsv
[7.531s] -- Symlinking: /home/user/roskit_ws/install/rslidar_msg/share/rslidar_msg/local_setup.bash
[7.538s] -- Symlinking: /home/user/roskit_ws/install/rslidar_msg/share/rslidar_msg/local_setup.sh
[7.545s] -- Symlinking: /home/user/roskit_ws/install/rslidar_msg/share/rslidar_msg/local_setup.zsh
[7.550s] -- Symlinking: /home/user/roskit_ws/install/rslidar_msg/share/rslidar_msg/local_setup.dsv
[7.555s] -- Symlinking: /home/user/roskit_ws/install/rslidar_msg/share/rslidar_msg/package.dsv
[7.561s] -- Symlinking: /home/user/roskit_ws/install/rslidar_msg/share/ament_index/resource_index/packages/rslidar_msg
[7.567s] -- Symlinking: /home/user/roskit_ws/install/rslidar_msg/share/rslidar_msg/cmake/rosidl_cmake-extras.cmake
[7.573s] -- Symlinking: /home/user/roskit_ws/install/rslidar_msg/share/rslidar_msg/cmake/ament_cmake_export_dependencies-extras.cmake
[7.578s] -- Symlinking: /home/user/roskit_ws/install/rslidar_msg/share/rslidar_msg/cmake/ament_cmake_export_include_directories-extras.cmake
[7.584s] -- Symlinking: /home/user/roskit_ws/install/rslidar_msg/share/rslidar_msg/cmake/ament_cmake_export_libraries-extras.cmake
[7.590s] -- Symlinking: /home/user/roskit_ws/install/rslidar_msg/share/rslidar_msg/cmake/ament_cmake_export_targets-extras.cmake
[7.596s] -- Symlinking: /home/user/roskit_ws/install/rslidar_msg/share/rslidar_msg/cmake/rosidl_cmake_export_typesupport_targets-extras.cmake
[7.601s] -- Symlinking: /home/user/roskit_ws/install/rslidar_msg/share/rslidar_msg/cmake/rosidl_cmake_export_typesupport_libraries-extras.cmake
[7.607s] -- Symlinking: /home/user/roskit_ws/install/rslidar_msg/share/rslidar_msg/cmake/rslidar_msgConfig.cmake
[7.613s] -- Symlinking: /home/user/roskit_ws/install/rslidar_msg/share/rslidar_msg/cmake/rslidar_msgConfig-version.cmake
[7.619s] -- Symlinking: /home/user/roskit_ws/install/rslidar_msg/share/rslidar_msg/package.xml
[7.624s] -- Installing: /home/user/roskit_ws/install/rslidar_msg/lib/librslidar_msg__rosidl_generator_c.so
[7.625s] -- Set runtime path of "/home/user/roskit_ws/install/rslidar_msg/lib/librslidar_msg__rosidl_generator_c.so" to ""
[7.625s] -- Installing: /home/user/roskit_ws/install/rslidar_msg/lib/librslidar_msg__rosidl_typesupport_fastrtps_c.so
[7.625s] -- Set runtime path of "/home/user/roskit_ws/install/rslidar_msg/lib/librslidar_msg__rosidl_typesupport_fastrtps_c.so" to ""
[7.625s] -- Installing: /home/user/roskit_ws/install/rslidar_msg/lib/librslidar_msg__rosidl_typesupport_fastrtps_cpp.so
[7.625s] -- Set runtime path of "/home/user/roskit_ws/install/rslidar_msg/lib/librslidar_msg__rosidl_typesupport_fastrtps_cpp.so" to ""
[7.625s] -- Installing: /home/user/roskit_ws/install/rslidar_msg/lib/librslidar_msg__rosidl_typesupport_introspection_c.so
[7.625s] -- Set runtime path of "/home/user/roskit_ws/install/rslidar_msg/lib/librslidar_msg__rosidl_typesupport_introspection_c.so" to ""
[7.625s] -- Installing: /home/user/roskit_ws/install/rslidar_msg/lib/librslidar_msg__rosidl_typesupport_c.so
[7.625s] -- Set runtime path of "/home/user/roskit_ws/install/rslidar_msg/lib/librslidar_msg__rosidl_typesupport_c.so" to ""
[7.625s] -- Installing: /home/user/roskit_ws/install/rslidar_msg/lib/librslidar_msg__rosidl_typesupport_introspection_cpp.so
[7.625s] -- Set runtime path of "/home/user/roskit_ws/install/rslidar_msg/lib/librslidar_msg__rosidl_typesupport_introspection_cpp.so" to ""
[7.625s] -- Installing: /home/user/roskit_ws/install/rslidar_msg/lib/librslidar_msg__rosidl_typesupport_cpp.so
[7.625s] -- Set runtime path of "/home/user/roskit_ws/install/rslidar_msg/lib/librslidar_msg__rosidl_typesupport_cpp.so" to ""
[7.649s] Listing '/home/user/roskit_ws/install/rslidar_msg/local/lib/python3.10/dist-packages/rslidar_msg'...
[7.649s] Compiling '/home/user/roskit_ws/install/rslidar_msg/local/lib/python3.10/dist-packages/rslidar_msg/__init__.py'...
[7.649s] Listing '/home/user/roskit_ws/install/rslidar_msg/local/lib/python3.10/dist-packages/rslidar_msg/msg'...
[7.649s] Compiling '/home/user/roskit_ws/install/rslidar_msg/local/lib/python3.10/dist-packages/rslidar_msg/msg/__init__.py'...
[7.649s] Compiling '/home/user/roskit_ws/install/rslidar_msg/local/lib/python3.10/dist-packages/rslidar_msg/msg/_rslidar_packet.py'...
[7.652s] -- Installing: /home/user/roskit_ws/install/rslidar_msg/lib/librslidar_msg__rosidl_generator_py.so
[7.652s] -- Set runtime path of "/home/user/roskit_ws/install/rslidar_msg/lib/librslidar_msg__rosidl_generator_py.so" to ""
[7.652s] -- Installing: /home/user/roskit_ws/install/rslidar_msg/share/rslidar_msg/cmake/export_rslidar_msg__rosidl_generator_cExport.cmake
[7.653s] -- Installing: /home/user/roskit_ws/install/rslidar_msg/share/rslidar_msg/cmake/export_rslidar_msg__rosidl_generator_cExport-release.cmake
[7.653s] -- Installing: /home/user/roskit_ws/install/rslidar_msg/share/rslidar_msg/cmake/export_rslidar_msg__rosidl_typesupport_fastrtps_cExport.cmake
[7.653s] -- Installing: /home/user/roskit_ws/install/rslidar_msg/share/rslidar_msg/cmake/export_rslidar_msg__rosidl_typesupport_fastrtps_cExport-release.cmake
[7.653s] -- Installing: /home/user/roskit_ws/install/rslidar_msg/share/rslidar_msg/cmake/export_rslidar_msg__rosidl_generator_cppExport.cmake
[7.653s] -- Installing: /home/user/roskit_ws/install/rslidar_msg/share/rslidar_msg/cmake/export_rslidar_msg__rosidl_typesupport_fastrtps_cppExport.cmake
[7.653s] -- Installing: /home/user/roskit_ws/install/rslidar_msg/share/rslidar_msg/cmake/export_rslidar_msg__rosidl_typesupport_fastrtps_cppExport-release.cmake
[7.653s] -- Installing: /home/user/roskit_ws/install/rslidar_msg/share/rslidar_msg/cmake/rslidar_msg__rosidl_typesupport_introspection_cExport.cmake
[7.653s] -- Installing: /home/user/roskit_ws/install/rslidar_msg/share/rslidar_msg/cmake/rslidar_msg__rosidl_typesupport_introspection_cExport-release.cmake
[7.653s] -- Installing: /home/user/roskit_ws/install/rslidar_msg/share/rslidar_msg/cmake/rslidar_msg__rosidl_typesupport_cExport.cmake
[7.653s] -- Installing: /home/user/roskit_ws/install/rslidar_msg/share/rslidar_msg/cmake/rslidar_msg__rosidl_typesupport_cExport-release.cmake
[7.654s] -- Installing: /home/user/roskit_ws/install/rslidar_msg/share/rslidar_msg/cmake/rslidar_msg__rosidl_typesupport_introspection_cppExport.cmake
[7.654s] -- Installing: /home/user/roskit_ws/install/rslidar_msg/share/rslidar_msg/cmake/rslidar_msg__rosidl_typesupport_introspection_cppExport-release.cmake
[7.654s] -- Installing: /home/user/roskit_ws/install/rslidar_msg/share/rslidar_msg/cmake/rslidar_msg__rosidl_typesupport_cppExport.cmake
[7.654s] -- Installing: /home/user/roskit_ws/install/rslidar_msg/share/rslidar_msg/cmake/rslidar_msg__rosidl_typesupport_cppExport-release.cmake
[7.654s] -- Installing: /home/user/roskit_ws/install/rslidar_msg/share/rslidar_msg/cmake/export_rslidar_msg__rosidl_generator_pyExport.cmake
[7.654s] -- Installing: /home/user/roskit_ws/install/rslidar_msg/share/rslidar_msg/cmake/export_rslidar_msg__rosidl_generator_pyExport-release.cmake
