-- The C compiler identification is GNU 11.4.0
-- The CXX compiler identification is GNU 11.4.0
-- Detecting C compiler ABI info
-- Detecting C compiler ABI info - done
-- Check for working C compiler: /usr/lib/ccache/cc - skipped
-- Detecting C compile features
-- Detecting C compile features - done
-- Detecting CXX compiler ABI info
-- Detecting CXX compiler ABI info - done
-- Check for working CXX compiler: /usr/lib/ccache/c++ - skipped
-- Detecting CXX compile features
-- Detecting CXX compile features - done
-- Found ccache
-- Build package with cmake
-- Tests will not be built
-- Looking for pthread.h
-- Looking for pthread.h - found
-- Performing Test CMAKE_HAVE_LIBC_PTHREAD
-- Performing Test CMAKE_HAVE_LIBC_PTHREAD - Success
-- Found Threads: TRUE  
-- Project will be installed to /home/user/roskit_ws/install/ugv_sdk with 'make install'
--  - To install LIB components to /home/user/roskit_ws/install/ugv_sdk/lib
--  - To install BIN components to /home/user/roskit_ws/install/ugv_sdk/bin
--  - To install INCLUDE components to /home/user/roskit_ws/install/ugv_sdk/include
--  - To install CMAKE components to /home/user/roskit_ws/install/ugv_sdk/share/cmake/ugv_sdk
-- Configuring done
-- Generating done
[33mCMake Warning:
  Manually-specified variables were not used by the project:

    CATKIN_INSTALL_INTO_PREFIX_ROOT
    CATKIN_SYMLINK_INSTALL

[0m
-- Build files have been written to: /home/user/roskit_ws/build/ugv_sdk
