[0.005s] Invoking command in '/home/user/roskit_ws/build/hunter_base': AMENT_PREFIX_PATH=/home/user/roskit_ws/install/hunter_msgs:${AMENT_PREFIX_PATH} CMAKE_PREFIX_PATH=/opt/ros/humble:/home/user/roskit_ws/install/ugv_sdk:/home/user/roskit_ws/install/hunter_msgs LD_LIBRARY_PATH=/home/user/roskit_ws/install/hunter_msgs/lib:${LD_LIBRARY_PATH} PKG_CONFIG_PATH=/home/user/roskit_ws/install/ugv_sdk/lib/x86_64-linux-gnu/pkgconfig:/home/user/roskit_ws/install/ugv_sdk/lib/pkgconfig PYTHONPATH=/home/user/roskit_ws/install/hunter_msgs/local/lib/python3.10/dist-packages:${PYTHONPATH} ROS_PACKAGE_PATH=/home/user/roskit_ws/install/ugv_sdk/share /usr/bin/cmake /home/user/roskit_ws/src/hunter_ros2/hunter_base -DCMAKE_BUILD_TYPE=Release -DAMENT_CMAKE_SYMLINK_INSTALL=1 -DCMAKE_INSTALL_PREFIX=/home/user/roskit_ws/install/hunter_base
[0.192s] -- The C compiler identification is GNU 11.4.0
[0.292s] -- The CXX compiler identification is GNU 11.4.0
[0.303s] -- Detecting C compiler ABI info
[0.391s] -- Detecting C compiler ABI info - done
[0.397s] -- Check for working C compiler: /usr/lib/ccache/cc - skipped
[0.397s] -- Detecting C compile features
[0.397s] -- Detecting C compile features - done
[0.400s] -- Detecting CXX compiler ABI info
[0.477s] -- Detecting CXX compiler ABI info - done
[0.482s] -- Check for working CXX compiler: /usr/lib/ccache/c++ - skipped
[0.482s] -- Detecting CXX compile features
[0.482s] -- Detecting CXX compile features - done
[0.483s] -- Found ament_cmake: 1.3.12 (/opt/ros/humble/share/ament_cmake/cmake)
[0.585s] -- Found Python3: /usr/bin/python3 (found version "3.10.12") found components: Interpreter 
[0.633s] -- Override CMake install command with custom implementation using symlinks instead of copying resources
[0.659s] -- Found rclcpp: 16.0.14 (/opt/ros/humble/share/rclcpp/cmake)
[0.694s] -- Found rosidl_generator_c: 3.1.7 (/opt/ros/humble/share/rosidl_generator_c/cmake)
[0.703s] -- Found rosidl_adapter: 3.1.7 (/opt/ros/humble/share/rosidl_adapter/cmake)
[0.716s] -- Found rosidl_generator_cpp: 3.1.7 (/opt/ros/humble/share/rosidl_generator_cpp/cmake)
[0.735s] -- Using all available rosidl_typesupport_c: rosidl_typesupport_fastrtps_c;rosidl_typesupport_introspection_c
[0.748s] -- Using all available rosidl_typesupport_cpp: rosidl_typesupport_fastrtps_cpp;rosidl_typesupport_introspection_cpp
[0.778s] -- Found rmw_implementation_cmake: 6.1.2 (/opt/ros/humble/share/rmw_implementation_cmake/cmake)
[0.780s] -- Found rmw_fastrtps_cpp: 6.2.8 (/opt/ros/humble/share/rmw_fastrtps_cpp/cmake)
[0.844s] -- Found OpenSSL: /usr/lib/x86_64-linux-gnu/libcrypto.so (found version "3.0.2")  
[0.870s] -- Found FastRTPS: /opt/ros/humble/include  
[0.910s] -- Using RMW implementation 'rmw_fastrtps_cpp' as default
[0.919s] -- Looking for pthread.h
[0.983s] -- Looking for pthread.h - found
[0.983s] -- Performing Test CMAKE_HAVE_LIBC_PTHREAD
[1.053s] -- Performing Test CMAKE_HAVE_LIBC_PTHREAD - Success
[1.053s] -- Found Threads: TRUE  
[1.107s] -- Found geometry_msgs: 4.9.0 (/opt/ros/humble/share/geometry_msgs/cmake)
[1.115s] -- Found nav_msgs: 4.9.0 (/opt/ros/humble/share/nav_msgs/cmake)
[1.125s] -- Found sensor_msgs: 4.9.0 (/opt/ros/humble/share/sensor_msgs/cmake)
[1.135s] -- Found tf2: 0.25.16 (/opt/ros/humble/share/tf2/cmake)
[1.143s] -- Found tf2_ros: 0.25.16 (/opt/ros/humble/share/tf2_ros/cmake)
[1.194s] -- Found tf2_geometry_msgs: 0.25.16 (/opt/ros/humble/share/tf2_geometry_msgs/cmake)
[1.204s] -- Found eigen3_cmake_module: 0.1.1 (/opt/ros/humble/share/eigen3_cmake_module/cmake)
[1.205s] -- Found Eigen3: TRUE (found version "3.4.0") 
[1.205s] -- Ensuring Eigen3 include directory is part of orocos-kdl CMake target
[1.207s] -- Found hunter_msgs: 0.0.1 (/home/user/roskit_ws/install/hunter_msgs/share/hunter_msgs/cmake)
[1.231s] -- Found ament_lint_auto: 0.12.14 (/opt/ros/humble/share/ament_lint_auto/cmake)
[1.299s] -- Added test 'copyright' to check source files copyright and LICENSE
[1.302s] -- Added test 'cppcheck' to perform static code analysis on C / C++ code
[1.302s] -- Configured cppcheck include dirs: /home/user/roskit_ws/src/hunter_ros2/hunter_base/include
[1.302s] -- Configured cppcheck exclude dirs and/or files: 
[1.305s] -- Added test 'cpplint' to check C / C++ code against the Google style
[1.305s] -- Configured cpplint exclude dirs and/or files: 
[1.305s] -- Added test 'flake8' to check Python code syntax and style conventions
[1.306s] -- Added test 'lint_cmake' to check CMake code style
[1.307s] -- Added test 'pep257' to check Python code against some of the docstring style conventions in PEP 257
[1.310s] -- Added test 'uncrustify' to check C / C++ code style
[1.310s] -- Configured uncrustify additional arguments: 
[1.310s] -- Added test 'xmllint' to check XML markup files
[1.311s] -- Configuring done
[1.323s] -- Generating done
[1.325s] -- Build files have been written to: /home/user/roskit_ws/build/hunter_base
