[0.059s] Invoking command in '/home/user/roskit_ws/build/phidgets_gyroscope': AMENT_PREFIX_PATH=/home/user/roskit_ws/install/phidgets_api:${AMENT_PREFIX_PATH} CMAKE_PREFIX_PATH=/home/user/roskit_ws/install/phidgets_api:/home/user/roskit_ws/install/libphidget22:/opt/ros/humble:/home/user/roskit_ws/install/ugv_sdk:/home/user/roskit_ws/install/ublox_serialization:/home/user/roskit_ws/install/tracer_msgs:/home/user/roskit_ws/install/scout_msgs:/home/user/roskit_ws/install/scout_description:/home/user/roskit_ws/install/rslidar_msg:/home/user/roskit_ws/install/ranger_msgs:/home/user/roskit_ws/install/ranger_bringup:/home/user/roskit_ws/install/phidgets_msgs:/home/user/roskit_ws/install/ouster_sensor_msgs:/home/user/roskit_ws/install/hunter_msgs:/home/user/roskit_ws/install/gr_description:/home/user/roskit_ws/install/gr_bringup LD_LIBRARY_PATH=/home/user/roskit_ws/install/phidgets_api/lib:${LD_LIBRARY_PATH} /usr/bin/cmake --build /home/user/roskit_ws/build/phidgets_gyroscope -- -j16 -l16
[0.166s] [100%] Built target phidgets_gyroscope
[0.246s] Invoked command in '/home/user/roskit_ws/build/phidgets_gyroscope' returned '0': AMENT_PREFIX_PATH=/home/user/roskit_ws/install/phidgets_api:${AMENT_PREFIX_PATH} CMAKE_PREFIX_PATH=/home/user/roskit_ws/install/phidgets_api:/home/user/roskit_ws/install/libphidget22:/opt/ros/humble:/home/user/roskit_ws/install/ugv_sdk:/home/user/roskit_ws/install/ublox_serialization:/home/user/roskit_ws/install/tracer_msgs:/home/user/roskit_ws/install/scout_msgs:/home/user/roskit_ws/install/scout_description:/home/user/roskit_ws/install/rslidar_msg:/home/user/roskit_ws/install/ranger_msgs:/home/user/roskit_ws/install/ranger_bringup:/home/user/roskit_ws/install/phidgets_msgs:/home/user/roskit_ws/install/ouster_sensor_msgs:/home/user/roskit_ws/install/hunter_msgs:/home/user/roskit_ws/install/gr_description:/home/user/roskit_ws/install/gr_bringup LD_LIBRARY_PATH=/home/user/roskit_ws/install/phidgets_api/lib:${LD_LIBRARY_PATH} /usr/bin/cmake --build /home/user/roskit_ws/build/phidgets_gyroscope -- -j16 -l16
[0.247s] Invoking command in '/home/user/roskit_ws/build/phidgets_gyroscope': AMENT_PREFIX_PATH=/home/user/roskit_ws/install/phidgets_api:${AMENT_PREFIX_PATH} CMAKE_PREFIX_PATH=/home/user/roskit_ws/install/phidgets_api:/home/user/roskit_ws/install/libphidget22:/opt/ros/humble:/home/user/roskit_ws/install/ugv_sdk:/home/user/roskit_ws/install/ublox_serialization:/home/user/roskit_ws/install/tracer_msgs:/home/user/roskit_ws/install/scout_msgs:/home/user/roskit_ws/install/scout_description:/home/user/roskit_ws/install/rslidar_msg:/home/user/roskit_ws/install/ranger_msgs:/home/user/roskit_ws/install/ranger_bringup:/home/user/roskit_ws/install/phidgets_msgs:/home/user/roskit_ws/install/ouster_sensor_msgs:/home/user/roskit_ws/install/hunter_msgs:/home/user/roskit_ws/install/gr_description:/home/user/roskit_ws/install/gr_bringup LD_LIBRARY_PATH=/home/user/roskit_ws/install/phidgets_api/lib:${LD_LIBRARY_PATH} /usr/bin/cmake --install /home/user/roskit_ws/build/phidgets_gyroscope
[0.285s] -- Install configuration: "Release"
[0.285s] -- Execute custom install script
[0.285s] -- Up-to-date symlink: /home/user/roskit_ws/install/phidgets_gyroscope/lib/libphidgets_gyroscope.so
[0.285s] -- Up-to-date symlink: /home/user/roskit_ws/install/phidgets_gyroscope/include/phidgets_gyroscope/gyroscope_ros_i.hpp
[0.285s] -- Up-to-date symlink: /home/user/roskit_ws/install/phidgets_gyroscope/share/phidgets_gyroscope/launch/gyroscope-launch.py
[0.286s] -- Up-to-date symlink: /home/user/roskit_ws/install/phidgets_gyroscope/share/ament_index/resource_index/package_run_dependencies/phidgets_gyroscope
[0.287s] -- Up-to-date symlink: /home/user/roskit_ws/install/phidgets_gyroscope/share/ament_index/resource_index/parent_prefix_path/phidgets_gyroscope
[0.287s] -- Up-to-date symlink: /home/user/roskit_ws/install/phidgets_gyroscope/share/phidgets_gyroscope/environment/ament_prefix_path.sh
[0.287s] -- Up-to-date symlink: /home/user/roskit_ws/install/phidgets_gyroscope/share/phidgets_gyroscope/environment/ament_prefix_path.dsv
[0.287s] -- Up-to-date symlink: /home/user/roskit_ws/install/phidgets_gyroscope/share/phidgets_gyroscope/environment/path.sh
[0.288s] -- Up-to-date symlink: /home/user/roskit_ws/install/phidgets_gyroscope/share/phidgets_gyroscope/environment/path.dsv
[0.288s] -- Up-to-date symlink: /home/user/roskit_ws/install/phidgets_gyroscope/share/phidgets_gyroscope/local_setup.bash
[0.288s] -- Up-to-date symlink: /home/user/roskit_ws/install/phidgets_gyroscope/share/phidgets_gyroscope/local_setup.sh
[0.288s] -- Up-to-date symlink: /home/user/roskit_ws/install/phidgets_gyroscope/share/phidgets_gyroscope/local_setup.zsh
[0.288s] -- Up-to-date symlink: /home/user/roskit_ws/install/phidgets_gyroscope/share/phidgets_gyroscope/local_setup.dsv
[0.288s] -- Symlinking: /home/user/roskit_ws/install/phidgets_gyroscope/share/phidgets_gyroscope/package.dsv
[0.288s] -- Up-to-date symlink: /home/user/roskit_ws/install/phidgets_gyroscope/share/ament_index/resource_index/packages/phidgets_gyroscope
[0.289s] -- Up-to-date symlink: /home/user/roskit_ws/install/phidgets_gyroscope/share/ament_index/resource_index/rclcpp_components/phidgets_gyroscope
[0.289s] -- Up-to-date symlink: /home/user/roskit_ws/install/phidgets_gyroscope/share/phidgets_gyroscope/cmake/phidgets_gyroscopeConfig.cmake
[0.289s] -- Up-to-date symlink: /home/user/roskit_ws/install/phidgets_gyroscope/share/phidgets_gyroscope/cmake/phidgets_gyroscopeConfig-version.cmake
[0.289s] -- Up-to-date symlink: /home/user/roskit_ws/install/phidgets_gyroscope/share/phidgets_gyroscope/package.xml
[0.377s] Invoked command in '/home/user/roskit_ws/build/phidgets_gyroscope' returned '0': AMENT_PREFIX_PATH=/home/user/roskit_ws/install/phidgets_api:${AMENT_PREFIX_PATH} CMAKE_PREFIX_PATH=/home/user/roskit_ws/install/phidgets_api:/home/user/roskit_ws/install/libphidget22:/opt/ros/humble:/home/user/roskit_ws/install/ugv_sdk:/home/user/roskit_ws/install/ublox_serialization:/home/user/roskit_ws/install/tracer_msgs:/home/user/roskit_ws/install/scout_msgs:/home/user/roskit_ws/install/scout_description:/home/user/roskit_ws/install/rslidar_msg:/home/user/roskit_ws/install/ranger_msgs:/home/user/roskit_ws/install/ranger_bringup:/home/user/roskit_ws/install/phidgets_msgs:/home/user/roskit_ws/install/ouster_sensor_msgs:/home/user/roskit_ws/install/hunter_msgs:/home/user/roskit_ws/install/gr_description:/home/user/roskit_ws/install/gr_bringup LD_LIBRARY_PATH=/home/user/roskit_ws/install/phidgets_api/lib:${LD_LIBRARY_PATH} /usr/bin/cmake --install /home/user/roskit_ws/build/phidgets_gyroscope
