[0.035s] Invoking command in '/home/user/roskit_ws/build/scout_msgs': CMAKE_PREFIX_PATH=/opt/ros/humble:${CMAKE_PREFIX_PATH} /usr/bin/cmake /home/user/roskit_ws/src/scout_ros2/scout_msgs -DCMAKE_BUILD_TYPE=Release -DROS_EDITION=ROS2 -DHUMBLE_ROS=humble -DAMENT_CMAKE_SYMLINK_INSTALL=1 -DCMAKE_INSTALL_PREFIX=/home/user/roskit_ws/install/scout_msgs
[0.062s] -- Found ament_cmake: 1.3.12 (/opt/ros/humble/share/ament_cmake/cmake)
[0.140s] -- Override CMake install command with custom implementation using symlinks instead of copying resources
[0.141s] -- Found builtin_interfaces: 1.2.2 (/opt/ros/humble/share/builtin_interfaces/cmake)
[0.155s] -- Found rosidl_generator_c: 3.1.7 (/opt/ros/humble/share/rosidl_generator_c/cmake)
[0.157s] -- Found rosidl_adapter: 3.1.7 (/opt/ros/humble/share/rosidl_adapter/cmake)
[0.161s] -- Found rosidl_generator_cpp: 3.1.7 (/opt/ros/humble/share/rosidl_generator_cpp/cmake)
[0.167s] -- Using all available rosidl_typesupport_c: rosidl_typesupport_fastrtps_c;rosidl_typesupport_introspection_c
[0.175s] -- Using all available rosidl_typesupport_cpp: rosidl_typesupport_fastrtps_cpp;rosidl_typesupport_introspection_cpp
[0.184s] -- Found rosidl_default_generators: 1.2.0 (/opt/ros/humble/share/rosidl_default_generators/cmake)
[0.186s] -- Found std_msgs: 4.9.0 (/opt/ros/humble/share/std_msgs/cmake)
[0.457s] -- Found ament_cmake_ros: 0.10.0 (/opt/ros/humble/share/ament_cmake_ros/cmake)
[0.714s] -- Using all available rosidl_typesupport_c: rosidl_typesupport_fastrtps_c;rosidl_typesupport_introspection_c
[0.812s] -- Using all available rosidl_typesupport_cpp: rosidl_typesupport_fastrtps_cpp;rosidl_typesupport_introspection_cpp
[0.826s] -- Found python_cmake_module: 0.10.0 (/opt/ros/humble/share/python_cmake_module/cmake)
[0.840s] -- Using PYTHON_EXECUTABLE: /usr/bin/python3
[0.840s] -- Using PYTHON_INCLUDE_DIRS: /usr/include/python3.10
[0.840s] -- Using PYTHON_LIBRARIES: /usr/lib/x86_64-linux-gnu/libpython3.10.so
[0.868s] -- Found ament_lint_auto: 0.12.14 (/opt/ros/humble/share/ament_lint_auto/cmake)
[0.873s] -- Added test 'copyright' to check source files copyright and LICENSE
[0.873s] -- Added test 'lint_cmake' to check CMake code style
[0.874s] -- Added test 'xmllint' to check XML markup files
[0.876s] -- Configuring done
[0.908s] -- Generating done
[0.910s] [33mCMake Warning:
[0.910s]   Manually-specified variables were not used by the project:
[0.910s] 
[0.910s]     HUMBLE_ROS
[0.910s]     ROS_EDITION
[0.910s] 
[0.910s] [0m
[0.915s] -- Build files have been written to: /home/user/roskit_ws/build/scout_msgs
[0.926s] Invoked command in '/home/user/roskit_ws/build/scout_msgs' returned '0': CMAKE_PREFIX_PATH=/opt/ros/humble:${CMAKE_PREFIX_PATH} /usr/bin/cmake /home/user/roskit_ws/src/scout_ros2/scout_msgs -DCMAKE_BUILD_TYPE=Release -DROS_EDITION=ROS2 -DHUMBLE_ROS=humble -DAMENT_CMAKE_SYMLINK_INSTALL=1 -DCMAKE_INSTALL_PREFIX=/home/user/roskit_ws/install/scout_msgs
[0.927s] Invoking command in '/home/user/roskit_ws/build/scout_msgs': CMAKE_PREFIX_PATH=/opt/ros/humble:${CMAKE_PREFIX_PATH} /usr/bin/cmake --build /home/user/roskit_ws/build/scout_msgs -- -j16 -l16
[1.280s] [35m[1mConsolidate compiler generated dependencies of target scout_msgs__rosidl_generator_c[0m
[1.280s] [  1%] Built target scout_msgs__cpp
[1.280s] [35m[1mConsolidate compiler generated dependencies of target scout_msgs__rosidl_typesupport_fastrtps_cpp[0m
[1.280s] [ 12%] Built target scout_msgs__rosidl_generator_c
[1.280s] [35m[1mConsolidate compiler generated dependencies of target scout_msgs__rosidl_typesupport_introspection_cpp[0m
[1.280s] [35m[1mConsolidate compiler generated dependencies of target scout_msgs__rosidl_typesupport_fastrtps_c[0m
[1.280s] [35m[1mConsolidate compiler generated dependencies of target scout_msgs__rosidl_typesupport_introspection_c[0m
[1.280s] [35m[1mConsolidate compiler generated dependencies of target scout_msgs__rosidl_typesupport_cpp[0m
[1.280s] [ 23%] Built target scout_msgs__rosidl_typesupport_introspection_cpp
[1.280s] [ 34%] Built target scout_msgs__rosidl_typesupport_introspection_c
[1.280s] [35m[1mConsolidate compiler generated dependencies of target scout_msgs__rosidl_typesupport_c[0m
[1.280s] [ 34%] Built target ament_cmake_python_symlink_scout_msgs
[1.280s] [ 46%] Built target scout_msgs__rosidl_typesupport_fastrtps_cpp
[1.280s] [ 57%] Built target scout_msgs__rosidl_typesupport_cpp
[1.280s] [ 68%] Built target scout_msgs__rosidl_typesupport_c
[1.280s] [ 79%] Built target scout_msgs__rosidl_typesupport_fastrtps_c
[1.280s] [ 79%] Built target scout_msgs
[1.280s] [ 80%] Built target scout_msgs__py
[1.280s] [35m[1mConsolidate compiler generated dependencies of target scout_msgs__rosidl_generator_py[0m
[1.280s] [ 90%] Built target scout_msgs__rosidl_generator_py
[1.280s] [35m[1mConsolidate compiler generated dependencies of target scout_msgs__rosidl_typesupport_introspection_c__pyext[0m
[1.280s] [35m[1mConsolidate compiler generated dependencies of target scout_msgs__rosidl_typesupport_c__pyext[0m
[1.280s] [35m[1mConsolidate compiler generated dependencies of target scout_msgs__rosidl_typesupport_fastrtps_c__pyext[0m
[1.280s] running egg_info
[1.280s] writing scout_msgs.egg-info/PKG-INFO
[1.280s] writing dependency_links to scout_msgs.egg-info/dependency_links.txt
[1.280s] writing top-level names to scout_msgs.egg-info/top_level.txt
[1.280s] reading manifest file 'scout_msgs.egg-info/SOURCES.txt'
[1.280s] writing manifest file 'scout_msgs.egg-info/SOURCES.txt'
[1.280s] [ 93%] Built target scout_msgs__rosidl_typesupport_c__pyext
[1.280s] [ 96%] Built target scout_msgs__rosidl_typesupport_introspection_c__pyext
[1.280s] [100%] Built target scout_msgs__rosidl_typesupport_fastrtps_c__pyext
[1.280s] [100%] Built target ament_cmake_python_build_scout_msgs_egg
[1.285s] Invoked command in '/home/user/roskit_ws/build/scout_msgs' returned '0': CMAKE_PREFIX_PATH=/opt/ros/humble:${CMAKE_PREFIX_PATH} /usr/bin/cmake --build /home/user/roskit_ws/build/scout_msgs -- -j16 -l16
[1.285s] Invoking command in '/home/user/roskit_ws/build/scout_msgs': CMAKE_PREFIX_PATH=/opt/ros/humble:${CMAKE_PREFIX_PATH} /usr/bin/cmake --install /home/user/roskit_ws/build/scout_msgs
[1.529s] -- Install configuration: "Release"
[1.529s] -- Execute custom install script
[1.529s] -- Up-to-date symlink: /home/user/roskit_ws/install/scout_msgs/share/ament_index/resource_index/rosidl_interfaces/scout_msgs
[1.530s] -- Up-to-date symlink: /home/user/roskit_ws/install/scout_msgs/include/scout_msgs/scout_msgs/msg/detail/scout_actuator_state__functions.h
[1.530s] -- Up-to-date symlink: /home/user/roskit_ws/install/scout_msgs/include/scout_msgs/scout_msgs/msg/detail/scout_actuator_state__struct.h
[1.530s] -- Up-to-date symlink: /home/user/roskit_ws/install/scout_msgs/include/scout_msgs/scout_msgs/msg/detail/scout_actuator_state__type_support.h
[1.530s] -- Up-to-date symlink: /home/user/roskit_ws/install/scout_msgs/include/scout_msgs/scout_msgs/msg/detail/scout_light_cmd__functions.h
[1.531s] -- Up-to-date symlink: /home/user/roskit_ws/install/scout_msgs/include/scout_msgs/scout_msgs/msg/detail/scout_light_cmd__struct.h
[1.531s] -- Up-to-date symlink: /home/user/roskit_ws/install/scout_msgs/include/scout_msgs/scout_msgs/msg/detail/scout_light_cmd__type_support.h
[1.531s] -- Up-to-date symlink: /home/user/roskit_ws/install/scout_msgs/include/scout_msgs/scout_msgs/msg/detail/scout_light_state__functions.h
[1.531s] -- Up-to-date symlink: /home/user/roskit_ws/install/scout_msgs/include/scout_msgs/scout_msgs/msg/detail/scout_light_state__struct.h
[1.532s] -- Up-to-date symlink: /home/user/roskit_ws/install/scout_msgs/include/scout_msgs/scout_msgs/msg/detail/scout_light_state__type_support.h
[1.532s] -- Up-to-date symlink: /home/user/roskit_ws/install/scout_msgs/include/scout_msgs/scout_msgs/msg/detail/scout_rc_state__functions.h
[1.532s] -- Up-to-date symlink: /home/user/roskit_ws/install/scout_msgs/include/scout_msgs/scout_msgs/msg/detail/scout_rc_state__struct.h
[1.532s] -- Up-to-date symlink: /home/user/roskit_ws/install/scout_msgs/include/scout_msgs/scout_msgs/msg/detail/scout_rc_state__type_support.h
[1.532s] -- Up-to-date symlink: /home/user/roskit_ws/install/scout_msgs/include/scout_msgs/scout_msgs/msg/detail/scout_status__functions.h
[1.532s] -- Up-to-date symlink: /home/user/roskit_ws/install/scout_msgs/include/scout_msgs/scout_msgs/msg/detail/scout_status__struct.h
[1.532s] -- Up-to-date symlink: /home/user/roskit_ws/install/scout_msgs/include/scout_msgs/scout_msgs/msg/detail/scout_status__type_support.h
[1.532s] -- Up-to-date symlink: /home/user/roskit_ws/install/scout_msgs/include/scout_msgs/scout_msgs/msg/rosidl_generator_c__visibility_control.h
[1.532s] -- Up-to-date symlink: /home/user/roskit_ws/install/scout_msgs/include/scout_msgs/scout_msgs/msg/scout_actuator_state.h
[1.532s] -- Up-to-date symlink: /home/user/roskit_ws/install/scout_msgs/include/scout_msgs/scout_msgs/msg/scout_light_cmd.h
[1.532s] -- Up-to-date symlink: /home/user/roskit_ws/install/scout_msgs/include/scout_msgs/scout_msgs/msg/scout_light_state.h
[1.532s] -- Up-to-date symlink: /home/user/roskit_ws/install/scout_msgs/include/scout_msgs/scout_msgs/msg/scout_rc_state.h
[1.532s] -- Up-to-date symlink: /home/user/roskit_ws/install/scout_msgs/include/scout_msgs/scout_msgs/msg/scout_status.h
[1.532s] -- Up-to-date symlink: /home/user/roskit_ws/install/scout_msgs/share/scout_msgs/environment/library_path.sh
[1.533s] -- Up-to-date symlink: /home/user/roskit_ws/install/scout_msgs/share/scout_msgs/environment/library_path.dsv
[1.533s] -- Up-to-date symlink: /home/user/roskit_ws/install/scout_msgs/include/scout_msgs/scout_msgs/msg/detail/scout_actuator_state__rosidl_typesupport_fastrtps_c.h
[1.533s] -- Up-to-date symlink: /home/user/roskit_ws/install/scout_msgs/include/scout_msgs/scout_msgs/msg/detail/scout_light_cmd__rosidl_typesupport_fastrtps_c.h
[1.533s] -- Up-to-date symlink: /home/user/roskit_ws/install/scout_msgs/include/scout_msgs/scout_msgs/msg/detail/scout_light_state__rosidl_typesupport_fastrtps_c.h
[1.533s] -- Up-to-date symlink: /home/user/roskit_ws/install/scout_msgs/include/scout_msgs/scout_msgs/msg/detail/scout_rc_state__rosidl_typesupport_fastrtps_c.h
[1.533s] -- Up-to-date symlink: /home/user/roskit_ws/install/scout_msgs/include/scout_msgs/scout_msgs/msg/detail/scout_status__rosidl_typesupport_fastrtps_c.h
[1.533s] -- Up-to-date symlink: /home/user/roskit_ws/install/scout_msgs/include/scout_msgs/scout_msgs/msg/rosidl_typesupport_fastrtps_c__visibility_control.h
[1.533s] -- Up-to-date symlink: /home/user/roskit_ws/install/scout_msgs/include/scout_msgs/scout_msgs/msg/detail/scout_actuator_state__builder.hpp
[1.533s] -- Up-to-date symlink: /home/user/roskit_ws/install/scout_msgs/include/scout_msgs/scout_msgs/msg/detail/scout_actuator_state__struct.hpp
[1.533s] -- Up-to-date symlink: /home/user/roskit_ws/install/scout_msgs/include/scout_msgs/scout_msgs/msg/detail/scout_actuator_state__traits.hpp
[1.533s] -- Up-to-date symlink: /home/user/roskit_ws/install/scout_msgs/include/scout_msgs/scout_msgs/msg/detail/scout_actuator_state__type_support.hpp
[1.533s] -- Up-to-date symlink: /home/user/roskit_ws/install/scout_msgs/include/scout_msgs/scout_msgs/msg/detail/scout_light_cmd__builder.hpp
[1.533s] -- Up-to-date symlink: /home/user/roskit_ws/install/scout_msgs/include/scout_msgs/scout_msgs/msg/detail/scout_light_cmd__struct.hpp
[1.533s] -- Up-to-date symlink: /home/user/roskit_ws/install/scout_msgs/include/scout_msgs/scout_msgs/msg/detail/scout_light_cmd__traits.hpp
[1.533s] -- Up-to-date symlink: /home/user/roskit_ws/install/scout_msgs/include/scout_msgs/scout_msgs/msg/detail/scout_light_cmd__type_support.hpp
[1.533s] -- Up-to-date symlink: /home/user/roskit_ws/install/scout_msgs/include/scout_msgs/scout_msgs/msg/detail/scout_light_state__builder.hpp
[1.533s] -- Up-to-date symlink: /home/user/roskit_ws/install/scout_msgs/include/scout_msgs/scout_msgs/msg/detail/scout_light_state__struct.hpp
[1.533s] -- Up-to-date symlink: /home/user/roskit_ws/install/scout_msgs/include/scout_msgs/scout_msgs/msg/detail/scout_light_state__traits.hpp
[1.533s] -- Up-to-date symlink: /home/user/roskit_ws/install/scout_msgs/include/scout_msgs/scout_msgs/msg/detail/scout_light_state__type_support.hpp
[1.533s] -- Up-to-date symlink: /home/user/roskit_ws/install/scout_msgs/include/scout_msgs/scout_msgs/msg/detail/scout_rc_state__builder.hpp
[1.533s] -- Up-to-date symlink: /home/user/roskit_ws/install/scout_msgs/include/scout_msgs/scout_msgs/msg/detail/scout_rc_state__struct.hpp
[1.533s] -- Up-to-date symlink: /home/user/roskit_ws/install/scout_msgs/include/scout_msgs/scout_msgs/msg/detail/scout_rc_state__traits.hpp
[1.534s] -- Up-to-date symlink: /home/user/roskit_ws/install/scout_msgs/include/scout_msgs/scout_msgs/msg/detail/scout_rc_state__type_support.hpp
[1.534s] -- Up-to-date symlink: /home/user/roskit_ws/install/scout_msgs/include/scout_msgs/scout_msgs/msg/detail/scout_status__builder.hpp
[1.534s] -- Up-to-date symlink: /home/user/roskit_ws/install/scout_msgs/include/scout_msgs/scout_msgs/msg/detail/scout_status__struct.hpp
[1.534s] -- Up-to-date symlink: /home/user/roskit_ws/install/scout_msgs/include/scout_msgs/scout_msgs/msg/detail/scout_status__traits.hpp
[1.534s] -- Up-to-date symlink: /home/user/roskit_ws/install/scout_msgs/include/scout_msgs/scout_msgs/msg/detail/scout_status__type_support.hpp
[1.534s] -- Up-to-date symlink: /home/user/roskit_ws/install/scout_msgs/include/scout_msgs/scout_msgs/msg/rosidl_generator_cpp__visibility_control.hpp
[1.536s] -- Up-to-date symlink: /home/user/roskit_ws/install/scout_msgs/include/scout_msgs/scout_msgs/msg/scout_actuator_state.hpp
[1.536s] -- Up-to-date symlink: /home/user/roskit_ws/install/scout_msgs/include/scout_msgs/scout_msgs/msg/scout_light_cmd.hpp
[1.536s] -- Up-to-date symlink: /home/user/roskit_ws/install/scout_msgs/include/scout_msgs/scout_msgs/msg/scout_light_state.hpp
[1.536s] -- Up-to-date symlink: /home/user/roskit_ws/install/scout_msgs/include/scout_msgs/scout_msgs/msg/scout_rc_state.hpp
[1.536s] -- Up-to-date symlink: /home/user/roskit_ws/install/scout_msgs/include/scout_msgs/scout_msgs/msg/scout_status.hpp
[1.536s] -- Up-to-date symlink: /home/user/roskit_ws/install/scout_msgs/include/scout_msgs/scout_msgs/msg/detail/scout_actuator_state__rosidl_typesupport_fastrtps_cpp.hpp
[1.536s] -- Up-to-date symlink: /home/user/roskit_ws/install/scout_msgs/include/scout_msgs/scout_msgs/msg/detail/scout_light_cmd__rosidl_typesupport_fastrtps_cpp.hpp
[1.536s] -- Up-to-date symlink: /home/user/roskit_ws/install/scout_msgs/include/scout_msgs/scout_msgs/msg/detail/scout_light_state__rosidl_typesupport_fastrtps_cpp.hpp
[1.536s] -- Up-to-date symlink: /home/user/roskit_ws/install/scout_msgs/include/scout_msgs/scout_msgs/msg/detail/scout_rc_state__rosidl_typesupport_fastrtps_cpp.hpp
[1.536s] -- Up-to-date symlink: /home/user/roskit_ws/install/scout_msgs/include/scout_msgs/scout_msgs/msg/detail/scout_status__rosidl_typesupport_fastrtps_cpp.hpp
[1.536s] -- Up-to-date symlink: /home/user/roskit_ws/install/scout_msgs/include/scout_msgs/scout_msgs/msg/rosidl_typesupport_fastrtps_cpp__visibility_control.h
[1.536s] -- Up-to-date symlink: /home/user/roskit_ws/install/scout_msgs/include/scout_msgs/scout_msgs/msg/detail/scout_actuator_state__rosidl_typesupport_introspection_c.h
[1.536s] -- Up-to-date symlink: /home/user/roskit_ws/install/scout_msgs/include/scout_msgs/scout_msgs/msg/detail/scout_light_cmd__rosidl_typesupport_introspection_c.h
[1.536s] -- Up-to-date symlink: /home/user/roskit_ws/install/scout_msgs/include/scout_msgs/scout_msgs/msg/detail/scout_light_state__rosidl_typesupport_introspection_c.h
[1.536s] -- Up-to-date symlink: /home/user/roskit_ws/install/scout_msgs/include/scout_msgs/scout_msgs/msg/detail/scout_rc_state__rosidl_typesupport_introspection_c.h
[1.536s] -- Up-to-date symlink: /home/user/roskit_ws/install/scout_msgs/include/scout_msgs/scout_msgs/msg/detail/scout_status__rosidl_typesupport_introspection_c.h
[1.536s] -- Up-to-date symlink: /home/user/roskit_ws/install/scout_msgs/include/scout_msgs/scout_msgs/msg/rosidl_typesupport_introspection_c__visibility_control.h
[1.536s] -- Up-to-date symlink: /home/user/roskit_ws/install/scout_msgs/include/scout_msgs/scout_msgs/msg/detail/scout_actuator_state__rosidl_typesupport_introspection_cpp.hpp
[1.536s] -- Up-to-date symlink: /home/user/roskit_ws/install/scout_msgs/include/scout_msgs/scout_msgs/msg/detail/scout_light_cmd__rosidl_typesupport_introspection_cpp.hpp
[1.536s] -- Up-to-date symlink: /home/user/roskit_ws/install/scout_msgs/include/scout_msgs/scout_msgs/msg/detail/scout_light_state__rosidl_typesupport_introspection_cpp.hpp
[1.536s] -- Up-to-date symlink: /home/user/roskit_ws/install/scout_msgs/include/scout_msgs/scout_msgs/msg/detail/scout_rc_state__rosidl_typesupport_introspection_cpp.hpp
[1.536s] -- Up-to-date symlink: /home/user/roskit_ws/install/scout_msgs/include/scout_msgs/scout_msgs/msg/detail/scout_status__rosidl_typesupport_introspection_cpp.hpp
[1.536s] -- Up-to-date symlink: /home/user/roskit_ws/install/scout_msgs/share/scout_msgs/environment/pythonpath.sh
[1.536s] -- Up-to-date symlink: /home/user/roskit_ws/install/scout_msgs/share/scout_msgs/environment/pythonpath.dsv
[1.536s] -- Up-to-date symlink: /home/user/roskit_ws/install/scout_msgs/local/lib/python3.10/dist-packages/scout_msgs-0.1.0-py3.10.egg-info/PKG-INFO
[1.536s] -- Up-to-date symlink: /home/user/roskit_ws/install/scout_msgs/local/lib/python3.10/dist-packages/scout_msgs-0.1.0-py3.10.egg-info/SOURCES.txt
[1.536s] -- Up-to-date symlink: /home/user/roskit_ws/install/scout_msgs/local/lib/python3.10/dist-packages/scout_msgs-0.1.0-py3.10.egg-info/dependency_links.txt
[1.536s] -- Up-to-date symlink: /home/user/roskit_ws/install/scout_msgs/local/lib/python3.10/dist-packages/scout_msgs-0.1.0-py3.10.egg-info/top_level.txt
[1.537s] -- Up-to-date symlink: /home/user/roskit_ws/install/scout_msgs/local/lib/python3.10/dist-packages/scout_msgs/__init__.py
[1.537s] -- Up-to-date symlink: /home/user/roskit_ws/install/scout_msgs/local/lib/python3.10/dist-packages/scout_msgs/_scout_msgs_s.ep.rosidl_typesupport_c.c
[1.537s] -- Up-to-date symlink: /home/user/roskit_ws/install/scout_msgs/local/lib/python3.10/dist-packages/scout_msgs/_scout_msgs_s.ep.rosidl_typesupport_fastrtps_c.c
[1.537s] -- Up-to-date symlink: /home/user/roskit_ws/install/scout_msgs/local/lib/python3.10/dist-packages/scout_msgs/_scout_msgs_s.ep.rosidl_typesupport_introspection_c.c
[1.537s] -- Up-to-date symlink: /home/user/roskit_ws/install/scout_msgs/local/lib/python3.10/dist-packages/scout_msgs/libscout_msgs__rosidl_generator_py.so
[1.537s] -- Up-to-date symlink: /home/user/roskit_ws/install/scout_msgs/local/lib/python3.10/dist-packages/scout_msgs/msg/__init__.py
[1.537s] -- Up-to-date symlink: /home/user/roskit_ws/install/scout_msgs/local/lib/python3.10/dist-packages/scout_msgs/msg/_scout_actuator_state.py
[1.537s] -- Up-to-date symlink: /home/user/roskit_ws/install/scout_msgs/local/lib/python3.10/dist-packages/scout_msgs/msg/_scout_actuator_state_s.c
[1.537s] -- Up-to-date symlink: /home/user/roskit_ws/install/scout_msgs/local/lib/python3.10/dist-packages/scout_msgs/msg/_scout_light_cmd.py
[1.537s] -- Up-to-date symlink: /home/user/roskit_ws/install/scout_msgs/local/lib/python3.10/dist-packages/scout_msgs/msg/_scout_light_cmd_s.c
[1.537s] -- Up-to-date symlink: /home/user/roskit_ws/install/scout_msgs/local/lib/python3.10/dist-packages/scout_msgs/msg/_scout_light_state.py
[1.537s] -- Up-to-date symlink: /home/user/roskit_ws/install/scout_msgs/local/lib/python3.10/dist-packages/scout_msgs/msg/_scout_light_state_s.c
[1.537s] -- Up-to-date symlink: /home/user/roskit_ws/install/scout_msgs/local/lib/python3.10/dist-packages/scout_msgs/msg/_scout_rc_state.py
[1.537s] -- Up-to-date symlink: /home/user/roskit_ws/install/scout_msgs/local/lib/python3.10/dist-packages/scout_msgs/msg/_scout_rc_state_s.c
[1.537s] -- Up-to-date symlink: /home/user/roskit_ws/install/scout_msgs/local/lib/python3.10/dist-packages/scout_msgs/msg/_scout_status.py
[1.537s] -- Up-to-date symlink: /home/user/roskit_ws/install/scout_msgs/local/lib/python3.10/dist-packages/scout_msgs/msg/_scout_status_s.c
[1.537s] -- Up-to-date symlink: /home/user/roskit_ws/install/scout_msgs/local/lib/python3.10/dist-packages/scout_msgs/scout_msgs_s__rosidl_typesupport_c.cpython-310-x86_64-linux-gnu.so
[1.537s] -- Up-to-date symlink: /home/user/roskit_ws/install/scout_msgs/local/lib/python3.10/dist-packages/scout_msgs/scout_msgs_s__rosidl_typesupport_fastrtps_c.cpython-310-x86_64-linux-gnu.so
[1.537s] -- Up-to-date symlink: /home/user/roskit_ws/install/scout_msgs/local/lib/python3.10/dist-packages/scout_msgs/scout_msgs_s__rosidl_typesupport_introspection_c.cpython-310-x86_64-linux-gnu.so
[1.537s] -- Up-to-date symlink: /home/user/roskit_ws/install/scout_msgs/local/lib/python3.10/dist-packages/scout_msgs/scout_msgs_s__rosidl_typesupport_fastrtps_c.cpython-310-x86_64-linux-gnu.so
[1.537s] -- Up-to-date symlink: /home/user/roskit_ws/install/scout_msgs/local/lib/python3.10/dist-packages/scout_msgs/scout_msgs_s__rosidl_typesupport_introspection_c.cpython-310-x86_64-linux-gnu.so
[1.537s] -- Up-to-date symlink: /home/user/roskit_ws/install/scout_msgs/local/lib/python3.10/dist-packages/scout_msgs/scout_msgs_s__rosidl_typesupport_c.cpython-310-x86_64-linux-gnu.so
[1.537s] -- Up-to-date symlink: /home/user/roskit_ws/install/scout_msgs/share/scout_msgs/msg/ScoutActuatorState.idl
[1.537s] -- Up-to-date symlink: /home/user/roskit_ws/install/scout_msgs/share/scout_msgs/msg/ScoutLightCmd.idl
[1.537s] -- Up-to-date symlink: /home/user/roskit_ws/install/scout_msgs/share/scout_msgs/msg/ScoutLightState.idl
[1.538s] -- Up-to-date symlink: /home/user/roskit_ws/install/scout_msgs/share/scout_msgs/msg/ScoutRCState.idl
[1.538s] -- Up-to-date symlink: /home/user/roskit_ws/install/scout_msgs/share/scout_msgs/msg/ScoutStatus.idl
[1.538s] -- Up-to-date symlink: /home/user/roskit_ws/install/scout_msgs/share/scout_msgs/msg/ScoutActuatorState.msg
[1.538s] -- Up-to-date symlink: /home/user/roskit_ws/install/scout_msgs/share/scout_msgs/msg/ScoutLightCmd.msg
[1.538s] -- Up-to-date symlink: /home/user/roskit_ws/install/scout_msgs/share/scout_msgs/msg/ScoutLightState.msg
[1.538s] -- Up-to-date symlink: /home/user/roskit_ws/install/scout_msgs/share/scout_msgs/msg/ScoutRCState.msg
[1.538s] -- Up-to-date symlink: /home/user/roskit_ws/install/scout_msgs/share/scout_msgs/msg/ScoutStatus.msg
[1.538s] -- Up-to-date symlink: /home/user/roskit_ws/install/scout_msgs/share/ament_index/resource_index/package_run_dependencies/scout_msgs
[1.538s] -- Up-to-date symlink: /home/user/roskit_ws/install/scout_msgs/share/ament_index/resource_index/parent_prefix_path/scout_msgs
[1.538s] -- Up-to-date symlink: /home/user/roskit_ws/install/scout_msgs/share/scout_msgs/environment/ament_prefix_path.sh
[1.538s] -- Up-to-date symlink: /home/user/roskit_ws/install/scout_msgs/share/scout_msgs/environment/ament_prefix_path.dsv
[1.538s] -- Up-to-date symlink: /home/user/roskit_ws/install/scout_msgs/share/scout_msgs/environment/path.sh
[1.538s] -- Up-to-date symlink: /home/user/roskit_ws/install/scout_msgs/share/scout_msgs/environment/path.dsv
[1.538s] -- Up-to-date symlink: /home/user/roskit_ws/install/scout_msgs/share/scout_msgs/local_setup.bash
[1.538s] -- Up-to-date symlink: /home/user/roskit_ws/install/scout_msgs/share/scout_msgs/local_setup.sh
[1.538s] -- Up-to-date symlink: /home/user/roskit_ws/install/scout_msgs/share/scout_msgs/local_setup.zsh
[1.538s] -- Up-to-date symlink: /home/user/roskit_ws/install/scout_msgs/share/scout_msgs/local_setup.dsv
[1.538s] -- Symlinking: /home/user/roskit_ws/install/scout_msgs/share/scout_msgs/package.dsv
[1.538s] -- Up-to-date symlink: /home/user/roskit_ws/install/scout_msgs/share/ament_index/resource_index/packages/scout_msgs
[1.538s] -- Up-to-date symlink: /home/user/roskit_ws/install/scout_msgs/share/scout_msgs/cmake/rosidl_cmake-extras.cmake
[1.538s] -- Up-to-date symlink: /home/user/roskit_ws/install/scout_msgs/share/scout_msgs/cmake/ament_cmake_export_dependencies-extras.cmake
[1.538s] -- Up-to-date symlink: /home/user/roskit_ws/install/scout_msgs/share/scout_msgs/cmake/ament_cmake_export_include_directories-extras.cmake
[1.538s] -- Up-to-date symlink: /home/user/roskit_ws/install/scout_msgs/share/scout_msgs/cmake/ament_cmake_export_libraries-extras.cmake
[1.538s] -- Up-to-date symlink: /home/user/roskit_ws/install/scout_msgs/share/scout_msgs/cmake/ament_cmake_export_targets-extras.cmake
[1.538s] -- Up-to-date symlink: /home/user/roskit_ws/install/scout_msgs/share/scout_msgs/cmake/rosidl_cmake_export_typesupport_targets-extras.cmake
[1.538s] -- Up-to-date symlink: /home/user/roskit_ws/install/scout_msgs/share/scout_msgs/cmake/rosidl_cmake_export_typesupport_libraries-extras.cmake
[1.538s] -- Up-to-date symlink: /home/user/roskit_ws/install/scout_msgs/share/scout_msgs/cmake/scout_msgsConfig.cmake
[1.538s] -- Up-to-date symlink: /home/user/roskit_ws/install/scout_msgs/share/scout_msgs/cmake/scout_msgsConfig-version.cmake
[1.539s] -- Up-to-date symlink: /home/user/roskit_ws/install/scout_msgs/share/scout_msgs/package.xml
[1.539s] -- Up-to-date: /home/user/roskit_ws/install/scout_msgs/lib/libscout_msgs__rosidl_generator_c.so
[1.539s] -- Up-to-date: /home/user/roskit_ws/install/scout_msgs/lib/libscout_msgs__rosidl_typesupport_fastrtps_c.so
[1.539s] -- Up-to-date: /home/user/roskit_ws/install/scout_msgs/lib/libscout_msgs__rosidl_typesupport_fastrtps_cpp.so
[1.539s] -- Up-to-date: /home/user/roskit_ws/install/scout_msgs/lib/libscout_msgs__rosidl_typesupport_introspection_c.so
[1.539s] -- Up-to-date: /home/user/roskit_ws/install/scout_msgs/lib/libscout_msgs__rosidl_typesupport_c.so
[1.539s] -- Up-to-date: /home/user/roskit_ws/install/scout_msgs/lib/libscout_msgs__rosidl_typesupport_introspection_cpp.so
[1.539s] -- Up-to-date: /home/user/roskit_ws/install/scout_msgs/lib/libscout_msgs__rosidl_typesupport_cpp.so
[1.558s] Listing '/home/user/roskit_ws/install/scout_msgs/local/lib/python3.10/dist-packages/scout_msgs'...
[1.558s] Compiling '/home/user/roskit_ws/install/scout_msgs/local/lib/python3.10/dist-packages/scout_msgs/__init__.py'...
[1.558s] Listing '/home/user/roskit_ws/install/scout_msgs/local/lib/python3.10/dist-packages/scout_msgs/msg'...
[1.562s] -- Up-to-date: /home/user/roskit_ws/install/scout_msgs/lib/libscout_msgs__rosidl_generator_py.so
[1.562s] -- Up-to-date: /home/user/roskit_ws/install/scout_msgs/share/scout_msgs/cmake/export_scout_msgs__rosidl_generator_cExport.cmake
[1.562s] -- Up-to-date: /home/user/roskit_ws/install/scout_msgs/share/scout_msgs/cmake/export_scout_msgs__rosidl_generator_cExport-release.cmake
[1.562s] -- Up-to-date: /home/user/roskit_ws/install/scout_msgs/share/scout_msgs/cmake/export_scout_msgs__rosidl_typesupport_fastrtps_cExport.cmake
[1.563s] -- Up-to-date: /home/user/roskit_ws/install/scout_msgs/share/scout_msgs/cmake/export_scout_msgs__rosidl_typesupport_fastrtps_cExport-release.cmake
[1.563s] -- Up-to-date: /home/user/roskit_ws/install/scout_msgs/share/scout_msgs/cmake/export_scout_msgs__rosidl_generator_cppExport.cmake
[1.563s] -- Up-to-date: /home/user/roskit_ws/install/scout_msgs/share/scout_msgs/cmake/export_scout_msgs__rosidl_typesupport_fastrtps_cppExport.cmake
[1.563s] -- Up-to-date: /home/user/roskit_ws/install/scout_msgs/share/scout_msgs/cmake/export_scout_msgs__rosidl_typesupport_fastrtps_cppExport-release.cmake
[1.563s] -- Up-to-date: /home/user/roskit_ws/install/scout_msgs/share/scout_msgs/cmake/scout_msgs__rosidl_typesupport_introspection_cExport.cmake
[1.563s] -- Up-to-date: /home/user/roskit_ws/install/scout_msgs/share/scout_msgs/cmake/scout_msgs__rosidl_typesupport_introspection_cExport-release.cmake
[1.563s] -- Up-to-date: /home/user/roskit_ws/install/scout_msgs/share/scout_msgs/cmake/scout_msgs__rosidl_typesupport_cExport.cmake
[1.563s] -- Up-to-date: /home/user/roskit_ws/install/scout_msgs/share/scout_msgs/cmake/scout_msgs__rosidl_typesupport_cExport-release.cmake
[1.563s] -- Up-to-date: /home/user/roskit_ws/install/scout_msgs/share/scout_msgs/cmake/scout_msgs__rosidl_typesupport_introspection_cppExport.cmake
[1.563s] -- Up-to-date: /home/user/roskit_ws/install/scout_msgs/share/scout_msgs/cmake/scout_msgs__rosidl_typesupport_introspection_cppExport-release.cmake
[1.563s] -- Up-to-date: /home/user/roskit_ws/install/scout_msgs/share/scout_msgs/cmake/scout_msgs__rosidl_typesupport_cppExport.cmake
[1.563s] -- Up-to-date: /home/user/roskit_ws/install/scout_msgs/share/scout_msgs/cmake/scout_msgs__rosidl_typesupport_cppExport-release.cmake
[1.563s] -- Up-to-date: /home/user/roskit_ws/install/scout_msgs/share/scout_msgs/cmake/export_scout_msgs__rosidl_generator_pyExport.cmake
[1.563s] -- Up-to-date: /home/user/roskit_ws/install/scout_msgs/share/scout_msgs/cmake/export_scout_msgs__rosidl_generator_pyExport-release.cmake
[1.569s] Invoked command in '/home/user/roskit_ws/build/scout_msgs' returned '0': CMAKE_PREFIX_PATH=/opt/ros/humble:${CMAKE_PREFIX_PATH} /usr/bin/cmake --install /home/user/roskit_ws/build/scout_msgs
