[0.055s] Invoking command in '/home/user/roskit_ws/build/scout_description': CMAKE_PREFIX_PATH=/opt/ros/humble:${CMAKE_PREFIX_PATH} /usr/bin/cmake --build /home/user/roskit_ws/build/scout_description -- -j16 -l16
[0.244s] Invoked command in '/home/user/roskit_ws/build/scout_description' returned '0': CMAKE_PREFIX_PATH=/opt/ros/humble:${CMAKE_PREFIX_PATH} /usr/bin/cmake --build /home/user/roskit_ws/build/scout_description -- -j16 -l16
[0.250s] Invoking command in '/home/user/roskit_ws/build/scout_description': CMAKE_PREFIX_PATH=/opt/ros/humble:${CMAKE_PREFIX_PATH} /usr/bin/cmake --install /home/user/roskit_ws/build/scout_description
[0.314s] -- Install configuration: "Release"
[0.315s] -- Execute custom install script
[0.315s] -- Up-to-date symlink: /home/user/roskit_ws/install/scout_description/share/scout_description//launch/scout_base_description.launch.py
[0.315s] -- Up-to-date symlink: /home/user/roskit_ws/install/scout_description/share/scout_description//urdf/generate_urdf.sh
[0.315s] -- Up-to-date symlink: /home/user/roskit_ws/install/scout_description/share/scout_description//urdf/scout_v2.urdf
[0.315s] -- Up-to-date symlink: /home/user/roskit_ws/install/scout_description/share/scout_description//urdf/scout_v2.xacro
[0.315s] -- Up-to-date symlink: /home/user/roskit_ws/install/scout_description/share/scout_description//urdf/scout_wheel_type1.xacro
[0.315s] -- Up-to-date symlink: /home/user/roskit_ws/install/scout_description/share/scout_description//urdf/scout_wheel_type2.xacro
[0.315s] -- Up-to-date symlink: /home/user/roskit_ws/install/scout_description/share/scout_description//meshes/base_link.dae
[0.315s] -- Up-to-date symlink: /home/user/roskit_ws/install/scout_description/share/scout_description//meshes/base_link_full.dae
[0.315s] -- Up-to-date symlink: /home/user/roskit_ws/install/scout_description/share/scout_description//meshes/hokuyo.dae
[0.315s] -- Up-to-date symlink: /home/user/roskit_ws/install/scout_description/share/scout_description//meshes/wheel_type1.dae
[0.315s] -- Up-to-date symlink: /home/user/roskit_ws/install/scout_description/share/scout_description//meshes/wheel_type2.dae
[0.315s] -- Up-to-date symlink: /home/user/roskit_ws/install/scout_description/share/ament_index/resource_index/package_run_dependencies/scout_description
[0.315s] -- Up-to-date symlink: /home/user/roskit_ws/install/scout_description/share/ament_index/resource_index/parent_prefix_path/scout_description
[0.315s] -- Up-to-date symlink: /home/user/roskit_ws/install/scout_description/share/scout_description/environment/ament_prefix_path.sh
[0.315s] -- Up-to-date symlink: /home/user/roskit_ws/install/scout_description/share/scout_description/environment/ament_prefix_path.dsv
[0.316s] -- Up-to-date symlink: /home/user/roskit_ws/install/scout_description/share/scout_description/environment/path.sh
[0.316s] -- Up-to-date symlink: /home/user/roskit_ws/install/scout_description/share/scout_description/environment/path.dsv
[0.316s] -- Up-to-date symlink: /home/user/roskit_ws/install/scout_description/share/scout_description/local_setup.bash
[0.316s] -- Up-to-date symlink: /home/user/roskit_ws/install/scout_description/share/scout_description/local_setup.sh
[0.316s] -- Up-to-date symlink: /home/user/roskit_ws/install/scout_description/share/scout_description/local_setup.zsh
[0.320s] -- Up-to-date symlink: /home/user/roskit_ws/install/scout_description/share/scout_description/local_setup.dsv
[0.320s] -- Symlinking: /home/user/roskit_ws/install/scout_description/share/scout_description/package.dsv
[0.320s] -- Up-to-date symlink: /home/user/roskit_ws/install/scout_description/share/ament_index/resource_index/packages/scout_description
[0.320s] -- Up-to-date symlink: /home/user/roskit_ws/install/scout_description/share/scout_description/cmake/scout_descriptionConfig.cmake
[0.320s] -- Up-to-date symlink: /home/user/roskit_ws/install/scout_description/share/scout_description/cmake/scout_descriptionConfig-version.cmake
[0.320s] -- Up-to-date symlink: /home/user/roskit_ws/install/scout_description/share/scout_description/package.xml
[0.340s] Invoked command in '/home/user/roskit_ws/build/scout_description' returned '0': CMAKE_PREFIX_PATH=/opt/ros/humble:${CMAKE_PREFIX_PATH} /usr/bin/cmake --install /home/user/roskit_ws/build/scout_description
