[0.041s] Invoking command in '/home/user/roskit_ws/build/ugv_sdk': /usr/bin/cmake /home/user/roskit_ws/src/ugv_sdk -DCMAKE_BUILD_TYPE=Release -DROS_EDITION=ROS2 -DHUMBLE_ROS=humble -DCATKIN_INSTALL_INTO_PREFIX_ROOT=0 -DCATKIN_SYMLINK_INSTALL=ON -DCMAKE_INSTALL_PREFIX=/home/user/roskit_ws/install/ugv_sdk
[0.078s] -- Found ccache
[0.078s] -- Build package with cmake
[0.078s] -- Tests will not be built
[0.078s] -- Project will be installed to /home/user/roskit_ws/install/ugv_sdk with 'make install'
[0.078s] --  - To install LIB components to /home/user/roskit_ws/install/ugv_sdk/lib
[0.078s] --  - To install BIN components to /home/user/roskit_ws/install/ugv_sdk/bin
[0.078s] --  - To install INCLUDE components to /home/user/roskit_ws/install/ugv_sdk/include
[0.078s] --  - To install CMAKE components to /home/user/roskit_ws/install/ugv_sdk/share/cmake/ugv_sdk
[0.078s] -- Configuring done
[0.079s] -- Generating done
[0.079s] -- Build files have been written to: /home/user/roskit_ws/build/ugv_sdk
[0.079s] [33mCMake Warning:
[0.079s]   Manually-specified variables were not used by the project:
[0.079s] 
[0.079s]     HUMBLE_ROS
[0.080s]     ROS_EDITION
[0.080s] 
[0.080s] [0m
[0.093s] Invoked command in '/home/user/roskit_ws/build/ugv_sdk' returned '0': /usr/bin/cmake /home/user/roskit_ws/src/ugv_sdk -DCMAKE_BUILD_TYPE=Release -DROS_EDITION=ROS2 -DHUMBLE_ROS=humble -DCATKIN_INSTALL_INTO_PREFIX_ROOT=0 -DCATKIN_SYMLINK_INSTALL=ON -DCMAKE_INSTALL_PREFIX=/home/user/roskit_ws/install/ugv_sdk
[0.094s] Invoking command in '/home/user/roskit_ws/build/ugv_sdk': /usr/bin/cmake --build /home/user/roskit_ws/build/ugv_sdk -- -j16 -l16
[0.281s] [35m[1mConsolidate compiler generated dependencies of target ugv_sdk[0m
[0.281s] [ 42%] Built target ugv_sdk
[0.281s] [35m[1mConsolidate compiler generated dependencies of target demo_scout_robot[0m
[0.281s] [35m[1mConsolidate compiler generated dependencies of target demo_ranger_robot[0m
[0.281s] [35m[1mConsolidate compiler generated dependencies of target demo_tracer_robot[0m
[0.281s] [35m[1mConsolidate compiler generated dependencies of target demo_hunter_robot[0m
[0.281s] [35m[1mConsolidate compiler generated dependencies of target demo_bunker_robot[0m
[0.281s] [35m[1mConsolidate compiler generated dependencies of target demo_protocol_detector[0m
[0.281s] [35m[1mConsolidate compiler generated dependencies of target demo_scout_mini_omni_robot[0m
[0.281s] [ 50%] Built target demo_ranger_robot
[0.281s] [ 57%] Built target demo_scout_robot
[0.281s] [35m[1mConsolidate compiler generated dependencies of target demo_robot_version[0m
[0.281s] [ 64%] Built target demo_tracer_robot
[0.281s] [ 71%] Built target demo_bunker_robot
[0.282s] [ 85%] Built target demo_hunter_robot
[0.282s] [ 85%] Built target demo_scout_mini_omni_robot
[0.282s] [ 92%] Built target demo_protocol_detector
[0.282s] [100%] Built target demo_robot_version
[0.284s] Invoked command in '/home/user/roskit_ws/build/ugv_sdk' returned '0': /usr/bin/cmake --build /home/user/roskit_ws/build/ugv_sdk -- -j16 -l16
[0.291s] Invoking command in '/home/user/roskit_ws/build/ugv_sdk': /usr/bin/cmake --install /home/user/roskit_ws/build/ugv_sdk
[0.317s] -- Install configuration: "Release"
[0.317s] -- Up-to-date: /home/user/roskit_ws/install/ugv_sdk/lib/libugv_sdk.a
[0.317s] -- Up-to-date: /home/user/roskit_ws/install/ugv_sdk/include/ugv_sdk
[0.317s] -- Up-to-date: /home/user/roskit_ws/install/ugv_sdk/include/ugv_sdk/utilities
[0.317s] -- Up-to-date: /home/user/roskit_ws/install/ugv_sdk/include/ugv_sdk/utilities/protocol_detector.hpp
[0.317s] -- Up-to-date: /home/user/roskit_ws/install/ugv_sdk/include/ugv_sdk/details
[0.317s] -- Up-to-date: /home/user/roskit_ws/install/ugv_sdk/include/ugv_sdk/details/async_port
[0.317s] -- Up-to-date: /home/user/roskit_ws/install/ugv_sdk/include/ugv_sdk/details/async_port/ring_buffer.hpp
[0.317s] -- Up-to-date: /home/user/roskit_ws/install/ugv_sdk/include/ugv_sdk/details/async_port/async_serial.hpp
[0.317s] -- Up-to-date: /home/user/roskit_ws/install/ugv_sdk/include/ugv_sdk/details/async_port/async_can.hpp
[0.317s] -- Up-to-date: /home/user/roskit_ws/install/ugv_sdk/include/ugv_sdk/details/interface
[0.317s] -- Up-to-date: /home/user/roskit_ws/install/ugv_sdk/include/ugv_sdk/details/interface/scout_interface.hpp
[0.317s] -- Up-to-date: /home/user/roskit_ws/install/ugv_sdk/include/ugv_sdk/details/interface/hunter_interface.hpp
[0.317s] -- Up-to-date: /home/user/roskit_ws/install/ugv_sdk/include/ugv_sdk/details/interface/agilex_message.h
[0.317s] -- Up-to-date: /home/user/roskit_ws/install/ugv_sdk/include/ugv_sdk/details/interface/titan_interface.hpp
[0.317s] -- Up-to-date: /home/user/roskit_ws/install/ugv_sdk/include/ugv_sdk/details/interface/bunker_interface.hpp
[0.317s] -- Up-to-date: /home/user/roskit_ws/install/ugv_sdk/include/ugv_sdk/details/interface/tracer_interface.hpp
[0.317s] -- Up-to-date: /home/user/roskit_ws/install/ugv_sdk/include/ugv_sdk/details/interface/robot_common_interface.hpp
[0.317s] -- Up-to-date: /home/user/roskit_ws/install/ugv_sdk/include/ugv_sdk/details/interface/ranger_interface.hpp
[0.317s] -- Up-to-date: /home/user/roskit_ws/install/ugv_sdk/include/ugv_sdk/details/interface/agilex_types.h
[0.318s] -- Up-to-date: /home/user/roskit_ws/install/ugv_sdk/include/ugv_sdk/details/protocol_v2
[0.318s] -- Up-to-date: /home/user/roskit_ws/install/ugv_sdk/include/ugv_sdk/details/protocol_v2/protocol_v2_parser.hpp
[0.318s] -- Up-to-date: /home/user/roskit_ws/install/ugv_sdk/include/ugv_sdk/details/parser_base.hpp
[0.318s] -- Up-to-date: /home/user/roskit_ws/install/ugv_sdk/include/ugv_sdk/details/robot_base
[0.318s] -- Up-to-date: /home/user/roskit_ws/install/ugv_sdk/include/ugv_sdk/details/robot_base/scout_base.hpp
[0.318s] -- Up-to-date: /home/user/roskit_ws/install/ugv_sdk/include/ugv_sdk/details/robot_base/hunter_base.hpp
[0.318s] -- Up-to-date: /home/user/roskit_ws/install/ugv_sdk/include/ugv_sdk/details/robot_base/bunker_base.hpp
[0.318s] -- Up-to-date: /home/user/roskit_ws/install/ugv_sdk/include/ugv_sdk/details/robot_base/titan_base.hpp
[0.318s] -- Up-to-date: /home/user/roskit_ws/install/ugv_sdk/include/ugv_sdk/details/robot_base/tracer_base.hpp
[0.318s] -- Up-to-date: /home/user/roskit_ws/install/ugv_sdk/include/ugv_sdk/details/robot_base/ranger_base.hpp
[0.318s] -- Up-to-date: /home/user/roskit_ws/install/ugv_sdk/include/ugv_sdk/details/robot_base/agilex_base.hpp
[0.319s] -- Up-to-date: /home/user/roskit_ws/install/ugv_sdk/include/ugv_sdk/details/protocol_v1
[0.319s] -- Up-to-date: /home/user/roskit_ws/install/ugv_sdk/include/ugv_sdk/details/protocol_v1/protocol_v1_parser.hpp
[0.319s] -- Up-to-date: /home/user/roskit_ws/install/ugv_sdk/include/ugv_sdk/details/protocol_v1/agilex_msg_parser_v1.h
[0.319s] -- Up-to-date: /home/user/roskit_ws/install/ugv_sdk/include/ugv_sdk/details/protocol_v1/robot_limits.hpp
[0.319s] -- Up-to-date: /home/user/roskit_ws/install/ugv_sdk/include/ugv_sdk/mobile_robot
[0.319s] -- Up-to-date: /home/user/roskit_ws/install/ugv_sdk/include/ugv_sdk/mobile_robot/bunker_robot.hpp
[0.319s] -- Up-to-date: /home/user/roskit_ws/install/ugv_sdk/include/ugv_sdk/mobile_robot/titan_robot.hpp
[0.319s] -- Up-to-date: /home/user/roskit_ws/install/ugv_sdk/include/ugv_sdk/mobile_robot/ranger_robot.hpp
[0.319s] -- Up-to-date: /home/user/roskit_ws/install/ugv_sdk/include/ugv_sdk/mobile_robot/tracer_robot.hpp
[0.319s] -- Up-to-date: /home/user/roskit_ws/install/ugv_sdk/include/ugv_sdk/mobile_robot/scout_robot.hpp
[0.319s] -- Up-to-date: /home/user/roskit_ws/install/ugv_sdk/include/ugv_sdk/mobile_robot/hunter_robot.hpp
[0.319s] -- Up-to-date: /home/user/roskit_ws/install/ugv_sdk/lib/cmake/ugv_sdk/ugv_sdkTargets.cmake
[0.319s] -- Up-to-date: /home/user/roskit_ws/install/ugv_sdk/lib/cmake/ugv_sdk/ugv_sdkTargets-release.cmake
[0.321s] -- Up-to-date: /home/user/roskit_ws/install/ugv_sdk/lib/cmake/ugv_sdk/ugv_sdkConfig.cmake
[0.321s] -- Up-to-date: /home/user/roskit_ws/install/ugv_sdk/lib/cmake/ugv_sdk/ugv_sdkConfigVersion.cmake
[0.333s] Invoked command in '/home/user/roskit_ws/build/ugv_sdk' returned '0': /usr/bin/cmake --install /home/user/roskit_ws/build/ugv_sdk
