-- Found ament_cmake: 1.3.12 (/opt/ros/humble/share/ament_cmake/cmake)
-- Override CMake install command with custom implementation using symlinks instead of copying resources
-- Found builtin_interfaces: 1.2.2 (/opt/ros/humble/share/builtin_interfaces/cmake)
-- Found rosidl_generator_c: 3.1.7 (/opt/ros/humble/share/rosidl_generator_c/cmake)
-- Found rosidl_adapter: 3.1.7 (/opt/ros/humble/share/rosidl_adapter/cmake)
-- Found rosidl_generator_cpp: 3.1.7 (/opt/ros/humble/share/rosidl_generator_cpp/cmake)
-- Using all available rosidl_typesupport_c: rosidl_typesupport_fastrtps_c;rosidl_typesupport_introspection_c
-- Using all available rosidl_typesupport_cpp: rosidl_typesupport_fastrtps_cpp;rosidl_typesupport_introspection_cpp
-- Found rosidl_default_generators: 1.2.0 (/opt/ros/humble/share/rosidl_default_generators/cmake)
-- Found std_msgs: 4.9.0 (/opt/ros/humble/share/std_msgs/cmake)
-- Found ament_cmake_ros: 0.10.0 (/opt/ros/humble/share/ament_cmake_ros/cmake)
-- Using all available rosidl_typesupport_c: rosidl_typesupport_fastrtps_c;rosidl_typesupport_introspection_c
-- Using all available rosidl_typesupport_cpp: rosidl_typesupport_fastrtps_cpp;rosidl_typesupport_introspection_cpp
-- Found python_cmake_module: 0.10.0 (/opt/ros/humble/share/python_cmake_module/cmake)
-- Using PYTHON_EXECUTABLE: /usr/bin/python3
-- Using PYTHON_INCLUDE_DIRS: /usr/include/python3.10
-- Using PYTHON_LIBRARIES: /usr/lib/x86_64-linux-gnu/libpython3.10.so
-- Found ament_lint_auto: 0.12.14 (/opt/ros/humble/share/ament_lint_auto/cmake)
-- Added test 'copyright' to check source files copyright and LICENSE
-- Added test 'lint_cmake' to check CMake code style
-- Added test 'xmllint' to check XML markup files
-- Configuring done
-- Generating done
[33mCMake Warning:
  Manually-specified variables were not used by the project:

    HUMBLE_ROS
    ROS_EDITION

[0m
-- Build files have been written to: /home/user/roskit_ws/build/ranger_msgs
[35m[1mConsolidate compiler generated dependencies of target ranger_msgs__rosidl_generator_c[0m
[  1%] Built target ranger_msgs__cpp
[ 12%] Built target ranger_msgs__rosidl_generator_c
[35m[1mConsolidate compiler generated dependencies of target ranger_msgs__rosidl_typesupport_fastrtps_cpp[0m
[35m[1mConsolidate compiler generated dependencies of target ranger_msgs__rosidl_typesupport_cpp[0m
[35m[1mConsolidate compiler generated dependencies of target ranger_msgs__rosidl_typesupport_introspection_cpp[0m
[ 12%] Built target ament_cmake_python_symlink_ranger_msgs
[ 23%] Built target ranger_msgs__rosidl_typesupport_cpp
[ 35%] Built target ranger_msgs__rosidl_typesupport_introspection_cpp
[ 46%] Built target ranger_msgs__rosidl_typesupport_fastrtps_cpp
[35m[1mConsolidate compiler generated dependencies of target ranger_msgs__rosidl_typesupport_c[0m
[35m[1mConsolidate compiler generated dependencies of target ranger_msgs__rosidl_typesupport_fastrtps_c[0m
[35m[1mConsolidate compiler generated dependencies of target ranger_msgs__rosidl_typesupport_introspection_c[0m
[ 57%] Built target ranger_msgs__rosidl_typesupport_c
[ 70%] Built target ranger_msgs__rosidl_typesupport_fastrtps_c
[ 80%] Built target ranger_msgs__rosidl_typesupport_introspection_c
[ 80%] Built target ranger_msgs
[ 81%] Built target ranger_msgs__py
[35m[1mConsolidate compiler generated dependencies of target ranger_msgs__rosidl_generator_py[0m
[ 91%] Built target ranger_msgs__rosidl_generator_py
running egg_info
writing ranger_msgs.egg-info/PKG-INFO
writing dependency_links to ranger_msgs.egg-info/dependency_links.txt
writing top-level names to ranger_msgs.egg-info/top_level.txt
reading manifest file 'ranger_msgs.egg-info/SOURCES.txt'
writing manifest file 'ranger_msgs.egg-info/SOURCES.txt'
[35m[1mConsolidate compiler generated dependencies of target ranger_msgs__rosidl_typesupport_c__pyext[0m
[35m[1mConsolidate compiler generated dependencies of target ranger_msgs__rosidl_typesupport_fastrtps_c__pyext[0m
[ 94%] Built target ranger_msgs__rosidl_typesupport_c__pyext
[35m[1mConsolidate compiler generated dependencies of target ranger_msgs__rosidl_typesupport_introspection_c__pyext[0m
[ 94%] Built target ament_cmake_python_build_ranger_msgs_egg
[ 97%] Built target ranger_msgs__rosidl_typesupport_fastrtps_c__pyext
[100%] Built target ranger_msgs__rosidl_typesupport_introspection_c__pyext
-- Install configuration: "Release"
-- Execute custom install script
-- Up-to-date symlink: /home/user/roskit_ws/install/ranger_msgs/share/ament_index/resource_index/rosidl_interfaces/ranger_msgs
-- Up-to-date symlink: /home/user/roskit_ws/install/ranger_msgs/include/ranger_msgs/ranger_msgs/msg/actuator_state.h
-- Up-to-date symlink: /home/user/roskit_ws/install/ranger_msgs/include/ranger_msgs/ranger_msgs/msg/actuator_state_array.h
-- Up-to-date symlink: /home/user/roskit_ws/install/ranger_msgs/include/ranger_msgs/ranger_msgs/msg/detail/actuator_state__functions.h
-- Up-to-date symlink: /home/user/roskit_ws/install/ranger_msgs/include/ranger_msgs/ranger_msgs/msg/detail/actuator_state__struct.h
-- Up-to-date symlink: /home/user/roskit_ws/install/ranger_msgs/include/ranger_msgs/ranger_msgs/msg/detail/actuator_state__type_support.h
-- Up-to-date symlink: /home/user/roskit_ws/install/ranger_msgs/include/ranger_msgs/ranger_msgs/msg/detail/actuator_state_array__functions.h
-- Up-to-date symlink: /home/user/roskit_ws/install/ranger_msgs/include/ranger_msgs/ranger_msgs/msg/detail/actuator_state_array__struct.h
-- Up-to-date symlink: /home/user/roskit_ws/install/ranger_msgs/include/ranger_msgs/ranger_msgs/msg/detail/actuator_state_array__type_support.h
-- Up-to-date symlink: /home/user/roskit_ws/install/ranger_msgs/include/ranger_msgs/ranger_msgs/msg/detail/driver_state__functions.h
-- Up-to-date symlink: /home/user/roskit_ws/install/ranger_msgs/include/ranger_msgs/ranger_msgs/msg/detail/driver_state__struct.h
-- Up-to-date symlink: /home/user/roskit_ws/install/ranger_msgs/include/ranger_msgs/ranger_msgs/msg/detail/driver_state__type_support.h
-- Up-to-date symlink: /home/user/roskit_ws/install/ranger_msgs/include/ranger_msgs/ranger_msgs/msg/detail/motion_state__functions.h
-- Up-to-date symlink: /home/user/roskit_ws/install/ranger_msgs/include/ranger_msgs/ranger_msgs/msg/detail/motion_state__struct.h
-- Up-to-date symlink: /home/user/roskit_ws/install/ranger_msgs/include/ranger_msgs/ranger_msgs/msg/detail/motion_state__type_support.h
-- Up-to-date symlink: /home/user/roskit_ws/install/ranger_msgs/include/ranger_msgs/ranger_msgs/msg/detail/motor_state__functions.h
-- Up-to-date symlink: /home/user/roskit_ws/install/ranger_msgs/include/ranger_msgs/ranger_msgs/msg/detail/motor_state__struct.h
-- Up-to-date symlink: /home/user/roskit_ws/install/ranger_msgs/include/ranger_msgs/ranger_msgs/msg/detail/motor_state__type_support.h
-- Up-to-date symlink: /home/user/roskit_ws/install/ranger_msgs/include/ranger_msgs/ranger_msgs/msg/detail/system_state__functions.h
-- Up-to-date symlink: /home/user/roskit_ws/install/ranger_msgs/include/ranger_msgs/ranger_msgs/msg/detail/system_state__struct.h
-- Up-to-date symlink: /home/user/roskit_ws/install/ranger_msgs/include/ranger_msgs/ranger_msgs/msg/detail/system_state__type_support.h
-- Up-to-date symlink: /home/user/roskit_ws/install/ranger_msgs/include/ranger_msgs/ranger_msgs/msg/driver_state.h
-- Up-to-date symlink: /home/user/roskit_ws/install/ranger_msgs/include/ranger_msgs/ranger_msgs/msg/motion_state.h
-- Up-to-date symlink: /home/user/roskit_ws/install/ranger_msgs/include/ranger_msgs/ranger_msgs/msg/motor_state.h
-- Up-to-date symlink: /home/user/roskit_ws/install/ranger_msgs/include/ranger_msgs/ranger_msgs/msg/rosidl_generator_c__visibility_control.h
-- Up-to-date symlink: /home/user/roskit_ws/install/ranger_msgs/include/ranger_msgs/ranger_msgs/msg/system_state.h
-- Up-to-date symlink: /home/user/roskit_ws/install/ranger_msgs/share/ranger_msgs/environment/library_path.sh
-- Up-to-date symlink: /home/user/roskit_ws/install/ranger_msgs/share/ranger_msgs/environment/library_path.dsv
-- Up-to-date symlink: /home/user/roskit_ws/install/ranger_msgs/include/ranger_msgs/ranger_msgs/msg/detail/actuator_state__rosidl_typesupport_fastrtps_c.h
-- Up-to-date symlink: /home/user/roskit_ws/install/ranger_msgs/include/ranger_msgs/ranger_msgs/msg/detail/actuator_state_array__rosidl_typesupport_fastrtps_c.h
-- Up-to-date symlink: /home/user/roskit_ws/install/ranger_msgs/include/ranger_msgs/ranger_msgs/msg/detail/driver_state__rosidl_typesupport_fastrtps_c.h
-- Up-to-date symlink: /home/user/roskit_ws/install/ranger_msgs/include/ranger_msgs/ranger_msgs/msg/detail/motion_state__rosidl_typesupport_fastrtps_c.h
-- Up-to-date symlink: /home/user/roskit_ws/install/ranger_msgs/include/ranger_msgs/ranger_msgs/msg/detail/motor_state__rosidl_typesupport_fastrtps_c.h
-- Up-to-date symlink: /home/user/roskit_ws/install/ranger_msgs/include/ranger_msgs/ranger_msgs/msg/detail/system_state__rosidl_typesupport_fastrtps_c.h
-- Up-to-date symlink: /home/user/roskit_ws/install/ranger_msgs/include/ranger_msgs/ranger_msgs/msg/rosidl_typesupport_fastrtps_c__visibility_control.h
-- Up-to-date symlink: /home/user/roskit_ws/install/ranger_msgs/include/ranger_msgs/ranger_msgs/msg/actuator_state.hpp
-- Up-to-date symlink: /home/user/roskit_ws/install/ranger_msgs/include/ranger_msgs/ranger_msgs/msg/actuator_state_array.hpp
-- Up-to-date symlink: /home/user/roskit_ws/install/ranger_msgs/include/ranger_msgs/ranger_msgs/msg/detail/actuator_state__builder.hpp
-- Up-to-date symlink: /home/user/roskit_ws/install/ranger_msgs/include/ranger_msgs/ranger_msgs/msg/detail/actuator_state__struct.hpp
-- Up-to-date symlink: /home/user/roskit_ws/install/ranger_msgs/include/ranger_msgs/ranger_msgs/msg/detail/actuator_state__traits.hpp
-- Up-to-date symlink: /home/user/roskit_ws/install/ranger_msgs/include/ranger_msgs/ranger_msgs/msg/detail/actuator_state__type_support.hpp
-- Up-to-date symlink: /home/user/roskit_ws/install/ranger_msgs/include/ranger_msgs/ranger_msgs/msg/detail/actuator_state_array__builder.hpp
-- Up-to-date symlink: /home/user/roskit_ws/install/ranger_msgs/include/ranger_msgs/ranger_msgs/msg/detail/actuator_state_array__struct.hpp
-- Up-to-date symlink: /home/user/roskit_ws/install/ranger_msgs/include/ranger_msgs/ranger_msgs/msg/detail/actuator_state_array__traits.hpp
-- Up-to-date symlink: /home/user/roskit_ws/install/ranger_msgs/include/ranger_msgs/ranger_msgs/msg/detail/actuator_state_array__type_support.hpp
-- Up-to-date symlink: /home/user/roskit_ws/install/ranger_msgs/include/ranger_msgs/ranger_msgs/msg/detail/driver_state__builder.hpp
-- Up-to-date symlink: /home/user/roskit_ws/install/ranger_msgs/include/ranger_msgs/ranger_msgs/msg/detail/driver_state__struct.hpp
-- Up-to-date symlink: /home/user/roskit_ws/install/ranger_msgs/include/ranger_msgs/ranger_msgs/msg/detail/driver_state__traits.hpp
-- Up-to-date symlink: /home/user/roskit_ws/install/ranger_msgs/include/ranger_msgs/ranger_msgs/msg/detail/driver_state__type_support.hpp
-- Up-to-date symlink: /home/user/roskit_ws/install/ranger_msgs/include/ranger_msgs/ranger_msgs/msg/detail/motion_state__builder.hpp
-- Up-to-date symlink: /home/user/roskit_ws/install/ranger_msgs/include/ranger_msgs/ranger_msgs/msg/detail/motion_state__struct.hpp
-- Up-to-date symlink: /home/user/roskit_ws/install/ranger_msgs/include/ranger_msgs/ranger_msgs/msg/detail/motion_state__traits.hpp
-- Up-to-date symlink: /home/user/roskit_ws/install/ranger_msgs/include/ranger_msgs/ranger_msgs/msg/detail/motion_state__type_support.hpp
-- Up-to-date symlink: /home/user/roskit_ws/install/ranger_msgs/include/ranger_msgs/ranger_msgs/msg/detail/motor_state__builder.hpp
-- Up-to-date symlink: /home/user/roskit_ws/install/ranger_msgs/include/ranger_msgs/ranger_msgs/msg/detail/motor_state__struct.hpp
-- Up-to-date symlink: /home/user/roskit_ws/install/ranger_msgs/include/ranger_msgs/ranger_msgs/msg/detail/motor_state__traits.hpp
-- Up-to-date symlink: /home/user/roskit_ws/install/ranger_msgs/include/ranger_msgs/ranger_msgs/msg/detail/motor_state__type_support.hpp
-- Up-to-date symlink: /home/user/roskit_ws/install/ranger_msgs/include/ranger_msgs/ranger_msgs/msg/detail/system_state__builder.hpp
-- Up-to-date symlink: /home/user/roskit_ws/install/ranger_msgs/include/ranger_msgs/ranger_msgs/msg/detail/system_state__struct.hpp
-- Up-to-date symlink: /home/user/roskit_ws/install/ranger_msgs/include/ranger_msgs/ranger_msgs/msg/detail/system_state__traits.hpp
-- Up-to-date symlink: /home/user/roskit_ws/install/ranger_msgs/include/ranger_msgs/ranger_msgs/msg/detail/system_state__type_support.hpp
-- Up-to-date symlink: /home/user/roskit_ws/install/ranger_msgs/include/ranger_msgs/ranger_msgs/msg/driver_state.hpp
-- Up-to-date symlink: /home/user/roskit_ws/install/ranger_msgs/include/ranger_msgs/ranger_msgs/msg/motion_state.hpp
-- Up-to-date symlink: /home/user/roskit_ws/install/ranger_msgs/include/ranger_msgs/ranger_msgs/msg/motor_state.hpp
-- Up-to-date symlink: /home/user/roskit_ws/install/ranger_msgs/include/ranger_msgs/ranger_msgs/msg/rosidl_generator_cpp__visibility_control.hpp
-- Up-to-date symlink: /home/user/roskit_ws/install/ranger_msgs/include/ranger_msgs/ranger_msgs/msg/system_state.hpp
-- Up-to-date symlink: /home/user/roskit_ws/install/ranger_msgs/include/ranger_msgs/ranger_msgs/msg/detail/actuator_state__rosidl_typesupport_fastrtps_cpp.hpp
-- Up-to-date symlink: /home/user/roskit_ws/install/ranger_msgs/include/ranger_msgs/ranger_msgs/msg/detail/actuator_state_array__rosidl_typesupport_fastrtps_cpp.hpp
-- Up-to-date symlink: /home/user/roskit_ws/install/ranger_msgs/include/ranger_msgs/ranger_msgs/msg/detail/driver_state__rosidl_typesupport_fastrtps_cpp.hpp
-- Up-to-date symlink: /home/user/roskit_ws/install/ranger_msgs/include/ranger_msgs/ranger_msgs/msg/detail/motion_state__rosidl_typesupport_fastrtps_cpp.hpp
-- Up-to-date symlink: /home/user/roskit_ws/install/ranger_msgs/include/ranger_msgs/ranger_msgs/msg/detail/motor_state__rosidl_typesupport_fastrtps_cpp.hpp
-- Up-to-date symlink: /home/user/roskit_ws/install/ranger_msgs/include/ranger_msgs/ranger_msgs/msg/detail/system_state__rosidl_typesupport_fastrtps_cpp.hpp
-- Up-to-date symlink: /home/user/roskit_ws/install/ranger_msgs/include/ranger_msgs/ranger_msgs/msg/rosidl_typesupport_fastrtps_cpp__visibility_control.h
-- Up-to-date symlink: /home/user/roskit_ws/install/ranger_msgs/include/ranger_msgs/ranger_msgs/msg/detail/actuator_state__rosidl_typesupport_introspection_c.h
-- Up-to-date symlink: /home/user/roskit_ws/install/ranger_msgs/include/ranger_msgs/ranger_msgs/msg/detail/actuator_state_array__rosidl_typesupport_introspection_c.h
-- Up-to-date symlink: /home/user/roskit_ws/install/ranger_msgs/include/ranger_msgs/ranger_msgs/msg/detail/driver_state__rosidl_typesupport_introspection_c.h
-- Up-to-date symlink: /home/user/roskit_ws/install/ranger_msgs/include/ranger_msgs/ranger_msgs/msg/detail/motion_state__rosidl_typesupport_introspection_c.h
-- Up-to-date symlink: /home/user/roskit_ws/install/ranger_msgs/include/ranger_msgs/ranger_msgs/msg/detail/motor_state__rosidl_typesupport_introspection_c.h
-- Up-to-date symlink: /home/user/roskit_ws/install/ranger_msgs/include/ranger_msgs/ranger_msgs/msg/detail/system_state__rosidl_typesupport_introspection_c.h
-- Up-to-date symlink: /home/user/roskit_ws/install/ranger_msgs/include/ranger_msgs/ranger_msgs/msg/rosidl_typesupport_introspection_c__visibility_control.h
-- Up-to-date symlink: /home/user/roskit_ws/install/ranger_msgs/include/ranger_msgs/ranger_msgs/msg/detail/actuator_state__rosidl_typesupport_introspection_cpp.hpp
-- Up-to-date symlink: /home/user/roskit_ws/install/ranger_msgs/include/ranger_msgs/ranger_msgs/msg/detail/actuator_state_array__rosidl_typesupport_introspection_cpp.hpp
-- Up-to-date symlink: /home/user/roskit_ws/install/ranger_msgs/include/ranger_msgs/ranger_msgs/msg/detail/driver_state__rosidl_typesupport_introspection_cpp.hpp
-- Up-to-date symlink: /home/user/roskit_ws/install/ranger_msgs/include/ranger_msgs/ranger_msgs/msg/detail/motion_state__rosidl_typesupport_introspection_cpp.hpp
-- Up-to-date symlink: /home/user/roskit_ws/install/ranger_msgs/include/ranger_msgs/ranger_msgs/msg/detail/motor_state__rosidl_typesupport_introspection_cpp.hpp
-- Up-to-date symlink: /home/user/roskit_ws/install/ranger_msgs/include/ranger_msgs/ranger_msgs/msg/detail/system_state__rosidl_typesupport_introspection_cpp.hpp
-- Up-to-date symlink: /home/user/roskit_ws/install/ranger_msgs/share/ranger_msgs/environment/pythonpath.sh
-- Up-to-date symlink: /home/user/roskit_ws/install/ranger_msgs/share/ranger_msgs/environment/pythonpath.dsv
-- Up-to-date symlink: /home/user/roskit_ws/install/ranger_msgs/local/lib/python3.10/dist-packages/ranger_msgs-0.0.1-py3.10.egg-info/PKG-INFO
-- Up-to-date symlink: /home/user/roskit_ws/install/ranger_msgs/local/lib/python3.10/dist-packages/ranger_msgs-0.0.1-py3.10.egg-info/SOURCES.txt
-- Up-to-date symlink: /home/user/roskit_ws/install/ranger_msgs/local/lib/python3.10/dist-packages/ranger_msgs-0.0.1-py3.10.egg-info/dependency_links.txt
-- Up-to-date symlink: /home/user/roskit_ws/install/ranger_msgs/local/lib/python3.10/dist-packages/ranger_msgs-0.0.1-py3.10.egg-info/top_level.txt
-- Up-to-date symlink: /home/user/roskit_ws/install/ranger_msgs/local/lib/python3.10/dist-packages/ranger_msgs/__init__.py
-- Up-to-date symlink: /home/user/roskit_ws/install/ranger_msgs/local/lib/python3.10/dist-packages/ranger_msgs/_ranger_msgs_s.ep.rosidl_typesupport_c.c
-- Up-to-date symlink: /home/user/roskit_ws/install/ranger_msgs/local/lib/python3.10/dist-packages/ranger_msgs/_ranger_msgs_s.ep.rosidl_typesupport_fastrtps_c.c
-- Up-to-date symlink: /home/user/roskit_ws/install/ranger_msgs/local/lib/python3.10/dist-packages/ranger_msgs/_ranger_msgs_s.ep.rosidl_typesupport_introspection_c.c
-- Up-to-date symlink: /home/user/roskit_ws/install/ranger_msgs/local/lib/python3.10/dist-packages/ranger_msgs/libranger_msgs__rosidl_generator_py.so
-- Up-to-date symlink: /home/user/roskit_ws/install/ranger_msgs/local/lib/python3.10/dist-packages/ranger_msgs/msg/__init__.py
-- Up-to-date symlink: /home/user/roskit_ws/install/ranger_msgs/local/lib/python3.10/dist-packages/ranger_msgs/msg/_actuator_state.py
-- Up-to-date symlink: /home/user/roskit_ws/install/ranger_msgs/local/lib/python3.10/dist-packages/ranger_msgs/msg/_actuator_state_array.py
-- Up-to-date symlink: /home/user/roskit_ws/install/ranger_msgs/local/lib/python3.10/dist-packages/ranger_msgs/msg/_actuator_state_array_s.c
-- Up-to-date symlink: /home/user/roskit_ws/install/ranger_msgs/local/lib/python3.10/dist-packages/ranger_msgs/msg/_actuator_state_s.c
-- Up-to-date symlink: /home/user/roskit_ws/install/ranger_msgs/local/lib/python3.10/dist-packages/ranger_msgs/msg/_driver_state.py
-- Up-to-date symlink: /home/user/roskit_ws/install/ranger_msgs/local/lib/python3.10/dist-packages/ranger_msgs/msg/_driver_state_s.c
-- Up-to-date symlink: /home/user/roskit_ws/install/ranger_msgs/local/lib/python3.10/dist-packages/ranger_msgs/msg/_motion_state.py
-- Up-to-date symlink: /home/user/roskit_ws/install/ranger_msgs/local/lib/python3.10/dist-packages/ranger_msgs/msg/_motion_state_s.c
-- Up-to-date symlink: /home/user/roskit_ws/install/ranger_msgs/local/lib/python3.10/dist-packages/ranger_msgs/msg/_motor_state.py
-- Up-to-date symlink: /home/user/roskit_ws/install/ranger_msgs/local/lib/python3.10/dist-packages/ranger_msgs/msg/_motor_state_s.c
-- Up-to-date symlink: /home/user/roskit_ws/install/ranger_msgs/local/lib/python3.10/dist-packages/ranger_msgs/msg/_system_state.py
-- Up-to-date symlink: /home/user/roskit_ws/install/ranger_msgs/local/lib/python3.10/dist-packages/ranger_msgs/msg/_system_state_s.c
-- Up-to-date symlink: /home/user/roskit_ws/install/ranger_msgs/local/lib/python3.10/dist-packages/ranger_msgs/ranger_msgs_s__rosidl_typesupport_c.cpython-310-x86_64-linux-gnu.so
-- Up-to-date symlink: /home/user/roskit_ws/install/ranger_msgs/local/lib/python3.10/dist-packages/ranger_msgs/ranger_msgs_s__rosidl_typesupport_fastrtps_c.cpython-310-x86_64-linux-gnu.so
-- Up-to-date symlink: /home/user/roskit_ws/install/ranger_msgs/local/lib/python3.10/dist-packages/ranger_msgs/ranger_msgs_s__rosidl_typesupport_introspection_c.cpython-310-x86_64-linux-gnu.so
-- Up-to-date symlink: /home/user/roskit_ws/install/ranger_msgs/local/lib/python3.10/dist-packages/ranger_msgs/ranger_msgs_s__rosidl_typesupport_fastrtps_c.cpython-310-x86_64-linux-gnu.so
-- Up-to-date symlink: /home/user/roskit_ws/install/ranger_msgs/local/lib/python3.10/dist-packages/ranger_msgs/ranger_msgs_s__rosidl_typesupport_introspection_c.cpython-310-x86_64-linux-gnu.so
-- Up-to-date symlink: /home/user/roskit_ws/install/ranger_msgs/local/lib/python3.10/dist-packages/ranger_msgs/ranger_msgs_s__rosidl_typesupport_c.cpython-310-x86_64-linux-gnu.so
-- Up-to-date symlink: /home/user/roskit_ws/install/ranger_msgs/share/ranger_msgs/msg/ActuatorState.idl
-- Up-to-date symlink: /home/user/roskit_ws/install/ranger_msgs/share/ranger_msgs/msg/ActuatorStateArray.idl
-- Up-to-date symlink: /home/user/roskit_ws/install/ranger_msgs/share/ranger_msgs/msg/DriverState.idl
-- Up-to-date symlink: /home/user/roskit_ws/install/ranger_msgs/share/ranger_msgs/msg/MotionState.idl
-- Up-to-date symlink: /home/user/roskit_ws/install/ranger_msgs/share/ranger_msgs/msg/MotorState.idl
-- Up-to-date symlink: /home/user/roskit_ws/install/ranger_msgs/share/ranger_msgs/msg/SystemState.idl
-- Up-to-date symlink: /home/user/roskit_ws/install/ranger_msgs/share/ranger_msgs/msg/ActuatorState.msg
-- Up-to-date symlink: /home/user/roskit_ws/install/ranger_msgs/share/ranger_msgs/msg/ActuatorStateArray.msg
-- Up-to-date symlink: /home/user/roskit_ws/install/ranger_msgs/share/ranger_msgs/msg/DriverState.msg
-- Up-to-date symlink: /home/user/roskit_ws/install/ranger_msgs/share/ranger_msgs/msg/MotionState.msg
-- Up-to-date symlink: /home/user/roskit_ws/install/ranger_msgs/share/ranger_msgs/msg/MotorState.msg
-- Up-to-date symlink: /home/user/roskit_ws/install/ranger_msgs/share/ranger_msgs/msg/SystemState.msg
-- Up-to-date symlink: /home/user/roskit_ws/install/ranger_msgs/share/ament_index/resource_index/package_run_dependencies/ranger_msgs
-- Up-to-date symlink: /home/user/roskit_ws/install/ranger_msgs/share/ament_index/resource_index/parent_prefix_path/ranger_msgs
-- Up-to-date symlink: /home/user/roskit_ws/install/ranger_msgs/share/ranger_msgs/environment/ament_prefix_path.sh
-- Up-to-date symlink: /home/user/roskit_ws/install/ranger_msgs/share/ranger_msgs/environment/ament_prefix_path.dsv
-- Up-to-date symlink: /home/user/roskit_ws/install/ranger_msgs/share/ranger_msgs/environment/path.sh
-- Up-to-date symlink: /home/user/roskit_ws/install/ranger_msgs/share/ranger_msgs/environment/path.dsv
-- Up-to-date symlink: /home/user/roskit_ws/install/ranger_msgs/share/ranger_msgs/local_setup.bash
-- Up-to-date symlink: /home/user/roskit_ws/install/ranger_msgs/share/ranger_msgs/local_setup.sh
-- Up-to-date symlink: /home/user/roskit_ws/install/ranger_msgs/share/ranger_msgs/local_setup.zsh
-- Up-to-date symlink: /home/user/roskit_ws/install/ranger_msgs/share/ranger_msgs/local_setup.dsv
-- Symlinking: /home/user/roskit_ws/install/ranger_msgs/share/ranger_msgs/package.dsv
-- Up-to-date symlink: /home/user/roskit_ws/install/ranger_msgs/share/ament_index/resource_index/packages/ranger_msgs
-- Up-to-date symlink: /home/user/roskit_ws/install/ranger_msgs/share/ranger_msgs/cmake/rosidl_cmake-extras.cmake
-- Up-to-date symlink: /home/user/roskit_ws/install/ranger_msgs/share/ranger_msgs/cmake/ament_cmake_export_dependencies-extras.cmake
-- Up-to-date symlink: /home/user/roskit_ws/install/ranger_msgs/share/ranger_msgs/cmake/ament_cmake_export_include_directories-extras.cmake
-- Up-to-date symlink: /home/user/roskit_ws/install/ranger_msgs/share/ranger_msgs/cmake/ament_cmake_export_libraries-extras.cmake
-- Up-to-date symlink: /home/user/roskit_ws/install/ranger_msgs/share/ranger_msgs/cmake/ament_cmake_export_targets-extras.cmake
-- Up-to-date symlink: /home/user/roskit_ws/install/ranger_msgs/share/ranger_msgs/cmake/rosidl_cmake_export_typesupport_targets-extras.cmake
-- Up-to-date symlink: /home/user/roskit_ws/install/ranger_msgs/share/ranger_msgs/cmake/rosidl_cmake_export_typesupport_libraries-extras.cmake
-- Up-to-date symlink: /home/user/roskit_ws/install/ranger_msgs/share/ranger_msgs/cmake/ranger_msgsConfig.cmake
-- Up-to-date symlink: /home/user/roskit_ws/install/ranger_msgs/share/ranger_msgs/cmake/ranger_msgsConfig-version.cmake
-- Up-to-date symlink: /home/user/roskit_ws/install/ranger_msgs/share/ranger_msgs/package.xml
-- Up-to-date: /home/user/roskit_ws/install/ranger_msgs/lib/libranger_msgs__rosidl_generator_c.so
-- Up-to-date: /home/user/roskit_ws/install/ranger_msgs/lib/libranger_msgs__rosidl_typesupport_fastrtps_c.so
-- Up-to-date: /home/user/roskit_ws/install/ranger_msgs/lib/libranger_msgs__rosidl_typesupport_fastrtps_cpp.so
-- Up-to-date: /home/user/roskit_ws/install/ranger_msgs/lib/libranger_msgs__rosidl_typesupport_introspection_c.so
-- Up-to-date: /home/user/roskit_ws/install/ranger_msgs/lib/libranger_msgs__rosidl_typesupport_c.so
-- Up-to-date: /home/user/roskit_ws/install/ranger_msgs/lib/libranger_msgs__rosidl_typesupport_introspection_cpp.so
-- Up-to-date: /home/user/roskit_ws/install/ranger_msgs/lib/libranger_msgs__rosidl_typesupport_cpp.so
Listing '/home/user/roskit_ws/install/ranger_msgs/local/lib/python3.10/dist-packages/ranger_msgs'...
Compiling '/home/user/roskit_ws/install/ranger_msgs/local/lib/python3.10/dist-packages/ranger_msgs/__init__.py'...
Listing '/home/user/roskit_ws/install/ranger_msgs/local/lib/python3.10/dist-packages/ranger_msgs/msg'...
-- Up-to-date: /home/user/roskit_ws/install/ranger_msgs/lib/libranger_msgs__rosidl_generator_py.so
-- Up-to-date: /home/user/roskit_ws/install/ranger_msgs/share/ranger_msgs/cmake/export_ranger_msgs__rosidl_generator_cExport.cmake
-- Up-to-date: /home/user/roskit_ws/install/ranger_msgs/share/ranger_msgs/cmake/export_ranger_msgs__rosidl_generator_cExport-release.cmake
-- Up-to-date: /home/user/roskit_ws/install/ranger_msgs/share/ranger_msgs/cmake/export_ranger_msgs__rosidl_typesupport_fastrtps_cExport.cmake
-- Up-to-date: /home/user/roskit_ws/install/ranger_msgs/share/ranger_msgs/cmake/export_ranger_msgs__rosidl_typesupport_fastrtps_cExport-release.cmake
-- Up-to-date: /home/user/roskit_ws/install/ranger_msgs/share/ranger_msgs/cmake/export_ranger_msgs__rosidl_generator_cppExport.cmake
-- Up-to-date: /home/user/roskit_ws/install/ranger_msgs/share/ranger_msgs/cmake/export_ranger_msgs__rosidl_typesupport_fastrtps_cppExport.cmake
-- Up-to-date: /home/user/roskit_ws/install/ranger_msgs/share/ranger_msgs/cmake/export_ranger_msgs__rosidl_typesupport_fastrtps_cppExport-release.cmake
-- Up-to-date: /home/user/roskit_ws/install/ranger_msgs/share/ranger_msgs/cmake/ranger_msgs__rosidl_typesupport_introspection_cExport.cmake
-- Up-to-date: /home/user/roskit_ws/install/ranger_msgs/share/ranger_msgs/cmake/ranger_msgs__rosidl_typesupport_introspection_cExport-release.cmake
-- Up-to-date: /home/user/roskit_ws/install/ranger_msgs/share/ranger_msgs/cmake/ranger_msgs__rosidl_typesupport_cExport.cmake
-- Up-to-date: /home/user/roskit_ws/install/ranger_msgs/share/ranger_msgs/cmake/ranger_msgs__rosidl_typesupport_cExport-release.cmake
-- Up-to-date: /home/user/roskit_ws/install/ranger_msgs/share/ranger_msgs/cmake/ranger_msgs__rosidl_typesupport_introspection_cppExport.cmake
-- Up-to-date: /home/user/roskit_ws/install/ranger_msgs/share/ranger_msgs/cmake/ranger_msgs__rosidl_typesupport_introspection_cppExport-release.cmake
-- Up-to-date: /home/user/roskit_ws/install/ranger_msgs/share/ranger_msgs/cmake/ranger_msgs__rosidl_typesupport_cppExport.cmake
-- Up-to-date: /home/user/roskit_ws/install/ranger_msgs/share/ranger_msgs/cmake/ranger_msgs__rosidl_typesupport_cppExport-release.cmake
-- Up-to-date: /home/user/roskit_ws/install/ranger_msgs/share/ranger_msgs/cmake/export_ranger_msgs__rosidl_generator_pyExport.cmake
-- Up-to-date: /home/user/roskit_ws/install/ranger_msgs/share/ranger_msgs/cmake/export_ranger_msgs__rosidl_generator_pyExport-release.cmake
