[0.035s] Invoking command in '/home/user/roskit_ws/build/ranger_msgs': CMAKE_PREFIX_PATH=/opt/ros/humble:${CMAKE_PREFIX_PATH} /usr/bin/cmake /home/user/roskit_ws/src/ranger_mini_v2/ranger_msgs -DCMAKE_BUILD_TYPE=Release -DROS_EDITION=ROS2 -DHUMBLE_ROS=humble -DAMENT_CMAKE_SYMLINK_INSTALL=1 -DCMAKE_INSTALL_PREFIX=/home/user/roskit_ws/install/ranger_msgs
[0.066s] -- Found ament_cmake: 1.3.12 (/opt/ros/humble/share/ament_cmake/cmake)
[0.150s] -- Override CMake install command with custom implementation using symlinks instead of copying resources
[0.153s] -- Found builtin_interfaces: 1.2.2 (/opt/ros/humble/share/builtin_interfaces/cmake)
[0.181s] -- Found rosidl_generator_c: 3.1.7 (/opt/ros/humble/share/rosidl_generator_c/cmake)
[0.187s] -- Found rosidl_adapter: 3.1.7 (/opt/ros/humble/share/rosidl_adapter/cmake)
[0.195s] -- Found rosidl_generator_cpp: 3.1.7 (/opt/ros/humble/share/rosidl_generator_cpp/cmake)
[0.211s] -- Using all available rosidl_typesupport_c: rosidl_typesupport_fastrtps_c;rosidl_typesupport_introspection_c
[0.231s] -- Using all available rosidl_typesupport_cpp: rosidl_typesupport_fastrtps_cpp;rosidl_typesupport_introspection_cpp
[0.241s] -- Found rosidl_default_generators: 1.2.0 (/opt/ros/humble/share/rosidl_default_generators/cmake)
[0.247s] -- Found std_msgs: 4.9.0 (/opt/ros/humble/share/std_msgs/cmake)
[0.456s] -- Found ament_cmake_ros: 0.10.0 (/opt/ros/humble/share/ament_cmake_ros/cmake)
[0.692s] -- Using all available rosidl_typesupport_c: rosidl_typesupport_fastrtps_c;rosidl_typesupport_introspection_c
[0.795s] -- Using all available rosidl_typesupport_cpp: rosidl_typesupport_fastrtps_cpp;rosidl_typesupport_introspection_cpp
[0.810s] -- Found python_cmake_module: 0.10.0 (/opt/ros/humble/share/python_cmake_module/cmake)
[0.851s] -- Using PYTHON_EXECUTABLE: /usr/bin/python3
[0.851s] -- Using PYTHON_INCLUDE_DIRS: /usr/include/python3.10
[0.851s] -- Using PYTHON_LIBRARIES: /usr/lib/x86_64-linux-gnu/libpython3.10.so
[0.878s] -- Found ament_lint_auto: 0.12.14 (/opt/ros/humble/share/ament_lint_auto/cmake)
[0.886s] -- Added test 'copyright' to check source files copyright and LICENSE
[0.887s] -- Added test 'lint_cmake' to check CMake code style
[0.888s] -- Added test 'xmllint' to check XML markup files
[0.890s] -- Configuring done
[0.922s] -- Generating done
[0.931s] [33mCMake Warning:
[0.931s]   Manually-specified variables were not used by the project:
[0.931s] 
[0.931s]     HUMBLE_ROS
[0.931s]     ROS_EDITION
[0.931s] 
[0.931s] [0m
[0.934s] -- Build files have been written to: /home/user/roskit_ws/build/ranger_msgs
[0.940s] Invoked command in '/home/user/roskit_ws/build/ranger_msgs' returned '0': CMAKE_PREFIX_PATH=/opt/ros/humble:${CMAKE_PREFIX_PATH} /usr/bin/cmake /home/user/roskit_ws/src/ranger_mini_v2/ranger_msgs -DCMAKE_BUILD_TYPE=Release -DROS_EDITION=ROS2 -DHUMBLE_ROS=humble -DAMENT_CMAKE_SYMLINK_INSTALL=1 -DCMAKE_INSTALL_PREFIX=/home/user/roskit_ws/install/ranger_msgs
[0.940s] Invoking command in '/home/user/roskit_ws/build/ranger_msgs': CMAKE_PREFIX_PATH=/opt/ros/humble:${CMAKE_PREFIX_PATH} /usr/bin/cmake --build /home/user/roskit_ws/build/ranger_msgs -- -j16 -l16
[1.285s] [35m[1mConsolidate compiler generated dependencies of target ranger_msgs__rosidl_generator_c[0m
[1.285s] [  1%] Built target ranger_msgs__cpp
[1.285s] [ 12%] Built target ranger_msgs__rosidl_generator_c
[1.285s] [35m[1mConsolidate compiler generated dependencies of target ranger_msgs__rosidl_typesupport_fastrtps_cpp[0m
[1.285s] [35m[1mConsolidate compiler generated dependencies of target ranger_msgs__rosidl_typesupport_cpp[0m
[1.285s] [35m[1mConsolidate compiler generated dependencies of target ranger_msgs__rosidl_typesupport_introspection_cpp[0m
[1.285s] [ 12%] Built target ament_cmake_python_symlink_ranger_msgs
[1.285s] [ 23%] Built target ranger_msgs__rosidl_typesupport_cpp
[1.285s] [ 35%] Built target ranger_msgs__rosidl_typesupport_introspection_cpp
[1.285s] [ 46%] Built target ranger_msgs__rosidl_typesupport_fastrtps_cpp
[1.286s] [35m[1mConsolidate compiler generated dependencies of target ranger_msgs__rosidl_typesupport_c[0m
[1.286s] [35m[1mConsolidate compiler generated dependencies of target ranger_msgs__rosidl_typesupport_fastrtps_c[0m
[1.289s] [35m[1mConsolidate compiler generated dependencies of target ranger_msgs__rosidl_typesupport_introspection_c[0m
[1.289s] [ 57%] Built target ranger_msgs__rosidl_typesupport_c
[1.289s] [ 70%] Built target ranger_msgs__rosidl_typesupport_fastrtps_c
[1.289s] [ 80%] Built target ranger_msgs__rosidl_typesupport_introspection_c
[1.289s] [ 80%] Built target ranger_msgs
[1.289s] [ 81%] Built target ranger_msgs__py
[1.289s] [35m[1mConsolidate compiler generated dependencies of target ranger_msgs__rosidl_generator_py[0m
[1.290s] [ 91%] Built target ranger_msgs__rosidl_generator_py
[1.294s] running egg_info
[1.295s] writing ranger_msgs.egg-info/PKG-INFO
[1.295s] writing dependency_links to ranger_msgs.egg-info/dependency_links.txt
[1.295s] writing top-level names to ranger_msgs.egg-info/top_level.txt
[1.296s] reading manifest file 'ranger_msgs.egg-info/SOURCES.txt'
[1.297s] writing manifest file 'ranger_msgs.egg-info/SOURCES.txt'
[1.302s] [35m[1mConsolidate compiler generated dependencies of target ranger_msgs__rosidl_typesupport_c__pyext[0m
[1.306s] [35m[1mConsolidate compiler generated dependencies of target ranger_msgs__rosidl_typesupport_fastrtps_c__pyext[0m
[1.309s] [ 94%] Built target ranger_msgs__rosidl_typesupport_c__pyext
[1.310s] [35m[1mConsolidate compiler generated dependencies of target ranger_msgs__rosidl_typesupport_introspection_c__pyext[0m
[1.317s] [ 94%] Built target ament_cmake_python_build_ranger_msgs_egg
[1.317s] [ 97%] Built target ranger_msgs__rosidl_typesupport_fastrtps_c__pyext
[1.319s] [100%] Built target ranger_msgs__rosidl_typesupport_introspection_c__pyext
[1.331s] Invoked command in '/home/user/roskit_ws/build/ranger_msgs' returned '0': CMAKE_PREFIX_PATH=/opt/ros/humble:${CMAKE_PREFIX_PATH} /usr/bin/cmake --build /home/user/roskit_ws/build/ranger_msgs -- -j16 -l16
[1.332s] Invoking command in '/home/user/roskit_ws/build/ranger_msgs': CMAKE_PREFIX_PATH=/opt/ros/humble:${CMAKE_PREFIX_PATH} /usr/bin/cmake --install /home/user/roskit_ws/build/ranger_msgs
[1.570s] -- Install configuration: "Release"
[1.570s] -- Execute custom install script
[1.570s] -- Up-to-date symlink: /home/user/roskit_ws/install/ranger_msgs/share/ament_index/resource_index/rosidl_interfaces/ranger_msgs
[1.570s] -- Up-to-date symlink: /home/user/roskit_ws/install/ranger_msgs/include/ranger_msgs/ranger_msgs/msg/actuator_state.h
[1.570s] -- Up-to-date symlink: /home/user/roskit_ws/install/ranger_msgs/include/ranger_msgs/ranger_msgs/msg/actuator_state_array.h
[1.570s] -- Up-to-date symlink: /home/user/roskit_ws/install/ranger_msgs/include/ranger_msgs/ranger_msgs/msg/detail/actuator_state__functions.h
[1.570s] -- Up-to-date symlink: /home/user/roskit_ws/install/ranger_msgs/include/ranger_msgs/ranger_msgs/msg/detail/actuator_state__struct.h
[1.570s] -- Up-to-date symlink: /home/user/roskit_ws/install/ranger_msgs/include/ranger_msgs/ranger_msgs/msg/detail/actuator_state__type_support.h
[1.570s] -- Up-to-date symlink: /home/user/roskit_ws/install/ranger_msgs/include/ranger_msgs/ranger_msgs/msg/detail/actuator_state_array__functions.h
[1.570s] -- Up-to-date symlink: /home/user/roskit_ws/install/ranger_msgs/include/ranger_msgs/ranger_msgs/msg/detail/actuator_state_array__struct.h
[1.571s] -- Up-to-date symlink: /home/user/roskit_ws/install/ranger_msgs/include/ranger_msgs/ranger_msgs/msg/detail/actuator_state_array__type_support.h
[1.571s] -- Up-to-date symlink: /home/user/roskit_ws/install/ranger_msgs/include/ranger_msgs/ranger_msgs/msg/detail/driver_state__functions.h
[1.571s] -- Up-to-date symlink: /home/user/roskit_ws/install/ranger_msgs/include/ranger_msgs/ranger_msgs/msg/detail/driver_state__struct.h
[1.571s] -- Up-to-date symlink: /home/user/roskit_ws/install/ranger_msgs/include/ranger_msgs/ranger_msgs/msg/detail/driver_state__type_support.h
[1.571s] -- Up-to-date symlink: /home/user/roskit_ws/install/ranger_msgs/include/ranger_msgs/ranger_msgs/msg/detail/motion_state__functions.h
[1.571s] -- Up-to-date symlink: /home/user/roskit_ws/install/ranger_msgs/include/ranger_msgs/ranger_msgs/msg/detail/motion_state__struct.h
[1.571s] -- Up-to-date symlink: /home/user/roskit_ws/install/ranger_msgs/include/ranger_msgs/ranger_msgs/msg/detail/motion_state__type_support.h
[1.571s] -- Up-to-date symlink: /home/user/roskit_ws/install/ranger_msgs/include/ranger_msgs/ranger_msgs/msg/detail/motor_state__functions.h
[1.571s] -- Up-to-date symlink: /home/user/roskit_ws/install/ranger_msgs/include/ranger_msgs/ranger_msgs/msg/detail/motor_state__struct.h
[1.571s] -- Up-to-date symlink: /home/user/roskit_ws/install/ranger_msgs/include/ranger_msgs/ranger_msgs/msg/detail/motor_state__type_support.h
[1.571s] -- Up-to-date symlink: /home/user/roskit_ws/install/ranger_msgs/include/ranger_msgs/ranger_msgs/msg/detail/system_state__functions.h
[1.571s] -- Up-to-date symlink: /home/user/roskit_ws/install/ranger_msgs/include/ranger_msgs/ranger_msgs/msg/detail/system_state__struct.h
[1.571s] -- Up-to-date symlink: /home/user/roskit_ws/install/ranger_msgs/include/ranger_msgs/ranger_msgs/msg/detail/system_state__type_support.h
[1.571s] -- Up-to-date symlink: /home/user/roskit_ws/install/ranger_msgs/include/ranger_msgs/ranger_msgs/msg/driver_state.h
[1.571s] -- Up-to-date symlink: /home/user/roskit_ws/install/ranger_msgs/include/ranger_msgs/ranger_msgs/msg/motion_state.h
[1.571s] -- Up-to-date symlink: /home/user/roskit_ws/install/ranger_msgs/include/ranger_msgs/ranger_msgs/msg/motor_state.h
[1.571s] -- Up-to-date symlink: /home/user/roskit_ws/install/ranger_msgs/include/ranger_msgs/ranger_msgs/msg/rosidl_generator_c__visibility_control.h
[1.571s] -- Up-to-date symlink: /home/user/roskit_ws/install/ranger_msgs/include/ranger_msgs/ranger_msgs/msg/system_state.h
[1.571s] -- Up-to-date symlink: /home/user/roskit_ws/install/ranger_msgs/share/ranger_msgs/environment/library_path.sh
[1.571s] -- Up-to-date symlink: /home/user/roskit_ws/install/ranger_msgs/share/ranger_msgs/environment/library_path.dsv
[1.572s] -- Up-to-date symlink: /home/user/roskit_ws/install/ranger_msgs/include/ranger_msgs/ranger_msgs/msg/detail/actuator_state__rosidl_typesupport_fastrtps_c.h
[1.573s] -- Up-to-date symlink: /home/user/roskit_ws/install/ranger_msgs/include/ranger_msgs/ranger_msgs/msg/detail/actuator_state_array__rosidl_typesupport_fastrtps_c.h
[1.576s] -- Up-to-date symlink: /home/user/roskit_ws/install/ranger_msgs/include/ranger_msgs/ranger_msgs/msg/detail/driver_state__rosidl_typesupport_fastrtps_c.h
[1.576s] -- Up-to-date symlink: /home/user/roskit_ws/install/ranger_msgs/include/ranger_msgs/ranger_msgs/msg/detail/motion_state__rosidl_typesupport_fastrtps_c.h
[1.576s] -- Up-to-date symlink: /home/user/roskit_ws/install/ranger_msgs/include/ranger_msgs/ranger_msgs/msg/detail/motor_state__rosidl_typesupport_fastrtps_c.h
[1.576s] -- Up-to-date symlink: /home/user/roskit_ws/install/ranger_msgs/include/ranger_msgs/ranger_msgs/msg/detail/system_state__rosidl_typesupport_fastrtps_c.h
[1.576s] -- Up-to-date symlink: /home/user/roskit_ws/install/ranger_msgs/include/ranger_msgs/ranger_msgs/msg/rosidl_typesupport_fastrtps_c__visibility_control.h
[1.576s] -- Up-to-date symlink: /home/user/roskit_ws/install/ranger_msgs/include/ranger_msgs/ranger_msgs/msg/actuator_state.hpp
[1.576s] -- Up-to-date symlink: /home/user/roskit_ws/install/ranger_msgs/include/ranger_msgs/ranger_msgs/msg/actuator_state_array.hpp
[1.576s] -- Up-to-date symlink: /home/user/roskit_ws/install/ranger_msgs/include/ranger_msgs/ranger_msgs/msg/detail/actuator_state__builder.hpp
[1.576s] -- Up-to-date symlink: /home/user/roskit_ws/install/ranger_msgs/include/ranger_msgs/ranger_msgs/msg/detail/actuator_state__struct.hpp
[1.576s] -- Up-to-date symlink: /home/user/roskit_ws/install/ranger_msgs/include/ranger_msgs/ranger_msgs/msg/detail/actuator_state__traits.hpp
[1.576s] -- Up-to-date symlink: /home/user/roskit_ws/install/ranger_msgs/include/ranger_msgs/ranger_msgs/msg/detail/actuator_state__type_support.hpp
[1.576s] -- Up-to-date symlink: /home/user/roskit_ws/install/ranger_msgs/include/ranger_msgs/ranger_msgs/msg/detail/actuator_state_array__builder.hpp
[1.576s] -- Up-to-date symlink: /home/user/roskit_ws/install/ranger_msgs/include/ranger_msgs/ranger_msgs/msg/detail/actuator_state_array__struct.hpp
[1.576s] -- Up-to-date symlink: /home/user/roskit_ws/install/ranger_msgs/include/ranger_msgs/ranger_msgs/msg/detail/actuator_state_array__traits.hpp
[1.576s] -- Up-to-date symlink: /home/user/roskit_ws/install/ranger_msgs/include/ranger_msgs/ranger_msgs/msg/detail/actuator_state_array__type_support.hpp
[1.576s] -- Up-to-date symlink: /home/user/roskit_ws/install/ranger_msgs/include/ranger_msgs/ranger_msgs/msg/detail/driver_state__builder.hpp
[1.576s] -- Up-to-date symlink: /home/user/roskit_ws/install/ranger_msgs/include/ranger_msgs/ranger_msgs/msg/detail/driver_state__struct.hpp
[1.576s] -- Up-to-date symlink: /home/user/roskit_ws/install/ranger_msgs/include/ranger_msgs/ranger_msgs/msg/detail/driver_state__traits.hpp
[1.576s] -- Up-to-date symlink: /home/user/roskit_ws/install/ranger_msgs/include/ranger_msgs/ranger_msgs/msg/detail/driver_state__type_support.hpp
[1.576s] -- Up-to-date symlink: /home/user/roskit_ws/install/ranger_msgs/include/ranger_msgs/ranger_msgs/msg/detail/motion_state__builder.hpp
[1.576s] -- Up-to-date symlink: /home/user/roskit_ws/install/ranger_msgs/include/ranger_msgs/ranger_msgs/msg/detail/motion_state__struct.hpp
[1.576s] -- Up-to-date symlink: /home/user/roskit_ws/install/ranger_msgs/include/ranger_msgs/ranger_msgs/msg/detail/motion_state__traits.hpp
[1.577s] -- Up-to-date symlink: /home/user/roskit_ws/install/ranger_msgs/include/ranger_msgs/ranger_msgs/msg/detail/motion_state__type_support.hpp
[1.577s] -- Up-to-date symlink: /home/user/roskit_ws/install/ranger_msgs/include/ranger_msgs/ranger_msgs/msg/detail/motor_state__builder.hpp
[1.577s] -- Up-to-date symlink: /home/user/roskit_ws/install/ranger_msgs/include/ranger_msgs/ranger_msgs/msg/detail/motor_state__struct.hpp
[1.577s] -- Up-to-date symlink: /home/user/roskit_ws/install/ranger_msgs/include/ranger_msgs/ranger_msgs/msg/detail/motor_state__traits.hpp
[1.577s] -- Up-to-date symlink: /home/user/roskit_ws/install/ranger_msgs/include/ranger_msgs/ranger_msgs/msg/detail/motor_state__type_support.hpp
[1.577s] -- Up-to-date symlink: /home/user/roskit_ws/install/ranger_msgs/include/ranger_msgs/ranger_msgs/msg/detail/system_state__builder.hpp
[1.577s] -- Up-to-date symlink: /home/user/roskit_ws/install/ranger_msgs/include/ranger_msgs/ranger_msgs/msg/detail/system_state__struct.hpp
[1.577s] -- Up-to-date symlink: /home/user/roskit_ws/install/ranger_msgs/include/ranger_msgs/ranger_msgs/msg/detail/system_state__traits.hpp
[1.577s] -- Up-to-date symlink: /home/user/roskit_ws/install/ranger_msgs/include/ranger_msgs/ranger_msgs/msg/detail/system_state__type_support.hpp
[1.577s] -- Up-to-date symlink: /home/user/roskit_ws/install/ranger_msgs/include/ranger_msgs/ranger_msgs/msg/driver_state.hpp
[1.577s] -- Up-to-date symlink: /home/user/roskit_ws/install/ranger_msgs/include/ranger_msgs/ranger_msgs/msg/motion_state.hpp
[1.577s] -- Up-to-date symlink: /home/user/roskit_ws/install/ranger_msgs/include/ranger_msgs/ranger_msgs/msg/motor_state.hpp
[1.577s] -- Up-to-date symlink: /home/user/roskit_ws/install/ranger_msgs/include/ranger_msgs/ranger_msgs/msg/rosidl_generator_cpp__visibility_control.hpp
[1.577s] -- Up-to-date symlink: /home/user/roskit_ws/install/ranger_msgs/include/ranger_msgs/ranger_msgs/msg/system_state.hpp
[1.577s] -- Up-to-date symlink: /home/user/roskit_ws/install/ranger_msgs/include/ranger_msgs/ranger_msgs/msg/detail/actuator_state__rosidl_typesupport_fastrtps_cpp.hpp
[1.577s] -- Up-to-date symlink: /home/user/roskit_ws/install/ranger_msgs/include/ranger_msgs/ranger_msgs/msg/detail/actuator_state_array__rosidl_typesupport_fastrtps_cpp.hpp
[1.577s] -- Up-to-date symlink: /home/user/roskit_ws/install/ranger_msgs/include/ranger_msgs/ranger_msgs/msg/detail/driver_state__rosidl_typesupport_fastrtps_cpp.hpp
[1.577s] -- Up-to-date symlink: /home/user/roskit_ws/install/ranger_msgs/include/ranger_msgs/ranger_msgs/msg/detail/motion_state__rosidl_typesupport_fastrtps_cpp.hpp
[1.577s] -- Up-to-date symlink: /home/user/roskit_ws/install/ranger_msgs/include/ranger_msgs/ranger_msgs/msg/detail/motor_state__rosidl_typesupport_fastrtps_cpp.hpp
[1.577s] -- Up-to-date symlink: /home/user/roskit_ws/install/ranger_msgs/include/ranger_msgs/ranger_msgs/msg/detail/system_state__rosidl_typesupport_fastrtps_cpp.hpp
[1.577s] -- Up-to-date symlink: /home/user/roskit_ws/install/ranger_msgs/include/ranger_msgs/ranger_msgs/msg/rosidl_typesupport_fastrtps_cpp__visibility_control.h
[1.577s] -- Up-to-date symlink: /home/user/roskit_ws/install/ranger_msgs/include/ranger_msgs/ranger_msgs/msg/detail/actuator_state__rosidl_typesupport_introspection_c.h
[1.577s] -- Up-to-date symlink: /home/user/roskit_ws/install/ranger_msgs/include/ranger_msgs/ranger_msgs/msg/detail/actuator_state_array__rosidl_typesupport_introspection_c.h
[1.577s] -- Up-to-date symlink: /home/user/roskit_ws/install/ranger_msgs/include/ranger_msgs/ranger_msgs/msg/detail/driver_state__rosidl_typesupport_introspection_c.h
[1.577s] -- Up-to-date symlink: /home/user/roskit_ws/install/ranger_msgs/include/ranger_msgs/ranger_msgs/msg/detail/motion_state__rosidl_typesupport_introspection_c.h
[1.577s] -- Up-to-date symlink: /home/user/roskit_ws/install/ranger_msgs/include/ranger_msgs/ranger_msgs/msg/detail/motor_state__rosidl_typesupport_introspection_c.h
[1.577s] -- Up-to-date symlink: /home/user/roskit_ws/install/ranger_msgs/include/ranger_msgs/ranger_msgs/msg/detail/system_state__rosidl_typesupport_introspection_c.h
[1.577s] -- Up-to-date symlink: /home/user/roskit_ws/install/ranger_msgs/include/ranger_msgs/ranger_msgs/msg/rosidl_typesupport_introspection_c__visibility_control.h
[1.577s] -- Up-to-date symlink: /home/user/roskit_ws/install/ranger_msgs/include/ranger_msgs/ranger_msgs/msg/detail/actuator_state__rosidl_typesupport_introspection_cpp.hpp
[1.578s] -- Up-to-date symlink: /home/user/roskit_ws/install/ranger_msgs/include/ranger_msgs/ranger_msgs/msg/detail/actuator_state_array__rosidl_typesupport_introspection_cpp.hpp
[1.578s] -- Up-to-date symlink: /home/user/roskit_ws/install/ranger_msgs/include/ranger_msgs/ranger_msgs/msg/detail/driver_state__rosidl_typesupport_introspection_cpp.hpp
[1.578s] -- Up-to-date symlink: /home/user/roskit_ws/install/ranger_msgs/include/ranger_msgs/ranger_msgs/msg/detail/motion_state__rosidl_typesupport_introspection_cpp.hpp
[1.578s] -- Up-to-date symlink: /home/user/roskit_ws/install/ranger_msgs/include/ranger_msgs/ranger_msgs/msg/detail/motor_state__rosidl_typesupport_introspection_cpp.hpp
[1.578s] -- Up-to-date symlink: /home/user/roskit_ws/install/ranger_msgs/include/ranger_msgs/ranger_msgs/msg/detail/system_state__rosidl_typesupport_introspection_cpp.hpp
[1.578s] -- Up-to-date symlink: /home/user/roskit_ws/install/ranger_msgs/share/ranger_msgs/environment/pythonpath.sh
[1.578s] -- Up-to-date symlink: /home/user/roskit_ws/install/ranger_msgs/share/ranger_msgs/environment/pythonpath.dsv
[1.578s] -- Up-to-date symlink: /home/user/roskit_ws/install/ranger_msgs/local/lib/python3.10/dist-packages/ranger_msgs-0.0.1-py3.10.egg-info/PKG-INFO
[1.578s] -- Up-to-date symlink: /home/user/roskit_ws/install/ranger_msgs/local/lib/python3.10/dist-packages/ranger_msgs-0.0.1-py3.10.egg-info/SOURCES.txt
[1.578s] -- Up-to-date symlink: /home/user/roskit_ws/install/ranger_msgs/local/lib/python3.10/dist-packages/ranger_msgs-0.0.1-py3.10.egg-info/dependency_links.txt
[1.578s] -- Up-to-date symlink: /home/user/roskit_ws/install/ranger_msgs/local/lib/python3.10/dist-packages/ranger_msgs-0.0.1-py3.10.egg-info/top_level.txt
[1.578s] -- Up-to-date symlink: /home/user/roskit_ws/install/ranger_msgs/local/lib/python3.10/dist-packages/ranger_msgs/__init__.py
[1.578s] -- Up-to-date symlink: /home/user/roskit_ws/install/ranger_msgs/local/lib/python3.10/dist-packages/ranger_msgs/_ranger_msgs_s.ep.rosidl_typesupport_c.c
[1.578s] -- Up-to-date symlink: /home/user/roskit_ws/install/ranger_msgs/local/lib/python3.10/dist-packages/ranger_msgs/_ranger_msgs_s.ep.rosidl_typesupport_fastrtps_c.c
[1.578s] -- Up-to-date symlink: /home/user/roskit_ws/install/ranger_msgs/local/lib/python3.10/dist-packages/ranger_msgs/_ranger_msgs_s.ep.rosidl_typesupport_introspection_c.c
[1.578s] -- Up-to-date symlink: /home/user/roskit_ws/install/ranger_msgs/local/lib/python3.10/dist-packages/ranger_msgs/libranger_msgs__rosidl_generator_py.so
[1.578s] -- Up-to-date symlink: /home/user/roskit_ws/install/ranger_msgs/local/lib/python3.10/dist-packages/ranger_msgs/msg/__init__.py
[1.578s] -- Up-to-date symlink: /home/user/roskit_ws/install/ranger_msgs/local/lib/python3.10/dist-packages/ranger_msgs/msg/_actuator_state.py
[1.578s] -- Up-to-date symlink: /home/user/roskit_ws/install/ranger_msgs/local/lib/python3.10/dist-packages/ranger_msgs/msg/_actuator_state_array.py
[1.578s] -- Up-to-date symlink: /home/user/roskit_ws/install/ranger_msgs/local/lib/python3.10/dist-packages/ranger_msgs/msg/_actuator_state_array_s.c
[1.578s] -- Up-to-date symlink: /home/user/roskit_ws/install/ranger_msgs/local/lib/python3.10/dist-packages/ranger_msgs/msg/_actuator_state_s.c
[1.578s] -- Up-to-date symlink: /home/user/roskit_ws/install/ranger_msgs/local/lib/python3.10/dist-packages/ranger_msgs/msg/_driver_state.py
[1.578s] -- Up-to-date symlink: /home/user/roskit_ws/install/ranger_msgs/local/lib/python3.10/dist-packages/ranger_msgs/msg/_driver_state_s.c
[1.578s] -- Up-to-date symlink: /home/user/roskit_ws/install/ranger_msgs/local/lib/python3.10/dist-packages/ranger_msgs/msg/_motion_state.py
[1.578s] -- Up-to-date symlink: /home/user/roskit_ws/install/ranger_msgs/local/lib/python3.10/dist-packages/ranger_msgs/msg/_motion_state_s.c
[1.578s] -- Up-to-date symlink: /home/user/roskit_ws/install/ranger_msgs/local/lib/python3.10/dist-packages/ranger_msgs/msg/_motor_state.py
[1.578s] -- Up-to-date symlink: /home/user/roskit_ws/install/ranger_msgs/local/lib/python3.10/dist-packages/ranger_msgs/msg/_motor_state_s.c
[1.578s] -- Up-to-date symlink: /home/user/roskit_ws/install/ranger_msgs/local/lib/python3.10/dist-packages/ranger_msgs/msg/_system_state.py
[1.578s] -- Up-to-date symlink: /home/user/roskit_ws/install/ranger_msgs/local/lib/python3.10/dist-packages/ranger_msgs/msg/_system_state_s.c
[1.578s] -- Up-to-date symlink: /home/user/roskit_ws/install/ranger_msgs/local/lib/python3.10/dist-packages/ranger_msgs/ranger_msgs_s__rosidl_typesupport_c.cpython-310-x86_64-linux-gnu.so
[1.579s] -- Up-to-date symlink: /home/user/roskit_ws/install/ranger_msgs/local/lib/python3.10/dist-packages/ranger_msgs/ranger_msgs_s__rosidl_typesupport_fastrtps_c.cpython-310-x86_64-linux-gnu.so
[1.579s] -- Up-to-date symlink: /home/user/roskit_ws/install/ranger_msgs/local/lib/python3.10/dist-packages/ranger_msgs/ranger_msgs_s__rosidl_typesupport_introspection_c.cpython-310-x86_64-linux-gnu.so
[1.579s] -- Up-to-date symlink: /home/user/roskit_ws/install/ranger_msgs/local/lib/python3.10/dist-packages/ranger_msgs/ranger_msgs_s__rosidl_typesupport_fastrtps_c.cpython-310-x86_64-linux-gnu.so
[1.579s] -- Up-to-date symlink: /home/user/roskit_ws/install/ranger_msgs/local/lib/python3.10/dist-packages/ranger_msgs/ranger_msgs_s__rosidl_typesupport_introspection_c.cpython-310-x86_64-linux-gnu.so
[1.579s] -- Up-to-date symlink: /home/user/roskit_ws/install/ranger_msgs/local/lib/python3.10/dist-packages/ranger_msgs/ranger_msgs_s__rosidl_typesupport_c.cpython-310-x86_64-linux-gnu.so
[1.579s] -- Up-to-date symlink: /home/user/roskit_ws/install/ranger_msgs/share/ranger_msgs/msg/ActuatorState.idl
[1.581s] -- Up-to-date symlink: /home/user/roskit_ws/install/ranger_msgs/share/ranger_msgs/msg/ActuatorStateArray.idl
[1.581s] -- Up-to-date symlink: /home/user/roskit_ws/install/ranger_msgs/share/ranger_msgs/msg/DriverState.idl
[1.581s] -- Up-to-date symlink: /home/user/roskit_ws/install/ranger_msgs/share/ranger_msgs/msg/MotionState.idl
[1.581s] -- Up-to-date symlink: /home/user/roskit_ws/install/ranger_msgs/share/ranger_msgs/msg/MotorState.idl
[1.581s] -- Up-to-date symlink: /home/user/roskit_ws/install/ranger_msgs/share/ranger_msgs/msg/SystemState.idl
[1.581s] -- Up-to-date symlink: /home/user/roskit_ws/install/ranger_msgs/share/ranger_msgs/msg/ActuatorState.msg
[1.581s] -- Up-to-date symlink: /home/user/roskit_ws/install/ranger_msgs/share/ranger_msgs/msg/ActuatorStateArray.msg
[1.581s] -- Up-to-date symlink: /home/user/roskit_ws/install/ranger_msgs/share/ranger_msgs/msg/DriverState.msg
[1.581s] -- Up-to-date symlink: /home/user/roskit_ws/install/ranger_msgs/share/ranger_msgs/msg/MotionState.msg
[1.581s] -- Up-to-date symlink: /home/user/roskit_ws/install/ranger_msgs/share/ranger_msgs/msg/MotorState.msg
[1.581s] -- Up-to-date symlink: /home/user/roskit_ws/install/ranger_msgs/share/ranger_msgs/msg/SystemState.msg
[1.581s] -- Up-to-date symlink: /home/user/roskit_ws/install/ranger_msgs/share/ament_index/resource_index/package_run_dependencies/ranger_msgs
[1.581s] -- Up-to-date symlink: /home/user/roskit_ws/install/ranger_msgs/share/ament_index/resource_index/parent_prefix_path/ranger_msgs
[1.581s] -- Up-to-date symlink: /home/user/roskit_ws/install/ranger_msgs/share/ranger_msgs/environment/ament_prefix_path.sh
[1.581s] -- Up-to-date symlink: /home/user/roskit_ws/install/ranger_msgs/share/ranger_msgs/environment/ament_prefix_path.dsv
[1.581s] -- Up-to-date symlink: /home/user/roskit_ws/install/ranger_msgs/share/ranger_msgs/environment/path.sh
[1.581s] -- Up-to-date symlink: /home/user/roskit_ws/install/ranger_msgs/share/ranger_msgs/environment/path.dsv
[1.582s] -- Up-to-date symlink: /home/user/roskit_ws/install/ranger_msgs/share/ranger_msgs/local_setup.bash
[1.582s] -- Up-to-date symlink: /home/user/roskit_ws/install/ranger_msgs/share/ranger_msgs/local_setup.sh
[1.582s] -- Up-to-date symlink: /home/user/roskit_ws/install/ranger_msgs/share/ranger_msgs/local_setup.zsh
[1.582s] -- Up-to-date symlink: /home/user/roskit_ws/install/ranger_msgs/share/ranger_msgs/local_setup.dsv
[1.582s] -- Symlinking: /home/user/roskit_ws/install/ranger_msgs/share/ranger_msgs/package.dsv
[1.582s] -- Up-to-date symlink: /home/user/roskit_ws/install/ranger_msgs/share/ament_index/resource_index/packages/ranger_msgs
[1.582s] -- Up-to-date symlink: /home/user/roskit_ws/install/ranger_msgs/share/ranger_msgs/cmake/rosidl_cmake-extras.cmake
[1.582s] -- Up-to-date symlink: /home/user/roskit_ws/install/ranger_msgs/share/ranger_msgs/cmake/ament_cmake_export_dependencies-extras.cmake
[1.582s] -- Up-to-date symlink: /home/user/roskit_ws/install/ranger_msgs/share/ranger_msgs/cmake/ament_cmake_export_include_directories-extras.cmake
[1.582s] -- Up-to-date symlink: /home/user/roskit_ws/install/ranger_msgs/share/ranger_msgs/cmake/ament_cmake_export_libraries-extras.cmake
[1.583s] -- Up-to-date symlink: /home/user/roskit_ws/install/ranger_msgs/share/ranger_msgs/cmake/ament_cmake_export_targets-extras.cmake
[1.583s] -- Up-to-date symlink: /home/user/roskit_ws/install/ranger_msgs/share/ranger_msgs/cmake/rosidl_cmake_export_typesupport_targets-extras.cmake
[1.583s] -- Up-to-date symlink: /home/user/roskit_ws/install/ranger_msgs/share/ranger_msgs/cmake/rosidl_cmake_export_typesupport_libraries-extras.cmake
[1.583s] -- Up-to-date symlink: /home/user/roskit_ws/install/ranger_msgs/share/ranger_msgs/cmake/ranger_msgsConfig.cmake
[1.583s] -- Up-to-date symlink: /home/user/roskit_ws/install/ranger_msgs/share/ranger_msgs/cmake/ranger_msgsConfig-version.cmake
[1.583s] -- Up-to-date symlink: /home/user/roskit_ws/install/ranger_msgs/share/ranger_msgs/package.xml
[1.583s] -- Up-to-date: /home/user/roskit_ws/install/ranger_msgs/lib/libranger_msgs__rosidl_generator_c.so
[1.583s] -- Up-to-date: /home/user/roskit_ws/install/ranger_msgs/lib/libranger_msgs__rosidl_typesupport_fastrtps_c.so
[1.583s] -- Up-to-date: /home/user/roskit_ws/install/ranger_msgs/lib/libranger_msgs__rosidl_typesupport_fastrtps_cpp.so
[1.583s] -- Up-to-date: /home/user/roskit_ws/install/ranger_msgs/lib/libranger_msgs__rosidl_typesupport_introspection_c.so
[1.583s] -- Up-to-date: /home/user/roskit_ws/install/ranger_msgs/lib/libranger_msgs__rosidl_typesupport_c.so
[1.583s] -- Up-to-date: /home/user/roskit_ws/install/ranger_msgs/lib/libranger_msgs__rosidl_typesupport_introspection_cpp.so
[1.583s] -- Up-to-date: /home/user/roskit_ws/install/ranger_msgs/lib/libranger_msgs__rosidl_typesupport_cpp.so
[1.612s] Listing '/home/user/roskit_ws/install/ranger_msgs/local/lib/python3.10/dist-packages/ranger_msgs'...
[1.612s] Compiling '/home/user/roskit_ws/install/ranger_msgs/local/lib/python3.10/dist-packages/ranger_msgs/__init__.py'...
[1.612s] Listing '/home/user/roskit_ws/install/ranger_msgs/local/lib/python3.10/dist-packages/ranger_msgs/msg'...
[1.616s] -- Up-to-date: /home/user/roskit_ws/install/ranger_msgs/lib/libranger_msgs__rosidl_generator_py.so
[1.616s] -- Up-to-date: /home/user/roskit_ws/install/ranger_msgs/share/ranger_msgs/cmake/export_ranger_msgs__rosidl_generator_cExport.cmake
[1.616s] -- Up-to-date: /home/user/roskit_ws/install/ranger_msgs/share/ranger_msgs/cmake/export_ranger_msgs__rosidl_generator_cExport-release.cmake
[1.616s] -- Up-to-date: /home/user/roskit_ws/install/ranger_msgs/share/ranger_msgs/cmake/export_ranger_msgs__rosidl_typesupport_fastrtps_cExport.cmake
[1.616s] -- Up-to-date: /home/user/roskit_ws/install/ranger_msgs/share/ranger_msgs/cmake/export_ranger_msgs__rosidl_typesupport_fastrtps_cExport-release.cmake
[1.617s] -- Up-to-date: /home/user/roskit_ws/install/ranger_msgs/share/ranger_msgs/cmake/export_ranger_msgs__rosidl_generator_cppExport.cmake
[1.617s] -- Up-to-date: /home/user/roskit_ws/install/ranger_msgs/share/ranger_msgs/cmake/export_ranger_msgs__rosidl_typesupport_fastrtps_cppExport.cmake
[1.617s] -- Up-to-date: /home/user/roskit_ws/install/ranger_msgs/share/ranger_msgs/cmake/export_ranger_msgs__rosidl_typesupport_fastrtps_cppExport-release.cmake
[1.617s] -- Up-to-date: /home/user/roskit_ws/install/ranger_msgs/share/ranger_msgs/cmake/ranger_msgs__rosidl_typesupport_introspection_cExport.cmake
[1.617s] -- Up-to-date: /home/user/roskit_ws/install/ranger_msgs/share/ranger_msgs/cmake/ranger_msgs__rosidl_typesupport_introspection_cExport-release.cmake
[1.617s] -- Up-to-date: /home/user/roskit_ws/install/ranger_msgs/share/ranger_msgs/cmake/ranger_msgs__rosidl_typesupport_cExport.cmake
[1.617s] -- Up-to-date: /home/user/roskit_ws/install/ranger_msgs/share/ranger_msgs/cmake/ranger_msgs__rosidl_typesupport_cExport-release.cmake
[1.617s] -- Up-to-date: /home/user/roskit_ws/install/ranger_msgs/share/ranger_msgs/cmake/ranger_msgs__rosidl_typesupport_introspection_cppExport.cmake
[1.617s] -- Up-to-date: /home/user/roskit_ws/install/ranger_msgs/share/ranger_msgs/cmake/ranger_msgs__rosidl_typesupport_introspection_cppExport-release.cmake
[1.617s] -- Up-to-date: /home/user/roskit_ws/install/ranger_msgs/share/ranger_msgs/cmake/ranger_msgs__rosidl_typesupport_cppExport.cmake
[1.617s] -- Up-to-date: /home/user/roskit_ws/install/ranger_msgs/share/ranger_msgs/cmake/ranger_msgs__rosidl_typesupport_cppExport-release.cmake
[1.617s] -- Up-to-date: /home/user/roskit_ws/install/ranger_msgs/share/ranger_msgs/cmake/export_ranger_msgs__rosidl_generator_pyExport.cmake
[1.617s] -- Up-to-date: /home/user/roskit_ws/install/ranger_msgs/share/ranger_msgs/cmake/export_ranger_msgs__rosidl_generator_pyExport-release.cmake
[1.625s] Invoked command in '/home/user/roskit_ws/build/ranger_msgs' returned '0': CMAKE_PREFIX_PATH=/opt/ros/humble:${CMAKE_PREFIX_PATH} /usr/bin/cmake --install /home/user/roskit_ws/build/ranger_msgs
