[0.029s] Invoking command in '/home/user/roskit_ws/build/scout_msgs': CMAKE_PREFIX_PATH=/opt/ros/humble /usr/bin/cmake --build /home/user/roskit_ws/build/scout_msgs -- -j16 -l16
[0.064s] [35m[1mConsolidate compiler generated dependencies of target scout_msgs__rosidl_generator_c[0m
[0.092s] [  1%] Built target scout_msgs__cpp
[0.106s] [ 12%] Built target scout_msgs__rosidl_generator_c
[0.107s] [ 12%] Built target ament_cmake_python_symlink_scout_msgs
[0.111s] [35m[1mConsolidate compiler generated dependencies of target scout_msgs__rosidl_typesupport_fastrtps_cpp[0m
[0.111s] [35m[1mConsolidate compiler generated dependencies of target scout_msgs__rosidl_typesupport_introspection_cpp[0m
[0.119s] [35m[1mConsolidate compiler generated dependencies of target scout_msgs__rosidl_typesupport_introspection_c[0m
[0.127s] [35m[1mConsolidate compiler generated dependencies of target scout_msgs__rosidl_typesupport_fastrtps_c[0m
[0.128s] [35m[1mConsolidate compiler generated dependencies of target scout_msgs__rosidl_typesupport_c[0m
[0.129s] [ 23%] Built target scout_msgs__rosidl_typesupport_introspection_cpp
[0.129s] [35m[1mConsolidate compiler generated dependencies of target scout_msgs__rosidl_typesupport_cpp[0m
[0.153s] [ 34%] Built target scout_msgs__rosidl_typesupport_introspection_c
[0.153s] [ 46%] Built target scout_msgs__rosidl_typesupport_fastrtps_c
[0.154s] [ 57%] Built target scout_msgs__rosidl_typesupport_c
[0.155s] [ 68%] Built target scout_msgs__rosidl_typesupport_fastrtps_cpp
[0.183s] [ 79%] Built target scout_msgs__rosidl_typesupport_cpp
[0.196s] [ 79%] Built target scout_msgs
[0.221s] [ 80%] Built target scout_msgs__py
[0.237s] [35m[1mConsolidate compiler generated dependencies of target scout_msgs__rosidl_generator_py[0m
[0.272s] [ 90%] Built target scout_msgs__rosidl_generator_py
[0.294s] [35m[1mConsolidate compiler generated dependencies of target scout_msgs__rosidl_typesupport_c__pyext[0m
[0.296s] [35m[1mConsolidate compiler generated dependencies of target scout_msgs__rosidl_typesupport_fastrtps_c__pyext[0m
[0.300s] [35m[1mConsolidate compiler generated dependencies of target scout_msgs__rosidl_typesupport_introspection_c__pyext[0m
[0.306s] [ 93%] Built target scout_msgs__rosidl_typesupport_c__pyext
[0.307s] running egg_info
[0.307s] writing scout_msgs.egg-info/PKG-INFO
[0.307s] writing dependency_links to scout_msgs.egg-info/dependency_links.txt
[0.307s] writing top-level names to scout_msgs.egg-info/top_level.txt
[0.307s] [ 96%] Built target scout_msgs__rosidl_typesupport_fastrtps_c__pyext
[0.308s] reading manifest file 'scout_msgs.egg-info/SOURCES.txt'
[0.308s] writing manifest file 'scout_msgs.egg-info/SOURCES.txt'
[0.317s] [100%] Built target scout_msgs__rosidl_typesupport_introspection_c__pyext
[0.330s] [100%] Built target ament_cmake_python_build_scout_msgs_egg
[0.367s] Invoked command in '/home/user/roskit_ws/build/scout_msgs' returned '0': CMAKE_PREFIX_PATH=/opt/ros/humble /usr/bin/cmake --build /home/user/roskit_ws/build/scout_msgs -- -j16 -l16
[0.368s] Invoking command in '/home/user/roskit_ws/build/scout_msgs': CMAKE_PREFIX_PATH=/opt/ros/humble /usr/bin/cmake --install /home/user/roskit_ws/build/scout_msgs
[0.379s] -- Install configuration: "Release"
[0.379s] -- Execute custom install script
[0.379s] -- Symlinking: /home/user/roskit_ws/install/scout_msgs/share/ament_index/resource_index/rosidl_interfaces/scout_msgs
[0.380s] -- Symlinking: /home/user/roskit_ws/install/scout_msgs/include/scout_msgs/scout_msgs/msg/detail/scout_actuator_state__functions.h
[0.383s] -- Symlinking: /home/user/roskit_ws/install/scout_msgs/include/scout_msgs/scout_msgs/msg/detail/scout_actuator_state__struct.h
[0.385s] -- Symlinking: /home/user/roskit_ws/install/scout_msgs/include/scout_msgs/scout_msgs/msg/detail/scout_actuator_state__type_support.h
[0.389s] -- Symlinking: /home/user/roskit_ws/install/scout_msgs/include/scout_msgs/scout_msgs/msg/detail/scout_light_cmd__functions.h
[0.395s] -- Symlinking: /home/user/roskit_ws/install/scout_msgs/include/scout_msgs/scout_msgs/msg/detail/scout_light_cmd__struct.h
[0.402s] -- Symlinking: /home/user/roskit_ws/install/scout_msgs/include/scout_msgs/scout_msgs/msg/detail/scout_light_cmd__type_support.h
[0.407s] -- Symlinking: /home/user/roskit_ws/install/scout_msgs/include/scout_msgs/scout_msgs/msg/detail/scout_light_state__functions.h
[0.412s] -- Symlinking: /home/user/roskit_ws/install/scout_msgs/include/scout_msgs/scout_msgs/msg/detail/scout_light_state__struct.h
[0.419s] -- Symlinking: /home/user/roskit_ws/install/scout_msgs/include/scout_msgs/scout_msgs/msg/detail/scout_light_state__type_support.h
[0.424s] -- Symlinking: /home/user/roskit_ws/install/scout_msgs/include/scout_msgs/scout_msgs/msg/detail/scout_rc_state__functions.h
[0.428s] -- Symlinking: /home/user/roskit_ws/install/scout_msgs/include/scout_msgs/scout_msgs/msg/detail/scout_rc_state__struct.h
[0.433s] -- Symlinking: /home/user/roskit_ws/install/scout_msgs/include/scout_msgs/scout_msgs/msg/detail/scout_rc_state__type_support.h
[0.442s] -- Symlinking: /home/user/roskit_ws/install/scout_msgs/include/scout_msgs/scout_msgs/msg/detail/scout_status__functions.h
[0.445s] -- Symlinking: /home/user/roskit_ws/install/scout_msgs/include/scout_msgs/scout_msgs/msg/detail/scout_status__struct.h
[0.451s] -- Symlinking: /home/user/roskit_ws/install/scout_msgs/include/scout_msgs/scout_msgs/msg/detail/scout_status__type_support.h
[0.457s] -- Symlinking: /home/user/roskit_ws/install/scout_msgs/include/scout_msgs/scout_msgs/msg/rosidl_generator_c__visibility_control.h
[0.475s] -- Symlinking: /home/user/roskit_ws/install/scout_msgs/include/scout_msgs/scout_msgs/msg/scout_actuator_state.h
[0.492s] -- Symlinking: /home/user/roskit_ws/install/scout_msgs/include/scout_msgs/scout_msgs/msg/scout_light_cmd.h
[0.496s] -- Symlinking: /home/user/roskit_ws/install/scout_msgs/include/scout_msgs/scout_msgs/msg/scout_light_state.h
[0.500s] -- Symlinking: /home/user/roskit_ws/install/scout_msgs/include/scout_msgs/scout_msgs/msg/scout_rc_state.h
[0.505s] -- Symlinking: /home/user/roskit_ws/install/scout_msgs/include/scout_msgs/scout_msgs/msg/scout_status.h
[0.510s] -- Symlinking: /home/user/roskit_ws/install/scout_msgs/share/scout_msgs/environment/library_path.sh
[0.518s] -- Symlinking: /home/user/roskit_ws/install/scout_msgs/share/scout_msgs/environment/library_path.dsv
[0.524s] -- Symlinking: /home/user/roskit_ws/install/scout_msgs/include/scout_msgs/scout_msgs/msg/detail/scout_actuator_state__rosidl_typesupport_fastrtps_c.h
[0.530s] -- Symlinking: /home/user/roskit_ws/install/scout_msgs/include/scout_msgs/scout_msgs/msg/detail/scout_light_cmd__rosidl_typesupport_fastrtps_c.h
[0.537s] -- Symlinking: /home/user/roskit_ws/install/scout_msgs/include/scout_msgs/scout_msgs/msg/detail/scout_light_state__rosidl_typesupport_fastrtps_c.h
[0.542s] -- Symlinking: /home/user/roskit_ws/install/scout_msgs/include/scout_msgs/scout_msgs/msg/detail/scout_rc_state__rosidl_typesupport_fastrtps_c.h
[0.548s] -- Symlinking: /home/user/roskit_ws/install/scout_msgs/include/scout_msgs/scout_msgs/msg/detail/scout_status__rosidl_typesupport_fastrtps_c.h
[0.553s] -- Symlinking: /home/user/roskit_ws/install/scout_msgs/include/scout_msgs/scout_msgs/msg/rosidl_typesupport_fastrtps_c__visibility_control.h
[0.559s] -- Symlinking: /home/user/roskit_ws/install/scout_msgs/include/scout_msgs/scout_msgs/msg/detail/scout_actuator_state__builder.hpp
[0.563s] -- Symlinking: /home/user/roskit_ws/install/scout_msgs/include/scout_msgs/scout_msgs/msg/detail/scout_actuator_state__struct.hpp
[0.569s] -- Symlinking: /home/user/roskit_ws/install/scout_msgs/include/scout_msgs/scout_msgs/msg/detail/scout_actuator_state__traits.hpp
[0.574s] -- Symlinking: /home/user/roskit_ws/install/scout_msgs/include/scout_msgs/scout_msgs/msg/detail/scout_actuator_state__type_support.hpp
[0.579s] -- Symlinking: /home/user/roskit_ws/install/scout_msgs/include/scout_msgs/scout_msgs/msg/detail/scout_light_cmd__builder.hpp
[0.586s] -- Symlinking: /home/user/roskit_ws/install/scout_msgs/include/scout_msgs/scout_msgs/msg/detail/scout_light_cmd__struct.hpp
[0.593s] -- Symlinking: /home/user/roskit_ws/install/scout_msgs/include/scout_msgs/scout_msgs/msg/detail/scout_light_cmd__traits.hpp
[0.599s] -- Symlinking: /home/user/roskit_ws/install/scout_msgs/include/scout_msgs/scout_msgs/msg/detail/scout_light_cmd__type_support.hpp
[0.605s] -- Symlinking: /home/user/roskit_ws/install/scout_msgs/include/scout_msgs/scout_msgs/msg/detail/scout_light_state__builder.hpp
[0.611s] -- Symlinking: /home/user/roskit_ws/install/scout_msgs/include/scout_msgs/scout_msgs/msg/detail/scout_light_state__struct.hpp
[0.618s] -- Symlinking: /home/user/roskit_ws/install/scout_msgs/include/scout_msgs/scout_msgs/msg/detail/scout_light_state__traits.hpp
[0.625s] -- Symlinking: /home/user/roskit_ws/install/scout_msgs/include/scout_msgs/scout_msgs/msg/detail/scout_light_state__type_support.hpp
[0.630s] -- Symlinking: /home/user/roskit_ws/install/scout_msgs/include/scout_msgs/scout_msgs/msg/detail/scout_rc_state__builder.hpp
[0.634s] -- Symlinking: /home/user/roskit_ws/install/scout_msgs/include/scout_msgs/scout_msgs/msg/detail/scout_rc_state__struct.hpp
[0.641s] -- Symlinking: /home/user/roskit_ws/install/scout_msgs/include/scout_msgs/scout_msgs/msg/detail/scout_rc_state__traits.hpp
[0.646s] -- Symlinking: /home/user/roskit_ws/install/scout_msgs/include/scout_msgs/scout_msgs/msg/detail/scout_rc_state__type_support.hpp
[0.651s] -- Symlinking: /home/user/roskit_ws/install/scout_msgs/include/scout_msgs/scout_msgs/msg/detail/scout_status__builder.hpp
[0.657s] -- Symlinking: /home/user/roskit_ws/install/scout_msgs/include/scout_msgs/scout_msgs/msg/detail/scout_status__struct.hpp
[0.664s] -- Symlinking: /home/user/roskit_ws/install/scout_msgs/include/scout_msgs/scout_msgs/msg/detail/scout_status__traits.hpp
[0.670s] -- Symlinking: /home/user/roskit_ws/install/scout_msgs/include/scout_msgs/scout_msgs/msg/detail/scout_status__type_support.hpp
[0.677s] -- Symlinking: /home/user/roskit_ws/install/scout_msgs/include/scout_msgs/scout_msgs/msg/rosidl_generator_cpp__visibility_control.hpp
[0.682s] -- Symlinking: /home/user/roskit_ws/install/scout_msgs/include/scout_msgs/scout_msgs/msg/scout_actuator_state.hpp
[0.688s] -- Symlinking: /home/user/roskit_ws/install/scout_msgs/include/scout_msgs/scout_msgs/msg/scout_light_cmd.hpp
[0.694s] -- Symlinking: /home/user/roskit_ws/install/scout_msgs/include/scout_msgs/scout_msgs/msg/scout_light_state.hpp
[0.699s] -- Symlinking: /home/user/roskit_ws/install/scout_msgs/include/scout_msgs/scout_msgs/msg/scout_rc_state.hpp
[0.706s] -- Symlinking: /home/user/roskit_ws/install/scout_msgs/include/scout_msgs/scout_msgs/msg/scout_status.hpp
[0.711s] -- Symlinking: /home/user/roskit_ws/install/scout_msgs/include/scout_msgs/scout_msgs/msg/detail/scout_actuator_state__rosidl_typesupport_fastrtps_cpp.hpp
[0.717s] -- Symlinking: /home/user/roskit_ws/install/scout_msgs/include/scout_msgs/scout_msgs/msg/detail/scout_light_cmd__rosidl_typesupport_fastrtps_cpp.hpp
[0.723s] -- Symlinking: /home/user/roskit_ws/install/scout_msgs/include/scout_msgs/scout_msgs/msg/detail/scout_light_state__rosidl_typesupport_fastrtps_cpp.hpp
[0.731s] -- Symlinking: /home/user/roskit_ws/install/scout_msgs/include/scout_msgs/scout_msgs/msg/detail/scout_rc_state__rosidl_typesupport_fastrtps_cpp.hpp
[0.736s] -- Symlinking: /home/user/roskit_ws/install/scout_msgs/include/scout_msgs/scout_msgs/msg/detail/scout_status__rosidl_typesupport_fastrtps_cpp.hpp
[0.740s] -- Symlinking: /home/user/roskit_ws/install/scout_msgs/include/scout_msgs/scout_msgs/msg/rosidl_typesupport_fastrtps_cpp__visibility_control.h
[0.746s] -- Symlinking: /home/user/roskit_ws/install/scout_msgs/include/scout_msgs/scout_msgs/msg/detail/scout_actuator_state__rosidl_typesupport_introspection_c.h
[0.753s] -- Symlinking: /home/user/roskit_ws/install/scout_msgs/include/scout_msgs/scout_msgs/msg/detail/scout_light_cmd__rosidl_typesupport_introspection_c.h
[0.758s] -- Symlinking: /home/user/roskit_ws/install/scout_msgs/include/scout_msgs/scout_msgs/msg/detail/scout_light_state__rosidl_typesupport_introspection_c.h
[0.763s] -- Symlinking: /home/user/roskit_ws/install/scout_msgs/include/scout_msgs/scout_msgs/msg/detail/scout_rc_state__rosidl_typesupport_introspection_c.h
[0.768s] -- Symlinking: /home/user/roskit_ws/install/scout_msgs/include/scout_msgs/scout_msgs/msg/detail/scout_status__rosidl_typesupport_introspection_c.h
[0.776s] -- Symlinking: /home/user/roskit_ws/install/scout_msgs/include/scout_msgs/scout_msgs/msg/rosidl_typesupport_introspection_c__visibility_control.h
[0.785s] -- Symlinking: /home/user/roskit_ws/install/scout_msgs/include/scout_msgs/scout_msgs/msg/detail/scout_actuator_state__rosidl_typesupport_introspection_cpp.hpp
[0.792s] -- Symlinking: /home/user/roskit_ws/install/scout_msgs/include/scout_msgs/scout_msgs/msg/detail/scout_light_cmd__rosidl_typesupport_introspection_cpp.hpp
[0.797s] -- Symlinking: /home/user/roskit_ws/install/scout_msgs/include/scout_msgs/scout_msgs/msg/detail/scout_light_state__rosidl_typesupport_introspection_cpp.hpp
[0.803s] -- Symlinking: /home/user/roskit_ws/install/scout_msgs/include/scout_msgs/scout_msgs/msg/detail/scout_rc_state__rosidl_typesupport_introspection_cpp.hpp
[0.808s] -- Symlinking: /home/user/roskit_ws/install/scout_msgs/include/scout_msgs/scout_msgs/msg/detail/scout_status__rosidl_typesupport_introspection_cpp.hpp
[0.813s] -- Symlinking: /home/user/roskit_ws/install/scout_msgs/share/scout_msgs/environment/pythonpath.sh
[0.820s] -- Symlinking: /home/user/roskit_ws/install/scout_msgs/share/scout_msgs/environment/pythonpath.dsv
[0.827s] -- Symlinking: /home/user/roskit_ws/install/scout_msgs/local/lib/python3.10/dist-packages/scout_msgs-0.1.0-py3.10.egg-info/PKG-INFO
[0.834s] -- Symlinking: /home/user/roskit_ws/install/scout_msgs/local/lib/python3.10/dist-packages/scout_msgs-0.1.0-py3.10.egg-info/SOURCES.txt
[0.840s] -- Symlinking: /home/user/roskit_ws/install/scout_msgs/local/lib/python3.10/dist-packages/scout_msgs-0.1.0-py3.10.egg-info/dependency_links.txt
[0.846s] -- Symlinking: /home/user/roskit_ws/install/scout_msgs/local/lib/python3.10/dist-packages/scout_msgs-0.1.0-py3.10.egg-info/top_level.txt
[0.851s] -- Symlinking: /home/user/roskit_ws/install/scout_msgs/local/lib/python3.10/dist-packages/scout_msgs/__init__.py
[0.857s] -- Symlinking: /home/user/roskit_ws/install/scout_msgs/local/lib/python3.10/dist-packages/scout_msgs/_scout_msgs_s.ep.rosidl_typesupport_c.c
[0.862s] -- Symlinking: /home/user/roskit_ws/install/scout_msgs/local/lib/python3.10/dist-packages/scout_msgs/_scout_msgs_s.ep.rosidl_typesupport_fastrtps_c.c
[0.869s] -- Symlinking: /home/user/roskit_ws/install/scout_msgs/local/lib/python3.10/dist-packages/scout_msgs/_scout_msgs_s.ep.rosidl_typesupport_introspection_c.c
[0.874s] -- Symlinking: /home/user/roskit_ws/install/scout_msgs/local/lib/python3.10/dist-packages/scout_msgs/libscout_msgs__rosidl_generator_py.so
[0.881s] -- Symlinking: /home/user/roskit_ws/install/scout_msgs/local/lib/python3.10/dist-packages/scout_msgs/msg/__init__.py
[0.887s] -- Symlinking: /home/user/roskit_ws/install/scout_msgs/local/lib/python3.10/dist-packages/scout_msgs/msg/_scout_actuator_state.py
[0.892s] -- Symlinking: /home/user/roskit_ws/install/scout_msgs/local/lib/python3.10/dist-packages/scout_msgs/msg/_scout_actuator_state_s.c
[0.898s] -- Symlinking: /home/user/roskit_ws/install/scout_msgs/local/lib/python3.10/dist-packages/scout_msgs/msg/_scout_light_cmd.py
[0.904s] -- Symlinking: /home/user/roskit_ws/install/scout_msgs/local/lib/python3.10/dist-packages/scout_msgs/msg/_scout_light_cmd_s.c
[0.910s] -- Symlinking: /home/user/roskit_ws/install/scout_msgs/local/lib/python3.10/dist-packages/scout_msgs/msg/_scout_light_state.py
[0.917s] -- Symlinking: /home/user/roskit_ws/install/scout_msgs/local/lib/python3.10/dist-packages/scout_msgs/msg/_scout_light_state_s.c
[0.923s] -- Symlinking: /home/user/roskit_ws/install/scout_msgs/local/lib/python3.10/dist-packages/scout_msgs/msg/_scout_rc_state.py
[0.932s] -- Symlinking: /home/user/roskit_ws/install/scout_msgs/local/lib/python3.10/dist-packages/scout_msgs/msg/_scout_rc_state_s.c
[0.941s] -- Symlinking: /home/user/roskit_ws/install/scout_msgs/local/lib/python3.10/dist-packages/scout_msgs/msg/_scout_status.py
[0.947s] -- Symlinking: /home/user/roskit_ws/install/scout_msgs/local/lib/python3.10/dist-packages/scout_msgs/msg/_scout_status_s.c
[0.952s] -- Symlinking: /home/user/roskit_ws/install/scout_msgs/local/lib/python3.10/dist-packages/scout_msgs/scout_msgs_s__rosidl_typesupport_c.cpython-310-x86_64-linux-gnu.so
[0.958s] -- Symlinking: /home/user/roskit_ws/install/scout_msgs/local/lib/python3.10/dist-packages/scout_msgs/scout_msgs_s__rosidl_typesupport_fastrtps_c.cpython-310-x86_64-linux-gnu.so
[0.964s] -- Symlinking: /home/user/roskit_ws/install/scout_msgs/local/lib/python3.10/dist-packages/scout_msgs/scout_msgs_s__rosidl_typesupport_introspection_c.cpython-310-x86_64-linux-gnu.so
[0.973s] -- Up-to-date symlink: /home/user/roskit_ws/install/scout_msgs/local/lib/python3.10/dist-packages/scout_msgs/scout_msgs_s__rosidl_typesupport_fastrtps_c.cpython-310-x86_64-linux-gnu.so
[0.973s] -- Up-to-date symlink: /home/user/roskit_ws/install/scout_msgs/local/lib/python3.10/dist-packages/scout_msgs/scout_msgs_s__rosidl_typesupport_introspection_c.cpython-310-x86_64-linux-gnu.so
[0.973s] -- Up-to-date symlink: /home/user/roskit_ws/install/scout_msgs/local/lib/python3.10/dist-packages/scout_msgs/scout_msgs_s__rosidl_typesupport_c.cpython-310-x86_64-linux-gnu.so
[0.974s] -- Symlinking: /home/user/roskit_ws/install/scout_msgs/share/scout_msgs/msg/ScoutActuatorState.idl
[0.981s] -- Symlinking: /home/user/roskit_ws/install/scout_msgs/share/scout_msgs/msg/ScoutLightCmd.idl
[0.987s] -- Symlinking: /home/user/roskit_ws/install/scout_msgs/share/scout_msgs/msg/ScoutLightState.idl
[0.999s] -- Symlinking: /home/user/roskit_ws/install/scout_msgs/share/scout_msgs/msg/ScoutRCState.idl
[1.009s] -- Symlinking: /home/user/roskit_ws/install/scout_msgs/share/scout_msgs/msg/ScoutStatus.idl
[1.020s] -- Symlinking: /home/user/roskit_ws/install/scout_msgs/share/scout_msgs/msg/ScoutActuatorState.msg
[1.026s] -- Symlinking: /home/user/roskit_ws/install/scout_msgs/share/scout_msgs/msg/ScoutLightCmd.msg
[1.033s] -- Symlinking: /home/user/roskit_ws/install/scout_msgs/share/scout_msgs/msg/ScoutLightState.msg
[1.040s] -- Symlinking: /home/user/roskit_ws/install/scout_msgs/share/scout_msgs/msg/ScoutRCState.msg
[1.048s] -- Symlinking: /home/user/roskit_ws/install/scout_msgs/share/scout_msgs/msg/ScoutStatus.msg
[1.055s] -- Symlinking: /home/user/roskit_ws/install/scout_msgs/share/ament_index/resource_index/package_run_dependencies/scout_msgs
[1.062s] -- Symlinking: /home/user/roskit_ws/install/scout_msgs/share/ament_index/resource_index/parent_prefix_path/scout_msgs
[1.067s] -- Symlinking: /home/user/roskit_ws/install/scout_msgs/share/scout_msgs/environment/ament_prefix_path.sh
[1.075s] -- Symlinking: /home/user/roskit_ws/install/scout_msgs/share/scout_msgs/environment/ament_prefix_path.dsv
[1.083s] -- Symlinking: /home/user/roskit_ws/install/scout_msgs/share/scout_msgs/environment/path.sh
[1.088s] -- Symlinking: /home/user/roskit_ws/install/scout_msgs/share/scout_msgs/environment/path.dsv
[1.095s] -- Symlinking: /home/user/roskit_ws/install/scout_msgs/share/scout_msgs/local_setup.bash
[1.102s] -- Symlinking: /home/user/roskit_ws/install/scout_msgs/share/scout_msgs/local_setup.sh
[1.107s] -- Symlinking: /home/user/roskit_ws/install/scout_msgs/share/scout_msgs/local_setup.zsh
[1.113s] -- Symlinking: /home/user/roskit_ws/install/scout_msgs/share/scout_msgs/local_setup.dsv
[1.120s] -- Symlinking: /home/user/roskit_ws/install/scout_msgs/share/scout_msgs/package.dsv
[1.128s] -- Symlinking: /home/user/roskit_ws/install/scout_msgs/share/ament_index/resource_index/packages/scout_msgs
[1.133s] -- Symlinking: /home/user/roskit_ws/install/scout_msgs/share/scout_msgs/cmake/rosidl_cmake-extras.cmake
[1.140s] -- Symlinking: /home/user/roskit_ws/install/scout_msgs/share/scout_msgs/cmake/ament_cmake_export_dependencies-extras.cmake
[1.147s] -- Symlinking: /home/user/roskit_ws/install/scout_msgs/share/scout_msgs/cmake/ament_cmake_export_include_directories-extras.cmake
[1.152s] -- Symlinking: /home/user/roskit_ws/install/scout_msgs/share/scout_msgs/cmake/ament_cmake_export_libraries-extras.cmake
[1.163s] -- Symlinking: /home/user/roskit_ws/install/scout_msgs/share/scout_msgs/cmake/ament_cmake_export_targets-extras.cmake
[1.166s] -- Symlinking: /home/user/roskit_ws/install/scout_msgs/share/scout_msgs/cmake/rosidl_cmake_export_typesupport_targets-extras.cmake
[1.191s] -- Symlinking: /home/user/roskit_ws/install/scout_msgs/share/scout_msgs/cmake/rosidl_cmake_export_typesupport_libraries-extras.cmake
[1.227s] -- Symlinking: /home/user/roskit_ws/install/scout_msgs/share/scout_msgs/cmake/scout_msgsConfig.cmake
[1.227s] -- Symlinking: /home/user/roskit_ws/install/scout_msgs/share/scout_msgs/cmake/scout_msgsConfig-version.cmake
[1.239s] -- Symlinking: /home/user/roskit_ws/install/scout_msgs/share/scout_msgs/package.xml
[1.259s] -- Installing: /home/user/roskit_ws/install/scout_msgs/lib/libscout_msgs__rosidl_generator_c.so
[1.259s] -- Set runtime path of "/home/user/roskit_ws/install/scout_msgs/lib/libscout_msgs__rosidl_generator_c.so" to ""
[1.259s] -- Installing: /home/user/roskit_ws/install/scout_msgs/lib/libscout_msgs__rosidl_typesupport_fastrtps_c.so
[1.260s] -- Set runtime path of "/home/user/roskit_ws/install/scout_msgs/lib/libscout_msgs__rosidl_typesupport_fastrtps_c.so" to ""
[1.260s] -- Installing: /home/user/roskit_ws/install/scout_msgs/lib/libscout_msgs__rosidl_typesupport_fastrtps_cpp.so
[1.260s] -- Set runtime path of "/home/user/roskit_ws/install/scout_msgs/lib/libscout_msgs__rosidl_typesupport_fastrtps_cpp.so" to ""
[1.260s] -- Installing: /home/user/roskit_ws/install/scout_msgs/lib/libscout_msgs__rosidl_typesupport_introspection_c.so
[1.262s] -- Set runtime path of "/home/user/roskit_ws/install/scout_msgs/lib/libscout_msgs__rosidl_typesupport_introspection_c.so" to ""
[1.262s] -- Installing: /home/user/roskit_ws/install/scout_msgs/lib/libscout_msgs__rosidl_typesupport_c.so
[1.262s] -- Set runtime path of "/home/user/roskit_ws/install/scout_msgs/lib/libscout_msgs__rosidl_typesupport_c.so" to ""
[1.263s] -- Installing: /home/user/roskit_ws/install/scout_msgs/lib/libscout_msgs__rosidl_typesupport_introspection_cpp.so
[1.263s] -- Set runtime path of "/home/user/roskit_ws/install/scout_msgs/lib/libscout_msgs__rosidl_typesupport_introspection_cpp.so" to ""
[1.263s] -- Installing: /home/user/roskit_ws/install/scout_msgs/lib/libscout_msgs__rosidl_typesupport_cpp.so
[1.265s] -- Set runtime path of "/home/user/roskit_ws/install/scout_msgs/lib/libscout_msgs__rosidl_typesupport_cpp.so" to ""
[1.327s] Listing '/home/user/roskit_ws/install/scout_msgs/local/lib/python3.10/dist-packages/scout_msgs'...
[1.327s] Compiling '/home/user/roskit_ws/install/scout_msgs/local/lib/python3.10/dist-packages/scout_msgs/__init__.py'...
[1.327s] Listing '/home/user/roskit_ws/install/scout_msgs/local/lib/python3.10/dist-packages/scout_msgs/msg'...
[1.328s] Compiling '/home/user/roskit_ws/install/scout_msgs/local/lib/python3.10/dist-packages/scout_msgs/msg/__init__.py'...
[1.328s] Compiling '/home/user/roskit_ws/install/scout_msgs/local/lib/python3.10/dist-packages/scout_msgs/msg/_scout_actuator_state.py'...
[1.328s] Compiling '/home/user/roskit_ws/install/scout_msgs/local/lib/python3.10/dist-packages/scout_msgs/msg/_scout_light_cmd.py'...
[1.328s] Compiling '/home/user/roskit_ws/install/scout_msgs/local/lib/python3.10/dist-packages/scout_msgs/msg/_scout_light_state.py'...
[1.328s] Compiling '/home/user/roskit_ws/install/scout_msgs/local/lib/python3.10/dist-packages/scout_msgs/msg/_scout_rc_state.py'...
[1.328s] Compiling '/home/user/roskit_ws/install/scout_msgs/local/lib/python3.10/dist-packages/scout_msgs/msg/_scout_status.py'...
[1.332s] -- Installing: /home/user/roskit_ws/install/scout_msgs/lib/libscout_msgs__rosidl_generator_py.so
[1.332s] -- Set runtime path of "/home/user/roskit_ws/install/scout_msgs/lib/libscout_msgs__rosidl_generator_py.so" to ""
[1.334s] -- Installing: /home/user/roskit_ws/install/scout_msgs/share/scout_msgs/cmake/export_scout_msgs__rosidl_generator_cExport.cmake
[1.335s] -- Installing: /home/user/roskit_ws/install/scout_msgs/share/scout_msgs/cmake/export_scout_msgs__rosidl_generator_cExport-release.cmake
[1.335s] -- Installing: /home/user/roskit_ws/install/scout_msgs/share/scout_msgs/cmake/export_scout_msgs__rosidl_typesupport_fastrtps_cExport.cmake
[1.335s] -- Installing: /home/user/roskit_ws/install/scout_msgs/share/scout_msgs/cmake/export_scout_msgs__rosidl_typesupport_fastrtps_cExport-release.cmake
[1.335s] -- Installing: /home/user/roskit_ws/install/scout_msgs/share/scout_msgs/cmake/export_scout_msgs__rosidl_generator_cppExport.cmake
[1.335s] -- Installing: /home/user/roskit_ws/install/scout_msgs/share/scout_msgs/cmake/export_scout_msgs__rosidl_typesupport_fastrtps_cppExport.cmake
[1.335s] -- Installing: /home/user/roskit_ws/install/scout_msgs/share/scout_msgs/cmake/export_scout_msgs__rosidl_typesupport_fastrtps_cppExport-release.cmake
[1.335s] -- Installing: /home/user/roskit_ws/install/scout_msgs/share/scout_msgs/cmake/scout_msgs__rosidl_typesupport_introspection_cExport.cmake
[1.335s] -- Installing: /home/user/roskit_ws/install/scout_msgs/share/scout_msgs/cmake/scout_msgs__rosidl_typesupport_introspection_cExport-release.cmake
[1.335s] -- Installing: /home/user/roskit_ws/install/scout_msgs/share/scout_msgs/cmake/scout_msgs__rosidl_typesupport_cExport.cmake
[1.335s] -- Installing: /home/user/roskit_ws/install/scout_msgs/share/scout_msgs/cmake/scout_msgs__rosidl_typesupport_cExport-release.cmake
[1.335s] -- Installing: /home/user/roskit_ws/install/scout_msgs/share/scout_msgs/cmake/scout_msgs__rosidl_typesupport_introspection_cppExport.cmake
[1.335s] -- Installing: /home/user/roskit_ws/install/scout_msgs/share/scout_msgs/cmake/scout_msgs__rosidl_typesupport_introspection_cppExport-release.cmake
[1.335s] -- Installing: /home/user/roskit_ws/install/scout_msgs/share/scout_msgs/cmake/scout_msgs__rosidl_typesupport_cppExport.cmake
[1.335s] -- Installing: /home/user/roskit_ws/install/scout_msgs/share/scout_msgs/cmake/scout_msgs__rosidl_typesupport_cppExport-release.cmake
[1.335s] -- Installing: /home/user/roskit_ws/install/scout_msgs/share/scout_msgs/cmake/export_scout_msgs__rosidl_generator_pyExport.cmake
[1.335s] -- Installing: /home/user/roskit_ws/install/scout_msgs/share/scout_msgs/cmake/export_scout_msgs__rosidl_generator_pyExport-release.cmake
[1.335s] Invoked command in '/home/user/roskit_ws/build/scout_msgs' returned '0': CMAKE_PREFIX_PATH=/opt/ros/humble /usr/bin/cmake --install /home/user/roskit_ws/build/scout_msgs
