[0.030s] Invoking command in '/home/user/roskit_ws/build/ouster_sensor_msgs': /usr/bin/cmake /home/user/roskit_ws/src/ouster-ros/ouster-sensor-msgs -DCMAKE_BUILD_TYPE=Release -DAMENT_CMAKE_SYMLINK_INSTALL=1 -DCMAKE_INSTALL_PREFIX=/home/user/roskit_ws/install/ouster_sensor_msgs
[0.063s] -- Configuring incomplete, errors occurred!
[0.063s] See also "/home/user/roskit_ws/build/ouster_sensor_msgs/CMakeFiles/CMakeOutput.log".
[0.063s] [31mCMake Error at CMakeLists.txt:5 (find_package):
[0.063s]   By not providing "Findament_cmake.cmake" in CMAKE_MODULE_PATH this project
[0.063s]   has asked CMake to find a package configuration file provided by
[0.063s]   "ament_cmake", but CMake did not find one.
[0.063s] 
[0.063s]   Could not find a package configuration file provided by "ament_cmake" with
[0.063s]   any of the following names:
[0.063s] 
[0.063s]     ament_cmakeConfig.cmake
[0.063s]     ament_cmake-config.cmake
[0.063s] 
[0.063s]   Add the installation prefix of "ament_cmake" to CMAKE_PREFIX_PATH or set
[0.063s]   "ament_cmake_DIR" to a directory containing one of the above files.  If
[0.063s]   "ament_cmake" provides a separate development package or SDK, be sure it
[0.063s]   has been installed.
[0.063s] 
[0.063s] [0m
[0.078s] Invoked command in '/home/user/roskit_ws/build/ouster_sensor_msgs' returned '1': /usr/bin/cmake /home/user/roskit_ws/src/ouster-ros/ouster-sensor-msgs -DCMAKE_BUILD_TYPE=Release -DAMENT_CMAKE_SYMLINK_INSTALL=1 -DCMAKE_INSTALL_PREFIX=/home/user/roskit_ws/install/ouster_sensor_msgs
