[0.029s] Invoking command in '/home/user/roskit_ws/build/ouster_sensor_msgs': CMAKE_PREFIX_PATH=/opt/ros/humble /usr/bin/cmake /home/user/roskit_ws/src/ouster-ros/ouster-sensor-msgs -DCMAKE_BUILD_TYPE=Release -DAMENT_CMAKE_SYMLINK_INSTALL=1 -DCMAKE_INSTALL_PREFIX=/home/user/roskit_ws/install/ouster_sensor_msgs
[0.075s] -- Found ament_cmake: 1.3.12 (/opt/ros/humble/share/ament_cmake/cmake)
[0.186s] -- Found Python3: /usr/bin/python3 (found version "3.10.12") found components: Interpreter 
[0.236s] -- Override CMake install command with custom implementation using symlinks instead of copying resources
[0.264s] -- Found std_msgs: 4.9.0 (/opt/ros/humble/share/std_msgs/cmake)
[0.295s] -- Found rosidl_generator_c: 3.1.7 (/opt/ros/humble/share/rosidl_generator_c/cmake)
[0.299s] -- Found rosidl_adapter: 3.1.7 (/opt/ros/humble/share/rosidl_adapter/cmake)
[0.307s] -- Found rosidl_generator_cpp: 3.1.7 (/opt/ros/humble/share/rosidl_generator_cpp/cmake)
[0.318s] -- Using all available rosidl_typesupport_c: rosidl_typesupport_fastrtps_c;rosidl_typesupport_introspection_c
[0.337s] -- Using all available rosidl_typesupport_cpp: rosidl_typesupport_fastrtps_cpp;rosidl_typesupport_introspection_cpp
[0.357s] -- Found rosidl_default_generators: 1.2.0 (/opt/ros/humble/share/rosidl_default_generators/cmake)
[0.544s] -- Found ament_cmake_ros: 0.10.0 (/opt/ros/humble/share/ament_cmake_ros/cmake)
[0.790s] -- Using all available rosidl_typesupport_c: rosidl_typesupport_fastrtps_c;rosidl_typesupport_introspection_c
[0.875s] -- Using all available rosidl_typesupport_cpp: rosidl_typesupport_fastrtps_cpp;rosidl_typesupport_introspection_cpp
[0.886s] -- Found PythonInterp: /usr/bin/python3 (found suitable version "3.10.12", minimum required is "3.6") 
[0.887s] -- Found python_cmake_module: 0.10.0 (/opt/ros/humble/share/python_cmake_module/cmake)
[0.912s] -- Found PythonLibs: /usr/lib/x86_64-linux-gnu/libpython3.10.so (found suitable version "3.10.12", minimum required is "3.5") 
[0.912s] -- Using PYTHON_EXECUTABLE: /usr/bin/python3
[0.912s] -- Using PYTHON_INCLUDE_DIRS: /usr/include/python3.10
[0.912s] -- Using PYTHON_LIBRARIES: /usr/lib/x86_64-linux-gnu/libpython3.10.so
[0.924s] -- Found PythonExtra: .so  
[0.955s] -- Configuring done
[0.980s] -- Generating done
[0.992s] -- Build files have been written to: /home/user/roskit_ws/build/ouster_sensor_msgs
[1.013s] Invoked command in '/home/user/roskit_ws/build/ouster_sensor_msgs' returned '0': CMAKE_PREFIX_PATH=/opt/ros/humble /usr/bin/cmake /home/user/roskit_ws/src/ouster-ros/ouster-sensor-msgs -DCMAKE_BUILD_TYPE=Release -DAMENT_CMAKE_SYMLINK_INSTALL=1 -DCMAKE_INSTALL_PREFIX=/home/user/roskit_ws/install/ouster_sensor_msgs
[1.014s] Invoking command in '/home/user/roskit_ws/build/ouster_sensor_msgs': CMAKE_PREFIX_PATH=/opt/ros/humble /usr/bin/cmake --build /home/user/roskit_ws/build/ouster_sensor_msgs -- -j16 -l16
[1.041s] [  1%] [34m[1mGenerating C code for ROS interfaces[0m
[1.053s] [  3%] [34m[1mGenerating C++ code for ROS interfaces[0m
[1.074s] [  3%] Built target ament_cmake_python_symlink_ouster_sensor_msgs
[1.326s] running egg_info
[1.327s] creating ouster_sensor_msgs.egg-info
[1.327s] writing ouster_sensor_msgs.egg-info/PKG-INFO
[1.327s] writing dependency_links to ouster_sensor_msgs.egg-info/dependency_links.txt
[1.327s] writing top-level names to ouster_sensor_msgs.egg-info/top_level.txt
[1.327s] writing manifest file 'ouster_sensor_msgs.egg-info/SOURCES.txt'
[1.327s] reading manifest file 'ouster_sensor_msgs.egg-info/SOURCES.txt'
[1.327s] writing manifest file 'ouster_sensor_msgs.egg-info/SOURCES.txt'
[1.347s] [  3%] Built target ament_cmake_python_build_ouster_sensor_msgs_egg
[1.449s] [  3%] Built target ouster_sensor_msgs__cpp
[1.450s] [  5%] [32mBuilding C object CMakeFiles/ouster_sensor_msgs__rosidl_generator_c.dir/rosidl_generator_c/ouster_sensor_msgs/msg/detail/packet_msg__functions.c.o[0m
[1.455s] [  7%] [32mBuilding C object CMakeFiles/ouster_sensor_msgs__rosidl_generator_c.dir/rosidl_generator_c/ouster_sensor_msgs/srv/detail/get_config__functions.c.o[0m
[1.456s] [  9%] [32mBuilding C object CMakeFiles/ouster_sensor_msgs__rosidl_generator_c.dir/rosidl_generator_c/ouster_sensor_msgs/srv/detail/set_config__functions.c.o[0m
[1.483s] [ 10%] [34m[1mGenerating C++ type support for eProsima Fast-RTPS[0m
[1.488s] [ 12%] [34m[1mGenerating C++ type support dispatch for ROS interfaces[0m
[1.489s] [ 14%] [34m[1mGenerating C++ introspection for ROS interfaces[0m
[1.497s] [ 16%] [32mBuilding C object CMakeFiles/ouster_sensor_msgs__rosidl_generator_c.dir/rosidl_generator_c/ouster_sensor_msgs/srv/detail/get_metadata__functions.c.o[0m
[1.829s] [ 18%] [32m[1mLinking C shared library libouster_sensor_msgs__rosidl_generator_c.so[0m
[1.905s] [ 18%] Built target ouster_sensor_msgs__rosidl_generator_c
[1.923s] [ 20%] [34m[1mGenerating C type support for eProsima Fast-RTPS[0m
[1.929s] [ 21%] [34m[1mGenerating C type support dispatch for ROS interfaces[0m
[1.960s] [ 23%] [34m[1mGenerating C introspection for ROS interfaces[0m
[2.025s] [ 25%] [32mBuilding CXX object CMakeFiles/ouster_sensor_msgs__rosidl_typesupport_cpp.dir/rosidl_typesupport_cpp/ouster_sensor_msgs/msg/packet_msg__type_support.cpp.o[0m
[2.031s] [ 27%] [32mBuilding CXX object CMakeFiles/ouster_sensor_msgs__rosidl_typesupport_cpp.dir/rosidl_typesupport_cpp/ouster_sensor_msgs/srv/get_metadata__type_support.cpp.o[0m
[2.032s] [ 29%] [32mBuilding CXX object CMakeFiles/ouster_sensor_msgs__rosidl_typesupport_cpp.dir/rosidl_typesupport_cpp/ouster_sensor_msgs/srv/get_config__type_support.cpp.o[0m
[2.040s] [ 30%] [32mBuilding CXX object CMakeFiles/ouster_sensor_msgs__rosidl_typesupport_cpp.dir/rosidl_typesupport_cpp/ouster_sensor_msgs/srv/set_config__type_support.cpp.o[0m
[2.170s] [ 32%] [32mBuilding CXX object CMakeFiles/ouster_sensor_msgs__rosidl_typesupport_fastrtps_cpp.dir/rosidl_typesupport_fastrtps_cpp/ouster_sensor_msgs/msg/detail/dds_fastrtps/packet_msg__type_support.cpp.o[0m
[2.176s] [ 34%] [32mBuilding CXX object CMakeFiles/ouster_sensor_msgs__rosidl_typesupport_fastrtps_cpp.dir/rosidl_typesupport_fastrtps_cpp/ouster_sensor_msgs/srv/detail/dds_fastrtps/get_metadata__type_support.cpp.o[0m
[2.185s] [ 36%] [32mBuilding CXX object CMakeFiles/ouster_sensor_msgs__rosidl_typesupport_fastrtps_cpp.dir/rosidl_typesupport_fastrtps_cpp/ouster_sensor_msgs/srv/detail/dds_fastrtps/set_config__type_support.cpp.o[0m
[2.195s] [ 38%] [32mBuilding CXX object CMakeFiles/ouster_sensor_msgs__rosidl_typesupport_fastrtps_cpp.dir/rosidl_typesupport_fastrtps_cpp/ouster_sensor_msgs/srv/detail/dds_fastrtps/get_config__type_support.cpp.o[0m
[2.353s] [ 40%] [32mBuilding CXX object CMakeFiles/ouster_sensor_msgs__rosidl_typesupport_introspection_cpp.dir/rosidl_typesupport_introspection_cpp/ouster_sensor_msgs/msg/detail/packet_msg__type_support.cpp.o[0m
[2.360s] [ 41%] [32mBuilding CXX object CMakeFiles/ouster_sensor_msgs__rosidl_typesupport_introspection_cpp.dir/rosidl_typesupport_introspection_cpp/ouster_sensor_msgs/srv/detail/get_config__type_support.cpp.o[0m
[2.375s] [ 43%] [32mBuilding CXX object CMakeFiles/ouster_sensor_msgs__rosidl_typesupport_introspection_cpp.dir/rosidl_typesupport_introspection_cpp/ouster_sensor_msgs/srv/detail/set_config__type_support.cpp.o[0m
[2.375s] [ 45%] [32mBuilding CXX object CMakeFiles/ouster_sensor_msgs__rosidl_typesupport_introspection_cpp.dir/rosidl_typesupport_introspection_cpp/ouster_sensor_msgs/srv/detail/get_metadata__type_support.cpp.o[0m
[2.528s] [ 47%] [32mBuilding CXX object CMakeFiles/ouster_sensor_msgs__rosidl_typesupport_c.dir/rosidl_typesupport_c/ouster_sensor_msgs/srv/set_config__type_support.cpp.o[0m
[2.529s] [ 50%] [32mBuilding CXX object CMakeFiles/ouster_sensor_msgs__rosidl_typesupport_c.dir/rosidl_typesupport_c/ouster_sensor_msgs/msg/packet_msg__type_support.cpp.o[0m
[2.530s] [ 49%] [32mBuilding CXX object CMakeFiles/ouster_sensor_msgs__rosidl_typesupport_c.dir/rosidl_typesupport_c/ouster_sensor_msgs/srv/get_config__type_support.cpp.o[0m
[2.648s] [ 52%] [32mBuilding CXX object CMakeFiles/ouster_sensor_msgs__rosidl_typesupport_c.dir/rosidl_typesupport_c/ouster_sensor_msgs/srv/get_metadata__type_support.cpp.o[0m
[2.747s] [ 54%] [32m[1mLinking CXX shared library libouster_sensor_msgs__rosidl_typesupport_c.so[0m
[2.928s] [ 54%] Built target ouster_sensor_msgs__rosidl_typesupport_c
[3.332s] [ 56%] [32mBuilding C object CMakeFiles/ouster_sensor_msgs__rosidl_typesupport_introspection_c.dir/rosidl_typesupport_introspection_c/ouster_sensor_msgs/msg/detail/packet_msg__type_support.c.o[0m
[3.352s] [ 58%] [32mBuilding C object CMakeFiles/ouster_sensor_msgs__rosidl_typesupport_introspection_c.dir/rosidl_typesupport_introspection_c/ouster_sensor_msgs/srv/detail/get_config__type_support.c.o[0m
[3.362s] [ 60%] [32mBuilding C object CMakeFiles/ouster_sensor_msgs__rosidl_typesupport_introspection_c.dir/rosidl_typesupport_introspection_c/ouster_sensor_msgs/srv/detail/set_config__type_support.c.o[0m
[3.389s] [ 61%] [32mBuilding C object CMakeFiles/ouster_sensor_msgs__rosidl_typesupport_introspection_c.dir/rosidl_typesupport_introspection_c/ouster_sensor_msgs/srv/detail/get_metadata__type_support.c.o[0m
[3.640s] [ 63%] [32mBuilding CXX object CMakeFiles/ouster_sensor_msgs__rosidl_typesupport_fastrtps_c.dir/rosidl_typesupport_fastrtps_c/ouster_sensor_msgs/srv/detail/set_config__type_support_c.cpp.o[0m
[3.656s] [ 65%] [32mBuilding CXX object CMakeFiles/ouster_sensor_msgs__rosidl_typesupport_fastrtps_c.dir/rosidl_typesupport_fastrtps_c/ouster_sensor_msgs/msg/detail/packet_msg__type_support_c.cpp.o[0m
[3.662s] [ 67%] [32mBuilding CXX object CMakeFiles/ouster_sensor_msgs__rosidl_typesupport_fastrtps_c.dir/rosidl_typesupport_fastrtps_c/ouster_sensor_msgs/srv/detail/get_config__type_support_c.cpp.o[0m
[3.679s] [ 69%] [32mBuilding CXX object CMakeFiles/ouster_sensor_msgs__rosidl_typesupport_fastrtps_c.dir/rosidl_typesupport_fastrtps_c/ouster_sensor_msgs/srv/detail/get_metadata__type_support_c.cpp.o[0m
[3.813s] [ 70%] [32m[1mLinking C shared library libouster_sensor_msgs__rosidl_typesupport_introspection_c.so[0m
[3.888s] [ 72%] [32m[1mLinking CXX shared library libouster_sensor_msgs__rosidl_typesupport_cpp.so[0m
[3.978s] [ 72%] Built target ouster_sensor_msgs__rosidl_typesupport_introspection_c
[4.164s] [ 72%] Built target ouster_sensor_msgs__rosidl_typesupport_cpp
[4.934s] [ 74%] [32m[1mLinking CXX shared library libouster_sensor_msgs__rosidl_typesupport_fastrtps_cpp.so[0m
[5.252s] [ 76%] [32m[1mLinking CXX shared library libouster_sensor_msgs__rosidl_typesupport_introspection_cpp.so[0m
[5.411s] [ 76%] Built target ouster_sensor_msgs__rosidl_typesupport_fastrtps_cpp
[5.599s] [ 76%] Built target ouster_sensor_msgs__rosidl_typesupport_introspection_cpp
[5.821s] [ 78%] [32m[1mLinking CXX shared library libouster_sensor_msgs__rosidl_typesupport_fastrtps_c.so[0m
[5.997s] [ 78%] Built target ouster_sensor_msgs__rosidl_typesupport_fastrtps_c
[6.039s] [ 78%] Built target ouster_sensor_msgs
[6.073s] [ 80%] [34m[1mGenerating Python code for ROS interfaces[0m
[6.449s] [ 80%] Built target ouster_sensor_msgs__py
[6.467s] [ 83%] [32mBuilding C object CMakeFiles/ouster_sensor_msgs__rosidl_generator_py.dir/rosidl_generator_py/ouster_sensor_msgs/msg/_packet_msg_s.c.o[0m
[6.467s] [ 83%] [32mBuilding C object CMakeFiles/ouster_sensor_msgs__rosidl_generator_py.dir/rosidl_generator_py/ouster_sensor_msgs/srv/_get_config_s.c.o[0m
[6.467s] [ 85%] [32mBuilding C object CMakeFiles/ouster_sensor_msgs__rosidl_generator_py.dir/rosidl_generator_py/ouster_sensor_msgs/srv/_get_metadata_s.c.o[0m
[6.468s] [ 87%] [32mBuilding C object CMakeFiles/ouster_sensor_msgs__rosidl_generator_py.dir/rosidl_generator_py/ouster_sensor_msgs/srv/_set_config_s.c.o[0m
[6.709s] [ 89%] [32m[1mLinking C shared library rosidl_generator_py/ouster_sensor_msgs/libouster_sensor_msgs__rosidl_generator_py.so[0m
[6.752s] [ 89%] Built target ouster_sensor_msgs__rosidl_generator_py
[6.798s] [ 90%] [32mBuilding C object CMakeFiles/ouster_sensor_msgs__rosidl_typesupport_introspection_c__pyext.dir/rosidl_generator_py/ouster_sensor_msgs/_ouster_sensor_msgs_s.ep.rosidl_typesupport_introspection_c.c.o[0m
[6.798s] [ 92%] [32mBuilding C object CMakeFiles/ouster_sensor_msgs__rosidl_typesupport_fastrtps_c__pyext.dir/rosidl_generator_py/ouster_sensor_msgs/_ouster_sensor_msgs_s.ep.rosidl_typesupport_fastrtps_c.c.o[0m
[6.805s] [ 94%] [32mBuilding C object CMakeFiles/ouster_sensor_msgs__rosidl_typesupport_c__pyext.dir/rosidl_generator_py/ouster_sensor_msgs/_ouster_sensor_msgs_s.ep.rosidl_typesupport_c.c.o[0m
[7.063s] [ 96%] [32m[1mLinking C shared library rosidl_generator_py/ouster_sensor_msgs/ouster_sensor_msgs_s__rosidl_typesupport_introspection_c.cpython-310-x86_64-linux-gnu.so[0m
[7.099s] [ 98%] [32m[1mLinking C shared library rosidl_generator_py/ouster_sensor_msgs/ouster_sensor_msgs_s__rosidl_typesupport_fastrtps_c.cpython-310-x86_64-linux-gnu.so[0m
[7.115s] [ 98%] Built target ouster_sensor_msgs__rosidl_typesupport_introspection_c__pyext
[7.142s] [ 98%] Built target ouster_sensor_msgs__rosidl_typesupport_fastrtps_c__pyext
[7.179s] [100%] [32m[1mLinking C shared library rosidl_generator_py/ouster_sensor_msgs/ouster_sensor_msgs_s__rosidl_typesupport_c.cpython-310-x86_64-linux-gnu.so[0m
[7.222s] [100%] Built target ouster_sensor_msgs__rosidl_typesupport_c__pyext
[7.232s] Invoked command in '/home/user/roskit_ws/build/ouster_sensor_msgs' returned '0': CMAKE_PREFIX_PATH=/opt/ros/humble /usr/bin/cmake --build /home/user/roskit_ws/build/ouster_sensor_msgs -- -j16 -l16
[7.232s] Invoking command in '/home/user/roskit_ws/build/ouster_sensor_msgs': CMAKE_PREFIX_PATH=/opt/ros/humble /usr/bin/cmake --install /home/user/roskit_ws/build/ouster_sensor_msgs
[7.241s] -- Install configuration: "Release"
[7.243s] -- Execute custom install script
[7.243s] -- Symlinking: /home/user/roskit_ws/install/ouster_sensor_msgs/share/ament_index/resource_index/rosidl_interfaces/ouster_sensor_msgs
[7.256s] -- Symlinking: /home/user/roskit_ws/install/ouster_sensor_msgs/include/ouster_sensor_msgs/ouster_sensor_msgs/msg/detail/packet_msg__functions.h
[7.265s] -- Symlinking: /home/user/roskit_ws/install/ouster_sensor_msgs/include/ouster_sensor_msgs/ouster_sensor_msgs/msg/detail/packet_msg__struct.h
[7.270s] -- Symlinking: /home/user/roskit_ws/install/ouster_sensor_msgs/include/ouster_sensor_msgs/ouster_sensor_msgs/msg/detail/packet_msg__type_support.h
[7.280s] -- Symlinking: /home/user/roskit_ws/install/ouster_sensor_msgs/include/ouster_sensor_msgs/ouster_sensor_msgs/msg/packet_msg.h
[7.290s] -- Symlinking: /home/user/roskit_ws/install/ouster_sensor_msgs/include/ouster_sensor_msgs/ouster_sensor_msgs/msg/rosidl_generator_c__visibility_control.h
[7.298s] -- Symlinking: /home/user/roskit_ws/install/ouster_sensor_msgs/include/ouster_sensor_msgs/ouster_sensor_msgs/srv/detail/get_config__functions.h
[7.307s] -- Symlinking: /home/user/roskit_ws/install/ouster_sensor_msgs/include/ouster_sensor_msgs/ouster_sensor_msgs/srv/detail/get_config__struct.h
[7.316s] -- Symlinking: /home/user/roskit_ws/install/ouster_sensor_msgs/include/ouster_sensor_msgs/ouster_sensor_msgs/srv/detail/get_config__type_support.h
[7.322s] -- Symlinking: /home/user/roskit_ws/install/ouster_sensor_msgs/include/ouster_sensor_msgs/ouster_sensor_msgs/srv/detail/get_metadata__functions.h
[7.329s] -- Symlinking: /home/user/roskit_ws/install/ouster_sensor_msgs/include/ouster_sensor_msgs/ouster_sensor_msgs/srv/detail/get_metadata__struct.h
[7.336s] -- Symlinking: /home/user/roskit_ws/install/ouster_sensor_msgs/include/ouster_sensor_msgs/ouster_sensor_msgs/srv/detail/get_metadata__type_support.h
[7.349s] -- Symlinking: /home/user/roskit_ws/install/ouster_sensor_msgs/include/ouster_sensor_msgs/ouster_sensor_msgs/srv/detail/set_config__functions.h
[7.359s] -- Symlinking: /home/user/roskit_ws/install/ouster_sensor_msgs/include/ouster_sensor_msgs/ouster_sensor_msgs/srv/detail/set_config__struct.h
[7.367s] -- Symlinking: /home/user/roskit_ws/install/ouster_sensor_msgs/include/ouster_sensor_msgs/ouster_sensor_msgs/srv/detail/set_config__type_support.h
[7.372s] -- Symlinking: /home/user/roskit_ws/install/ouster_sensor_msgs/include/ouster_sensor_msgs/ouster_sensor_msgs/srv/get_config.h
[7.381s] -- Symlinking: /home/user/roskit_ws/install/ouster_sensor_msgs/include/ouster_sensor_msgs/ouster_sensor_msgs/srv/get_metadata.h
[7.387s] -- Symlinking: /home/user/roskit_ws/install/ouster_sensor_msgs/include/ouster_sensor_msgs/ouster_sensor_msgs/srv/set_config.h
[7.393s] -- Symlinking: /home/user/roskit_ws/install/ouster_sensor_msgs/share/ouster_sensor_msgs/environment/library_path.sh
[7.399s] -- Symlinking: /home/user/roskit_ws/install/ouster_sensor_msgs/share/ouster_sensor_msgs/environment/library_path.dsv
[7.408s] -- Symlinking: /home/user/roskit_ws/install/ouster_sensor_msgs/include/ouster_sensor_msgs/ouster_sensor_msgs/msg/detail/packet_msg__rosidl_typesupport_fastrtps_c.h
[7.413s] -- Symlinking: /home/user/roskit_ws/install/ouster_sensor_msgs/include/ouster_sensor_msgs/ouster_sensor_msgs/msg/rosidl_typesupport_fastrtps_c__visibility_control.h
[7.430s] -- Symlinking: /home/user/roskit_ws/install/ouster_sensor_msgs/include/ouster_sensor_msgs/ouster_sensor_msgs/srv/detail/get_config__rosidl_typesupport_fastrtps_c.h
[7.437s] -- Symlinking: /home/user/roskit_ws/install/ouster_sensor_msgs/include/ouster_sensor_msgs/ouster_sensor_msgs/srv/detail/get_metadata__rosidl_typesupport_fastrtps_c.h
[7.442s] -- Symlinking: /home/user/roskit_ws/install/ouster_sensor_msgs/include/ouster_sensor_msgs/ouster_sensor_msgs/srv/detail/set_config__rosidl_typesupport_fastrtps_c.h
[7.448s] -- Symlinking: /home/user/roskit_ws/install/ouster_sensor_msgs/include/ouster_sensor_msgs/ouster_sensor_msgs/msg/detail/packet_msg__builder.hpp
[7.454s] -- Symlinking: /home/user/roskit_ws/install/ouster_sensor_msgs/include/ouster_sensor_msgs/ouster_sensor_msgs/msg/detail/packet_msg__struct.hpp
[7.460s] -- Symlinking: /home/user/roskit_ws/install/ouster_sensor_msgs/include/ouster_sensor_msgs/ouster_sensor_msgs/msg/detail/packet_msg__traits.hpp
[7.466s] -- Symlinking: /home/user/roskit_ws/install/ouster_sensor_msgs/include/ouster_sensor_msgs/ouster_sensor_msgs/msg/detail/packet_msg__type_support.hpp
[7.472s] -- Symlinking: /home/user/roskit_ws/install/ouster_sensor_msgs/include/ouster_sensor_msgs/ouster_sensor_msgs/msg/packet_msg.hpp
[7.479s] -- Symlinking: /home/user/roskit_ws/install/ouster_sensor_msgs/include/ouster_sensor_msgs/ouster_sensor_msgs/msg/rosidl_generator_cpp__visibility_control.hpp
[7.484s] -- Symlinking: /home/user/roskit_ws/install/ouster_sensor_msgs/include/ouster_sensor_msgs/ouster_sensor_msgs/srv/detail/get_config__builder.hpp
[7.489s] -- Symlinking: /home/user/roskit_ws/install/ouster_sensor_msgs/include/ouster_sensor_msgs/ouster_sensor_msgs/srv/detail/get_config__struct.hpp
[7.495s] -- Symlinking: /home/user/roskit_ws/install/ouster_sensor_msgs/include/ouster_sensor_msgs/ouster_sensor_msgs/srv/detail/get_config__traits.hpp
[7.501s] -- Symlinking: /home/user/roskit_ws/install/ouster_sensor_msgs/include/ouster_sensor_msgs/ouster_sensor_msgs/srv/detail/get_config__type_support.hpp
[7.506s] -- Symlinking: /home/user/roskit_ws/install/ouster_sensor_msgs/include/ouster_sensor_msgs/ouster_sensor_msgs/srv/detail/get_metadata__builder.hpp
[7.512s] -- Symlinking: /home/user/roskit_ws/install/ouster_sensor_msgs/include/ouster_sensor_msgs/ouster_sensor_msgs/srv/detail/get_metadata__struct.hpp
[7.518s] -- Symlinking: /home/user/roskit_ws/install/ouster_sensor_msgs/include/ouster_sensor_msgs/ouster_sensor_msgs/srv/detail/get_metadata__traits.hpp
[7.525s] -- Symlinking: /home/user/roskit_ws/install/ouster_sensor_msgs/include/ouster_sensor_msgs/ouster_sensor_msgs/srv/detail/get_metadata__type_support.hpp
[7.531s] -- Symlinking: /home/user/roskit_ws/install/ouster_sensor_msgs/include/ouster_sensor_msgs/ouster_sensor_msgs/srv/detail/set_config__builder.hpp
[7.536s] -- Symlinking: /home/user/roskit_ws/install/ouster_sensor_msgs/include/ouster_sensor_msgs/ouster_sensor_msgs/srv/detail/set_config__struct.hpp
[7.543s] -- Symlinking: /home/user/roskit_ws/install/ouster_sensor_msgs/include/ouster_sensor_msgs/ouster_sensor_msgs/srv/detail/set_config__traits.hpp
[7.549s] -- Symlinking: /home/user/roskit_ws/install/ouster_sensor_msgs/include/ouster_sensor_msgs/ouster_sensor_msgs/srv/detail/set_config__type_support.hpp
[7.555s] -- Symlinking: /home/user/roskit_ws/install/ouster_sensor_msgs/include/ouster_sensor_msgs/ouster_sensor_msgs/srv/get_config.hpp
[7.560s] -- Symlinking: /home/user/roskit_ws/install/ouster_sensor_msgs/include/ouster_sensor_msgs/ouster_sensor_msgs/srv/get_metadata.hpp
[7.566s] -- Symlinking: /home/user/roskit_ws/install/ouster_sensor_msgs/include/ouster_sensor_msgs/ouster_sensor_msgs/srv/set_config.hpp
[7.571s] -- Symlinking: /home/user/roskit_ws/install/ouster_sensor_msgs/include/ouster_sensor_msgs/ouster_sensor_msgs/msg/detail/packet_msg__rosidl_typesupport_fastrtps_cpp.hpp
[7.576s] -- Symlinking: /home/user/roskit_ws/install/ouster_sensor_msgs/include/ouster_sensor_msgs/ouster_sensor_msgs/msg/rosidl_typesupport_fastrtps_cpp__visibility_control.h
[7.582s] -- Symlinking: /home/user/roskit_ws/install/ouster_sensor_msgs/include/ouster_sensor_msgs/ouster_sensor_msgs/srv/detail/get_config__rosidl_typesupport_fastrtps_cpp.hpp
[7.587s] -- Symlinking: /home/user/roskit_ws/install/ouster_sensor_msgs/include/ouster_sensor_msgs/ouster_sensor_msgs/srv/detail/get_metadata__rosidl_typesupport_fastrtps_cpp.hpp
[7.592s] -- Symlinking: /home/user/roskit_ws/install/ouster_sensor_msgs/include/ouster_sensor_msgs/ouster_sensor_msgs/srv/detail/set_config__rosidl_typesupport_fastrtps_cpp.hpp
[7.597s] -- Symlinking: /home/user/roskit_ws/install/ouster_sensor_msgs/include/ouster_sensor_msgs/ouster_sensor_msgs/msg/detail/packet_msg__rosidl_typesupport_introspection_c.h
[7.602s] -- Symlinking: /home/user/roskit_ws/install/ouster_sensor_msgs/include/ouster_sensor_msgs/ouster_sensor_msgs/msg/rosidl_typesupport_introspection_c__visibility_control.h
[7.607s] -- Symlinking: /home/user/roskit_ws/install/ouster_sensor_msgs/include/ouster_sensor_msgs/ouster_sensor_msgs/srv/detail/get_config__rosidl_typesupport_introspection_c.h
[7.612s] -- Symlinking: /home/user/roskit_ws/install/ouster_sensor_msgs/include/ouster_sensor_msgs/ouster_sensor_msgs/srv/detail/get_metadata__rosidl_typesupport_introspection_c.h
[7.621s] -- Symlinking: /home/user/roskit_ws/install/ouster_sensor_msgs/include/ouster_sensor_msgs/ouster_sensor_msgs/srv/detail/set_config__rosidl_typesupport_introspection_c.h
[7.626s] -- Symlinking: /home/user/roskit_ws/install/ouster_sensor_msgs/include/ouster_sensor_msgs/ouster_sensor_msgs/msg/detail/packet_msg__rosidl_typesupport_introspection_cpp.hpp
[7.631s] -- Symlinking: /home/user/roskit_ws/install/ouster_sensor_msgs/include/ouster_sensor_msgs/ouster_sensor_msgs/srv/detail/get_config__rosidl_typesupport_introspection_cpp.hpp
[7.636s] -- Symlinking: /home/user/roskit_ws/install/ouster_sensor_msgs/include/ouster_sensor_msgs/ouster_sensor_msgs/srv/detail/get_metadata__rosidl_typesupport_introspection_cpp.hpp
[7.641s] -- Symlinking: /home/user/roskit_ws/install/ouster_sensor_msgs/include/ouster_sensor_msgs/ouster_sensor_msgs/srv/detail/set_config__rosidl_typesupport_introspection_cpp.hpp
[7.647s] -- Symlinking: /home/user/roskit_ws/install/ouster_sensor_msgs/share/ouster_sensor_msgs/environment/pythonpath.sh
[7.652s] -- Symlinking: /home/user/roskit_ws/install/ouster_sensor_msgs/share/ouster_sensor_msgs/environment/pythonpath.dsv
[7.659s] -- Symlinking: /home/user/roskit_ws/install/ouster_sensor_msgs/local/lib/python3.10/dist-packages/ouster_sensor_msgs-0.12.2-py3.10.egg-info/PKG-INFO
[7.666s] -- Symlinking: /home/user/roskit_ws/install/ouster_sensor_msgs/local/lib/python3.10/dist-packages/ouster_sensor_msgs-0.12.2-py3.10.egg-info/SOURCES.txt
[7.673s] -- Symlinking: /home/user/roskit_ws/install/ouster_sensor_msgs/local/lib/python3.10/dist-packages/ouster_sensor_msgs-0.12.2-py3.10.egg-info/dependency_links.txt
[7.682s] -- Symlinking: /home/user/roskit_ws/install/ouster_sensor_msgs/local/lib/python3.10/dist-packages/ouster_sensor_msgs-0.12.2-py3.10.egg-info/top_level.txt
[7.691s] -- Symlinking: /home/user/roskit_ws/install/ouster_sensor_msgs/local/lib/python3.10/dist-packages/ouster_sensor_msgs/__init__.py
[7.698s] -- Symlinking: /home/user/roskit_ws/install/ouster_sensor_msgs/local/lib/python3.10/dist-packages/ouster_sensor_msgs/_ouster_sensor_msgs_s.ep.rosidl_typesupport_c.c
[7.704s] -- Symlinking: /home/user/roskit_ws/install/ouster_sensor_msgs/local/lib/python3.10/dist-packages/ouster_sensor_msgs/_ouster_sensor_msgs_s.ep.rosidl_typesupport_fastrtps_c.c
[7.710s] -- Symlinking: /home/user/roskit_ws/install/ouster_sensor_msgs/local/lib/python3.10/dist-packages/ouster_sensor_msgs/_ouster_sensor_msgs_s.ep.rosidl_typesupport_introspection_c.c
[7.716s] -- Symlinking: /home/user/roskit_ws/install/ouster_sensor_msgs/local/lib/python3.10/dist-packages/ouster_sensor_msgs/libouster_sensor_msgs__rosidl_generator_py.so
[7.723s] -- Symlinking: /home/user/roskit_ws/install/ouster_sensor_msgs/local/lib/python3.10/dist-packages/ouster_sensor_msgs/msg/__init__.py
[7.730s] -- Symlinking: /home/user/roskit_ws/install/ouster_sensor_msgs/local/lib/python3.10/dist-packages/ouster_sensor_msgs/msg/_packet_msg.py
[7.735s] -- Symlinking: /home/user/roskit_ws/install/ouster_sensor_msgs/local/lib/python3.10/dist-packages/ouster_sensor_msgs/msg/_packet_msg_s.c
[7.740s] -- Symlinking: /home/user/roskit_ws/install/ouster_sensor_msgs/local/lib/python3.10/dist-packages/ouster_sensor_msgs/ouster_sensor_msgs_s__rosidl_typesupport_c.cpython-310-x86_64-linux-gnu.so
[7.745s] -- Symlinking: /home/user/roskit_ws/install/ouster_sensor_msgs/local/lib/python3.10/dist-packages/ouster_sensor_msgs/ouster_sensor_msgs_s__rosidl_typesupport_fastrtps_c.cpython-310-x86_64-linux-gnu.so
[7.750s] -- Symlinking: /home/user/roskit_ws/install/ouster_sensor_msgs/local/lib/python3.10/dist-packages/ouster_sensor_msgs/ouster_sensor_msgs_s__rosidl_typesupport_introspection_c.cpython-310-x86_64-linux-gnu.so
[7.756s] -- Symlinking: /home/user/roskit_ws/install/ouster_sensor_msgs/local/lib/python3.10/dist-packages/ouster_sensor_msgs/srv/__init__.py
[7.761s] -- Symlinking: /home/user/roskit_ws/install/ouster_sensor_msgs/local/lib/python3.10/dist-packages/ouster_sensor_msgs/srv/_get_config.py
[7.766s] -- Symlinking: /home/user/roskit_ws/install/ouster_sensor_msgs/local/lib/python3.10/dist-packages/ouster_sensor_msgs/srv/_get_config_s.c
[7.772s] -- Symlinking: /home/user/roskit_ws/install/ouster_sensor_msgs/local/lib/python3.10/dist-packages/ouster_sensor_msgs/srv/_get_metadata.py
[7.776s] -- Symlinking: /home/user/roskit_ws/install/ouster_sensor_msgs/local/lib/python3.10/dist-packages/ouster_sensor_msgs/srv/_get_metadata_s.c
[7.783s] -- Symlinking: /home/user/roskit_ws/install/ouster_sensor_msgs/local/lib/python3.10/dist-packages/ouster_sensor_msgs/srv/_set_config.py
[7.790s] -- Symlinking: /home/user/roskit_ws/install/ouster_sensor_msgs/local/lib/python3.10/dist-packages/ouster_sensor_msgs/srv/_set_config_s.c
[7.798s] -- Up-to-date symlink: /home/user/roskit_ws/install/ouster_sensor_msgs/local/lib/python3.10/dist-packages/ouster_sensor_msgs/ouster_sensor_msgs_s__rosidl_typesupport_fastrtps_c.cpython-310-x86_64-linux-gnu.so
[7.799s] -- Up-to-date symlink: /home/user/roskit_ws/install/ouster_sensor_msgs/local/lib/python3.10/dist-packages/ouster_sensor_msgs/ouster_sensor_msgs_s__rosidl_typesupport_introspection_c.cpython-310-x86_64-linux-gnu.so
[7.800s] -- Up-to-date symlink: /home/user/roskit_ws/install/ouster_sensor_msgs/local/lib/python3.10/dist-packages/ouster_sensor_msgs/ouster_sensor_msgs_s__rosidl_typesupport_c.cpython-310-x86_64-linux-gnu.so
[7.800s] -- Symlinking: /home/user/roskit_ws/install/ouster_sensor_msgs/share/ouster_sensor_msgs/msg/PacketMsg.idl
[7.808s] -- Symlinking: /home/user/roskit_ws/install/ouster_sensor_msgs/share/ouster_sensor_msgs/srv/GetConfig.idl
[7.814s] -- Symlinking: /home/user/roskit_ws/install/ouster_sensor_msgs/share/ouster_sensor_msgs/srv/SetConfig.idl
[7.821s] -- Symlinking: /home/user/roskit_ws/install/ouster_sensor_msgs/share/ouster_sensor_msgs/srv/GetMetadata.idl
[7.827s] -- Symlinking: /home/user/roskit_ws/install/ouster_sensor_msgs/share/ouster_sensor_msgs/msg/PacketMsg.msg
[7.833s] -- Symlinking: /home/user/roskit_ws/install/ouster_sensor_msgs/share/ouster_sensor_msgs/srv/GetConfig.srv
[7.839s] -- Symlinking: /home/user/roskit_ws/install/ouster_sensor_msgs/share/ouster_sensor_msgs/srv/GetConfig_Request.msg
[7.845s] -- Symlinking: /home/user/roskit_ws/install/ouster_sensor_msgs/share/ouster_sensor_msgs/srv/GetConfig_Response.msg
[7.852s] -- Symlinking: /home/user/roskit_ws/install/ouster_sensor_msgs/share/ouster_sensor_msgs/srv/SetConfig.srv
[7.859s] -- Symlinking: /home/user/roskit_ws/install/ouster_sensor_msgs/share/ouster_sensor_msgs/srv/SetConfig_Request.msg
[7.864s] -- Symlinking: /home/user/roskit_ws/install/ouster_sensor_msgs/share/ouster_sensor_msgs/srv/SetConfig_Response.msg
[7.870s] -- Symlinking: /home/user/roskit_ws/install/ouster_sensor_msgs/share/ouster_sensor_msgs/srv/GetMetadata.srv
[7.877s] -- Symlinking: /home/user/roskit_ws/install/ouster_sensor_msgs/share/ouster_sensor_msgs/srv/GetMetadata_Request.msg
[7.884s] -- Symlinking: /home/user/roskit_ws/install/ouster_sensor_msgs/share/ouster_sensor_msgs/srv/GetMetadata_Response.msg
[7.891s] -- Symlinking: /home/user/roskit_ws/install/ouster_sensor_msgs/share/ament_index/resource_index/package_run_dependencies/ouster_sensor_msgs
[7.896s] -- Symlinking: /home/user/roskit_ws/install/ouster_sensor_msgs/share/ament_index/resource_index/parent_prefix_path/ouster_sensor_msgs
[7.902s] -- Symlinking: /home/user/roskit_ws/install/ouster_sensor_msgs/share/ouster_sensor_msgs/environment/ament_prefix_path.sh
[7.907s] -- Symlinking: /home/user/roskit_ws/install/ouster_sensor_msgs/share/ouster_sensor_msgs/environment/ament_prefix_path.dsv
[7.912s] -- Symlinking: /home/user/roskit_ws/install/ouster_sensor_msgs/share/ouster_sensor_msgs/environment/path.sh
[7.918s] -- Symlinking: /home/user/roskit_ws/install/ouster_sensor_msgs/share/ouster_sensor_msgs/environment/path.dsv
[7.922s] -- Symlinking: /home/user/roskit_ws/install/ouster_sensor_msgs/share/ouster_sensor_msgs/local_setup.bash
[7.927s] -- Symlinking: /home/user/roskit_ws/install/ouster_sensor_msgs/share/ouster_sensor_msgs/local_setup.sh
[7.932s] -- Symlinking: /home/user/roskit_ws/install/ouster_sensor_msgs/share/ouster_sensor_msgs/local_setup.zsh
[7.937s] -- Symlinking: /home/user/roskit_ws/install/ouster_sensor_msgs/share/ouster_sensor_msgs/local_setup.dsv
[7.942s] -- Symlinking: /home/user/roskit_ws/install/ouster_sensor_msgs/share/ouster_sensor_msgs/package.dsv
[7.948s] -- Symlinking: /home/user/roskit_ws/install/ouster_sensor_msgs/share/ament_index/resource_index/packages/ouster_sensor_msgs
[7.953s] -- Symlinking: /home/user/roskit_ws/install/ouster_sensor_msgs/share/ouster_sensor_msgs/cmake/rosidl_cmake-extras.cmake
[7.958s] -- Symlinking: /home/user/roskit_ws/install/ouster_sensor_msgs/share/ouster_sensor_msgs/cmake/ament_cmake_export_dependencies-extras.cmake
[7.963s] -- Symlinking: /home/user/roskit_ws/install/ouster_sensor_msgs/share/ouster_sensor_msgs/cmake/ament_cmake_export_include_directories-extras.cmake
[7.968s] -- Symlinking: /home/user/roskit_ws/install/ouster_sensor_msgs/share/ouster_sensor_msgs/cmake/ament_cmake_export_libraries-extras.cmake
[7.973s] -- Symlinking: /home/user/roskit_ws/install/ouster_sensor_msgs/share/ouster_sensor_msgs/cmake/ament_cmake_export_targets-extras.cmake
[7.977s] -- Symlinking: /home/user/roskit_ws/install/ouster_sensor_msgs/share/ouster_sensor_msgs/cmake/rosidl_cmake_export_typesupport_targets-extras.cmake
[7.982s] -- Symlinking: /home/user/roskit_ws/install/ouster_sensor_msgs/share/ouster_sensor_msgs/cmake/rosidl_cmake_export_typesupport_libraries-extras.cmake
[7.987s] -- Symlinking: /home/user/roskit_ws/install/ouster_sensor_msgs/share/ouster_sensor_msgs/cmake/ouster_sensor_msgsConfig.cmake
[7.992s] -- Symlinking: /home/user/roskit_ws/install/ouster_sensor_msgs/share/ouster_sensor_msgs/cmake/ouster_sensor_msgsConfig-version.cmake
[7.996s] -- Symlinking: /home/user/roskit_ws/install/ouster_sensor_msgs/share/ouster_sensor_msgs/package.xml
[8.002s] -- Installing: /home/user/roskit_ws/install/ouster_sensor_msgs/lib/libouster_sensor_msgs__rosidl_generator_c.so
[8.002s] -- Set runtime path of "/home/user/roskit_ws/install/ouster_sensor_msgs/lib/libouster_sensor_msgs__rosidl_generator_c.so" to ""
[8.002s] -- Installing: /home/user/roskit_ws/install/ouster_sensor_msgs/lib/libouster_sensor_msgs__rosidl_typesupport_fastrtps_c.so
[8.002s] -- Set runtime path of "/home/user/roskit_ws/install/ouster_sensor_msgs/lib/libouster_sensor_msgs__rosidl_typesupport_fastrtps_c.so" to ""
[8.002s] -- Installing: /home/user/roskit_ws/install/ouster_sensor_msgs/lib/libouster_sensor_msgs__rosidl_typesupport_fastrtps_cpp.so
[8.002s] -- Set runtime path of "/home/user/roskit_ws/install/ouster_sensor_msgs/lib/libouster_sensor_msgs__rosidl_typesupport_fastrtps_cpp.so" to ""
[8.002s] -- Installing: /home/user/roskit_ws/install/ouster_sensor_msgs/lib/libouster_sensor_msgs__rosidl_typesupport_introspection_c.so
[8.002s] -- Set runtime path of "/home/user/roskit_ws/install/ouster_sensor_msgs/lib/libouster_sensor_msgs__rosidl_typesupport_introspection_c.so" to ""
[8.002s] -- Installing: /home/user/roskit_ws/install/ouster_sensor_msgs/lib/libouster_sensor_msgs__rosidl_typesupport_c.so
[8.002s] -- Set runtime path of "/home/user/roskit_ws/install/ouster_sensor_msgs/lib/libouster_sensor_msgs__rosidl_typesupport_c.so" to ""
[8.002s] -- Installing: /home/user/roskit_ws/install/ouster_sensor_msgs/lib/libouster_sensor_msgs__rosidl_typesupport_introspection_cpp.so
[8.002s] -- Set runtime path of "/home/user/roskit_ws/install/ouster_sensor_msgs/lib/libouster_sensor_msgs__rosidl_typesupport_introspection_cpp.so" to ""
[8.003s] -- Installing: /home/user/roskit_ws/install/ouster_sensor_msgs/lib/libouster_sensor_msgs__rosidl_typesupport_cpp.so
[8.003s] -- Set runtime path of "/home/user/roskit_ws/install/ouster_sensor_msgs/lib/libouster_sensor_msgs__rosidl_typesupport_cpp.so" to ""
[8.027s] Listing '/home/user/roskit_ws/install/ouster_sensor_msgs/local/lib/python3.10/dist-packages/ouster_sensor_msgs'...
[8.027s] Compiling '/home/user/roskit_ws/install/ouster_sensor_msgs/local/lib/python3.10/dist-packages/ouster_sensor_msgs/__init__.py'...
[8.027s] Listing '/home/user/roskit_ws/install/ouster_sensor_msgs/local/lib/python3.10/dist-packages/ouster_sensor_msgs/msg'...
[8.027s] Compiling '/home/user/roskit_ws/install/ouster_sensor_msgs/local/lib/python3.10/dist-packages/ouster_sensor_msgs/msg/__init__.py'...
[8.027s] Compiling '/home/user/roskit_ws/install/ouster_sensor_msgs/local/lib/python3.10/dist-packages/ouster_sensor_msgs/msg/_packet_msg.py'...
[8.027s] Listing '/home/user/roskit_ws/install/ouster_sensor_msgs/local/lib/python3.10/dist-packages/ouster_sensor_msgs/srv'...
[8.027s] Compiling '/home/user/roskit_ws/install/ouster_sensor_msgs/local/lib/python3.10/dist-packages/ouster_sensor_msgs/srv/__init__.py'...
[8.027s] Compiling '/home/user/roskit_ws/install/ouster_sensor_msgs/local/lib/python3.10/dist-packages/ouster_sensor_msgs/srv/_get_config.py'...
[8.027s] Compiling '/home/user/roskit_ws/install/ouster_sensor_msgs/local/lib/python3.10/dist-packages/ouster_sensor_msgs/srv/_get_metadata.py'...
[8.027s] Compiling '/home/user/roskit_ws/install/ouster_sensor_msgs/local/lib/python3.10/dist-packages/ouster_sensor_msgs/srv/_set_config.py'...
[8.030s] -- Installing: /home/user/roskit_ws/install/ouster_sensor_msgs/lib/libouster_sensor_msgs__rosidl_generator_py.so
[8.030s] -- Set runtime path of "/home/user/roskit_ws/install/ouster_sensor_msgs/lib/libouster_sensor_msgs__rosidl_generator_py.so" to ""
[8.030s] -- Installing: /home/user/roskit_ws/install/ouster_sensor_msgs/share/ouster_sensor_msgs/cmake/export_ouster_sensor_msgs__rosidl_generator_cExport.cmake
[8.030s] -- Installing: /home/user/roskit_ws/install/ouster_sensor_msgs/share/ouster_sensor_msgs/cmake/export_ouster_sensor_msgs__rosidl_generator_cExport-release.cmake
[8.030s] -- Installing: /home/user/roskit_ws/install/ouster_sensor_msgs/share/ouster_sensor_msgs/cmake/export_ouster_sensor_msgs__rosidl_typesupport_fastrtps_cExport.cmake
[8.030s] -- Installing: /home/user/roskit_ws/install/ouster_sensor_msgs/share/ouster_sensor_msgs/cmake/export_ouster_sensor_msgs__rosidl_typesupport_fastrtps_cExport-release.cmake
[8.030s] -- Installing: /home/user/roskit_ws/install/ouster_sensor_msgs/share/ouster_sensor_msgs/cmake/export_ouster_sensor_msgs__rosidl_generator_cppExport.cmake
[8.030s] -- Installing: /home/user/roskit_ws/install/ouster_sensor_msgs/share/ouster_sensor_msgs/cmake/export_ouster_sensor_msgs__rosidl_typesupport_fastrtps_cppExport.cmake
[8.030s] -- Installing: /home/user/roskit_ws/install/ouster_sensor_msgs/share/ouster_sensor_msgs/cmake/export_ouster_sensor_msgs__rosidl_typesupport_fastrtps_cppExport-release.cmake
[8.031s] -- Installing: /home/user/roskit_ws/install/ouster_sensor_msgs/share/ouster_sensor_msgs/cmake/ouster_sensor_msgs__rosidl_typesupport_introspection_cExport.cmake
[8.031s] -- Installing: /home/user/roskit_ws/install/ouster_sensor_msgs/share/ouster_sensor_msgs/cmake/ouster_sensor_msgs__rosidl_typesupport_introspection_cExport-release.cmake
[8.031s] -- Installing: /home/user/roskit_ws/install/ouster_sensor_msgs/share/ouster_sensor_msgs/cmake/ouster_sensor_msgs__rosidl_typesupport_cExport.cmake
[8.031s] -- Installing: /home/user/roskit_ws/install/ouster_sensor_msgs/share/ouster_sensor_msgs/cmake/ouster_sensor_msgs__rosidl_typesupport_cExport-release.cmake
[8.031s] -- Installing: /home/user/roskit_ws/install/ouster_sensor_msgs/share/ouster_sensor_msgs/cmake/ouster_sensor_msgs__rosidl_typesupport_introspection_cppExport.cmake
[8.031s] -- Installing: /home/user/roskit_ws/install/ouster_sensor_msgs/share/ouster_sensor_msgs/cmake/ouster_sensor_msgs__rosidl_typesupport_introspection_cppExport-release.cmake
[8.031s] -- Installing: /home/user/roskit_ws/install/ouster_sensor_msgs/share/ouster_sensor_msgs/cmake/ouster_sensor_msgs__rosidl_typesupport_cppExport.cmake
[8.031s] -- Installing: /home/user/roskit_ws/install/ouster_sensor_msgs/share/ouster_sensor_msgs/cmake/ouster_sensor_msgs__rosidl_typesupport_cppExport-release.cmake
[8.031s] -- Installing: /home/user/roskit_ws/install/ouster_sensor_msgs/share/ouster_sensor_msgs/cmake/export_ouster_sensor_msgs__rosidl_generator_pyExport.cmake
[8.031s] -- Installing: /home/user/roskit_ws/install/ouster_sensor_msgs/share/ouster_sensor_msgs/cmake/export_ouster_sensor_msgs__rosidl_generator_pyExport-release.cmake
