[0.061s] Invoking command in '/home/user/roskit_ws/build/scout_msgs': CMAKE_PREFIX_PATH=/home/user/roskit_ws/install/tracer_base:/home/user/roskit_ws/install/scout_base:/home/user/roskit_ws/install/ranger_base:/home/user/roskit_ws/install/hunter_base:/opt/ros/humble:/home/user/roskit_ws/install/ugv_sdk:/home/user/roskit_ws/install/ublox:/home/user/roskit_ws/install/ublox_gps:/home/user/roskit_ws/install/ublox_msgs:/home/user/roskit_ws/install/ublox_serialization:/home/user/roskit_ws/install/tracer_msgs:/home/user/roskit_ws/install/scout_msgs:/home/user/roskit_ws/install/scout_description:/home/user/roskit_ws/install/rslidar_sdk:/home/user/roskit_ws/install/rslidar_msg:/home/user/roskit_ws/install/ranger_msgs:/home/user/roskit_ws/install/ranger_bringup:/home/user/roskit_ws/install/phidgets_drivers:/home/user/roskit_ws/install/phidgets_temperature:/home/user/roskit_ws/install/phidgets_spatial:/home/user/roskit_ws/install/phidgets_motors:/home/user/roskit_ws/install/phidgets_ik:/home/user/roskit_ws/install/phidgets_high_speed_encoder:/home/user/roskit_ws/install/phidgets_digital_outputs:/home/user/roskit_ws/install/phidgets_analog_outputs:/home/user/roskit_ws/install/phidgets_msgs:/home/user/roskit_ws/install/phidgets_magnetometer:/home/user/roskit_ws/install/phidgets_gyroscope:/home/user/roskit_ws/install/phidgets_digital_inputs:/home/user/roskit_ws/install/phidgets_analog_inputs:/home/user/roskit_ws/install/phidgets_accelerometer:/home/user/roskit_ws/install/phidgets_api:/home/user/roskit_ws/install/ouster_ros:/home/user/roskit_ws/install/ouster_sensor_msgs:/home/user/roskit_ws/install/livox_ros_driver2:/home/user/roskit_ws/install/libphidget22:/home/user/roskit_ws/install/hunter_msgs:/home/user/roskit_ws/install/gr_description:/home/user/roskit_ws/install/gr_bringup /usr/bin/cmake /home/user/roskit_ws/src/scout_ros2/scout_msgs -DCMAKE_INSTALL_PREFIX=/home/user/roskit_ws/install/scout_msgs
[0.124s] -- Found ament_cmake: 1.3.12 (/opt/ros/humble/share/ament_cmake/cmake)
[0.211s] -- Override CMake install command with custom implementation using symlinks instead of copying resources
[0.219s] -- Found builtin_interfaces: 1.2.2 (/opt/ros/humble/share/builtin_interfaces/cmake)
[0.237s] -- Found rosidl_generator_c: 3.1.7 (/opt/ros/humble/share/rosidl_generator_c/cmake)
[0.239s] -- Found rosidl_adapter: 3.1.7 (/opt/ros/humble/share/rosidl_adapter/cmake)
[0.243s] -- Found rosidl_generator_cpp: 3.1.7 (/opt/ros/humble/share/rosidl_generator_cpp/cmake)
[0.251s] -- Using all available rosidl_typesupport_c: rosidl_typesupport_fastrtps_c;rosidl_typesupport_introspection_c
[0.259s] -- Using all available rosidl_typesupport_cpp: rosidl_typesupport_fastrtps_cpp;rosidl_typesupport_introspection_cpp
[0.269s] -- Found rosidl_default_generators: 1.2.0 (/opt/ros/humble/share/rosidl_default_generators/cmake)
[0.286s] -- Found std_msgs: 4.9.0 (/opt/ros/humble/share/std_msgs/cmake)
[0.591s] -- Found ament_cmake_ros: 0.10.0 (/opt/ros/humble/share/ament_cmake_ros/cmake)
[0.898s] -- Using all available rosidl_typesupport_c: rosidl_typesupport_fastrtps_c;rosidl_typesupport_introspection_c
[0.996s] -- Using all available rosidl_typesupport_cpp: rosidl_typesupport_fastrtps_cpp;rosidl_typesupport_introspection_cpp
[1.014s] -- Found python_cmake_module: 0.10.0 (/opt/ros/humble/share/python_cmake_module/cmake)
[1.032s] -- Using PYTHON_EXECUTABLE: /usr/bin/python3
[1.033s] -- Using PYTHON_INCLUDE_DIRS: /usr/include/python3.10
[1.033s] -- Using PYTHON_LIBRARIES: /usr/lib/x86_64-linux-gnu/libpython3.10.so
[1.066s] -- Found ament_lint_auto: 0.12.14 (/opt/ros/humble/share/ament_lint_auto/cmake)
[1.078s] -- Added test 'copyright' to check source files copyright and LICENSE
[1.079s] -- Added test 'lint_cmake' to check CMake code style
[1.083s] -- Added test 'xmllint' to check XML markup files
[1.088s] -- Configuring done
[1.159s] -- Generating done
[1.168s] -- Build files have been written to: /home/user/roskit_ws/build/scout_msgs
[1.179s] Invoked command in '/home/user/roskit_ws/build/scout_msgs' returned '0': CMAKE_PREFIX_PATH=/home/user/roskit_ws/install/tracer_base:/home/user/roskit_ws/install/scout_base:/home/user/roskit_ws/install/ranger_base:/home/user/roskit_ws/install/hunter_base:/opt/ros/humble:/home/user/roskit_ws/install/ugv_sdk:/home/user/roskit_ws/install/ublox:/home/user/roskit_ws/install/ublox_gps:/home/user/roskit_ws/install/ublox_msgs:/home/user/roskit_ws/install/ublox_serialization:/home/user/roskit_ws/install/tracer_msgs:/home/user/roskit_ws/install/scout_msgs:/home/user/roskit_ws/install/scout_description:/home/user/roskit_ws/install/rslidar_sdk:/home/user/roskit_ws/install/rslidar_msg:/home/user/roskit_ws/install/ranger_msgs:/home/user/roskit_ws/install/ranger_bringup:/home/user/roskit_ws/install/phidgets_drivers:/home/user/roskit_ws/install/phidgets_temperature:/home/user/roskit_ws/install/phidgets_spatial:/home/user/roskit_ws/install/phidgets_motors:/home/user/roskit_ws/install/phidgets_ik:/home/user/roskit_ws/install/phidgets_high_speed_encoder:/home/user/roskit_ws/install/phidgets_digital_outputs:/home/user/roskit_ws/install/phidgets_analog_outputs:/home/user/roskit_ws/install/phidgets_msgs:/home/user/roskit_ws/install/phidgets_magnetometer:/home/user/roskit_ws/install/phidgets_gyroscope:/home/user/roskit_ws/install/phidgets_digital_inputs:/home/user/roskit_ws/install/phidgets_analog_inputs:/home/user/roskit_ws/install/phidgets_accelerometer:/home/user/roskit_ws/install/phidgets_api:/home/user/roskit_ws/install/ouster_ros:/home/user/roskit_ws/install/ouster_sensor_msgs:/home/user/roskit_ws/install/livox_ros_driver2:/home/user/roskit_ws/install/libphidget22:/home/user/roskit_ws/install/hunter_msgs:/home/user/roskit_ws/install/gr_description:/home/user/roskit_ws/install/gr_bringup /usr/bin/cmake /home/user/roskit_ws/src/scout_ros2/scout_msgs -DCMAKE_INSTALL_PREFIX=/home/user/roskit_ws/install/scout_msgs
[1.182s] Invoking command in '/home/user/roskit_ws/build/scout_msgs': CMAKE_PREFIX_PATH=/home/user/roskit_ws/install/tracer_base:/home/user/roskit_ws/install/scout_base:/home/user/roskit_ws/install/ranger_base:/home/user/roskit_ws/install/hunter_base:/opt/ros/humble:/home/user/roskit_ws/install/ugv_sdk:/home/user/roskit_ws/install/ublox:/home/user/roskit_ws/install/ublox_gps:/home/user/roskit_ws/install/ublox_msgs:/home/user/roskit_ws/install/ublox_serialization:/home/user/roskit_ws/install/tracer_msgs:/home/user/roskit_ws/install/scout_msgs:/home/user/roskit_ws/install/scout_description:/home/user/roskit_ws/install/rslidar_sdk:/home/user/roskit_ws/install/rslidar_msg:/home/user/roskit_ws/install/ranger_msgs:/home/user/roskit_ws/install/ranger_bringup:/home/user/roskit_ws/install/phidgets_drivers:/home/user/roskit_ws/install/phidgets_temperature:/home/user/roskit_ws/install/phidgets_spatial:/home/user/roskit_ws/install/phidgets_motors:/home/user/roskit_ws/install/phidgets_ik:/home/user/roskit_ws/install/phidgets_high_speed_encoder:/home/user/roskit_ws/install/phidgets_digital_outputs:/home/user/roskit_ws/install/phidgets_analog_outputs:/home/user/roskit_ws/install/phidgets_msgs:/home/user/roskit_ws/install/phidgets_magnetometer:/home/user/roskit_ws/install/phidgets_gyroscope:/home/user/roskit_ws/install/phidgets_digital_inputs:/home/user/roskit_ws/install/phidgets_analog_inputs:/home/user/roskit_ws/install/phidgets_accelerometer:/home/user/roskit_ws/install/phidgets_api:/home/user/roskit_ws/install/ouster_ros:/home/user/roskit_ws/install/ouster_sensor_msgs:/home/user/roskit_ws/install/livox_ros_driver2:/home/user/roskit_ws/install/libphidget22:/home/user/roskit_ws/install/hunter_msgs:/home/user/roskit_ws/install/gr_description:/home/user/roskit_ws/install/gr_bringup /usr/bin/cmake --build /home/user/roskit_ws/build/scout_msgs -- -j16 -l16
[1.449s] [35m[1mConsolidate compiler generated dependencies of target scout_msgs__rosidl_generator_c[0m
[1.449s] [  1%] Built target scout_msgs__cpp
[1.449s] [ 12%] Built target scout_msgs__rosidl_generator_c
[1.449s] [35m[1mConsolidate compiler generated dependencies of target scout_msgs__rosidl_typesupport_introspection_cpp[0m
[1.449s] [35m[1mConsolidate compiler generated dependencies of target scout_msgs__rosidl_typesupport_fastrtps_cpp[0m
[1.449s] [35m[1mConsolidate compiler generated dependencies of target scout_msgs__rosidl_typesupport_cpp[0m
[1.449s] [35m[1mConsolidate compiler generated dependencies of target scout_msgs__rosidl_typesupport_fastrtps_c[0m
[1.449s] [35m[1mConsolidate compiler generated dependencies of target scout_msgs__rosidl_typesupport_c[0m
[1.449s] [ 12%] Built target ament_cmake_python_symlink_scout_msgs
[1.449s] [35m[1mConsolidate compiler generated dependencies of target scout_msgs__rosidl_typesupport_introspection_c[0m
[1.449s] [ 23%] Built target scout_msgs__rosidl_typesupport_introspection_cpp
[1.449s] [ 34%] Built target scout_msgs__rosidl_typesupport_fastrtps_cpp
[1.449s] [ 46%] Built target scout_msgs__rosidl_typesupport_fastrtps_c
[1.450s] [ 57%] Built target scout_msgs__rosidl_typesupport_c
[1.450s] [ 68%] Built target scout_msgs__rosidl_typesupport_cpp
[1.450s] [ 79%] Built target scout_msgs__rosidl_typesupport_introspection_c
[1.450s] [ 79%] Built target scout_msgs
[1.456s] [ 80%] Built target scout_msgs__py
[1.474s] [35m[1mConsolidate compiler generated dependencies of target scout_msgs__rosidl_generator_py[0m
[1.496s] [ 90%] Built target scout_msgs__rosidl_generator_py
[1.515s] [35m[1mConsolidate compiler generated dependencies of target scout_msgs__rosidl_typesupport_fastrtps_c__pyext[0m
[1.516s] [35m[1mConsolidate compiler generated dependencies of target scout_msgs__rosidl_typesupport_introspection_c__pyext[0m
[1.518s] [35m[1mConsolidate compiler generated dependencies of target scout_msgs__rosidl_typesupport_c__pyext[0m
[1.536s] [ 93%] Built target scout_msgs__rosidl_typesupport_fastrtps_c__pyext
[1.546s] [ 96%] Built target scout_msgs__rosidl_typesupport_introspection_c__pyext
[1.551s] [100%] Built target scout_msgs__rosidl_typesupport_c__pyext
[1.575s] running egg_info
[1.575s] writing scout_msgs.egg-info/PKG-INFO
[1.575s] writing dependency_links to scout_msgs.egg-info/dependency_links.txt
[1.575s] writing top-level names to scout_msgs.egg-info/top_level.txt
[1.575s] reading manifest file 'scout_msgs.egg-info/SOURCES.txt'
[1.575s] writing manifest file 'scout_msgs.egg-info/SOURCES.txt'
[1.630s] [100%] Built target ament_cmake_python_build_scout_msgs_egg
[1.690s] Invoked command in '/home/user/roskit_ws/build/scout_msgs' returned '0': CMAKE_PREFIX_PATH=/home/user/roskit_ws/install/tracer_base:/home/user/roskit_ws/install/scout_base:/home/user/roskit_ws/install/ranger_base:/home/user/roskit_ws/install/hunter_base:/opt/ros/humble:/home/user/roskit_ws/install/ugv_sdk:/home/user/roskit_ws/install/ublox:/home/user/roskit_ws/install/ublox_gps:/home/user/roskit_ws/install/ublox_msgs:/home/user/roskit_ws/install/ublox_serialization:/home/user/roskit_ws/install/tracer_msgs:/home/user/roskit_ws/install/scout_msgs:/home/user/roskit_ws/install/scout_description:/home/user/roskit_ws/install/rslidar_sdk:/home/user/roskit_ws/install/rslidar_msg:/home/user/roskit_ws/install/ranger_msgs:/home/user/roskit_ws/install/ranger_bringup:/home/user/roskit_ws/install/phidgets_drivers:/home/user/roskit_ws/install/phidgets_temperature:/home/user/roskit_ws/install/phidgets_spatial:/home/user/roskit_ws/install/phidgets_motors:/home/user/roskit_ws/install/phidgets_ik:/home/user/roskit_ws/install/phidgets_high_speed_encoder:/home/user/roskit_ws/install/phidgets_digital_outputs:/home/user/roskit_ws/install/phidgets_analog_outputs:/home/user/roskit_ws/install/phidgets_msgs:/home/user/roskit_ws/install/phidgets_magnetometer:/home/user/roskit_ws/install/phidgets_gyroscope:/home/user/roskit_ws/install/phidgets_digital_inputs:/home/user/roskit_ws/install/phidgets_analog_inputs:/home/user/roskit_ws/install/phidgets_accelerometer:/home/user/roskit_ws/install/phidgets_api:/home/user/roskit_ws/install/ouster_ros:/home/user/roskit_ws/install/ouster_sensor_msgs:/home/user/roskit_ws/install/livox_ros_driver2:/home/user/roskit_ws/install/libphidget22:/home/user/roskit_ws/install/hunter_msgs:/home/user/roskit_ws/install/gr_description:/home/user/roskit_ws/install/gr_bringup /usr/bin/cmake --build /home/user/roskit_ws/build/scout_msgs -- -j16 -l16
[1.697s] Invoking command in '/home/user/roskit_ws/build/scout_msgs': CMAKE_PREFIX_PATH=/home/user/roskit_ws/install/tracer_base:/home/user/roskit_ws/install/scout_base:/home/user/roskit_ws/install/ranger_base:/home/user/roskit_ws/install/hunter_base:/opt/ros/humble:/home/user/roskit_ws/install/ugv_sdk:/home/user/roskit_ws/install/ublox:/home/user/roskit_ws/install/ublox_gps:/home/user/roskit_ws/install/ublox_msgs:/home/user/roskit_ws/install/ublox_serialization:/home/user/roskit_ws/install/tracer_msgs:/home/user/roskit_ws/install/scout_msgs:/home/user/roskit_ws/install/scout_description:/home/user/roskit_ws/install/rslidar_sdk:/home/user/roskit_ws/install/rslidar_msg:/home/user/roskit_ws/install/ranger_msgs:/home/user/roskit_ws/install/ranger_bringup:/home/user/roskit_ws/install/phidgets_drivers:/home/user/roskit_ws/install/phidgets_temperature:/home/user/roskit_ws/install/phidgets_spatial:/home/user/roskit_ws/install/phidgets_motors:/home/user/roskit_ws/install/phidgets_ik:/home/user/roskit_ws/install/phidgets_high_speed_encoder:/home/user/roskit_ws/install/phidgets_digital_outputs:/home/user/roskit_ws/install/phidgets_analog_outputs:/home/user/roskit_ws/install/phidgets_msgs:/home/user/roskit_ws/install/phidgets_magnetometer:/home/user/roskit_ws/install/phidgets_gyroscope:/home/user/roskit_ws/install/phidgets_digital_inputs:/home/user/roskit_ws/install/phidgets_analog_inputs:/home/user/roskit_ws/install/phidgets_accelerometer:/home/user/roskit_ws/install/phidgets_api:/home/user/roskit_ws/install/ouster_ros:/home/user/roskit_ws/install/ouster_sensor_msgs:/home/user/roskit_ws/install/livox_ros_driver2:/home/user/roskit_ws/install/libphidget22:/home/user/roskit_ws/install/hunter_msgs:/home/user/roskit_ws/install/gr_description:/home/user/roskit_ws/install/gr_bringup /usr/bin/cmake --install /home/user/roskit_ws/build/scout_msgs
[1.722s] -- Install configuration: "Release"
[1.722s] -- Execute custom install script
[1.722s] -- Up-to-date symlink: /home/user/roskit_ws/install/scout_msgs/share/ament_index/resource_index/rosidl_interfaces/scout_msgs
[1.722s] -- Up-to-date symlink: /home/user/roskit_ws/install/scout_msgs/include/scout_msgs/scout_msgs/msg/detail/scout_actuator_state__functions.h
[1.722s] -- Up-to-date symlink: /home/user/roskit_ws/install/scout_msgs/include/scout_msgs/scout_msgs/msg/detail/scout_actuator_state__struct.h
[1.722s] -- Up-to-date symlink: /home/user/roskit_ws/install/scout_msgs/include/scout_msgs/scout_msgs/msg/detail/scout_actuator_state__type_support.h
[1.722s] -- Up-to-date symlink: /home/user/roskit_ws/install/scout_msgs/include/scout_msgs/scout_msgs/msg/detail/scout_light_cmd__functions.h
[1.722s] -- Up-to-date symlink: /home/user/roskit_ws/install/scout_msgs/include/scout_msgs/scout_msgs/msg/detail/scout_light_cmd__struct.h
[1.723s] -- Up-to-date symlink: /home/user/roskit_ws/install/scout_msgs/include/scout_msgs/scout_msgs/msg/detail/scout_light_cmd__type_support.h
[1.723s] -- Up-to-date symlink: /home/user/roskit_ws/install/scout_msgs/include/scout_msgs/scout_msgs/msg/detail/scout_light_state__functions.h
[1.723s] -- Up-to-date symlink: /home/user/roskit_ws/install/scout_msgs/include/scout_msgs/scout_msgs/msg/detail/scout_light_state__struct.h
[1.723s] -- Up-to-date symlink: /home/user/roskit_ws/install/scout_msgs/include/scout_msgs/scout_msgs/msg/detail/scout_light_state__type_support.h
[1.723s] -- Up-to-date symlink: /home/user/roskit_ws/install/scout_msgs/include/scout_msgs/scout_msgs/msg/detail/scout_rc_state__functions.h
[1.723s] -- Up-to-date symlink: /home/user/roskit_ws/install/scout_msgs/include/scout_msgs/scout_msgs/msg/detail/scout_rc_state__struct.h
[1.723s] -- Up-to-date symlink: /home/user/roskit_ws/install/scout_msgs/include/scout_msgs/scout_msgs/msg/detail/scout_rc_state__type_support.h
[1.723s] -- Up-to-date symlink: /home/user/roskit_ws/install/scout_msgs/include/scout_msgs/scout_msgs/msg/detail/scout_status__functions.h
[1.723s] -- Up-to-date symlink: /home/user/roskit_ws/install/scout_msgs/include/scout_msgs/scout_msgs/msg/detail/scout_status__struct.h
[1.723s] -- Up-to-date symlink: /home/user/roskit_ws/install/scout_msgs/include/scout_msgs/scout_msgs/msg/detail/scout_status__type_support.h
[1.724s] -- Up-to-date symlink: /home/user/roskit_ws/install/scout_msgs/include/scout_msgs/scout_msgs/msg/rosidl_generator_c__visibility_control.h
[1.724s] -- Up-to-date symlink: /home/user/roskit_ws/install/scout_msgs/include/scout_msgs/scout_msgs/msg/scout_actuator_state.h
[1.724s] -- Up-to-date symlink: /home/user/roskit_ws/install/scout_msgs/include/scout_msgs/scout_msgs/msg/scout_light_cmd.h
[1.724s] -- Up-to-date symlink: /home/user/roskit_ws/install/scout_msgs/include/scout_msgs/scout_msgs/msg/scout_light_state.h
[1.724s] -- Up-to-date symlink: /home/user/roskit_ws/install/scout_msgs/include/scout_msgs/scout_msgs/msg/scout_rc_state.h
[1.724s] -- Up-to-date symlink: /home/user/roskit_ws/install/scout_msgs/include/scout_msgs/scout_msgs/msg/scout_status.h
[1.724s] -- Up-to-date symlink: /home/user/roskit_ws/install/scout_msgs/share/scout_msgs/environment/library_path.sh
[1.724s] -- Up-to-date symlink: /home/user/roskit_ws/install/scout_msgs/share/scout_msgs/environment/library_path.dsv
[1.724s] -- Up-to-date symlink: /home/user/roskit_ws/install/scout_msgs/include/scout_msgs/scout_msgs/msg/detail/scout_actuator_state__rosidl_typesupport_fastrtps_c.h
[1.724s] -- Up-to-date symlink: /home/user/roskit_ws/install/scout_msgs/include/scout_msgs/scout_msgs/msg/detail/scout_light_cmd__rosidl_typesupport_fastrtps_c.h
[1.724s] -- Up-to-date symlink: /home/user/roskit_ws/install/scout_msgs/include/scout_msgs/scout_msgs/msg/detail/scout_light_state__rosidl_typesupport_fastrtps_c.h
[1.725s] -- Up-to-date symlink: /home/user/roskit_ws/install/scout_msgs/include/scout_msgs/scout_msgs/msg/detail/scout_rc_state__rosidl_typesupport_fastrtps_c.h
[1.725s] -- Up-to-date symlink: /home/user/roskit_ws/install/scout_msgs/include/scout_msgs/scout_msgs/msg/detail/scout_status__rosidl_typesupport_fastrtps_c.h
[1.725s] -- Up-to-date symlink: /home/user/roskit_ws/install/scout_msgs/include/scout_msgs/scout_msgs/msg/rosidl_typesupport_fastrtps_c__visibility_control.h
[1.725s] -- Up-to-date symlink: /home/user/roskit_ws/install/scout_msgs/include/scout_msgs/scout_msgs/msg/detail/scout_actuator_state__builder.hpp
[1.725s] -- Up-to-date symlink: /home/user/roskit_ws/install/scout_msgs/include/scout_msgs/scout_msgs/msg/detail/scout_actuator_state__struct.hpp
[1.725s] -- Up-to-date symlink: /home/user/roskit_ws/install/scout_msgs/include/scout_msgs/scout_msgs/msg/detail/scout_actuator_state__traits.hpp
[1.725s] -- Up-to-date symlink: /home/user/roskit_ws/install/scout_msgs/include/scout_msgs/scout_msgs/msg/detail/scout_actuator_state__type_support.hpp
[1.725s] -- Up-to-date symlink: /home/user/roskit_ws/install/scout_msgs/include/scout_msgs/scout_msgs/msg/detail/scout_light_cmd__builder.hpp
[1.725s] -- Up-to-date symlink: /home/user/roskit_ws/install/scout_msgs/include/scout_msgs/scout_msgs/msg/detail/scout_light_cmd__struct.hpp
[1.725s] -- Up-to-date symlink: /home/user/roskit_ws/install/scout_msgs/include/scout_msgs/scout_msgs/msg/detail/scout_light_cmd__traits.hpp
[1.725s] -- Up-to-date symlink: /home/user/roskit_ws/install/scout_msgs/include/scout_msgs/scout_msgs/msg/detail/scout_light_cmd__type_support.hpp
[1.726s] -- Up-to-date symlink: /home/user/roskit_ws/install/scout_msgs/include/scout_msgs/scout_msgs/msg/detail/scout_light_state__builder.hpp
[1.726s] -- Up-to-date symlink: /home/user/roskit_ws/install/scout_msgs/include/scout_msgs/scout_msgs/msg/detail/scout_light_state__struct.hpp
[1.726s] -- Up-to-date symlink: /home/user/roskit_ws/install/scout_msgs/include/scout_msgs/scout_msgs/msg/detail/scout_light_state__traits.hpp
[1.726s] -- Up-to-date symlink: /home/user/roskit_ws/install/scout_msgs/include/scout_msgs/scout_msgs/msg/detail/scout_light_state__type_support.hpp
[1.726s] -- Up-to-date symlink: /home/user/roskit_ws/install/scout_msgs/include/scout_msgs/scout_msgs/msg/detail/scout_rc_state__builder.hpp
[1.726s] -- Up-to-date symlink: /home/user/roskit_ws/install/scout_msgs/include/scout_msgs/scout_msgs/msg/detail/scout_rc_state__struct.hpp
[1.726s] -- Up-to-date symlink: /home/user/roskit_ws/install/scout_msgs/include/scout_msgs/scout_msgs/msg/detail/scout_rc_state__traits.hpp
[1.726s] -- Up-to-date symlink: /home/user/roskit_ws/install/scout_msgs/include/scout_msgs/scout_msgs/msg/detail/scout_rc_state__type_support.hpp
[1.726s] -- Up-to-date symlink: /home/user/roskit_ws/install/scout_msgs/include/scout_msgs/scout_msgs/msg/detail/scout_status__builder.hpp
[1.727s] -- Up-to-date symlink: /home/user/roskit_ws/install/scout_msgs/include/scout_msgs/scout_msgs/msg/detail/scout_status__struct.hpp
[1.727s] -- Up-to-date symlink: /home/user/roskit_ws/install/scout_msgs/include/scout_msgs/scout_msgs/msg/detail/scout_status__traits.hpp
[1.727s] -- Up-to-date symlink: /home/user/roskit_ws/install/scout_msgs/include/scout_msgs/scout_msgs/msg/detail/scout_status__type_support.hpp
[1.727s] -- Up-to-date symlink: /home/user/roskit_ws/install/scout_msgs/include/scout_msgs/scout_msgs/msg/rosidl_generator_cpp__visibility_control.hpp
[1.727s] -- Up-to-date symlink: /home/user/roskit_ws/install/scout_msgs/include/scout_msgs/scout_msgs/msg/scout_actuator_state.hpp
[1.727s] -- Up-to-date symlink: /home/user/roskit_ws/install/scout_msgs/include/scout_msgs/scout_msgs/msg/scout_light_cmd.hpp
[1.727s] -- Up-to-date symlink: /home/user/roskit_ws/install/scout_msgs/include/scout_msgs/scout_msgs/msg/scout_light_state.hpp
[1.727s] -- Up-to-date symlink: /home/user/roskit_ws/install/scout_msgs/include/scout_msgs/scout_msgs/msg/scout_rc_state.hpp
[1.727s] -- Up-to-date symlink: /home/user/roskit_ws/install/scout_msgs/include/scout_msgs/scout_msgs/msg/scout_status.hpp
[1.727s] -- Up-to-date symlink: /home/user/roskit_ws/install/scout_msgs/include/scout_msgs/scout_msgs/msg/detail/scout_actuator_state__rosidl_typesupport_fastrtps_cpp.hpp
[1.727s] -- Up-to-date symlink: /home/user/roskit_ws/install/scout_msgs/include/scout_msgs/scout_msgs/msg/detail/scout_light_cmd__rosidl_typesupport_fastrtps_cpp.hpp
[1.727s] -- Up-to-date symlink: /home/user/roskit_ws/install/scout_msgs/include/scout_msgs/scout_msgs/msg/detail/scout_light_state__rosidl_typesupport_fastrtps_cpp.hpp
[1.728s] -- Up-to-date symlink: /home/user/roskit_ws/install/scout_msgs/include/scout_msgs/scout_msgs/msg/detail/scout_rc_state__rosidl_typesupport_fastrtps_cpp.hpp
[1.728s] -- Up-to-date symlink: /home/user/roskit_ws/install/scout_msgs/include/scout_msgs/scout_msgs/msg/detail/scout_status__rosidl_typesupport_fastrtps_cpp.hpp
[1.731s] -- Up-to-date symlink: /home/user/roskit_ws/install/scout_msgs/include/scout_msgs/scout_msgs/msg/rosidl_typesupport_fastrtps_cpp__visibility_control.h
[1.731s] -- Up-to-date symlink: /home/user/roskit_ws/install/scout_msgs/include/scout_msgs/scout_msgs/msg/detail/scout_actuator_state__rosidl_typesupport_introspection_c.h
[1.731s] -- Up-to-date symlink: /home/user/roskit_ws/install/scout_msgs/include/scout_msgs/scout_msgs/msg/detail/scout_light_cmd__rosidl_typesupport_introspection_c.h
[1.731s] -- Up-to-date symlink: /home/user/roskit_ws/install/scout_msgs/include/scout_msgs/scout_msgs/msg/detail/scout_light_state__rosidl_typesupport_introspection_c.h
[1.731s] -- Up-to-date symlink: /home/user/roskit_ws/install/scout_msgs/include/scout_msgs/scout_msgs/msg/detail/scout_rc_state__rosidl_typesupport_introspection_c.h
[1.731s] -- Up-to-date symlink: /home/user/roskit_ws/install/scout_msgs/include/scout_msgs/scout_msgs/msg/detail/scout_status__rosidl_typesupport_introspection_c.h
[1.731s] -- Up-to-date symlink: /home/user/roskit_ws/install/scout_msgs/include/scout_msgs/scout_msgs/msg/rosidl_typesupport_introspection_c__visibility_control.h
[1.731s] -- Up-to-date symlink: /home/user/roskit_ws/install/scout_msgs/include/scout_msgs/scout_msgs/msg/detail/scout_actuator_state__rosidl_typesupport_introspection_cpp.hpp
[1.731s] -- Up-to-date symlink: /home/user/roskit_ws/install/scout_msgs/include/scout_msgs/scout_msgs/msg/detail/scout_light_cmd__rosidl_typesupport_introspection_cpp.hpp
[1.731s] -- Up-to-date symlink: /home/user/roskit_ws/install/scout_msgs/include/scout_msgs/scout_msgs/msg/detail/scout_light_state__rosidl_typesupport_introspection_cpp.hpp
[1.731s] -- Up-to-date symlink: /home/user/roskit_ws/install/scout_msgs/include/scout_msgs/scout_msgs/msg/detail/scout_rc_state__rosidl_typesupport_introspection_cpp.hpp
[1.741s] -- Up-to-date symlink: /home/user/roskit_ws/install/scout_msgs/include/scout_msgs/scout_msgs/msg/detail/scout_status__rosidl_typesupport_introspection_cpp.hpp
[1.741s] -- Up-to-date symlink: /home/user/roskit_ws/install/scout_msgs/share/scout_msgs/environment/pythonpath.sh
[1.741s] -- Up-to-date symlink: /home/user/roskit_ws/install/scout_msgs/share/scout_msgs/environment/pythonpath.dsv
[1.741s] -- Up-to-date symlink: /home/user/roskit_ws/install/scout_msgs/local/lib/python3.10/dist-packages/scout_msgs-0.1.0-py3.10.egg-info/PKG-INFO
[1.741s] -- Up-to-date symlink: /home/user/roskit_ws/install/scout_msgs/local/lib/python3.10/dist-packages/scout_msgs-0.1.0-py3.10.egg-info/SOURCES.txt
[1.741s] -- Up-to-date symlink: /home/user/roskit_ws/install/scout_msgs/local/lib/python3.10/dist-packages/scout_msgs-0.1.0-py3.10.egg-info/dependency_links.txt
[1.741s] -- Up-to-date symlink: /home/user/roskit_ws/install/scout_msgs/local/lib/python3.10/dist-packages/scout_msgs-0.1.0-py3.10.egg-info/top_level.txt
[1.742s] -- Up-to-date symlink: /home/user/roskit_ws/install/scout_msgs/local/lib/python3.10/dist-packages/scout_msgs/__init__.py
[1.742s] -- Up-to-date symlink: /home/user/roskit_ws/install/scout_msgs/local/lib/python3.10/dist-packages/scout_msgs/_scout_msgs_s.ep.rosidl_typesupport_c.c
[1.742s] -- Up-to-date symlink: /home/user/roskit_ws/install/scout_msgs/local/lib/python3.10/dist-packages/scout_msgs/_scout_msgs_s.ep.rosidl_typesupport_fastrtps_c.c
[1.742s] -- Up-to-date symlink: /home/user/roskit_ws/install/scout_msgs/local/lib/python3.10/dist-packages/scout_msgs/_scout_msgs_s.ep.rosidl_typesupport_introspection_c.c
[1.742s] -- Up-to-date symlink: /home/user/roskit_ws/install/scout_msgs/local/lib/python3.10/dist-packages/scout_msgs/libscout_msgs__rosidl_generator_py.so
[1.742s] -- Up-to-date symlink: /home/user/roskit_ws/install/scout_msgs/local/lib/python3.10/dist-packages/scout_msgs/msg/__init__.py
[1.742s] -- Up-to-date symlink: /home/user/roskit_ws/install/scout_msgs/local/lib/python3.10/dist-packages/scout_msgs/msg/_scout_actuator_state.py
[1.742s] -- Up-to-date symlink: /home/user/roskit_ws/install/scout_msgs/local/lib/python3.10/dist-packages/scout_msgs/msg/_scout_actuator_state_s.c
[1.743s] -- Up-to-date symlink: /home/user/roskit_ws/install/scout_msgs/local/lib/python3.10/dist-packages/scout_msgs/msg/_scout_light_cmd.py
[1.743s] -- Up-to-date symlink: /home/user/roskit_ws/install/scout_msgs/local/lib/python3.10/dist-packages/scout_msgs/msg/_scout_light_cmd_s.c
[1.743s] -- Up-to-date symlink: /home/user/roskit_ws/install/scout_msgs/local/lib/python3.10/dist-packages/scout_msgs/msg/_scout_light_state.py
[1.743s] -- Up-to-date symlink: /home/user/roskit_ws/install/scout_msgs/local/lib/python3.10/dist-packages/scout_msgs/msg/_scout_light_state_s.c
[1.744s] -- Up-to-date symlink: /home/user/roskit_ws/install/scout_msgs/local/lib/python3.10/dist-packages/scout_msgs/msg/_scout_rc_state.py
[1.744s] -- Up-to-date symlink: /home/user/roskit_ws/install/scout_msgs/local/lib/python3.10/dist-packages/scout_msgs/msg/_scout_rc_state_s.c
[1.744s] -- Up-to-date symlink: /home/user/roskit_ws/install/scout_msgs/local/lib/python3.10/dist-packages/scout_msgs/msg/_scout_status.py
[1.744s] -- Up-to-date symlink: /home/user/roskit_ws/install/scout_msgs/local/lib/python3.10/dist-packages/scout_msgs/msg/_scout_status_s.c
[1.744s] -- Up-to-date symlink: /home/user/roskit_ws/install/scout_msgs/local/lib/python3.10/dist-packages/scout_msgs/scout_msgs_s__rosidl_typesupport_c.cpython-310-x86_64-linux-gnu.so
[1.744s] -- Up-to-date symlink: /home/user/roskit_ws/install/scout_msgs/local/lib/python3.10/dist-packages/scout_msgs/scout_msgs_s__rosidl_typesupport_fastrtps_c.cpython-310-x86_64-linux-gnu.so
[1.745s] -- Up-to-date symlink: /home/user/roskit_ws/install/scout_msgs/local/lib/python3.10/dist-packages/scout_msgs/scout_msgs_s__rosidl_typesupport_introspection_c.cpython-310-x86_64-linux-gnu.so
[1.745s] -- Up-to-date symlink: /home/user/roskit_ws/install/scout_msgs/local/lib/python3.10/dist-packages/scout_msgs/scout_msgs_s__rosidl_typesupport_fastrtps_c.cpython-310-x86_64-linux-gnu.so
[1.745s] -- Up-to-date symlink: /home/user/roskit_ws/install/scout_msgs/local/lib/python3.10/dist-packages/scout_msgs/scout_msgs_s__rosidl_typesupport_introspection_c.cpython-310-x86_64-linux-gnu.so
[1.745s] -- Up-to-date symlink: /home/user/roskit_ws/install/scout_msgs/local/lib/python3.10/dist-packages/scout_msgs/scout_msgs_s__rosidl_typesupport_c.cpython-310-x86_64-linux-gnu.so
[1.746s] -- Up-to-date symlink: /home/user/roskit_ws/install/scout_msgs/share/scout_msgs/msg/ScoutActuatorState.idl
[1.746s] -- Up-to-date symlink: /home/user/roskit_ws/install/scout_msgs/share/scout_msgs/msg/ScoutLightCmd.idl
[1.746s] -- Up-to-date symlink: /home/user/roskit_ws/install/scout_msgs/share/scout_msgs/msg/ScoutLightState.idl
[1.746s] -- Up-to-date symlink: /home/user/roskit_ws/install/scout_msgs/share/scout_msgs/msg/ScoutRCState.idl
[1.746s] -- Up-to-date symlink: /home/user/roskit_ws/install/scout_msgs/share/scout_msgs/msg/ScoutStatus.idl
[1.746s] -- Up-to-date symlink: /home/user/roskit_ws/install/scout_msgs/share/scout_msgs/msg/ScoutActuatorState.msg
[1.746s] -- Up-to-date symlink: /home/user/roskit_ws/install/scout_msgs/share/scout_msgs/msg/ScoutLightCmd.msg
[1.746s] -- Up-to-date symlink: /home/user/roskit_ws/install/scout_msgs/share/scout_msgs/msg/ScoutLightState.msg
[1.746s] -- Up-to-date symlink: /home/user/roskit_ws/install/scout_msgs/share/scout_msgs/msg/ScoutRCState.msg
[1.747s] -- Up-to-date symlink: /home/user/roskit_ws/install/scout_msgs/share/scout_msgs/msg/ScoutStatus.msg
[1.747s] -- Up-to-date symlink: /home/user/roskit_ws/install/scout_msgs/share/ament_index/resource_index/package_run_dependencies/scout_msgs
[1.747s] -- Up-to-date symlink: /home/user/roskit_ws/install/scout_msgs/share/ament_index/resource_index/parent_prefix_path/scout_msgs
[1.747s] -- Up-to-date symlink: /home/user/roskit_ws/install/scout_msgs/share/scout_msgs/environment/ament_prefix_path.sh
[1.747s] -- Up-to-date symlink: /home/user/roskit_ws/install/scout_msgs/share/scout_msgs/environment/ament_prefix_path.dsv
[1.747s] -- Up-to-date symlink: /home/user/roskit_ws/install/scout_msgs/share/scout_msgs/environment/path.sh
[1.747s] -- Up-to-date symlink: /home/user/roskit_ws/install/scout_msgs/share/scout_msgs/environment/path.dsv
[1.747s] -- Up-to-date symlink: /home/user/roskit_ws/install/scout_msgs/share/scout_msgs/local_setup.bash
[1.747s] -- Up-to-date symlink: /home/user/roskit_ws/install/scout_msgs/share/scout_msgs/local_setup.sh
[1.747s] -- Up-to-date symlink: /home/user/roskit_ws/install/scout_msgs/share/scout_msgs/local_setup.zsh
[1.747s] -- Up-to-date symlink: /home/user/roskit_ws/install/scout_msgs/share/scout_msgs/local_setup.dsv
[1.747s] -- Symlinking: /home/user/roskit_ws/install/scout_msgs/share/scout_msgs/package.dsv
[1.748s] -- Up-to-date symlink: /home/user/roskit_ws/install/scout_msgs/share/ament_index/resource_index/packages/scout_msgs
[1.748s] -- Up-to-date symlink: /home/user/roskit_ws/install/scout_msgs/share/scout_msgs/cmake/rosidl_cmake-extras.cmake
[1.748s] -- Up-to-date symlink: /home/user/roskit_ws/install/scout_msgs/share/scout_msgs/cmake/ament_cmake_export_dependencies-extras.cmake
[1.748s] -- Up-to-date symlink: /home/user/roskit_ws/install/scout_msgs/share/scout_msgs/cmake/ament_cmake_export_include_directories-extras.cmake
[1.749s] -- Up-to-date symlink: /home/user/roskit_ws/install/scout_msgs/share/scout_msgs/cmake/ament_cmake_export_libraries-extras.cmake
[1.749s] -- Up-to-date symlink: /home/user/roskit_ws/install/scout_msgs/share/scout_msgs/cmake/ament_cmake_export_targets-extras.cmake
[1.750s] -- Up-to-date symlink: /home/user/roskit_ws/install/scout_msgs/share/scout_msgs/cmake/rosidl_cmake_export_typesupport_targets-extras.cmake
[1.751s] -- Up-to-date symlink: /home/user/roskit_ws/install/scout_msgs/share/scout_msgs/cmake/rosidl_cmake_export_typesupport_libraries-extras.cmake
[1.751s] -- Up-to-date symlink: /home/user/roskit_ws/install/scout_msgs/share/scout_msgs/cmake/scout_msgsConfig.cmake
[1.751s] -- Up-to-date symlink: /home/user/roskit_ws/install/scout_msgs/share/scout_msgs/cmake/scout_msgsConfig-version.cmake
[1.751s] -- Up-to-date symlink: /home/user/roskit_ws/install/scout_msgs/share/scout_msgs/package.xml
[1.751s] -- Up-to-date: /home/user/roskit_ws/install/scout_msgs/lib/libscout_msgs__rosidl_generator_c.so
[1.752s] -- Up-to-date: /home/user/roskit_ws/install/scout_msgs/lib/libscout_msgs__rosidl_typesupport_fastrtps_c.so
[1.752s] -- Up-to-date: /home/user/roskit_ws/install/scout_msgs/lib/libscout_msgs__rosidl_typesupport_fastrtps_cpp.so
[1.752s] -- Up-to-date: /home/user/roskit_ws/install/scout_msgs/lib/libscout_msgs__rosidl_typesupport_introspection_c.so
[1.752s] -- Up-to-date: /home/user/roskit_ws/install/scout_msgs/lib/libscout_msgs__rosidl_typesupport_c.so
[1.752s] -- Up-to-date: /home/user/roskit_ws/install/scout_msgs/lib/libscout_msgs__rosidl_typesupport_introspection_cpp.so
[1.752s] -- Up-to-date: /home/user/roskit_ws/install/scout_msgs/lib/libscout_msgs__rosidl_typesupport_cpp.so
[1.777s] Listing '/home/user/roskit_ws/install/scout_msgs/local/lib/python3.10/dist-packages/scout_msgs'...
[1.777s] Compiling '/home/user/roskit_ws/install/scout_msgs/local/lib/python3.10/dist-packages/scout_msgs/__init__.py'...
[1.777s] Listing '/home/user/roskit_ws/install/scout_msgs/local/lib/python3.10/dist-packages/scout_msgs/msg'...
[1.782s] -- Up-to-date: /home/user/roskit_ws/install/scout_msgs/lib/libscout_msgs__rosidl_generator_py.so
[1.783s] -- Up-to-date: /home/user/roskit_ws/install/scout_msgs/share/scout_msgs/cmake/export_scout_msgs__rosidl_generator_cExport.cmake
[1.783s] -- Up-to-date: /home/user/roskit_ws/install/scout_msgs/share/scout_msgs/cmake/export_scout_msgs__rosidl_generator_cExport-release.cmake
[1.783s] -- Up-to-date: /home/user/roskit_ws/install/scout_msgs/share/scout_msgs/cmake/export_scout_msgs__rosidl_typesupport_fastrtps_cExport.cmake
[1.783s] -- Up-to-date: /home/user/roskit_ws/install/scout_msgs/share/scout_msgs/cmake/export_scout_msgs__rosidl_typesupport_fastrtps_cExport-release.cmake
[1.783s] -- Up-to-date: /home/user/roskit_ws/install/scout_msgs/share/scout_msgs/cmake/export_scout_msgs__rosidl_generator_cppExport.cmake
[1.783s] -- Up-to-date: /home/user/roskit_ws/install/scout_msgs/share/scout_msgs/cmake/export_scout_msgs__rosidl_typesupport_fastrtps_cppExport.cmake
[1.784s] -- Up-to-date: /home/user/roskit_ws/install/scout_msgs/share/scout_msgs/cmake/export_scout_msgs__rosidl_typesupport_fastrtps_cppExport-release.cmake
[1.784s] -- Up-to-date: /home/user/roskit_ws/install/scout_msgs/share/scout_msgs/cmake/scout_msgs__rosidl_typesupport_introspection_cExport.cmake
[1.784s] -- Up-to-date: /home/user/roskit_ws/install/scout_msgs/share/scout_msgs/cmake/scout_msgs__rosidl_typesupport_introspection_cExport-release.cmake
[1.784s] -- Up-to-date: /home/user/roskit_ws/install/scout_msgs/share/scout_msgs/cmake/scout_msgs__rosidl_typesupport_cExport.cmake
[1.784s] -- Up-to-date: /home/user/roskit_ws/install/scout_msgs/share/scout_msgs/cmake/scout_msgs__rosidl_typesupport_cExport-release.cmake
[1.784s] -- Up-to-date: /home/user/roskit_ws/install/scout_msgs/share/scout_msgs/cmake/scout_msgs__rosidl_typesupport_introspection_cppExport.cmake
[1.784s] -- Up-to-date: /home/user/roskit_ws/install/scout_msgs/share/scout_msgs/cmake/scout_msgs__rosidl_typesupport_introspection_cppExport-release.cmake
[1.784s] -- Up-to-date: /home/user/roskit_ws/install/scout_msgs/share/scout_msgs/cmake/scout_msgs__rosidl_typesupport_cppExport.cmake
[1.784s] -- Up-to-date: /home/user/roskit_ws/install/scout_msgs/share/scout_msgs/cmake/scout_msgs__rosidl_typesupport_cppExport-release.cmake
[1.784s] -- Up-to-date: /home/user/roskit_ws/install/scout_msgs/share/scout_msgs/cmake/export_scout_msgs__rosidl_generator_pyExport.cmake
[1.784s] -- Up-to-date: /home/user/roskit_ws/install/scout_msgs/share/scout_msgs/cmake/export_scout_msgs__rosidl_generator_pyExport-release.cmake
[1.858s] Invoked command in '/home/user/roskit_ws/build/scout_msgs' returned '0': CMAKE_PREFIX_PATH=/home/user/roskit_ws/install/tracer_base:/home/user/roskit_ws/install/scout_base:/home/user/roskit_ws/install/ranger_base:/home/user/roskit_ws/install/hunter_base:/opt/ros/humble:/home/user/roskit_ws/install/ugv_sdk:/home/user/roskit_ws/install/ublox:/home/user/roskit_ws/install/ublox_gps:/home/user/roskit_ws/install/ublox_msgs:/home/user/roskit_ws/install/ublox_serialization:/home/user/roskit_ws/install/tracer_msgs:/home/user/roskit_ws/install/scout_msgs:/home/user/roskit_ws/install/scout_description:/home/user/roskit_ws/install/rslidar_sdk:/home/user/roskit_ws/install/rslidar_msg:/home/user/roskit_ws/install/ranger_msgs:/home/user/roskit_ws/install/ranger_bringup:/home/user/roskit_ws/install/phidgets_drivers:/home/user/roskit_ws/install/phidgets_temperature:/home/user/roskit_ws/install/phidgets_spatial:/home/user/roskit_ws/install/phidgets_motors:/home/user/roskit_ws/install/phidgets_ik:/home/user/roskit_ws/install/phidgets_high_speed_encoder:/home/user/roskit_ws/install/phidgets_digital_outputs:/home/user/roskit_ws/install/phidgets_analog_outputs:/home/user/roskit_ws/install/phidgets_msgs:/home/user/roskit_ws/install/phidgets_magnetometer:/home/user/roskit_ws/install/phidgets_gyroscope:/home/user/roskit_ws/install/phidgets_digital_inputs:/home/user/roskit_ws/install/phidgets_analog_inputs:/home/user/roskit_ws/install/phidgets_accelerometer:/home/user/roskit_ws/install/phidgets_api:/home/user/roskit_ws/install/ouster_ros:/home/user/roskit_ws/install/ouster_sensor_msgs:/home/user/roskit_ws/install/livox_ros_driver2:/home/user/roskit_ws/install/libphidget22:/home/user/roskit_ws/install/hunter_msgs:/home/user/roskit_ws/install/gr_description:/home/user/roskit_ws/install/gr_bringup /usr/bin/cmake --install /home/user/roskit_ws/build/scout_msgs
