-- The C compiler identification is GNU 11.4.0
-- The CXX compiler identification is GNU 11.4.0
-- Detecting C compiler ABI info
-- Detecting C compiler ABI info - done
-- Check for working C compiler: /usr/lib/ccache/cc - skipped
-- Detecting C compile features
-- Detecting C compile features - done
-- Detecting CXX compiler ABI info
-- Detecting CXX compiler ABI info - done
-- Check for working CXX compiler: /usr/lib/ccache/c++ - skipped
-- Detecting CXX compile features
-- Detecting CXX compile features - done
-- Found ament_cmake: 1.3.12 (/opt/ros/humble/share/ament_cmake/cmake)
-- Found Python3: /usr/bin/python3 (found version "3.10.12") found components: Interpreter 
-- Override CMake install command with custom implementation using symlinks instead of copying resources
-- Configuring done
-- Generating done
[33mCMake Warning:
  Manually-specified variables were not used by the project:

    HUMBLE_ROS
    ROS_EDITION

[0m
-- Build files have been written to: /home/user/roskit_ws/build/phidgets_drivers
-- Install configuration: "Release"
-- Execute custom install script
-- Symlinking: /home/user/roskit_ws/install/phidgets_drivers/share/ament_index/resource_index/package_run_dependencies/phidgets_drivers
-- Symlinking: /home/user/roskit_ws/install/phidgets_drivers/share/ament_index/resource_index/parent_prefix_path/phidgets_drivers
-- Symlinking: /home/user/roskit_ws/install/phidgets_drivers/share/phidgets_drivers/environment/ament_prefix_path.sh
-- Symlinking: /home/user/roskit_ws/install/phidgets_drivers/share/phidgets_drivers/environment/ament_prefix_path.dsv
-- Symlinking: /home/user/roskit_ws/install/phidgets_drivers/share/phidgets_drivers/environment/path.sh
-- Symlinking: /home/user/roskit_ws/install/phidgets_drivers/share/phidgets_drivers/environment/path.dsv
-- Symlinking: /home/user/roskit_ws/install/phidgets_drivers/share/phidgets_drivers/local_setup.bash
-- Symlinking: /home/user/roskit_ws/install/phidgets_drivers/share/phidgets_drivers/local_setup.sh
-- Symlinking: /home/user/roskit_ws/install/phidgets_drivers/share/phidgets_drivers/local_setup.zsh
-- Symlinking: /home/user/roskit_ws/install/phidgets_drivers/share/phidgets_drivers/local_setup.dsv
-- Symlinking: /home/user/roskit_ws/install/phidgets_drivers/share/phidgets_drivers/package.dsv
-- Symlinking: /home/user/roskit_ws/install/phidgets_drivers/share/ament_index/resource_index/packages/phidgets_drivers
-- Symlinking: /home/user/roskit_ws/install/phidgets_drivers/share/phidgets_drivers/cmake/phidgets_driversConfig.cmake
-- Symlinking: /home/user/roskit_ws/install/phidgets_drivers/share/phidgets_drivers/cmake/phidgets_driversConfig-version.cmake
-- Symlinking: /home/user/roskit_ws/install/phidgets_drivers/share/phidgets_drivers/package.xml
