[0.060s] Invoking command in '/home/user/roskit_ws/build/livox_sdk2': /usr/bin/cmake /home/user/roskit_ws/src/gr_docker/Livox-SDK2 -DCMAKE_INSTALL_PREFIX=/home/user/roskit_ws/install/livox_sdk2
[0.287s] -- main project dir: /home/user/roskit_ws/src/gr_docker/Livox-SDK2
[0.287s] -- main project dir: /home/user/roskit_ws/src/gr_docker/Livox-SDK2/samples
[0.287s] -- Configuring done
[0.287s] -- Generating done
[0.287s] -- Build files have been written to: /home/user/roskit_ws/build/livox_sdk2
[0.290s] Invoked command in '/home/user/roskit_ws/build/livox_sdk2' returned '0': /usr/bin/cmake /home/user/roskit_ws/src/gr_docker/Livox-SDK2 -DCMAKE_INSTALL_PREFIX=/home/user/roskit_ws/install/livox_sdk2
[0.292s] Invoking command in '/home/user/roskit_ws/build/livox_sdk2': /usr/bin/cmake --build /home/user/roskit_ws/build/livox_sdk2 -- -j16 -l16
[0.356s] [35m[1mConsolidate compiler generated dependencies of target livox_lidar_sdk_static[0m
[0.381s] [ 42%] Built target livox_lidar_sdk_static
[0.389s] [35m[1mConsolidate compiler generated dependencies of target livox_lidar_sdk_shared[0m
[0.391s] [35m[1mConsolidate compiler generated dependencies of target livox_lidar_quick_start[0m
[0.391s] [35m[1mConsolidate compiler generated dependencies of target logger[0m
[0.394s] [35m[1mConsolidate compiler generated dependencies of target debug_point_cloud[0m
[0.398s] [35m[1mConsolidate compiler generated dependencies of target multi_lidars_upgrade[0m
[0.408s] [ 44%] Built target logger
[0.408s] [ 46%] Built target multi_lidars_upgrade
[0.408s] [ 49%] Built target debug_point_cloud
[0.412s] [ 51%] Built target livox_lidar_quick_start
[0.413s] [35m[1mConsolidate compiler generated dependencies of target lidar_cmd_observer[0m
[0.414s] [35m[1mConsolidate compiler generated dependencies of target livox_lidar_rmc_time_sync[0m
[0.419s] [ 93%] Built target livox_lidar_sdk_shared
[0.423s] [ 96%] Built target lidar_cmd_observer
[0.429s] [100%] Built target livox_lidar_rmc_time_sync
[0.500s] Invoked command in '/home/user/roskit_ws/build/livox_sdk2' returned '0': /usr/bin/cmake --build /home/user/roskit_ws/build/livox_sdk2 -- -j16 -l16
[0.503s] Invoking command in '/home/user/roskit_ws/build/livox_sdk2': /usr/bin/cmake --install /home/user/roskit_ws/build/livox_sdk2
[0.511s] -- Install configuration: "Release"
[0.512s] -- Up-to-date: /home/user/roskit_ws/install/livox_sdk2/lib/liblivox_lidar_sdk_static.a
[0.512s] -- Up-to-date: /home/user/roskit_ws/install/livox_sdk2/include/livox_lidar_def.h
[0.512s] -- Up-to-date: /home/user/roskit_ws/install/livox_sdk2/include/livox_lidar_api.h
[0.513s] -- Up-to-date: /home/user/roskit_ws/install/livox_sdk2/include/livox_lidar_cfg.h
[0.513s] -- Up-to-date: /home/user/roskit_ws/install/livox_sdk2/lib/liblivox_lidar_sdk_shared.so
[0.515s] Invoked command in '/home/user/roskit_ws/build/livox_sdk2' returned '0': /usr/bin/cmake --install /home/user/roskit_ws/build/livox_sdk2
