[0.030s] Invoking command in '/home/user/roskit_ws/build/phidgets_msgs': /usr/bin/cmake /home/user/roskit_ws/src/phidgets_drivers/phidgets_msgs -DCMAKE_BUILD_TYPE=Release -DAMENT_CMAKE_SYMLINK_INSTALL=1 -DCMAKE_INSTALL_PREFIX=/home/user/roskit_ws/install/phidgets_msgs
[0.110s] -- The C compiler identification is GNU 11.4.0
[0.155s] -- The CXX compiler identification is GNU 11.4.0
[0.159s] -- Detecting C compiler ABI info
[0.230s] -- Detecting C compiler ABI info - done
[0.236s] -- Check for working C compiler: /usr/lib/ccache/cc - skipped
[0.236s] -- Detecting C compile features
[0.236s] -- Detecting C compile features - done
[0.240s] -- Detecting CXX compiler ABI info
[0.286s] -- Detecting CXX compiler ABI info - done
[0.291s] -- Check for working CXX compiler: /usr/lib/ccache/c++ - skipped
[0.291s] -- Detecting CXX compile features
[0.292s] -- Detecting CXX compile features - done
[0.299s] -- Configuring incomplete, errors occurred!
[0.299s] See also "/home/user/roskit_ws/build/phidgets_msgs/CMakeFiles/CMakeOutput.log".
[0.299s] [31mCMake Error at CMakeLists.txt:13 (find_package):
[0.299s]   By not providing "Findament_cmake.cmake" in CMAKE_MODULE_PATH this project
[0.299s]   has asked CMake to find a package configuration file provided by
[0.299s]   "ament_cmake", but CMake did not find one.
[0.299s] 
[0.299s]   Could not find a package configuration file provided by "ament_cmake" with
[0.299s]   any of the following names:
[0.299s] 
[0.299s]     ament_cmakeConfig.cmake
[0.300s]     ament_cmake-config.cmake
[0.300s] 
[0.300s]   Add the installation prefix of "ament_cmake" to CMAKE_PREFIX_PATH or set
[0.300s]   "ament_cmake_DIR" to a directory containing one of the above files.  If
[0.300s]   "ament_cmake" provides a separate development package or SDK, be sure it
[0.300s]   has been installed.
[0.300s] 
[0.300s] [0m
