[0.033s] Invoking command in '/home/user/roskit_ws/build/libphidget22': /usr/bin/cmake /home/user/roskit_ws/src/phidgets_drivers/libphidget22 -DCMAKE_BUILD_TYPE=Release -DAMENT_CMAKE_SYMLINK_INSTALL=1 -DCMAKE_INSTALL_PREFIX=/home/user/roskit_ws/install/libphidget22
[0.099s] -- The C compiler identification is GNU 11.4.0
[0.145s] -- The CXX compiler identification is GNU 11.4.0
[0.153s] -- Detecting C compiler ABI info
[0.195s] -- Detecting C compiler ABI info - done
[0.199s] -- Check for working C compiler: /usr/lib/ccache/cc - skipped
[0.200s] -- Detecting C compile features
[0.200s] -- Detecting C compile features - done
[0.204s] -- Detecting CXX compiler ABI info
[0.306s] -- Detecting CXX compiler ABI info - done
[0.311s] -- Check for working CXX compiler: /usr/lib/ccache/c++ - skipped
[0.311s] -- Detecting CXX compile features
[0.311s] -- Detecting CXX compile features - done
[0.327s] [31mCMake Error at CMakeLists.txt:4 (find_package):
[0.327s]   By not providing "Findament_cmake.cmake" in CMAKE_MODULE_PATH this project
[0.327s]   has asked CMake to find a package configuration file provided by
[0.327s]   "ament_cmake", but CMake did not find one.
[0.327s] 
[0.327s]   Could not find a package configuration file provided by "ament_cmake" with
[0.327s]   any of the following names:
[0.327s] 
[0.327s]     ament_cmakeConfig.cmake
[0.327s]     ament_cmake-config.cmake
[0.327s] 
[0.327s]   Add the installation prefix of "ament_cmake" to CMAKE_PREFIX_PATH or set
[0.327s]   "ament_cmake_DIR" to a directory containing one of the above files.  If
[0.327s]   "ament_cmake" provides a separate development package or SDK, be sure it
[0.327s]   has been installed.
[0.327s] 
[0.327s] [0m
[0.327s] -- Configuring incomplete, errors occurred!
[0.327s] See also "/home/user/roskit_ws/build/libphidget22/CMakeFiles/CMakeOutput.log".
