[0.029s] Invoking command in '/home/user/roskit_ws/build/hunter_msgs': /usr/bin/cmake /home/user/roskit_ws/src/hunter_ros2/hunter_msgs -DCMAKE_BUILD_TYPE=Release -DAMENT_CMAKE_SYMLINK_INSTALL=1 -DCMAKE_INSTALL_PREFIX=/home/user/roskit_ws/install/hunter_msgs
[0.078s] -- Configuring incomplete, errors occurred!
[0.078s] See also "/home/user/roskit_ws/build/hunter_msgs/CMakeFiles/CMakeOutput.log".
[0.078s] [31mCMake Error at CMakeLists.txt:14 (find_package):
[0.078s]   By not providing "Findament_cmake.cmake" in CMAKE_MODULE_PATH this project
[0.078s]   has asked CMake to find a package configuration file provided by
[0.078s]   "ament_cmake", but CMake did not find one.
[0.078s] 
[0.078s]   Could not find a package configuration file provided by "ament_cmake" with
[0.078s]   any of the following names:
[0.078s] 
[0.079s]     ament_cmakeConfig.cmake
[0.080s]     ament_cmake-config.cmake
[0.080s] 
[0.080s]   Add the installation prefix of "ament_cmake" to CMAKE_PREFIX_PATH or set
[0.080s]   "ament_cmake_DIR" to a directory containing one of the above files.  If
[0.080s]   "ament_cmake" provides a separate development package or SDK, be sure it
[0.080s]   has been installed.
[0.080s] 
[0.080s] [0m
[0.091s] Invoked command in '/home/user/roskit_ws/build/hunter_msgs' returned '1': /usr/bin/cmake /home/user/roskit_ws/src/hunter_ros2/hunter_msgs -DCMAKE_BUILD_TYPE=Release -DAMENT_CMAKE_SYMLINK_INSTALL=1 -DCMAKE_INSTALL_PREFIX=/home/user/roskit_ws/install/hunter_msgs
