[0.049s] Invoking command in '/home/user/roskit_ws/build/ouster_ros': CMAKE_PREFIX_PATH=/home/user/roskit_ws/install/ouster_sensor_msgs:/opt/ros/humble:/home/user/roskit_ws/install/ugv_sdk:/home/user/roskit_ws/install/ublox_serialization:/home/user/roskit_ws/install/tracer_msgs:/home/user/roskit_ws/install/scout_msgs:/home/user/roskit_ws/install/scout_description:/home/user/roskit_ws/install/rslidar_msg:/home/user/roskit_ws/install/ranger_msgs:/home/user/roskit_ws/install/ranger_bringup:/home/user/roskit_ws/install/phidgets_msgs:/home/user/roskit_ws/install/libphidget22:/home/user/roskit_ws/install/hunter_msgs:/home/user/roskit_ws/install/gr_description:/home/user/roskit_ws/install/gr_bringup LD_LIBRARY_PATH=/home/user/roskit_ws/install/ouster_sensor_msgs/lib:/home/user/roskit_ws/install/tracer_msgs/lib:/home/user/roskit_ws/install/scout_msgs/lib:/home/user/roskit_ws/install/rslidar_msg/lib:/home/user/roskit_ws/install/ranger_msgs/lib:/home/user/roskit_ws/install/phidgets_msgs/lib:/home/user/roskit_ws/install/livox_sdk2/lib:/home/user/roskit_ws/install/libphidget22/opt/libphidget22/lib:/home/user/roskit_ws/install/hunter_msgs/lib:/usr/lib/x86_64-linux-gnu/gazebo-11/plugins:/opt/ros/humble/opt/rviz_ogre_vendor/lib:/opt/ros/humble/lib/x86_64-linux-gnu:/opt/ros/humble/lib /usr/bin/cmake --build /home/user/roskit_ws/build/ouster_ros -- -j16 -l16
[0.096s] [35m[1mConsolidate compiler generated dependencies of target os_sensor[0m
[0.096s] [35m[1mConsolidate compiler generated dependencies of target os_driver[0m
[0.096s] [35m[1mConsolidate compiler generated dependencies of target os_image[0m
[0.096s] [35m[1mConsolidate compiler generated dependencies of target os_cloud[0m
[0.097s] [35m[1mConsolidate compiler generated dependencies of target gtest_main[0m
[0.097s] [35m[1mConsolidate compiler generated dependencies of target os_replay[0m
[0.097s] [34m[1mGenerating build info header[0m
[0.100s] [35m[1mConsolidate compiler generated dependencies of target gtest[0m
[0.111s] [  3%] Built target os_sensor
[0.113s] [  7%] Built target os_driver
[0.113s] [ 11%] Built target os_replay
[0.114s] [ 16%] Built target gtest_main
[0.114s] [ 18%] Built target os_cloud
[0.115s] [ 22%] Built target gtest
[0.117s] [ 26%] Built target os_image
[0.138s] [ 26%] Built target ouster_generate_header
[0.148s] [35m[1mConsolidate compiler generated dependencies of target ouster_client[0m
[0.172s] [ 54%] Built target ouster_client
[0.178s] [35m[1mConsolidate compiler generated dependencies of target ouster_ros_library[0m
[0.186s] [ 58%] Built target ouster_ros_library
[0.191s] [35m[1mConsolidate compiler generated dependencies of target os_replay_component[0m
[0.191s] [35m[1mConsolidate compiler generated dependencies of target os_image_component[0m
[0.191s] [35m[1mConsolidate compiler generated dependencies of target os_sensor_component[0m
[0.196s] [35m[1mConsolidate compiler generated dependencies of target os_driver_component[0m
[0.196s] [35m[1mConsolidate compiler generated dependencies of target ouster_ros_test[0m
[0.204s] [35m[1mConsolidate compiler generated dependencies of target os_cloud_component[0m
[0.211s] [ 64%] Built target os_replay_component
[0.211s] [ 69%] Built target os_sensor_component
[0.211s] [ 75%] Built target os_image_component
[0.212s] [ 83%] Built target os_driver_component
[0.217s] [ 94%] Built target ouster_ros_test
[0.225s] [100%] Built target os_cloud_component
[0.353s] Invoked command in '/home/user/roskit_ws/build/ouster_ros' returned '0': CMAKE_PREFIX_PATH=/home/user/roskit_ws/install/ouster_sensor_msgs:/opt/ros/humble:/home/user/roskit_ws/install/ugv_sdk:/home/user/roskit_ws/install/ublox_serialization:/home/user/roskit_ws/install/tracer_msgs:/home/user/roskit_ws/install/scout_msgs:/home/user/roskit_ws/install/scout_description:/home/user/roskit_ws/install/rslidar_msg:/home/user/roskit_ws/install/ranger_msgs:/home/user/roskit_ws/install/ranger_bringup:/home/user/roskit_ws/install/phidgets_msgs:/home/user/roskit_ws/install/libphidget22:/home/user/roskit_ws/install/hunter_msgs:/home/user/roskit_ws/install/gr_description:/home/user/roskit_ws/install/gr_bringup LD_LIBRARY_PATH=/home/user/roskit_ws/install/ouster_sensor_msgs/lib:/home/user/roskit_ws/install/tracer_msgs/lib:/home/user/roskit_ws/install/scout_msgs/lib:/home/user/roskit_ws/install/rslidar_msg/lib:/home/user/roskit_ws/install/ranger_msgs/lib:/home/user/roskit_ws/install/phidgets_msgs/lib:/home/user/roskit_ws/install/livox_sdk2/lib:/home/user/roskit_ws/install/libphidget22/opt/libphidget22/lib:/home/user/roskit_ws/install/hunter_msgs/lib:/usr/lib/x86_64-linux-gnu/gazebo-11/plugins:/opt/ros/humble/opt/rviz_ogre_vendor/lib:/opt/ros/humble/lib/x86_64-linux-gnu:/opt/ros/humble/lib /usr/bin/cmake --build /home/user/roskit_ws/build/ouster_ros -- -j16 -l16
[0.353s] Invoking command in '/home/user/roskit_ws/build/ouster_ros': CMAKE_PREFIX_PATH=/home/user/roskit_ws/install/ouster_sensor_msgs:/opt/ros/humble:/home/user/roskit_ws/install/ugv_sdk:/home/user/roskit_ws/install/ublox_serialization:/home/user/roskit_ws/install/tracer_msgs:/home/user/roskit_ws/install/scout_msgs:/home/user/roskit_ws/install/scout_description:/home/user/roskit_ws/install/rslidar_msg:/home/user/roskit_ws/install/ranger_msgs:/home/user/roskit_ws/install/ranger_bringup:/home/user/roskit_ws/install/phidgets_msgs:/home/user/roskit_ws/install/libphidget22:/home/user/roskit_ws/install/hunter_msgs:/home/user/roskit_ws/install/gr_description:/home/user/roskit_ws/install/gr_bringup LD_LIBRARY_PATH=/home/user/roskit_ws/install/ouster_sensor_msgs/lib:/home/user/roskit_ws/install/tracer_msgs/lib:/home/user/roskit_ws/install/scout_msgs/lib:/home/user/roskit_ws/install/rslidar_msg/lib:/home/user/roskit_ws/install/ranger_msgs/lib:/home/user/roskit_ws/install/phidgets_msgs/lib:/home/user/roskit_ws/install/livox_sdk2/lib:/home/user/roskit_ws/install/libphidget22/opt/libphidget22/lib:/home/user/roskit_ws/install/hunter_msgs/lib:/usr/lib/x86_64-linux-gnu/gazebo-11/plugins:/opt/ros/humble/opt/rviz_ogre_vendor/lib:/opt/ros/humble/lib/x86_64-linux-gnu:/opt/ros/humble/lib /usr/bin/cmake --install /home/user/roskit_ws/build/ouster_ros
[0.376s] -- Install configuration: "Release"
[0.376s] -- Execute custom install script
[0.376s] -- Up-to-date symlink: /home/user/roskit_ws/install/ouster_ros/include/ouster/impl/build.h
[0.377s] -- Up-to-date symlink: /home/user/roskit_ws/install/ouster_ros/include/ouster/buffered_udp_source.h
[0.377s] -- Up-to-date symlink: /home/user/roskit_ws/install/ouster_ros/include/ouster/client.h
[0.377s] -- Up-to-date symlink: /home/user/roskit_ws/install/ouster_ros/include/ouster/defaults.h
[0.377s] -- Up-to-date symlink: /home/user/roskit_ws/install/ouster_ros/include/ouster/image_processing.h
[0.377s] -- Up-to-date symlink: /home/user/roskit_ws/install/ouster_ros/include/ouster/impl/cartesian.h
[0.377s] -- Up-to-date symlink: /home/user/roskit_ws/install/ouster_ros/include/ouster/impl/lidar_scan_impl.h
[0.377s] -- Up-to-date symlink: /home/user/roskit_ws/install/ouster_ros/include/ouster/impl/packet_writer.h
[0.377s] -- Up-to-date symlink: /home/user/roskit_ws/install/ouster_ros/include/ouster/impl/profile_extension.h
[0.377s] -- Up-to-date symlink: /home/user/roskit_ws/install/ouster_ros/include/ouster/lidar_scan.h
[0.377s] -- Up-to-date symlink: /home/user/roskit_ws/install/ouster_ros/include/ouster/sensor_http.h
[0.377s] -- Up-to-date symlink: /home/user/roskit_ws/install/ouster_ros/include/ouster/types.h
[0.377s] -- Up-to-date symlink: /home/user/roskit_ws/install/ouster_ros/include/ouster/util.h
[0.377s] -- Up-to-date symlink: /home/user/roskit_ws/install/ouster_ros/include/ouster/version.h
[0.377s] -- Up-to-date symlink: /home/user/roskit_ws/install/ouster_ros/include/optional-lite/nonstd/optional.hpp
[0.377s] -- Up-to-date symlink: /home/user/roskit_ws/install/ouster_ros/lib/cmake/OusterSDK/OusterSDKConfig.cmake
[0.377s] -- Up-to-date symlink: /home/user/roskit_ws/install/ouster_ros/lib/cmake/OusterSDK/OusterSDKConfigVersion.cmake
[0.377s] -- Up-to-date symlink: /home/user/roskit_ws/install/ouster_ros/share/LICENSE
[0.377s] -- Up-to-date symlink: /home/user/roskit_ws/install/ouster_ros/share/LICENSE-bin
[0.378s] -- Up-to-date symlink: /home/user/roskit_ws/install/ouster_ros/lib/ouster_ros/os_sensor
[0.378s] -- Up-to-date symlink: /home/user/roskit_ws/install/ouster_ros/lib/ouster_ros/os_replay
[0.378s] -- Up-to-date symlink: /home/user/roskit_ws/install/ouster_ros/lib/ouster_ros/os_cloud
[0.378s] -- Up-to-date symlink: /home/user/roskit_ws/install/ouster_ros/lib/ouster_ros/os_image
[0.378s] -- Up-to-date symlink: /home/user/roskit_ws/install/ouster_ros/lib/ouster_ros/os_driver
[0.378s] -- Up-to-date symlink: /home/user/roskit_ws/install/ouster_ros/lib/libouster_ros_library.so
[0.378s] -- Up-to-date symlink: /home/user/roskit_ws/install/ouster_ros/lib/libos_sensor_component.so
[0.378s] -- Up-to-date symlink: /home/user/roskit_ws/install/ouster_ros/lib/libos_replay_component.so
[0.378s] -- Up-to-date symlink: /home/user/roskit_ws/install/ouster_ros/lib/libos_cloud_component.so
[0.378s] -- Up-to-date symlink: /home/user/roskit_ws/install/ouster_ros/lib/libos_image_component.so
[0.378s] -- Up-to-date symlink: /home/user/roskit_ws/install/ouster_ros/lib/libos_driver_component.so
[0.378s] -- Up-to-date symlink: /home/user/roskit_ws/install/ouster_ros/include/ouster_ros/include/ouster_ros/common_point_types.h
[0.378s] -- Up-to-date symlink: /home/user/roskit_ws/install/ouster_ros/include/ouster_ros/include/ouster_ros/os_point.h
[0.378s] -- Up-to-date symlink: /home/user/roskit_ws/install/ouster_ros/include/ouster_ros/include/ouster_ros/os_processing_node_base.h
[0.378s] -- Up-to-date symlink: /home/user/roskit_ws/install/ouster_ros/include/ouster_ros/include/ouster_ros/os_ros.h
[0.378s] -- Up-to-date symlink: /home/user/roskit_ws/install/ouster_ros/include/ouster_ros/include/ouster_ros/os_sensor_node_base.h
[0.378s] -- Up-to-date symlink: /home/user/roskit_ws/install/ouster_ros/include/ouster_ros/include/ouster_ros/sensor_point_types.h
[0.378s] -- Up-to-date symlink: /home/user/roskit_ws/install/ouster_ros/include/ouster_ros/include/ouster_ros/visibility_control.h
[0.378s] -- Up-to-date symlink: /home/user/roskit_ws/install/ouster_ros/include/ouster_ros/include/optional-lite/nonstd/optional.hpp
[0.378s] -- Up-to-date symlink: /home/user/roskit_ws/install/ouster_ros/include/ouster_ros/include/ouster/buffered_udp_source.h
[0.379s] -- Up-to-date symlink: /home/user/roskit_ws/install/ouster_ros/include/ouster_ros/include/ouster/client.h
[0.379s] -- Up-to-date symlink: /home/user/roskit_ws/install/ouster_ros/include/ouster_ros/include/ouster/defaults.h
[0.379s] -- Up-to-date symlink: /home/user/roskit_ws/install/ouster_ros/include/ouster_ros/include/ouster/image_processing.h
[0.379s] -- Up-to-date symlink: /home/user/roskit_ws/install/ouster_ros/include/ouster_ros/include/ouster/impl/cartesian.h
[0.379s] -- Up-to-date symlink: /home/user/roskit_ws/install/ouster_ros/include/ouster_ros/include/ouster/impl/lidar_scan_impl.h
[0.379s] -- Up-to-date symlink: /home/user/roskit_ws/install/ouster_ros/include/ouster_ros/include/ouster/impl/packet_writer.h
[0.379s] -- Up-to-date symlink: /home/user/roskit_ws/install/ouster_ros/include/ouster_ros/include/ouster/impl/profile_extension.h
[0.379s] -- Up-to-date symlink: /home/user/roskit_ws/install/ouster_ros/include/ouster_ros/include/ouster/lidar_scan.h
[0.379s] -- Up-to-date symlink: /home/user/roskit_ws/install/ouster_ros/include/ouster_ros/include/ouster/sensor_http.h
[0.379s] -- Up-to-date symlink: /home/user/roskit_ws/install/ouster_ros/include/ouster_ros/include/ouster/types.h
[0.379s] -- Up-to-date symlink: /home/user/roskit_ws/install/ouster_ros/include/ouster_ros/include/ouster/util.h
[0.379s] -- Up-to-date symlink: /home/user/roskit_ws/install/ouster_ros/include/ouster_ros/include/ouster/version.h
[0.379s] -- Up-to-date symlink: /home/user/roskit_ws/install/ouster_ros/include/ouster_ros/optional-lite/nonstd/optional.hpp
[0.379s] -- Up-to-date symlink: /home/user/roskit_ws/install/ouster_ros/share/ouster_ros/LICENSE
[0.380s] -- Up-to-date symlink: /home/user/roskit_ws/install/ouster_ros/share/ouster_ros/launch/driver.launch.py
[0.380s] -- Up-to-date symlink: /home/user/roskit_ws/install/ouster_ros/share/ouster_ros/launch/driver_launch.py
[0.380s] -- Up-to-date symlink: /home/user/roskit_ws/install/ouster_ros/share/ouster_ros/launch/record.composite.launch.xml
[0.380s] -- Up-to-date symlink: /home/user/roskit_ws/install/ouster_ros/share/ouster_ros/launch/record.launch.xml
[0.380s] -- Up-to-date symlink: /home/user/roskit_ws/install/ouster_ros/share/ouster_ros/launch/replay.composite.launch.xml
[0.380s] -- Up-to-date symlink: /home/user/roskit_ws/install/ouster_ros/share/ouster_ros/launch/replay.launch.xml
[0.380s] -- Up-to-date symlink: /home/user/roskit_ws/install/ouster_ros/share/ouster_ros/launch/rviz.launch.py
[0.380s] -- Up-to-date symlink: /home/user/roskit_ws/install/ouster_ros/share/ouster_ros/launch/rviz.launch.xml
[0.380s] -- Up-to-date symlink: /home/user/roskit_ws/install/ouster_ros/share/ouster_ros/launch/sensor.composite.launch.py
[0.380s] -- Up-to-date symlink: /home/user/roskit_ws/install/ouster_ros/share/ouster_ros/launch/sensor.composite.launch.xml
[0.380s] -- Up-to-date symlink: /home/user/roskit_ws/install/ouster_ros/share/ouster_ros/launch/sensor.independent.launch.py
[0.380s] -- Up-to-date symlink: /home/user/roskit_ws/install/ouster_ros/share/ouster_ros/launch/sensor.independent.launch.xml
[0.380s] -- Up-to-date symlink: /home/user/roskit_ws/install/ouster_ros/share/ouster_ros/launch/sensor.launch.xml
[0.380s] -- Up-to-date symlink: /home/user/roskit_ws/install/ouster_ros/share/ouster_ros/launch/sensor_mtp.launch.xml
[0.380s] -- Up-to-date symlink: /home/user/roskit_ws/install/ouster_ros/share/ouster_ros/config/community_driver.rviz
[0.380s] -- Up-to-date symlink: /home/user/roskit_ws/install/ouster_ros/share/ouster_ros/config/community_driver_config.yaml
[0.380s] -- Up-to-date symlink: /home/user/roskit_ws/install/ouster_ros/share/ouster_ros/config/driver_params.yaml
[0.380s] -- Up-to-date symlink: /home/user/roskit_ws/install/ouster_ros/share/ouster_ros/config/metadata-qos-override.yaml
[0.380s] -- Up-to-date symlink: /home/user/roskit_ws/install/ouster_ros/share/ouster_ros/config/os_sensor_cloud_image_params.yaml
[0.380s] -- Up-to-date symlink: /home/user/roskit_ws/install/ouster_ros/share/ouster_ros/config/viz-reliable.rviz
[0.381s] -- Up-to-date symlink: /home/user/roskit_ws/install/ouster_ros/share/ouster_ros/config/viz.rviz
[0.381s] -- Up-to-date symlink: /home/user/roskit_ws/install/ouster_ros/share/ouster_ros/environment/library_path.sh
[0.381s] -- Up-to-date symlink: /home/user/roskit_ws/install/ouster_ros/share/ouster_ros/environment/library_path.dsv
[0.381s] -- Up-to-date symlink: /home/user/roskit_ws/install/ouster_ros/share/ament_index/resource_index/package_run_dependencies/ouster_ros
[0.381s] -- Up-to-date symlink: /home/user/roskit_ws/install/ouster_ros/share/ament_index/resource_index/parent_prefix_path/ouster_ros
[0.381s] -- Up-to-date symlink: /home/user/roskit_ws/install/ouster_ros/share/ouster_ros/environment/ament_prefix_path.sh
[0.381s] -- Up-to-date symlink: /home/user/roskit_ws/install/ouster_ros/share/ouster_ros/environment/ament_prefix_path.dsv
[0.381s] -- Up-to-date symlink: /home/user/roskit_ws/install/ouster_ros/share/ouster_ros/environment/path.sh
[0.381s] -- Up-to-date symlink: /home/user/roskit_ws/install/ouster_ros/share/ouster_ros/environment/path.dsv
[0.381s] -- Up-to-date symlink: /home/user/roskit_ws/install/ouster_ros/share/ouster_ros/local_setup.bash
[0.381s] -- Up-to-date symlink: /home/user/roskit_ws/install/ouster_ros/share/ouster_ros/local_setup.sh
[0.381s] -- Up-to-date symlink: /home/user/roskit_ws/install/ouster_ros/share/ouster_ros/local_setup.zsh
[0.381s] -- Up-to-date symlink: /home/user/roskit_ws/install/ouster_ros/share/ouster_ros/local_setup.dsv
[0.381s] -- Symlinking: /home/user/roskit_ws/install/ouster_ros/share/ouster_ros/package.dsv
[0.381s] -- Up-to-date symlink: /home/user/roskit_ws/install/ouster_ros/share/ament_index/resource_index/packages/ouster_ros
[0.381s] -- Up-to-date symlink: /home/user/roskit_ws/install/ouster_ros/share/ament_index/resource_index/rclcpp_components/ouster_ros
[0.381s] -- Up-to-date symlink: /home/user/roskit_ws/install/ouster_ros/share/ouster_ros/cmake/ament_cmake_export_include_directories-extras.cmake
[0.381s] -- Up-to-date symlink: /home/user/roskit_ws/install/ouster_ros/share/ouster_ros/cmake/ament_cmake_export_dependencies-extras.cmake
[0.381s] -- Up-to-date symlink: /home/user/roskit_ws/install/ouster_ros/share/ouster_ros/cmake/ament_cmake_export_libraries-extras.cmake
[0.381s] -- Up-to-date symlink: /home/user/roskit_ws/install/ouster_ros/share/ouster_ros/cmake/ouster_rosConfig.cmake
[0.381s] -- Up-to-date symlink: /home/user/roskit_ws/install/ouster_ros/share/ouster_ros/cmake/ouster_rosConfig-version.cmake
[0.382s] -- Up-to-date symlink: /home/user/roskit_ws/install/ouster_ros/share/ouster_ros/package.xml
[0.386s] Invoked command in '/home/user/roskit_ws/build/ouster_ros' returned '0': CMAKE_PREFIX_PATH=/home/user/roskit_ws/install/ouster_sensor_msgs:/opt/ros/humble:/home/user/roskit_ws/install/ugv_sdk:/home/user/roskit_ws/install/ublox_serialization:/home/user/roskit_ws/install/tracer_msgs:/home/user/roskit_ws/install/scout_msgs:/home/user/roskit_ws/install/scout_description:/home/user/roskit_ws/install/rslidar_msg:/home/user/roskit_ws/install/ranger_msgs:/home/user/roskit_ws/install/ranger_bringup:/home/user/roskit_ws/install/phidgets_msgs:/home/user/roskit_ws/install/libphidget22:/home/user/roskit_ws/install/hunter_msgs:/home/user/roskit_ws/install/gr_description:/home/user/roskit_ws/install/gr_bringup LD_LIBRARY_PATH=/home/user/roskit_ws/install/ouster_sensor_msgs/lib:/home/user/roskit_ws/install/tracer_msgs/lib:/home/user/roskit_ws/install/scout_msgs/lib:/home/user/roskit_ws/install/rslidar_msg/lib:/home/user/roskit_ws/install/ranger_msgs/lib:/home/user/roskit_ws/install/phidgets_msgs/lib:/home/user/roskit_ws/install/livox_sdk2/lib:/home/user/roskit_ws/install/libphidget22/opt/libphidget22/lib:/home/user/roskit_ws/install/hunter_msgs/lib:/usr/lib/x86_64-linux-gnu/gazebo-11/plugins:/opt/ros/humble/opt/rviz_ogre_vendor/lib:/opt/ros/humble/lib/x86_64-linux-gnu:/opt/ros/humble/lib /usr/bin/cmake --install /home/user/roskit_ws/build/ouster_ros
