[0.165s] Invoking command in '/home/user/roskit_ws/build/tracer_base': CMAKE_PREFIX_PATH=/opt/ros/humble:/home/user/roskit_ws/install/ugv_sdk:/home/user/roskit_ws/install/tracer_msgs:/home/user/roskit_ws/install/ublox_serialization:/home/user/roskit_ws/install/scout_msgs:/home/user/roskit_ws/install/scout_description:/home/user/roskit_ws/install/rslidar_msg:/home/user/roskit_ws/install/ranger_msgs:/home/user/roskit_ws/install/ranger_bringup:/home/user/roskit_ws/install/phidgets_msgs:/home/user/roskit_ws/install/ouster_sensor_msgs:/home/user/roskit_ws/install/libphidget22:/home/user/roskit_ws/install/hunter_msgs:/home/user/roskit_ws/install/gr_description:/home/user/roskit_ws/install/gr_bringup /usr/bin/cmake --build /home/user/roskit_ws/build/tracer_base -- -j16 -l16
[0.203s] [100%] Built target tracer_base_node
[0.286s] Invoked command in '/home/user/roskit_ws/build/tracer_base' returned '0': CMAKE_PREFIX_PATH=/opt/ros/humble:/home/user/roskit_ws/install/ugv_sdk:/home/user/roskit_ws/install/tracer_msgs:/home/user/roskit_ws/install/ublox_serialization:/home/user/roskit_ws/install/scout_msgs:/home/user/roskit_ws/install/scout_description:/home/user/roskit_ws/install/rslidar_msg:/home/user/roskit_ws/install/ranger_msgs:/home/user/roskit_ws/install/ranger_bringup:/home/user/roskit_ws/install/phidgets_msgs:/home/user/roskit_ws/install/ouster_sensor_msgs:/home/user/roskit_ws/install/libphidget22:/home/user/roskit_ws/install/hunter_msgs:/home/user/roskit_ws/install/gr_description:/home/user/roskit_ws/install/gr_bringup /usr/bin/cmake --build /home/user/roskit_ws/build/tracer_base -- -j16 -l16
[0.289s] Invoking command in '/home/user/roskit_ws/build/tracer_base': CMAKE_PREFIX_PATH=/opt/ros/humble:/home/user/roskit_ws/install/ugv_sdk:/home/user/roskit_ws/install/tracer_msgs:/home/user/roskit_ws/install/ublox_serialization:/home/user/roskit_ws/install/scout_msgs:/home/user/roskit_ws/install/scout_description:/home/user/roskit_ws/install/rslidar_msg:/home/user/roskit_ws/install/ranger_msgs:/home/user/roskit_ws/install/ranger_bringup:/home/user/roskit_ws/install/phidgets_msgs:/home/user/roskit_ws/install/ouster_sensor_msgs:/home/user/roskit_ws/install/libphidget22:/home/user/roskit_ws/install/hunter_msgs:/home/user/roskit_ws/install/gr_description:/home/user/roskit_ws/install/gr_bringup /usr/bin/cmake --install /home/user/roskit_ws/build/tracer_base
[0.293s] -- Install configuration: "Release"
[0.293s] -- Execute custom install script
[0.293s] -- Up-to-date symlink: /home/user/roskit_ws/install/tracer_base/lib/tracer_base/tracer_base_node
[0.293s] -- Up-to-date symlink: /home/user/roskit_ws/install/tracer_base/share/tracer_base//launch/tracer_base.launch.py
[0.293s] -- Up-to-date symlink: /home/user/roskit_ws/install/tracer_base/share/tracer_base//launch/tracer_mini_base.launch.py
[0.293s] -- Up-to-date symlink: /home/user/roskit_ws/install/tracer_base/share/ament_index/resource_index/package_run_dependencies/tracer_base
[0.293s] -- Up-to-date symlink: /home/user/roskit_ws/install/tracer_base/share/ament_index/resource_index/parent_prefix_path/tracer_base
[0.293s] -- Up-to-date symlink: /home/user/roskit_ws/install/tracer_base/share/tracer_base/environment/ament_prefix_path.sh
[0.293s] -- Up-to-date symlink: /home/user/roskit_ws/install/tracer_base/share/tracer_base/environment/ament_prefix_path.dsv
[0.293s] -- Up-to-date symlink: /home/user/roskit_ws/install/tracer_base/share/tracer_base/environment/path.sh
[0.293s] -- Up-to-date symlink: /home/user/roskit_ws/install/tracer_base/share/tracer_base/environment/path.dsv
[0.294s] -- Up-to-date symlink: /home/user/roskit_ws/install/tracer_base/share/tracer_base/local_setup.bash
[0.294s] -- Up-to-date symlink: /home/user/roskit_ws/install/tracer_base/share/tracer_base/local_setup.sh
[0.294s] -- Up-to-date symlink: /home/user/roskit_ws/install/tracer_base/share/tracer_base/local_setup.zsh
[0.294s] -- Up-to-date symlink: /home/user/roskit_ws/install/tracer_base/share/tracer_base/local_setup.dsv
[0.294s] -- Symlinking: /home/user/roskit_ws/install/tracer_base/share/tracer_base/package.dsv
[0.297s] -- Up-to-date symlink: /home/user/roskit_ws/install/tracer_base/share/ament_index/resource_index/packages/tracer_base
[0.297s] -- Up-to-date symlink: /home/user/roskit_ws/install/tracer_base/share/tracer_base/cmake/tracer_baseConfig.cmake
[0.297s] -- Up-to-date symlink: /home/user/roskit_ws/install/tracer_base/share/tracer_base/cmake/tracer_baseConfig-version.cmake
[0.297s] -- Up-to-date symlink: /home/user/roskit_ws/install/tracer_base/share/tracer_base/package.xml
[0.299s] Invoked command in '/home/user/roskit_ws/build/tracer_base' returned '0': CMAKE_PREFIX_PATH=/opt/ros/humble:/home/user/roskit_ws/install/ugv_sdk:/home/user/roskit_ws/install/tracer_msgs:/home/user/roskit_ws/install/ublox_serialization:/home/user/roskit_ws/install/scout_msgs:/home/user/roskit_ws/install/scout_description:/home/user/roskit_ws/install/rslidar_msg:/home/user/roskit_ws/install/ranger_msgs:/home/user/roskit_ws/install/ranger_bringup:/home/user/roskit_ws/install/phidgets_msgs:/home/user/roskit_ws/install/ouster_sensor_msgs:/home/user/roskit_ws/install/libphidget22:/home/user/roskit_ws/install/hunter_msgs:/home/user/roskit_ws/install/gr_description:/home/user/roskit_ws/install/gr_bringup /usr/bin/cmake --install /home/user/roskit_ws/build/tracer_base
