[0.042s] Invoking command in '/home/user/roskit_ws/build/tracer_base': CMAKE_PREFIX_PATH=/opt/ros/humble:/home/user/roskit_ws/install/ugv_sdk:/home/user/roskit_ws/install/tracer_msgs:/home/user/roskit_ws/install/ublox_serialization:/home/user/roskit_ws/install/scout_msgs:/home/user/roskit_ws/install/scout_description:/home/user/roskit_ws/install/rslidar_msg:/home/user/roskit_ws/install/ranger_msgs:/home/user/roskit_ws/install/ranger_bringup:/home/user/roskit_ws/install/phidgets_msgs:/home/user/roskit_ws/install/ouster_sensor_msgs:/home/user/roskit_ws/install/libphidget22:/home/user/roskit_ws/install/hunter_msgs:/home/user/roskit_ws/install/gr_description:/home/user/roskit_ws/install/gr_bringup /usr/bin/cmake /home/user/roskit_ws/src/tracer_ros2/tracer_base -DCMAKE_BUILD_TYPE=Release -DROS_EDITION=ROS2 -DHUMBLE_ROS=humble -DAMENT_CMAKE_SYMLINK_INSTALL=1 -DCMAKE_INSTALL_PREFIX=/home/user/roskit_ws/install/tracer_base
[0.211s] -- Found ament_cmake: 1.3.12 (/opt/ros/humble/share/ament_cmake/cmake)
[0.211s] -- Override CMake install command with custom implementation using symlinks instead of copying resources
[0.227s] -- Found rclcpp: 16.0.14 (/opt/ros/humble/share/rclcpp/cmake)
[0.268s] -- Found rosidl_generator_c: 3.1.7 (/opt/ros/humble/share/rosidl_generator_c/cmake)
[0.272s] -- Found rosidl_adapter: 3.1.7 (/opt/ros/humble/share/rosidl_adapter/cmake)
[0.281s] -- Found rosidl_generator_cpp: 3.1.7 (/opt/ros/humble/share/rosidl_generator_cpp/cmake)
[0.292s] -- Using all available rosidl_typesupport_c: rosidl_typesupport_fastrtps_c;rosidl_typesupport_introspection_c
[0.307s] -- Using all available rosidl_typesupport_cpp: rosidl_typesupport_fastrtps_cpp;rosidl_typesupport_introspection_cpp
[0.351s] -- Found rmw_implementation_cmake: 6.1.2 (/opt/ros/humble/share/rmw_implementation_cmake/cmake)
[0.354s] -- Found rmw_fastrtps_cpp: 6.2.8 (/opt/ros/humble/share/rmw_fastrtps_cpp/cmake)
[0.500s] -- Using RMW implementation 'rmw_fastrtps_cpp' as default
[0.555s] -- Found geometry_msgs: 4.9.0 (/opt/ros/humble/share/geometry_msgs/cmake)
[0.568s] -- Found nav_msgs: 4.9.0 (/opt/ros/humble/share/nav_msgs/cmake)
[0.584s] -- Found sensor_msgs: 4.9.0 (/opt/ros/humble/share/sensor_msgs/cmake)
[0.599s] -- Found tf2: 0.25.16 (/opt/ros/humble/share/tf2/cmake)
[0.604s] -- Found tf2_ros: 0.25.16 (/opt/ros/humble/share/tf2_ros/cmake)
[0.684s] -- Found tf2_geometry_msgs: 0.25.16 (/opt/ros/humble/share/tf2_geometry_msgs/cmake)
[0.687s] -- Found eigen3_cmake_module: 0.1.1 (/opt/ros/humble/share/eigen3_cmake_module/cmake)
[0.689s] -- Ensuring Eigen3 include directory is part of orocos-kdl CMake target
[0.691s] -- Found tracer_msgs: 0.1.0 (/home/user/roskit_ws/install/tracer_msgs/share/tracer_msgs/cmake)
[0.716s] -- Found ament_lint_auto: 0.12.14 (/opt/ros/humble/share/ament_lint_auto/cmake)
[0.793s] -- Added test 'copyright' to check source files copyright and LICENSE
[0.794s] -- Added test 'cppcheck' to perform static code analysis on C / C++ code
[0.794s] -- Configured cppcheck include dirs: /home/user/roskit_ws/src/tracer_ros2/tracer_base/include
[0.794s] -- Configured cppcheck exclude dirs and/or files: 
[0.795s] -- Added test 'cpplint' to check C / C++ code against the Google style
[0.795s] -- Configured cpplint exclude dirs and/or files: 
[0.796s] -- Added test 'flake8' to check Python code syntax and style conventions
[0.796s] -- Added test 'lint_cmake' to check CMake code style
[0.797s] -- Added test 'pep257' to check Python code against some of the docstring style conventions in PEP 257
[0.797s] -- Added test 'uncrustify' to check C / C++ code style
[0.797s] -- Configured uncrustify additional arguments: 
[0.798s] -- Added test 'xmllint' to check XML markup files
[0.799s] -- Configuring done
[0.814s] -- Generating done
[0.814s] [33mCMake Warning:
[0.815s]   Manually-specified variables were not used by the project:
[0.815s] 
[0.815s]     HUMBLE_ROS
[0.815s]     ROS_EDITION
[0.815s] 
[0.815s] [0m
[0.818s] -- Build files have been written to: /home/user/roskit_ws/build/tracer_base
[0.830s] Invoked command in '/home/user/roskit_ws/build/tracer_base' returned '0': CMAKE_PREFIX_PATH=/opt/ros/humble:/home/user/roskit_ws/install/ugv_sdk:/home/user/roskit_ws/install/tracer_msgs:/home/user/roskit_ws/install/ublox_serialization:/home/user/roskit_ws/install/scout_msgs:/home/user/roskit_ws/install/scout_description:/home/user/roskit_ws/install/rslidar_msg:/home/user/roskit_ws/install/ranger_msgs:/home/user/roskit_ws/install/ranger_bringup:/home/user/roskit_ws/install/phidgets_msgs:/home/user/roskit_ws/install/ouster_sensor_msgs:/home/user/roskit_ws/install/libphidget22:/home/user/roskit_ws/install/hunter_msgs:/home/user/roskit_ws/install/gr_description:/home/user/roskit_ws/install/gr_bringup /usr/bin/cmake /home/user/roskit_ws/src/tracer_ros2/tracer_base -DCMAKE_BUILD_TYPE=Release -DROS_EDITION=ROS2 -DHUMBLE_ROS=humble -DAMENT_CMAKE_SYMLINK_INSTALL=1 -DCMAKE_INSTALL_PREFIX=/home/user/roskit_ws/install/tracer_base
[0.831s] Invoking command in '/home/user/roskit_ws/build/tracer_base': CMAKE_PREFIX_PATH=/opt/ros/humble:/home/user/roskit_ws/install/ugv_sdk:/home/user/roskit_ws/install/tracer_msgs:/home/user/roskit_ws/install/ublox_serialization:/home/user/roskit_ws/install/scout_msgs:/home/user/roskit_ws/install/scout_description:/home/user/roskit_ws/install/rslidar_msg:/home/user/roskit_ws/install/ranger_msgs:/home/user/roskit_ws/install/ranger_bringup:/home/user/roskit_ws/install/phidgets_msgs:/home/user/roskit_ws/install/ouster_sensor_msgs:/home/user/roskit_ws/install/libphidget22:/home/user/roskit_ws/install/hunter_msgs:/home/user/roskit_ws/install/gr_description:/home/user/roskit_ws/install/gr_bringup /usr/bin/cmake --build /home/user/roskit_ws/build/tracer_base -- -j16 -l16
[1.565s] [ 66%] [32mBuilding CXX object CMakeFiles/tracer_base_node.dir/src/tracer_base_ros.cpp.o[0m
[1.565s] [ 66%] [32mBuilding CXX object CMakeFiles/tracer_base_node.dir/src/tracer_base_node.cpp.o[0m
[16.139s] In file included from [01m[K/home/user/roskit_ws/src/tracer_ros2/tracer_base/include/tracer_base/tracer_messenger.hpp:21[m[K,
[16.140s]                  from [01m[K/home/user/roskit_ws/src/tracer_ros2/tracer_base/src/tracer_base_ros.cpp:12[m[K:
[16.140s] [01m[K/opt/ros/humble/include/tf2_geometry_msgs/tf2_geometry_msgs/tf2_geometry_msgs.h:35:2:[m[K [01;35m[Kwarning: [m[K#warning This header is obsolete, please include tf2_geometry_msgs/tf2_geometry_msgs.hpp instead [[01;35m[K-Wcpp[m[K]
[16.140s]    35 | #[01;35m[Kwarning[m[K This header is obsolete, please include tf2_geometry_msgs/tf2_geometry_msgs.hpp instead
[16.140s]       |  [01;35m[K^~~~~~~[m[K
[16.140s] In file included from [01m[K/home/user/roskit_ws/src/tracer_ros2/tracer_base/src/tracer_base_ros.cpp:12[m[K:
[16.140s] [01m[K/home/user/roskit_ws/src/tracer_ros2/tracer_base/include/tracer_base/tracer_messenger.hpp:[m[K In member function ‘[01m[Kvoid westonrobot::TracerMessenger<TracerType>::LightCmdCallback(tracer_msgs::msg::TracerLightCmd_<std::allocator<void> >::SharedPtr) [with TracerType = westonrobot::TracerBaseV2][m[K’:
[16.140s] [01m[K/home/user/roskit_ws/src/tracer_ros2/tracer_base/include/tracer_base/tracer_messenger.hpp:232:33:[m[K [01;35m[Kwarning: [m[K‘[01m[Kcmd.LightCommandMessage::front_light.AgxLightOperation::custom_value[m[K’ may be used uninitialized in this function [[01;35m[K-Wmaybe-uninitialized[m[K]
[16.140s]   232 |         [01;35m[Ktracer_->SetLightCommand(cmd.front_light.mode,cmd.front_light.custom_value)[m[K;
[16.140s]       |         [01;35m[K~~~~~~~~~~~~~~~~~~~~~~~~^~~~~~~~~~~~~~~~~~~~~~~~~~~~~~~~~~~~~~~~~~~~~~~~~~~[m[K
[16.208s] [100%] [32m[1mLinking CXX executable tracer_base_node[0m
[16.674s] [100%] Built target tracer_base_node
[16.743s] Invoked command in '/home/user/roskit_ws/build/tracer_base' returned '0': CMAKE_PREFIX_PATH=/opt/ros/humble:/home/user/roskit_ws/install/ugv_sdk:/home/user/roskit_ws/install/tracer_msgs:/home/user/roskit_ws/install/ublox_serialization:/home/user/roskit_ws/install/scout_msgs:/home/user/roskit_ws/install/scout_description:/home/user/roskit_ws/install/rslidar_msg:/home/user/roskit_ws/install/ranger_msgs:/home/user/roskit_ws/install/ranger_bringup:/home/user/roskit_ws/install/phidgets_msgs:/home/user/roskit_ws/install/ouster_sensor_msgs:/home/user/roskit_ws/install/libphidget22:/home/user/roskit_ws/install/hunter_msgs:/home/user/roskit_ws/install/gr_description:/home/user/roskit_ws/install/gr_bringup /usr/bin/cmake --build /home/user/roskit_ws/build/tracer_base -- -j16 -l16
[16.750s] Invoking command in '/home/user/roskit_ws/build/tracer_base': CMAKE_PREFIX_PATH=/opt/ros/humble:/home/user/roskit_ws/install/ugv_sdk:/home/user/roskit_ws/install/tracer_msgs:/home/user/roskit_ws/install/ublox_serialization:/home/user/roskit_ws/install/scout_msgs:/home/user/roskit_ws/install/scout_description:/home/user/roskit_ws/install/rslidar_msg:/home/user/roskit_ws/install/ranger_msgs:/home/user/roskit_ws/install/ranger_bringup:/home/user/roskit_ws/install/phidgets_msgs:/home/user/roskit_ws/install/ouster_sensor_msgs:/home/user/roskit_ws/install/libphidget22:/home/user/roskit_ws/install/hunter_msgs:/home/user/roskit_ws/install/gr_description:/home/user/roskit_ws/install/gr_bringup /usr/bin/cmake --install /home/user/roskit_ws/build/tracer_base
[16.788s] -- Install configuration: "Release"
[16.791s] -- Execute custom install script
[16.793s] -- Symlinking: /home/user/roskit_ws/install/tracer_base/lib/tracer_base/tracer_base_node
[16.838s] -- Symlinking: /home/user/roskit_ws/install/tracer_base/share/tracer_base//launch/tracer_base.launch.py
[16.860s] -- Symlinking: /home/user/roskit_ws/install/tracer_base/share/tracer_base//launch/tracer_mini_base.launch.py
[16.898s] -- Symlinking: /home/user/roskit_ws/install/tracer_base/share/ament_index/resource_index/package_run_dependencies/tracer_base
[16.941s] -- Symlinking: /home/user/roskit_ws/install/tracer_base/share/ament_index/resource_index/parent_prefix_path/tracer_base
[16.988s] -- Symlinking: /home/user/roskit_ws/install/tracer_base/share/tracer_base/environment/ament_prefix_path.sh
[17.035s] -- Symlinking: /home/user/roskit_ws/install/tracer_base/share/tracer_base/environment/ament_prefix_path.dsv
[17.089s] -- Symlinking: /home/user/roskit_ws/install/tracer_base/share/tracer_base/environment/path.sh
[17.121s] -- Symlinking: /home/user/roskit_ws/install/tracer_base/share/tracer_base/environment/path.dsv
[17.170s] -- Symlinking: /home/user/roskit_ws/install/tracer_base/share/tracer_base/local_setup.bash
[17.216s] -- Symlinking: /home/user/roskit_ws/install/tracer_base/share/tracer_base/local_setup.sh
[17.266s] -- Symlinking: /home/user/roskit_ws/install/tracer_base/share/tracer_base/local_setup.zsh
[17.303s] -- Symlinking: /home/user/roskit_ws/install/tracer_base/share/tracer_base/local_setup.dsv
[17.355s] -- Symlinking: /home/user/roskit_ws/install/tracer_base/share/tracer_base/package.dsv
[17.401s] -- Symlinking: /home/user/roskit_ws/install/tracer_base/share/ament_index/resource_index/packages/tracer_base
[17.435s] -- Symlinking: /home/user/roskit_ws/install/tracer_base/share/tracer_base/cmake/tracer_baseConfig.cmake
[17.491s] -- Symlinking: /home/user/roskit_ws/install/tracer_base/share/tracer_base/cmake/tracer_baseConfig-version.cmake
[17.561s] -- Symlinking: /home/user/roskit_ws/install/tracer_base/share/tracer_base/package.xml
[17.624s] Invoked command in '/home/user/roskit_ws/build/tracer_base' returned '0': CMAKE_PREFIX_PATH=/opt/ros/humble:/home/user/roskit_ws/install/ugv_sdk:/home/user/roskit_ws/install/tracer_msgs:/home/user/roskit_ws/install/ublox_serialization:/home/user/roskit_ws/install/scout_msgs:/home/user/roskit_ws/install/scout_description:/home/user/roskit_ws/install/rslidar_msg:/home/user/roskit_ws/install/ranger_msgs:/home/user/roskit_ws/install/ranger_bringup:/home/user/roskit_ws/install/phidgets_msgs:/home/user/roskit_ws/install/ouster_sensor_msgs:/home/user/roskit_ws/install/libphidget22:/home/user/roskit_ws/install/hunter_msgs:/home/user/roskit_ws/install/gr_description:/home/user/roskit_ws/install/gr_bringup /usr/bin/cmake --install /home/user/roskit_ws/build/tracer_base
