[0.029s] Invoking command in '/home/user/roskit_ws/build/ublox_serialization': /usr/bin/cmake /home/user/roskit_ws/src/ros2-ublox-zedf9p/ublox_serialization -DCMAKE_BUILD_TYPE=Release -DAMENT_CMAKE_SYMLINK_INSTALL=1 -DCMAKE_INSTALL_PREFIX=/home/user/roskit_ws/install/ublox_serialization
[0.079s] -- The C compiler identification is GNU 11.4.0
[0.119s] -- The CXX compiler identification is GNU 11.4.0
[0.125s] -- Detecting C compiler ABI info
[0.168s] -- Detecting C compiler ABI info - done
[0.177s] -- Check for working C compiler: /usr/lib/ccache/cc - skipped
[0.177s] -- Detecting C compile features
[0.177s] -- Detecting C compile features - done
[0.177s] -- Detecting CXX compiler ABI info
[0.231s] -- Detecting CXX compiler ABI info - done
[0.236s] -- Check for working CXX compiler: /usr/lib/ccache/c++ - skipped
[0.236s] -- Detecting CXX compile features
[0.236s] -- Detecting CXX compile features - done
[0.243s] -- Configuring incomplete, errors occurred!
[0.243s] See also "/home/user/roskit_ws/build/ublox_serialization/CMakeFiles/CMakeOutput.log".
[0.245s] [31mCMake Error at CMakeLists.txt:5 (find_package):
[0.245s]   By not providing "Findament_cmake.cmake" in CMAKE_MODULE_PATH this project
[0.245s]   has asked CMake to find a package configuration file provided by
[0.245s]   "ament_cmake", but CMake did not find one.
[0.245s] 
[0.245s]   Could not find a package configuration file provided by "ament_cmake" with
[0.245s]   any of the following names:
[0.245s] 
[0.245s]     ament_cmakeConfig.cmake
[0.245s]     ament_cmake-config.cmake
[0.245s] 
[0.245s]   Add the installation prefix of "ament_cmake" to CMAKE_PREFIX_PATH or set
[0.245s]   "ament_cmake_DIR" to a directory containing one of the above files.  If
[0.245s]   "ament_cmake" provides a separate development package or SDK, be sure it
[0.245s]   has been installed.
[0.245s] 
[0.245s] [0m
[0.250s] Invoked command in '/home/user/roskit_ws/build/ublox_serialization' returned '1': /usr/bin/cmake /home/user/roskit_ws/src/ros2-ublox-zedf9p/ublox_serialization -DCMAKE_BUILD_TYPE=Release -DAMENT_CMAKE_SYMLINK_INSTALL=1 -DCMAKE_INSTALL_PREFIX=/home/user/roskit_ws/install/ublox_serialization
