[0.027s] Invoking command in '/home/user/roskit_ws/build/ranger_msgs': /usr/bin/cmake /home/user/roskit_ws/src/ranger_mini_v2/ranger_msgs -DCMAKE_BUILD_TYPE=Release -DAMENT_CMAKE_SYMLINK_INSTALL=1 -DCMAKE_INSTALL_PREFIX=/home/user/roskit_ws/install/ranger_msgs
[0.076s] -- The C compiler identification is GNU 11.4.0
[0.172s] -- The CXX compiler identification is GNU 11.4.0
[0.180s] -- Detecting C compiler ABI info
[0.226s] -- Detecting C compiler ABI info - done
[0.229s] -- Check for working C compiler: /usr/lib/ccache/cc - skipped
[0.229s] -- Detecting C compile features
[0.231s] -- Detecting C compile features - done
[0.232s] -- Detecting CXX compiler ABI info
[0.292s] -- Detecting CXX compiler ABI info - done
[0.297s] -- Check for working CXX compiler: /usr/lib/ccache/c++ - skipped
[0.297s] -- Detecting CXX compile features
[0.298s] -- Detecting CXX compile features - done
[0.310s] [31mCMake Error at CMakeLists.txt:14 (find_package):
[0.311s]   By not providing "Findament_cmake.cmake" in CMAKE_MODULE_PATH this project
[0.311s]   has asked CMake to find a package configuration file provided by
[0.311s]   "ament_cmake", but CMake did not find one.
[0.311s] 
[0.311s]   Could not find a package configuration file provided by "ament_cmake" with
[0.311s]   any of the following names:
[0.311s] 
[0.311s]     ament_cmakeConfig.cmake
[0.312s]     ament_cmake-config.cmake
[0.312s] 
[0.312s]   Add the installation prefix of "ament_cmake" to CMAKE_PREFIX_PATH or set
[0.312s]   "ament_cmake_DIR" to a directory containing one of the above files.  If
[0.312s]   "ament_cmake" provides a separate development package or SDK, be sure it
[0.313s]   has been installed.
[0.313s] 
[0.313s] [0m
[0.313s] -- Configuring incomplete, errors occurred!
[0.313s] See also "/home/user/roskit_ws/build/ranger_msgs/CMakeFiles/CMakeOutput.log".
