[0.037s] Invoking command in '/home/user/roskit_ws/build/tracer_msgs': CMAKE_PREFIX_PATH=/opt/ros/humble:${CMAKE_PREFIX_PATH} /usr/bin/cmake /home/user/roskit_ws/src/tracer_ros2/tracer_msgs -DCMAKE_BUILD_TYPE=Release -DROS_EDITION=ROS2 -DHUMBLE_ROS=humble -DAMENT_CMAKE_SYMLINK_INSTALL=1 -DCMAKE_INSTALL_PREFIX=/home/user/roskit_ws/install/tracer_msgs
[0.063s] -- Found ament_cmake: 1.3.12 (/opt/ros/humble/share/ament_cmake/cmake)
[0.143s] -- Override CMake install command with custom implementation using symlinks instead of copying resources
[0.148s] -- Found builtin_interfaces: 1.2.2 (/opt/ros/humble/share/builtin_interfaces/cmake)
[0.177s] -- Found rosidl_generator_c: 3.1.7 (/opt/ros/humble/share/rosidl_generator_c/cmake)
[0.179s] -- Found rosidl_adapter: 3.1.7 (/opt/ros/humble/share/rosidl_adapter/cmake)
[0.195s] -- Found rosidl_generator_cpp: 3.1.7 (/opt/ros/humble/share/rosidl_generator_cpp/cmake)
[0.212s] -- Using all available rosidl_typesupport_c: rosidl_typesupport_fastrtps_c;rosidl_typesupport_introspection_c
[0.225s] -- Using all available rosidl_typesupport_cpp: rosidl_typesupport_fastrtps_cpp;rosidl_typesupport_introspection_cpp
[0.235s] -- Found rosidl_default_generators: 1.2.0 (/opt/ros/humble/share/rosidl_default_generators/cmake)
[0.240s] -- Found std_msgs: 4.9.0 (/opt/ros/humble/share/std_msgs/cmake)
[0.452s] -- Found ament_cmake_ros: 0.10.0 (/opt/ros/humble/share/ament_cmake_ros/cmake)
[0.672s] -- Using all available rosidl_typesupport_c: rosidl_typesupport_fastrtps_c;rosidl_typesupport_introspection_c
[0.771s] -- Using all available rosidl_typesupport_cpp: rosidl_typesupport_fastrtps_cpp;rosidl_typesupport_introspection_cpp
[0.782s] -- Found python_cmake_module: 0.10.0 (/opt/ros/humble/share/python_cmake_module/cmake)
[0.797s] -- Using PYTHON_EXECUTABLE: /usr/bin/python3
[0.797s] -- Using PYTHON_INCLUDE_DIRS: /usr/include/python3.10
[0.798s] -- Using PYTHON_LIBRARIES: /usr/lib/x86_64-linux-gnu/libpython3.10.so
[0.818s] -- Found ament_lint_auto: 0.12.14 (/opt/ros/humble/share/ament_lint_auto/cmake)
[0.824s] -- Added test 'copyright' to check source files copyright and LICENSE
[0.825s] -- Added test 'lint_cmake' to check CMake code style
[0.825s] -- Added test 'xmllint' to check XML markup files
[0.827s] -- Configuring done
[0.852s] -- Generating done
[0.854s] [33mCMake Warning:
[0.854s]   Manually-specified variables were not used by the project:
[0.854s] 
[0.854s]     HUMBLE_ROS
[0.854s]     ROS_EDITION
[0.854s] 
[0.854s] [0m
[0.866s] -- Build files have been written to: /home/user/roskit_ws/build/tracer_msgs
[0.868s] Invoked command in '/home/user/roskit_ws/build/tracer_msgs' returned '0': CMAKE_PREFIX_PATH=/opt/ros/humble:${CMAKE_PREFIX_PATH} /usr/bin/cmake /home/user/roskit_ws/src/tracer_ros2/tracer_msgs -DCMAKE_BUILD_TYPE=Release -DROS_EDITION=ROS2 -DHUMBLE_ROS=humble -DAMENT_CMAKE_SYMLINK_INSTALL=1 -DCMAKE_INSTALL_PREFIX=/home/user/roskit_ws/install/tracer_msgs
[0.868s] Invoking command in '/home/user/roskit_ws/build/tracer_msgs': CMAKE_PREFIX_PATH=/opt/ros/humble:${CMAKE_PREFIX_PATH} /usr/bin/cmake --build /home/user/roskit_ws/build/tracer_msgs -- -j16 -l16
[1.264s] [35m[1mConsolidate compiler generated dependencies of target tracer_msgs__rosidl_generator_c[0m
[1.265s] [ 11%] Built target tracer_msgs__rosidl_generator_c
[1.265s] [ 12%] Built target tracer_msgs__cpp
[1.265s] [35m[1mConsolidate compiler generated dependencies of target tracer_msgs__rosidl_typesupport_introspection_c[0m
[1.265s] [ 12%] Built target ament_cmake_python_symlink_tracer_msgs
[1.265s] [35m[1mConsolidate compiler generated dependencies of target tracer_msgs__rosidl_typesupport_fastrtps_c[0m
[1.265s] [35m[1mConsolidate compiler generated dependencies of target tracer_msgs__rosidl_typesupport_c[0m
[1.265s] [35m[1mConsolidate compiler generated dependencies of target tracer_msgs__rosidl_typesupport_introspection_cpp[0m
[1.265s] [35m[1mConsolidate compiler generated dependencies of target tracer_msgs__rosidl_typesupport_cpp[0m
[1.265s] [35m[1mConsolidate compiler generated dependencies of target tracer_msgs__rosidl_typesupport_fastrtps_cpp[0m
[1.265s] [ 23%] Built target tracer_msgs__rosidl_typesupport_introspection_c
[1.265s] [ 34%] Built target tracer_msgs__rosidl_typesupport_cpp
[1.265s] [ 46%] Built target tracer_msgs__rosidl_typesupport_fastrtps_cpp
[1.265s] [ 68%] Built target tracer_msgs__rosidl_typesupport_introspection_cpp
[1.265s] [ 68%] Built target tracer_msgs__rosidl_typesupport_fastrtps_c
[1.265s] [ 79%] Built target tracer_msgs__rosidl_typesupport_c
[1.265s] [ 79%] Built target tracer_msgs
[1.265s] [ 80%] Built target tracer_msgs__py
[1.265s] [35m[1mConsolidate compiler generated dependencies of target tracer_msgs__rosidl_generator_py[0m
[1.265s] [ 90%] Built target tracer_msgs__rosidl_generator_py
[1.265s] [35m[1mConsolidate compiler generated dependencies of target tracer_msgs__rosidl_typesupport_introspection_c__pyext[0m
[1.265s] [35m[1mConsolidate compiler generated dependencies of target tracer_msgs__rosidl_typesupport_c__pyext[0m
[1.265s] [35m[1mConsolidate compiler generated dependencies of target tracer_msgs__rosidl_typesupport_fastrtps_c__pyext[0m
[1.265s] running egg_info
[1.266s] writing tracer_msgs.egg-info/PKG-INFO
[1.266s] writing dependency_links to tracer_msgs.egg-info/dependency_links.txt
[1.266s] writing top-level names to tracer_msgs.egg-info/top_level.txt
[1.266s] [ 93%] Built target tracer_msgs__rosidl_typesupport_c__pyext
[1.267s] reading manifest file 'tracer_msgs.egg-info/SOURCES.txt'
[1.267s] writing manifest file 'tracer_msgs.egg-info/SOURCES.txt'
[1.267s] [ 96%] Built target tracer_msgs__rosidl_typesupport_introspection_c__pyext
[1.267s] [100%] Built target tracer_msgs__rosidl_typesupport_fastrtps_c__pyext
[1.267s] [100%] Built target ament_cmake_python_build_tracer_msgs_egg
[1.277s] Invoked command in '/home/user/roskit_ws/build/tracer_msgs' returned '0': CMAKE_PREFIX_PATH=/opt/ros/humble:${CMAKE_PREFIX_PATH} /usr/bin/cmake --build /home/user/roskit_ws/build/tracer_msgs -- -j16 -l16
[1.277s] Invoking command in '/home/user/roskit_ws/build/tracer_msgs': CMAKE_PREFIX_PATH=/opt/ros/humble:${CMAKE_PREFIX_PATH} /usr/bin/cmake --install /home/user/roskit_ws/build/tracer_msgs
[1.407s] -- Install configuration: "Release"
[1.407s] -- Execute custom install script
[1.408s] -- Up-to-date symlink: /home/user/roskit_ws/install/tracer_msgs/share/ament_index/resource_index/rosidl_interfaces/tracer_msgs
[1.408s] -- Up-to-date symlink: /home/user/roskit_ws/install/tracer_msgs/include/tracer_msgs/tracer_msgs/msg/detail/tracer_actuator_state__functions.h
[1.408s] -- Up-to-date symlink: /home/user/roskit_ws/install/tracer_msgs/include/tracer_msgs/tracer_msgs/msg/detail/tracer_actuator_state__struct.h
[1.408s] -- Up-to-date symlink: /home/user/roskit_ws/install/tracer_msgs/include/tracer_msgs/tracer_msgs/msg/detail/tracer_actuator_state__type_support.h
[1.408s] -- Up-to-date symlink: /home/user/roskit_ws/install/tracer_msgs/include/tracer_msgs/tracer_msgs/msg/detail/tracer_light_cmd__functions.h
[1.408s] -- Up-to-date symlink: /home/user/roskit_ws/install/tracer_msgs/include/tracer_msgs/tracer_msgs/msg/detail/tracer_light_cmd__struct.h
[1.408s] -- Up-to-date symlink: /home/user/roskit_ws/install/tracer_msgs/include/tracer_msgs/tracer_msgs/msg/detail/tracer_light_cmd__type_support.h
[1.408s] -- Up-to-date symlink: /home/user/roskit_ws/install/tracer_msgs/include/tracer_msgs/tracer_msgs/msg/detail/tracer_light_state__functions.h
[1.408s] -- Up-to-date symlink: /home/user/roskit_ws/install/tracer_msgs/include/tracer_msgs/tracer_msgs/msg/detail/tracer_light_state__struct.h
[1.408s] -- Up-to-date symlink: /home/user/roskit_ws/install/tracer_msgs/include/tracer_msgs/tracer_msgs/msg/detail/tracer_light_state__type_support.h
[1.408s] -- Up-to-date symlink: /home/user/roskit_ws/install/tracer_msgs/include/tracer_msgs/tracer_msgs/msg/detail/tracer_rc_state__functions.h
[1.408s] -- Up-to-date symlink: /home/user/roskit_ws/install/tracer_msgs/include/tracer_msgs/tracer_msgs/msg/detail/tracer_rc_state__struct.h
[1.408s] -- Up-to-date symlink: /home/user/roskit_ws/install/tracer_msgs/include/tracer_msgs/tracer_msgs/msg/detail/tracer_rc_state__type_support.h
[1.408s] -- Up-to-date symlink: /home/user/roskit_ws/install/tracer_msgs/include/tracer_msgs/tracer_msgs/msg/detail/tracer_status__functions.h
[1.408s] -- Up-to-date symlink: /home/user/roskit_ws/install/tracer_msgs/include/tracer_msgs/tracer_msgs/msg/detail/tracer_status__struct.h
[1.408s] -- Up-to-date symlink: /home/user/roskit_ws/install/tracer_msgs/include/tracer_msgs/tracer_msgs/msg/detail/tracer_status__type_support.h
[1.408s] -- Up-to-date symlink: /home/user/roskit_ws/install/tracer_msgs/include/tracer_msgs/tracer_msgs/msg/rosidl_generator_c__visibility_control.h
[1.408s] -- Up-to-date symlink: /home/user/roskit_ws/install/tracer_msgs/include/tracer_msgs/tracer_msgs/msg/tracer_actuator_state.h
[1.408s] -- Up-to-date symlink: /home/user/roskit_ws/install/tracer_msgs/include/tracer_msgs/tracer_msgs/msg/tracer_light_cmd.h
[1.408s] -- Up-to-date symlink: /home/user/roskit_ws/install/tracer_msgs/include/tracer_msgs/tracer_msgs/msg/tracer_light_state.h
[1.409s] -- Up-to-date symlink: /home/user/roskit_ws/install/tracer_msgs/include/tracer_msgs/tracer_msgs/msg/tracer_rc_state.h
[1.409s] -- Up-to-date symlink: /home/user/roskit_ws/install/tracer_msgs/include/tracer_msgs/tracer_msgs/msg/tracer_status.h
[1.409s] -- Up-to-date symlink: /home/user/roskit_ws/install/tracer_msgs/share/tracer_msgs/environment/library_path.sh
[1.409s] -- Up-to-date symlink: /home/user/roskit_ws/install/tracer_msgs/share/tracer_msgs/environment/library_path.dsv
[1.409s] -- Up-to-date symlink: /home/user/roskit_ws/install/tracer_msgs/include/tracer_msgs/tracer_msgs/msg/detail/tracer_actuator_state__rosidl_typesupport_fastrtps_c.h
[1.409s] -- Up-to-date symlink: /home/user/roskit_ws/install/tracer_msgs/include/tracer_msgs/tracer_msgs/msg/detail/tracer_light_cmd__rosidl_typesupport_fastrtps_c.h
[1.410s] -- Up-to-date symlink: /home/user/roskit_ws/install/tracer_msgs/include/tracer_msgs/tracer_msgs/msg/detail/tracer_light_state__rosidl_typesupport_fastrtps_c.h
[1.410s] -- Up-to-date symlink: /home/user/roskit_ws/install/tracer_msgs/include/tracer_msgs/tracer_msgs/msg/detail/tracer_rc_state__rosidl_typesupport_fastrtps_c.h
[1.410s] -- Up-to-date symlink: /home/user/roskit_ws/install/tracer_msgs/include/tracer_msgs/tracer_msgs/msg/detail/tracer_status__rosidl_typesupport_fastrtps_c.h
[1.410s] -- Up-to-date symlink: /home/user/roskit_ws/install/tracer_msgs/include/tracer_msgs/tracer_msgs/msg/rosidl_typesupport_fastrtps_c__visibility_control.h
[1.410s] -- Up-to-date symlink: /home/user/roskit_ws/install/tracer_msgs/include/tracer_msgs/tracer_msgs/msg/detail/tracer_actuator_state__builder.hpp
[1.410s] -- Up-to-date symlink: /home/user/roskit_ws/install/tracer_msgs/include/tracer_msgs/tracer_msgs/msg/detail/tracer_actuator_state__struct.hpp
[1.410s] -- Up-to-date symlink: /home/user/roskit_ws/install/tracer_msgs/include/tracer_msgs/tracer_msgs/msg/detail/tracer_actuator_state__traits.hpp
[1.410s] -- Up-to-date symlink: /home/user/roskit_ws/install/tracer_msgs/include/tracer_msgs/tracer_msgs/msg/detail/tracer_actuator_state__type_support.hpp
[1.410s] -- Up-to-date symlink: /home/user/roskit_ws/install/tracer_msgs/include/tracer_msgs/tracer_msgs/msg/detail/tracer_light_cmd__builder.hpp
[1.410s] -- Up-to-date symlink: /home/user/roskit_ws/install/tracer_msgs/include/tracer_msgs/tracer_msgs/msg/detail/tracer_light_cmd__struct.hpp
[1.410s] -- Up-to-date symlink: /home/user/roskit_ws/install/tracer_msgs/include/tracer_msgs/tracer_msgs/msg/detail/tracer_light_cmd__traits.hpp
[1.410s] -- Up-to-date symlink: /home/user/roskit_ws/install/tracer_msgs/include/tracer_msgs/tracer_msgs/msg/detail/tracer_light_cmd__type_support.hpp
[1.410s] -- Up-to-date symlink: /home/user/roskit_ws/install/tracer_msgs/include/tracer_msgs/tracer_msgs/msg/detail/tracer_light_state__builder.hpp
[1.410s] -- Up-to-date symlink: /home/user/roskit_ws/install/tracer_msgs/include/tracer_msgs/tracer_msgs/msg/detail/tracer_light_state__struct.hpp
[1.411s] -- Up-to-date symlink: /home/user/roskit_ws/install/tracer_msgs/include/tracer_msgs/tracer_msgs/msg/detail/tracer_light_state__traits.hpp
[1.411s] -- Up-to-date symlink: /home/user/roskit_ws/install/tracer_msgs/include/tracer_msgs/tracer_msgs/msg/detail/tracer_light_state__type_support.hpp
[1.411s] -- Up-to-date symlink: /home/user/roskit_ws/install/tracer_msgs/include/tracer_msgs/tracer_msgs/msg/detail/tracer_rc_state__builder.hpp
[1.411s] -- Up-to-date symlink: /home/user/roskit_ws/install/tracer_msgs/include/tracer_msgs/tracer_msgs/msg/detail/tracer_rc_state__struct.hpp
[1.411s] -- Up-to-date symlink: /home/user/roskit_ws/install/tracer_msgs/include/tracer_msgs/tracer_msgs/msg/detail/tracer_rc_state__traits.hpp
[1.411s] -- Up-to-date symlink: /home/user/roskit_ws/install/tracer_msgs/include/tracer_msgs/tracer_msgs/msg/detail/tracer_rc_state__type_support.hpp
[1.411s] -- Up-to-date symlink: /home/user/roskit_ws/install/tracer_msgs/include/tracer_msgs/tracer_msgs/msg/detail/tracer_status__builder.hpp
[1.411s] -- Up-to-date symlink: /home/user/roskit_ws/install/tracer_msgs/include/tracer_msgs/tracer_msgs/msg/detail/tracer_status__struct.hpp
[1.411s] -- Up-to-date symlink: /home/user/roskit_ws/install/tracer_msgs/include/tracer_msgs/tracer_msgs/msg/detail/tracer_status__traits.hpp
[1.411s] -- Up-to-date symlink: /home/user/roskit_ws/install/tracer_msgs/include/tracer_msgs/tracer_msgs/msg/detail/tracer_status__type_support.hpp
[1.411s] -- Up-to-date symlink: /home/user/roskit_ws/install/tracer_msgs/include/tracer_msgs/tracer_msgs/msg/rosidl_generator_cpp__visibility_control.hpp
[1.411s] -- Up-to-date symlink: /home/user/roskit_ws/install/tracer_msgs/include/tracer_msgs/tracer_msgs/msg/tracer_actuator_state.hpp
[1.411s] -- Up-to-date symlink: /home/user/roskit_ws/install/tracer_msgs/include/tracer_msgs/tracer_msgs/msg/tracer_light_cmd.hpp
[1.411s] -- Up-to-date symlink: /home/user/roskit_ws/install/tracer_msgs/include/tracer_msgs/tracer_msgs/msg/tracer_light_state.hpp
[1.411s] -- Up-to-date symlink: /home/user/roskit_ws/install/tracer_msgs/include/tracer_msgs/tracer_msgs/msg/tracer_rc_state.hpp
[1.411s] -- Up-to-date symlink: /home/user/roskit_ws/install/tracer_msgs/include/tracer_msgs/tracer_msgs/msg/tracer_status.hpp
[1.411s] -- Up-to-date symlink: /home/user/roskit_ws/install/tracer_msgs/include/tracer_msgs/tracer_msgs/msg/detail/tracer_actuator_state__rosidl_typesupport_fastrtps_cpp.hpp
[1.411s] -- Up-to-date symlink: /home/user/roskit_ws/install/tracer_msgs/include/tracer_msgs/tracer_msgs/msg/detail/tracer_light_cmd__rosidl_typesupport_fastrtps_cpp.hpp
[1.411s] -- Up-to-date symlink: /home/user/roskit_ws/install/tracer_msgs/include/tracer_msgs/tracer_msgs/msg/detail/tracer_light_state__rosidl_typesupport_fastrtps_cpp.hpp
[1.411s] -- Up-to-date symlink: /home/user/roskit_ws/install/tracer_msgs/include/tracer_msgs/tracer_msgs/msg/detail/tracer_rc_state__rosidl_typesupport_fastrtps_cpp.hpp
[1.411s] -- Up-to-date symlink: /home/user/roskit_ws/install/tracer_msgs/include/tracer_msgs/tracer_msgs/msg/detail/tracer_status__rosidl_typesupport_fastrtps_cpp.hpp
[1.411s] -- Up-to-date symlink: /home/user/roskit_ws/install/tracer_msgs/include/tracer_msgs/tracer_msgs/msg/rosidl_typesupport_fastrtps_cpp__visibility_control.h
[1.411s] -- Up-to-date symlink: /home/user/roskit_ws/install/tracer_msgs/include/tracer_msgs/tracer_msgs/msg/detail/tracer_actuator_state__rosidl_typesupport_introspection_c.h
[1.411s] -- Up-to-date symlink: /home/user/roskit_ws/install/tracer_msgs/include/tracer_msgs/tracer_msgs/msg/detail/tracer_light_cmd__rosidl_typesupport_introspection_c.h
[1.411s] -- Up-to-date symlink: /home/user/roskit_ws/install/tracer_msgs/include/tracer_msgs/tracer_msgs/msg/detail/tracer_light_state__rosidl_typesupport_introspection_c.h
[1.411s] -- Up-to-date symlink: /home/user/roskit_ws/install/tracer_msgs/include/tracer_msgs/tracer_msgs/msg/detail/tracer_rc_state__rosidl_typesupport_introspection_c.h
[1.411s] -- Up-to-date symlink: /home/user/roskit_ws/install/tracer_msgs/include/tracer_msgs/tracer_msgs/msg/detail/tracer_status__rosidl_typesupport_introspection_c.h
[1.411s] -- Up-to-date symlink: /home/user/roskit_ws/install/tracer_msgs/include/tracer_msgs/tracer_msgs/msg/rosidl_typesupport_introspection_c__visibility_control.h
[1.411s] -- Up-to-date symlink: /home/user/roskit_ws/install/tracer_msgs/include/tracer_msgs/tracer_msgs/msg/detail/tracer_actuator_state__rosidl_typesupport_introspection_cpp.hpp
[1.412s] -- Up-to-date symlink: /home/user/roskit_ws/install/tracer_msgs/include/tracer_msgs/tracer_msgs/msg/detail/tracer_light_cmd__rosidl_typesupport_introspection_cpp.hpp
[1.412s] -- Up-to-date symlink: /home/user/roskit_ws/install/tracer_msgs/include/tracer_msgs/tracer_msgs/msg/detail/tracer_light_state__rosidl_typesupport_introspection_cpp.hpp
[1.412s] -- Up-to-date symlink: /home/user/roskit_ws/install/tracer_msgs/include/tracer_msgs/tracer_msgs/msg/detail/tracer_rc_state__rosidl_typesupport_introspection_cpp.hpp
[1.412s] -- Up-to-date symlink: /home/user/roskit_ws/install/tracer_msgs/include/tracer_msgs/tracer_msgs/msg/detail/tracer_status__rosidl_typesupport_introspection_cpp.hpp
[1.412s] -- Up-to-date symlink: /home/user/roskit_ws/install/tracer_msgs/share/tracer_msgs/environment/pythonpath.sh
[1.412s] -- Up-to-date symlink: /home/user/roskit_ws/install/tracer_msgs/share/tracer_msgs/environment/pythonpath.dsv
[1.412s] -- Up-to-date symlink: /home/user/roskit_ws/install/tracer_msgs/local/lib/python3.10/dist-packages/tracer_msgs-0.1.0-py3.10.egg-info/PKG-INFO
[1.412s] -- Up-to-date symlink: /home/user/roskit_ws/install/tracer_msgs/local/lib/python3.10/dist-packages/tracer_msgs-0.1.0-py3.10.egg-info/SOURCES.txt
[1.412s] -- Up-to-date symlink: /home/user/roskit_ws/install/tracer_msgs/local/lib/python3.10/dist-packages/tracer_msgs-0.1.0-py3.10.egg-info/dependency_links.txt
[1.412s] -- Up-to-date symlink: /home/user/roskit_ws/install/tracer_msgs/local/lib/python3.10/dist-packages/tracer_msgs-0.1.0-py3.10.egg-info/top_level.txt
[1.412s] -- Up-to-date symlink: /home/user/roskit_ws/install/tracer_msgs/local/lib/python3.10/dist-packages/tracer_msgs/__init__.py
[1.412s] -- Up-to-date symlink: /home/user/roskit_ws/install/tracer_msgs/local/lib/python3.10/dist-packages/tracer_msgs/_tracer_msgs_s.ep.rosidl_typesupport_c.c
[1.412s] -- Up-to-date symlink: /home/user/roskit_ws/install/tracer_msgs/local/lib/python3.10/dist-packages/tracer_msgs/_tracer_msgs_s.ep.rosidl_typesupport_fastrtps_c.c
[1.412s] -- Up-to-date symlink: /home/user/roskit_ws/install/tracer_msgs/local/lib/python3.10/dist-packages/tracer_msgs/_tracer_msgs_s.ep.rosidl_typesupport_introspection_c.c
[1.412s] -- Up-to-date symlink: /home/user/roskit_ws/install/tracer_msgs/local/lib/python3.10/dist-packages/tracer_msgs/libtracer_msgs__rosidl_generator_py.so
[1.412s] -- Up-to-date symlink: /home/user/roskit_ws/install/tracer_msgs/local/lib/python3.10/dist-packages/tracer_msgs/msg/__init__.py
[1.412s] -- Up-to-date symlink: /home/user/roskit_ws/install/tracer_msgs/local/lib/python3.10/dist-packages/tracer_msgs/msg/_tracer_actuator_state.py
[1.412s] -- Up-to-date symlink: /home/user/roskit_ws/install/tracer_msgs/local/lib/python3.10/dist-packages/tracer_msgs/msg/_tracer_actuator_state_s.c
[1.412s] -- Up-to-date symlink: /home/user/roskit_ws/install/tracer_msgs/local/lib/python3.10/dist-packages/tracer_msgs/msg/_tracer_light_cmd.py
[1.412s] -- Up-to-date symlink: /home/user/roskit_ws/install/tracer_msgs/local/lib/python3.10/dist-packages/tracer_msgs/msg/_tracer_light_cmd_s.c
[1.412s] -- Up-to-date symlink: /home/user/roskit_ws/install/tracer_msgs/local/lib/python3.10/dist-packages/tracer_msgs/msg/_tracer_light_state.py
[1.412s] -- Up-to-date symlink: /home/user/roskit_ws/install/tracer_msgs/local/lib/python3.10/dist-packages/tracer_msgs/msg/_tracer_light_state_s.c
[1.412s] -- Up-to-date symlink: /home/user/roskit_ws/install/tracer_msgs/local/lib/python3.10/dist-packages/tracer_msgs/msg/_tracer_rc_state.py
[1.412s] -- Up-to-date symlink: /home/user/roskit_ws/install/tracer_msgs/local/lib/python3.10/dist-packages/tracer_msgs/msg/_tracer_rc_state_s.c
[1.413s] -- Up-to-date symlink: /home/user/roskit_ws/install/tracer_msgs/local/lib/python3.10/dist-packages/tracer_msgs/msg/_tracer_status.py
[1.413s] -- Up-to-date symlink: /home/user/roskit_ws/install/tracer_msgs/local/lib/python3.10/dist-packages/tracer_msgs/msg/_tracer_status_s.c
[1.413s] -- Up-to-date symlink: /home/user/roskit_ws/install/tracer_msgs/local/lib/python3.10/dist-packages/tracer_msgs/tracer_msgs_s__rosidl_typesupport_c.cpython-310-x86_64-linux-gnu.so
[1.413s] -- Up-to-date symlink: /home/user/roskit_ws/install/tracer_msgs/local/lib/python3.10/dist-packages/tracer_msgs/tracer_msgs_s__rosidl_typesupport_fastrtps_c.cpython-310-x86_64-linux-gnu.so
[1.413s] -- Up-to-date symlink: /home/user/roskit_ws/install/tracer_msgs/local/lib/python3.10/dist-packages/tracer_msgs/tracer_msgs_s__rosidl_typesupport_introspection_c.cpython-310-x86_64-linux-gnu.so
[1.413s] -- Up-to-date symlink: /home/user/roskit_ws/install/tracer_msgs/local/lib/python3.10/dist-packages/tracer_msgs/tracer_msgs_s__rosidl_typesupport_fastrtps_c.cpython-310-x86_64-linux-gnu.so
[1.413s] -- Up-to-date symlink: /home/user/roskit_ws/install/tracer_msgs/local/lib/python3.10/dist-packages/tracer_msgs/tracer_msgs_s__rosidl_typesupport_introspection_c.cpython-310-x86_64-linux-gnu.so
[1.413s] -- Up-to-date symlink: /home/user/roskit_ws/install/tracer_msgs/local/lib/python3.10/dist-packages/tracer_msgs/tracer_msgs_s__rosidl_typesupport_c.cpython-310-x86_64-linux-gnu.so
[1.413s] -- Up-to-date symlink: /home/user/roskit_ws/install/tracer_msgs/share/tracer_msgs/msg/TracerActuatorState.idl
[1.413s] -- Up-to-date symlink: /home/user/roskit_ws/install/tracer_msgs/share/tracer_msgs/msg/TracerLightCmd.idl
[1.413s] -- Up-to-date symlink: /home/user/roskit_ws/install/tracer_msgs/share/tracer_msgs/msg/TracerLightState.idl
[1.413s] -- Up-to-date symlink: /home/user/roskit_ws/install/tracer_msgs/share/tracer_msgs/msg/TracerRCState.idl
[1.413s] -- Up-to-date symlink: /home/user/roskit_ws/install/tracer_msgs/share/tracer_msgs/msg/TracerStatus.idl
[1.413s] -- Up-to-date symlink: /home/user/roskit_ws/install/tracer_msgs/share/tracer_msgs/msg/TracerActuatorState.msg
[1.413s] -- Up-to-date symlink: /home/user/roskit_ws/install/tracer_msgs/share/tracer_msgs/msg/TracerLightCmd.msg
[1.413s] -- Up-to-date symlink: /home/user/roskit_ws/install/tracer_msgs/share/tracer_msgs/msg/TracerLightState.msg
[1.413s] -- Up-to-date symlink: /home/user/roskit_ws/install/tracer_msgs/share/tracer_msgs/msg/TracerRCState.msg
[1.413s] -- Up-to-date symlink: /home/user/roskit_ws/install/tracer_msgs/share/tracer_msgs/msg/TracerStatus.msg
[1.413s] -- Up-to-date symlink: /home/user/roskit_ws/install/tracer_msgs/share/ament_index/resource_index/package_run_dependencies/tracer_msgs
[1.413s] -- Up-to-date symlink: /home/user/roskit_ws/install/tracer_msgs/share/ament_index/resource_index/parent_prefix_path/tracer_msgs
[1.413s] -- Up-to-date symlink: /home/user/roskit_ws/install/tracer_msgs/share/tracer_msgs/environment/ament_prefix_path.sh
[1.413s] -- Up-to-date symlink: /home/user/roskit_ws/install/tracer_msgs/share/tracer_msgs/environment/ament_prefix_path.dsv
[1.413s] -- Up-to-date symlink: /home/user/roskit_ws/install/tracer_msgs/share/tracer_msgs/environment/path.sh
[1.413s] -- Up-to-date symlink: /home/user/roskit_ws/install/tracer_msgs/share/tracer_msgs/environment/path.dsv
[1.413s] -- Up-to-date symlink: /home/user/roskit_ws/install/tracer_msgs/share/tracer_msgs/local_setup.bash
[1.413s] -- Up-to-date symlink: /home/user/roskit_ws/install/tracer_msgs/share/tracer_msgs/local_setup.sh
[1.413s] -- Up-to-date symlink: /home/user/roskit_ws/install/tracer_msgs/share/tracer_msgs/local_setup.zsh
[1.413s] -- Up-to-date symlink: /home/user/roskit_ws/install/tracer_msgs/share/tracer_msgs/local_setup.dsv
[1.414s] -- Symlinking: /home/user/roskit_ws/install/tracer_msgs/share/tracer_msgs/package.dsv
[1.414s] -- Up-to-date symlink: /home/user/roskit_ws/install/tracer_msgs/share/ament_index/resource_index/packages/tracer_msgs
[1.414s] -- Up-to-date symlink: /home/user/roskit_ws/install/tracer_msgs/share/tracer_msgs/cmake/rosidl_cmake-extras.cmake
[1.414s] -- Up-to-date symlink: /home/user/roskit_ws/install/tracer_msgs/share/tracer_msgs/cmake/ament_cmake_export_dependencies-extras.cmake
[1.414s] -- Up-to-date symlink: /home/user/roskit_ws/install/tracer_msgs/share/tracer_msgs/cmake/ament_cmake_export_include_directories-extras.cmake
[1.414s] -- Up-to-date symlink: /home/user/roskit_ws/install/tracer_msgs/share/tracer_msgs/cmake/ament_cmake_export_libraries-extras.cmake
[1.414s] -- Up-to-date symlink: /home/user/roskit_ws/install/tracer_msgs/share/tracer_msgs/cmake/ament_cmake_export_targets-extras.cmake
[1.414s] -- Up-to-date symlink: /home/user/roskit_ws/install/tracer_msgs/share/tracer_msgs/cmake/rosidl_cmake_export_typesupport_targets-extras.cmake
[1.414s] -- Up-to-date symlink: /home/user/roskit_ws/install/tracer_msgs/share/tracer_msgs/cmake/rosidl_cmake_export_typesupport_libraries-extras.cmake
[1.414s] -- Up-to-date symlink: /home/user/roskit_ws/install/tracer_msgs/share/tracer_msgs/cmake/tracer_msgsConfig.cmake
[1.414s] -- Up-to-date symlink: /home/user/roskit_ws/install/tracer_msgs/share/tracer_msgs/cmake/tracer_msgsConfig-version.cmake
[1.414s] -- Up-to-date symlink: /home/user/roskit_ws/install/tracer_msgs/share/tracer_msgs/package.xml
[1.414s] -- Up-to-date: /home/user/roskit_ws/install/tracer_msgs/lib/libtracer_msgs__rosidl_generator_c.so
[1.414s] -- Up-to-date: /home/user/roskit_ws/install/tracer_msgs/lib/libtracer_msgs__rosidl_typesupport_fastrtps_c.so
[1.414s] -- Up-to-date: /home/user/roskit_ws/install/tracer_msgs/lib/libtracer_msgs__rosidl_typesupport_fastrtps_cpp.so
[1.414s] -- Up-to-date: /home/user/roskit_ws/install/tracer_msgs/lib/libtracer_msgs__rosidl_typesupport_introspection_c.so
[1.414s] -- Up-to-date: /home/user/roskit_ws/install/tracer_msgs/lib/libtracer_msgs__rosidl_typesupport_c.so
[1.414s] -- Up-to-date: /home/user/roskit_ws/install/tracer_msgs/lib/libtracer_msgs__rosidl_typesupport_introspection_cpp.so
[1.414s] -- Up-to-date: /home/user/roskit_ws/install/tracer_msgs/lib/libtracer_msgs__rosidl_typesupport_cpp.so
[1.431s] Listing '/home/user/roskit_ws/install/tracer_msgs/local/lib/python3.10/dist-packages/tracer_msgs'...
[1.432s] Compiling '/home/user/roskit_ws/install/tracer_msgs/local/lib/python3.10/dist-packages/tracer_msgs/__init__.py'...
[1.432s] Listing '/home/user/roskit_ws/install/tracer_msgs/local/lib/python3.10/dist-packages/tracer_msgs/msg'...
[1.434s] -- Up-to-date: /home/user/roskit_ws/install/tracer_msgs/lib/libtracer_msgs__rosidl_generator_py.so
[1.434s] -- Up-to-date: /home/user/roskit_ws/install/tracer_msgs/share/tracer_msgs/cmake/export_tracer_msgs__rosidl_generator_cExport.cmake
[1.434s] -- Up-to-date: /home/user/roskit_ws/install/tracer_msgs/share/tracer_msgs/cmake/export_tracer_msgs__rosidl_generator_cExport-release.cmake
[1.434s] -- Up-to-date: /home/user/roskit_ws/install/tracer_msgs/share/tracer_msgs/cmake/export_tracer_msgs__rosidl_typesupport_fastrtps_cExport.cmake
[1.434s] -- Up-to-date: /home/user/roskit_ws/install/tracer_msgs/share/tracer_msgs/cmake/export_tracer_msgs__rosidl_typesupport_fastrtps_cExport-release.cmake
[1.434s] -- Up-to-date: /home/user/roskit_ws/install/tracer_msgs/share/tracer_msgs/cmake/export_tracer_msgs__rosidl_generator_cppExport.cmake
[1.434s] -- Up-to-date: /home/user/roskit_ws/install/tracer_msgs/share/tracer_msgs/cmake/export_tracer_msgs__rosidl_typesupport_fastrtps_cppExport.cmake
[1.434s] -- Up-to-date: /home/user/roskit_ws/install/tracer_msgs/share/tracer_msgs/cmake/export_tracer_msgs__rosidl_typesupport_fastrtps_cppExport-release.cmake
[1.434s] -- Up-to-date: /home/user/roskit_ws/install/tracer_msgs/share/tracer_msgs/cmake/tracer_msgs__rosidl_typesupport_introspection_cExport.cmake
[1.434s] -- Up-to-date: /home/user/roskit_ws/install/tracer_msgs/share/tracer_msgs/cmake/tracer_msgs__rosidl_typesupport_introspection_cExport-release.cmake
[1.434s] -- Up-to-date: /home/user/roskit_ws/install/tracer_msgs/share/tracer_msgs/cmake/tracer_msgs__rosidl_typesupport_cExport.cmake
[1.434s] -- Up-to-date: /home/user/roskit_ws/install/tracer_msgs/share/tracer_msgs/cmake/tracer_msgs__rosidl_typesupport_cExport-release.cmake
[1.434s] -- Up-to-date: /home/user/roskit_ws/install/tracer_msgs/share/tracer_msgs/cmake/tracer_msgs__rosidl_typesupport_introspection_cppExport.cmake
[1.434s] -- Up-to-date: /home/user/roskit_ws/install/tracer_msgs/share/tracer_msgs/cmake/tracer_msgs__rosidl_typesupport_introspection_cppExport-release.cmake
[1.434s] -- Up-to-date: /home/user/roskit_ws/install/tracer_msgs/share/tracer_msgs/cmake/tracer_msgs__rosidl_typesupport_cppExport.cmake
[1.435s] -- Up-to-date: /home/user/roskit_ws/install/tracer_msgs/share/tracer_msgs/cmake/tracer_msgs__rosidl_typesupport_cppExport-release.cmake
[1.435s] -- Up-to-date: /home/user/roskit_ws/install/tracer_msgs/share/tracer_msgs/cmake/export_tracer_msgs__rosidl_generator_pyExport.cmake
[1.435s] -- Up-to-date: /home/user/roskit_ws/install/tracer_msgs/share/tracer_msgs/cmake/export_tracer_msgs__rosidl_generator_pyExport-release.cmake
[1.437s] Invoked command in '/home/user/roskit_ws/build/tracer_msgs' returned '0': CMAKE_PREFIX_PATH=/opt/ros/humble:${CMAKE_PREFIX_PATH} /usr/bin/cmake --install /home/user/roskit_ws/build/tracer_msgs
