[0.068s] Invoking command in '/home/user/roskit_ws/build/ugv_sdk': /usr/bin/cmake /home/user/roskit_ws/src/ugv_sdk -DCATKIN_INSTALL_INTO_PREFIX_ROOT=0 -DCMAKE_INSTALL_PREFIX=/home/user/roskit_ws/install/ugv_sdk
[0.123s] -- Found ccache
[0.123s] -- Build package with cmake
[0.123s] -- Tests will not be built
[0.123s] -- Project will be installed to /home/user/roskit_ws/install/ugv_sdk with 'make install'
[0.123s] --  - To install LIB components to /home/user/roskit_ws/install/ugv_sdk/lib
[0.123s] --  - To install BIN components to /home/user/roskit_ws/install/ugv_sdk/bin
[0.123s] --  - To install INCLUDE components to /home/user/roskit_ws/install/ugv_sdk/include
[0.123s] --  - To install CMAKE components to /home/user/roskit_ws/install/ugv_sdk/share/cmake/ugv_sdk
[0.125s] -- Configuring done
[0.178s] -- Generating done
[0.183s] -- Build files have been written to: /home/user/roskit_ws/build/ugv_sdk
[0.192s] Invoked command in '/home/user/roskit_ws/build/ugv_sdk' returned '0': /usr/bin/cmake /home/user/roskit_ws/src/ugv_sdk -DCATKIN_INSTALL_INTO_PREFIX_ROOT=0 -DCMAKE_INSTALL_PREFIX=/home/user/roskit_ws/install/ugv_sdk
[0.193s] Invoking command in '/home/user/roskit_ws/build/ugv_sdk': /usr/bin/cmake --build /home/user/roskit_ws/build/ugv_sdk -- -j16 -l16
[0.344s] [35m[1mConsolidate compiler generated dependencies of target ugv_sdk[0m
[0.344s] [ 42%] Built target ugv_sdk
[0.345s] [35m[1mConsolidate compiler generated dependencies of target demo_scout_robot[0m
[0.345s] [35m[1mConsolidate compiler generated dependencies of target demo_scout_mini_omni_robot[0m
[0.345s] [35m[1mConsolidate compiler generated dependencies of target demo_tracer_robot[0m
[0.345s] [35m[1mConsolidate compiler generated dependencies of target demo_ranger_robot[0m
[0.345s] [35m[1mConsolidate compiler generated dependencies of target demo_bunker_robot[0m
[0.345s] [35m[1mConsolidate compiler generated dependencies of target demo_hunter_robot[0m
[0.345s] [35m[1mConsolidate compiler generated dependencies of target demo_robot_version[0m
[0.345s] [35m[1mConsolidate compiler generated dependencies of target demo_protocol_detector[0m
[0.345s] [ 50%] Built target demo_scout_mini_omni_robot
[0.345s] [ 57%] Built target demo_ranger_robot
[0.345s] [ 64%] Built target demo_scout_robot
[0.345s] [ 71%] Built target demo_robot_version
[0.345s] [ 78%] Built target demo_bunker_robot
[0.346s] [ 85%] Built target demo_protocol_detector
[0.346s] [ 92%] Built target demo_hunter_robot
[0.348s] [100%] Built target demo_tracer_robot
[0.377s] Invoked command in '/home/user/roskit_ws/build/ugv_sdk' returned '0': /usr/bin/cmake --build /home/user/roskit_ws/build/ugv_sdk -- -j16 -l16
[0.378s] Invoking command in '/home/user/roskit_ws/build/ugv_sdk': /usr/bin/cmake --install /home/user/roskit_ws/build/ugv_sdk
[0.408s] -- Install configuration: "Release"
[0.408s] -- Up-to-date: /home/user/roskit_ws/install/ugv_sdk/lib/libugv_sdk.a
[0.410s] -- Up-to-date: /home/user/roskit_ws/install/ugv_sdk/include/ugv_sdk
[0.410s] -- Up-to-date: /home/user/roskit_ws/install/ugv_sdk/include/ugv_sdk/utilities
[0.410s] -- Up-to-date: /home/user/roskit_ws/install/ugv_sdk/include/ugv_sdk/utilities/protocol_detector.hpp
[0.410s] -- Up-to-date: /home/user/roskit_ws/install/ugv_sdk/include/ugv_sdk/details
[0.410s] -- Up-to-date: /home/user/roskit_ws/install/ugv_sdk/include/ugv_sdk/details/async_port
[0.410s] -- Up-to-date: /home/user/roskit_ws/install/ugv_sdk/include/ugv_sdk/details/async_port/ring_buffer.hpp
[0.410s] -- Up-to-date: /home/user/roskit_ws/install/ugv_sdk/include/ugv_sdk/details/async_port/async_serial.hpp
[0.410s] -- Up-to-date: /home/user/roskit_ws/install/ugv_sdk/include/ugv_sdk/details/async_port/async_can.hpp
[0.410s] -- Up-to-date: /home/user/roskit_ws/install/ugv_sdk/include/ugv_sdk/details/interface
[0.410s] -- Up-to-date: /home/user/roskit_ws/install/ugv_sdk/include/ugv_sdk/details/interface/scout_interface.hpp
[0.410s] -- Up-to-date: /home/user/roskit_ws/install/ugv_sdk/include/ugv_sdk/details/interface/hunter_interface.hpp
[0.410s] -- Up-to-date: /home/user/roskit_ws/install/ugv_sdk/include/ugv_sdk/details/interface/agilex_message.h
[0.410s] -- Up-to-date: /home/user/roskit_ws/install/ugv_sdk/include/ugv_sdk/details/interface/titan_interface.hpp
[0.411s] -- Up-to-date: /home/user/roskit_ws/install/ugv_sdk/include/ugv_sdk/details/interface/bunker_interface.hpp
[0.412s] -- Up-to-date: /home/user/roskit_ws/install/ugv_sdk/include/ugv_sdk/details/interface/tracer_interface.hpp
[0.412s] -- Up-to-date: /home/user/roskit_ws/install/ugv_sdk/include/ugv_sdk/details/interface/robot_common_interface.hpp
[0.412s] -- Up-to-date: /home/user/roskit_ws/install/ugv_sdk/include/ugv_sdk/details/interface/ranger_interface.hpp
[0.412s] -- Up-to-date: /home/user/roskit_ws/install/ugv_sdk/include/ugv_sdk/details/interface/agilex_types.h
[0.412s] -- Up-to-date: /home/user/roskit_ws/install/ugv_sdk/include/ugv_sdk/details/protocol_v2
[0.412s] -- Up-to-date: /home/user/roskit_ws/install/ugv_sdk/include/ugv_sdk/details/protocol_v2/protocol_v2_parser.hpp
[0.412s] -- Up-to-date: /home/user/roskit_ws/install/ugv_sdk/include/ugv_sdk/details/parser_base.hpp
[0.412s] -- Up-to-date: /home/user/roskit_ws/install/ugv_sdk/include/ugv_sdk/details/robot_base
[0.412s] -- Up-to-date: /home/user/roskit_ws/install/ugv_sdk/include/ugv_sdk/details/robot_base/scout_base.hpp
[0.412s] -- Up-to-date: /home/user/roskit_ws/install/ugv_sdk/include/ugv_sdk/details/robot_base/hunter_base.hpp
[0.412s] -- Up-to-date: /home/user/roskit_ws/install/ugv_sdk/include/ugv_sdk/details/robot_base/bunker_base.hpp
[0.412s] -- Up-to-date: /home/user/roskit_ws/install/ugv_sdk/include/ugv_sdk/details/robot_base/titan_base.hpp
[0.412s] -- Up-to-date: /home/user/roskit_ws/install/ugv_sdk/include/ugv_sdk/details/robot_base/tracer_base.hpp
[0.412s] -- Up-to-date: /home/user/roskit_ws/install/ugv_sdk/include/ugv_sdk/details/robot_base/ranger_base.hpp
[0.412s] -- Up-to-date: /home/user/roskit_ws/install/ugv_sdk/include/ugv_sdk/details/robot_base/agilex_base.hpp
[0.412s] -- Up-to-date: /home/user/roskit_ws/install/ugv_sdk/include/ugv_sdk/details/protocol_v1
[0.413s] -- Up-to-date: /home/user/roskit_ws/install/ugv_sdk/include/ugv_sdk/details/protocol_v1/protocol_v1_parser.hpp
[0.413s] -- Up-to-date: /home/user/roskit_ws/install/ugv_sdk/include/ugv_sdk/details/protocol_v1/agilex_msg_parser_v1.h
[0.413s] -- Up-to-date: /home/user/roskit_ws/install/ugv_sdk/include/ugv_sdk/details/protocol_v1/robot_limits.hpp
[0.413s] -- Up-to-date: /home/user/roskit_ws/install/ugv_sdk/include/ugv_sdk/mobile_robot
[0.413s] -- Up-to-date: /home/user/roskit_ws/install/ugv_sdk/include/ugv_sdk/mobile_robot/bunker_robot.hpp
[0.413s] -- Up-to-date: /home/user/roskit_ws/install/ugv_sdk/include/ugv_sdk/mobile_robot/titan_robot.hpp
[0.413s] -- Up-to-date: /home/user/roskit_ws/install/ugv_sdk/include/ugv_sdk/mobile_robot/ranger_robot.hpp
[0.413s] -- Up-to-date: /home/user/roskit_ws/install/ugv_sdk/include/ugv_sdk/mobile_robot/tracer_robot.hpp
[0.413s] -- Up-to-date: /home/user/roskit_ws/install/ugv_sdk/include/ugv_sdk/mobile_robot/scout_robot.hpp
[0.413s] -- Up-to-date: /home/user/roskit_ws/install/ugv_sdk/include/ugv_sdk/mobile_robot/hunter_robot.hpp
[0.413s] -- Up-to-date: /home/user/roskit_ws/install/ugv_sdk/lib/cmake/ugv_sdk/ugv_sdkTargets.cmake
[0.413s] -- Up-to-date: /home/user/roskit_ws/install/ugv_sdk/lib/cmake/ugv_sdk/ugv_sdkTargets-release.cmake
[0.413s] -- Up-to-date: /home/user/roskit_ws/install/ugv_sdk/lib/cmake/ugv_sdk/ugv_sdkConfig.cmake
[0.413s] -- Up-to-date: /home/user/roskit_ws/install/ugv_sdk/lib/cmake/ugv_sdk/ugv_sdkConfigVersion.cmake
[0.462s] Invoked command in '/home/user/roskit_ws/build/ugv_sdk' returned '0': /usr/bin/cmake --install /home/user/roskit_ws/build/ugv_sdk
