-- Found ament_cmake: 1.3.12 (/opt/ros/humble/share/ament_cmake/cmake)
-- Override CMake install command with custom implementation using symlinks instead of copying resources
-- Configuring done
-- Generating done
-- Build files have been written to: /home/user/roskit_ws/build/phidgets_drivers
-- Install configuration: "Release"
-- Execute custom install script
-- Up-to-date symlink: /home/user/roskit_ws/install/phidgets_drivers/share/ament_index/resource_index/package_run_dependencies/phidgets_drivers
-- Up-to-date symlink: /home/user/roskit_ws/install/phidgets_drivers/share/ament_index/resource_index/parent_prefix_path/phidgets_drivers
-- Up-to-date symlink: /home/user/roskit_ws/install/phidgets_drivers/share/phidgets_drivers/environment/ament_prefix_path.sh
-- Up-to-date symlink: /home/user/roskit_ws/install/phidgets_drivers/share/phidgets_drivers/environment/ament_prefix_path.dsv
-- Up-to-date symlink: /home/user/roskit_ws/install/phidgets_drivers/share/phidgets_drivers/environment/path.sh
-- Up-to-date symlink: /home/user/roskit_ws/install/phidgets_drivers/share/phidgets_drivers/environment/path.dsv
-- Up-to-date symlink: /home/user/roskit_ws/install/phidgets_drivers/share/phidgets_drivers/local_setup.bash
-- Up-to-date symlink: /home/user/roskit_ws/install/phidgets_drivers/share/phidgets_drivers/local_setup.sh
-- Up-to-date symlink: /home/user/roskit_ws/install/phidgets_drivers/share/phidgets_drivers/local_setup.zsh
-- Up-to-date symlink: /home/user/roskit_ws/install/phidgets_drivers/share/phidgets_drivers/local_setup.dsv
-- Symlinking: /home/user/roskit_ws/install/phidgets_drivers/share/phidgets_drivers/package.dsv
-- Up-to-date symlink: /home/user/roskit_ws/install/phidgets_drivers/share/ament_index/resource_index/packages/phidgets_drivers
-- Up-to-date symlink: /home/user/roskit_ws/install/phidgets_drivers/share/phidgets_drivers/cmake/phidgets_driversConfig.cmake
-- Up-to-date symlink: /home/user/roskit_ws/install/phidgets_drivers/share/phidgets_drivers/cmake/phidgets_driversConfig-version.cmake
-- Up-to-date symlink: /home/user/roskit_ws/install/phidgets_drivers/share/phidgets_drivers/package.xml
