[0.066s] Invoking command in '/home/user/roskit_ws/build/phidgets_accelerometer': AMENT_PREFIX_PATH=/home/user/roskit_ws/install/phidgets_api:${AMENT_PREFIX_PATH} CMAKE_PREFIX_PATH=/home/user/roskit_ws/install/phidgets_api:/home/user/roskit_ws/install/libphidget22:/opt/ros/humble:/home/user/roskit_ws/install/ugv_sdk:/home/user/roskit_ws/install/ublox_serialization:/home/user/roskit_ws/install/tracer_msgs:/home/user/roskit_ws/install/scout_msgs:/home/user/roskit_ws/install/scout_description:/home/user/roskit_ws/install/rslidar_msg:/home/user/roskit_ws/install/ranger_msgs:/home/user/roskit_ws/install/ranger_bringup:/home/user/roskit_ws/install/phidgets_msgs:/home/user/roskit_ws/install/ouster_sensor_msgs:/home/user/roskit_ws/install/hunter_msgs:/home/user/roskit_ws/install/gr_description:/home/user/roskit_ws/install/gr_bringup LD_LIBRARY_PATH=/home/user/roskit_ws/install/phidgets_api/lib:${LD_LIBRARY_PATH} /usr/bin/cmake /home/user/roskit_ws/src/phidgets_drivers/phidgets_accelerometer -DCMAKE_BUILD_TYPE=Release -DROS_EDITION=ROS2 -DHUMBLE_ROS=humble -DAMENT_CMAKE_SYMLINK_INSTALL=1 -DCMAKE_INSTALL_PREFIX=/home/user/roskit_ws/install/phidgets_accelerometer
[0.195s] -- The C compiler identification is GNU 11.4.0
[0.195s] -- The CXX compiler identification is GNU 11.4.0
[0.195s] -- Detecting C compiler ABI info
[0.234s] -- Detecting C compiler ABI info - done
[0.240s] -- Check for working C compiler: /usr/lib/ccache/cc - skipped
[0.240s] -- Detecting C compile features
[0.241s] -- Detecting C compile features - done
[0.245s] -- Detecting CXX compiler ABI info
[0.382s] -- Detecting CXX compiler ABI info - done
[0.393s] -- Check for working CXX compiler: /usr/lib/ccache/c++ - skipped
[0.398s] -- Detecting CXX compile features
[0.398s] -- Detecting CXX compile features - done
[0.400s] -- Found ament_cmake_ros: 0.10.0 (/opt/ros/humble/share/ament_cmake_ros/cmake)
[0.621s] -- Found Python3: /usr/bin/python3 (found version "3.10.12") found components: Interpreter 
[0.673s] -- Override CMake install command with custom implementation using symlinks instead of copying resources
[0.701s] -- Found phidgets_api: 2.3.3 (/home/user/roskit_ws/install/phidgets_api/share/phidgets_api/cmake)
[0.704s] -- Found rclcpp: 16.0.14 (/opt/ros/humble/share/rclcpp/cmake)
[0.747s] -- Found rosidl_generator_c: 3.1.7 (/opt/ros/humble/share/rosidl_generator_c/cmake)
[0.749s] -- Found rosidl_adapter: 3.1.7 (/opt/ros/humble/share/rosidl_adapter/cmake)
[0.750s] -- Found rosidl_generator_cpp: 3.1.7 (/opt/ros/humble/share/rosidl_generator_cpp/cmake)
[0.761s] -- Using all available rosidl_typesupport_c: rosidl_typesupport_fastrtps_c;rosidl_typesupport_introspection_c
[0.779s] -- Using all available rosidl_typesupport_cpp: rosidl_typesupport_fastrtps_cpp;rosidl_typesupport_introspection_cpp
[0.811s] -- Found rmw_implementation_cmake: 6.1.2 (/opt/ros/humble/share/rmw_implementation_cmake/cmake)
[0.814s] -- Found rmw_fastrtps_cpp: 6.2.8 (/opt/ros/humble/share/rmw_fastrtps_cpp/cmake)
[0.877s] -- Found OpenSSL: /usr/lib/x86_64-linux-gnu/libcrypto.so (found version "3.0.2")  
[0.910s] -- Found FastRTPS: /opt/ros/humble/include  
[0.943s] -- Using RMW implementation 'rmw_fastrtps_cpp' as default
[0.953s] -- Looking for pthread.h
[1.024s] -- Looking for pthread.h - found
[1.024s] -- Performing Test CMAKE_HAVE_LIBC_PTHREAD
[1.165s] -- Performing Test CMAKE_HAVE_LIBC_PTHREAD - Success
[1.166s] -- Found Threads: TRUE  
[1.214s] -- Found rclcpp_components: 16.0.14 (/opt/ros/humble/share/rclcpp_components/cmake)
[1.240s] -- Found sensor_msgs: 4.9.0 (/opt/ros/humble/share/sensor_msgs/cmake)
[1.329s] -- Configuring done
[1.336s] -- Generating done
[1.336s] [33mCMake Warning:
[1.336s]   Manually-specified variables were not used by the project:
[1.336s] 
[1.336s]     HUMBLE_ROS
[1.336s]     ROS_EDITION
[1.336s] 
[1.336s] [0m
[1.340s] -- Build files have been written to: /home/user/roskit_ws/build/phidgets_accelerometer
[1.355s] Invoked command in '/home/user/roskit_ws/build/phidgets_accelerometer' returned '0': AMENT_PREFIX_PATH=/home/user/roskit_ws/install/phidgets_api:${AMENT_PREFIX_PATH} CMAKE_PREFIX_PATH=/home/user/roskit_ws/install/phidgets_api:/home/user/roskit_ws/install/libphidget22:/opt/ros/humble:/home/user/roskit_ws/install/ugv_sdk:/home/user/roskit_ws/install/ublox_serialization:/home/user/roskit_ws/install/tracer_msgs:/home/user/roskit_ws/install/scout_msgs:/home/user/roskit_ws/install/scout_description:/home/user/roskit_ws/install/rslidar_msg:/home/user/roskit_ws/install/ranger_msgs:/home/user/roskit_ws/install/ranger_bringup:/home/user/roskit_ws/install/phidgets_msgs:/home/user/roskit_ws/install/ouster_sensor_msgs:/home/user/roskit_ws/install/hunter_msgs:/home/user/roskit_ws/install/gr_description:/home/user/roskit_ws/install/gr_bringup LD_LIBRARY_PATH=/home/user/roskit_ws/install/phidgets_api/lib:${LD_LIBRARY_PATH} /usr/bin/cmake /home/user/roskit_ws/src/phidgets_drivers/phidgets_accelerometer -DCMAKE_BUILD_TYPE=Release -DROS_EDITION=ROS2 -DHUMBLE_ROS=humble -DAMENT_CMAKE_SYMLINK_INSTALL=1 -DCMAKE_INSTALL_PREFIX=/home/user/roskit_ws/install/phidgets_accelerometer
[1.356s] Invoking command in '/home/user/roskit_ws/build/phidgets_accelerometer': AMENT_PREFIX_PATH=/home/user/roskit_ws/install/phidgets_api:${AMENT_PREFIX_PATH} CMAKE_PREFIX_PATH=/home/user/roskit_ws/install/phidgets_api:/home/user/roskit_ws/install/libphidget22:/opt/ros/humble:/home/user/roskit_ws/install/ugv_sdk:/home/user/roskit_ws/install/ublox_serialization:/home/user/roskit_ws/install/tracer_msgs:/home/user/roskit_ws/install/scout_msgs:/home/user/roskit_ws/install/scout_description:/home/user/roskit_ws/install/rslidar_msg:/home/user/roskit_ws/install/ranger_msgs:/home/user/roskit_ws/install/ranger_bringup:/home/user/roskit_ws/install/phidgets_msgs:/home/user/roskit_ws/install/ouster_sensor_msgs:/home/user/roskit_ws/install/hunter_msgs:/home/user/roskit_ws/install/gr_description:/home/user/roskit_ws/install/gr_bringup LD_LIBRARY_PATH=/home/user/roskit_ws/install/phidgets_api/lib:${LD_LIBRARY_PATH} /usr/bin/cmake --build /home/user/roskit_ws/build/phidgets_accelerometer -- -j16 -l16
[2.616s] [ 50%] [32mBuilding CXX object CMakeFiles/phidgets_accelerometer.dir/src/accelerometer_ros_i.cpp.o[0m
[13.886s] [100%] [32m[1mLinking CXX shared library libphidgets_accelerometer.so[0m
[14.197s] [100%] Built target phidgets_accelerometer
[14.280s] Invoked command in '/home/user/roskit_ws/build/phidgets_accelerometer' returned '0': AMENT_PREFIX_PATH=/home/user/roskit_ws/install/phidgets_api:${AMENT_PREFIX_PATH} CMAKE_PREFIX_PATH=/home/user/roskit_ws/install/phidgets_api:/home/user/roskit_ws/install/libphidget22:/opt/ros/humble:/home/user/roskit_ws/install/ugv_sdk:/home/user/roskit_ws/install/ublox_serialization:/home/user/roskit_ws/install/tracer_msgs:/home/user/roskit_ws/install/scout_msgs:/home/user/roskit_ws/install/scout_description:/home/user/roskit_ws/install/rslidar_msg:/home/user/roskit_ws/install/ranger_msgs:/home/user/roskit_ws/install/ranger_bringup:/home/user/roskit_ws/install/phidgets_msgs:/home/user/roskit_ws/install/ouster_sensor_msgs:/home/user/roskit_ws/install/hunter_msgs:/home/user/roskit_ws/install/gr_description:/home/user/roskit_ws/install/gr_bringup LD_LIBRARY_PATH=/home/user/roskit_ws/install/phidgets_api/lib:${LD_LIBRARY_PATH} /usr/bin/cmake --build /home/user/roskit_ws/build/phidgets_accelerometer -- -j16 -l16
[14.298s] Invoking command in '/home/user/roskit_ws/build/phidgets_accelerometer': AMENT_PREFIX_PATH=/home/user/roskit_ws/install/phidgets_api:${AMENT_PREFIX_PATH} CMAKE_PREFIX_PATH=/home/user/roskit_ws/install/phidgets_api:/home/user/roskit_ws/install/libphidget22:/opt/ros/humble:/home/user/roskit_ws/install/ugv_sdk:/home/user/roskit_ws/install/ublox_serialization:/home/user/roskit_ws/install/tracer_msgs:/home/user/roskit_ws/install/scout_msgs:/home/user/roskit_ws/install/scout_description:/home/user/roskit_ws/install/rslidar_msg:/home/user/roskit_ws/install/ranger_msgs:/home/user/roskit_ws/install/ranger_bringup:/home/user/roskit_ws/install/phidgets_msgs:/home/user/roskit_ws/install/ouster_sensor_msgs:/home/user/roskit_ws/install/hunter_msgs:/home/user/roskit_ws/install/gr_description:/home/user/roskit_ws/install/gr_bringup LD_LIBRARY_PATH=/home/user/roskit_ws/install/phidgets_api/lib:${LD_LIBRARY_PATH} /usr/bin/cmake --install /home/user/roskit_ws/build/phidgets_accelerometer
[16.251s] -- Install configuration: "Release"
[16.257s] -- Execute custom install script
[16.263s] -- Symlinking: /home/user/roskit_ws/install/phidgets_accelerometer/lib/libphidgets_accelerometer.so
[16.263s] -- Symlinking: /home/user/roskit_ws/install/phidgets_accelerometer/include/phidgets_accelerometer/accelerometer_ros_i.hpp
[16.263s] -- Symlinking: /home/user/roskit_ws/install/phidgets_accelerometer/share/phidgets_accelerometer/launch/accelerometer-launch.py
[16.264s] -- Symlinking: /home/user/roskit_ws/install/phidgets_accelerometer/share/ament_index/resource_index/package_run_dependencies/phidgets_accelerometer
[16.265s] -- Symlinking: /home/user/roskit_ws/install/phidgets_accelerometer/share/ament_index/resource_index/parent_prefix_path/phidgets_accelerometer
[16.265s] -- Symlinking: /home/user/roskit_ws/install/phidgets_accelerometer/share/phidgets_accelerometer/environment/ament_prefix_path.sh
[16.267s] -- Symlinking: /home/user/roskit_ws/install/phidgets_accelerometer/share/phidgets_accelerometer/environment/ament_prefix_path.dsv
[16.268s] -- Symlinking: /home/user/roskit_ws/install/phidgets_accelerometer/share/phidgets_accelerometer/environment/path.sh
[16.268s] -- Symlinking: /home/user/roskit_ws/install/phidgets_accelerometer/share/phidgets_accelerometer/environment/path.dsv
[16.268s] -- Symlinking: /home/user/roskit_ws/install/phidgets_accelerometer/share/phidgets_accelerometer/local_setup.bash
[16.268s] -- Symlinking: /home/user/roskit_ws/install/phidgets_accelerometer/share/phidgets_accelerometer/local_setup.sh
[16.268s] -- Symlinking: /home/user/roskit_ws/install/phidgets_accelerometer/share/phidgets_accelerometer/local_setup.zsh
[16.268s] -- Symlinking: /home/user/roskit_ws/install/phidgets_accelerometer/share/phidgets_accelerometer/local_setup.dsv
[16.268s] -- Symlinking: /home/user/roskit_ws/install/phidgets_accelerometer/share/phidgets_accelerometer/package.dsv
[16.270s] -- Symlinking: /home/user/roskit_ws/install/phidgets_accelerometer/share/ament_index/resource_index/packages/phidgets_accelerometer
[16.270s] -- Symlinking: /home/user/roskit_ws/install/phidgets_accelerometer/share/ament_index/resource_index/rclcpp_components/phidgets_accelerometer
[16.271s] -- Symlinking: /home/user/roskit_ws/install/phidgets_accelerometer/share/phidgets_accelerometer/cmake/phidgets_accelerometerConfig.cmake
[16.271s] -- Symlinking: /home/user/roskit_ws/install/phidgets_accelerometer/share/phidgets_accelerometer/cmake/phidgets_accelerometerConfig-version.cmake
[16.271s] -- Symlinking: /home/user/roskit_ws/install/phidgets_accelerometer/share/phidgets_accelerometer/package.xml
[16.329s] Invoked command in '/home/user/roskit_ws/build/phidgets_accelerometer' returned '0': AMENT_PREFIX_PATH=/home/user/roskit_ws/install/phidgets_api:${AMENT_PREFIX_PATH} CMAKE_PREFIX_PATH=/home/user/roskit_ws/install/phidgets_api:/home/user/roskit_ws/install/libphidget22:/opt/ros/humble:/home/user/roskit_ws/install/ugv_sdk:/home/user/roskit_ws/install/ublox_serialization:/home/user/roskit_ws/install/tracer_msgs:/home/user/roskit_ws/install/scout_msgs:/home/user/roskit_ws/install/scout_description:/home/user/roskit_ws/install/rslidar_msg:/home/user/roskit_ws/install/ranger_msgs:/home/user/roskit_ws/install/ranger_bringup:/home/user/roskit_ws/install/phidgets_msgs:/home/user/roskit_ws/install/ouster_sensor_msgs:/home/user/roskit_ws/install/hunter_msgs:/home/user/roskit_ws/install/gr_description:/home/user/roskit_ws/install/gr_bringup LD_LIBRARY_PATH=/home/user/roskit_ws/install/phidgets_api/lib:${LD_LIBRARY_PATH} /usr/bin/cmake --install /home/user/roskit_ws/build/phidgets_accelerometer
