[0.024s] Invoking command in '/home/user/roskit_ws/build/ublox_gps': AMENT_PREFIX_PATH=/home/user/roskit_ws/install/ublox_msgs:${AMENT_PREFIX_PATH} CMAKE_PREFIX_PATH=/home/user/roskit_ws/install/ublox_msgs:/home/user/roskit_ws/install/ublox_serialization:/opt/ros/humble:/home/user/roskit_ws/install/ugv_sdk:/home/user/roskit_ws/install/tracer_msgs:/home/user/roskit_ws/install/scout_msgs:/home/user/roskit_ws/install/scout_description:/home/user/roskit_ws/install/rslidar_msg:/home/user/roskit_ws/install/ranger_msgs:/home/user/roskit_ws/install/ranger_bringup:/home/user/roskit_ws/install/phidgets_msgs:/home/user/roskit_ws/install/ouster_sensor_msgs:/home/user/roskit_ws/install/libphidget22:/home/user/roskit_ws/install/hunter_msgs:/home/user/roskit_ws/install/gr_description:/home/user/roskit_ws/install/gr_bringup LD_LIBRARY_PATH=/home/user/roskit_ws/install/ublox_msgs/lib:${LD_LIBRARY_PATH} PYTHONPATH=/home/user/roskit_ws/install/ublox_msgs/local/lib/python3.10/dist-packages:${PYTHONPATH} /usr/bin/cmake /home/user/roskit_ws/src/ros2-ublox-zedf9p/ublox_gps -DCMAKE_BUILD_TYPE=Release -DROS_EDITION=ROS2 -DHUMBLE_ROS=humble -DAMENT_CMAKE_SYMLINK_INSTALL=1 -DCMAKE_INSTALL_PREFIX=/home/user/roskit_ws/install/ublox_gps
[0.119s] -- The C compiler identification is GNU 11.4.0
[0.214s] -- The CXX compiler identification is GNU 11.4.0
[0.247s] -- Detecting C compiler ABI info
[0.418s] -- Detecting C compiler ABI info - done
[0.428s] -- Check for working C compiler: /usr/lib/ccache/cc - skipped
[0.428s] -- Detecting C compile features
[0.428s] -- Detecting C compile features - done
[0.432s] -- Detecting CXX compiler ABI info
[0.631s] -- Detecting CXX compiler ABI info - done
[0.638s] -- Check for working CXX compiler: /usr/lib/ccache/c++ - skipped
[0.642s] -- Detecting CXX compile features
[0.643s] -- Detecting CXX compile features - done
[0.646s] -- Found ament_cmake_ros: 0.10.0 (/opt/ros/humble/share/ament_cmake_ros/cmake)
[1.308s] -- Found Python3: /usr/bin/python3 (found version "3.10.12") found components: Interpreter 
[1.444s] -- Override CMake install command with custom implementation using symlinks instead of copying resources
[1.518s] -- Found asio: /usr/include  
[1.525s] -- Found diagnostic_msgs: 4.9.0 (/opt/ros/humble/share/diagnostic_msgs/cmake)
[1.602s] -- Found rosidl_generator_c: 3.1.7 (/opt/ros/humble/share/rosidl_generator_c/cmake)
[1.612s] -- Found rosidl_adapter: 3.1.7 (/opt/ros/humble/share/rosidl_adapter/cmake)
[1.622s] -- Found rosidl_generator_cpp: 3.1.7 (/opt/ros/humble/share/rosidl_generator_cpp/cmake)
[1.634s] -- Using all available rosidl_typesupport_c: rosidl_typesupport_fastrtps_c;rosidl_typesupport_introspection_c
[1.649s] -- Using all available rosidl_typesupport_cpp: rosidl_typesupport_fastrtps_cpp;rosidl_typesupport_introspection_cpp
[1.704s] -- Found diagnostic_updater: 4.0.6 (/opt/ros/humble/share/diagnostic_updater/cmake)
[1.791s] -- Found rmw_implementation_cmake: 6.1.2 (/opt/ros/humble/share/rmw_implementation_cmake/cmake)
[1.798s] -- Found rmw_fastrtps_cpp: 6.2.8 (/opt/ros/humble/share/rmw_fastrtps_cpp/cmake)
[1.988s] -- Found OpenSSL: /usr/lib/x86_64-linux-gnu/libcrypto.so (found version "3.0.2")  
[2.047s] -- Found FastRTPS: /opt/ros/humble/include  
[2.131s] -- Using RMW implementation 'rmw_fastrtps_cpp' as default
[2.146s] -- Looking for pthread.h
[2.346s] -- Looking for pthread.h - found
[2.351s] -- Performing Test CMAKE_HAVE_LIBC_PTHREAD
[2.552s] -- Performing Test CMAKE_HAVE_LIBC_PTHREAD - Success
[2.556s] -- Found Threads: TRUE  
[2.687s] -- Found geometry_msgs: 4.9.0 (/opt/ros/humble/share/geometry_msgs/cmake)
[2.729s] -- Found rclcpp_components: 16.0.14 (/opt/ros/humble/share/rclcpp_components/cmake)
[2.813s] -- Found sensor_msgs: 4.9.0 (/opt/ros/humble/share/sensor_msgs/cmake)
[2.864s] -- Found tf2: 0.25.16 (/opt/ros/humble/share/tf2/cmake)
[2.878s] -- Found ublox_msgs: 2.2.0 (/home/user/roskit_ws/install/ublox_msgs/share/ublox_msgs/cmake)
[3.219s] -- Configuring done
[3.289s] -- Generating done
[3.293s] [33mCMake Warning:
[3.293s]   Manually-specified variables were not used by the project:
[3.293s] 
[3.293s]     HUMBLE_ROS
[3.293s]     ROS_EDITION
[3.293s] 
[3.293s] [0m
[3.318s] -- Build files have been written to: /home/user/roskit_ws/build/ublox_gps
[3.347s] Invoked command in '/home/user/roskit_ws/build/ublox_gps' returned '0': AMENT_PREFIX_PATH=/home/user/roskit_ws/install/ublox_msgs:${AMENT_PREFIX_PATH} CMAKE_PREFIX_PATH=/home/user/roskit_ws/install/ublox_msgs:/home/user/roskit_ws/install/ublox_serialization:/opt/ros/humble:/home/user/roskit_ws/install/ugv_sdk:/home/user/roskit_ws/install/tracer_msgs:/home/user/roskit_ws/install/scout_msgs:/home/user/roskit_ws/install/scout_description:/home/user/roskit_ws/install/rslidar_msg:/home/user/roskit_ws/install/ranger_msgs:/home/user/roskit_ws/install/ranger_bringup:/home/user/roskit_ws/install/phidgets_msgs:/home/user/roskit_ws/install/ouster_sensor_msgs:/home/user/roskit_ws/install/libphidget22:/home/user/roskit_ws/install/hunter_msgs:/home/user/roskit_ws/install/gr_description:/home/user/roskit_ws/install/gr_bringup LD_LIBRARY_PATH=/home/user/roskit_ws/install/ublox_msgs/lib:${LD_LIBRARY_PATH} PYTHONPATH=/home/user/roskit_ws/install/ublox_msgs/local/lib/python3.10/dist-packages:${PYTHONPATH} /usr/bin/cmake /home/user/roskit_ws/src/ros2-ublox-zedf9p/ublox_gps -DCMAKE_BUILD_TYPE=Release -DROS_EDITION=ROS2 -DHUMBLE_ROS=humble -DAMENT_CMAKE_SYMLINK_INSTALL=1 -DCMAKE_INSTALL_PREFIX=/home/user/roskit_ws/install/ublox_gps
[3.352s] Invoking command in '/home/user/roskit_ws/build/ublox_gps': AMENT_PREFIX_PATH=/home/user/roskit_ws/install/ublox_msgs:${AMENT_PREFIX_PATH} CMAKE_PREFIX_PATH=/home/user/roskit_ws/install/ublox_msgs:/home/user/roskit_ws/install/ublox_serialization:/opt/ros/humble:/home/user/roskit_ws/install/ugv_sdk:/home/user/roskit_ws/install/tracer_msgs:/home/user/roskit_ws/install/scout_msgs:/home/user/roskit_ws/install/scout_description:/home/user/roskit_ws/install/rslidar_msg:/home/user/roskit_ws/install/ranger_msgs:/home/user/roskit_ws/install/ranger_bringup:/home/user/roskit_ws/install/phidgets_msgs:/home/user/roskit_ws/install/ouster_sensor_msgs:/home/user/roskit_ws/install/libphidget22:/home/user/roskit_ws/install/hunter_msgs:/home/user/roskit_ws/install/gr_description:/home/user/roskit_ws/install/gr_bringup LD_LIBRARY_PATH=/home/user/roskit_ws/install/ublox_msgs/lib:${LD_LIBRARY_PATH} PYTHONPATH=/home/user/roskit_ws/install/ublox_msgs/local/lib/python3.10/dist-packages:${PYTHONPATH} /usr/bin/cmake --build /home/user/roskit_ws/build/ublox_gps -- -j16 -l16
[3.495s] [  4%] [32mBuilding CXX object CMakeFiles/ublox_gps.dir/src/gps.cpp.o[0m
[3.496s] [  9%] [32mBuilding CXX object CMakeFiles/ublox_gps.dir/src/adr_udr_product.cpp.o[0m
[3.498s] [ 13%] [32mBuilding CXX object CMakeFiles/ublox_logger_node.dir/src/logger_node_pa.cpp.o[0m
[3.501s] [ 18%] [32mBuilding CXX object CMakeFiles/ublox_gps.dir/src/gnss.cpp.o[0m
[3.512s] [ 22%] [32mBuilding C object CMakeFiles/ublox_gps.dir/src/mkgmtime.c.o[0m
[3.515s] [ 27%] [32mBuilding CXX object CMakeFiles/ublox_gps.dir/src/node.cpp.o[0m
[3.519s] [ 36%] [32mBuilding CXX object CMakeFiles/ublox_gps.dir/src/tim_product.cpp.o[0m
[3.520s] [ 36%] [32mBuilding CXX object CMakeFiles/ublox_gps.dir/src/raw_data_product.cpp.o[0m
[3.524s] [ 40%] [32mBuilding CXX object CMakeFiles/ublox_gps.dir/src/ublox_firmware.cpp.o[0m
[3.528s] [ 45%] [32mBuilding CXX object CMakeFiles/ublox_gps.dir/src/ublox_firmware7.cpp.o[0m
[3.528s] [ 50%] [32mBuilding CXX object CMakeFiles/ublox_gps.dir/src/ublox_firmware6.cpp.o[0m
[3.536s] [ 54%] [32mBuilding CXX object CMakeFiles/ublox_logger_node.dir/src/raw_data_pa.cpp.o[0m
[3.544s] [ 59%] [32mBuilding CXX object CMakeFiles/ublox_gps.dir/src/raw_data_pa.cpp.o[0m
[3.551s] [ 63%] [32mBuilding CXX object CMakeFiles/ublox_gps.dir/src/hpg_ref_product.cpp.o[0m
[3.558s] [ 68%] [32mBuilding CXX object CMakeFiles/ublox_gps.dir/src/hp_pos_rec_product.cpp.o[0m
[3.566s] [ 72%] [32mBuilding CXX object CMakeFiles/ublox_gps.dir/src/hpg_rov_product.cpp.o[0m
[3.633s] [ 77%] [32mBuilding CXX object CMakeFiles/ublox_gps.dir/src/ublox_firmware8.cpp.o[0m
[4.043s] [ 81%] [32mBuilding CXX object CMakeFiles/ublox_gps.dir/src/ublox_firmware9.cpp.o[0m
[17.847s] [ 86%] [32m[1mLinking CXX executable ublox_logger[0m
[18.080s] [ 86%] Built target ublox_logger_node
[26.299s] [ 90%] [32m[1mLinking CXX shared library libublox_gps.so[0m
[26.532s] [ 90%] Built target ublox_gps
[26.548s] [ 95%] [32mBuilding CXX object CMakeFiles/ublox_gps_node.dir/src/node_main.cpp.o[0m
[29.658s] [100%] [32m[1mLinking CXX executable ublox_gps_node[0m
[29.776s] [100%] Built target ublox_gps_node
[29.805s] Invoked command in '/home/user/roskit_ws/build/ublox_gps' returned '0': AMENT_PREFIX_PATH=/home/user/roskit_ws/install/ublox_msgs:${AMENT_PREFIX_PATH} CMAKE_PREFIX_PATH=/home/user/roskit_ws/install/ublox_msgs:/home/user/roskit_ws/install/ublox_serialization:/opt/ros/humble:/home/user/roskit_ws/install/ugv_sdk:/home/user/roskit_ws/install/tracer_msgs:/home/user/roskit_ws/install/scout_msgs:/home/user/roskit_ws/install/scout_description:/home/user/roskit_ws/install/rslidar_msg:/home/user/roskit_ws/install/ranger_msgs:/home/user/roskit_ws/install/ranger_bringup:/home/user/roskit_ws/install/phidgets_msgs:/home/user/roskit_ws/install/ouster_sensor_msgs:/home/user/roskit_ws/install/libphidget22:/home/user/roskit_ws/install/hunter_msgs:/home/user/roskit_ws/install/gr_description:/home/user/roskit_ws/install/gr_bringup LD_LIBRARY_PATH=/home/user/roskit_ws/install/ublox_msgs/lib:${LD_LIBRARY_PATH} PYTHONPATH=/home/user/roskit_ws/install/ublox_msgs/local/lib/python3.10/dist-packages:${PYTHONPATH} /usr/bin/cmake --build /home/user/roskit_ws/build/ublox_gps -- -j16 -l16
[29.807s] Invoking command in '/home/user/roskit_ws/build/ublox_gps': AMENT_PREFIX_PATH=/home/user/roskit_ws/install/ublox_msgs:${AMENT_PREFIX_PATH} CMAKE_PREFIX_PATH=/home/user/roskit_ws/install/ublox_msgs:/home/user/roskit_ws/install/ublox_serialization:/opt/ros/humble:/home/user/roskit_ws/install/ugv_sdk:/home/user/roskit_ws/install/tracer_msgs:/home/user/roskit_ws/install/scout_msgs:/home/user/roskit_ws/install/scout_description:/home/user/roskit_ws/install/rslidar_msg:/home/user/roskit_ws/install/ranger_msgs:/home/user/roskit_ws/install/ranger_bringup:/home/user/roskit_ws/install/phidgets_msgs:/home/user/roskit_ws/install/ouster_sensor_msgs:/home/user/roskit_ws/install/libphidget22:/home/user/roskit_ws/install/hunter_msgs:/home/user/roskit_ws/install/gr_description:/home/user/roskit_ws/install/gr_bringup LD_LIBRARY_PATH=/home/user/roskit_ws/install/ublox_msgs/lib:${LD_LIBRARY_PATH} PYTHONPATH=/home/user/roskit_ws/install/ublox_msgs/local/lib/python3.10/dist-packages:${PYTHONPATH} /usr/bin/cmake --install /home/user/roskit_ws/build/ublox_gps
[29.812s] -- Install configuration: "Release"
[29.812s] -- Execute custom install script
[29.813s] -- Symlinking: /home/user/roskit_ws/install/ublox_gps/lib/libublox_gps.so
[29.818s] -- Symlinking: /home/user/roskit_ws/install/ublox_gps/lib/ublox_gps/ublox_gps_node
[29.823s] -- Symlinking: /home/user/roskit_ws/install/ublox_gps/lib/ublox_gps/ublox_logger
[29.828s] -- Symlinking: /home/user/roskit_ws/install/ublox_gps/include/ublox_gps/adr_udr_product.hpp
[29.833s] -- Symlinking: /home/user/roskit_ws/install/ublox_gps/include/ublox_gps/async_worker.hpp
[29.837s] -- Symlinking: /home/user/roskit_ws/install/ublox_gps/include/ublox_gps/callback.hpp
[29.842s] -- Symlinking: /home/user/roskit_ws/install/ublox_gps/include/ublox_gps/component_interface.hpp
[29.847s] -- Symlinking: /home/user/roskit_ws/install/ublox_gps/include/ublox_gps/fix_diagnostic.hpp
[29.851s] -- Symlinking: /home/user/roskit_ws/install/ublox_gps/include/ublox_gps/fts_product.hpp
[29.856s] -- Symlinking: /home/user/roskit_ws/install/ublox_gps/include/ublox_gps/gnss.hpp
[29.860s] -- Symlinking: /home/user/roskit_ws/install/ublox_gps/include/ublox_gps/gps.hpp
[29.865s] -- Symlinking: /home/user/roskit_ws/install/ublox_gps/include/ublox_gps/hp_pos_rec_product.hpp
[29.869s] -- Symlinking: /home/user/roskit_ws/install/ublox_gps/include/ublox_gps/hpg_ref_product.hpp
[29.874s] -- Symlinking: /home/user/roskit_ws/install/ublox_gps/include/ublox_gps/hpg_rov_product.hpp
[29.879s] -- Symlinking: /home/user/roskit_ws/install/ublox_gps/include/ublox_gps/mkgmtime.h
[29.883s] -- Symlinking: /home/user/roskit_ws/install/ublox_gps/include/ublox_gps/node.hpp
[29.888s] -- Symlinking: /home/user/roskit_ws/install/ublox_gps/include/ublox_gps/raw_data_pa.hpp
[29.893s] -- Symlinking: /home/user/roskit_ws/install/ublox_gps/include/ublox_gps/raw_data_product.hpp
[29.898s] -- Symlinking: /home/user/roskit_ws/install/ublox_gps/include/ublox_gps/rtcm.hpp
[29.902s] -- Symlinking: /home/user/roskit_ws/install/ublox_gps/include/ublox_gps/tim_product.hpp
[29.907s] -- Symlinking: /home/user/roskit_ws/install/ublox_gps/include/ublox_gps/ublox_firmware.hpp
[29.911s] -- Symlinking: /home/user/roskit_ws/install/ublox_gps/include/ublox_gps/ublox_firmware6.hpp
[29.916s] -- Symlinking: /home/user/roskit_ws/install/ublox_gps/include/ublox_gps/ublox_firmware7.hpp
[29.921s] -- Symlinking: /home/user/roskit_ws/install/ublox_gps/include/ublox_gps/ublox_firmware7plus.hpp
[29.925s] -- Symlinking: /home/user/roskit_ws/install/ublox_gps/include/ublox_gps/ublox_firmware8.hpp
[29.930s] -- Symlinking: /home/user/roskit_ws/install/ublox_gps/include/ublox_gps/ublox_firmware9.hpp
[29.934s] -- Symlinking: /home/user/roskit_ws/install/ublox_gps/include/ublox_gps/ublox_topic_diagnostic.hpp
[29.939s] -- Symlinking: /home/user/roskit_ws/install/ublox_gps/include/ublox_gps/utils.hpp
[29.943s] -- Symlinking: /home/user/roskit_ws/install/ublox_gps/include/ublox_gps/worker.hpp
[29.949s] -- Symlinking: /home/user/roskit_ws/install/ublox_gps/share/ublox_gps/launch/ublox_gps_node-composed-launch.py
[29.953s] -- Symlinking: /home/user/roskit_ws/install/ublox_gps/share/ublox_gps/launch/ublox_gps_node_zedf9p-launch.py
[29.958s] -- Symlinking: /home/user/roskit_ws/install/ublox_gps/share/ublox_gps/config/zed_f9p.yaml
[29.963s] -- Symlinking: /home/user/roskit_ws/install/ublox_gps/share/ament_index/resource_index/package_run_dependencies/ublox_gps
[29.968s] -- Symlinking: /home/user/roskit_ws/install/ublox_gps/share/ament_index/resource_index/parent_prefix_path/ublox_gps
[29.972s] -- Symlinking: /home/user/roskit_ws/install/ublox_gps/share/ublox_gps/environment/ament_prefix_path.sh
[29.977s] -- Symlinking: /home/user/roskit_ws/install/ublox_gps/share/ublox_gps/environment/ament_prefix_path.dsv
[29.982s] -- Symlinking: /home/user/roskit_ws/install/ublox_gps/share/ublox_gps/environment/path.sh
[29.986s] -- Symlinking: /home/user/roskit_ws/install/ublox_gps/share/ublox_gps/environment/path.dsv
[29.991s] -- Symlinking: /home/user/roskit_ws/install/ublox_gps/share/ublox_gps/local_setup.bash
[29.995s] -- Symlinking: /home/user/roskit_ws/install/ublox_gps/share/ublox_gps/local_setup.sh
[30.000s] -- Symlinking: /home/user/roskit_ws/install/ublox_gps/share/ublox_gps/local_setup.zsh
[30.005s] -- Symlinking: /home/user/roskit_ws/install/ublox_gps/share/ublox_gps/local_setup.dsv
[30.009s] -- Symlinking: /home/user/roskit_ws/install/ublox_gps/share/ublox_gps/package.dsv
[30.015s] -- Symlinking: /home/user/roskit_ws/install/ublox_gps/share/ament_index/resource_index/packages/ublox_gps
[30.019s] -- Symlinking: /home/user/roskit_ws/install/ublox_gps/share/ament_index/resource_index/rclcpp_components/ublox_gps
[30.024s] -- Symlinking: /home/user/roskit_ws/install/ublox_gps/share/ublox_gps/cmake/ublox_gpsConfig.cmake
[30.029s] -- Symlinking: /home/user/roskit_ws/install/ublox_gps/share/ublox_gps/cmake/ublox_gpsConfig-version.cmake
[30.033s] -- Symlinking: /home/user/roskit_ws/install/ublox_gps/share/ublox_gps/package.xml
[30.041s] Invoked command in '/home/user/roskit_ws/build/ublox_gps' returned '0': AMENT_PREFIX_PATH=/home/user/roskit_ws/install/ublox_msgs:${AMENT_PREFIX_PATH} CMAKE_PREFIX_PATH=/home/user/roskit_ws/install/ublox_msgs:/home/user/roskit_ws/install/ublox_serialization:/opt/ros/humble:/home/user/roskit_ws/install/ugv_sdk:/home/user/roskit_ws/install/tracer_msgs:/home/user/roskit_ws/install/scout_msgs:/home/user/roskit_ws/install/scout_description:/home/user/roskit_ws/install/rslidar_msg:/home/user/roskit_ws/install/ranger_msgs:/home/user/roskit_ws/install/ranger_bringup:/home/user/roskit_ws/install/phidgets_msgs:/home/user/roskit_ws/install/ouster_sensor_msgs:/home/user/roskit_ws/install/libphidget22:/home/user/roskit_ws/install/hunter_msgs:/home/user/roskit_ws/install/gr_description:/home/user/roskit_ws/install/gr_bringup LD_LIBRARY_PATH=/home/user/roskit_ws/install/ublox_msgs/lib:${LD_LIBRARY_PATH} PYTHONPATH=/home/user/roskit_ws/install/ublox_msgs/local/lib/python3.10/dist-packages:${PYTHONPATH} /usr/bin/cmake --install /home/user/roskit_ws/build/ublox_gps
