[0.048s] Invoking command in '/home/user/roskit_ws/build/ranger_base': CMAKE_PREFIX_PATH=/opt/ros/humble:/home/user/roskit_ws/install/ugv_sdk:/home/user/roskit_ws/install/ranger_msgs:/home/user/roskit_ws/install/ublox_serialization:/home/user/roskit_ws/install/tracer_msgs:/home/user/roskit_ws/install/scout_msgs:/home/user/roskit_ws/install/scout_description:/home/user/roskit_ws/install/rslidar_msg:/home/user/roskit_ws/install/ranger_bringup:/home/user/roskit_ws/install/phidgets_msgs:/home/user/roskit_ws/install/ouster_sensor_msgs:/home/user/roskit_ws/install/libphidget22:/home/user/roskit_ws/install/hunter_msgs:/home/user/roskit_ws/install/gr_description:/home/user/roskit_ws/install/gr_bringup LD_LIBRARY_PATH=/home/user/roskit_ws/install/ranger_msgs/lib:/home/user/roskit_ws/install/tracer_msgs/lib:/home/user/roskit_ws/install/scout_msgs/lib:/home/user/roskit_ws/install/rslidar_msg/lib:/home/user/roskit_ws/install/phidgets_msgs/lib:/home/user/roskit_ws/install/ouster_sensor_msgs/lib:/home/user/roskit_ws/install/livox_sdk2/lib:/home/user/roskit_ws/install/libphidget22/opt/libphidget22/lib:/home/user/roskit_ws/install/hunter_msgs/lib:/usr/lib/x86_64-linux-gnu/gazebo-11/plugins:/opt/ros/humble/opt/rviz_ogre_vendor/lib:/opt/ros/humble/lib/x86_64-linux-gnu:/opt/ros/humble/lib /usr/bin/cmake --build /home/user/roskit_ws/build/ranger_base -- -j16 -l16
[0.098s] [35m[1mConsolidate compiler generated dependencies of target ranger_base_node[0m
[0.139s] [100%] Built target ranger_base_node
[0.261s] Invoked command in '/home/user/roskit_ws/build/ranger_base' returned '0': CMAKE_PREFIX_PATH=/opt/ros/humble:/home/user/roskit_ws/install/ugv_sdk:/home/user/roskit_ws/install/ranger_msgs:/home/user/roskit_ws/install/ublox_serialization:/home/user/roskit_ws/install/tracer_msgs:/home/user/roskit_ws/install/scout_msgs:/home/user/roskit_ws/install/scout_description:/home/user/roskit_ws/install/rslidar_msg:/home/user/roskit_ws/install/ranger_bringup:/home/user/roskit_ws/install/phidgets_msgs:/home/user/roskit_ws/install/ouster_sensor_msgs:/home/user/roskit_ws/install/libphidget22:/home/user/roskit_ws/install/hunter_msgs:/home/user/roskit_ws/install/gr_description:/home/user/roskit_ws/install/gr_bringup LD_LIBRARY_PATH=/home/user/roskit_ws/install/ranger_msgs/lib:/home/user/roskit_ws/install/tracer_msgs/lib:/home/user/roskit_ws/install/scout_msgs/lib:/home/user/roskit_ws/install/rslidar_msg/lib:/home/user/roskit_ws/install/phidgets_msgs/lib:/home/user/roskit_ws/install/ouster_sensor_msgs/lib:/home/user/roskit_ws/install/livox_sdk2/lib:/home/user/roskit_ws/install/libphidget22/opt/libphidget22/lib:/home/user/roskit_ws/install/hunter_msgs/lib:/usr/lib/x86_64-linux-gnu/gazebo-11/plugins:/opt/ros/humble/opt/rviz_ogre_vendor/lib:/opt/ros/humble/lib/x86_64-linux-gnu:/opt/ros/humble/lib /usr/bin/cmake --build /home/user/roskit_ws/build/ranger_base -- -j16 -l16
[0.262s] Invoking command in '/home/user/roskit_ws/build/ranger_base': CMAKE_PREFIX_PATH=/opt/ros/humble:/home/user/roskit_ws/install/ugv_sdk:/home/user/roskit_ws/install/ranger_msgs:/home/user/roskit_ws/install/ublox_serialization:/home/user/roskit_ws/install/tracer_msgs:/home/user/roskit_ws/install/scout_msgs:/home/user/roskit_ws/install/scout_description:/home/user/roskit_ws/install/rslidar_msg:/home/user/roskit_ws/install/ranger_bringup:/home/user/roskit_ws/install/phidgets_msgs:/home/user/roskit_ws/install/ouster_sensor_msgs:/home/user/roskit_ws/install/libphidget22:/home/user/roskit_ws/install/hunter_msgs:/home/user/roskit_ws/install/gr_description:/home/user/roskit_ws/install/gr_bringup LD_LIBRARY_PATH=/home/user/roskit_ws/install/ranger_msgs/lib:/home/user/roskit_ws/install/tracer_msgs/lib:/home/user/roskit_ws/install/scout_msgs/lib:/home/user/roskit_ws/install/rslidar_msg/lib:/home/user/roskit_ws/install/phidgets_msgs/lib:/home/user/roskit_ws/install/ouster_sensor_msgs/lib:/home/user/roskit_ws/install/livox_sdk2/lib:/home/user/roskit_ws/install/libphidget22/opt/libphidget22/lib:/home/user/roskit_ws/install/hunter_msgs/lib:/usr/lib/x86_64-linux-gnu/gazebo-11/plugins:/opt/ros/humble/opt/rviz_ogre_vendor/lib:/opt/ros/humble/lib/x86_64-linux-gnu:/opt/ros/humble/lib /usr/bin/cmake --install /home/user/roskit_ws/build/ranger_base
[0.270s] -- Install configuration: "Release"
[0.271s] -- Execute custom install script
[0.271s] -- Up-to-date symlink: /home/user/roskit_ws/install/ranger_base/lib/ranger_base/ranger_base_node
[0.271s] -- Up-to-date symlink: /home/user/roskit_ws/install/ranger_base/share/ranger_base//launch/include/ranger_robot_base.launch.xml
[0.271s] -- Up-to-date symlink: /home/user/roskit_ws/install/ranger_base/share/ranger_base//launch/ranger.launch.xml
[0.271s] -- Up-to-date symlink: /home/user/roskit_ws/install/ranger_base/share/ranger_base//launch/ranger_mini_v1.launch.xml
[0.271s] -- Up-to-date symlink: /home/user/roskit_ws/install/ranger_base/share/ranger_base//launch/ranger_mini_v2.launch.xml
[0.271s] -- Up-to-date symlink: /home/user/roskit_ws/install/ranger_base/share/ament_index/resource_index/package_run_dependencies/ranger_base
[0.272s] -- Up-to-date symlink: /home/user/roskit_ws/install/ranger_base/share/ament_index/resource_index/parent_prefix_path/ranger_base
[0.272s] -- Up-to-date symlink: /home/user/roskit_ws/install/ranger_base/share/ranger_base/environment/ament_prefix_path.sh
[0.272s] -- Up-to-date symlink: /home/user/roskit_ws/install/ranger_base/share/ranger_base/environment/ament_prefix_path.dsv
[0.273s] -- Up-to-date symlink: /home/user/roskit_ws/install/ranger_base/share/ranger_base/environment/path.sh
[0.273s] -- Up-to-date symlink: /home/user/roskit_ws/install/ranger_base/share/ranger_base/environment/path.dsv
[0.273s] -- Up-to-date symlink: /home/user/roskit_ws/install/ranger_base/share/ranger_base/local_setup.bash
[0.273s] -- Up-to-date symlink: /home/user/roskit_ws/install/ranger_base/share/ranger_base/local_setup.sh
[0.273s] -- Up-to-date symlink: /home/user/roskit_ws/install/ranger_base/share/ranger_base/local_setup.zsh
[0.273s] -- Up-to-date symlink: /home/user/roskit_ws/install/ranger_base/share/ranger_base/local_setup.dsv
[0.274s] -- Symlinking: /home/user/roskit_ws/install/ranger_base/share/ranger_base/package.dsv
[0.279s] -- Up-to-date symlink: /home/user/roskit_ws/install/ranger_base/share/ament_index/resource_index/packages/ranger_base
[0.280s] -- Up-to-date symlink: /home/user/roskit_ws/install/ranger_base/share/ranger_base/cmake/ranger_baseConfig.cmake
[0.280s] -- Up-to-date symlink: /home/user/roskit_ws/install/ranger_base/share/ranger_base/cmake/ranger_baseConfig-version.cmake
[0.280s] -- Up-to-date symlink: /home/user/roskit_ws/install/ranger_base/share/ranger_base/package.xml
[0.353s] Invoked command in '/home/user/roskit_ws/build/ranger_base' returned '0': CMAKE_PREFIX_PATH=/opt/ros/humble:/home/user/roskit_ws/install/ugv_sdk:/home/user/roskit_ws/install/ranger_msgs:/home/user/roskit_ws/install/ublox_serialization:/home/user/roskit_ws/install/tracer_msgs:/home/user/roskit_ws/install/scout_msgs:/home/user/roskit_ws/install/scout_description:/home/user/roskit_ws/install/rslidar_msg:/home/user/roskit_ws/install/ranger_bringup:/home/user/roskit_ws/install/phidgets_msgs:/home/user/roskit_ws/install/ouster_sensor_msgs:/home/user/roskit_ws/install/libphidget22:/home/user/roskit_ws/install/hunter_msgs:/home/user/roskit_ws/install/gr_description:/home/user/roskit_ws/install/gr_bringup LD_LIBRARY_PATH=/home/user/roskit_ws/install/ranger_msgs/lib:/home/user/roskit_ws/install/tracer_msgs/lib:/home/user/roskit_ws/install/scout_msgs/lib:/home/user/roskit_ws/install/rslidar_msg/lib:/home/user/roskit_ws/install/phidgets_msgs/lib:/home/user/roskit_ws/install/ouster_sensor_msgs/lib:/home/user/roskit_ws/install/livox_sdk2/lib:/home/user/roskit_ws/install/libphidget22/opt/libphidget22/lib:/home/user/roskit_ws/install/hunter_msgs/lib:/usr/lib/x86_64-linux-gnu/gazebo-11/plugins:/opt/ros/humble/opt/rviz_ogre_vendor/lib:/opt/ros/humble/lib/x86_64-linux-gnu:/opt/ros/humble/lib /usr/bin/cmake --install /home/user/roskit_ws/build/ranger_base
