[0.028s] Invoking command in '/home/user/roskit_ws/build/hunter_msgs': /usr/bin/cmake /home/user/roskit_ws/src/hunter_ros2/hunter_msgs -DCMAKE_BUILD_TYPE=Release -DAMENT_CMAKE_SYMLINK_INSTALL=1 -DCMAKE_INSTALL_PREFIX=/home/user/roskit_ws/install/hunter_msgs
[0.076s] -- The C compiler identification is GNU 11.4.0
[0.117s] -- The CXX compiler identification is GNU 11.4.0
[0.124s] -- Detecting C compiler ABI info
[0.167s] -- Detecting C compiler ABI info - done
[0.170s] -- Check for working C compiler: /usr/lib/ccache/cc - skipped
[0.174s] -- Detecting C compile features
[0.174s] -- Detecting C compile features - done
[0.174s] -- Detecting CXX compiler ABI info
[0.223s] -- Detecting CXX compiler ABI info - done
[0.230s] -- Check for working CXX compiler: /usr/lib/ccache/c++ - skipped
[0.230s] -- Detecting CXX compile features
[0.230s] -- Detecting CXX compile features - done
[0.249s] -- Configuring incomplete, errors occurred!
[0.249s] See also "/home/user/roskit_ws/build/hunter_msgs/CMakeFiles/CMakeOutput.log".
[0.252s] [31mCMake Error at CMakeLists.txt:14 (find_package):
[0.252s]   By not providing "Findament_cmake.cmake" in CMAKE_MODULE_PATH this project
[0.253s]   has asked CMake to find a package configuration file provided by
[0.253s]   "ament_cmake", but CMake did not find one.
[0.253s] 
[0.253s]   Could not find a package configuration file provided by "ament_cmake" with
[0.253s]   any of the following names:
[0.253s] 
[0.253s]     ament_cmakeConfig.cmake
[0.253s]     ament_cmake-config.cmake
[0.253s] 
[0.253s]   Add the installation prefix of "ament_cmake" to CMAKE_PREFIX_PATH or set
[0.253s]   "ament_cmake_DIR" to a directory containing one of the above files.  If
[0.253s]   "ament_cmake" provides a separate development package or SDK, be sure it
[0.253s]   has been installed.
[0.253s] 
[0.253s] [0m
[0.255s] Invoked command in '/home/user/roskit_ws/build/hunter_msgs' returned '1': /usr/bin/cmake /home/user/roskit_ws/src/hunter_ros2/hunter_msgs -DCMAKE_BUILD_TYPE=Release -DAMENT_CMAKE_SYMLINK_INSTALL=1 -DCMAKE_INSTALL_PREFIX=/home/user/roskit_ws/install/hunter_msgs
