[0.064s] Invoking command in '/home/user/roskit_ws/build/phidgets_gyroscope': AMENT_PREFIX_PATH=/home/user/roskit_ws/install/phidgets_api:${AMENT_PREFIX_PATH} CMAKE_PREFIX_PATH=/home/user/roskit_ws/install/phidgets_api:/home/user/roskit_ws/install/libphidget22:/opt/ros/humble:/home/user/roskit_ws/install/ugv_sdk:/home/user/roskit_ws/install/ublox_serialization:/home/user/roskit_ws/install/tracer_msgs:/home/user/roskit_ws/install/scout_msgs:/home/user/roskit_ws/install/scout_description:/home/user/roskit_ws/install/rslidar_msg:/home/user/roskit_ws/install/ranger_msgs:/home/user/roskit_ws/install/ranger_bringup:/home/user/roskit_ws/install/phidgets_msgs:/home/user/roskit_ws/install/ouster_sensor_msgs:/home/user/roskit_ws/install/hunter_msgs:/home/user/roskit_ws/install/gr_description:/home/user/roskit_ws/install/gr_bringup LD_LIBRARY_PATH=/home/user/roskit_ws/install/phidgets_api/lib:${LD_LIBRARY_PATH} /usr/bin/cmake /home/user/roskit_ws/src/phidgets_drivers/phidgets_gyroscope -DCMAKE_BUILD_TYPE=Release -DROS_EDITION=ROS2 -DHUMBLE_ROS=humble -DAMENT_CMAKE_SYMLINK_INSTALL=1 -DCMAKE_INSTALL_PREFIX=/home/user/roskit_ws/install/phidgets_gyroscope
[0.196s] -- The C compiler identification is GNU 11.4.0
[0.196s] -- The CXX compiler identification is GNU 11.4.0
[0.196s] -- Detecting C compiler ABI info
[0.223s] -- Detecting C compiler ABI info - done
[0.229s] -- Check for working C compiler: /usr/lib/ccache/cc - skipped
[0.229s] -- Detecting C compile features
[0.229s] -- Detecting C compile features - done
[0.231s] -- Detecting CXX compiler ABI info
[0.313s] -- Detecting CXX compiler ABI info - done
[0.324s] -- Check for working CXX compiler: /usr/lib/ccache/c++ - skipped
[0.324s] -- Detecting CXX compile features
[0.324s] -- Detecting CXX compile features - done
[0.330s] -- Found ament_cmake_ros: 0.10.0 (/opt/ros/humble/share/ament_cmake_ros/cmake)
[0.560s] -- Found Python3: /usr/bin/python3 (found version "3.10.12") found components: Interpreter 
[0.624s] -- Override CMake install command with custom implementation using symlinks instead of copying resources
[0.649s] -- Found phidgets_api: 2.3.3 (/home/user/roskit_ws/install/phidgets_api/share/phidgets_api/cmake)
[0.651s] -- Found rclcpp: 16.0.14 (/opt/ros/humble/share/rclcpp/cmake)
[0.679s] -- Found rosidl_generator_c: 3.1.7 (/opt/ros/humble/share/rosidl_generator_c/cmake)
[0.685s] -- Found rosidl_adapter: 3.1.7 (/opt/ros/humble/share/rosidl_adapter/cmake)
[0.690s] -- Found rosidl_generator_cpp: 3.1.7 (/opt/ros/humble/share/rosidl_generator_cpp/cmake)
[0.699s] -- Using all available rosidl_typesupport_c: rosidl_typesupport_fastrtps_c;rosidl_typesupport_introspection_c
[0.709s] -- Using all available rosidl_typesupport_cpp: rosidl_typesupport_fastrtps_cpp;rosidl_typesupport_introspection_cpp
[0.744s] -- Found rmw_implementation_cmake: 6.1.2 (/opt/ros/humble/share/rmw_implementation_cmake/cmake)
[0.744s] -- Found rmw_fastrtps_cpp: 6.2.8 (/opt/ros/humble/share/rmw_fastrtps_cpp/cmake)
[0.812s] -- Found OpenSSL: /usr/lib/x86_64-linux-gnu/libcrypto.so (found version "3.0.2")  
[0.836s] -- Found FastRTPS: /opt/ros/humble/include  
[0.879s] -- Using RMW implementation 'rmw_fastrtps_cpp' as default
[0.886s] -- Looking for pthread.h
[0.978s] -- Looking for pthread.h - found
[0.978s] -- Performing Test CMAKE_HAVE_LIBC_PTHREAD
[1.074s] -- Performing Test CMAKE_HAVE_LIBC_PTHREAD - Success
[1.076s] -- Found Threads: TRUE  
[1.122s] -- Found rclcpp_components: 16.0.14 (/opt/ros/humble/share/rclcpp_components/cmake)
[1.146s] -- Found sensor_msgs: 4.9.0 (/opt/ros/humble/share/sensor_msgs/cmake)
[1.171s] -- Found std_srvs: 4.9.0 (/opt/ros/humble/share/std_srvs/cmake)
[1.228s] -- Configuring done
[1.235s] -- Generating done
[1.236s] [33mCMake Warning:
[1.236s]   Manually-specified variables were not used by the project:
[1.236s] 
[1.236s]     HUMBLE_ROS
[1.236s]     ROS_EDITION
[1.236s] 
[1.236s] [0m
[1.237s] -- Build files have been written to: /home/user/roskit_ws/build/phidgets_gyroscope
[1.247s] Invoked command in '/home/user/roskit_ws/build/phidgets_gyroscope' returned '0': AMENT_PREFIX_PATH=/home/user/roskit_ws/install/phidgets_api:${AMENT_PREFIX_PATH} CMAKE_PREFIX_PATH=/home/user/roskit_ws/install/phidgets_api:/home/user/roskit_ws/install/libphidget22:/opt/ros/humble:/home/user/roskit_ws/install/ugv_sdk:/home/user/roskit_ws/install/ublox_serialization:/home/user/roskit_ws/install/tracer_msgs:/home/user/roskit_ws/install/scout_msgs:/home/user/roskit_ws/install/scout_description:/home/user/roskit_ws/install/rslidar_msg:/home/user/roskit_ws/install/ranger_msgs:/home/user/roskit_ws/install/ranger_bringup:/home/user/roskit_ws/install/phidgets_msgs:/home/user/roskit_ws/install/ouster_sensor_msgs:/home/user/roskit_ws/install/hunter_msgs:/home/user/roskit_ws/install/gr_description:/home/user/roskit_ws/install/gr_bringup LD_LIBRARY_PATH=/home/user/roskit_ws/install/phidgets_api/lib:${LD_LIBRARY_PATH} /usr/bin/cmake /home/user/roskit_ws/src/phidgets_drivers/phidgets_gyroscope -DCMAKE_BUILD_TYPE=Release -DROS_EDITION=ROS2 -DHUMBLE_ROS=humble -DAMENT_CMAKE_SYMLINK_INSTALL=1 -DCMAKE_INSTALL_PREFIX=/home/user/roskit_ws/install/phidgets_gyroscope
[1.248s] Invoking command in '/home/user/roskit_ws/build/phidgets_gyroscope': AMENT_PREFIX_PATH=/home/user/roskit_ws/install/phidgets_api:${AMENT_PREFIX_PATH} CMAKE_PREFIX_PATH=/home/user/roskit_ws/install/phidgets_api:/home/user/roskit_ws/install/libphidget22:/opt/ros/humble:/home/user/roskit_ws/install/ugv_sdk:/home/user/roskit_ws/install/ublox_serialization:/home/user/roskit_ws/install/tracer_msgs:/home/user/roskit_ws/install/scout_msgs:/home/user/roskit_ws/install/scout_description:/home/user/roskit_ws/install/rslidar_msg:/home/user/roskit_ws/install/ranger_msgs:/home/user/roskit_ws/install/ranger_bringup:/home/user/roskit_ws/install/phidgets_msgs:/home/user/roskit_ws/install/ouster_sensor_msgs:/home/user/roskit_ws/install/hunter_msgs:/home/user/roskit_ws/install/gr_description:/home/user/roskit_ws/install/gr_bringup LD_LIBRARY_PATH=/home/user/roskit_ws/install/phidgets_api/lib:${LD_LIBRARY_PATH} /usr/bin/cmake --build /home/user/roskit_ws/build/phidgets_gyroscope -- -j16 -l16
[1.349s] [ 50%] [32mBuilding CXX object CMakeFiles/phidgets_gyroscope.dir/src/gyroscope_ros_i.cpp.o[0m
[14.871s] [100%] [32m[1mLinking CXX shared library libphidgets_gyroscope.so[0m
[15.221s] [100%] Built target phidgets_gyroscope
[15.256s] Invoked command in '/home/user/roskit_ws/build/phidgets_gyroscope' returned '0': AMENT_PREFIX_PATH=/home/user/roskit_ws/install/phidgets_api:${AMENT_PREFIX_PATH} CMAKE_PREFIX_PATH=/home/user/roskit_ws/install/phidgets_api:/home/user/roskit_ws/install/libphidget22:/opt/ros/humble:/home/user/roskit_ws/install/ugv_sdk:/home/user/roskit_ws/install/ublox_serialization:/home/user/roskit_ws/install/tracer_msgs:/home/user/roskit_ws/install/scout_msgs:/home/user/roskit_ws/install/scout_description:/home/user/roskit_ws/install/rslidar_msg:/home/user/roskit_ws/install/ranger_msgs:/home/user/roskit_ws/install/ranger_bringup:/home/user/roskit_ws/install/phidgets_msgs:/home/user/roskit_ws/install/ouster_sensor_msgs:/home/user/roskit_ws/install/hunter_msgs:/home/user/roskit_ws/install/gr_description:/home/user/roskit_ws/install/gr_bringup LD_LIBRARY_PATH=/home/user/roskit_ws/install/phidgets_api/lib:${LD_LIBRARY_PATH} /usr/bin/cmake --build /home/user/roskit_ws/build/phidgets_gyroscope -- -j16 -l16
[15.260s] Invoking command in '/home/user/roskit_ws/build/phidgets_gyroscope': AMENT_PREFIX_PATH=/home/user/roskit_ws/install/phidgets_api:${AMENT_PREFIX_PATH} CMAKE_PREFIX_PATH=/home/user/roskit_ws/install/phidgets_api:/home/user/roskit_ws/install/libphidget22:/opt/ros/humble:/home/user/roskit_ws/install/ugv_sdk:/home/user/roskit_ws/install/ublox_serialization:/home/user/roskit_ws/install/tracer_msgs:/home/user/roskit_ws/install/scout_msgs:/home/user/roskit_ws/install/scout_description:/home/user/roskit_ws/install/rslidar_msg:/home/user/roskit_ws/install/ranger_msgs:/home/user/roskit_ws/install/ranger_bringup:/home/user/roskit_ws/install/phidgets_msgs:/home/user/roskit_ws/install/ouster_sensor_msgs:/home/user/roskit_ws/install/hunter_msgs:/home/user/roskit_ws/install/gr_description:/home/user/roskit_ws/install/gr_bringup LD_LIBRARY_PATH=/home/user/roskit_ws/install/phidgets_api/lib:${LD_LIBRARY_PATH} /usr/bin/cmake --install /home/user/roskit_ws/build/phidgets_gyroscope
[16.269s] -- Install configuration: "Release"
[16.269s] -- Execute custom install script
[16.269s] -- Symlinking: /home/user/roskit_ws/install/phidgets_gyroscope/lib/libphidgets_gyroscope.so
[16.269s] -- Symlinking: /home/user/roskit_ws/install/phidgets_gyroscope/include/phidgets_gyroscope/gyroscope_ros_i.hpp
[16.269s] -- Symlinking: /home/user/roskit_ws/install/phidgets_gyroscope/share/phidgets_gyroscope/launch/gyroscope-launch.py
[16.269s] -- Symlinking: /home/user/roskit_ws/install/phidgets_gyroscope/share/ament_index/resource_index/package_run_dependencies/phidgets_gyroscope
[16.269s] -- Symlinking: /home/user/roskit_ws/install/phidgets_gyroscope/share/ament_index/resource_index/parent_prefix_path/phidgets_gyroscope
[16.269s] -- Symlinking: /home/user/roskit_ws/install/phidgets_gyroscope/share/phidgets_gyroscope/environment/ament_prefix_path.sh
[16.269s] -- Symlinking: /home/user/roskit_ws/install/phidgets_gyroscope/share/phidgets_gyroscope/environment/ament_prefix_path.dsv
[16.269s] -- Symlinking: /home/user/roskit_ws/install/phidgets_gyroscope/share/phidgets_gyroscope/environment/path.sh
[16.269s] -- Symlinking: /home/user/roskit_ws/install/phidgets_gyroscope/share/phidgets_gyroscope/environment/path.dsv
[16.269s] -- Symlinking: /home/user/roskit_ws/install/phidgets_gyroscope/share/phidgets_gyroscope/local_setup.bash
[16.269s] -- Symlinking: /home/user/roskit_ws/install/phidgets_gyroscope/share/phidgets_gyroscope/local_setup.sh
[16.269s] -- Symlinking: /home/user/roskit_ws/install/phidgets_gyroscope/share/phidgets_gyroscope/local_setup.zsh
[16.269s] -- Symlinking: /home/user/roskit_ws/install/phidgets_gyroscope/share/phidgets_gyroscope/local_setup.dsv
[16.269s] -- Symlinking: /home/user/roskit_ws/install/phidgets_gyroscope/share/phidgets_gyroscope/package.dsv
[16.269s] -- Symlinking: /home/user/roskit_ws/install/phidgets_gyroscope/share/ament_index/resource_index/packages/phidgets_gyroscope
[16.269s] -- Symlinking: /home/user/roskit_ws/install/phidgets_gyroscope/share/ament_index/resource_index/rclcpp_components/phidgets_gyroscope
[16.269s] -- Symlinking: /home/user/roskit_ws/install/phidgets_gyroscope/share/phidgets_gyroscope/cmake/phidgets_gyroscopeConfig.cmake
[16.269s] -- Symlinking: /home/user/roskit_ws/install/phidgets_gyroscope/share/phidgets_gyroscope/cmake/phidgets_gyroscopeConfig-version.cmake
[16.269s] -- Symlinking: /home/user/roskit_ws/install/phidgets_gyroscope/share/phidgets_gyroscope/package.xml
[16.397s] Invoked command in '/home/user/roskit_ws/build/phidgets_gyroscope' returned '0': AMENT_PREFIX_PATH=/home/user/roskit_ws/install/phidgets_api:${AMENT_PREFIX_PATH} CMAKE_PREFIX_PATH=/home/user/roskit_ws/install/phidgets_api:/home/user/roskit_ws/install/libphidget22:/opt/ros/humble:/home/user/roskit_ws/install/ugv_sdk:/home/user/roskit_ws/install/ublox_serialization:/home/user/roskit_ws/install/tracer_msgs:/home/user/roskit_ws/install/scout_msgs:/home/user/roskit_ws/install/scout_description:/home/user/roskit_ws/install/rslidar_msg:/home/user/roskit_ws/install/ranger_msgs:/home/user/roskit_ws/install/ranger_bringup:/home/user/roskit_ws/install/phidgets_msgs:/home/user/roskit_ws/install/ouster_sensor_msgs:/home/user/roskit_ws/install/hunter_msgs:/home/user/roskit_ws/install/gr_description:/home/user/roskit_ws/install/gr_bringup LD_LIBRARY_PATH=/home/user/roskit_ws/install/phidgets_api/lib:${LD_LIBRARY_PATH} /usr/bin/cmake --install /home/user/roskit_ws/build/phidgets_gyroscope
