[0.075s] Invoking command in '/home/user/roskit_ws/build/phidgets_analog_inputs': AMENT_PREFIX_PATH=/home/user/roskit_ws/install/phidgets_api:${AMENT_PREFIX_PATH} CMAKE_PREFIX_PATH=/home/user/roskit_ws/install/phidgets_api:/home/user/roskit_ws/install/libphidget22:/opt/ros/humble:/home/user/roskit_ws/install/ugv_sdk:/home/user/roskit_ws/install/ublox_serialization:/home/user/roskit_ws/install/tracer_msgs:/home/user/roskit_ws/install/scout_msgs:/home/user/roskit_ws/install/scout_description:/home/user/roskit_ws/install/rslidar_msg:/home/user/roskit_ws/install/ranger_msgs:/home/user/roskit_ws/install/ranger_bringup:/home/user/roskit_ws/install/phidgets_msgs:/home/user/roskit_ws/install/ouster_sensor_msgs:/home/user/roskit_ws/install/hunter_msgs:/home/user/roskit_ws/install/gr_description:/home/user/roskit_ws/install/gr_bringup LD_LIBRARY_PATH=/home/user/roskit_ws/install/phidgets_api/lib:${LD_LIBRARY_PATH} /usr/bin/cmake /home/user/roskit_ws/src/phidgets_drivers/phidgets_analog_inputs -DCMAKE_BUILD_TYPE=Release -DROS_EDITION=ROS2 -DHUMBLE_ROS=humble -DAMENT_CMAKE_SYMLINK_INSTALL=1 -DCMAKE_INSTALL_PREFIX=/home/user/roskit_ws/install/phidgets_analog_inputs
[0.120s] -- The C compiler identification is GNU 11.4.0
[0.173s] -- The CXX compiler identification is GNU 11.4.0
[0.180s] -- Detecting C compiler ABI info
[0.230s] -- Detecting C compiler ABI info - done
[0.235s] -- Check for working C compiler: /usr/lib/ccache/cc - skipped
[0.235s] -- Detecting C compile features
[0.236s] -- Detecting C compile features - done
[0.238s] -- Detecting CXX compiler ABI info
[0.295s] -- Detecting CXX compiler ABI info - done
[0.303s] -- Check for working CXX compiler: /usr/lib/ccache/c++ - skipped
[0.303s] -- Detecting CXX compile features
[0.305s] -- Detecting CXX compile features - done
[0.308s] -- Found ament_cmake_ros: 0.10.0 (/opt/ros/humble/share/ament_cmake_ros/cmake)
[0.507s] -- Found Python3: /usr/bin/python3 (found version "3.10.12") found components: Interpreter 
[0.605s] -- Override CMake install command with custom implementation using symlinks instead of copying resources
[0.634s] -- Found phidgets_api: 2.3.3 (/home/user/roskit_ws/install/phidgets_api/share/phidgets_api/cmake)
[0.643s] -- Found rclcpp: 16.0.14 (/opt/ros/humble/share/rclcpp/cmake)
[0.687s] -- Found rosidl_generator_c: 3.1.7 (/opt/ros/humble/share/rosidl_generator_c/cmake)
[0.691s] -- Found rosidl_adapter: 3.1.7 (/opt/ros/humble/share/rosidl_adapter/cmake)
[0.698s] -- Found rosidl_generator_cpp: 3.1.7 (/opt/ros/humble/share/rosidl_generator_cpp/cmake)
[0.708s] -- Using all available rosidl_typesupport_c: rosidl_typesupport_fastrtps_c;rosidl_typesupport_introspection_c
[0.721s] -- Using all available rosidl_typesupport_cpp: rosidl_typesupport_fastrtps_cpp;rosidl_typesupport_introspection_cpp
[0.766s] -- Found rmw_implementation_cmake: 6.1.2 (/opt/ros/humble/share/rmw_implementation_cmake/cmake)
[0.766s] -- Found rmw_fastrtps_cpp: 6.2.8 (/opt/ros/humble/share/rmw_fastrtps_cpp/cmake)
[0.835s] -- Found OpenSSL: /usr/lib/x86_64-linux-gnu/libcrypto.so (found version "3.0.2")  
[0.856s] -- Found FastRTPS: /opt/ros/humble/include  
[0.896s] -- Using RMW implementation 'rmw_fastrtps_cpp' as default
[0.904s] -- Looking for pthread.h
[0.970s] -- Looking for pthread.h - found
[0.970s] -- Performing Test CMAKE_HAVE_LIBC_PTHREAD
[1.044s] -- Performing Test CMAKE_HAVE_LIBC_PTHREAD - Success
[1.044s] -- Found Threads: TRUE  
[1.085s] -- Found rclcpp_components: 16.0.14 (/opt/ros/humble/share/rclcpp_components/cmake)
[1.154s] -- Configuring done
[1.163s] -- Generating done
[1.164s] [33mCMake Warning:
[1.164s]   Manually-specified variables were not used by the project:
[1.164s] 
[1.164s]     HUMBLE_ROS
[1.164s]     ROS_EDITION
[1.164s] 
[1.164s] [0m
[1.166s] -- Build files have been written to: /home/user/roskit_ws/build/phidgets_analog_inputs
[1.179s] Invoked command in '/home/user/roskit_ws/build/phidgets_analog_inputs' returned '0': AMENT_PREFIX_PATH=/home/user/roskit_ws/install/phidgets_api:${AMENT_PREFIX_PATH} CMAKE_PREFIX_PATH=/home/user/roskit_ws/install/phidgets_api:/home/user/roskit_ws/install/libphidget22:/opt/ros/humble:/home/user/roskit_ws/install/ugv_sdk:/home/user/roskit_ws/install/ublox_serialization:/home/user/roskit_ws/install/tracer_msgs:/home/user/roskit_ws/install/scout_msgs:/home/user/roskit_ws/install/scout_description:/home/user/roskit_ws/install/rslidar_msg:/home/user/roskit_ws/install/ranger_msgs:/home/user/roskit_ws/install/ranger_bringup:/home/user/roskit_ws/install/phidgets_msgs:/home/user/roskit_ws/install/ouster_sensor_msgs:/home/user/roskit_ws/install/hunter_msgs:/home/user/roskit_ws/install/gr_description:/home/user/roskit_ws/install/gr_bringup LD_LIBRARY_PATH=/home/user/roskit_ws/install/phidgets_api/lib:${LD_LIBRARY_PATH} /usr/bin/cmake /home/user/roskit_ws/src/phidgets_drivers/phidgets_analog_inputs -DCMAKE_BUILD_TYPE=Release -DROS_EDITION=ROS2 -DHUMBLE_ROS=humble -DAMENT_CMAKE_SYMLINK_INSTALL=1 -DCMAKE_INSTALL_PREFIX=/home/user/roskit_ws/install/phidgets_analog_inputs
[1.179s] Invoking command in '/home/user/roskit_ws/build/phidgets_analog_inputs': AMENT_PREFIX_PATH=/home/user/roskit_ws/install/phidgets_api:${AMENT_PREFIX_PATH} CMAKE_PREFIX_PATH=/home/user/roskit_ws/install/phidgets_api:/home/user/roskit_ws/install/libphidget22:/opt/ros/humble:/home/user/roskit_ws/install/ugv_sdk:/home/user/roskit_ws/install/ublox_serialization:/home/user/roskit_ws/install/tracer_msgs:/home/user/roskit_ws/install/scout_msgs:/home/user/roskit_ws/install/scout_description:/home/user/roskit_ws/install/rslidar_msg:/home/user/roskit_ws/install/ranger_msgs:/home/user/roskit_ws/install/ranger_bringup:/home/user/roskit_ws/install/phidgets_msgs:/home/user/roskit_ws/install/ouster_sensor_msgs:/home/user/roskit_ws/install/hunter_msgs:/home/user/roskit_ws/install/gr_description:/home/user/roskit_ws/install/gr_bringup LD_LIBRARY_PATH=/home/user/roskit_ws/install/phidgets_api/lib:${LD_LIBRARY_PATH} /usr/bin/cmake --build /home/user/roskit_ws/build/phidgets_analog_inputs -- -j16 -l16
[1.370s] [ 50%] [32mBuilding CXX object CMakeFiles/phidgets_analog_inputs.dir/src/analog_inputs_ros_i.cpp.o[0m
[14.960s] [100%] [32m[1mLinking CXX shared library libphidgets_analog_inputs.so[0m
[15.152s] [100%] Built target phidgets_analog_inputs
[15.201s] Invoked command in '/home/user/roskit_ws/build/phidgets_analog_inputs' returned '0': AMENT_PREFIX_PATH=/home/user/roskit_ws/install/phidgets_api:${AMENT_PREFIX_PATH} CMAKE_PREFIX_PATH=/home/user/roskit_ws/install/phidgets_api:/home/user/roskit_ws/install/libphidget22:/opt/ros/humble:/home/user/roskit_ws/install/ugv_sdk:/home/user/roskit_ws/install/ublox_serialization:/home/user/roskit_ws/install/tracer_msgs:/home/user/roskit_ws/install/scout_msgs:/home/user/roskit_ws/install/scout_description:/home/user/roskit_ws/install/rslidar_msg:/home/user/roskit_ws/install/ranger_msgs:/home/user/roskit_ws/install/ranger_bringup:/home/user/roskit_ws/install/phidgets_msgs:/home/user/roskit_ws/install/ouster_sensor_msgs:/home/user/roskit_ws/install/hunter_msgs:/home/user/roskit_ws/install/gr_description:/home/user/roskit_ws/install/gr_bringup LD_LIBRARY_PATH=/home/user/roskit_ws/install/phidgets_api/lib:${LD_LIBRARY_PATH} /usr/bin/cmake --build /home/user/roskit_ws/build/phidgets_analog_inputs -- -j16 -l16
[15.202s] Invoking command in '/home/user/roskit_ws/build/phidgets_analog_inputs': AMENT_PREFIX_PATH=/home/user/roskit_ws/install/phidgets_api:${AMENT_PREFIX_PATH} CMAKE_PREFIX_PATH=/home/user/roskit_ws/install/phidgets_api:/home/user/roskit_ws/install/libphidget22:/opt/ros/humble:/home/user/roskit_ws/install/ugv_sdk:/home/user/roskit_ws/install/ublox_serialization:/home/user/roskit_ws/install/tracer_msgs:/home/user/roskit_ws/install/scout_msgs:/home/user/roskit_ws/install/scout_description:/home/user/roskit_ws/install/rslidar_msg:/home/user/roskit_ws/install/ranger_msgs:/home/user/roskit_ws/install/ranger_bringup:/home/user/roskit_ws/install/phidgets_msgs:/home/user/roskit_ws/install/ouster_sensor_msgs:/home/user/roskit_ws/install/hunter_msgs:/home/user/roskit_ws/install/gr_description:/home/user/roskit_ws/install/gr_bringup LD_LIBRARY_PATH=/home/user/roskit_ws/install/phidgets_api/lib:${LD_LIBRARY_PATH} /usr/bin/cmake --install /home/user/roskit_ws/build/phidgets_analog_inputs
[16.290s] -- Install configuration: "Release"
[16.290s] -- Execute custom install script
[16.290s] -- Symlinking: /home/user/roskit_ws/install/phidgets_analog_inputs/lib/libphidgets_analog_inputs.so
[16.290s] -- Symlinking: /home/user/roskit_ws/install/phidgets_analog_inputs/include/phidgets_analog_inputs/analog_inputs_ros_i.hpp
[16.290s] -- Symlinking: /home/user/roskit_ws/install/phidgets_analog_inputs/share/phidgets_analog_inputs/launch/analog_inputs-launch.py
[16.290s] -- Symlinking: /home/user/roskit_ws/install/phidgets_analog_inputs/share/ament_index/resource_index/package_run_dependencies/phidgets_analog_inputs
[16.290s] -- Symlinking: /home/user/roskit_ws/install/phidgets_analog_inputs/share/ament_index/resource_index/parent_prefix_path/phidgets_analog_inputs
[16.290s] -- Symlinking: /home/user/roskit_ws/install/phidgets_analog_inputs/share/phidgets_analog_inputs/environment/ament_prefix_path.sh
[16.291s] -- Symlinking: /home/user/roskit_ws/install/phidgets_analog_inputs/share/phidgets_analog_inputs/environment/ament_prefix_path.dsv
[16.291s] -- Symlinking: /home/user/roskit_ws/install/phidgets_analog_inputs/share/phidgets_analog_inputs/environment/path.sh
[16.291s] -- Symlinking: /home/user/roskit_ws/install/phidgets_analog_inputs/share/phidgets_analog_inputs/environment/path.dsv
[16.291s] -- Symlinking: /home/user/roskit_ws/install/phidgets_analog_inputs/share/phidgets_analog_inputs/local_setup.bash
[16.291s] -- Symlinking: /home/user/roskit_ws/install/phidgets_analog_inputs/share/phidgets_analog_inputs/local_setup.sh
[16.291s] -- Symlinking: /home/user/roskit_ws/install/phidgets_analog_inputs/share/phidgets_analog_inputs/local_setup.zsh
[16.291s] -- Symlinking: /home/user/roskit_ws/install/phidgets_analog_inputs/share/phidgets_analog_inputs/local_setup.dsv
[16.291s] -- Symlinking: /home/user/roskit_ws/install/phidgets_analog_inputs/share/phidgets_analog_inputs/package.dsv
[16.291s] -- Symlinking: /home/user/roskit_ws/install/phidgets_analog_inputs/share/ament_index/resource_index/packages/phidgets_analog_inputs
[16.291s] -- Symlinking: /home/user/roskit_ws/install/phidgets_analog_inputs/share/ament_index/resource_index/rclcpp_components/phidgets_analog_inputs
[16.291s] -- Symlinking: /home/user/roskit_ws/install/phidgets_analog_inputs/share/phidgets_analog_inputs/cmake/phidgets_analog_inputsConfig.cmake
[16.291s] -- Symlinking: /home/user/roskit_ws/install/phidgets_analog_inputs/share/phidgets_analog_inputs/cmake/phidgets_analog_inputsConfig-version.cmake
[16.291s] -- Symlinking: /home/user/roskit_ws/install/phidgets_analog_inputs/share/phidgets_analog_inputs/package.xml
[16.406s] Invoked command in '/home/user/roskit_ws/build/phidgets_analog_inputs' returned '0': AMENT_PREFIX_PATH=/home/user/roskit_ws/install/phidgets_api:${AMENT_PREFIX_PATH} CMAKE_PREFIX_PATH=/home/user/roskit_ws/install/phidgets_api:/home/user/roskit_ws/install/libphidget22:/opt/ros/humble:/home/user/roskit_ws/install/ugv_sdk:/home/user/roskit_ws/install/ublox_serialization:/home/user/roskit_ws/install/tracer_msgs:/home/user/roskit_ws/install/scout_msgs:/home/user/roskit_ws/install/scout_description:/home/user/roskit_ws/install/rslidar_msg:/home/user/roskit_ws/install/ranger_msgs:/home/user/roskit_ws/install/ranger_bringup:/home/user/roskit_ws/install/phidgets_msgs:/home/user/roskit_ws/install/ouster_sensor_msgs:/home/user/roskit_ws/install/hunter_msgs:/home/user/roskit_ws/install/gr_description:/home/user/roskit_ws/install/gr_bringup LD_LIBRARY_PATH=/home/user/roskit_ws/install/phidgets_api/lib:${LD_LIBRARY_PATH} /usr/bin/cmake --install /home/user/roskit_ws/build/phidgets_analog_inputs
