[0.038s] Invoking command in '/home/user/roskit_ws/build/livox_ros_driver2': CMAKE_PREFIX_PATH=/opt/ros/humble /usr/bin/cmake /home/user/roskit_ws/src/livox_ros_driver2 -DCMAKE_BUILD_TYPE=Release -DAMENT_CMAKE_SYMLINK_INSTALL=1 -DCMAKE_INSTALL_PREFIX=/home/user/roskit_ws/install/livox_ros_driver2
[0.287s] -- livox_ros_driver2 version: 1.2.4
[0.288s] -- Found ament_cmake_auto: 1.3.12 (/opt/ros/humble/share/ament_cmake_auto/cmake)
[0.288s] -- Found Python3: /usr/bin/python3 (found version "3.10.12") found components: Interpreter 
[0.288s] -- Override CMake install command with custom implementation using symlinks instead of copying resources
[0.305s] -- Using all available rosidl_typesupport_c: rosidl_typesupport_fastrtps_c;rosidl_typesupport_introspection_c
[0.316s] -- Found rosidl_adapter: 3.1.7 (/opt/ros/humble/share/rosidl_adapter/cmake)
[0.353s] -- Using all available rosidl_typesupport_cpp: rosidl_typesupport_fastrtps_cpp;rosidl_typesupport_introspection_cpp
[0.408s] -- Found rmw_implementation_cmake: 6.1.2 (/opt/ros/humble/share/rmw_implementation_cmake/cmake)
[0.410s] -- Found rmw_fastrtps_cpp: 6.2.8 (/opt/ros/humble/share/rmw_fastrtps_cpp/cmake)
[0.481s] -- Found OpenSSL: /usr/lib/x86_64-linux-gnu/libcrypto.so (found version "3.0.2")  
[0.509s] -- Found FastRTPS: /opt/ros/humble/include  
[0.546s] -- Using RMW implementation 'rmw_fastrtps_cpp' as default
[0.553s] -- Looking for pthread.h
[0.624s] -- Looking for pthread.h - found
[0.625s] -- Performing Test CMAKE_HAVE_LIBC_PTHREAD
[0.691s] -- Performing Test CMAKE_HAVE_LIBC_PTHREAD - Success
[0.692s] -- Found Threads: TRUE  
[0.828s] -- Checking for module 'eigen3'
[0.840s] --   Found eigen3, version 3.4.0
[0.867s] -- Found Eigen: /usr/include/eigen3 (Required is at least version "3.1") 
[0.867s] -- Eigen found (include: /usr/include/eigen3, version: 3.4.0)
[0.905s] -- Checking for module 'flann'
[0.919s] --   Found flann, version 1.9.1
[0.950s] -- Found FLANN: /usr/lib/x86_64-linux-gnu/libflann_cpp.so  
[0.950s] -- FLANN found (include: /usr/include, lib: /usr/lib/x86_64-linux-gnu/libflann_cpp.so)
[4.545s] -- Checking for module 'libusb-1.0'
[4.592s] --   Found libusb-1.0, version 1.0.25
[4.783s] -- Found libusb: /usr/lib/x86_64-linux-gnu/libusb-1.0.so  
[4.797s] -- OpenNI found (version: 1.5.4.0, include: /usr/include/ni, lib: /usr/lib/libOpenNI.so;libusb::libusb)
[5.036s] -- OpenNI2 found (version: 2.2.0.33, include: /usr/include/openni2, lib: /usr/lib/x86_64-linux-gnu/libOpenNI2.so;libusb::libusb)
[5.666s] -- Eigen found (include: /usr/include/eigen3, version: 3.4.0)
[5.687s] -- OpenNI found (version: 1.5.4.0, include: /usr/include/ni, lib: /usr/lib/libOpenNI.so;libusb::libusb)
[5.705s] -- OpenNI2 found (version: 2.2.0.33, include: /usr/include/openni2, lib: /usr/lib/x86_64-linux-gnu/libOpenNI2.so;libusb::libusb)
[6.005s] -- Found Qhull version 8.0.2
[6.123s] -- OpenNI found (version: 1.5.4.0, include: /usr/include/ni, lib: /usr/lib/libOpenNI.so;libusb::libusb)
[6.214s] -- Found PCL_COMMON: /usr/lib/x86_64-linux-gnu/libpcl_common.so  
[6.214s] -- Found PCL_KDTREE: /usr/lib/x86_64-linux-gnu/libpcl_kdtree.so  
[6.215s] -- Found PCL_OCTREE: /usr/lib/x86_64-linux-gnu/libpcl_octree.so  
[6.215s] -- Found PCL_SEARCH: /usr/lib/x86_64-linux-gnu/libpcl_search.so  
[6.215s] -- Found PCL_SAMPLE_CONSENSUS: /usr/lib/x86_64-linux-gnu/libpcl_sample_consensus.so  
[6.217s] -- Found PCL_FILTERS: /usr/lib/x86_64-linux-gnu/libpcl_filters.so  
[6.217s] -- Found PCL_2D: /usr/include/pcl-1.12  
[6.217s] -- Found PCL_GEOMETRY: /usr/include/pcl-1.12  
[6.217s] -- Found PCL_IO: /usr/lib/x86_64-linux-gnu/libpcl_io.so  
[6.218s] -- Found PCL_FEATURES: /usr/lib/x86_64-linux-gnu/libpcl_features.so  
[6.218s] -- Found PCL_ML: /usr/lib/x86_64-linux-gnu/libpcl_ml.so  
[6.218s] -- Found PCL_SEGMENTATION: /usr/lib/x86_64-linux-gnu/libpcl_segmentation.so  
[6.219s] -- Found PCL_VISUALIZATION: /usr/lib/x86_64-linux-gnu/libpcl_visualization.so  
[6.219s] -- Found PCL_SURFACE: /usr/lib/x86_64-linux-gnu/libpcl_surface.so  
[6.220s] -- Found PCL_REGISTRATION: /usr/lib/x86_64-linux-gnu/libpcl_registration.so  
[6.221s] -- Found PCL_KEYPOINTS: /usr/lib/x86_64-linux-gnu/libpcl_keypoints.so  
[6.221s] -- Found PCL_TRACKING: /usr/lib/x86_64-linux-gnu/libpcl_tracking.so  
[6.221s] -- Found PCL_RECOGNITION: /usr/lib/x86_64-linux-gnu/libpcl_recognition.so  
[6.222s] -- Found PCL_STEREO: /usr/lib/x86_64-linux-gnu/libpcl_stereo.so  
[6.222s] -- Found PCL_APPS: /usr/lib/x86_64-linux-gnu/libpcl_apps.so  
[6.223s] -- Found PCL_IN_HAND_SCANNER: /usr/include/pcl-1.12  
[6.223s] -- Found PCL_MODELER: /usr/include/pcl-1.12  
[6.223s] -- Found PCL_POINT_CLOUD_EDITOR: /usr/include/pcl-1.12  
[6.224s] -- Found PCL_OUTOFCORE: /usr/lib/x86_64-linux-gnu/libpcl_outofcore.so  
[6.224s] -- Found PCL_PEOPLE: /usr/lib/x86_64-linux-gnu/libpcl_people.so  
[6.263s] -- Found PkgConfig: /usr/bin/pkg-config (found version "0.29.2") 
[6.264s] -- Checking for module 'apr-1'
[6.266s] --   No package 'apr-1' found
[6.422s] -- Found ament_cmake_ros: 0.10.0 (/opt/ros/humble/share/ament_cmake_ros/cmake)
[6.617s] -- Using all available rosidl_typesupport_c: rosidl_typesupport_fastrtps_c;rosidl_typesupport_introspection_c
[6.959s] -- Using all available rosidl_typesupport_cpp: rosidl_typesupport_fastrtps_cpp;rosidl_typesupport_introspection_cpp
[6.986s] -- Found PythonInterp: /usr/bin/python3 (found suitable version "3.10.12", minimum required is "3.6") 
[6.988s] -- Found python_cmake_module: 0.10.0 (/opt/ros/humble/share/python_cmake_module/cmake)
[7.007s] -- Found PythonLibs: /usr/lib/x86_64-linux-gnu/libpython3.10.so (found suitable version "3.10.12", minimum required is "3.5") 
[7.010s] -- Using PYTHON_EXECUTABLE: /usr/bin/python3
[7.010s] -- Using PYTHON_INCLUDE_DIRS: /usr/include/python3.10
[7.010s] -- Using PYTHON_LIBRARIES: /usr/lib/x86_64-linux-gnu/libpython3.10.so
[7.023s] -- Found PythonExtra: .so  
[7.079s] -- Found ament_lint_auto: 0.12.14 (/opt/ros/humble/share/ament_lint_auto/cmake)
[7.112s] -- Added test 'copyright' to check source files copyright and LICENSE
[7.115s] -- Added test 'cppcheck' to perform static code analysis on C / C++ code
[7.115s] -- Configured cppcheck include dirs: /home/user/roskit_ws/src/livox_ros_driver2/3rdparty;/home/user/roskit_ws/src/livox_ros_driver2/src
[7.115s] -- Configured cppcheck exclude dirs and/or files: 
[7.119s] -- Added test 'cpplint' to check C / C++ code against the Google style
[7.119s] -- Configured cpplint exclude dirs and/or files: 
[7.119s] -- Added test 'flake8' to check Python code syntax and style conventions
[7.120s] -- Added test 'lint_cmake' to check CMake code style
[7.121s] -- Added test 'pep257' to check Python code against some of the docstring style conventions in PEP 257
[7.124s] -- Added test 'uncrustify' to check C / C++ code style
[7.124s] -- Configured uncrustify additional arguments: 
[7.124s] -- Added test 'xmllint' to check XML markup files
[7.128s] -- Configuring done
[7.132s] [0mCMake Error: The following variables are used in this project, but they are set to NOTFOUND.
[7.132s] Please set them or make sure they are set and tested correctly in the CMake files:
[7.132s] /home/user/roskit_ws/src/livox_ros_driver2/LIVOX_INTERFACES_INCLUDE_DIRECTORIES
[7.132s]    used as include directory in directory /home/user/roskit_ws/src/livox_ros_driver2
[7.132s] [0m
[7.208s] -- Generating done
[7.212s] [0mCMake Generate step failed.  Build files cannot be regenerated correctly.[0m
[7.235s] Invoked command in '/home/user/roskit_ws/build/livox_ros_driver2' returned '1': CMAKE_PREFIX_PATH=/opt/ros/humble /usr/bin/cmake /home/user/roskit_ws/src/livox_ros_driver2 -DCMAKE_BUILD_TYPE=Release -DAMENT_CMAKE_SYMLINK_INSTALL=1 -DCMAKE_INSTALL_PREFIX=/home/user/roskit_ws/install/livox_ros_driver2
