[0.046s] Invoking command in '/home/user/roskit_ws/build/ranger_msgs': CMAKE_PREFIX_PATH=/opt/ros/humble:${CMAKE_PREFIX_PATH} /usr/bin/cmake --build /home/user/roskit_ws/build/ranger_msgs -- -j16 -l16
[0.129s] [ 11%] Built target ranger_msgs__rosidl_generator_c
[0.129s] [ 12%] Built target ranger_msgs__cpp
[0.129s] [ 12%] Built target ament_cmake_python_symlink_ranger_msgs
[0.185s] [ 23%] Built target ranger_msgs__rosidl_typesupport_c
[0.193s] [ 35%] Built target ranger_msgs__rosidl_typesupport_fastrtps_c
[0.195s] [ 46%] Built target ranger_msgs__rosidl_typesupport_introspection_c
[0.203s] [ 57%] Built target ranger_msgs__rosidl_typesupport_introspection_cpp
[0.221s] [ 69%] Built target ranger_msgs__rosidl_typesupport_cpp
[0.241s] [ 80%] Built target ranger_msgs__rosidl_typesupport_fastrtps_cpp
[0.257s] [ 80%] Built target ranger_msgs
[0.292s] [ 81%] Built target ranger_msgs__py
[0.352s] running egg_info
[0.353s] writing ranger_msgs.egg-info/PKG-INFO
[0.354s] writing dependency_links to ranger_msgs.egg-info/dependency_links.txt
[0.354s] writing top-level names to ranger_msgs.egg-info/top_level.txt
[0.354s] [ 91%] Built target ranger_msgs__rosidl_generator_py
[0.354s] reading manifest file 'ranger_msgs.egg-info/SOURCES.txt'
[0.354s] writing manifest file 'ranger_msgs.egg-info/SOURCES.txt'
[0.376s] [ 97%] Built target ranger_msgs__rosidl_typesupport_c__pyext
[0.376s] [ 97%] Built target ament_cmake_python_build_ranger_msgs_egg
[0.376s] [100%] Built target ranger_msgs__rosidl_typesupport_fastrtps_c__pyext
[0.376s] [100%] Built target ranger_msgs__rosidl_typesupport_introspection_c__pyext
[0.398s] Invoked command in '/home/user/roskit_ws/build/ranger_msgs' returned '0': CMAKE_PREFIX_PATH=/opt/ros/humble:${CMAKE_PREFIX_PATH} /usr/bin/cmake --build /home/user/roskit_ws/build/ranger_msgs -- -j16 -l16
[0.400s] Invoking command in '/home/user/roskit_ws/build/ranger_msgs': CMAKE_PREFIX_PATH=/opt/ros/humble:${CMAKE_PREFIX_PATH} /usr/bin/cmake --install /home/user/roskit_ws/build/ranger_msgs
[0.419s] -- Install configuration: "Release"
[0.419s] -- Execute custom install script
[0.419s] -- Up-to-date symlink: /home/user/roskit_ws/install/ranger_msgs/share/ament_index/resource_index/rosidl_interfaces/ranger_msgs
[0.419s] -- Up-to-date symlink: /home/user/roskit_ws/install/ranger_msgs/include/ranger_msgs/ranger_msgs/msg/actuator_state.h
[0.419s] -- Up-to-date symlink: /home/user/roskit_ws/install/ranger_msgs/include/ranger_msgs/ranger_msgs/msg/actuator_state_array.h
[0.419s] -- Up-to-date symlink: /home/user/roskit_ws/install/ranger_msgs/include/ranger_msgs/ranger_msgs/msg/detail/actuator_state__functions.h
[0.420s] -- Up-to-date symlink: /home/user/roskit_ws/install/ranger_msgs/include/ranger_msgs/ranger_msgs/msg/detail/actuator_state__struct.h
[0.420s] -- Up-to-date symlink: /home/user/roskit_ws/install/ranger_msgs/include/ranger_msgs/ranger_msgs/msg/detail/actuator_state__type_support.h
[0.420s] -- Up-to-date symlink: /home/user/roskit_ws/install/ranger_msgs/include/ranger_msgs/ranger_msgs/msg/detail/actuator_state_array__functions.h
[0.420s] -- Up-to-date symlink: /home/user/roskit_ws/install/ranger_msgs/include/ranger_msgs/ranger_msgs/msg/detail/actuator_state_array__struct.h
[0.420s] -- Up-to-date symlink: /home/user/roskit_ws/install/ranger_msgs/include/ranger_msgs/ranger_msgs/msg/detail/actuator_state_array__type_support.h
[0.420s] -- Up-to-date symlink: /home/user/roskit_ws/install/ranger_msgs/include/ranger_msgs/ranger_msgs/msg/detail/driver_state__functions.h
[0.420s] -- Up-to-date symlink: /home/user/roskit_ws/install/ranger_msgs/include/ranger_msgs/ranger_msgs/msg/detail/driver_state__struct.h
[0.420s] -- Up-to-date symlink: /home/user/roskit_ws/install/ranger_msgs/include/ranger_msgs/ranger_msgs/msg/detail/driver_state__type_support.h
[0.420s] -- Up-to-date symlink: /home/user/roskit_ws/install/ranger_msgs/include/ranger_msgs/ranger_msgs/msg/detail/motion_state__functions.h
[0.420s] -- Up-to-date symlink: /home/user/roskit_ws/install/ranger_msgs/include/ranger_msgs/ranger_msgs/msg/detail/motion_state__struct.h
[0.420s] -- Up-to-date symlink: /home/user/roskit_ws/install/ranger_msgs/include/ranger_msgs/ranger_msgs/msg/detail/motion_state__type_support.h
[0.420s] -- Up-to-date symlink: /home/user/roskit_ws/install/ranger_msgs/include/ranger_msgs/ranger_msgs/msg/detail/motor_state__functions.h
[0.420s] -- Up-to-date symlink: /home/user/roskit_ws/install/ranger_msgs/include/ranger_msgs/ranger_msgs/msg/detail/motor_state__struct.h
[0.420s] -- Up-to-date symlink: /home/user/roskit_ws/install/ranger_msgs/include/ranger_msgs/ranger_msgs/msg/detail/motor_state__type_support.h
[0.420s] -- Up-to-date symlink: /home/user/roskit_ws/install/ranger_msgs/include/ranger_msgs/ranger_msgs/msg/detail/system_state__functions.h
[0.420s] -- Up-to-date symlink: /home/user/roskit_ws/install/ranger_msgs/include/ranger_msgs/ranger_msgs/msg/detail/system_state__struct.h
[0.420s] -- Up-to-date symlink: /home/user/roskit_ws/install/ranger_msgs/include/ranger_msgs/ranger_msgs/msg/detail/system_state__type_support.h
[0.420s] -- Up-to-date symlink: /home/user/roskit_ws/install/ranger_msgs/include/ranger_msgs/ranger_msgs/msg/driver_state.h
[0.420s] -- Up-to-date symlink: /home/user/roskit_ws/install/ranger_msgs/include/ranger_msgs/ranger_msgs/msg/motion_state.h
[0.420s] -- Up-to-date symlink: /home/user/roskit_ws/install/ranger_msgs/include/ranger_msgs/ranger_msgs/msg/motor_state.h
[0.420s] -- Up-to-date symlink: /home/user/roskit_ws/install/ranger_msgs/include/ranger_msgs/ranger_msgs/msg/rosidl_generator_c__visibility_control.h
[0.420s] -- Up-to-date symlink: /home/user/roskit_ws/install/ranger_msgs/include/ranger_msgs/ranger_msgs/msg/system_state.h
[0.420s] -- Up-to-date symlink: /home/user/roskit_ws/install/ranger_msgs/share/ranger_msgs/environment/library_path.sh
[0.420s] -- Up-to-date symlink: /home/user/roskit_ws/install/ranger_msgs/share/ranger_msgs/environment/library_path.dsv
[0.421s] -- Up-to-date symlink: /home/user/roskit_ws/install/ranger_msgs/include/ranger_msgs/ranger_msgs/msg/detail/actuator_state__rosidl_typesupport_fastrtps_c.h
[0.421s] -- Up-to-date symlink: /home/user/roskit_ws/install/ranger_msgs/include/ranger_msgs/ranger_msgs/msg/detail/actuator_state_array__rosidl_typesupport_fastrtps_c.h
[0.421s] -- Up-to-date symlink: /home/user/roskit_ws/install/ranger_msgs/include/ranger_msgs/ranger_msgs/msg/detail/driver_state__rosidl_typesupport_fastrtps_c.h
[0.421s] -- Up-to-date symlink: /home/user/roskit_ws/install/ranger_msgs/include/ranger_msgs/ranger_msgs/msg/detail/motion_state__rosidl_typesupport_fastrtps_c.h
[0.421s] -- Up-to-date symlink: /home/user/roskit_ws/install/ranger_msgs/include/ranger_msgs/ranger_msgs/msg/detail/motor_state__rosidl_typesupport_fastrtps_c.h
[0.421s] -- Up-to-date symlink: /home/user/roskit_ws/install/ranger_msgs/include/ranger_msgs/ranger_msgs/msg/detail/system_state__rosidl_typesupport_fastrtps_c.h
[0.421s] -- Up-to-date symlink: /home/user/roskit_ws/install/ranger_msgs/include/ranger_msgs/ranger_msgs/msg/rosidl_typesupport_fastrtps_c__visibility_control.h
[0.421s] -- Up-to-date symlink: /home/user/roskit_ws/install/ranger_msgs/include/ranger_msgs/ranger_msgs/msg/actuator_state.hpp
[0.421s] -- Up-to-date symlink: /home/user/roskit_ws/install/ranger_msgs/include/ranger_msgs/ranger_msgs/msg/actuator_state_array.hpp
[0.421s] -- Up-to-date symlink: /home/user/roskit_ws/install/ranger_msgs/include/ranger_msgs/ranger_msgs/msg/detail/actuator_state__builder.hpp
[0.421s] -- Up-to-date symlink: /home/user/roskit_ws/install/ranger_msgs/include/ranger_msgs/ranger_msgs/msg/detail/actuator_state__struct.hpp
[0.421s] -- Up-to-date symlink: /home/user/roskit_ws/install/ranger_msgs/include/ranger_msgs/ranger_msgs/msg/detail/actuator_state__traits.hpp
[0.421s] -- Up-to-date symlink: /home/user/roskit_ws/install/ranger_msgs/include/ranger_msgs/ranger_msgs/msg/detail/actuator_state__type_support.hpp
[0.421s] -- Up-to-date symlink: /home/user/roskit_ws/install/ranger_msgs/include/ranger_msgs/ranger_msgs/msg/detail/actuator_state_array__builder.hpp
[0.421s] -- Up-to-date symlink: /home/user/roskit_ws/install/ranger_msgs/include/ranger_msgs/ranger_msgs/msg/detail/actuator_state_array__struct.hpp
[0.421s] -- Up-to-date symlink: /home/user/roskit_ws/install/ranger_msgs/include/ranger_msgs/ranger_msgs/msg/detail/actuator_state_array__traits.hpp
[0.421s] -- Up-to-date symlink: /home/user/roskit_ws/install/ranger_msgs/include/ranger_msgs/ranger_msgs/msg/detail/actuator_state_array__type_support.hpp
[0.421s] -- Up-to-date symlink: /home/user/roskit_ws/install/ranger_msgs/include/ranger_msgs/ranger_msgs/msg/detail/driver_state__builder.hpp
[0.421s] -- Up-to-date symlink: /home/user/roskit_ws/install/ranger_msgs/include/ranger_msgs/ranger_msgs/msg/detail/driver_state__struct.hpp
[0.421s] -- Up-to-date symlink: /home/user/roskit_ws/install/ranger_msgs/include/ranger_msgs/ranger_msgs/msg/detail/driver_state__traits.hpp
[0.421s] -- Up-to-date symlink: /home/user/roskit_ws/install/ranger_msgs/include/ranger_msgs/ranger_msgs/msg/detail/driver_state__type_support.hpp
[0.421s] -- Up-to-date symlink: /home/user/roskit_ws/install/ranger_msgs/include/ranger_msgs/ranger_msgs/msg/detail/motion_state__builder.hpp
[0.421s] -- Up-to-date symlink: /home/user/roskit_ws/install/ranger_msgs/include/ranger_msgs/ranger_msgs/msg/detail/motion_state__struct.hpp
[0.422s] -- Up-to-date symlink: /home/user/roskit_ws/install/ranger_msgs/include/ranger_msgs/ranger_msgs/msg/detail/motion_state__traits.hpp
[0.422s] -- Up-to-date symlink: /home/user/roskit_ws/install/ranger_msgs/include/ranger_msgs/ranger_msgs/msg/detail/motion_state__type_support.hpp
[0.422s] -- Up-to-date symlink: /home/user/roskit_ws/install/ranger_msgs/include/ranger_msgs/ranger_msgs/msg/detail/motor_state__builder.hpp
[0.422s] -- Up-to-date symlink: /home/user/roskit_ws/install/ranger_msgs/include/ranger_msgs/ranger_msgs/msg/detail/motor_state__struct.hpp
[0.422s] -- Up-to-date symlink: /home/user/roskit_ws/install/ranger_msgs/include/ranger_msgs/ranger_msgs/msg/detail/motor_state__traits.hpp
[0.422s] -- Up-to-date symlink: /home/user/roskit_ws/install/ranger_msgs/include/ranger_msgs/ranger_msgs/msg/detail/motor_state__type_support.hpp
[0.422s] -- Up-to-date symlink: /home/user/roskit_ws/install/ranger_msgs/include/ranger_msgs/ranger_msgs/msg/detail/system_state__builder.hpp
[0.422s] -- Up-to-date symlink: /home/user/roskit_ws/install/ranger_msgs/include/ranger_msgs/ranger_msgs/msg/detail/system_state__struct.hpp
[0.422s] -- Up-to-date symlink: /home/user/roskit_ws/install/ranger_msgs/include/ranger_msgs/ranger_msgs/msg/detail/system_state__traits.hpp
[0.422s] -- Up-to-date symlink: /home/user/roskit_ws/install/ranger_msgs/include/ranger_msgs/ranger_msgs/msg/detail/system_state__type_support.hpp
[0.422s] -- Up-to-date symlink: /home/user/roskit_ws/install/ranger_msgs/include/ranger_msgs/ranger_msgs/msg/driver_state.hpp
[0.422s] -- Up-to-date symlink: /home/user/roskit_ws/install/ranger_msgs/include/ranger_msgs/ranger_msgs/msg/motion_state.hpp
[0.422s] -- Up-to-date symlink: /home/user/roskit_ws/install/ranger_msgs/include/ranger_msgs/ranger_msgs/msg/motor_state.hpp
[0.422s] -- Up-to-date symlink: /home/user/roskit_ws/install/ranger_msgs/include/ranger_msgs/ranger_msgs/msg/rosidl_generator_cpp__visibility_control.hpp
[0.422s] -- Up-to-date symlink: /home/user/roskit_ws/install/ranger_msgs/include/ranger_msgs/ranger_msgs/msg/system_state.hpp
[0.422s] -- Up-to-date symlink: /home/user/roskit_ws/install/ranger_msgs/include/ranger_msgs/ranger_msgs/msg/detail/actuator_state__rosidl_typesupport_fastrtps_cpp.hpp
[0.422s] -- Up-to-date symlink: /home/user/roskit_ws/install/ranger_msgs/include/ranger_msgs/ranger_msgs/msg/detail/actuator_state_array__rosidl_typesupport_fastrtps_cpp.hpp
[0.422s] -- Up-to-date symlink: /home/user/roskit_ws/install/ranger_msgs/include/ranger_msgs/ranger_msgs/msg/detail/driver_state__rosidl_typesupport_fastrtps_cpp.hpp
[0.423s] -- Up-to-date symlink: /home/user/roskit_ws/install/ranger_msgs/include/ranger_msgs/ranger_msgs/msg/detail/motion_state__rosidl_typesupport_fastrtps_cpp.hpp
[0.423s] -- Up-to-date symlink: /home/user/roskit_ws/install/ranger_msgs/include/ranger_msgs/ranger_msgs/msg/detail/motor_state__rosidl_typesupport_fastrtps_cpp.hpp
[0.423s] -- Up-to-date symlink: /home/user/roskit_ws/install/ranger_msgs/include/ranger_msgs/ranger_msgs/msg/detail/system_state__rosidl_typesupport_fastrtps_cpp.hpp
[0.423s] -- Up-to-date symlink: /home/user/roskit_ws/install/ranger_msgs/include/ranger_msgs/ranger_msgs/msg/rosidl_typesupport_fastrtps_cpp__visibility_control.h
[0.423s] -- Up-to-date symlink: /home/user/roskit_ws/install/ranger_msgs/include/ranger_msgs/ranger_msgs/msg/detail/actuator_state__rosidl_typesupport_introspection_c.h
[0.423s] -- Up-to-date symlink: /home/user/roskit_ws/install/ranger_msgs/include/ranger_msgs/ranger_msgs/msg/detail/actuator_state_array__rosidl_typesupport_introspection_c.h
[0.423s] -- Up-to-date symlink: /home/user/roskit_ws/install/ranger_msgs/include/ranger_msgs/ranger_msgs/msg/detail/driver_state__rosidl_typesupport_introspection_c.h
[0.423s] -- Up-to-date symlink: /home/user/roskit_ws/install/ranger_msgs/include/ranger_msgs/ranger_msgs/msg/detail/motion_state__rosidl_typesupport_introspection_c.h
[0.423s] -- Up-to-date symlink: /home/user/roskit_ws/install/ranger_msgs/include/ranger_msgs/ranger_msgs/msg/detail/motor_state__rosidl_typesupport_introspection_c.h
[0.423s] -- Up-to-date symlink: /home/user/roskit_ws/install/ranger_msgs/include/ranger_msgs/ranger_msgs/msg/detail/system_state__rosidl_typesupport_introspection_c.h
[0.423s] -- Up-to-date symlink: /home/user/roskit_ws/install/ranger_msgs/include/ranger_msgs/ranger_msgs/msg/rosidl_typesupport_introspection_c__visibility_control.h
[0.423s] -- Up-to-date symlink: /home/user/roskit_ws/install/ranger_msgs/include/ranger_msgs/ranger_msgs/msg/detail/actuator_state__rosidl_typesupport_introspection_cpp.hpp
[0.423s] -- Up-to-date symlink: /home/user/roskit_ws/install/ranger_msgs/include/ranger_msgs/ranger_msgs/msg/detail/actuator_state_array__rosidl_typesupport_introspection_cpp.hpp
[0.423s] -- Up-to-date symlink: /home/user/roskit_ws/install/ranger_msgs/include/ranger_msgs/ranger_msgs/msg/detail/driver_state__rosidl_typesupport_introspection_cpp.hpp
[0.423s] -- Up-to-date symlink: /home/user/roskit_ws/install/ranger_msgs/include/ranger_msgs/ranger_msgs/msg/detail/motion_state__rosidl_typesupport_introspection_cpp.hpp
[0.423s] -- Up-to-date symlink: /home/user/roskit_ws/install/ranger_msgs/include/ranger_msgs/ranger_msgs/msg/detail/motor_state__rosidl_typesupport_introspection_cpp.hpp
[0.423s] -- Up-to-date symlink: /home/user/roskit_ws/install/ranger_msgs/include/ranger_msgs/ranger_msgs/msg/detail/system_state__rosidl_typesupport_introspection_cpp.hpp
[0.423s] -- Up-to-date symlink: /home/user/roskit_ws/install/ranger_msgs/share/ranger_msgs/environment/pythonpath.sh
[0.423s] -- Up-to-date symlink: /home/user/roskit_ws/install/ranger_msgs/share/ranger_msgs/environment/pythonpath.dsv
[0.423s] -- Up-to-date symlink: /home/user/roskit_ws/install/ranger_msgs/local/lib/python3.10/dist-packages/ranger_msgs-0.0.1-py3.10.egg-info/PKG-INFO
[0.423s] -- Up-to-date symlink: /home/user/roskit_ws/install/ranger_msgs/local/lib/python3.10/dist-packages/ranger_msgs-0.0.1-py3.10.egg-info/SOURCES.txt
[0.423s] -- Up-to-date symlink: /home/user/roskit_ws/install/ranger_msgs/local/lib/python3.10/dist-packages/ranger_msgs-0.0.1-py3.10.egg-info/dependency_links.txt
[0.423s] -- Up-to-date symlink: /home/user/roskit_ws/install/ranger_msgs/local/lib/python3.10/dist-packages/ranger_msgs-0.0.1-py3.10.egg-info/top_level.txt
[0.423s] -- Up-to-date symlink: /home/user/roskit_ws/install/ranger_msgs/local/lib/python3.10/dist-packages/ranger_msgs/__init__.py
[0.423s] -- Up-to-date symlink: /home/user/roskit_ws/install/ranger_msgs/local/lib/python3.10/dist-packages/ranger_msgs/_ranger_msgs_s.ep.rosidl_typesupport_c.c
[0.424s] -- Up-to-date symlink: /home/user/roskit_ws/install/ranger_msgs/local/lib/python3.10/dist-packages/ranger_msgs/_ranger_msgs_s.ep.rosidl_typesupport_fastrtps_c.c
[0.424s] -- Up-to-date symlink: /home/user/roskit_ws/install/ranger_msgs/local/lib/python3.10/dist-packages/ranger_msgs/_ranger_msgs_s.ep.rosidl_typesupport_introspection_c.c
[0.424s] -- Up-to-date symlink: /home/user/roskit_ws/install/ranger_msgs/local/lib/python3.10/dist-packages/ranger_msgs/libranger_msgs__rosidl_generator_py.so
[0.424s] -- Up-to-date symlink: /home/user/roskit_ws/install/ranger_msgs/local/lib/python3.10/dist-packages/ranger_msgs/msg/__init__.py
[0.424s] -- Up-to-date symlink: /home/user/roskit_ws/install/ranger_msgs/local/lib/python3.10/dist-packages/ranger_msgs/msg/_actuator_state.py
[0.424s] -- Up-to-date symlink: /home/user/roskit_ws/install/ranger_msgs/local/lib/python3.10/dist-packages/ranger_msgs/msg/_actuator_state_array.py
[0.424s] -- Up-to-date symlink: /home/user/roskit_ws/install/ranger_msgs/local/lib/python3.10/dist-packages/ranger_msgs/msg/_actuator_state_array_s.c
[0.424s] -- Up-to-date symlink: /home/user/roskit_ws/install/ranger_msgs/local/lib/python3.10/dist-packages/ranger_msgs/msg/_actuator_state_s.c
[0.424s] -- Up-to-date symlink: /home/user/roskit_ws/install/ranger_msgs/local/lib/python3.10/dist-packages/ranger_msgs/msg/_driver_state.py
[0.424s] -- Up-to-date symlink: /home/user/roskit_ws/install/ranger_msgs/local/lib/python3.10/dist-packages/ranger_msgs/msg/_driver_state_s.c
[0.424s] -- Up-to-date symlink: /home/user/roskit_ws/install/ranger_msgs/local/lib/python3.10/dist-packages/ranger_msgs/msg/_motion_state.py
[0.424s] -- Up-to-date symlink: /home/user/roskit_ws/install/ranger_msgs/local/lib/python3.10/dist-packages/ranger_msgs/msg/_motion_state_s.c
[0.424s] -- Up-to-date symlink: /home/user/roskit_ws/install/ranger_msgs/local/lib/python3.10/dist-packages/ranger_msgs/msg/_motor_state.py
[0.424s] -- Up-to-date symlink: /home/user/roskit_ws/install/ranger_msgs/local/lib/python3.10/dist-packages/ranger_msgs/msg/_motor_state_s.c
[0.424s] -- Up-to-date symlink: /home/user/roskit_ws/install/ranger_msgs/local/lib/python3.10/dist-packages/ranger_msgs/msg/_system_state.py
[0.424s] -- Up-to-date symlink: /home/user/roskit_ws/install/ranger_msgs/local/lib/python3.10/dist-packages/ranger_msgs/msg/_system_state_s.c
[0.424s] -- Up-to-date symlink: /home/user/roskit_ws/install/ranger_msgs/local/lib/python3.10/dist-packages/ranger_msgs/ranger_msgs_s__rosidl_typesupport_c.cpython-310-x86_64-linux-gnu.so
[0.424s] -- Up-to-date symlink: /home/user/roskit_ws/install/ranger_msgs/local/lib/python3.10/dist-packages/ranger_msgs/ranger_msgs_s__rosidl_typesupport_fastrtps_c.cpython-310-x86_64-linux-gnu.so
[0.424s] -- Up-to-date symlink: /home/user/roskit_ws/install/ranger_msgs/local/lib/python3.10/dist-packages/ranger_msgs/ranger_msgs_s__rosidl_typesupport_introspection_c.cpython-310-x86_64-linux-gnu.so
[0.424s] -- Up-to-date symlink: /home/user/roskit_ws/install/ranger_msgs/local/lib/python3.10/dist-packages/ranger_msgs/ranger_msgs_s__rosidl_typesupport_fastrtps_c.cpython-310-x86_64-linux-gnu.so
[0.425s] -- Up-to-date symlink: /home/user/roskit_ws/install/ranger_msgs/local/lib/python3.10/dist-packages/ranger_msgs/ranger_msgs_s__rosidl_typesupport_introspection_c.cpython-310-x86_64-linux-gnu.so
[0.425s] -- Up-to-date symlink: /home/user/roskit_ws/install/ranger_msgs/local/lib/python3.10/dist-packages/ranger_msgs/ranger_msgs_s__rosidl_typesupport_c.cpython-310-x86_64-linux-gnu.so
[0.425s] -- Up-to-date symlink: /home/user/roskit_ws/install/ranger_msgs/share/ranger_msgs/msg/ActuatorState.idl
[0.425s] -- Up-to-date symlink: /home/user/roskit_ws/install/ranger_msgs/share/ranger_msgs/msg/ActuatorStateArray.idl
[0.425s] -- Up-to-date symlink: /home/user/roskit_ws/install/ranger_msgs/share/ranger_msgs/msg/DriverState.idl
[0.425s] -- Up-to-date symlink: /home/user/roskit_ws/install/ranger_msgs/share/ranger_msgs/msg/MotionState.idl
[0.425s] -- Up-to-date symlink: /home/user/roskit_ws/install/ranger_msgs/share/ranger_msgs/msg/MotorState.idl
[0.425s] -- Up-to-date symlink: /home/user/roskit_ws/install/ranger_msgs/share/ranger_msgs/msg/SystemState.idl
[0.425s] -- Up-to-date symlink: /home/user/roskit_ws/install/ranger_msgs/share/ranger_msgs/msg/ActuatorState.msg
[0.425s] -- Up-to-date symlink: /home/user/roskit_ws/install/ranger_msgs/share/ranger_msgs/msg/ActuatorStateArray.msg
[0.425s] -- Up-to-date symlink: /home/user/roskit_ws/install/ranger_msgs/share/ranger_msgs/msg/DriverState.msg
[0.425s] -- Up-to-date symlink: /home/user/roskit_ws/install/ranger_msgs/share/ranger_msgs/msg/MotionState.msg
[0.425s] -- Up-to-date symlink: /home/user/roskit_ws/install/ranger_msgs/share/ranger_msgs/msg/MotorState.msg
[0.425s] -- Up-to-date symlink: /home/user/roskit_ws/install/ranger_msgs/share/ranger_msgs/msg/SystemState.msg
[0.425s] -- Up-to-date symlink: /home/user/roskit_ws/install/ranger_msgs/share/ament_index/resource_index/package_run_dependencies/ranger_msgs
[0.425s] -- Up-to-date symlink: /home/user/roskit_ws/install/ranger_msgs/share/ament_index/resource_index/parent_prefix_path/ranger_msgs
[0.425s] -- Up-to-date symlink: /home/user/roskit_ws/install/ranger_msgs/share/ranger_msgs/environment/ament_prefix_path.sh
[0.425s] -- Up-to-date symlink: /home/user/roskit_ws/install/ranger_msgs/share/ranger_msgs/environment/ament_prefix_path.dsv
[0.425s] -- Up-to-date symlink: /home/user/roskit_ws/install/ranger_msgs/share/ranger_msgs/environment/path.sh
[0.426s] -- Up-to-date symlink: /home/user/roskit_ws/install/ranger_msgs/share/ranger_msgs/environment/path.dsv
[0.426s] -- Up-to-date symlink: /home/user/roskit_ws/install/ranger_msgs/share/ranger_msgs/local_setup.bash
[0.426s] -- Up-to-date symlink: /home/user/roskit_ws/install/ranger_msgs/share/ranger_msgs/local_setup.sh
[0.426s] -- Up-to-date symlink: /home/user/roskit_ws/install/ranger_msgs/share/ranger_msgs/local_setup.zsh
[0.426s] -- Up-to-date symlink: /home/user/roskit_ws/install/ranger_msgs/share/ranger_msgs/local_setup.dsv
[0.426s] -- Symlinking: /home/user/roskit_ws/install/ranger_msgs/share/ranger_msgs/package.dsv
[0.427s] -- Up-to-date symlink: /home/user/roskit_ws/install/ranger_msgs/share/ament_index/resource_index/packages/ranger_msgs
[0.427s] -- Up-to-date symlink: /home/user/roskit_ws/install/ranger_msgs/share/ranger_msgs/cmake/rosidl_cmake-extras.cmake
[0.427s] -- Up-to-date symlink: /home/user/roskit_ws/install/ranger_msgs/share/ranger_msgs/cmake/ament_cmake_export_dependencies-extras.cmake
[0.427s] -- Up-to-date symlink: /home/user/roskit_ws/install/ranger_msgs/share/ranger_msgs/cmake/ament_cmake_export_include_directories-extras.cmake
[0.427s] -- Up-to-date symlink: /home/user/roskit_ws/install/ranger_msgs/share/ranger_msgs/cmake/ament_cmake_export_libraries-extras.cmake
[0.427s] -- Up-to-date symlink: /home/user/roskit_ws/install/ranger_msgs/share/ranger_msgs/cmake/ament_cmake_export_targets-extras.cmake
[0.428s] -- Up-to-date symlink: /home/user/roskit_ws/install/ranger_msgs/share/ranger_msgs/cmake/rosidl_cmake_export_typesupport_targets-extras.cmake
[0.428s] -- Up-to-date symlink: /home/user/roskit_ws/install/ranger_msgs/share/ranger_msgs/cmake/rosidl_cmake_export_typesupport_libraries-extras.cmake
[0.428s] -- Up-to-date symlink: /home/user/roskit_ws/install/ranger_msgs/share/ranger_msgs/cmake/ranger_msgsConfig.cmake
[0.428s] -- Up-to-date symlink: /home/user/roskit_ws/install/ranger_msgs/share/ranger_msgs/cmake/ranger_msgsConfig-version.cmake
[0.428s] -- Up-to-date symlink: /home/user/roskit_ws/install/ranger_msgs/share/ranger_msgs/package.xml
[0.429s] -- Up-to-date: /home/user/roskit_ws/install/ranger_msgs/lib/libranger_msgs__rosidl_generator_c.so
[0.430s] -- Up-to-date: /home/user/roskit_ws/install/ranger_msgs/lib/libranger_msgs__rosidl_typesupport_fastrtps_c.so
[0.430s] -- Up-to-date: /home/user/roskit_ws/install/ranger_msgs/lib/libranger_msgs__rosidl_typesupport_fastrtps_cpp.so
[0.430s] -- Up-to-date: /home/user/roskit_ws/install/ranger_msgs/lib/libranger_msgs__rosidl_typesupport_introspection_c.so
[0.431s] -- Up-to-date: /home/user/roskit_ws/install/ranger_msgs/lib/libranger_msgs__rosidl_typesupport_c.so
[0.431s] -- Up-to-date: /home/user/roskit_ws/install/ranger_msgs/lib/libranger_msgs__rosidl_typesupport_introspection_cpp.so
[0.431s] -- Up-to-date: /home/user/roskit_ws/install/ranger_msgs/lib/libranger_msgs__rosidl_typesupport_cpp.so
[0.480s] Listing '/home/user/roskit_ws/install/ranger_msgs/local/lib/python3.10/dist-packages/ranger_msgs'...
[0.480s] Listing '/home/user/roskit_ws/install/ranger_msgs/local/lib/python3.10/dist-packages/ranger_msgs/msg'...
[0.484s] -- Up-to-date: /home/user/roskit_ws/install/ranger_msgs/lib/libranger_msgs__rosidl_generator_py.so
[0.484s] -- Up-to-date: /home/user/roskit_ws/install/ranger_msgs/share/ranger_msgs/cmake/export_ranger_msgs__rosidl_generator_cExport.cmake
[0.484s] -- Up-to-date: /home/user/roskit_ws/install/ranger_msgs/share/ranger_msgs/cmake/export_ranger_msgs__rosidl_generator_cExport-release.cmake
[0.484s] -- Up-to-date: /home/user/roskit_ws/install/ranger_msgs/share/ranger_msgs/cmake/export_ranger_msgs__rosidl_typesupport_fastrtps_cExport.cmake
[0.484s] -- Up-to-date: /home/user/roskit_ws/install/ranger_msgs/share/ranger_msgs/cmake/export_ranger_msgs__rosidl_typesupport_fastrtps_cExport-release.cmake
[0.484s] -- Up-to-date: /home/user/roskit_ws/install/ranger_msgs/share/ranger_msgs/cmake/export_ranger_msgs__rosidl_generator_cppExport.cmake
[0.484s] -- Up-to-date: /home/user/roskit_ws/install/ranger_msgs/share/ranger_msgs/cmake/export_ranger_msgs__rosidl_typesupport_fastrtps_cppExport.cmake
[0.484s] -- Up-to-date: /home/user/roskit_ws/install/ranger_msgs/share/ranger_msgs/cmake/export_ranger_msgs__rosidl_typesupport_fastrtps_cppExport-release.cmake
[0.485s] -- Up-to-date: /home/user/roskit_ws/install/ranger_msgs/share/ranger_msgs/cmake/ranger_msgs__rosidl_typesupport_introspection_cExport.cmake
[0.485s] -- Up-to-date: /home/user/roskit_ws/install/ranger_msgs/share/ranger_msgs/cmake/ranger_msgs__rosidl_typesupport_introspection_cExport-release.cmake
[0.485s] -- Up-to-date: /home/user/roskit_ws/install/ranger_msgs/share/ranger_msgs/cmake/ranger_msgs__rosidl_typesupport_cExport.cmake
[0.485s] -- Up-to-date: /home/user/roskit_ws/install/ranger_msgs/share/ranger_msgs/cmake/ranger_msgs__rosidl_typesupport_cExport-release.cmake
[0.485s] -- Up-to-date: /home/user/roskit_ws/install/ranger_msgs/share/ranger_msgs/cmake/ranger_msgs__rosidl_typesupport_introspection_cppExport.cmake
[0.485s] -- Up-to-date: /home/user/roskit_ws/install/ranger_msgs/share/ranger_msgs/cmake/ranger_msgs__rosidl_typesupport_introspection_cppExport-release.cmake
[0.485s] -- Up-to-date: /home/user/roskit_ws/install/ranger_msgs/share/ranger_msgs/cmake/ranger_msgs__rosidl_typesupport_cppExport.cmake
[0.485s] -- Up-to-date: /home/user/roskit_ws/install/ranger_msgs/share/ranger_msgs/cmake/ranger_msgs__rosidl_typesupport_cppExport-release.cmake
[0.485s] -- Up-to-date: /home/user/roskit_ws/install/ranger_msgs/share/ranger_msgs/cmake/export_ranger_msgs__rosidl_generator_pyExport.cmake
[0.485s] -- Up-to-date: /home/user/roskit_ws/install/ranger_msgs/share/ranger_msgs/cmake/export_ranger_msgs__rosidl_generator_pyExport-release.cmake
[0.502s] Invoked command in '/home/user/roskit_ws/build/ranger_msgs' returned '0': CMAKE_PREFIX_PATH=/opt/ros/humble:${CMAKE_PREFIX_PATH} /usr/bin/cmake --install /home/user/roskit_ws/build/ranger_msgs
