[0.055s] Invoking command in '/home/user/roskit_ws/build/libphidget22': CMAKE_PREFIX_PATH=/home/user/roskit_ws/install/tracer_base:/home/user/roskit_ws/install/scout_base:/home/user/roskit_ws/install/ranger_base:/home/user/roskit_ws/install/hunter_base:/opt/ros/humble:/home/user/roskit_ws/install/ugv_sdk:/home/user/roskit_ws/install/ublox:/home/user/roskit_ws/install/ublox_gps:/home/user/roskit_ws/install/ublox_msgs:/home/user/roskit_ws/install/ublox_serialization:/home/user/roskit_ws/install/tracer_msgs:/home/user/roskit_ws/install/scout_msgs:/home/user/roskit_ws/install/scout_description:/home/user/roskit_ws/install/rslidar_sdk:/home/user/roskit_ws/install/rslidar_msg:/home/user/roskit_ws/install/ranger_msgs:/home/user/roskit_ws/install/ranger_bringup:/home/user/roskit_ws/install/phidgets_drivers:/home/user/roskit_ws/install/phidgets_temperature:/home/user/roskit_ws/install/phidgets_spatial:/home/user/roskit_ws/install/phidgets_motors:/home/user/roskit_ws/install/phidgets_ik:/home/user/roskit_ws/install/phidgets_high_speed_encoder:/home/user/roskit_ws/install/phidgets_digital_outputs:/home/user/roskit_ws/install/phidgets_analog_outputs:/home/user/roskit_ws/install/phidgets_msgs:/home/user/roskit_ws/install/phidgets_magnetometer:/home/user/roskit_ws/install/phidgets_gyroscope:/home/user/roskit_ws/install/phidgets_digital_inputs:/home/user/roskit_ws/install/phidgets_analog_inputs:/home/user/roskit_ws/install/phidgets_accelerometer:/home/user/roskit_ws/install/phidgets_api:/home/user/roskit_ws/install/ouster_ros:/home/user/roskit_ws/install/ouster_sensor_msgs:/home/user/roskit_ws/install/livox_ros_driver2:/home/user/roskit_ws/install/libphidget22:/home/user/roskit_ws/install/hunter_msgs:/home/user/roskit_ws/install/gr_description:/home/user/roskit_ws/install/gr_bringup /usr/bin/cmake --build /home/user/roskit_ws/build/libphidget22 -- -j16 -l16
[0.137s] [100%] Built target EP_libphidget22
[0.175s] Invoked command in '/home/user/roskit_ws/build/libphidget22' returned '0': CMAKE_PREFIX_PATH=/home/user/roskit_ws/install/tracer_base:/home/user/roskit_ws/install/scout_base:/home/user/roskit_ws/install/ranger_base:/home/user/roskit_ws/install/hunter_base:/opt/ros/humble:/home/user/roskit_ws/install/ugv_sdk:/home/user/roskit_ws/install/ublox:/home/user/roskit_ws/install/ublox_gps:/home/user/roskit_ws/install/ublox_msgs:/home/user/roskit_ws/install/ublox_serialization:/home/user/roskit_ws/install/tracer_msgs:/home/user/roskit_ws/install/scout_msgs:/home/user/roskit_ws/install/scout_description:/home/user/roskit_ws/install/rslidar_sdk:/home/user/roskit_ws/install/rslidar_msg:/home/user/roskit_ws/install/ranger_msgs:/home/user/roskit_ws/install/ranger_bringup:/home/user/roskit_ws/install/phidgets_drivers:/home/user/roskit_ws/install/phidgets_temperature:/home/user/roskit_ws/install/phidgets_spatial:/home/user/roskit_ws/install/phidgets_motors:/home/user/roskit_ws/install/phidgets_ik:/home/user/roskit_ws/install/phidgets_high_speed_encoder:/home/user/roskit_ws/install/phidgets_digital_outputs:/home/user/roskit_ws/install/phidgets_analog_outputs:/home/user/roskit_ws/install/phidgets_msgs:/home/user/roskit_ws/install/phidgets_magnetometer:/home/user/roskit_ws/install/phidgets_gyroscope:/home/user/roskit_ws/install/phidgets_digital_inputs:/home/user/roskit_ws/install/phidgets_analog_inputs:/home/user/roskit_ws/install/phidgets_accelerometer:/home/user/roskit_ws/install/phidgets_api:/home/user/roskit_ws/install/ouster_ros:/home/user/roskit_ws/install/ouster_sensor_msgs:/home/user/roskit_ws/install/livox_ros_driver2:/home/user/roskit_ws/install/libphidget22:/home/user/roskit_ws/install/hunter_msgs:/home/user/roskit_ws/install/gr_description:/home/user/roskit_ws/install/gr_bringup /usr/bin/cmake --build /home/user/roskit_ws/build/libphidget22 -- -j16 -l16
[0.183s] Invoking command in '/home/user/roskit_ws/build/libphidget22': CMAKE_PREFIX_PATH=/home/user/roskit_ws/install/tracer_base:/home/user/roskit_ws/install/scout_base:/home/user/roskit_ws/install/ranger_base:/home/user/roskit_ws/install/hunter_base:/opt/ros/humble:/home/user/roskit_ws/install/ugv_sdk:/home/user/roskit_ws/install/ublox:/home/user/roskit_ws/install/ublox_gps:/home/user/roskit_ws/install/ublox_msgs:/home/user/roskit_ws/install/ublox_serialization:/home/user/roskit_ws/install/tracer_msgs:/home/user/roskit_ws/install/scout_msgs:/home/user/roskit_ws/install/scout_description:/home/user/roskit_ws/install/rslidar_sdk:/home/user/roskit_ws/install/rslidar_msg:/home/user/roskit_ws/install/ranger_msgs:/home/user/roskit_ws/install/ranger_bringup:/home/user/roskit_ws/install/phidgets_drivers:/home/user/roskit_ws/install/phidgets_temperature:/home/user/roskit_ws/install/phidgets_spatial:/home/user/roskit_ws/install/phidgets_motors:/home/user/roskit_ws/install/phidgets_ik:/home/user/roskit_ws/install/phidgets_high_speed_encoder:/home/user/roskit_ws/install/phidgets_digital_outputs:/home/user/roskit_ws/install/phidgets_analog_outputs:/home/user/roskit_ws/install/phidgets_msgs:/home/user/roskit_ws/install/phidgets_magnetometer:/home/user/roskit_ws/install/phidgets_gyroscope:/home/user/roskit_ws/install/phidgets_digital_inputs:/home/user/roskit_ws/install/phidgets_analog_inputs:/home/user/roskit_ws/install/phidgets_accelerometer:/home/user/roskit_ws/install/phidgets_api:/home/user/roskit_ws/install/ouster_ros:/home/user/roskit_ws/install/ouster_sensor_msgs:/home/user/roskit_ws/install/livox_ros_driver2:/home/user/roskit_ws/install/libphidget22:/home/user/roskit_ws/install/hunter_msgs:/home/user/roskit_ws/install/gr_description:/home/user/roskit_ws/install/gr_bringup /usr/bin/cmake --install /home/user/roskit_ws/build/libphidget22
[0.332s] -- Install configuration: "Release"
[0.332s] -- Execute custom install script
[0.332s] -- Up-to-date symlink: /home/user/roskit_ws/install/libphidget22/opt/libphidget22/lib//libphidget22.a
[0.332s] -- Up-to-date symlink: /home/user/roskit_ws/install/libphidget22/opt/libphidget22/lib//libphidget22.la
[0.332s] -- Up-to-date symlink: /home/user/roskit_ws/install/libphidget22/opt/libphidget22/lib//libphidget22.so
[0.332s] -- Up-to-date symlink: /home/user/roskit_ws/install/libphidget22/opt/libphidget22/lib//libphidget22.so.0
[0.332s] -- Up-to-date symlink: /home/user/roskit_ws/install/libphidget22/opt/libphidget22/lib//libphidget22.so.0.0.0
[0.333s] -- Up-to-date symlink: /home/user/roskit_ws/install/libphidget22/opt/libphidget22/lib//pkgconfig/libphidget22.pc
[0.333s] -- Up-to-date symlink: /home/user/roskit_ws/install/libphidget22/opt/libphidget22/include/libphidget22//mos/bsdqueue.h
[0.333s] -- Up-to-date symlink: /home/user/roskit_ws/install/libphidget22/opt/libphidget22/include/libphidget22//mos/bsdtree.h
[0.333s] -- Up-to-date symlink: /home/user/roskit_ws/install/libphidget22/opt/libphidget22/include/libphidget22//mos/init_daemon.h
[0.333s] -- Up-to-date symlink: /home/user/roskit_ws/install/libphidget22/opt/libphidget22/include/libphidget22//mos/kv/kv.h
[0.333s] -- Up-to-date symlink: /home/user/roskit_ws/install/libphidget22/opt/libphidget22/include/libphidget22//mos/kv/parse.h
[0.333s] -- Up-to-date symlink: /home/user/roskit_ws/install/libphidget22/opt/libphidget22/include/libphidget22//mos/kv/scan.h
[0.333s] -- Up-to-date symlink: /home/user/roskit_ws/install/libphidget22/opt/libphidget22/include/libphidget22//mos/mos_assert.h
[0.334s] -- Up-to-date symlink: /home/user/roskit_ws/install/libphidget22/opt/libphidget22/include/libphidget22//mos/mos_atomic.h
[0.334s] -- Up-to-date symlink: /home/user/roskit_ws/install/libphidget22/opt/libphidget22/include/libphidget22//mos/mos_base64.h
[0.335s] -- Up-to-date symlink: /home/user/roskit_ws/install/libphidget22/opt/libphidget22/include/libphidget22//mos/mos_basic.h
[0.337s] -- Up-to-date symlink: /home/user/roskit_ws/install/libphidget22/opt/libphidget22/include/libphidget22//mos/mos_basic_types.h
[0.337s] -- Up-to-date symlink: /home/user/roskit_ws/install/libphidget22/opt/libphidget22/include/libphidget22//mos/mos_byteorder.h
[0.337s] -- Up-to-date symlink: /home/user/roskit_ws/install/libphidget22/opt/libphidget22/include/libphidget22//mos/mos_crc32.h
[0.337s] -- Up-to-date symlink: /home/user/roskit_ws/install/libphidget22/opt/libphidget22/include/libphidget22//mos/mos_crc32_impl.h
[0.337s] -- Up-to-date symlink: /home/user/roskit_ws/install/libphidget22/opt/libphidget22/include/libphidget22//mos/mos_dl.h
[0.337s] -- Up-to-date symlink: /home/user/roskit_ws/install/libphidget22/opt/libphidget22/include/libphidget22//mos/mos_endian-i386.h
[0.337s] -- Up-to-date symlink: /home/user/roskit_ws/install/libphidget22/opt/libphidget22/include/libphidget22//mos/mos_error-errno.h
[0.337s] -- Up-to-date symlink: /home/user/roskit_ws/install/libphidget22/opt/libphidget22/include/libphidget22//mos/mos_fileio.h
[0.337s] -- Up-to-date symlink: /home/user/roskit_ws/install/libphidget22/opt/libphidget22/include/libphidget22//mos/mos_fmt.h
[0.337s] -- Up-to-date symlink: /home/user/roskit_ws/install/libphidget22/opt/libphidget22/include/libphidget22//mos/mos_getpasswd.h
[0.337s] -- Up-to-date symlink: /home/user/roskit_ws/install/libphidget22/opt/libphidget22/include/libphidget22//mos/mos_hexdump.h
[0.337s] -- Up-to-date symlink: /home/user/roskit_ws/install/libphidget22/opt/libphidget22/include/libphidget22//mos/mos_iop.h
[0.337s] -- Up-to-date symlink: /home/user/roskit_ws/install/libphidget22/opt/libphidget22/include/libphidget22//mos/mos_lock.h
[0.337s] -- Up-to-date symlink: /home/user/roskit_ws/install/libphidget22/opt/libphidget22/include/libphidget22//mos/mos_macrocompat.h
[0.337s] -- Up-to-date symlink: /home/user/roskit_ws/install/libphidget22/opt/libphidget22/include/libphidget22//mos/mos_md5.h
[0.338s] -- Up-to-date symlink: /home/user/roskit_ws/install/libphidget22/opt/libphidget22/include/libphidget22//mos/mos_net.h
[0.338s] -- Up-to-date symlink: /home/user/roskit_ws/install/libphidget22/opt/libphidget22/include/libphidget22//mos/mos_netops.h
[0.338s] -- Up-to-date symlink: /home/user/roskit_ws/install/libphidget22/opt/libphidget22/include/libphidget22//mos/mos_os-Linux-user.h
[0.338s] -- Up-to-date symlink: /home/user/roskit_ws/install/libphidget22/opt/libphidget22/include/libphidget22//mos/mos_os.h
[0.338s] -- Up-to-date symlink: /home/user/roskit_ws/install/libphidget22/opt/libphidget22/include/libphidget22//mos/mos_random.h
[0.338s] -- Up-to-date symlink: /home/user/roskit_ws/install/libphidget22/opt/libphidget22/include/libphidget22//mos/mos_readdir.h
[0.338s] -- Up-to-date symlink: /home/user/roskit_ws/install/libphidget22/opt/libphidget22/include/libphidget22//mos/mos_readline.h
[0.338s] -- Up-to-date symlink: /home/user/roskit_ws/install/libphidget22/opt/libphidget22/include/libphidget22//mos/mos_rwrlock.h
[0.338s] -- Up-to-date symlink: /home/user/roskit_ws/install/libphidget22/opt/libphidget22/include/libphidget22//mos/mos_service.h
[0.338s] -- Up-to-date symlink: /home/user/roskit_ws/install/libphidget22/opt/libphidget22/include/libphidget22//mos/mos_sha1.h
[0.338s] -- Up-to-date symlink: /home/user/roskit_ws/install/libphidget22/opt/libphidget22/include/libphidget22//mos/mos_sha2.h
[0.338s] -- Up-to-date symlink: /home/user/roskit_ws/install/libphidget22/opt/libphidget22/include/libphidget22//mos/mos_stacktrace.h
[0.338s] -- Up-to-date symlink: /home/user/roskit_ws/install/libphidget22/opt/libphidget22/include/libphidget22//mos/mos_task.h
[0.338s] -- Up-to-date symlink: /home/user/roskit_ws/install/libphidget22/opt/libphidget22/include/libphidget22//mos/mos_time.h
[0.338s] -- Up-to-date symlink: /home/user/roskit_ws/install/libphidget22/opt/libphidget22/include/libphidget22//mos/mos_tlock.h
[0.338s] -- Up-to-date symlink: /home/user/roskit_ws/install/libphidget22/opt/libphidget22/include/libphidget22//mos/mos_typeio.h
[0.338s] -- Up-to-date symlink: /home/user/roskit_ws/install/libphidget22/opt/libphidget22/include/libphidget22//mos/mos_urldecode.h
[0.338s] -- Up-to-date symlink: /home/user/roskit_ws/install/libphidget22/opt/libphidget22/include/libphidget22//mos/mos_urlencode.h
[0.338s] -- Up-to-date symlink: /home/user/roskit_ws/install/libphidget22/opt/libphidget22/include/libphidget22//mos/pkcs5_pbkdf2.h
[0.338s] -- Up-to-date symlink: /home/user/roskit_ws/install/libphidget22/opt/libphidget22/include/libphidget22//phidget22.h
[0.338s] -- Up-to-date symlink: /home/user/roskit_ws/install/libphidget22/share/libphidget22/environment/libphidget22_library_path.sh
[0.338s] -- Up-to-date symlink: /home/user/roskit_ws/install/libphidget22/share/libphidget22/environment/libphidget22_library_path.dsv
[0.338s] -- Up-to-date symlink: /home/user/roskit_ws/install/libphidget22/share/ament_index/resource_index/package_run_dependencies/libphidget22
[0.338s] -- Up-to-date symlink: /home/user/roskit_ws/install/libphidget22/share/ament_index/resource_index/parent_prefix_path/libphidget22
[0.338s] -- Up-to-date symlink: /home/user/roskit_ws/install/libphidget22/share/libphidget22/environment/ament_prefix_path.sh
[0.338s] -- Up-to-date symlink: /home/user/roskit_ws/install/libphidget22/share/libphidget22/environment/ament_prefix_path.dsv
[0.338s] -- Up-to-date symlink: /home/user/roskit_ws/install/libphidget22/share/libphidget22/environment/path.sh
[0.339s] -- Up-to-date symlink: /home/user/roskit_ws/install/libphidget22/share/libphidget22/environment/path.dsv
[0.339s] -- Up-to-date symlink: /home/user/roskit_ws/install/libphidget22/share/libphidget22/local_setup.bash
[0.339s] -- Up-to-date symlink: /home/user/roskit_ws/install/libphidget22/share/libphidget22/local_setup.sh
[0.339s] -- Up-to-date symlink: /home/user/roskit_ws/install/libphidget22/share/libphidget22/local_setup.zsh
[0.339s] -- Up-to-date symlink: /home/user/roskit_ws/install/libphidget22/share/libphidget22/local_setup.dsv
[0.340s] -- Symlinking: /home/user/roskit_ws/install/libphidget22/share/libphidget22/package.dsv
[0.350s] -- Up-to-date symlink: /home/user/roskit_ws/install/libphidget22/share/ament_index/resource_index/packages/libphidget22
[0.351s] -- Up-to-date symlink: /home/user/roskit_ws/install/libphidget22/share/libphidget22/cmake/libphidget22-extras.cmake
[0.352s] -- Up-to-date symlink: /home/user/roskit_ws/install/libphidget22/share/libphidget22/cmake/libphidget22Config.cmake
[0.352s] -- Up-to-date symlink: /home/user/roskit_ws/install/libphidget22/share/libphidget22/cmake/libphidget22Config-version.cmake
[0.352s] -- Up-to-date symlink: /home/user/roskit_ws/install/libphidget22/share/libphidget22/package.xml
[0.469s] Invoked command in '/home/user/roskit_ws/build/libphidget22' returned '0': CMAKE_PREFIX_PATH=/home/user/roskit_ws/install/tracer_base:/home/user/roskit_ws/install/scout_base:/home/user/roskit_ws/install/ranger_base:/home/user/roskit_ws/install/hunter_base:/opt/ros/humble:/home/user/roskit_ws/install/ugv_sdk:/home/user/roskit_ws/install/ublox:/home/user/roskit_ws/install/ublox_gps:/home/user/roskit_ws/install/ublox_msgs:/home/user/roskit_ws/install/ublox_serialization:/home/user/roskit_ws/install/tracer_msgs:/home/user/roskit_ws/install/scout_msgs:/home/user/roskit_ws/install/scout_description:/home/user/roskit_ws/install/rslidar_sdk:/home/user/roskit_ws/install/rslidar_msg:/home/user/roskit_ws/install/ranger_msgs:/home/user/roskit_ws/install/ranger_bringup:/home/user/roskit_ws/install/phidgets_drivers:/home/user/roskit_ws/install/phidgets_temperature:/home/user/roskit_ws/install/phidgets_spatial:/home/user/roskit_ws/install/phidgets_motors:/home/user/roskit_ws/install/phidgets_ik:/home/user/roskit_ws/install/phidgets_high_speed_encoder:/home/user/roskit_ws/install/phidgets_digital_outputs:/home/user/roskit_ws/install/phidgets_analog_outputs:/home/user/roskit_ws/install/phidgets_msgs:/home/user/roskit_ws/install/phidgets_magnetometer:/home/user/roskit_ws/install/phidgets_gyroscope:/home/user/roskit_ws/install/phidgets_digital_inputs:/home/user/roskit_ws/install/phidgets_analog_inputs:/home/user/roskit_ws/install/phidgets_accelerometer:/home/user/roskit_ws/install/phidgets_api:/home/user/roskit_ws/install/ouster_ros:/home/user/roskit_ws/install/ouster_sensor_msgs:/home/user/roskit_ws/install/livox_ros_driver2:/home/user/roskit_ws/install/libphidget22:/home/user/roskit_ws/install/hunter_msgs:/home/user/roskit_ws/install/gr_description:/home/user/roskit_ws/install/gr_bringup /usr/bin/cmake --install /home/user/roskit_ws/build/libphidget22
