[33mCMake Warning:
  Manually-specified variables were not used by the project:

    HUMBLE_ROS
    ROS_EDITION

[0m
In file included from [01m[K/home/user/roskit_ws/src/ranger_mini_v2/ranger_base/include/ranger_base/ranger_messenger.hpp:28[m[K,
                 from [01m[K/home/user/roskit_ws/src/ranger_mini_v2/ranger_base/src/ranger_base_node.cpp:14[m[K:
[01m[K/opt/ros/humble/include/tf2_geometry_msgs/tf2_geometry_msgs/tf2_geometry_msgs.h:35:2:[m[K [01;35m[Kwarning: [m[K#warning This header is obsolete, please include tf2_geometry_msgs/tf2_geometry_msgs.hpp instead [[01;35m[K-Wcpp[m[K]
   35 | #[01;35m[Kwarning[m[K This header is obsolete, please include tf2_geometry_msgs/tf2_geometry_msgs.hpp instead
      |  [01;35m[K^~~~~~~[m[K
In file included from [01m[K/home/user/roskit_ws/src/ranger_mini_v2/ranger_base/include/ranger_base/ranger_messenger.hpp:28[m[K,
                 from [01m[K/home/user/roskit_ws/src/ranger_mini_v2/ranger_base/src/ranger_messenger.cpp:10[m[K:
[01m[K/opt/ros/humble/include/tf2_geometry_msgs/tf2_geometry_msgs/tf2_geometry_msgs.h:35:2:[m[K [01;35m[Kwarning: [m[K#warning This header is obsolete, please include tf2_geometry_msgs/tf2_geometry_msgs.hpp instead [[01;35m[K-Wcpp[m[K]
   35 | #[01;35m[Kwarning[m[K This header is obsolete, please include tf2_geometry_msgs/tf2_geometry_msgs.hpp instead
      |  [01;35m[K^~~~~~~[m[K
In file included from [01m[K/home/user/roskit_ws/src/ranger_mini_v2/ranger_base/src/ranger_messenger.cpp:12[m[K:
[01m[K/home/user/roskit_ws/src/ranger_mini_v2/ranger_base/include/ranger_base/kinematics_model.hpp:[m[K In member function ‘[01m[Kvoid westonrobot::SpinningModel::operator()(const state_type&, westonrobot::SpinningModel::state_type&, double)[m[K’:
[01m[K/home/user/roskit_ws/src/ranger_mini_v2/ranger_base/include/ranger_base/kinematics_model.hpp:90:37:[m[K [01;35m[Kwarning: [m[Kunused parameter ‘[01m[Kx[m[K’ [[01;35m[K-Wunused-parameter[m[K]
   90 |   void operator()([01;35m[Kconst state_type& x[m[K, state_type& xd, double) {
      |                   [01;35m[K~~~~~~~~~~~~~~~~~~^[m[K
[01m[K/home/user/roskit_ws/src/ranger_mini_v2/ranger_base/src/ranger_messenger.cpp:[m[K In member function ‘[01m[Kdouble westonrobot::RangerROSMessenger::CalculateSteeringAngle(geometry_msgs::msg::Twist, double&)[m[K’:
[01m[K/home/user/roskit_ws/src/ranger_mini_v2/ranger_base/src/ranger_messenger.cpp:454:13:[m[K [01;35m[Kwarning: [m[Kvariable ‘[01m[Kw[m[K’ set but not used [[01;35m[K-Wunused-but-set-variable[m[K]
  454 |   double l, [01;35m[Kw[m[K, phi_i, x;
      |             [01;35m[K^[m[K
[01m[K/home/user/roskit_ws/src/ranger_mini_v2/ranger_base/src/ranger_messenger.cpp:454:23:[m[K [01;35m[Kwarning: [m[Kvariable ‘[01m[Kx[m[K’ set but not used [[01;35m[K-Wunused-but-set-variable[m[K]
  454 |   double l, w, phi_i, [01;35m[Kx[m[K;
      |                       [01;35m[K^[m[K
[01m[K/home/user/roskit_ws/src/ranger_mini_v2/ranger_base/src/ranger_messenger.cpp:[m[K At global scope:
[01m[K/home/user/roskit_ws/src/ranger_mini_v2/ranger_base/src/ranger_messenger.cpp:19:8:[m[K [01;35m[Kwarning: [m[K‘[01m[Kdouble westonrobot::{anonymous}::DegreeToRadian(double)[m[K’ defined but not used [[01;35m[K-Wunused-function[m[K]
   19 | double [01;35m[KDegreeToRadian[m[K(double x) { return x * M_PI / 180.0; }
      |        [01;35m[K^~~~~~~~~~~~~~[m[K
[01m[K/home/user/roskit_ws/src/ranger_mini_v2/ranger_base/src/ranger_messenger.cpp:[m[K In member function ‘[01m[Kvoid westonrobot::RangerROSMessenger::TwistCmdCallback(geometry_msgs::msg::Twist_<std::allocator<void> >::SharedPtr)[m[K’:
[01m[K/home/user/roskit_ws/src/ranger_mini_v2/ranger_base/src/ranger_messenger.cpp:390:7:[m[K [01;35m[Kwarning: [m[K‘[01m[Ksteer_cmd[m[K’ may be used uninitialized in this function [[01;35m[K-Wmaybe-uninitialized[m[K]
  390 |       [01;35m[Kif[m[K (steer_cmd > robot_params_.max_steer_angle_central) {
      |       [01;35m[K^~[m[K
