[35m[1mConsolidate compiler generated dependencies of target tracer_msgs__rosidl_generator_c[0m
[  1%] Built target tracer_msgs__cpp
[ 12%] Built target tracer_msgs__rosidl_generator_c
[35m[1mConsolidate compiler generated dependencies of target tracer_msgs__rosidl_typesupport_cpp[0m
[ 12%] Built target ament_cmake_python_symlink_tracer_msgs
[35m[1mConsolidate compiler generated dependencies of target tracer_msgs__rosidl_typesupport_introspection_c[0m
[35m[1mConsolidate compiler generated dependencies of target tracer_msgs__rosidl_typesupport_c[0m
[35m[1mConsolidate compiler generated dependencies of target tracer_msgs__rosidl_typesupport_fastrtps_cpp[0m
[35m[1mConsolidate compiler generated dependencies of target tracer_msgs__rosidl_typesupport_fastrtps_c[0m
[35m[1mConsolidate compiler generated dependencies of target tracer_msgs__rosidl_typesupport_introspection_cpp[0m
[ 23%] Built target tracer_msgs__rosidl_typesupport_introspection_c
[ 34%] Built target tracer_msgs__rosidl_typesupport_c
[ 46%] Built target tracer_msgs__rosidl_typesupport_cpp
[ 57%] Built target tracer_msgs__rosidl_typesupport_fastrtps_cpp
[ 68%] Built target tracer_msgs__rosidl_typesupport_fastrtps_c
[ 79%] Built target tracer_msgs__rosidl_typesupport_introspection_cpp
[ 79%] Built target tracer_msgs
[ 80%] Built target tracer_msgs__py
[35m[1mConsolidate compiler generated dependencies of target tracer_msgs__rosidl_generator_py[0m
[ 90%] Built target tracer_msgs__rosidl_generator_py
[35m[1mConsolidate compiler generated dependencies of target tracer_msgs__rosidl_typesupport_introspection_c__pyext[0m
[35m[1mConsolidate compiler generated dependencies of target tracer_msgs__rosidl_typesupport_fastrtps_c__pyext[0m
[35m[1mConsolidate compiler generated dependencies of target tracer_msgs__rosidl_typesupport_c__pyext[0m
[ 93%] Built target tracer_msgs__rosidl_typesupport_fastrtps_c__pyext
[ 96%] Built target tracer_msgs__rosidl_typesupport_introspection_c__pyext
[100%] Built target tracer_msgs__rosidl_typesupport_c__pyext
running egg_info
writing tracer_msgs.egg-info/PKG-INFO
writing dependency_links to tracer_msgs.egg-info/dependency_links.txt
writing top-level names to tracer_msgs.egg-info/top_level.txt
reading manifest file 'tracer_msgs.egg-info/SOURCES.txt'
writing manifest file 'tracer_msgs.egg-info/SOURCES.txt'
[100%] Built target ament_cmake_python_build_tracer_msgs_egg
-- Install configuration: "Release"
-- Execute custom install script
-- Symlinking: /home/user/roskit_ws/install/tracer_msgs/share/ament_index/resource_index/rosidl_interfaces/tracer_msgs
-- Symlinking: /home/user/roskit_ws/install/tracer_msgs/include/tracer_msgs/tracer_msgs/msg/detail/tracer_actuator_state__functions.h
-- Symlinking: /home/user/roskit_ws/install/tracer_msgs/include/tracer_msgs/tracer_msgs/msg/detail/tracer_actuator_state__struct.h
-- Symlinking: /home/user/roskit_ws/install/tracer_msgs/include/tracer_msgs/tracer_msgs/msg/detail/tracer_actuator_state__type_support.h
-- Symlinking: /home/user/roskit_ws/install/tracer_msgs/include/tracer_msgs/tracer_msgs/msg/detail/tracer_light_cmd__functions.h
-- Symlinking: /home/user/roskit_ws/install/tracer_msgs/include/tracer_msgs/tracer_msgs/msg/detail/tracer_light_cmd__struct.h
-- Symlinking: /home/user/roskit_ws/install/tracer_msgs/include/tracer_msgs/tracer_msgs/msg/detail/tracer_light_cmd__type_support.h
-- Symlinking: /home/user/roskit_ws/install/tracer_msgs/include/tracer_msgs/tracer_msgs/msg/detail/tracer_light_state__functions.h
-- Symlinking: /home/user/roskit_ws/install/tracer_msgs/include/tracer_msgs/tracer_msgs/msg/detail/tracer_light_state__struct.h
-- Symlinking: /home/user/roskit_ws/install/tracer_msgs/include/tracer_msgs/tracer_msgs/msg/detail/tracer_light_state__type_support.h
-- Symlinking: /home/user/roskit_ws/install/tracer_msgs/include/tracer_msgs/tracer_msgs/msg/detail/tracer_rc_state__functions.h
-- Symlinking: /home/user/roskit_ws/install/tracer_msgs/include/tracer_msgs/tracer_msgs/msg/detail/tracer_rc_state__struct.h
-- Symlinking: /home/user/roskit_ws/install/tracer_msgs/include/tracer_msgs/tracer_msgs/msg/detail/tracer_rc_state__type_support.h
-- Symlinking: /home/user/roskit_ws/install/tracer_msgs/include/tracer_msgs/tracer_msgs/msg/detail/tracer_status__functions.h
-- Symlinking: /home/user/roskit_ws/install/tracer_msgs/include/tracer_msgs/tracer_msgs/msg/detail/tracer_status__struct.h
-- Symlinking: /home/user/roskit_ws/install/tracer_msgs/include/tracer_msgs/tracer_msgs/msg/detail/tracer_status__type_support.h
-- Symlinking: /home/user/roskit_ws/install/tracer_msgs/include/tracer_msgs/tracer_msgs/msg/rosidl_generator_c__visibility_control.h
-- Symlinking: /home/user/roskit_ws/install/tracer_msgs/include/tracer_msgs/tracer_msgs/msg/tracer_actuator_state.h
-- Symlinking: /home/user/roskit_ws/install/tracer_msgs/include/tracer_msgs/tracer_msgs/msg/tracer_light_cmd.h
-- Symlinking: /home/user/roskit_ws/install/tracer_msgs/include/tracer_msgs/tracer_msgs/msg/tracer_light_state.h
-- Symlinking: /home/user/roskit_ws/install/tracer_msgs/include/tracer_msgs/tracer_msgs/msg/tracer_rc_state.h
-- Symlinking: /home/user/roskit_ws/install/tracer_msgs/include/tracer_msgs/tracer_msgs/msg/tracer_status.h
-- Symlinking: /home/user/roskit_ws/install/tracer_msgs/share/tracer_msgs/environment/library_path.sh
-- Symlinking: /home/user/roskit_ws/install/tracer_msgs/share/tracer_msgs/environment/library_path.dsv
-- Symlinking: /home/user/roskit_ws/install/tracer_msgs/include/tracer_msgs/tracer_msgs/msg/detail/tracer_actuator_state__rosidl_typesupport_fastrtps_c.h
-- Symlinking: /home/user/roskit_ws/install/tracer_msgs/include/tracer_msgs/tracer_msgs/msg/detail/tracer_light_cmd__rosidl_typesupport_fastrtps_c.h
-- Symlinking: /home/user/roskit_ws/install/tracer_msgs/include/tracer_msgs/tracer_msgs/msg/detail/tracer_light_state__rosidl_typesupport_fastrtps_c.h
-- Symlinking: /home/user/roskit_ws/install/tracer_msgs/include/tracer_msgs/tracer_msgs/msg/detail/tracer_rc_state__rosidl_typesupport_fastrtps_c.h
-- Symlinking: /home/user/roskit_ws/install/tracer_msgs/include/tracer_msgs/tracer_msgs/msg/detail/tracer_status__rosidl_typesupport_fastrtps_c.h
-- Symlinking: /home/user/roskit_ws/install/tracer_msgs/include/tracer_msgs/tracer_msgs/msg/rosidl_typesupport_fastrtps_c__visibility_control.h
-- Symlinking: /home/user/roskit_ws/install/tracer_msgs/include/tracer_msgs/tracer_msgs/msg/detail/tracer_actuator_state__builder.hpp
-- Symlinking: /home/user/roskit_ws/install/tracer_msgs/include/tracer_msgs/tracer_msgs/msg/detail/tracer_actuator_state__struct.hpp
-- Symlinking: /home/user/roskit_ws/install/tracer_msgs/include/tracer_msgs/tracer_msgs/msg/detail/tracer_actuator_state__traits.hpp
-- Symlinking: /home/user/roskit_ws/install/tracer_msgs/include/tracer_msgs/tracer_msgs/msg/detail/tracer_actuator_state__type_support.hpp
-- Symlinking: /home/user/roskit_ws/install/tracer_msgs/include/tracer_msgs/tracer_msgs/msg/detail/tracer_light_cmd__builder.hpp
-- Symlinking: /home/user/roskit_ws/install/tracer_msgs/include/tracer_msgs/tracer_msgs/msg/detail/tracer_light_cmd__struct.hpp
-- Symlinking: /home/user/roskit_ws/install/tracer_msgs/include/tracer_msgs/tracer_msgs/msg/detail/tracer_light_cmd__traits.hpp
-- Symlinking: /home/user/roskit_ws/install/tracer_msgs/include/tracer_msgs/tracer_msgs/msg/detail/tracer_light_cmd__type_support.hpp
-- Symlinking: /home/user/roskit_ws/install/tracer_msgs/include/tracer_msgs/tracer_msgs/msg/detail/tracer_light_state__builder.hpp
-- Symlinking: /home/user/roskit_ws/install/tracer_msgs/include/tracer_msgs/tracer_msgs/msg/detail/tracer_light_state__struct.hpp
-- Symlinking: /home/user/roskit_ws/install/tracer_msgs/include/tracer_msgs/tracer_msgs/msg/detail/tracer_light_state__traits.hpp
-- Symlinking: /home/user/roskit_ws/install/tracer_msgs/include/tracer_msgs/tracer_msgs/msg/detail/tracer_light_state__type_support.hpp
-- Symlinking: /home/user/roskit_ws/install/tracer_msgs/include/tracer_msgs/tracer_msgs/msg/detail/tracer_rc_state__builder.hpp
-- Symlinking: /home/user/roskit_ws/install/tracer_msgs/include/tracer_msgs/tracer_msgs/msg/detail/tracer_rc_state__struct.hpp
-- Symlinking: /home/user/roskit_ws/install/tracer_msgs/include/tracer_msgs/tracer_msgs/msg/detail/tracer_rc_state__traits.hpp
-- Symlinking: /home/user/roskit_ws/install/tracer_msgs/include/tracer_msgs/tracer_msgs/msg/detail/tracer_rc_state__type_support.hpp
-- Symlinking: /home/user/roskit_ws/install/tracer_msgs/include/tracer_msgs/tracer_msgs/msg/detail/tracer_status__builder.hpp
-- Symlinking: /home/user/roskit_ws/install/tracer_msgs/include/tracer_msgs/tracer_msgs/msg/detail/tracer_status__struct.hpp
-- Symlinking: /home/user/roskit_ws/install/tracer_msgs/include/tracer_msgs/tracer_msgs/msg/detail/tracer_status__traits.hpp
-- Symlinking: /home/user/roskit_ws/install/tracer_msgs/include/tracer_msgs/tracer_msgs/msg/detail/tracer_status__type_support.hpp
-- Symlinking: /home/user/roskit_ws/install/tracer_msgs/include/tracer_msgs/tracer_msgs/msg/rosidl_generator_cpp__visibility_control.hpp
-- Symlinking: /home/user/roskit_ws/install/tracer_msgs/include/tracer_msgs/tracer_msgs/msg/tracer_actuator_state.hpp
-- Symlinking: /home/user/roskit_ws/install/tracer_msgs/include/tracer_msgs/tracer_msgs/msg/tracer_light_cmd.hpp
-- Symlinking: /home/user/roskit_ws/install/tracer_msgs/include/tracer_msgs/tracer_msgs/msg/tracer_light_state.hpp
-- Symlinking: /home/user/roskit_ws/install/tracer_msgs/include/tracer_msgs/tracer_msgs/msg/tracer_rc_state.hpp
-- Symlinking: /home/user/roskit_ws/install/tracer_msgs/include/tracer_msgs/tracer_msgs/msg/tracer_status.hpp
-- Symlinking: /home/user/roskit_ws/install/tracer_msgs/include/tracer_msgs/tracer_msgs/msg/detail/tracer_actuator_state__rosidl_typesupport_fastrtps_cpp.hpp
-- Symlinking: /home/user/roskit_ws/install/tracer_msgs/include/tracer_msgs/tracer_msgs/msg/detail/tracer_light_cmd__rosidl_typesupport_fastrtps_cpp.hpp
-- Symlinking: /home/user/roskit_ws/install/tracer_msgs/include/tracer_msgs/tracer_msgs/msg/detail/tracer_light_state__rosidl_typesupport_fastrtps_cpp.hpp
-- Symlinking: /home/user/roskit_ws/install/tracer_msgs/include/tracer_msgs/tracer_msgs/msg/detail/tracer_rc_state__rosidl_typesupport_fastrtps_cpp.hpp
-- Symlinking: /home/user/roskit_ws/install/tracer_msgs/include/tracer_msgs/tracer_msgs/msg/detail/tracer_status__rosidl_typesupport_fastrtps_cpp.hpp
-- Symlinking: /home/user/roskit_ws/install/tracer_msgs/include/tracer_msgs/tracer_msgs/msg/rosidl_typesupport_fastrtps_cpp__visibility_control.h
-- Symlinking: /home/user/roskit_ws/install/tracer_msgs/include/tracer_msgs/tracer_msgs/msg/detail/tracer_actuator_state__rosidl_typesupport_introspection_c.h
-- Symlinking: /home/user/roskit_ws/install/tracer_msgs/include/tracer_msgs/tracer_msgs/msg/detail/tracer_light_cmd__rosidl_typesupport_introspection_c.h
-- Symlinking: /home/user/roskit_ws/install/tracer_msgs/include/tracer_msgs/tracer_msgs/msg/detail/tracer_light_state__rosidl_typesupport_introspection_c.h
-- Symlinking: /home/user/roskit_ws/install/tracer_msgs/include/tracer_msgs/tracer_msgs/msg/detail/tracer_rc_state__rosidl_typesupport_introspection_c.h
-- Symlinking: /home/user/roskit_ws/install/tracer_msgs/include/tracer_msgs/tracer_msgs/msg/detail/tracer_status__rosidl_typesupport_introspection_c.h
-- Symlinking: /home/user/roskit_ws/install/tracer_msgs/include/tracer_msgs/tracer_msgs/msg/rosidl_typesupport_introspection_c__visibility_control.h
-- Symlinking: /home/user/roskit_ws/install/tracer_msgs/include/tracer_msgs/tracer_msgs/msg/detail/tracer_actuator_state__rosidl_typesupport_introspection_cpp.hpp
-- Symlinking: /home/user/roskit_ws/install/tracer_msgs/include/tracer_msgs/tracer_msgs/msg/detail/tracer_light_cmd__rosidl_typesupport_introspection_cpp.hpp
-- Symlinking: /home/user/roskit_ws/install/tracer_msgs/include/tracer_msgs/tracer_msgs/msg/detail/tracer_light_state__rosidl_typesupport_introspection_cpp.hpp
-- Symlinking: /home/user/roskit_ws/install/tracer_msgs/include/tracer_msgs/tracer_msgs/msg/detail/tracer_rc_state__rosidl_typesupport_introspection_cpp.hpp
-- Symlinking: /home/user/roskit_ws/install/tracer_msgs/include/tracer_msgs/tracer_msgs/msg/detail/tracer_status__rosidl_typesupport_introspection_cpp.hpp
-- Symlinking: /home/user/roskit_ws/install/tracer_msgs/share/tracer_msgs/environment/pythonpath.sh
-- Symlinking: /home/user/roskit_ws/install/tracer_msgs/share/tracer_msgs/environment/pythonpath.dsv
-- Symlinking: /home/user/roskit_ws/install/tracer_msgs/local/lib/python3.10/dist-packages/tracer_msgs-0.1.0-py3.10.egg-info/PKG-INFO
-- Symlinking: /home/user/roskit_ws/install/tracer_msgs/local/lib/python3.10/dist-packages/tracer_msgs-0.1.0-py3.10.egg-info/SOURCES.txt
-- Symlinking: /home/user/roskit_ws/install/tracer_msgs/local/lib/python3.10/dist-packages/tracer_msgs-0.1.0-py3.10.egg-info/dependency_links.txt
-- Symlinking: /home/user/roskit_ws/install/tracer_msgs/local/lib/python3.10/dist-packages/tracer_msgs-0.1.0-py3.10.egg-info/top_level.txt
-- Symlinking: /home/user/roskit_ws/install/tracer_msgs/local/lib/python3.10/dist-packages/tracer_msgs/__init__.py
-- Symlinking: /home/user/roskit_ws/install/tracer_msgs/local/lib/python3.10/dist-packages/tracer_msgs/_tracer_msgs_s.ep.rosidl_typesupport_c.c
-- Symlinking: /home/user/roskit_ws/install/tracer_msgs/local/lib/python3.10/dist-packages/tracer_msgs/_tracer_msgs_s.ep.rosidl_typesupport_fastrtps_c.c
-- Symlinking: /home/user/roskit_ws/install/tracer_msgs/local/lib/python3.10/dist-packages/tracer_msgs/_tracer_msgs_s.ep.rosidl_typesupport_introspection_c.c
-- Symlinking: /home/user/roskit_ws/install/tracer_msgs/local/lib/python3.10/dist-packages/tracer_msgs/libtracer_msgs__rosidl_generator_py.so
-- Symlinking: /home/user/roskit_ws/install/tracer_msgs/local/lib/python3.10/dist-packages/tracer_msgs/msg/__init__.py
-- Symlinking: /home/user/roskit_ws/install/tracer_msgs/local/lib/python3.10/dist-packages/tracer_msgs/msg/_tracer_actuator_state.py
-- Symlinking: /home/user/roskit_ws/install/tracer_msgs/local/lib/python3.10/dist-packages/tracer_msgs/msg/_tracer_actuator_state_s.c
-- Symlinking: /home/user/roskit_ws/install/tracer_msgs/local/lib/python3.10/dist-packages/tracer_msgs/msg/_tracer_light_cmd.py
-- Symlinking: /home/user/roskit_ws/install/tracer_msgs/local/lib/python3.10/dist-packages/tracer_msgs/msg/_tracer_light_cmd_s.c
-- Symlinking: /home/user/roskit_ws/install/tracer_msgs/local/lib/python3.10/dist-packages/tracer_msgs/msg/_tracer_light_state.py
-- Symlinking: /home/user/roskit_ws/install/tracer_msgs/local/lib/python3.10/dist-packages/tracer_msgs/msg/_tracer_light_state_s.c
-- Symlinking: /home/user/roskit_ws/install/tracer_msgs/local/lib/python3.10/dist-packages/tracer_msgs/msg/_tracer_rc_state.py
-- Symlinking: /home/user/roskit_ws/install/tracer_msgs/local/lib/python3.10/dist-packages/tracer_msgs/msg/_tracer_rc_state_s.c
-- Symlinking: /home/user/roskit_ws/install/tracer_msgs/local/lib/python3.10/dist-packages/tracer_msgs/msg/_tracer_status.py
-- Symlinking: /home/user/roskit_ws/install/tracer_msgs/local/lib/python3.10/dist-packages/tracer_msgs/msg/_tracer_status_s.c
-- Symlinking: /home/user/roskit_ws/install/tracer_msgs/local/lib/python3.10/dist-packages/tracer_msgs/tracer_msgs_s__rosidl_typesupport_c.cpython-310-x86_64-linux-gnu.so
-- Symlinking: /home/user/roskit_ws/install/tracer_msgs/local/lib/python3.10/dist-packages/tracer_msgs/tracer_msgs_s__rosidl_typesupport_fastrtps_c.cpython-310-x86_64-linux-gnu.so
-- Symlinking: /home/user/roskit_ws/install/tracer_msgs/local/lib/python3.10/dist-packages/tracer_msgs/tracer_msgs_s__rosidl_typesupport_introspection_c.cpython-310-x86_64-linux-gnu.so
-- Up-to-date symlink: /home/user/roskit_ws/install/tracer_msgs/local/lib/python3.10/dist-packages/tracer_msgs/tracer_msgs_s__rosidl_typesupport_fastrtps_c.cpython-310-x86_64-linux-gnu.so
-- Up-to-date symlink: /home/user/roskit_ws/install/tracer_msgs/local/lib/python3.10/dist-packages/tracer_msgs/tracer_msgs_s__rosidl_typesupport_introspection_c.cpython-310-x86_64-linux-gnu.so
-- Up-to-date symlink: /home/user/roskit_ws/install/tracer_msgs/local/lib/python3.10/dist-packages/tracer_msgs/tracer_msgs_s__rosidl_typesupport_c.cpython-310-x86_64-linux-gnu.so
-- Symlinking: /home/user/roskit_ws/install/tracer_msgs/share/tracer_msgs/msg/TracerActuatorState.idl
-- Symlinking: /home/user/roskit_ws/install/tracer_msgs/share/tracer_msgs/msg/TracerLightCmd.idl
-- Symlinking: /home/user/roskit_ws/install/tracer_msgs/share/tracer_msgs/msg/TracerLightState.idl
-- Symlinking: /home/user/roskit_ws/install/tracer_msgs/share/tracer_msgs/msg/TracerRCState.idl
-- Symlinking: /home/user/roskit_ws/install/tracer_msgs/share/tracer_msgs/msg/TracerStatus.idl
-- Symlinking: /home/user/roskit_ws/install/tracer_msgs/share/tracer_msgs/msg/TracerActuatorState.msg
-- Symlinking: /home/user/roskit_ws/install/tracer_msgs/share/tracer_msgs/msg/TracerLightCmd.msg
-- Symlinking: /home/user/roskit_ws/install/tracer_msgs/share/tracer_msgs/msg/TracerLightState.msg
-- Symlinking: /home/user/roskit_ws/install/tracer_msgs/share/tracer_msgs/msg/TracerRCState.msg
-- Symlinking: /home/user/roskit_ws/install/tracer_msgs/share/tracer_msgs/msg/TracerStatus.msg
-- Symlinking: /home/user/roskit_ws/install/tracer_msgs/share/ament_index/resource_index/package_run_dependencies/tracer_msgs
-- Symlinking: /home/user/roskit_ws/install/tracer_msgs/share/ament_index/resource_index/parent_prefix_path/tracer_msgs
-- Symlinking: /home/user/roskit_ws/install/tracer_msgs/share/tracer_msgs/environment/ament_prefix_path.sh
-- Symlinking: /home/user/roskit_ws/install/tracer_msgs/share/tracer_msgs/environment/ament_prefix_path.dsv
-- Symlinking: /home/user/roskit_ws/install/tracer_msgs/share/tracer_msgs/environment/path.sh
-- Symlinking: /home/user/roskit_ws/install/tracer_msgs/share/tracer_msgs/environment/path.dsv
-- Symlinking: /home/user/roskit_ws/install/tracer_msgs/share/tracer_msgs/local_setup.bash
-- Symlinking: /home/user/roskit_ws/install/tracer_msgs/share/tracer_msgs/local_setup.sh
-- Symlinking: /home/user/roskit_ws/install/tracer_msgs/share/tracer_msgs/local_setup.zsh
-- Symlinking: /home/user/roskit_ws/install/tracer_msgs/share/tracer_msgs/local_setup.dsv
-- Symlinking: /home/user/roskit_ws/install/tracer_msgs/share/tracer_msgs/package.dsv
-- Symlinking: /home/user/roskit_ws/install/tracer_msgs/share/ament_index/resource_index/packages/tracer_msgs
-- Symlinking: /home/user/roskit_ws/install/tracer_msgs/share/tracer_msgs/cmake/rosidl_cmake-extras.cmake
-- Symlinking: /home/user/roskit_ws/install/tracer_msgs/share/tracer_msgs/cmake/ament_cmake_export_dependencies-extras.cmake
-- Symlinking: /home/user/roskit_ws/install/tracer_msgs/share/tracer_msgs/cmake/ament_cmake_export_include_directories-extras.cmake
-- Symlinking: /home/user/roskit_ws/install/tracer_msgs/share/tracer_msgs/cmake/ament_cmake_export_libraries-extras.cmake
-- Symlinking: /home/user/roskit_ws/install/tracer_msgs/share/tracer_msgs/cmake/ament_cmake_export_targets-extras.cmake
-- Symlinking: /home/user/roskit_ws/install/tracer_msgs/share/tracer_msgs/cmake/rosidl_cmake_export_typesupport_targets-extras.cmake
-- Symlinking: /home/user/roskit_ws/install/tracer_msgs/share/tracer_msgs/cmake/rosidl_cmake_export_typesupport_libraries-extras.cmake
-- Symlinking: /home/user/roskit_ws/install/tracer_msgs/share/tracer_msgs/cmake/tracer_msgsConfig.cmake
-- Symlinking: /home/user/roskit_ws/install/tracer_msgs/share/tracer_msgs/cmake/tracer_msgsConfig-version.cmake
-- Symlinking: /home/user/roskit_ws/install/tracer_msgs/share/tracer_msgs/package.xml
-- Installing: /home/user/roskit_ws/install/tracer_msgs/lib/libtracer_msgs__rosidl_generator_c.so
-- Set runtime path of "/home/user/roskit_ws/install/tracer_msgs/lib/libtracer_msgs__rosidl_generator_c.so" to ""
-- Installing: /home/user/roskit_ws/install/tracer_msgs/lib/libtracer_msgs__rosidl_typesupport_fastrtps_c.so
-- Set runtime path of "/home/user/roskit_ws/install/tracer_msgs/lib/libtracer_msgs__rosidl_typesupport_fastrtps_c.so" to ""
-- Installing: /home/user/roskit_ws/install/tracer_msgs/lib/libtracer_msgs__rosidl_typesupport_fastrtps_cpp.so
-- Set runtime path of "/home/user/roskit_ws/install/tracer_msgs/lib/libtracer_msgs__rosidl_typesupport_fastrtps_cpp.so" to ""
-- Installing: /home/user/roskit_ws/install/tracer_msgs/lib/libtracer_msgs__rosidl_typesupport_introspection_c.so
-- Set runtime path of "/home/user/roskit_ws/install/tracer_msgs/lib/libtracer_msgs__rosidl_typesupport_introspection_c.so" to ""
-- Installing: /home/user/roskit_ws/install/tracer_msgs/lib/libtracer_msgs__rosidl_typesupport_c.so
-- Set runtime path of "/home/user/roskit_ws/install/tracer_msgs/lib/libtracer_msgs__rosidl_typesupport_c.so" to ""
-- Installing: /home/user/roskit_ws/install/tracer_msgs/lib/libtracer_msgs__rosidl_typesupport_introspection_cpp.so
-- Set runtime path of "/home/user/roskit_ws/install/tracer_msgs/lib/libtracer_msgs__rosidl_typesupport_introspection_cpp.so" to ""
-- Installing: /home/user/roskit_ws/install/tracer_msgs/lib/libtracer_msgs__rosidl_typesupport_cpp.so
-- Set runtime path of "/home/user/roskit_ws/install/tracer_msgs/lib/libtracer_msgs__rosidl_typesupport_cpp.so" to ""
Listing '/home/user/roskit_ws/install/tracer_msgs/local/lib/python3.10/dist-packages/tracer_msgs'...
Compiling '/home/user/roskit_ws/install/tracer_msgs/local/lib/python3.10/dist-packages/tracer_msgs/__init__.py'...
Listing '/home/user/roskit_ws/install/tracer_msgs/local/lib/python3.10/dist-packages/tracer_msgs/msg'...
Compiling '/home/user/roskit_ws/install/tracer_msgs/local/lib/python3.10/dist-packages/tracer_msgs/msg/__init__.py'...
Compiling '/home/user/roskit_ws/install/tracer_msgs/local/lib/python3.10/dist-packages/tracer_msgs/msg/_tracer_actuator_state.py'...
Compiling '/home/user/roskit_ws/install/tracer_msgs/local/lib/python3.10/dist-packages/tracer_msgs/msg/_tracer_light_cmd.py'...
Compiling '/home/user/roskit_ws/install/tracer_msgs/local/lib/python3.10/dist-packages/tracer_msgs/msg/_tracer_light_state.py'...
Compiling '/home/user/roskit_ws/install/tracer_msgs/local/lib/python3.10/dist-packages/tracer_msgs/msg/_tracer_rc_state.py'...
Compiling '/home/user/roskit_ws/install/tracer_msgs/local/lib/python3.10/dist-packages/tracer_msgs/msg/_tracer_status.py'...
-- Installing: /home/user/roskit_ws/install/tracer_msgs/lib/libtracer_msgs__rosidl_generator_py.so
-- Set runtime path of "/home/user/roskit_ws/install/tracer_msgs/lib/libtracer_msgs__rosidl_generator_py.so" to ""
-- Installing: /home/user/roskit_ws/install/tracer_msgs/share/tracer_msgs/cmake/export_tracer_msgs__rosidl_generator_cExport.cmake
-- Installing: /home/user/roskit_ws/install/tracer_msgs/share/tracer_msgs/cmake/export_tracer_msgs__rosidl_generator_cExport-release.cmake
-- Installing: /home/user/roskit_ws/install/tracer_msgs/share/tracer_msgs/cmake/export_tracer_msgs__rosidl_typesupport_fastrtps_cExport.cmake
-- Installing: /home/user/roskit_ws/install/tracer_msgs/share/tracer_msgs/cmake/export_tracer_msgs__rosidl_typesupport_fastrtps_cExport-release.cmake
-- Installing: /home/user/roskit_ws/install/tracer_msgs/share/tracer_msgs/cmake/export_tracer_msgs__rosidl_generator_cppExport.cmake
-- Installing: /home/user/roskit_ws/install/tracer_msgs/share/tracer_msgs/cmake/export_tracer_msgs__rosidl_typesupport_fastrtps_cppExport.cmake
-- Installing: /home/user/roskit_ws/install/tracer_msgs/share/tracer_msgs/cmake/export_tracer_msgs__rosidl_typesupport_fastrtps_cppExport-release.cmake
-- Installing: /home/user/roskit_ws/install/tracer_msgs/share/tracer_msgs/cmake/tracer_msgs__rosidl_typesupport_introspection_cExport.cmake
-- Installing: /home/user/roskit_ws/install/tracer_msgs/share/tracer_msgs/cmake/tracer_msgs__rosidl_typesupport_introspection_cExport-release.cmake
-- Installing: /home/user/roskit_ws/install/tracer_msgs/share/tracer_msgs/cmake/tracer_msgs__rosidl_typesupport_cExport.cmake
-- Installing: /home/user/roskit_ws/install/tracer_msgs/share/tracer_msgs/cmake/tracer_msgs__rosidl_typesupport_cExport-release.cmake
-- Installing: /home/user/roskit_ws/install/tracer_msgs/share/tracer_msgs/cmake/tracer_msgs__rosidl_typesupport_introspection_cppExport.cmake
-- Installing: /home/user/roskit_ws/install/tracer_msgs/share/tracer_msgs/cmake/tracer_msgs__rosidl_typesupport_introspection_cppExport-release.cmake
-- Installing: /home/user/roskit_ws/install/tracer_msgs/share/tracer_msgs/cmake/tracer_msgs__rosidl_typesupport_cppExport.cmake
-- Installing: /home/user/roskit_ws/install/tracer_msgs/share/tracer_msgs/cmake/tracer_msgs__rosidl_typesupport_cppExport-release.cmake
-- Installing: /home/user/roskit_ws/install/tracer_msgs/share/tracer_msgs/cmake/export_tracer_msgs__rosidl_generator_pyExport.cmake
-- Installing: /home/user/roskit_ws/install/tracer_msgs/share/tracer_msgs/cmake/export_tracer_msgs__rosidl_generator_pyExport-release.cmake
