[0.051s] Invoking command in '/home/user/roskit_ws/build/rslidar_sdk': CMAKE_PREFIX_PATH=/home/user/roskit_ws/install/rslidar_msg:/opt/ros/humble:/home/user/roskit_ws/install/ugv_sdk:/home/user/roskit_ws/install/ublox_serialization:/home/user/roskit_ws/install/tracer_msgs:/home/user/roskit_ws/install/scout_msgs:/home/user/roskit_ws/install/scout_description:/home/user/roskit_ws/install/ranger_msgs:/home/user/roskit_ws/install/ranger_bringup:/home/user/roskit_ws/install/phidgets_msgs:/home/user/roskit_ws/install/ouster_sensor_msgs:/home/user/roskit_ws/install/libphidget22:/home/user/roskit_ws/install/hunter_msgs:/home/user/roskit_ws/install/gr_description:/home/user/roskit_ws/install/gr_bringup LD_LIBRARY_PATH=/home/user/roskit_ws/install/rslidar_msg/lib:/home/user/roskit_ws/install/tracer_msgs/lib:/home/user/roskit_ws/install/scout_msgs/lib:/home/user/roskit_ws/install/ranger_msgs/lib:/home/user/roskit_ws/install/phidgets_msgs/lib:/home/user/roskit_ws/install/ouster_sensor_msgs/lib:/home/user/roskit_ws/install/livox_sdk2/lib:/home/user/roskit_ws/install/libphidget22/opt/libphidget22/lib:/home/user/roskit_ws/install/hunter_msgs/lib:/usr/lib/x86_64-linux-gnu/gazebo-11/plugins:/opt/ros/humble/opt/rviz_ogre_vendor/lib:/opt/ros/humble/lib/x86_64-linux-gnu:/opt/ros/humble/lib /usr/bin/cmake --build /home/user/roskit_ws/build/rslidar_sdk -- -j16 -l16
[0.102s] [35m[1mConsolidate compiler generated dependencies of target rslidar_sdk_node[0m
[0.114s] [100%] Built target rslidar_sdk_node
[0.229s] Invoked command in '/home/user/roskit_ws/build/rslidar_sdk' returned '0': CMAKE_PREFIX_PATH=/home/user/roskit_ws/install/rslidar_msg:/opt/ros/humble:/home/user/roskit_ws/install/ugv_sdk:/home/user/roskit_ws/install/ublox_serialization:/home/user/roskit_ws/install/tracer_msgs:/home/user/roskit_ws/install/scout_msgs:/home/user/roskit_ws/install/scout_description:/home/user/roskit_ws/install/ranger_msgs:/home/user/roskit_ws/install/ranger_bringup:/home/user/roskit_ws/install/phidgets_msgs:/home/user/roskit_ws/install/ouster_sensor_msgs:/home/user/roskit_ws/install/libphidget22:/home/user/roskit_ws/install/hunter_msgs:/home/user/roskit_ws/install/gr_description:/home/user/roskit_ws/install/gr_bringup LD_LIBRARY_PATH=/home/user/roskit_ws/install/rslidar_msg/lib:/home/user/roskit_ws/install/tracer_msgs/lib:/home/user/roskit_ws/install/scout_msgs/lib:/home/user/roskit_ws/install/ranger_msgs/lib:/home/user/roskit_ws/install/phidgets_msgs/lib:/home/user/roskit_ws/install/ouster_sensor_msgs/lib:/home/user/roskit_ws/install/livox_sdk2/lib:/home/user/roskit_ws/install/libphidget22/opt/libphidget22/lib:/home/user/roskit_ws/install/hunter_msgs/lib:/usr/lib/x86_64-linux-gnu/gazebo-11/plugins:/opt/ros/humble/opt/rviz_ogre_vendor/lib:/opt/ros/humble/lib/x86_64-linux-gnu:/opt/ros/humble/lib /usr/bin/cmake --build /home/user/roskit_ws/build/rslidar_sdk -- -j16 -l16
[0.229s] Invoking command in '/home/user/roskit_ws/build/rslidar_sdk': CMAKE_PREFIX_PATH=/home/user/roskit_ws/install/rslidar_msg:/opt/ros/humble:/home/user/roskit_ws/install/ugv_sdk:/home/user/roskit_ws/install/ublox_serialization:/home/user/roskit_ws/install/tracer_msgs:/home/user/roskit_ws/install/scout_msgs:/home/user/roskit_ws/install/scout_description:/home/user/roskit_ws/install/ranger_msgs:/home/user/roskit_ws/install/ranger_bringup:/home/user/roskit_ws/install/phidgets_msgs:/home/user/roskit_ws/install/ouster_sensor_msgs:/home/user/roskit_ws/install/libphidget22:/home/user/roskit_ws/install/hunter_msgs:/home/user/roskit_ws/install/gr_description:/home/user/roskit_ws/install/gr_bringup LD_LIBRARY_PATH=/home/user/roskit_ws/install/rslidar_msg/lib:/home/user/roskit_ws/install/tracer_msgs/lib:/home/user/roskit_ws/install/scout_msgs/lib:/home/user/roskit_ws/install/ranger_msgs/lib:/home/user/roskit_ws/install/phidgets_msgs/lib:/home/user/roskit_ws/install/ouster_sensor_msgs/lib:/home/user/roskit_ws/install/livox_sdk2/lib:/home/user/roskit_ws/install/libphidget22/opt/libphidget22/lib:/home/user/roskit_ws/install/hunter_msgs/lib:/usr/lib/x86_64-linux-gnu/gazebo-11/plugins:/opt/ros/humble/opt/rviz_ogre_vendor/lib:/opt/ros/humble/lib/x86_64-linux-gnu:/opt/ros/humble/lib /usr/bin/cmake --install /home/user/roskit_ws/build/rslidar_sdk
[0.264s] -- Install configuration: "Release"
[0.264s] -- Execute custom install script
[0.264s] -- Up-to-date symlink: /home/user/roskit_ws/install/rslidar_sdk/lib/rslidar_sdk/rslidar_sdk_node
[0.264s] -- Up-to-date symlink: /home/user/roskit_ws/install/rslidar_sdk/share/rslidar_sdk/launch/elequent_start.py
[0.265s] -- Up-to-date symlink: /home/user/roskit_ws/install/rslidar_sdk/share/rslidar_sdk/launch/start.launch
[0.266s] -- Up-to-date symlink: /home/user/roskit_ws/install/rslidar_sdk/share/rslidar_sdk/launch/start.py
[0.266s] -- Up-to-date symlink: /home/user/roskit_ws/install/rslidar_sdk/share/rslidar_sdk/rviz/rviz.rviz
[0.266s] -- Up-to-date symlink: /home/user/roskit_ws/install/rslidar_sdk/share/rslidar_sdk/rviz/rviz2.rviz
[0.266s] -- Up-to-date symlink: /home/user/roskit_ws/install/rslidar_sdk/share/ament_index/resource_index/package_run_dependencies/rslidar_sdk
[0.266s] -- Up-to-date symlink: /home/user/roskit_ws/install/rslidar_sdk/share/ament_index/resource_index/parent_prefix_path/rslidar_sdk
[0.266s] -- Up-to-date symlink: /home/user/roskit_ws/install/rslidar_sdk/share/rslidar_sdk/environment/ament_prefix_path.sh
[0.266s] -- Up-to-date symlink: /home/user/roskit_ws/install/rslidar_sdk/share/rslidar_sdk/environment/ament_prefix_path.dsv
[0.266s] -- Up-to-date symlink: /home/user/roskit_ws/install/rslidar_sdk/share/rslidar_sdk/environment/path.sh
[0.267s] -- Up-to-date symlink: /home/user/roskit_ws/install/rslidar_sdk/share/rslidar_sdk/environment/path.dsv
[0.267s] -- Up-to-date symlink: /home/user/roskit_ws/install/rslidar_sdk/share/rslidar_sdk/local_setup.bash
[0.267s] -- Up-to-date symlink: /home/user/roskit_ws/install/rslidar_sdk/share/rslidar_sdk/local_setup.sh
[0.267s] -- Up-to-date symlink: /home/user/roskit_ws/install/rslidar_sdk/share/rslidar_sdk/local_setup.zsh
[0.267s] -- Up-to-date symlink: /home/user/roskit_ws/install/rslidar_sdk/share/rslidar_sdk/local_setup.dsv
[0.267s] -- Symlinking: /home/user/roskit_ws/install/rslidar_sdk/share/rslidar_sdk/package.dsv
[0.268s] -- Up-to-date symlink: /home/user/roskit_ws/install/rslidar_sdk/share/ament_index/resource_index/packages/rslidar_sdk
[0.268s] -- Up-to-date symlink: /home/user/roskit_ws/install/rslidar_sdk/share/rslidar_sdk/cmake/rslidar_sdkConfig.cmake
[0.268s] -- Up-to-date symlink: /home/user/roskit_ws/install/rslidar_sdk/share/rslidar_sdk/cmake/rslidar_sdkConfig-version.cmake
[0.268s] -- Up-to-date symlink: /home/user/roskit_ws/install/rslidar_sdk/share/rslidar_sdk/package.xml
[0.294s] Invoked command in '/home/user/roskit_ws/build/rslidar_sdk' returned '0': CMAKE_PREFIX_PATH=/home/user/roskit_ws/install/rslidar_msg:/opt/ros/humble:/home/user/roskit_ws/install/ugv_sdk:/home/user/roskit_ws/install/ublox_serialization:/home/user/roskit_ws/install/tracer_msgs:/home/user/roskit_ws/install/scout_msgs:/home/user/roskit_ws/install/scout_description:/home/user/roskit_ws/install/ranger_msgs:/home/user/roskit_ws/install/ranger_bringup:/home/user/roskit_ws/install/phidgets_msgs:/home/user/roskit_ws/install/ouster_sensor_msgs:/home/user/roskit_ws/install/libphidget22:/home/user/roskit_ws/install/hunter_msgs:/home/user/roskit_ws/install/gr_description:/home/user/roskit_ws/install/gr_bringup LD_LIBRARY_PATH=/home/user/roskit_ws/install/rslidar_msg/lib:/home/user/roskit_ws/install/tracer_msgs/lib:/home/user/roskit_ws/install/scout_msgs/lib:/home/user/roskit_ws/install/ranger_msgs/lib:/home/user/roskit_ws/install/phidgets_msgs/lib:/home/user/roskit_ws/install/ouster_sensor_msgs/lib:/home/user/roskit_ws/install/livox_sdk2/lib:/home/user/roskit_ws/install/libphidget22/opt/libphidget22/lib:/home/user/roskit_ws/install/hunter_msgs/lib:/usr/lib/x86_64-linux-gnu/gazebo-11/plugins:/opt/ros/humble/opt/rviz_ogre_vendor/lib:/opt/ros/humble/lib/x86_64-linux-gnu:/opt/ros/humble/lib /usr/bin/cmake --install /home/user/roskit_ws/build/rslidar_sdk
