[0.035s] Invoking command in '/home/user/roskit_ws/build/gr_bringup': /usr/bin/cmake /home/user/roskit_ws/src/gr_bringup -DCMAKE_BUILD_TYPE=Release -DAMENT_CMAKE_SYMLINK_INSTALL=1 -DCMAKE_INSTALL_PREFIX=/home/user/roskit_ws/install/gr_bringup
[0.077s] [31mCMake Error at CMakeLists.txt:19 (find_package):
[0.078s]   By not providing "Findament_cmake.cmake" in CMAKE_MODULE_PATH this project
[0.079s]   has asked CMake to find a package configuration file provided by
[0.079s]   "ament_cmake", but CMake did not find one.
[0.079s] 
[0.079s]   Could not find a package configuration file provided by "ament_cmake" with
[0.079s]   any of the following names:
[0.082s] 
[0.082s]     ament_cmakeConfig.cmake
[0.082s]     ament_cmake-config.cmake
[0.082s] 
[0.082s]   Add the installation prefix of "ament_cmake" to CMAKE_PREFIX_PATH or set
[0.082s]   "ament_cmake_DIR" to a directory containing one of the above files.  If
[0.082s]   "ament_cmake" provides a separate development package or SDK, be sure it
[0.082s]   has been installed.
[0.083s] 
[0.083s] [0m
[0.083s] -- Configuring incomplete, errors occurred!
[0.083s] See also "/home/user/roskit_ws/build/gr_bringup/CMakeFiles/CMakeOutput.log".
[0.177s] Invoked command in '/home/user/roskit_ws/build/gr_bringup' returned '1': /usr/bin/cmake /home/user/roskit_ws/src/gr_bringup -DCMAKE_BUILD_TYPE=Release -DAMENT_CMAKE_SYMLINK_INSTALL=1 -DCMAKE_INSTALL_PREFIX=/home/user/roskit_ws/install/gr_bringup
