[0.061s] Invoking command in '/home/user/roskit_ws/build/phidgets_accelerometer': AMENT_PREFIX_PATH=/home/user/roskit_ws/install/phidgets_api:${AMENT_PREFIX_PATH} CMAKE_PREFIX_PATH=/home/user/roskit_ws/install/phidgets_api:/home/user/roskit_ws/install/libphidget22:/opt/ros/humble:/home/user/roskit_ws/install/ugv_sdk:/home/user/roskit_ws/install/ublox_serialization:/home/user/roskit_ws/install/tracer_msgs:/home/user/roskit_ws/install/scout_msgs:/home/user/roskit_ws/install/scout_description:/home/user/roskit_ws/install/rslidar_msg:/home/user/roskit_ws/install/ranger_msgs:/home/user/roskit_ws/install/ranger_bringup:/home/user/roskit_ws/install/phidgets_msgs:/home/user/roskit_ws/install/ouster_sensor_msgs:/home/user/roskit_ws/install/hunter_msgs:/home/user/roskit_ws/install/gr_description:/home/user/roskit_ws/install/gr_bringup LD_LIBRARY_PATH=/home/user/roskit_ws/install/phidgets_api/lib:${LD_LIBRARY_PATH} /usr/bin/cmake --build /home/user/roskit_ws/build/phidgets_accelerometer -- -j16 -l16
[0.152s] [100%] Built target phidgets_accelerometer
[0.170s] Invoked command in '/home/user/roskit_ws/build/phidgets_accelerometer' returned '0': AMENT_PREFIX_PATH=/home/user/roskit_ws/install/phidgets_api:${AMENT_PREFIX_PATH} CMAKE_PREFIX_PATH=/home/user/roskit_ws/install/phidgets_api:/home/user/roskit_ws/install/libphidget22:/opt/ros/humble:/home/user/roskit_ws/install/ugv_sdk:/home/user/roskit_ws/install/ublox_serialization:/home/user/roskit_ws/install/tracer_msgs:/home/user/roskit_ws/install/scout_msgs:/home/user/roskit_ws/install/scout_description:/home/user/roskit_ws/install/rslidar_msg:/home/user/roskit_ws/install/ranger_msgs:/home/user/roskit_ws/install/ranger_bringup:/home/user/roskit_ws/install/phidgets_msgs:/home/user/roskit_ws/install/ouster_sensor_msgs:/home/user/roskit_ws/install/hunter_msgs:/home/user/roskit_ws/install/gr_description:/home/user/roskit_ws/install/gr_bringup LD_LIBRARY_PATH=/home/user/roskit_ws/install/phidgets_api/lib:${LD_LIBRARY_PATH} /usr/bin/cmake --build /home/user/roskit_ws/build/phidgets_accelerometer -- -j16 -l16
[0.171s] Invoking command in '/home/user/roskit_ws/build/phidgets_accelerometer': AMENT_PREFIX_PATH=/home/user/roskit_ws/install/phidgets_api:${AMENT_PREFIX_PATH} CMAKE_PREFIX_PATH=/home/user/roskit_ws/install/phidgets_api:/home/user/roskit_ws/install/libphidget22:/opt/ros/humble:/home/user/roskit_ws/install/ugv_sdk:/home/user/roskit_ws/install/ublox_serialization:/home/user/roskit_ws/install/tracer_msgs:/home/user/roskit_ws/install/scout_msgs:/home/user/roskit_ws/install/scout_description:/home/user/roskit_ws/install/rslidar_msg:/home/user/roskit_ws/install/ranger_msgs:/home/user/roskit_ws/install/ranger_bringup:/home/user/roskit_ws/install/phidgets_msgs:/home/user/roskit_ws/install/ouster_sensor_msgs:/home/user/roskit_ws/install/hunter_msgs:/home/user/roskit_ws/install/gr_description:/home/user/roskit_ws/install/gr_bringup LD_LIBRARY_PATH=/home/user/roskit_ws/install/phidgets_api/lib:${LD_LIBRARY_PATH} /usr/bin/cmake --install /home/user/roskit_ws/build/phidgets_accelerometer
[0.176s] -- Install configuration: "Release"
[0.176s] -- Execute custom install script
[0.176s] -- Up-to-date symlink: /home/user/roskit_ws/install/phidgets_accelerometer/lib/libphidgets_accelerometer.so
[0.177s] -- Up-to-date symlink: /home/user/roskit_ws/install/phidgets_accelerometer/include/phidgets_accelerometer/accelerometer_ros_i.hpp
[0.177s] -- Up-to-date symlink: /home/user/roskit_ws/install/phidgets_accelerometer/share/phidgets_accelerometer/launch/accelerometer-launch.py
[0.177s] -- Up-to-date symlink: /home/user/roskit_ws/install/phidgets_accelerometer/share/ament_index/resource_index/package_run_dependencies/phidgets_accelerometer
[0.177s] -- Up-to-date symlink: /home/user/roskit_ws/install/phidgets_accelerometer/share/ament_index/resource_index/parent_prefix_path/phidgets_accelerometer
[0.177s] -- Up-to-date symlink: /home/user/roskit_ws/install/phidgets_accelerometer/share/phidgets_accelerometer/environment/ament_prefix_path.sh
[0.177s] -- Up-to-date symlink: /home/user/roskit_ws/install/phidgets_accelerometer/share/phidgets_accelerometer/environment/ament_prefix_path.dsv
[0.177s] -- Up-to-date symlink: /home/user/roskit_ws/install/phidgets_accelerometer/share/phidgets_accelerometer/environment/path.sh
[0.177s] -- Up-to-date symlink: /home/user/roskit_ws/install/phidgets_accelerometer/share/phidgets_accelerometer/environment/path.dsv
[0.177s] -- Up-to-date symlink: /home/user/roskit_ws/install/phidgets_accelerometer/share/phidgets_accelerometer/local_setup.bash
[0.177s] -- Up-to-date symlink: /home/user/roskit_ws/install/phidgets_accelerometer/share/phidgets_accelerometer/local_setup.sh
[0.177s] -- Up-to-date symlink: /home/user/roskit_ws/install/phidgets_accelerometer/share/phidgets_accelerometer/local_setup.zsh
[0.177s] -- Up-to-date symlink: /home/user/roskit_ws/install/phidgets_accelerometer/share/phidgets_accelerometer/local_setup.dsv
[0.178s] -- Symlinking: /home/user/roskit_ws/install/phidgets_accelerometer/share/phidgets_accelerometer/package.dsv
[0.182s] -- Up-to-date symlink: /home/user/roskit_ws/install/phidgets_accelerometer/share/ament_index/resource_index/packages/phidgets_accelerometer
[0.182s] -- Up-to-date symlink: /home/user/roskit_ws/install/phidgets_accelerometer/share/ament_index/resource_index/rclcpp_components/phidgets_accelerometer
[0.182s] -- Up-to-date symlink: /home/user/roskit_ws/install/phidgets_accelerometer/share/phidgets_accelerometer/cmake/phidgets_accelerometerConfig.cmake
[0.182s] -- Up-to-date symlink: /home/user/roskit_ws/install/phidgets_accelerometer/share/phidgets_accelerometer/cmake/phidgets_accelerometerConfig-version.cmake
[0.182s] -- Up-to-date symlink: /home/user/roskit_ws/install/phidgets_accelerometer/share/phidgets_accelerometer/package.xml
[0.230s] Invoked command in '/home/user/roskit_ws/build/phidgets_accelerometer' returned '0': AMENT_PREFIX_PATH=/home/user/roskit_ws/install/phidgets_api:${AMENT_PREFIX_PATH} CMAKE_PREFIX_PATH=/home/user/roskit_ws/install/phidgets_api:/home/user/roskit_ws/install/libphidget22:/opt/ros/humble:/home/user/roskit_ws/install/ugv_sdk:/home/user/roskit_ws/install/ublox_serialization:/home/user/roskit_ws/install/tracer_msgs:/home/user/roskit_ws/install/scout_msgs:/home/user/roskit_ws/install/scout_description:/home/user/roskit_ws/install/rslidar_msg:/home/user/roskit_ws/install/ranger_msgs:/home/user/roskit_ws/install/ranger_bringup:/home/user/roskit_ws/install/phidgets_msgs:/home/user/roskit_ws/install/ouster_sensor_msgs:/home/user/roskit_ws/install/hunter_msgs:/home/user/roskit_ws/install/gr_description:/home/user/roskit_ws/install/gr_bringup LD_LIBRARY_PATH=/home/user/roskit_ws/install/phidgets_api/lib:${LD_LIBRARY_PATH} /usr/bin/cmake --install /home/user/roskit_ws/build/phidgets_accelerometer
