-- Found ament_cmake: 1.3.12 (/opt/ros/humble/share/ament_cmake/cmake)
-- Found Python3: /usr/bin/python3 (found version "3.10.12") found components: Interpreter 
-- Override CMake install command with custom implementation using symlinks instead of copying resources
-- Found rosidl_default_generators: 1.2.0 (/opt/ros/humble/share/rosidl_default_generators/cmake)
-- Using all available rosidl_typesupport_c: rosidl_typesupport_fastrtps_c;rosidl_typesupport_introspection_c
-- Found rosidl_adapter: 3.1.7 (/opt/ros/humble/share/rosidl_adapter/cmake)
-- Using all available rosidl_typesupport_cpp: rosidl_typesupport_fastrtps_cpp;rosidl_typesupport_introspection_cpp
-- Found std_msgs: 4.9.0 (/opt/ros/humble/share/std_msgs/cmake)
-- Found ament_cmake_ros: 0.10.0 (/opt/ros/humble/share/ament_cmake_ros/cmake)
-- Using all available rosidl_typesupport_c: rosidl_typesupport_fastrtps_c;rosidl_typesupport_introspection_c
-- Using all available rosidl_typesupport_cpp: rosidl_typesupport_fastrtps_cpp;rosidl_typesupport_introspection_cpp
-- Found PythonInterp: /usr/bin/python3 (found suitable version "3.10.12", minimum required is "3.6") 
-- Found python_cmake_module: 0.10.0 (/opt/ros/humble/share/python_cmake_module/cmake)
-- Found PythonLibs: /usr/lib/x86_64-linux-gnu/libpython3.10.so (found suitable version "3.10.12", minimum required is "3.5") 
-- Using PYTHON_EXECUTABLE: /usr/bin/python3
-- Using PYTHON_INCLUDE_DIRS: /usr/include/python3.10
-- Using PYTHON_LIBRARIES: /usr/lib/x86_64-linux-gnu/libpython3.10.so
-- Found PythonExtra: .so  
-- Configuring done
-- Generating done
-- Build files have been written to: /home/user/roskit_ws/build/phidgets_msgs
[  2%] [34m[1mGenerating C++ code for ROS interfaces[0m
[  4%] [34m[1mGenerating C code for ROS interfaces[0m
[  4%] Built target ament_cmake_python_symlink_phidgets_msgs
running egg_info
creating phidgets_msgs.egg-info
writing phidgets_msgs.egg-info/PKG-INFO
writing dependency_links to phidgets_msgs.egg-info/dependency_links.txt
writing top-level names to phidgets_msgs.egg-info/top_level.txt
writing manifest file 'phidgets_msgs.egg-info/SOURCES.txt'
reading manifest file 'phidgets_msgs.egg-info/SOURCES.txt'
writing manifest file 'phidgets_msgs.egg-info/SOURCES.txt'
[  4%] Built target ament_cmake_python_build_phidgets_msgs_egg
[  6%] [32mBuilding C object CMakeFiles/phidgets_msgs__rosidl_generator_c.dir/rosidl_generator_c/phidgets_msgs/srv/detail/set_digital_output__functions.c.o[0m
[  8%] [32mBuilding C object CMakeFiles/phidgets_msgs__rosidl_generator_c.dir/rosidl_generator_c/phidgets_msgs/srv/detail/set_analog_output__functions.c.o[0m
[ 10%] [32mBuilding C object CMakeFiles/phidgets_msgs__rosidl_generator_c.dir/rosidl_generator_c/phidgets_msgs/msg/detail/encoder_decimated_speed__functions.c.o[0m
[ 10%] Built target phidgets_msgs__cpp
[ 12%] [34m[1mGenerating C++ introspection for ROS interfaces[0m
[ 14%] [34m[1mGenerating C++ type support dispatch for ROS interfaces[0m
[ 17%] [34m[1mGenerating C++ type support for eProsima Fast-RTPS[0m
[ 19%] [32m[1mLinking C shared library libphidgets_msgs__rosidl_generator_c.so[0m
[ 19%] Built target phidgets_msgs__rosidl_generator_c
[ 21%] [34m[1mGenerating C type support for eProsima Fast-RTPS[0m
[ 23%] [34m[1mGenerating C introspection for ROS interfaces[0m
[ 25%] [34m[1mGenerating C type support dispatch for ROS interfaces[0m
[ 27%] [32mBuilding CXX object CMakeFiles/phidgets_msgs__rosidl_typesupport_cpp.dir/rosidl_typesupport_cpp/phidgets_msgs/srv/set_analog_output__type_support.cpp.o[0m
[ 29%] [32mBuilding CXX object CMakeFiles/phidgets_msgs__rosidl_typesupport_cpp.dir/rosidl_typesupport_cpp/phidgets_msgs/msg/encoder_decimated_speed__type_support.cpp.o[0m
[ 31%] [32mBuilding CXX object CMakeFiles/phidgets_msgs__rosidl_typesupport_cpp.dir/rosidl_typesupport_cpp/phidgets_msgs/srv/set_digital_output__type_support.cpp.o[0m
[ 34%] [32mBuilding CXX object CMakeFiles/phidgets_msgs__rosidl_typesupport_fastrtps_cpp.dir/rosidl_typesupport_fastrtps_cpp/phidgets_msgs/srv/detail/dds_fastrtps/set_digital_output__type_support.cpp.o[0m
[ 36%] [32mBuilding CXX object CMakeFiles/phidgets_msgs__rosidl_typesupport_fastrtps_cpp.dir/rosidl_typesupport_fastrtps_cpp/phidgets_msgs/srv/detail/dds_fastrtps/set_analog_output__type_support.cpp.o[0m
[ 38%] [32mBuilding CXX object CMakeFiles/phidgets_msgs__rosidl_typesupport_fastrtps_cpp.dir/rosidl_typesupport_fastrtps_cpp/phidgets_msgs/msg/detail/dds_fastrtps/encoder_decimated_speed__type_support.cpp.o[0m
[ 40%] [32mBuilding CXX object CMakeFiles/phidgets_msgs__rosidl_typesupport_c.dir/rosidl_typesupport_c/phidgets_msgs/srv/set_analog_output__type_support.cpp.o[0m
[ 42%] [32mBuilding CXX object CMakeFiles/phidgets_msgs__rosidl_typesupport_c.dir/rosidl_typesupport_c/phidgets_msgs/srv/set_digital_output__type_support.cpp.o[0m
[ 44%] [32mBuilding CXX object CMakeFiles/phidgets_msgs__rosidl_typesupport_c.dir/rosidl_typesupport_c/phidgets_msgs/msg/encoder_decimated_speed__type_support.cpp.o[0m
[ 46%] [32mBuilding CXX object CMakeFiles/phidgets_msgs__rosidl_typesupport_introspection_cpp.dir/rosidl_typesupport_introspection_cpp/phidgets_msgs/srv/detail/set_analog_output__type_support.cpp.o[0m
[ 48%] [32mBuilding CXX object CMakeFiles/phidgets_msgs__rosidl_typesupport_introspection_cpp.dir/rosidl_typesupport_introspection_cpp/phidgets_msgs/msg/detail/encoder_decimated_speed__type_support.cpp.o[0m
[ 51%] [32mBuilding CXX object CMakeFiles/phidgets_msgs__rosidl_typesupport_introspection_cpp.dir/rosidl_typesupport_introspection_cpp/phidgets_msgs/srv/detail/set_digital_output__type_support.cpp.o[0m
[ 53%] [32m[1mLinking CXX shared library libphidgets_msgs__rosidl_typesupport_c.so[0m
[ 53%] Built target phidgets_msgs__rosidl_typesupport_c
[ 55%] [32m[1mLinking CXX shared library libphidgets_msgs__rosidl_typesupport_cpp.so[0m
[ 55%] Built target phidgets_msgs__rosidl_typesupport_cpp
[ 57%] [32mBuilding C object CMakeFiles/phidgets_msgs__rosidl_typesupport_introspection_c.dir/rosidl_typesupport_introspection_c/phidgets_msgs/srv/detail/set_analog_output__type_support.c.o[0m
[ 61%] [32mBuilding C object CMakeFiles/phidgets_msgs__rosidl_typesupport_introspection_c.dir/rosidl_typesupport_introspection_c/phidgets_msgs/msg/detail/encoder_decimated_speed__type_support.c.o[0m
[ 59%] [32mBuilding C object CMakeFiles/phidgets_msgs__rosidl_typesupport_introspection_c.dir/rosidl_typesupport_introspection_c/phidgets_msgs/srv/detail/set_digital_output__type_support.c.o[0m
[ 63%] [32mBuilding CXX object CMakeFiles/phidgets_msgs__rosidl_typesupport_fastrtps_c.dir/rosidl_typesupport_fastrtps_c/phidgets_msgs/srv/detail/set_digital_output__type_support_c.cpp.o[0m
[ 65%] [32mBuilding CXX object CMakeFiles/phidgets_msgs__rosidl_typesupport_fastrtps_c.dir/rosidl_typesupport_fastrtps_c/phidgets_msgs/msg/detail/encoder_decimated_speed__type_support_c.cpp.o[0m
[ 68%] [32mBuilding CXX object CMakeFiles/phidgets_msgs__rosidl_typesupport_fastrtps_c.dir/rosidl_typesupport_fastrtps_c/phidgets_msgs/srv/detail/set_analog_output__type_support_c.cpp.o[0m
[ 70%] [32m[1mLinking C shared library libphidgets_msgs__rosidl_typesupport_introspection_c.so[0m
[ 70%] Built target phidgets_msgs__rosidl_typesupport_introspection_c
[ 72%] [32m[1mLinking CXX shared library libphidgets_msgs__rosidl_typesupport_fastrtps_cpp.so[0m
[ 72%] Built target phidgets_msgs__rosidl_typesupport_fastrtps_cpp
[ 74%] [32m[1mLinking CXX shared library libphidgets_msgs__rosidl_typesupport_introspection_cpp.so[0m
[ 74%] Built target phidgets_msgs__rosidl_typesupport_introspection_cpp
[ 76%] [32m[1mLinking CXX shared library libphidgets_msgs__rosidl_typesupport_fastrtps_c.so[0m
[ 76%] Built target phidgets_msgs__rosidl_typesupport_fastrtps_c
[ 76%] Built target phidgets_msgs
[ 78%] [34m[1mGenerating Python code for ROS interfaces[0m
[ 78%] Built target phidgets_msgs__py
[ 80%] [32mBuilding C object CMakeFiles/phidgets_msgs__rosidl_generator_py.dir/rosidl_generator_py/phidgets_msgs/srv/_set_digital_output_s.c.o[0m
[ 82%] [32mBuilding C object CMakeFiles/phidgets_msgs__rosidl_generator_py.dir/rosidl_generator_py/phidgets_msgs/msg/_encoder_decimated_speed_s.c.o[0m
[ 85%] [32mBuilding C object CMakeFiles/phidgets_msgs__rosidl_generator_py.dir/rosidl_generator_py/phidgets_msgs/srv/_set_analog_output_s.c.o[0m
[ 87%] [32m[1mLinking C shared library rosidl_generator_py/phidgets_msgs/libphidgets_msgs__rosidl_generator_py.so[0m
[ 87%] Built target phidgets_msgs__rosidl_generator_py
[ 89%] [32mBuilding C object CMakeFiles/phidgets_msgs__rosidl_typesupport_fastrtps_c__pyext.dir/rosidl_generator_py/phidgets_msgs/_phidgets_msgs_s.ep.rosidl_typesupport_fastrtps_c.c.o[0m
[ 91%] [32mBuilding C object CMakeFiles/phidgets_msgs__rosidl_typesupport_introspection_c__pyext.dir/rosidl_generator_py/phidgets_msgs/_phidgets_msgs_s.ep.rosidl_typesupport_introspection_c.c.o[0m
[ 93%] [32mBuilding C object CMakeFiles/phidgets_msgs__rosidl_typesupport_c__pyext.dir/rosidl_generator_py/phidgets_msgs/_phidgets_msgs_s.ep.rosidl_typesupport_c.c.o[0m
[ 95%] [32m[1mLinking C shared library rosidl_generator_py/phidgets_msgs/phidgets_msgs_s__rosidl_typesupport_introspection_c.cpython-310-x86_64-linux-gnu.so[0m
[ 97%] [32m[1mLinking C shared library rosidl_generator_py/phidgets_msgs/phidgets_msgs_s__rosidl_typesupport_fastrtps_c.cpython-310-x86_64-linux-gnu.so[0m
[100%] [32m[1mLinking C shared library rosidl_generator_py/phidgets_msgs/phidgets_msgs_s__rosidl_typesupport_c.cpython-310-x86_64-linux-gnu.so[0m
[100%] Built target phidgets_msgs__rosidl_typesupport_introspection_c__pyext
[100%] Built target phidgets_msgs__rosidl_typesupport_fastrtps_c__pyext
[100%] Built target phidgets_msgs__rosidl_typesupport_c__pyext
-- Install configuration: "Release"
-- Execute custom install script
-- Symlinking: /home/user/roskit_ws/install/phidgets_msgs/share/ament_index/resource_index/rosidl_interfaces/phidgets_msgs
-- Symlinking: /home/user/roskit_ws/install/phidgets_msgs/include/phidgets_msgs/phidgets_msgs/msg/detail/encoder_decimated_speed__functions.h
-- Symlinking: /home/user/roskit_ws/install/phidgets_msgs/include/phidgets_msgs/phidgets_msgs/msg/detail/encoder_decimated_speed__struct.h
-- Symlinking: /home/user/roskit_ws/install/phidgets_msgs/include/phidgets_msgs/phidgets_msgs/msg/detail/encoder_decimated_speed__type_support.h
-- Symlinking: /home/user/roskit_ws/install/phidgets_msgs/include/phidgets_msgs/phidgets_msgs/msg/encoder_decimated_speed.h
-- Symlinking: /home/user/roskit_ws/install/phidgets_msgs/include/phidgets_msgs/phidgets_msgs/msg/rosidl_generator_c__visibility_control.h
-- Symlinking: /home/user/roskit_ws/install/phidgets_msgs/include/phidgets_msgs/phidgets_msgs/srv/detail/set_analog_output__functions.h
-- Symlinking: /home/user/roskit_ws/install/phidgets_msgs/include/phidgets_msgs/phidgets_msgs/srv/detail/set_analog_output__struct.h
-- Symlinking: /home/user/roskit_ws/install/phidgets_msgs/include/phidgets_msgs/phidgets_msgs/srv/detail/set_analog_output__type_support.h
-- Symlinking: /home/user/roskit_ws/install/phidgets_msgs/include/phidgets_msgs/phidgets_msgs/srv/detail/set_digital_output__functions.h
-- Symlinking: /home/user/roskit_ws/install/phidgets_msgs/include/phidgets_msgs/phidgets_msgs/srv/detail/set_digital_output__struct.h
-- Symlinking: /home/user/roskit_ws/install/phidgets_msgs/include/phidgets_msgs/phidgets_msgs/srv/detail/set_digital_output__type_support.h
-- Symlinking: /home/user/roskit_ws/install/phidgets_msgs/include/phidgets_msgs/phidgets_msgs/srv/set_analog_output.h
-- Symlinking: /home/user/roskit_ws/install/phidgets_msgs/include/phidgets_msgs/phidgets_msgs/srv/set_digital_output.h
-- Symlinking: /home/user/roskit_ws/install/phidgets_msgs/share/phidgets_msgs/environment/library_path.sh
-- Symlinking: /home/user/roskit_ws/install/phidgets_msgs/share/phidgets_msgs/environment/library_path.dsv
-- Symlinking: /home/user/roskit_ws/install/phidgets_msgs/include/phidgets_msgs/phidgets_msgs/msg/detail/encoder_decimated_speed__rosidl_typesupport_fastrtps_c.h
-- Symlinking: /home/user/roskit_ws/install/phidgets_msgs/include/phidgets_msgs/phidgets_msgs/msg/rosidl_typesupport_fastrtps_c__visibility_control.h
-- Symlinking: /home/user/roskit_ws/install/phidgets_msgs/include/phidgets_msgs/phidgets_msgs/srv/detail/set_analog_output__rosidl_typesupport_fastrtps_c.h
-- Symlinking: /home/user/roskit_ws/install/phidgets_msgs/include/phidgets_msgs/phidgets_msgs/srv/detail/set_digital_output__rosidl_typesupport_fastrtps_c.h
-- Symlinking: /home/user/roskit_ws/install/phidgets_msgs/include/phidgets_msgs/phidgets_msgs/msg/detail/encoder_decimated_speed__rosidl_typesupport_introspection_c.h
-- Symlinking: /home/user/roskit_ws/install/phidgets_msgs/include/phidgets_msgs/phidgets_msgs/msg/rosidl_typesupport_introspection_c__visibility_control.h
-- Symlinking: /home/user/roskit_ws/install/phidgets_msgs/include/phidgets_msgs/phidgets_msgs/srv/detail/set_analog_output__rosidl_typesupport_introspection_c.h
-- Symlinking: /home/user/roskit_ws/install/phidgets_msgs/include/phidgets_msgs/phidgets_msgs/srv/detail/set_digital_output__rosidl_typesupport_introspection_c.h
-- Symlinking: /home/user/roskit_ws/install/phidgets_msgs/include/phidgets_msgs/phidgets_msgs/msg/detail/encoder_decimated_speed__builder.hpp
-- Symlinking: /home/user/roskit_ws/install/phidgets_msgs/include/phidgets_msgs/phidgets_msgs/msg/detail/encoder_decimated_speed__struct.hpp
-- Symlinking: /home/user/roskit_ws/install/phidgets_msgs/include/phidgets_msgs/phidgets_msgs/msg/detail/encoder_decimated_speed__traits.hpp
-- Symlinking: /home/user/roskit_ws/install/phidgets_msgs/include/phidgets_msgs/phidgets_msgs/msg/detail/encoder_decimated_speed__type_support.hpp
-- Symlinking: /home/user/roskit_ws/install/phidgets_msgs/include/phidgets_msgs/phidgets_msgs/msg/encoder_decimated_speed.hpp
-- Symlinking: /home/user/roskit_ws/install/phidgets_msgs/include/phidgets_msgs/phidgets_msgs/msg/rosidl_generator_cpp__visibility_control.hpp
-- Symlinking: /home/user/roskit_ws/install/phidgets_msgs/include/phidgets_msgs/phidgets_msgs/srv/detail/set_analog_output__builder.hpp
-- Symlinking: /home/user/roskit_ws/install/phidgets_msgs/include/phidgets_msgs/phidgets_msgs/srv/detail/set_analog_output__struct.hpp
-- Symlinking: /home/user/roskit_ws/install/phidgets_msgs/include/phidgets_msgs/phidgets_msgs/srv/detail/set_analog_output__traits.hpp
-- Symlinking: /home/user/roskit_ws/install/phidgets_msgs/include/phidgets_msgs/phidgets_msgs/srv/detail/set_analog_output__type_support.hpp
-- Symlinking: /home/user/roskit_ws/install/phidgets_msgs/include/phidgets_msgs/phidgets_msgs/srv/detail/set_digital_output__builder.hpp
-- Symlinking: /home/user/roskit_ws/install/phidgets_msgs/include/phidgets_msgs/phidgets_msgs/srv/detail/set_digital_output__struct.hpp
-- Symlinking: /home/user/roskit_ws/install/phidgets_msgs/include/phidgets_msgs/phidgets_msgs/srv/detail/set_digital_output__traits.hpp
-- Symlinking: /home/user/roskit_ws/install/phidgets_msgs/include/phidgets_msgs/phidgets_msgs/srv/detail/set_digital_output__type_support.hpp
-- Symlinking: /home/user/roskit_ws/install/phidgets_msgs/include/phidgets_msgs/phidgets_msgs/srv/set_analog_output.hpp
-- Symlinking: /home/user/roskit_ws/install/phidgets_msgs/include/phidgets_msgs/phidgets_msgs/srv/set_digital_output.hpp
-- Symlinking: /home/user/roskit_ws/install/phidgets_msgs/include/phidgets_msgs/phidgets_msgs/msg/detail/encoder_decimated_speed__rosidl_typesupport_fastrtps_cpp.hpp
-- Symlinking: /home/user/roskit_ws/install/phidgets_msgs/include/phidgets_msgs/phidgets_msgs/msg/rosidl_typesupport_fastrtps_cpp__visibility_control.h
-- Symlinking: /home/user/roskit_ws/install/phidgets_msgs/include/phidgets_msgs/phidgets_msgs/srv/detail/set_analog_output__rosidl_typesupport_fastrtps_cpp.hpp
-- Symlinking: /home/user/roskit_ws/install/phidgets_msgs/include/phidgets_msgs/phidgets_msgs/srv/detail/set_digital_output__rosidl_typesupport_fastrtps_cpp.hpp
-- Symlinking: /home/user/roskit_ws/install/phidgets_msgs/include/phidgets_msgs/phidgets_msgs/msg/detail/encoder_decimated_speed__rosidl_typesupport_introspection_cpp.hpp
-- Symlinking: /home/user/roskit_ws/install/phidgets_msgs/include/phidgets_msgs/phidgets_msgs/srv/detail/set_analog_output__rosidl_typesupport_introspection_cpp.hpp
-- Symlinking: /home/user/roskit_ws/install/phidgets_msgs/include/phidgets_msgs/phidgets_msgs/srv/detail/set_digital_output__rosidl_typesupport_introspection_cpp.hpp
-- Symlinking: /home/user/roskit_ws/install/phidgets_msgs/share/phidgets_msgs/environment/pythonpath.sh
-- Symlinking: /home/user/roskit_ws/install/phidgets_msgs/share/phidgets_msgs/environment/pythonpath.dsv
-- Symlinking: /home/user/roskit_ws/install/phidgets_msgs/local/lib/python3.10/dist-packages/phidgets_msgs-2.3.3-py3.10.egg-info/PKG-INFO
-- Symlinking: /home/user/roskit_ws/install/phidgets_msgs/local/lib/python3.10/dist-packages/phidgets_msgs-2.3.3-py3.10.egg-info/SOURCES.txt
-- Symlinking: /home/user/roskit_ws/install/phidgets_msgs/local/lib/python3.10/dist-packages/phidgets_msgs-2.3.3-py3.10.egg-info/dependency_links.txt
-- Symlinking: /home/user/roskit_ws/install/phidgets_msgs/local/lib/python3.10/dist-packages/phidgets_msgs-2.3.3-py3.10.egg-info/top_level.txt
-- Symlinking: /home/user/roskit_ws/install/phidgets_msgs/local/lib/python3.10/dist-packages/phidgets_msgs/__init__.py
-- Symlinking: /home/user/roskit_ws/install/phidgets_msgs/local/lib/python3.10/dist-packages/phidgets_msgs/_phidgets_msgs_s.ep.rosidl_typesupport_c.c
-- Symlinking: /home/user/roskit_ws/install/phidgets_msgs/local/lib/python3.10/dist-packages/phidgets_msgs/_phidgets_msgs_s.ep.rosidl_typesupport_fastrtps_c.c
-- Symlinking: /home/user/roskit_ws/install/phidgets_msgs/local/lib/python3.10/dist-packages/phidgets_msgs/_phidgets_msgs_s.ep.rosidl_typesupport_introspection_c.c
-- Symlinking: /home/user/roskit_ws/install/phidgets_msgs/local/lib/python3.10/dist-packages/phidgets_msgs/libphidgets_msgs__rosidl_generator_py.so
-- Symlinking: /home/user/roskit_ws/install/phidgets_msgs/local/lib/python3.10/dist-packages/phidgets_msgs/msg/__init__.py
-- Symlinking: /home/user/roskit_ws/install/phidgets_msgs/local/lib/python3.10/dist-packages/phidgets_msgs/msg/_encoder_decimated_speed.py
-- Symlinking: /home/user/roskit_ws/install/phidgets_msgs/local/lib/python3.10/dist-packages/phidgets_msgs/msg/_encoder_decimated_speed_s.c
-- Symlinking: /home/user/roskit_ws/install/phidgets_msgs/local/lib/python3.10/dist-packages/phidgets_msgs/phidgets_msgs_s__rosidl_typesupport_c.cpython-310-x86_64-linux-gnu.so
-- Symlinking: /home/user/roskit_ws/install/phidgets_msgs/local/lib/python3.10/dist-packages/phidgets_msgs/phidgets_msgs_s__rosidl_typesupport_fastrtps_c.cpython-310-x86_64-linux-gnu.so
-- Symlinking: /home/user/roskit_ws/install/phidgets_msgs/local/lib/python3.10/dist-packages/phidgets_msgs/phidgets_msgs_s__rosidl_typesupport_introspection_c.cpython-310-x86_64-linux-gnu.so
-- Symlinking: /home/user/roskit_ws/install/phidgets_msgs/local/lib/python3.10/dist-packages/phidgets_msgs/srv/__init__.py
-- Symlinking: /home/user/roskit_ws/install/phidgets_msgs/local/lib/python3.10/dist-packages/phidgets_msgs/srv/_set_analog_output.py
-- Symlinking: /home/user/roskit_ws/install/phidgets_msgs/local/lib/python3.10/dist-packages/phidgets_msgs/srv/_set_analog_output_s.c
-- Symlinking: /home/user/roskit_ws/install/phidgets_msgs/local/lib/python3.10/dist-packages/phidgets_msgs/srv/_set_digital_output.py
-- Symlinking: /home/user/roskit_ws/install/phidgets_msgs/local/lib/python3.10/dist-packages/phidgets_msgs/srv/_set_digital_output_s.c
-- Up-to-date symlink: /home/user/roskit_ws/install/phidgets_msgs/local/lib/python3.10/dist-packages/phidgets_msgs/phidgets_msgs_s__rosidl_typesupport_fastrtps_c.cpython-310-x86_64-linux-gnu.so
-- Up-to-date symlink: /home/user/roskit_ws/install/phidgets_msgs/local/lib/python3.10/dist-packages/phidgets_msgs/phidgets_msgs_s__rosidl_typesupport_introspection_c.cpython-310-x86_64-linux-gnu.so
-- Up-to-date symlink: /home/user/roskit_ws/install/phidgets_msgs/local/lib/python3.10/dist-packages/phidgets_msgs/phidgets_msgs_s__rosidl_typesupport_c.cpython-310-x86_64-linux-gnu.so
-- Symlinking: /home/user/roskit_ws/install/phidgets_msgs/share/phidgets_msgs/srv/SetAnalogOutput.idl
-- Symlinking: /home/user/roskit_ws/install/phidgets_msgs/share/phidgets_msgs/srv/SetDigitalOutput.idl
-- Symlinking: /home/user/roskit_ws/install/phidgets_msgs/share/phidgets_msgs/msg/EncoderDecimatedSpeed.idl
-- Symlinking: /home/user/roskit_ws/install/phidgets_msgs/share/phidgets_msgs/srv/SetAnalogOutput.srv
-- Symlinking: /home/user/roskit_ws/install/phidgets_msgs/share/phidgets_msgs/srv/SetAnalogOutput_Request.msg
-- Symlinking: /home/user/roskit_ws/install/phidgets_msgs/share/phidgets_msgs/srv/SetAnalogOutput_Response.msg
-- Symlinking: /home/user/roskit_ws/install/phidgets_msgs/share/phidgets_msgs/srv/SetDigitalOutput.srv
-- Symlinking: /home/user/roskit_ws/install/phidgets_msgs/share/phidgets_msgs/srv/SetDigitalOutput_Request.msg
-- Symlinking: /home/user/roskit_ws/install/phidgets_msgs/share/phidgets_msgs/srv/SetDigitalOutput_Response.msg
-- Symlinking: /home/user/roskit_ws/install/phidgets_msgs/share/phidgets_msgs/msg/EncoderDecimatedSpeed.msg
-- Symlinking: /home/user/roskit_ws/install/phidgets_msgs/share/ament_index/resource_index/package_run_dependencies/phidgets_msgs
-- Symlinking: /home/user/roskit_ws/install/phidgets_msgs/share/ament_index/resource_index/parent_prefix_path/phidgets_msgs
-- Symlinking: /home/user/roskit_ws/install/phidgets_msgs/share/phidgets_msgs/environment/ament_prefix_path.sh
-- Symlinking: /home/user/roskit_ws/install/phidgets_msgs/share/phidgets_msgs/environment/ament_prefix_path.dsv
-- Symlinking: /home/user/roskit_ws/install/phidgets_msgs/share/phidgets_msgs/environment/path.sh
-- Symlinking: /home/user/roskit_ws/install/phidgets_msgs/share/phidgets_msgs/environment/path.dsv
-- Symlinking: /home/user/roskit_ws/install/phidgets_msgs/share/phidgets_msgs/local_setup.bash
-- Symlinking: /home/user/roskit_ws/install/phidgets_msgs/share/phidgets_msgs/local_setup.sh
-- Symlinking: /home/user/roskit_ws/install/phidgets_msgs/share/phidgets_msgs/local_setup.zsh
-- Symlinking: /home/user/roskit_ws/install/phidgets_msgs/share/phidgets_msgs/local_setup.dsv
-- Symlinking: /home/user/roskit_ws/install/phidgets_msgs/share/phidgets_msgs/package.dsv
-- Symlinking: /home/user/roskit_ws/install/phidgets_msgs/share/ament_index/resource_index/packages/phidgets_msgs
-- Symlinking: /home/user/roskit_ws/install/phidgets_msgs/share/phidgets_msgs/cmake/rosidl_cmake-extras.cmake
-- Symlinking: /home/user/roskit_ws/install/phidgets_msgs/share/phidgets_msgs/cmake/ament_cmake_export_dependencies-extras.cmake
-- Symlinking: /home/user/roskit_ws/install/phidgets_msgs/share/phidgets_msgs/cmake/ament_cmake_export_include_directories-extras.cmake
-- Symlinking: /home/user/roskit_ws/install/phidgets_msgs/share/phidgets_msgs/cmake/ament_cmake_export_libraries-extras.cmake
-- Symlinking: /home/user/roskit_ws/install/phidgets_msgs/share/phidgets_msgs/cmake/ament_cmake_export_targets-extras.cmake
-- Symlinking: /home/user/roskit_ws/install/phidgets_msgs/share/phidgets_msgs/cmake/rosidl_cmake_export_typesupport_targets-extras.cmake
-- Symlinking: /home/user/roskit_ws/install/phidgets_msgs/share/phidgets_msgs/cmake/rosidl_cmake_export_typesupport_libraries-extras.cmake
-- Symlinking: /home/user/roskit_ws/install/phidgets_msgs/share/phidgets_msgs/cmake/phidgets_msgsConfig.cmake
-- Symlinking: /home/user/roskit_ws/install/phidgets_msgs/share/phidgets_msgs/cmake/phidgets_msgsConfig-version.cmake
-- Symlinking: /home/user/roskit_ws/install/phidgets_msgs/share/phidgets_msgs/package.xml
-- Installing: /home/user/roskit_ws/install/phidgets_msgs/lib/libphidgets_msgs__rosidl_generator_c.so
-- Set runtime path of "/home/user/roskit_ws/install/phidgets_msgs/lib/libphidgets_msgs__rosidl_generator_c.so" to ""
-- Installing: /home/user/roskit_ws/install/phidgets_msgs/lib/libphidgets_msgs__rosidl_typesupport_fastrtps_c.so
-- Set runtime path of "/home/user/roskit_ws/install/phidgets_msgs/lib/libphidgets_msgs__rosidl_typesupport_fastrtps_c.so" to ""
-- Installing: /home/user/roskit_ws/install/phidgets_msgs/lib/libphidgets_msgs__rosidl_typesupport_introspection_c.so
-- Set runtime path of "/home/user/roskit_ws/install/phidgets_msgs/lib/libphidgets_msgs__rosidl_typesupport_introspection_c.so" to ""
-- Installing: /home/user/roskit_ws/install/phidgets_msgs/lib/libphidgets_msgs__rosidl_typesupport_c.so
-- Set runtime path of "/home/user/roskit_ws/install/phidgets_msgs/lib/libphidgets_msgs__rosidl_typesupport_c.so" to ""
-- Installing: /home/user/roskit_ws/install/phidgets_msgs/lib/libphidgets_msgs__rosidl_typesupport_fastrtps_cpp.so
-- Set runtime path of "/home/user/roskit_ws/install/phidgets_msgs/lib/libphidgets_msgs__rosidl_typesupport_fastrtps_cpp.so" to ""
-- Installing: /home/user/roskit_ws/install/phidgets_msgs/lib/libphidgets_msgs__rosidl_typesupport_introspection_cpp.so
-- Set runtime path of "/home/user/roskit_ws/install/phidgets_msgs/lib/libphidgets_msgs__rosidl_typesupport_introspection_cpp.so" to ""
-- Installing: /home/user/roskit_ws/install/phidgets_msgs/lib/libphidgets_msgs__rosidl_typesupport_cpp.so
-- Set runtime path of "/home/user/roskit_ws/install/phidgets_msgs/lib/libphidgets_msgs__rosidl_typesupport_cpp.so" to ""
Listing '/home/user/roskit_ws/install/phidgets_msgs/local/lib/python3.10/dist-packages/phidgets_msgs'...
Compiling '/home/user/roskit_ws/install/phidgets_msgs/local/lib/python3.10/dist-packages/phidgets_msgs/__init__.py'...
Listing '/home/user/roskit_ws/install/phidgets_msgs/local/lib/python3.10/dist-packages/phidgets_msgs/msg'...
Compiling '/home/user/roskit_ws/install/phidgets_msgs/local/lib/python3.10/dist-packages/phidgets_msgs/msg/__init__.py'...
Compiling '/home/user/roskit_ws/install/phidgets_msgs/local/lib/python3.10/dist-packages/phidgets_msgs/msg/_encoder_decimated_speed.py'...
Listing '/home/user/roskit_ws/install/phidgets_msgs/local/lib/python3.10/dist-packages/phidgets_msgs/srv'...
Compiling '/home/user/roskit_ws/install/phidgets_msgs/local/lib/python3.10/dist-packages/phidgets_msgs/srv/__init__.py'...
Compiling '/home/user/roskit_ws/install/phidgets_msgs/local/lib/python3.10/dist-packages/phidgets_msgs/srv/_set_analog_output.py'...
Compiling '/home/user/roskit_ws/install/phidgets_msgs/local/lib/python3.10/dist-packages/phidgets_msgs/srv/_set_digital_output.py'...
-- Installing: /home/user/roskit_ws/install/phidgets_msgs/lib/libphidgets_msgs__rosidl_generator_py.so
-- Set runtime path of "/home/user/roskit_ws/install/phidgets_msgs/lib/libphidgets_msgs__rosidl_generator_py.so" to ""
-- Installing: /home/user/roskit_ws/install/phidgets_msgs/share/phidgets_msgs/cmake/export_phidgets_msgs__rosidl_generator_cExport.cmake
-- Installing: /home/user/roskit_ws/install/phidgets_msgs/share/phidgets_msgs/cmake/export_phidgets_msgs__rosidl_generator_cExport-release.cmake
-- Installing: /home/user/roskit_ws/install/phidgets_msgs/share/phidgets_msgs/cmake/export_phidgets_msgs__rosidl_typesupport_fastrtps_cExport.cmake
-- Installing: /home/user/roskit_ws/install/phidgets_msgs/share/phidgets_msgs/cmake/export_phidgets_msgs__rosidl_typesupport_fastrtps_cExport-release.cmake
-- Installing: /home/user/roskit_ws/install/phidgets_msgs/share/phidgets_msgs/cmake/phidgets_msgs__rosidl_typesupport_introspection_cExport.cmake
-- Installing: /home/user/roskit_ws/install/phidgets_msgs/share/phidgets_msgs/cmake/phidgets_msgs__rosidl_typesupport_introspection_cExport-release.cmake
-- Installing: /home/user/roskit_ws/install/phidgets_msgs/share/phidgets_msgs/cmake/phidgets_msgs__rosidl_typesupport_cExport.cmake
-- Installing: /home/user/roskit_ws/install/phidgets_msgs/share/phidgets_msgs/cmake/phidgets_msgs__rosidl_typesupport_cExport-release.cmake
-- Installing: /home/user/roskit_ws/install/phidgets_msgs/share/phidgets_msgs/cmake/export_phidgets_msgs__rosidl_generator_cppExport.cmake
-- Installing: /home/user/roskit_ws/install/phidgets_msgs/share/phidgets_msgs/cmake/export_phidgets_msgs__rosidl_typesupport_fastrtps_cppExport.cmake
-- Installing: /home/user/roskit_ws/install/phidgets_msgs/share/phidgets_msgs/cmake/export_phidgets_msgs__rosidl_typesupport_fastrtps_cppExport-release.cmake
-- Installing: /home/user/roskit_ws/install/phidgets_msgs/share/phidgets_msgs/cmake/phidgets_msgs__rosidl_typesupport_introspection_cppExport.cmake
-- Installing: /home/user/roskit_ws/install/phidgets_msgs/share/phidgets_msgs/cmake/phidgets_msgs__rosidl_typesupport_introspection_cppExport-release.cmake
-- Installing: /home/user/roskit_ws/install/phidgets_msgs/share/phidgets_msgs/cmake/phidgets_msgs__rosidl_typesupport_cppExport.cmake
-- Installing: /home/user/roskit_ws/install/phidgets_msgs/share/phidgets_msgs/cmake/phidgets_msgs__rosidl_typesupport_cppExport-release.cmake
-- Installing: /home/user/roskit_ws/install/phidgets_msgs/share/phidgets_msgs/cmake/export_phidgets_msgs__rosidl_generator_pyExport.cmake
-- Installing: /home/user/roskit_ws/install/phidgets_msgs/share/phidgets_msgs/cmake/export_phidgets_msgs__rosidl_generator_pyExport-release.cmake
