[0.039s] Invoking command in '/home/user/roskit_ws/build/phidgets_msgs': CMAKE_PREFIX_PATH=/opt/ros/humble /usr/bin/cmake /home/user/roskit_ws/src/phidgets_drivers/phidgets_msgs -DCMAKE_BUILD_TYPE=Release -DAMENT_CMAKE_SYMLINK_INSTALL=1 -DCMAKE_INSTALL_PREFIX=/home/user/roskit_ws/install/phidgets_msgs
[0.078s] -- Found ament_cmake: 1.3.12 (/opt/ros/humble/share/ament_cmake/cmake)
[0.177s] -- Found Python3: /usr/bin/python3 (found version "3.10.12") found components: Interpreter 
[0.222s] -- Override CMake install command with custom implementation using symlinks instead of copying resources
[0.247s] -- Found rosidl_default_generators: 1.2.0 (/opt/ros/humble/share/rosidl_default_generators/cmake)
[0.251s] -- Using all available rosidl_typesupport_c: rosidl_typesupport_fastrtps_c;rosidl_typesupport_introspection_c
[0.261s] -- Found rosidl_adapter: 3.1.7 (/opt/ros/humble/share/rosidl_adapter/cmake)
[0.295s] -- Using all available rosidl_typesupport_cpp: rosidl_typesupport_fastrtps_cpp;rosidl_typesupport_introspection_cpp
[0.327s] -- Found std_msgs: 4.9.0 (/opt/ros/humble/share/std_msgs/cmake)
[0.539s] -- Found ament_cmake_ros: 0.10.0 (/opt/ros/humble/share/ament_cmake_ros/cmake)
[0.688s] -- Using all available rosidl_typesupport_c: rosidl_typesupport_fastrtps_c;rosidl_typesupport_introspection_c
[0.868s] -- Using all available rosidl_typesupport_cpp: rosidl_typesupport_fastrtps_cpp;rosidl_typesupport_introspection_cpp
[0.885s] -- Found PythonInterp: /usr/bin/python3 (found suitable version "3.10.12", minimum required is "3.6") 
[0.894s] -- Found python_cmake_module: 0.10.0 (/opt/ros/humble/share/python_cmake_module/cmake)
[0.910s] -- Found PythonLibs: /usr/lib/x86_64-linux-gnu/libpython3.10.so (found suitable version "3.10.12", minimum required is "3.5") 
[0.910s] -- Using PYTHON_EXECUTABLE: /usr/bin/python3
[0.910s] -- Using PYTHON_INCLUDE_DIRS: /usr/include/python3.10
[0.910s] -- Using PYTHON_LIBRARIES: /usr/lib/x86_64-linux-gnu/libpython3.10.so
[0.921s] -- Found PythonExtra: .so  
[0.957s] -- Configuring done
[0.984s] -- Generating done
[0.990s] -- Build files have been written to: /home/user/roskit_ws/build/phidgets_msgs
[1.006s] Invoked command in '/home/user/roskit_ws/build/phidgets_msgs' returned '0': CMAKE_PREFIX_PATH=/opt/ros/humble /usr/bin/cmake /home/user/roskit_ws/src/phidgets_drivers/phidgets_msgs -DCMAKE_BUILD_TYPE=Release -DAMENT_CMAKE_SYMLINK_INSTALL=1 -DCMAKE_INSTALL_PREFIX=/home/user/roskit_ws/install/phidgets_msgs
[1.006s] Invoking command in '/home/user/roskit_ws/build/phidgets_msgs': CMAKE_PREFIX_PATH=/opt/ros/humble /usr/bin/cmake --build /home/user/roskit_ws/build/phidgets_msgs -- -j16 -l16
[1.033s] [  2%] [34m[1mGenerating C++ code for ROS interfaces[0m
[1.036s] [  4%] [34m[1mGenerating C code for ROS interfaces[0m
[1.040s] [  4%] Built target ament_cmake_python_symlink_phidgets_msgs
[1.199s] running egg_info
[1.199s] creating phidgets_msgs.egg-info
[1.199s] writing phidgets_msgs.egg-info/PKG-INFO
[1.199s] writing dependency_links to phidgets_msgs.egg-info/dependency_links.txt
[1.199s] writing top-level names to phidgets_msgs.egg-info/top_level.txt
[1.199s] writing manifest file 'phidgets_msgs.egg-info/SOURCES.txt'
[1.205s] reading manifest file 'phidgets_msgs.egg-info/SOURCES.txt'
[1.205s] writing manifest file 'phidgets_msgs.egg-info/SOURCES.txt'
[1.264s] [  4%] Built target ament_cmake_python_build_phidgets_msgs_egg
[1.461s] [  6%] [32mBuilding C object CMakeFiles/phidgets_msgs__rosidl_generator_c.dir/rosidl_generator_c/phidgets_msgs/srv/detail/set_digital_output__functions.c.o[0m
[1.479s] [  8%] [32mBuilding C object CMakeFiles/phidgets_msgs__rosidl_generator_c.dir/rosidl_generator_c/phidgets_msgs/srv/detail/set_analog_output__functions.c.o[0m
[1.486s] [ 10%] [32mBuilding C object CMakeFiles/phidgets_msgs__rosidl_generator_c.dir/rosidl_generator_c/phidgets_msgs/msg/detail/encoder_decimated_speed__functions.c.o[0m
[1.494s] [ 10%] Built target phidgets_msgs__cpp
[1.511s] [ 12%] [34m[1mGenerating C++ introspection for ROS interfaces[0m
[1.529s] [ 14%] [34m[1mGenerating C++ type support dispatch for ROS interfaces[0m
[1.529s] [ 17%] [34m[1mGenerating C++ type support for eProsima Fast-RTPS[0m
[1.796s] [ 19%] [32m[1mLinking C shared library libphidgets_msgs__rosidl_generator_c.so[0m
[1.879s] [ 19%] Built target phidgets_msgs__rosidl_generator_c
[1.894s] [ 21%] [34m[1mGenerating C type support for eProsima Fast-RTPS[0m
[1.896s] [ 23%] [34m[1mGenerating C introspection for ROS interfaces[0m
[1.896s] [ 25%] [34m[1mGenerating C type support dispatch for ROS interfaces[0m
[1.943s] [ 27%] [32mBuilding CXX object CMakeFiles/phidgets_msgs__rosidl_typesupport_cpp.dir/rosidl_typesupport_cpp/phidgets_msgs/srv/set_analog_output__type_support.cpp.o[0m
[1.943s] [ 29%] [32mBuilding CXX object CMakeFiles/phidgets_msgs__rosidl_typesupport_cpp.dir/rosidl_typesupport_cpp/phidgets_msgs/msg/encoder_decimated_speed__type_support.cpp.o[0m
[1.950s] [ 31%] [32mBuilding CXX object CMakeFiles/phidgets_msgs__rosidl_typesupport_cpp.dir/rosidl_typesupport_cpp/phidgets_msgs/srv/set_digital_output__type_support.cpp.o[0m
[1.991s] [ 34%] [32mBuilding CXX object CMakeFiles/phidgets_msgs__rosidl_typesupport_fastrtps_cpp.dir/rosidl_typesupport_fastrtps_cpp/phidgets_msgs/srv/detail/dds_fastrtps/set_digital_output__type_support.cpp.o[0m
[1.996s] [ 36%] [32mBuilding CXX object CMakeFiles/phidgets_msgs__rosidl_typesupport_fastrtps_cpp.dir/rosidl_typesupport_fastrtps_cpp/phidgets_msgs/srv/detail/dds_fastrtps/set_analog_output__type_support.cpp.o[0m
[2.003s] [ 38%] [32mBuilding CXX object CMakeFiles/phidgets_msgs__rosidl_typesupport_fastrtps_cpp.dir/rosidl_typesupport_fastrtps_cpp/phidgets_msgs/msg/detail/dds_fastrtps/encoder_decimated_speed__type_support.cpp.o[0m
[2.312s] [ 40%] [32mBuilding CXX object CMakeFiles/phidgets_msgs__rosidl_typesupport_c.dir/rosidl_typesupport_c/phidgets_msgs/srv/set_analog_output__type_support.cpp.o[0m
[2.314s] [ 42%] [32mBuilding CXX object CMakeFiles/phidgets_msgs__rosidl_typesupport_c.dir/rosidl_typesupport_c/phidgets_msgs/srv/set_digital_output__type_support.cpp.o[0m
[2.349s] [ 44%] [32mBuilding CXX object CMakeFiles/phidgets_msgs__rosidl_typesupport_c.dir/rosidl_typesupport_c/phidgets_msgs/msg/encoder_decimated_speed__type_support.cpp.o[0m
[2.463s] [ 46%] [32mBuilding CXX object CMakeFiles/phidgets_msgs__rosidl_typesupport_introspection_cpp.dir/rosidl_typesupport_introspection_cpp/phidgets_msgs/srv/detail/set_analog_output__type_support.cpp.o[0m
[2.470s] [ 48%] [32mBuilding CXX object CMakeFiles/phidgets_msgs__rosidl_typesupport_introspection_cpp.dir/rosidl_typesupport_introspection_cpp/phidgets_msgs/msg/detail/encoder_decimated_speed__type_support.cpp.o[0m
[2.483s] [ 51%] [32mBuilding CXX object CMakeFiles/phidgets_msgs__rosidl_typesupport_introspection_cpp.dir/rosidl_typesupport_introspection_cpp/phidgets_msgs/srv/detail/set_digital_output__type_support.cpp.o[0m
[2.516s] [ 53%] [32m[1mLinking CXX shared library libphidgets_msgs__rosidl_typesupport_c.so[0m
[2.635s] [ 53%] Built target phidgets_msgs__rosidl_typesupport_c
[2.840s] [ 55%] [32m[1mLinking CXX shared library libphidgets_msgs__rosidl_typesupport_cpp.so[0m
[3.003s] [ 55%] Built target phidgets_msgs__rosidl_typesupport_cpp
[3.229s] [ 57%] [32mBuilding C object CMakeFiles/phidgets_msgs__rosidl_typesupport_introspection_c.dir/rosidl_typesupport_introspection_c/phidgets_msgs/srv/detail/set_analog_output__type_support.c.o[0m
[3.245s] [ 61%] [32mBuilding C object CMakeFiles/phidgets_msgs__rosidl_typesupport_introspection_c.dir/rosidl_typesupport_introspection_c/phidgets_msgs/msg/detail/encoder_decimated_speed__type_support.c.o[0m
[3.267s] [ 59%] [32mBuilding C object CMakeFiles/phidgets_msgs__rosidl_typesupport_introspection_c.dir/rosidl_typesupport_introspection_c/phidgets_msgs/srv/detail/set_digital_output__type_support.c.o[0m
[3.544s] [ 63%] [32mBuilding CXX object CMakeFiles/phidgets_msgs__rosidl_typesupport_fastrtps_c.dir/rosidl_typesupport_fastrtps_c/phidgets_msgs/srv/detail/set_digital_output__type_support_c.cpp.o[0m
[3.544s] [ 65%] [32mBuilding CXX object CMakeFiles/phidgets_msgs__rosidl_typesupport_fastrtps_c.dir/rosidl_typesupport_fastrtps_c/phidgets_msgs/msg/detail/encoder_decimated_speed__type_support_c.cpp.o[0m
[3.544s] [ 68%] [32mBuilding CXX object CMakeFiles/phidgets_msgs__rosidl_typesupport_fastrtps_c.dir/rosidl_typesupport_fastrtps_c/phidgets_msgs/srv/detail/set_analog_output__type_support_c.cpp.o[0m
[3.625s] [ 70%] [32m[1mLinking C shared library libphidgets_msgs__rosidl_typesupport_introspection_c.so[0m
[3.890s] [ 70%] Built target phidgets_msgs__rosidl_typesupport_introspection_c
[4.494s] [ 72%] [32m[1mLinking CXX shared library libphidgets_msgs__rosidl_typesupport_fastrtps_cpp.so[0m
[4.957s] [ 72%] Built target phidgets_msgs__rosidl_typesupport_fastrtps_cpp
[5.187s] [ 74%] [32m[1mLinking CXX shared library libphidgets_msgs__rosidl_typesupport_introspection_cpp.so[0m
[5.479s] [ 74%] Built target phidgets_msgs__rosidl_typesupport_introspection_cpp
[5.798s] [ 76%] [32m[1mLinking CXX shared library libphidgets_msgs__rosidl_typesupport_fastrtps_c.so[0m
[5.919s] [ 76%] Built target phidgets_msgs__rosidl_typesupport_fastrtps_c
[5.965s] [ 76%] Built target phidgets_msgs
[5.994s] [ 78%] [34m[1mGenerating Python code for ROS interfaces[0m
[6.456s] [ 78%] Built target phidgets_msgs__py
[6.472s] [ 80%] [32mBuilding C object CMakeFiles/phidgets_msgs__rosidl_generator_py.dir/rosidl_generator_py/phidgets_msgs/srv/_set_digital_output_s.c.o[0m
[6.473s] [ 82%] [32mBuilding C object CMakeFiles/phidgets_msgs__rosidl_generator_py.dir/rosidl_generator_py/phidgets_msgs/msg/_encoder_decimated_speed_s.c.o[0m
[6.485s] [ 85%] [32mBuilding C object CMakeFiles/phidgets_msgs__rosidl_generator_py.dir/rosidl_generator_py/phidgets_msgs/srv/_set_analog_output_s.c.o[0m
[6.659s] [ 87%] [32m[1mLinking C shared library rosidl_generator_py/phidgets_msgs/libphidgets_msgs__rosidl_generator_py.so[0m
[6.719s] [ 87%] Built target phidgets_msgs__rosidl_generator_py
[6.742s] [ 89%] [32mBuilding C object CMakeFiles/phidgets_msgs__rosidl_typesupport_fastrtps_c__pyext.dir/rosidl_generator_py/phidgets_msgs/_phidgets_msgs_s.ep.rosidl_typesupport_fastrtps_c.c.o[0m
[6.750s] [ 91%] [32mBuilding C object CMakeFiles/phidgets_msgs__rosidl_typesupport_introspection_c__pyext.dir/rosidl_generator_py/phidgets_msgs/_phidgets_msgs_s.ep.rosidl_typesupport_introspection_c.c.o[0m
[6.755s] [ 93%] [32mBuilding C object CMakeFiles/phidgets_msgs__rosidl_typesupport_c__pyext.dir/rosidl_generator_py/phidgets_msgs/_phidgets_msgs_s.ep.rosidl_typesupport_c.c.o[0m
[6.978s] [ 95%] [32m[1mLinking C shared library rosidl_generator_py/phidgets_msgs/phidgets_msgs_s__rosidl_typesupport_introspection_c.cpython-310-x86_64-linux-gnu.so[0m
[7.024s] [ 97%] [32m[1mLinking C shared library rosidl_generator_py/phidgets_msgs/phidgets_msgs_s__rosidl_typesupport_fastrtps_c.cpython-310-x86_64-linux-gnu.so[0m
[7.055s] [100%] [32m[1mLinking C shared library rosidl_generator_py/phidgets_msgs/phidgets_msgs_s__rosidl_typesupport_c.cpython-310-x86_64-linux-gnu.so[0m
[7.093s] [100%] Built target phidgets_msgs__rosidl_typesupport_introspection_c__pyext
[7.105s] [100%] Built target phidgets_msgs__rosidl_typesupport_fastrtps_c__pyext
[7.143s] [100%] Built target phidgets_msgs__rosidl_typesupport_c__pyext
[7.156s] Invoked command in '/home/user/roskit_ws/build/phidgets_msgs' returned '0': CMAKE_PREFIX_PATH=/opt/ros/humble /usr/bin/cmake --build /home/user/roskit_ws/build/phidgets_msgs -- -j16 -l16
[7.156s] Invoking command in '/home/user/roskit_ws/build/phidgets_msgs': CMAKE_PREFIX_PATH=/opt/ros/humble /usr/bin/cmake --install /home/user/roskit_ws/build/phidgets_msgs
[7.163s] -- Install configuration: "Release"
[7.164s] -- Execute custom install script
[7.164s] -- Symlinking: /home/user/roskit_ws/install/phidgets_msgs/share/ament_index/resource_index/rosidl_interfaces/phidgets_msgs
[7.172s] -- Symlinking: /home/user/roskit_ws/install/phidgets_msgs/include/phidgets_msgs/phidgets_msgs/msg/detail/encoder_decimated_speed__functions.h
[7.180s] -- Symlinking: /home/user/roskit_ws/install/phidgets_msgs/include/phidgets_msgs/phidgets_msgs/msg/detail/encoder_decimated_speed__struct.h
[7.186s] -- Symlinking: /home/user/roskit_ws/install/phidgets_msgs/include/phidgets_msgs/phidgets_msgs/msg/detail/encoder_decimated_speed__type_support.h
[7.194s] -- Symlinking: /home/user/roskit_ws/install/phidgets_msgs/include/phidgets_msgs/phidgets_msgs/msg/encoder_decimated_speed.h
[7.199s] -- Symlinking: /home/user/roskit_ws/install/phidgets_msgs/include/phidgets_msgs/phidgets_msgs/msg/rosidl_generator_c__visibility_control.h
[7.207s] -- Symlinking: /home/user/roskit_ws/install/phidgets_msgs/include/phidgets_msgs/phidgets_msgs/srv/detail/set_analog_output__functions.h
[7.213s] -- Symlinking: /home/user/roskit_ws/install/phidgets_msgs/include/phidgets_msgs/phidgets_msgs/srv/detail/set_analog_output__struct.h
[7.222s] -- Symlinking: /home/user/roskit_ws/install/phidgets_msgs/include/phidgets_msgs/phidgets_msgs/srv/detail/set_analog_output__type_support.h
[7.228s] -- Symlinking: /home/user/roskit_ws/install/phidgets_msgs/include/phidgets_msgs/phidgets_msgs/srv/detail/set_digital_output__functions.h
[7.234s] -- Symlinking: /home/user/roskit_ws/install/phidgets_msgs/include/phidgets_msgs/phidgets_msgs/srv/detail/set_digital_output__struct.h
[7.251s] -- Symlinking: /home/user/roskit_ws/install/phidgets_msgs/include/phidgets_msgs/phidgets_msgs/srv/detail/set_digital_output__type_support.h
[7.268s] -- Symlinking: /home/user/roskit_ws/install/phidgets_msgs/include/phidgets_msgs/phidgets_msgs/srv/set_analog_output.h
[7.275s] -- Symlinking: /home/user/roskit_ws/install/phidgets_msgs/include/phidgets_msgs/phidgets_msgs/srv/set_digital_output.h
[7.287s] -- Symlinking: /home/user/roskit_ws/install/phidgets_msgs/share/phidgets_msgs/environment/library_path.sh
[7.292s] -- Symlinking: /home/user/roskit_ws/install/phidgets_msgs/share/phidgets_msgs/environment/library_path.dsv
[7.312s] -- Symlinking: /home/user/roskit_ws/install/phidgets_msgs/include/phidgets_msgs/phidgets_msgs/msg/detail/encoder_decimated_speed__rosidl_typesupport_fastrtps_c.h
[7.322s] -- Symlinking: /home/user/roskit_ws/install/phidgets_msgs/include/phidgets_msgs/phidgets_msgs/msg/rosidl_typesupport_fastrtps_c__visibility_control.h
[7.331s] -- Symlinking: /home/user/roskit_ws/install/phidgets_msgs/include/phidgets_msgs/phidgets_msgs/srv/detail/set_analog_output__rosidl_typesupport_fastrtps_c.h
[7.337s] -- Symlinking: /home/user/roskit_ws/install/phidgets_msgs/include/phidgets_msgs/phidgets_msgs/srv/detail/set_digital_output__rosidl_typesupport_fastrtps_c.h
[7.346s] -- Symlinking: /home/user/roskit_ws/install/phidgets_msgs/include/phidgets_msgs/phidgets_msgs/msg/detail/encoder_decimated_speed__rosidl_typesupport_introspection_c.h
[7.351s] -- Symlinking: /home/user/roskit_ws/install/phidgets_msgs/include/phidgets_msgs/phidgets_msgs/msg/rosidl_typesupport_introspection_c__visibility_control.h
[7.359s] -- Symlinking: /home/user/roskit_ws/install/phidgets_msgs/include/phidgets_msgs/phidgets_msgs/srv/detail/set_analog_output__rosidl_typesupport_introspection_c.h
[7.367s] -- Symlinking: /home/user/roskit_ws/install/phidgets_msgs/include/phidgets_msgs/phidgets_msgs/srv/detail/set_digital_output__rosidl_typesupport_introspection_c.h
[7.375s] -- Symlinking: /home/user/roskit_ws/install/phidgets_msgs/include/phidgets_msgs/phidgets_msgs/msg/detail/encoder_decimated_speed__builder.hpp
[7.382s] -- Symlinking: /home/user/roskit_ws/install/phidgets_msgs/include/phidgets_msgs/phidgets_msgs/msg/detail/encoder_decimated_speed__struct.hpp
[7.390s] -- Symlinking: /home/user/roskit_ws/install/phidgets_msgs/include/phidgets_msgs/phidgets_msgs/msg/detail/encoder_decimated_speed__traits.hpp
[7.397s] -- Symlinking: /home/user/roskit_ws/install/phidgets_msgs/include/phidgets_msgs/phidgets_msgs/msg/detail/encoder_decimated_speed__type_support.hpp
[7.404s] -- Symlinking: /home/user/roskit_ws/install/phidgets_msgs/include/phidgets_msgs/phidgets_msgs/msg/encoder_decimated_speed.hpp
[7.411s] -- Symlinking: /home/user/roskit_ws/install/phidgets_msgs/include/phidgets_msgs/phidgets_msgs/msg/rosidl_generator_cpp__visibility_control.hpp
[7.419s] -- Symlinking: /home/user/roskit_ws/install/phidgets_msgs/include/phidgets_msgs/phidgets_msgs/srv/detail/set_analog_output__builder.hpp
[7.427s] -- Symlinking: /home/user/roskit_ws/install/phidgets_msgs/include/phidgets_msgs/phidgets_msgs/srv/detail/set_analog_output__struct.hpp
[7.434s] -- Symlinking: /home/user/roskit_ws/install/phidgets_msgs/include/phidgets_msgs/phidgets_msgs/srv/detail/set_analog_output__traits.hpp
[7.443s] -- Symlinking: /home/user/roskit_ws/install/phidgets_msgs/include/phidgets_msgs/phidgets_msgs/srv/detail/set_analog_output__type_support.hpp
[7.448s] -- Symlinking: /home/user/roskit_ws/install/phidgets_msgs/include/phidgets_msgs/phidgets_msgs/srv/detail/set_digital_output__builder.hpp
[7.454s] -- Symlinking: /home/user/roskit_ws/install/phidgets_msgs/include/phidgets_msgs/phidgets_msgs/srv/detail/set_digital_output__struct.hpp
[7.458s] -- Symlinking: /home/user/roskit_ws/install/phidgets_msgs/include/phidgets_msgs/phidgets_msgs/srv/detail/set_digital_output__traits.hpp
[7.464s] -- Symlinking: /home/user/roskit_ws/install/phidgets_msgs/include/phidgets_msgs/phidgets_msgs/srv/detail/set_digital_output__type_support.hpp
[7.469s] -- Symlinking: /home/user/roskit_ws/install/phidgets_msgs/include/phidgets_msgs/phidgets_msgs/srv/set_analog_output.hpp
[7.475s] -- Symlinking: /home/user/roskit_ws/install/phidgets_msgs/include/phidgets_msgs/phidgets_msgs/srv/set_digital_output.hpp
[7.482s] -- Symlinking: /home/user/roskit_ws/install/phidgets_msgs/include/phidgets_msgs/phidgets_msgs/msg/detail/encoder_decimated_speed__rosidl_typesupport_fastrtps_cpp.hpp
[7.487s] -- Symlinking: /home/user/roskit_ws/install/phidgets_msgs/include/phidgets_msgs/phidgets_msgs/msg/rosidl_typesupport_fastrtps_cpp__visibility_control.h
[7.493s] -- Symlinking: /home/user/roskit_ws/install/phidgets_msgs/include/phidgets_msgs/phidgets_msgs/srv/detail/set_analog_output__rosidl_typesupport_fastrtps_cpp.hpp
[7.500s] -- Symlinking: /home/user/roskit_ws/install/phidgets_msgs/include/phidgets_msgs/phidgets_msgs/srv/detail/set_digital_output__rosidl_typesupport_fastrtps_cpp.hpp
[7.506s] -- Symlinking: /home/user/roskit_ws/install/phidgets_msgs/include/phidgets_msgs/phidgets_msgs/msg/detail/encoder_decimated_speed__rosidl_typesupport_introspection_cpp.hpp
[7.512s] -- Symlinking: /home/user/roskit_ws/install/phidgets_msgs/include/phidgets_msgs/phidgets_msgs/srv/detail/set_analog_output__rosidl_typesupport_introspection_cpp.hpp
[7.516s] -- Symlinking: /home/user/roskit_ws/install/phidgets_msgs/include/phidgets_msgs/phidgets_msgs/srv/detail/set_digital_output__rosidl_typesupport_introspection_cpp.hpp
[7.522s] -- Symlinking: /home/user/roskit_ws/install/phidgets_msgs/share/phidgets_msgs/environment/pythonpath.sh
[7.527s] -- Symlinking: /home/user/roskit_ws/install/phidgets_msgs/share/phidgets_msgs/environment/pythonpath.dsv
[7.534s] -- Symlinking: /home/user/roskit_ws/install/phidgets_msgs/local/lib/python3.10/dist-packages/phidgets_msgs-2.3.3-py3.10.egg-info/PKG-INFO
[7.539s] -- Symlinking: /home/user/roskit_ws/install/phidgets_msgs/local/lib/python3.10/dist-packages/phidgets_msgs-2.3.3-py3.10.egg-info/SOURCES.txt
[7.546s] -- Symlinking: /home/user/roskit_ws/install/phidgets_msgs/local/lib/python3.10/dist-packages/phidgets_msgs-2.3.3-py3.10.egg-info/dependency_links.txt
[7.551s] -- Symlinking: /home/user/roskit_ws/install/phidgets_msgs/local/lib/python3.10/dist-packages/phidgets_msgs-2.3.3-py3.10.egg-info/top_level.txt
[7.559s] -- Symlinking: /home/user/roskit_ws/install/phidgets_msgs/local/lib/python3.10/dist-packages/phidgets_msgs/__init__.py
[7.564s] -- Symlinking: /home/user/roskit_ws/install/phidgets_msgs/local/lib/python3.10/dist-packages/phidgets_msgs/_phidgets_msgs_s.ep.rosidl_typesupport_c.c
[7.569s] -- Symlinking: /home/user/roskit_ws/install/phidgets_msgs/local/lib/python3.10/dist-packages/phidgets_msgs/_phidgets_msgs_s.ep.rosidl_typesupport_fastrtps_c.c
[7.575s] -- Symlinking: /home/user/roskit_ws/install/phidgets_msgs/local/lib/python3.10/dist-packages/phidgets_msgs/_phidgets_msgs_s.ep.rosidl_typesupport_introspection_c.c
[7.580s] -- Symlinking: /home/user/roskit_ws/install/phidgets_msgs/local/lib/python3.10/dist-packages/phidgets_msgs/libphidgets_msgs__rosidl_generator_py.so
[7.586s] -- Symlinking: /home/user/roskit_ws/install/phidgets_msgs/local/lib/python3.10/dist-packages/phidgets_msgs/msg/__init__.py
[7.592s] -- Symlinking: /home/user/roskit_ws/install/phidgets_msgs/local/lib/python3.10/dist-packages/phidgets_msgs/msg/_encoder_decimated_speed.py
[7.597s] -- Symlinking: /home/user/roskit_ws/install/phidgets_msgs/local/lib/python3.10/dist-packages/phidgets_msgs/msg/_encoder_decimated_speed_s.c
[7.602s] -- Symlinking: /home/user/roskit_ws/install/phidgets_msgs/local/lib/python3.10/dist-packages/phidgets_msgs/phidgets_msgs_s__rosidl_typesupport_c.cpython-310-x86_64-linux-gnu.so
[7.607s] -- Symlinking: /home/user/roskit_ws/install/phidgets_msgs/local/lib/python3.10/dist-packages/phidgets_msgs/phidgets_msgs_s__rosidl_typesupport_fastrtps_c.cpython-310-x86_64-linux-gnu.so
[7.613s] -- Symlinking: /home/user/roskit_ws/install/phidgets_msgs/local/lib/python3.10/dist-packages/phidgets_msgs/phidgets_msgs_s__rosidl_typesupport_introspection_c.cpython-310-x86_64-linux-gnu.so
[7.620s] -- Symlinking: /home/user/roskit_ws/install/phidgets_msgs/local/lib/python3.10/dist-packages/phidgets_msgs/srv/__init__.py
[7.627s] -- Symlinking: /home/user/roskit_ws/install/phidgets_msgs/local/lib/python3.10/dist-packages/phidgets_msgs/srv/_set_analog_output.py
[7.633s] -- Symlinking: /home/user/roskit_ws/install/phidgets_msgs/local/lib/python3.10/dist-packages/phidgets_msgs/srv/_set_analog_output_s.c
[7.639s] -- Symlinking: /home/user/roskit_ws/install/phidgets_msgs/local/lib/python3.10/dist-packages/phidgets_msgs/srv/_set_digital_output.py
[7.645s] -- Symlinking: /home/user/roskit_ws/install/phidgets_msgs/local/lib/python3.10/dist-packages/phidgets_msgs/srv/_set_digital_output_s.c
[7.652s] -- Up-to-date symlink: /home/user/roskit_ws/install/phidgets_msgs/local/lib/python3.10/dist-packages/phidgets_msgs/phidgets_msgs_s__rosidl_typesupport_fastrtps_c.cpython-310-x86_64-linux-gnu.so
[7.652s] -- Up-to-date symlink: /home/user/roskit_ws/install/phidgets_msgs/local/lib/python3.10/dist-packages/phidgets_msgs/phidgets_msgs_s__rosidl_typesupport_introspection_c.cpython-310-x86_64-linux-gnu.so
[7.652s] -- Up-to-date symlink: /home/user/roskit_ws/install/phidgets_msgs/local/lib/python3.10/dist-packages/phidgets_msgs/phidgets_msgs_s__rosidl_typesupport_c.cpython-310-x86_64-linux-gnu.so
[7.653s] -- Symlinking: /home/user/roskit_ws/install/phidgets_msgs/share/phidgets_msgs/srv/SetAnalogOutput.idl
[7.658s] -- Symlinking: /home/user/roskit_ws/install/phidgets_msgs/share/phidgets_msgs/srv/SetDigitalOutput.idl
[7.663s] -- Symlinking: /home/user/roskit_ws/install/phidgets_msgs/share/phidgets_msgs/msg/EncoderDecimatedSpeed.idl
[7.668s] -- Symlinking: /home/user/roskit_ws/install/phidgets_msgs/share/phidgets_msgs/srv/SetAnalogOutput.srv
[7.674s] -- Symlinking: /home/user/roskit_ws/install/phidgets_msgs/share/phidgets_msgs/srv/SetAnalogOutput_Request.msg
[7.681s] -- Symlinking: /home/user/roskit_ws/install/phidgets_msgs/share/phidgets_msgs/srv/SetAnalogOutput_Response.msg
[7.688s] -- Symlinking: /home/user/roskit_ws/install/phidgets_msgs/share/phidgets_msgs/srv/SetDigitalOutput.srv
[7.696s] -- Symlinking: /home/user/roskit_ws/install/phidgets_msgs/share/phidgets_msgs/srv/SetDigitalOutput_Request.msg
[7.701s] -- Symlinking: /home/user/roskit_ws/install/phidgets_msgs/share/phidgets_msgs/srv/SetDigitalOutput_Response.msg
[7.707s] -- Symlinking: /home/user/roskit_ws/install/phidgets_msgs/share/phidgets_msgs/msg/EncoderDecimatedSpeed.msg
[7.713s] -- Symlinking: /home/user/roskit_ws/install/phidgets_msgs/share/ament_index/resource_index/package_run_dependencies/phidgets_msgs
[7.719s] -- Symlinking: /home/user/roskit_ws/install/phidgets_msgs/share/ament_index/resource_index/parent_prefix_path/phidgets_msgs
[7.724s] -- Symlinking: /home/user/roskit_ws/install/phidgets_msgs/share/phidgets_msgs/environment/ament_prefix_path.sh
[7.731s] -- Symlinking: /home/user/roskit_ws/install/phidgets_msgs/share/phidgets_msgs/environment/ament_prefix_path.dsv
[7.737s] -- Symlinking: /home/user/roskit_ws/install/phidgets_msgs/share/phidgets_msgs/environment/path.sh
[7.744s] -- Symlinking: /home/user/roskit_ws/install/phidgets_msgs/share/phidgets_msgs/environment/path.dsv
[7.750s] -- Symlinking: /home/user/roskit_ws/install/phidgets_msgs/share/phidgets_msgs/local_setup.bash
[7.755s] -- Symlinking: /home/user/roskit_ws/install/phidgets_msgs/share/phidgets_msgs/local_setup.sh
[7.761s] -- Symlinking: /home/user/roskit_ws/install/phidgets_msgs/share/phidgets_msgs/local_setup.zsh
[7.767s] -- Symlinking: /home/user/roskit_ws/install/phidgets_msgs/share/phidgets_msgs/local_setup.dsv
[7.773s] -- Symlinking: /home/user/roskit_ws/install/phidgets_msgs/share/phidgets_msgs/package.dsv
[7.779s] -- Symlinking: /home/user/roskit_ws/install/phidgets_msgs/share/ament_index/resource_index/packages/phidgets_msgs
[7.786s] -- Symlinking: /home/user/roskit_ws/install/phidgets_msgs/share/phidgets_msgs/cmake/rosidl_cmake-extras.cmake
[7.791s] -- Symlinking: /home/user/roskit_ws/install/phidgets_msgs/share/phidgets_msgs/cmake/ament_cmake_export_dependencies-extras.cmake
[7.797s] -- Symlinking: /home/user/roskit_ws/install/phidgets_msgs/share/phidgets_msgs/cmake/ament_cmake_export_include_directories-extras.cmake
[7.805s] -- Symlinking: /home/user/roskit_ws/install/phidgets_msgs/share/phidgets_msgs/cmake/ament_cmake_export_libraries-extras.cmake
[7.812s] -- Symlinking: /home/user/roskit_ws/install/phidgets_msgs/share/phidgets_msgs/cmake/ament_cmake_export_targets-extras.cmake
[7.817s] -- Symlinking: /home/user/roskit_ws/install/phidgets_msgs/share/phidgets_msgs/cmake/rosidl_cmake_export_typesupport_targets-extras.cmake
[7.823s] -- Symlinking: /home/user/roskit_ws/install/phidgets_msgs/share/phidgets_msgs/cmake/rosidl_cmake_export_typesupport_libraries-extras.cmake
[7.829s] -- Symlinking: /home/user/roskit_ws/install/phidgets_msgs/share/phidgets_msgs/cmake/phidgets_msgsConfig.cmake
[7.836s] -- Symlinking: /home/user/roskit_ws/install/phidgets_msgs/share/phidgets_msgs/cmake/phidgets_msgsConfig-version.cmake
[7.842s] -- Symlinking: /home/user/roskit_ws/install/phidgets_msgs/share/phidgets_msgs/package.xml
[7.848s] -- Installing: /home/user/roskit_ws/install/phidgets_msgs/lib/libphidgets_msgs__rosidl_generator_c.so
[7.848s] -- Set runtime path of "/home/user/roskit_ws/install/phidgets_msgs/lib/libphidgets_msgs__rosidl_generator_c.so" to ""
[7.848s] -- Installing: /home/user/roskit_ws/install/phidgets_msgs/lib/libphidgets_msgs__rosidl_typesupport_fastrtps_c.so
[7.848s] -- Set runtime path of "/home/user/roskit_ws/install/phidgets_msgs/lib/libphidgets_msgs__rosidl_typesupport_fastrtps_c.so" to ""
[7.848s] -- Installing: /home/user/roskit_ws/install/phidgets_msgs/lib/libphidgets_msgs__rosidl_typesupport_introspection_c.so
[7.848s] -- Set runtime path of "/home/user/roskit_ws/install/phidgets_msgs/lib/libphidgets_msgs__rosidl_typesupport_introspection_c.so" to ""
[7.848s] -- Installing: /home/user/roskit_ws/install/phidgets_msgs/lib/libphidgets_msgs__rosidl_typesupport_c.so
[7.849s] -- Set runtime path of "/home/user/roskit_ws/install/phidgets_msgs/lib/libphidgets_msgs__rosidl_typesupport_c.so" to ""
[7.849s] -- Installing: /home/user/roskit_ws/install/phidgets_msgs/lib/libphidgets_msgs__rosidl_typesupport_fastrtps_cpp.so
[7.849s] -- Set runtime path of "/home/user/roskit_ws/install/phidgets_msgs/lib/libphidgets_msgs__rosidl_typesupport_fastrtps_cpp.so" to ""
[7.850s] -- Installing: /home/user/roskit_ws/install/phidgets_msgs/lib/libphidgets_msgs__rosidl_typesupport_introspection_cpp.so
[7.850s] -- Set runtime path of "/home/user/roskit_ws/install/phidgets_msgs/lib/libphidgets_msgs__rosidl_typesupport_introspection_cpp.so" to ""
[7.850s] -- Installing: /home/user/roskit_ws/install/phidgets_msgs/lib/libphidgets_msgs__rosidl_typesupport_cpp.so
[7.850s] -- Set runtime path of "/home/user/roskit_ws/install/phidgets_msgs/lib/libphidgets_msgs__rosidl_typesupport_cpp.so" to ""
[7.875s] Listing '/home/user/roskit_ws/install/phidgets_msgs/local/lib/python3.10/dist-packages/phidgets_msgs'...
[7.875s] Compiling '/home/user/roskit_ws/install/phidgets_msgs/local/lib/python3.10/dist-packages/phidgets_msgs/__init__.py'...
[7.876s] Listing '/home/user/roskit_ws/install/phidgets_msgs/local/lib/python3.10/dist-packages/phidgets_msgs/msg'...
[7.876s] Compiling '/home/user/roskit_ws/install/phidgets_msgs/local/lib/python3.10/dist-packages/phidgets_msgs/msg/__init__.py'...
[7.876s] Compiling '/home/user/roskit_ws/install/phidgets_msgs/local/lib/python3.10/dist-packages/phidgets_msgs/msg/_encoder_decimated_speed.py'...
[7.876s] Listing '/home/user/roskit_ws/install/phidgets_msgs/local/lib/python3.10/dist-packages/phidgets_msgs/srv'...
[7.876s] Compiling '/home/user/roskit_ws/install/phidgets_msgs/local/lib/python3.10/dist-packages/phidgets_msgs/srv/__init__.py'...
[7.876s] Compiling '/home/user/roskit_ws/install/phidgets_msgs/local/lib/python3.10/dist-packages/phidgets_msgs/srv/_set_analog_output.py'...
[7.876s] Compiling '/home/user/roskit_ws/install/phidgets_msgs/local/lib/python3.10/dist-packages/phidgets_msgs/srv/_set_digital_output.py'...
[7.879s] -- Installing: /home/user/roskit_ws/install/phidgets_msgs/lib/libphidgets_msgs__rosidl_generator_py.so
[7.880s] -- Set runtime path of "/home/user/roskit_ws/install/phidgets_msgs/lib/libphidgets_msgs__rosidl_generator_py.so" to ""
[7.880s] -- Installing: /home/user/roskit_ws/install/phidgets_msgs/share/phidgets_msgs/cmake/export_phidgets_msgs__rosidl_generator_cExport.cmake
[7.880s] -- Installing: /home/user/roskit_ws/install/phidgets_msgs/share/phidgets_msgs/cmake/export_phidgets_msgs__rosidl_generator_cExport-release.cmake
[7.880s] -- Installing: /home/user/roskit_ws/install/phidgets_msgs/share/phidgets_msgs/cmake/export_phidgets_msgs__rosidl_typesupport_fastrtps_cExport.cmake
[7.880s] -- Installing: /home/user/roskit_ws/install/phidgets_msgs/share/phidgets_msgs/cmake/export_phidgets_msgs__rosidl_typesupport_fastrtps_cExport-release.cmake
[7.880s] -- Installing: /home/user/roskit_ws/install/phidgets_msgs/share/phidgets_msgs/cmake/phidgets_msgs__rosidl_typesupport_introspection_cExport.cmake
[7.880s] -- Installing: /home/user/roskit_ws/install/phidgets_msgs/share/phidgets_msgs/cmake/phidgets_msgs__rosidl_typesupport_introspection_cExport-release.cmake
[7.880s] -- Installing: /home/user/roskit_ws/install/phidgets_msgs/share/phidgets_msgs/cmake/phidgets_msgs__rosidl_typesupport_cExport.cmake
[7.880s] -- Installing: /home/user/roskit_ws/install/phidgets_msgs/share/phidgets_msgs/cmake/phidgets_msgs__rosidl_typesupport_cExport-release.cmake
[7.880s] -- Installing: /home/user/roskit_ws/install/phidgets_msgs/share/phidgets_msgs/cmake/export_phidgets_msgs__rosidl_generator_cppExport.cmake
[7.880s] -- Installing: /home/user/roskit_ws/install/phidgets_msgs/share/phidgets_msgs/cmake/export_phidgets_msgs__rosidl_typesupport_fastrtps_cppExport.cmake
[7.880s] -- Installing: /home/user/roskit_ws/install/phidgets_msgs/share/phidgets_msgs/cmake/export_phidgets_msgs__rosidl_typesupport_fastrtps_cppExport-release.cmake
[7.880s] -- Installing: /home/user/roskit_ws/install/phidgets_msgs/share/phidgets_msgs/cmake/phidgets_msgs__rosidl_typesupport_introspection_cppExport.cmake
[7.880s] -- Installing: /home/user/roskit_ws/install/phidgets_msgs/share/phidgets_msgs/cmake/phidgets_msgs__rosidl_typesupport_introspection_cppExport-release.cmake
[7.880s] -- Installing: /home/user/roskit_ws/install/phidgets_msgs/share/phidgets_msgs/cmake/phidgets_msgs__rosidl_typesupport_cppExport.cmake
[7.881s] -- Installing: /home/user/roskit_ws/install/phidgets_msgs/share/phidgets_msgs/cmake/phidgets_msgs__rosidl_typesupport_cppExport-release.cmake
[7.881s] -- Installing: /home/user/roskit_ws/install/phidgets_msgs/share/phidgets_msgs/cmake/export_phidgets_msgs__rosidl_generator_pyExport.cmake
[7.881s] -- Installing: /home/user/roskit_ws/install/phidgets_msgs/share/phidgets_msgs/cmake/export_phidgets_msgs__rosidl_generator_pyExport-release.cmake
