[0.020s] Invoking command in '/home/user/roskit_ws/build/ublox_serialization': /usr/bin/cmake /home/user/roskit_ws/src/ros2-ublox-zedf9p/ublox_serialization -DCMAKE_BUILD_TYPE=Release -DAMENT_CMAKE_SYMLINK_INSTALL=1 -DCMAKE_INSTALL_PREFIX=/home/user/roskit_ws/install/ublox_serialization
[0.044s] [31mCMake Error at CMakeLists.txt:5 (find_package):
[0.044s]   By not providing "Findament_cmake.cmake" in CMAKE_MODULE_PATH this project
[0.044s]   has asked CMake to find a package configuration file provided by
[0.044s]   "ament_cmake", but CMake did not find one.
[0.044s] 
[0.045s]   Could not find a package configuration file provided by "ament_cmake" with
[0.045s]   any of the following names:
[0.045s] 
[0.045s]     ament_cmakeConfig.cmake
[0.045s]     ament_cmake-config.cmake
[0.045s] 
[0.046s]   Add the installation prefix of "ament_cmake" to CMAKE_PREFIX_PATH or set
[0.046s]   "ament_cmake_DIR" to a directory containing one of the above files.  If
[0.046s]   "ament_cmake" provides a separate development package or SDK, be sure it
[0.046s]   has been installed.
[0.046s] 
[0.047s] [0m
[0.047s] -- Configuring incomplete, errors occurred!
[0.047s] See also "/home/user/roskit_ws/build/ublox_serialization/CMakeFiles/CMakeOutput.log".
[0.064s] Invoked command in '/home/user/roskit_ws/build/ublox_serialization' returned '1': /usr/bin/cmake /home/user/roskit_ws/src/ros2-ublox-zedf9p/ublox_serialization -DCMAKE_BUILD_TYPE=Release -DAMENT_CMAKE_SYMLINK_INSTALL=1 -DCMAKE_INSTALL_PREFIX=/home/user/roskit_ws/install/ublox_serialization
