[0.047s] Invoking command in '/home/user/roskit_ws/build/phidgets_msgs': CMAKE_PREFIX_PATH=/opt/ros/humble:${CMAKE_PREFIX_PATH} /usr/bin/cmake --build /home/user/roskit_ws/build/phidgets_msgs -- -j16 -l16
[0.092s] [  2%] Built target phidgets_msgs__cpp
[0.094s] [ 12%] Built target phidgets_msgs__rosidl_generator_c
[0.104s] [ 12%] Built target ament_cmake_python_symlink_phidgets_msgs
[0.139s] [ 23%] Built target phidgets_msgs__rosidl_typesupport_introspection_c
[0.158s] [ 34%] Built target phidgets_msgs__rosidl_typesupport_cpp
[0.170s] [ 44%] Built target phidgets_msgs__rosidl_typesupport_fastrtps_cpp
[0.178s] [ 55%] Built target phidgets_msgs__rosidl_typesupport_c
[0.178s] [ 65%] Built target phidgets_msgs__rosidl_typesupport_introspection_cpp
[0.202s] [ 76%] Built target phidgets_msgs__rosidl_typesupport_fastrtps_c
[0.248s] [ 76%] Built target phidgets_msgs
[0.273s] [ 78%] Built target phidgets_msgs__py
[0.306s] [ 87%] Built target phidgets_msgs__rosidl_generator_py
[0.332s] running egg_info
[0.332s] writing phidgets_msgs.egg-info/PKG-INFO
[0.332s] writing dependency_links to phidgets_msgs.egg-info/dependency_links.txt
[0.332s] writing top-level names to phidgets_msgs.egg-info/top_level.txt
[0.332s] reading manifest file 'phidgets_msgs.egg-info/SOURCES.txt'
[0.332s] [ 91%] Built target phidgets_msgs__rosidl_typesupport_c__pyext
[0.332s] writing manifest file 'phidgets_msgs.egg-info/SOURCES.txt'
[0.346s] [ 95%] Built target phidgets_msgs__rosidl_typesupport_fastrtps_c__pyext
[0.346s] [100%] Built target phidgets_msgs__rosidl_typesupport_introspection_c__pyext
[0.368s] [100%] Built target ament_cmake_python_build_phidgets_msgs_egg
[0.407s] Invoked command in '/home/user/roskit_ws/build/phidgets_msgs' returned '0': CMAKE_PREFIX_PATH=/opt/ros/humble:${CMAKE_PREFIX_PATH} /usr/bin/cmake --build /home/user/roskit_ws/build/phidgets_msgs -- -j16 -l16
[0.408s] Invoking command in '/home/user/roskit_ws/build/phidgets_msgs': CMAKE_PREFIX_PATH=/opt/ros/humble:${CMAKE_PREFIX_PATH} /usr/bin/cmake --install /home/user/roskit_ws/build/phidgets_msgs
[0.412s] -- Install configuration: "Release"
[0.413s] -- Execute custom install script
[0.413s] -- Up-to-date symlink: /home/user/roskit_ws/install/phidgets_msgs/share/ament_index/resource_index/rosidl_interfaces/phidgets_msgs
[0.413s] -- Up-to-date symlink: /home/user/roskit_ws/install/phidgets_msgs/include/phidgets_msgs/phidgets_msgs/msg/detail/encoder_decimated_speed__functions.h
[0.413s] -- Up-to-date symlink: /home/user/roskit_ws/install/phidgets_msgs/include/phidgets_msgs/phidgets_msgs/msg/detail/encoder_decimated_speed__struct.h
[0.413s] -- Up-to-date symlink: /home/user/roskit_ws/install/phidgets_msgs/include/phidgets_msgs/phidgets_msgs/msg/detail/encoder_decimated_speed__type_support.h
[0.413s] -- Up-to-date symlink: /home/user/roskit_ws/install/phidgets_msgs/include/phidgets_msgs/phidgets_msgs/msg/encoder_decimated_speed.h
[0.413s] -- Up-to-date symlink: /home/user/roskit_ws/install/phidgets_msgs/include/phidgets_msgs/phidgets_msgs/msg/rosidl_generator_c__visibility_control.h
[0.414s] -- Up-to-date symlink: /home/user/roskit_ws/install/phidgets_msgs/include/phidgets_msgs/phidgets_msgs/srv/detail/set_analog_output__functions.h
[0.414s] -- Up-to-date symlink: /home/user/roskit_ws/install/phidgets_msgs/include/phidgets_msgs/phidgets_msgs/srv/detail/set_analog_output__struct.h
[0.414s] -- Up-to-date symlink: /home/user/roskit_ws/install/phidgets_msgs/include/phidgets_msgs/phidgets_msgs/srv/detail/set_analog_output__type_support.h
[0.414s] -- Up-to-date symlink: /home/user/roskit_ws/install/phidgets_msgs/include/phidgets_msgs/phidgets_msgs/srv/detail/set_digital_output__functions.h
[0.414s] -- Up-to-date symlink: /home/user/roskit_ws/install/phidgets_msgs/include/phidgets_msgs/phidgets_msgs/srv/detail/set_digital_output__struct.h
[0.414s] -- Up-to-date symlink: /home/user/roskit_ws/install/phidgets_msgs/include/phidgets_msgs/phidgets_msgs/srv/detail/set_digital_output__type_support.h
[0.414s] -- Up-to-date symlink: /home/user/roskit_ws/install/phidgets_msgs/include/phidgets_msgs/phidgets_msgs/srv/set_analog_output.h
[0.414s] -- Up-to-date symlink: /home/user/roskit_ws/install/phidgets_msgs/include/phidgets_msgs/phidgets_msgs/srv/set_digital_output.h
[0.415s] -- Up-to-date symlink: /home/user/roskit_ws/install/phidgets_msgs/share/phidgets_msgs/environment/library_path.sh
[0.415s] -- Up-to-date symlink: /home/user/roskit_ws/install/phidgets_msgs/share/phidgets_msgs/environment/library_path.dsv
[0.415s] -- Up-to-date symlink: /home/user/roskit_ws/install/phidgets_msgs/include/phidgets_msgs/phidgets_msgs/msg/detail/encoder_decimated_speed__rosidl_typesupport_fastrtps_c.h
[0.416s] -- Up-to-date symlink: /home/user/roskit_ws/install/phidgets_msgs/include/phidgets_msgs/phidgets_msgs/msg/rosidl_typesupport_fastrtps_c__visibility_control.h
[0.416s] -- Up-to-date symlink: /home/user/roskit_ws/install/phidgets_msgs/include/phidgets_msgs/phidgets_msgs/srv/detail/set_analog_output__rosidl_typesupport_fastrtps_c.h
[0.417s] -- Up-to-date symlink: /home/user/roskit_ws/install/phidgets_msgs/include/phidgets_msgs/phidgets_msgs/srv/detail/set_digital_output__rosidl_typesupport_fastrtps_c.h
[0.417s] -- Up-to-date symlink: /home/user/roskit_ws/install/phidgets_msgs/include/phidgets_msgs/phidgets_msgs/msg/detail/encoder_decimated_speed__rosidl_typesupport_introspection_c.h
[0.417s] -- Up-to-date symlink: /home/user/roskit_ws/install/phidgets_msgs/include/phidgets_msgs/phidgets_msgs/msg/rosidl_typesupport_introspection_c__visibility_control.h
[0.417s] -- Up-to-date symlink: /home/user/roskit_ws/install/phidgets_msgs/include/phidgets_msgs/phidgets_msgs/srv/detail/set_analog_output__rosidl_typesupport_introspection_c.h
[0.417s] -- Up-to-date symlink: /home/user/roskit_ws/install/phidgets_msgs/include/phidgets_msgs/phidgets_msgs/srv/detail/set_digital_output__rosidl_typesupport_introspection_c.h
[0.417s] -- Up-to-date symlink: /home/user/roskit_ws/install/phidgets_msgs/include/phidgets_msgs/phidgets_msgs/msg/detail/encoder_decimated_speed__builder.hpp
[0.417s] -- Up-to-date symlink: /home/user/roskit_ws/install/phidgets_msgs/include/phidgets_msgs/phidgets_msgs/msg/detail/encoder_decimated_speed__struct.hpp
[0.418s] -- Up-to-date symlink: /home/user/roskit_ws/install/phidgets_msgs/include/phidgets_msgs/phidgets_msgs/msg/detail/encoder_decimated_speed__traits.hpp
[0.418s] -- Up-to-date symlink: /home/user/roskit_ws/install/phidgets_msgs/include/phidgets_msgs/phidgets_msgs/msg/detail/encoder_decimated_speed__type_support.hpp
[0.418s] -- Up-to-date symlink: /home/user/roskit_ws/install/phidgets_msgs/include/phidgets_msgs/phidgets_msgs/msg/encoder_decimated_speed.hpp
[0.418s] -- Up-to-date symlink: /home/user/roskit_ws/install/phidgets_msgs/include/phidgets_msgs/phidgets_msgs/msg/rosidl_generator_cpp__visibility_control.hpp
[0.419s] -- Up-to-date symlink: /home/user/roskit_ws/install/phidgets_msgs/include/phidgets_msgs/phidgets_msgs/srv/detail/set_analog_output__builder.hpp
[0.419s] -- Up-to-date symlink: /home/user/roskit_ws/install/phidgets_msgs/include/phidgets_msgs/phidgets_msgs/srv/detail/set_analog_output__struct.hpp
[0.419s] -- Up-to-date symlink: /home/user/roskit_ws/install/phidgets_msgs/include/phidgets_msgs/phidgets_msgs/srv/detail/set_analog_output__traits.hpp
[0.419s] -- Up-to-date symlink: /home/user/roskit_ws/install/phidgets_msgs/include/phidgets_msgs/phidgets_msgs/srv/detail/set_analog_output__type_support.hpp
[0.419s] -- Up-to-date symlink: /home/user/roskit_ws/install/phidgets_msgs/include/phidgets_msgs/phidgets_msgs/srv/detail/set_digital_output__builder.hpp
[0.419s] -- Up-to-date symlink: /home/user/roskit_ws/install/phidgets_msgs/include/phidgets_msgs/phidgets_msgs/srv/detail/set_digital_output__struct.hpp
[0.419s] -- Up-to-date symlink: /home/user/roskit_ws/install/phidgets_msgs/include/phidgets_msgs/phidgets_msgs/srv/detail/set_digital_output__traits.hpp
[0.419s] -- Up-to-date symlink: /home/user/roskit_ws/install/phidgets_msgs/include/phidgets_msgs/phidgets_msgs/srv/detail/set_digital_output__type_support.hpp
[0.419s] -- Up-to-date symlink: /home/user/roskit_ws/install/phidgets_msgs/include/phidgets_msgs/phidgets_msgs/srv/set_analog_output.hpp
[0.419s] -- Up-to-date symlink: /home/user/roskit_ws/install/phidgets_msgs/include/phidgets_msgs/phidgets_msgs/srv/set_digital_output.hpp
[0.419s] -- Up-to-date symlink: /home/user/roskit_ws/install/phidgets_msgs/include/phidgets_msgs/phidgets_msgs/msg/detail/encoder_decimated_speed__rosidl_typesupport_fastrtps_cpp.hpp
[0.419s] -- Up-to-date symlink: /home/user/roskit_ws/install/phidgets_msgs/include/phidgets_msgs/phidgets_msgs/msg/rosidl_typesupport_fastrtps_cpp__visibility_control.h
[0.419s] -- Up-to-date symlink: /home/user/roskit_ws/install/phidgets_msgs/include/phidgets_msgs/phidgets_msgs/srv/detail/set_analog_output__rosidl_typesupport_fastrtps_cpp.hpp
[0.420s] -- Up-to-date symlink: /home/user/roskit_ws/install/phidgets_msgs/include/phidgets_msgs/phidgets_msgs/srv/detail/set_digital_output__rosidl_typesupport_fastrtps_cpp.hpp
[0.420s] -- Up-to-date symlink: /home/user/roskit_ws/install/phidgets_msgs/include/phidgets_msgs/phidgets_msgs/msg/detail/encoder_decimated_speed__rosidl_typesupport_introspection_cpp.hpp
[0.421s] -- Up-to-date symlink: /home/user/roskit_ws/install/phidgets_msgs/include/phidgets_msgs/phidgets_msgs/srv/detail/set_analog_output__rosidl_typesupport_introspection_cpp.hpp
[0.421s] -- Up-to-date symlink: /home/user/roskit_ws/install/phidgets_msgs/include/phidgets_msgs/phidgets_msgs/srv/detail/set_digital_output__rosidl_typesupport_introspection_cpp.hpp
[0.421s] -- Up-to-date symlink: /home/user/roskit_ws/install/phidgets_msgs/share/phidgets_msgs/environment/pythonpath.sh
[0.421s] -- Up-to-date symlink: /home/user/roskit_ws/install/phidgets_msgs/share/phidgets_msgs/environment/pythonpath.dsv
[0.421s] -- Up-to-date symlink: /home/user/roskit_ws/install/phidgets_msgs/local/lib/python3.10/dist-packages/phidgets_msgs-2.3.3-py3.10.egg-info/PKG-INFO
[0.421s] -- Up-to-date symlink: /home/user/roskit_ws/install/phidgets_msgs/local/lib/python3.10/dist-packages/phidgets_msgs-2.3.3-py3.10.egg-info/SOURCES.txt
[0.421s] -- Up-to-date symlink: /home/user/roskit_ws/install/phidgets_msgs/local/lib/python3.10/dist-packages/phidgets_msgs-2.3.3-py3.10.egg-info/dependency_links.txt
[0.421s] -- Up-to-date symlink: /home/user/roskit_ws/install/phidgets_msgs/local/lib/python3.10/dist-packages/phidgets_msgs-2.3.3-py3.10.egg-info/top_level.txt
[0.421s] -- Up-to-date symlink: /home/user/roskit_ws/install/phidgets_msgs/local/lib/python3.10/dist-packages/phidgets_msgs/__init__.py
[0.422s] -- Up-to-date symlink: /home/user/roskit_ws/install/phidgets_msgs/local/lib/python3.10/dist-packages/phidgets_msgs/_phidgets_msgs_s.ep.rosidl_typesupport_c.c
[0.422s] -- Up-to-date symlink: /home/user/roskit_ws/install/phidgets_msgs/local/lib/python3.10/dist-packages/phidgets_msgs/_phidgets_msgs_s.ep.rosidl_typesupport_fastrtps_c.c
[0.422s] -- Up-to-date symlink: /home/user/roskit_ws/install/phidgets_msgs/local/lib/python3.10/dist-packages/phidgets_msgs/_phidgets_msgs_s.ep.rosidl_typesupport_introspection_c.c
[0.422s] -- Up-to-date symlink: /home/user/roskit_ws/install/phidgets_msgs/local/lib/python3.10/dist-packages/phidgets_msgs/libphidgets_msgs__rosidl_generator_py.so
[0.422s] -- Up-to-date symlink: /home/user/roskit_ws/install/phidgets_msgs/local/lib/python3.10/dist-packages/phidgets_msgs/msg/__init__.py
[0.422s] -- Up-to-date symlink: /home/user/roskit_ws/install/phidgets_msgs/local/lib/python3.10/dist-packages/phidgets_msgs/msg/_encoder_decimated_speed.py
[0.422s] -- Up-to-date symlink: /home/user/roskit_ws/install/phidgets_msgs/local/lib/python3.10/dist-packages/phidgets_msgs/msg/_encoder_decimated_speed_s.c
[0.422s] -- Up-to-date symlink: /home/user/roskit_ws/install/phidgets_msgs/local/lib/python3.10/dist-packages/phidgets_msgs/phidgets_msgs_s__rosidl_typesupport_c.cpython-310-x86_64-linux-gnu.so
[0.422s] -- Up-to-date symlink: /home/user/roskit_ws/install/phidgets_msgs/local/lib/python3.10/dist-packages/phidgets_msgs/phidgets_msgs_s__rosidl_typesupport_fastrtps_c.cpython-310-x86_64-linux-gnu.so
[0.422s] -- Up-to-date symlink: /home/user/roskit_ws/install/phidgets_msgs/local/lib/python3.10/dist-packages/phidgets_msgs/phidgets_msgs_s__rosidl_typesupport_introspection_c.cpython-310-x86_64-linux-gnu.so
[0.422s] -- Up-to-date symlink: /home/user/roskit_ws/install/phidgets_msgs/local/lib/python3.10/dist-packages/phidgets_msgs/srv/__init__.py
[0.422s] -- Up-to-date symlink: /home/user/roskit_ws/install/phidgets_msgs/local/lib/python3.10/dist-packages/phidgets_msgs/srv/_set_analog_output.py
[0.423s] -- Up-to-date symlink: /home/user/roskit_ws/install/phidgets_msgs/local/lib/python3.10/dist-packages/phidgets_msgs/srv/_set_analog_output_s.c
[0.423s] -- Up-to-date symlink: /home/user/roskit_ws/install/phidgets_msgs/local/lib/python3.10/dist-packages/phidgets_msgs/srv/_set_digital_output.py
[0.423s] -- Up-to-date symlink: /home/user/roskit_ws/install/phidgets_msgs/local/lib/python3.10/dist-packages/phidgets_msgs/srv/_set_digital_output_s.c
[0.423s] -- Up-to-date symlink: /home/user/roskit_ws/install/phidgets_msgs/local/lib/python3.10/dist-packages/phidgets_msgs/phidgets_msgs_s__rosidl_typesupport_fastrtps_c.cpython-310-x86_64-linux-gnu.so
[0.423s] -- Up-to-date symlink: /home/user/roskit_ws/install/phidgets_msgs/local/lib/python3.10/dist-packages/phidgets_msgs/phidgets_msgs_s__rosidl_typesupport_introspection_c.cpython-310-x86_64-linux-gnu.so
[0.423s] -- Up-to-date symlink: /home/user/roskit_ws/install/phidgets_msgs/local/lib/python3.10/dist-packages/phidgets_msgs/phidgets_msgs_s__rosidl_typesupport_c.cpython-310-x86_64-linux-gnu.so
[0.423s] -- Up-to-date symlink: /home/user/roskit_ws/install/phidgets_msgs/share/phidgets_msgs/srv/SetAnalogOutput.idl
[0.423s] -- Up-to-date symlink: /home/user/roskit_ws/install/phidgets_msgs/share/phidgets_msgs/srv/SetDigitalOutput.idl
[0.423s] -- Up-to-date symlink: /home/user/roskit_ws/install/phidgets_msgs/share/phidgets_msgs/msg/EncoderDecimatedSpeed.idl
[0.423s] -- Up-to-date symlink: /home/user/roskit_ws/install/phidgets_msgs/share/phidgets_msgs/srv/SetAnalogOutput.srv
[0.423s] -- Up-to-date symlink: /home/user/roskit_ws/install/phidgets_msgs/share/phidgets_msgs/srv/SetAnalogOutput_Request.msg
[0.423s] -- Up-to-date symlink: /home/user/roskit_ws/install/phidgets_msgs/share/phidgets_msgs/srv/SetAnalogOutput_Response.msg
[0.423s] -- Up-to-date symlink: /home/user/roskit_ws/install/phidgets_msgs/share/phidgets_msgs/srv/SetDigitalOutput.srv
[0.423s] -- Up-to-date symlink: /home/user/roskit_ws/install/phidgets_msgs/share/phidgets_msgs/srv/SetDigitalOutput_Request.msg
[0.423s] -- Up-to-date symlink: /home/user/roskit_ws/install/phidgets_msgs/share/phidgets_msgs/srv/SetDigitalOutput_Response.msg
[0.424s] -- Up-to-date symlink: /home/user/roskit_ws/install/phidgets_msgs/share/phidgets_msgs/msg/EncoderDecimatedSpeed.msg
[0.424s] -- Up-to-date symlink: /home/user/roskit_ws/install/phidgets_msgs/share/ament_index/resource_index/package_run_dependencies/phidgets_msgs
[0.424s] -- Up-to-date symlink: /home/user/roskit_ws/install/phidgets_msgs/share/ament_index/resource_index/parent_prefix_path/phidgets_msgs
[0.424s] -- Up-to-date symlink: /home/user/roskit_ws/install/phidgets_msgs/share/phidgets_msgs/environment/ament_prefix_path.sh
[0.424s] -- Up-to-date symlink: /home/user/roskit_ws/install/phidgets_msgs/share/phidgets_msgs/environment/ament_prefix_path.dsv
[0.424s] -- Up-to-date symlink: /home/user/roskit_ws/install/phidgets_msgs/share/phidgets_msgs/environment/path.sh
[0.424s] -- Up-to-date symlink: /home/user/roskit_ws/install/phidgets_msgs/share/phidgets_msgs/environment/path.dsv
[0.424s] -- Up-to-date symlink: /home/user/roskit_ws/install/phidgets_msgs/share/phidgets_msgs/local_setup.bash
[0.424s] -- Up-to-date symlink: /home/user/roskit_ws/install/phidgets_msgs/share/phidgets_msgs/local_setup.sh
[0.424s] -- Up-to-date symlink: /home/user/roskit_ws/install/phidgets_msgs/share/phidgets_msgs/local_setup.zsh
[0.424s] -- Up-to-date symlink: /home/user/roskit_ws/install/phidgets_msgs/share/phidgets_msgs/local_setup.dsv
[0.424s] -- Symlinking: /home/user/roskit_ws/install/phidgets_msgs/share/phidgets_msgs/package.dsv
[0.425s] -- Up-to-date symlink: /home/user/roskit_ws/install/phidgets_msgs/share/ament_index/resource_index/packages/phidgets_msgs
[0.425s] -- Up-to-date symlink: /home/user/roskit_ws/install/phidgets_msgs/share/phidgets_msgs/cmake/rosidl_cmake-extras.cmake
[0.425s] -- Up-to-date symlink: /home/user/roskit_ws/install/phidgets_msgs/share/phidgets_msgs/cmake/ament_cmake_export_dependencies-extras.cmake
[0.426s] -- Up-to-date symlink: /home/user/roskit_ws/install/phidgets_msgs/share/phidgets_msgs/cmake/ament_cmake_export_include_directories-extras.cmake
[0.426s] -- Up-to-date symlink: /home/user/roskit_ws/install/phidgets_msgs/share/phidgets_msgs/cmake/ament_cmake_export_libraries-extras.cmake
[0.426s] -- Up-to-date symlink: /home/user/roskit_ws/install/phidgets_msgs/share/phidgets_msgs/cmake/ament_cmake_export_targets-extras.cmake
[0.426s] -- Up-to-date symlink: /home/user/roskit_ws/install/phidgets_msgs/share/phidgets_msgs/cmake/rosidl_cmake_export_typesupport_targets-extras.cmake
[0.426s] -- Up-to-date symlink: /home/user/roskit_ws/install/phidgets_msgs/share/phidgets_msgs/cmake/rosidl_cmake_export_typesupport_libraries-extras.cmake
[0.426s] -- Up-to-date symlink: /home/user/roskit_ws/install/phidgets_msgs/share/phidgets_msgs/cmake/phidgets_msgsConfig.cmake
[0.426s] -- Up-to-date symlink: /home/user/roskit_ws/install/phidgets_msgs/share/phidgets_msgs/cmake/phidgets_msgsConfig-version.cmake
[0.426s] -- Up-to-date symlink: /home/user/roskit_ws/install/phidgets_msgs/share/phidgets_msgs/package.xml
[0.426s] -- Up-to-date: /home/user/roskit_ws/install/phidgets_msgs/lib/libphidgets_msgs__rosidl_generator_c.so
[0.426s] -- Up-to-date: /home/user/roskit_ws/install/phidgets_msgs/lib/libphidgets_msgs__rosidl_typesupport_fastrtps_c.so
[0.426s] -- Up-to-date: /home/user/roskit_ws/install/phidgets_msgs/lib/libphidgets_msgs__rosidl_typesupport_introspection_c.so
[0.426s] -- Up-to-date: /home/user/roskit_ws/install/phidgets_msgs/lib/libphidgets_msgs__rosidl_typesupport_c.so
[0.426s] -- Up-to-date: /home/user/roskit_ws/install/phidgets_msgs/lib/libphidgets_msgs__rosidl_typesupport_fastrtps_cpp.so
[0.426s] -- Up-to-date: /home/user/roskit_ws/install/phidgets_msgs/lib/libphidgets_msgs__rosidl_typesupport_introspection_cpp.so
[0.426s] -- Up-to-date: /home/user/roskit_ws/install/phidgets_msgs/lib/libphidgets_msgs__rosidl_typesupport_cpp.so
[0.473s] Listing '/home/user/roskit_ws/install/phidgets_msgs/local/lib/python3.10/dist-packages/phidgets_msgs'...
[0.473s] Listing '/home/user/roskit_ws/install/phidgets_msgs/local/lib/python3.10/dist-packages/phidgets_msgs/msg'...
[0.473s] Listing '/home/user/roskit_ws/install/phidgets_msgs/local/lib/python3.10/dist-packages/phidgets_msgs/srv'...
[0.482s] -- Up-to-date: /home/user/roskit_ws/install/phidgets_msgs/lib/libphidgets_msgs__rosidl_generator_py.so
[0.483s] -- Up-to-date: /home/user/roskit_ws/install/phidgets_msgs/share/phidgets_msgs/cmake/export_phidgets_msgs__rosidl_generator_cExport.cmake
[0.483s] -- Up-to-date: /home/user/roskit_ws/install/phidgets_msgs/share/phidgets_msgs/cmake/export_phidgets_msgs__rosidl_generator_cExport-release.cmake
[0.483s] -- Up-to-date: /home/user/roskit_ws/install/phidgets_msgs/share/phidgets_msgs/cmake/export_phidgets_msgs__rosidl_typesupport_fastrtps_cExport.cmake
[0.483s] -- Up-to-date: /home/user/roskit_ws/install/phidgets_msgs/share/phidgets_msgs/cmake/export_phidgets_msgs__rosidl_typesupport_fastrtps_cExport-release.cmake
[0.483s] -- Up-to-date: /home/user/roskit_ws/install/phidgets_msgs/share/phidgets_msgs/cmake/phidgets_msgs__rosidl_typesupport_introspection_cExport.cmake
[0.483s] -- Up-to-date: /home/user/roskit_ws/install/phidgets_msgs/share/phidgets_msgs/cmake/phidgets_msgs__rosidl_typesupport_introspection_cExport-release.cmake
[0.483s] -- Up-to-date: /home/user/roskit_ws/install/phidgets_msgs/share/phidgets_msgs/cmake/phidgets_msgs__rosidl_typesupport_cExport.cmake
[0.483s] -- Up-to-date: /home/user/roskit_ws/install/phidgets_msgs/share/phidgets_msgs/cmake/phidgets_msgs__rosidl_typesupport_cExport-release.cmake
[0.483s] -- Up-to-date: /home/user/roskit_ws/install/phidgets_msgs/share/phidgets_msgs/cmake/export_phidgets_msgs__rosidl_generator_cppExport.cmake
[0.483s] -- Up-to-date: /home/user/roskit_ws/install/phidgets_msgs/share/phidgets_msgs/cmake/export_phidgets_msgs__rosidl_typesupport_fastrtps_cppExport.cmake
[0.483s] -- Up-to-date: /home/user/roskit_ws/install/phidgets_msgs/share/phidgets_msgs/cmake/export_phidgets_msgs__rosidl_typesupport_fastrtps_cppExport-release.cmake
[0.483s] -- Up-to-date: /home/user/roskit_ws/install/phidgets_msgs/share/phidgets_msgs/cmake/phidgets_msgs__rosidl_typesupport_introspection_cppExport.cmake
[0.483s] -- Up-to-date: /home/user/roskit_ws/install/phidgets_msgs/share/phidgets_msgs/cmake/phidgets_msgs__rosidl_typesupport_introspection_cppExport-release.cmake
[0.483s] -- Up-to-date: /home/user/roskit_ws/install/phidgets_msgs/share/phidgets_msgs/cmake/phidgets_msgs__rosidl_typesupport_cppExport.cmake
[0.483s] -- Up-to-date: /home/user/roskit_ws/install/phidgets_msgs/share/phidgets_msgs/cmake/phidgets_msgs__rosidl_typesupport_cppExport-release.cmake
[0.483s] -- Up-to-date: /home/user/roskit_ws/install/phidgets_msgs/share/phidgets_msgs/cmake/export_phidgets_msgs__rosidl_generator_pyExport.cmake
[0.483s] -- Up-to-date: /home/user/roskit_ws/install/phidgets_msgs/share/phidgets_msgs/cmake/export_phidgets_msgs__rosidl_generator_pyExport-release.cmake
[0.522s] Invoked command in '/home/user/roskit_ws/build/phidgets_msgs' returned '0': CMAKE_PREFIX_PATH=/opt/ros/humble:${CMAKE_PREFIX_PATH} /usr/bin/cmake --install /home/user/roskit_ws/build/phidgets_msgs
