[0.087s] Invoking command in '/home/user/roskit_ws/build/phidgets_api': CMAKE_PREFIX_PATH=/home/user/roskit_ws/install/libphidget22:/home/user/roskit_ws/install/tracer_base:/home/user/roskit_ws/install/scout_base:/home/user/roskit_ws/install/ranger_base:/home/user/roskit_ws/install/hunter_base:/opt/ros/humble:/home/user/roskit_ws/install/ugv_sdk:/home/user/roskit_ws/install/ublox:/home/user/roskit_ws/install/ublox_gps:/home/user/roskit_ws/install/ublox_msgs:/home/user/roskit_ws/install/ublox_serialization:/home/user/roskit_ws/install/tracer_msgs:/home/user/roskit_ws/install/scout_msgs:/home/user/roskit_ws/install/scout_description:/home/user/roskit_ws/install/rslidar_sdk:/home/user/roskit_ws/install/rslidar_msg:/home/user/roskit_ws/install/ranger_msgs:/home/user/roskit_ws/install/ranger_bringup:/home/user/roskit_ws/install/phidgets_drivers:/home/user/roskit_ws/install/phidgets_temperature:/home/user/roskit_ws/install/phidgets_spatial:/home/user/roskit_ws/install/phidgets_motors:/home/user/roskit_ws/install/phidgets_ik:/home/user/roskit_ws/install/phidgets_high_speed_encoder:/home/user/roskit_ws/install/phidgets_digital_outputs:/home/user/roskit_ws/install/phidgets_analog_outputs:/home/user/roskit_ws/install/phidgets_msgs:/home/user/roskit_ws/install/phidgets_magnetometer:/home/user/roskit_ws/install/phidgets_gyroscope:/home/user/roskit_ws/install/phidgets_digital_inputs:/home/user/roskit_ws/install/phidgets_analog_inputs:/home/user/roskit_ws/install/phidgets_accelerometer:/home/user/roskit_ws/install/phidgets_api:/home/user/roskit_ws/install/ouster_ros:/home/user/roskit_ws/install/ouster_sensor_msgs:/home/user/roskit_ws/install/livox_ros_driver2:/home/user/roskit_ws/install/hunter_msgs:/home/user/roskit_ws/install/gr_description:/home/user/roskit_ws/install/gr_bringup /usr/bin/cmake --build /home/user/roskit_ws/build/phidgets_api -- -j16 -l16
[0.179s] [100%] Built target phidgets_api
[0.230s] Invoked command in '/home/user/roskit_ws/build/phidgets_api' returned '0': CMAKE_PREFIX_PATH=/home/user/roskit_ws/install/libphidget22:/home/user/roskit_ws/install/tracer_base:/home/user/roskit_ws/install/scout_base:/home/user/roskit_ws/install/ranger_base:/home/user/roskit_ws/install/hunter_base:/opt/ros/humble:/home/user/roskit_ws/install/ugv_sdk:/home/user/roskit_ws/install/ublox:/home/user/roskit_ws/install/ublox_gps:/home/user/roskit_ws/install/ublox_msgs:/home/user/roskit_ws/install/ublox_serialization:/home/user/roskit_ws/install/tracer_msgs:/home/user/roskit_ws/install/scout_msgs:/home/user/roskit_ws/install/scout_description:/home/user/roskit_ws/install/rslidar_sdk:/home/user/roskit_ws/install/rslidar_msg:/home/user/roskit_ws/install/ranger_msgs:/home/user/roskit_ws/install/ranger_bringup:/home/user/roskit_ws/install/phidgets_drivers:/home/user/roskit_ws/install/phidgets_temperature:/home/user/roskit_ws/install/phidgets_spatial:/home/user/roskit_ws/install/phidgets_motors:/home/user/roskit_ws/install/phidgets_ik:/home/user/roskit_ws/install/phidgets_high_speed_encoder:/home/user/roskit_ws/install/phidgets_digital_outputs:/home/user/roskit_ws/install/phidgets_analog_outputs:/home/user/roskit_ws/install/phidgets_msgs:/home/user/roskit_ws/install/phidgets_magnetometer:/home/user/roskit_ws/install/phidgets_gyroscope:/home/user/roskit_ws/install/phidgets_digital_inputs:/home/user/roskit_ws/install/phidgets_analog_inputs:/home/user/roskit_ws/install/phidgets_accelerometer:/home/user/roskit_ws/install/phidgets_api:/home/user/roskit_ws/install/ouster_ros:/home/user/roskit_ws/install/ouster_sensor_msgs:/home/user/roskit_ws/install/livox_ros_driver2:/home/user/roskit_ws/install/hunter_msgs:/home/user/roskit_ws/install/gr_description:/home/user/roskit_ws/install/gr_bringup /usr/bin/cmake --build /home/user/roskit_ws/build/phidgets_api -- -j16 -l16
[0.232s] Invoking command in '/home/user/roskit_ws/build/phidgets_api': CMAKE_PREFIX_PATH=/home/user/roskit_ws/install/libphidget22:/home/user/roskit_ws/install/tracer_base:/home/user/roskit_ws/install/scout_base:/home/user/roskit_ws/install/ranger_base:/home/user/roskit_ws/install/hunter_base:/opt/ros/humble:/home/user/roskit_ws/install/ugv_sdk:/home/user/roskit_ws/install/ublox:/home/user/roskit_ws/install/ublox_gps:/home/user/roskit_ws/install/ublox_msgs:/home/user/roskit_ws/install/ublox_serialization:/home/user/roskit_ws/install/tracer_msgs:/home/user/roskit_ws/install/scout_msgs:/home/user/roskit_ws/install/scout_description:/home/user/roskit_ws/install/rslidar_sdk:/home/user/roskit_ws/install/rslidar_msg:/home/user/roskit_ws/install/ranger_msgs:/home/user/roskit_ws/install/ranger_bringup:/home/user/roskit_ws/install/phidgets_drivers:/home/user/roskit_ws/install/phidgets_temperature:/home/user/roskit_ws/install/phidgets_spatial:/home/user/roskit_ws/install/phidgets_motors:/home/user/roskit_ws/install/phidgets_ik:/home/user/roskit_ws/install/phidgets_high_speed_encoder:/home/user/roskit_ws/install/phidgets_digital_outputs:/home/user/roskit_ws/install/phidgets_analog_outputs:/home/user/roskit_ws/install/phidgets_msgs:/home/user/roskit_ws/install/phidgets_magnetometer:/home/user/roskit_ws/install/phidgets_gyroscope:/home/user/roskit_ws/install/phidgets_digital_inputs:/home/user/roskit_ws/install/phidgets_analog_inputs:/home/user/roskit_ws/install/phidgets_accelerometer:/home/user/roskit_ws/install/phidgets_api:/home/user/roskit_ws/install/ouster_ros:/home/user/roskit_ws/install/ouster_sensor_msgs:/home/user/roskit_ws/install/livox_ros_driver2:/home/user/roskit_ws/install/hunter_msgs:/home/user/roskit_ws/install/gr_description:/home/user/roskit_ws/install/gr_bringup /usr/bin/cmake --install /home/user/roskit_ws/build/phidgets_api
[0.284s] -- Install configuration: "Release"
[0.284s] -- Execute custom install script
[0.284s] -- Up-to-date symlink: /home/user/roskit_ws/install/phidgets_api/lib/libphidgets_api.so
[0.284s] -- Up-to-date symlink: /home/user/roskit_ws/install/phidgets_api/include/phidgets_api/accelerometer.hpp
[0.284s] -- Up-to-date symlink: /home/user/roskit_ws/install/phidgets_api/include/phidgets_api/analog_input.hpp
[0.284s] -- Up-to-date symlink: /home/user/roskit_ws/install/phidgets_api/include/phidgets_api/analog_inputs.hpp
[0.284s] -- Up-to-date symlink: /home/user/roskit_ws/install/phidgets_api/include/phidgets_api/analog_output.hpp
[0.284s] -- Up-to-date symlink: /home/user/roskit_ws/install/phidgets_api/include/phidgets_api/analog_outputs.hpp
[0.284s] -- Up-to-date symlink: /home/user/roskit_ws/install/phidgets_api/include/phidgets_api/digital_input.hpp
[0.284s] -- Up-to-date symlink: /home/user/roskit_ws/install/phidgets_api/include/phidgets_api/digital_inputs.hpp
[0.284s] -- Up-to-date symlink: /home/user/roskit_ws/install/phidgets_api/include/phidgets_api/digital_output.hpp
[0.284s] -- Up-to-date symlink: /home/user/roskit_ws/install/phidgets_api/include/phidgets_api/digital_outputs.hpp
[0.284s] -- Up-to-date symlink: /home/user/roskit_ws/install/phidgets_api/include/phidgets_api/encoder.hpp
[0.284s] -- Up-to-date symlink: /home/user/roskit_ws/install/phidgets_api/include/phidgets_api/encoders.hpp
[0.284s] -- Up-to-date symlink: /home/user/roskit_ws/install/phidgets_api/include/phidgets_api/gyroscope.hpp
[0.284s] -- Up-to-date symlink: /home/user/roskit_ws/install/phidgets_api/include/phidgets_api/ir.hpp
[0.284s] -- Up-to-date symlink: /home/user/roskit_ws/install/phidgets_api/include/phidgets_api/magnetometer.hpp
[0.284s] -- Up-to-date symlink: /home/user/roskit_ws/install/phidgets_api/include/phidgets_api/motor.hpp
[0.284s] -- Up-to-date symlink: /home/user/roskit_ws/install/phidgets_api/include/phidgets_api/motors.hpp
[0.284s] -- Up-to-date symlink: /home/user/roskit_ws/install/phidgets_api/include/phidgets_api/phidget22.hpp
[0.284s] -- Up-to-date symlink: /home/user/roskit_ws/install/phidgets_api/include/phidgets_api/spatial.hpp
[0.284s] -- Up-to-date symlink: /home/user/roskit_ws/install/phidgets_api/include/phidgets_api/temperature.hpp
[0.284s] -- Up-to-date symlink: /home/user/roskit_ws/install/phidgets_api/share/phidgets_api/environment/library_path.sh
[0.284s] -- Up-to-date symlink: /home/user/roskit_ws/install/phidgets_api/share/phidgets_api/environment/library_path.dsv
[0.284s] -- Up-to-date symlink: /home/user/roskit_ws/install/phidgets_api/share/ament_index/resource_index/package_run_dependencies/phidgets_api
[0.284s] -- Up-to-date symlink: /home/user/roskit_ws/install/phidgets_api/share/ament_index/resource_index/parent_prefix_path/phidgets_api
[0.284s] -- Up-to-date symlink: /home/user/roskit_ws/install/phidgets_api/share/phidgets_api/environment/ament_prefix_path.sh
[0.284s] -- Up-to-date symlink: /home/user/roskit_ws/install/phidgets_api/share/phidgets_api/environment/ament_prefix_path.dsv
[0.284s] -- Up-to-date symlink: /home/user/roskit_ws/install/phidgets_api/share/phidgets_api/environment/path.sh
[0.285s] -- Up-to-date symlink: /home/user/roskit_ws/install/phidgets_api/share/phidgets_api/environment/path.dsv
[0.285s] -- Up-to-date symlink: /home/user/roskit_ws/install/phidgets_api/share/phidgets_api/local_setup.bash
[0.285s] -- Up-to-date symlink: /home/user/roskit_ws/install/phidgets_api/share/phidgets_api/local_setup.sh
[0.285s] -- Up-to-date symlink: /home/user/roskit_ws/install/phidgets_api/share/phidgets_api/local_setup.zsh
[0.285s] -- Up-to-date symlink: /home/user/roskit_ws/install/phidgets_api/share/phidgets_api/local_setup.dsv
[0.285s] -- Symlinking: /home/user/roskit_ws/install/phidgets_api/share/phidgets_api/package.dsv
[0.285s] -- Up-to-date symlink: /home/user/roskit_ws/install/phidgets_api/share/ament_index/resource_index/packages/phidgets_api
[0.285s] -- Up-to-date symlink: /home/user/roskit_ws/install/phidgets_api/share/phidgets_api/cmake/ament_cmake_export_dependencies-extras.cmake
[0.285s] -- Up-to-date symlink: /home/user/roskit_ws/install/phidgets_api/share/phidgets_api/cmake/ament_cmake_export_include_directories-extras.cmake
[0.285s] -- Up-to-date symlink: /home/user/roskit_ws/install/phidgets_api/share/phidgets_api/cmake/ament_cmake_export_libraries-extras.cmake
[0.285s] -- Up-to-date symlink: /home/user/roskit_ws/install/phidgets_api/share/phidgets_api/cmake/phidgets_apiConfig.cmake
[0.285s] -- Up-to-date symlink: /home/user/roskit_ws/install/phidgets_api/share/phidgets_api/cmake/phidgets_apiConfig-version.cmake
[0.285s] -- Up-to-date symlink: /home/user/roskit_ws/install/phidgets_api/share/phidgets_api/package.xml
[0.330s] Invoked command in '/home/user/roskit_ws/build/phidgets_api' returned '0': CMAKE_PREFIX_PATH=/home/user/roskit_ws/install/libphidget22:/home/user/roskit_ws/install/tracer_base:/home/user/roskit_ws/install/scout_base:/home/user/roskit_ws/install/ranger_base:/home/user/roskit_ws/install/hunter_base:/opt/ros/humble:/home/user/roskit_ws/install/ugv_sdk:/home/user/roskit_ws/install/ublox:/home/user/roskit_ws/install/ublox_gps:/home/user/roskit_ws/install/ublox_msgs:/home/user/roskit_ws/install/ublox_serialization:/home/user/roskit_ws/install/tracer_msgs:/home/user/roskit_ws/install/scout_msgs:/home/user/roskit_ws/install/scout_description:/home/user/roskit_ws/install/rslidar_sdk:/home/user/roskit_ws/install/rslidar_msg:/home/user/roskit_ws/install/ranger_msgs:/home/user/roskit_ws/install/ranger_bringup:/home/user/roskit_ws/install/phidgets_drivers:/home/user/roskit_ws/install/phidgets_temperature:/home/user/roskit_ws/install/phidgets_spatial:/home/user/roskit_ws/install/phidgets_motors:/home/user/roskit_ws/install/phidgets_ik:/home/user/roskit_ws/install/phidgets_high_speed_encoder:/home/user/roskit_ws/install/phidgets_digital_outputs:/home/user/roskit_ws/install/phidgets_analog_outputs:/home/user/roskit_ws/install/phidgets_msgs:/home/user/roskit_ws/install/phidgets_magnetometer:/home/user/roskit_ws/install/phidgets_gyroscope:/home/user/roskit_ws/install/phidgets_digital_inputs:/home/user/roskit_ws/install/phidgets_analog_inputs:/home/user/roskit_ws/install/phidgets_accelerometer:/home/user/roskit_ws/install/phidgets_api:/home/user/roskit_ws/install/ouster_ros:/home/user/roskit_ws/install/ouster_sensor_msgs:/home/user/roskit_ws/install/livox_ros_driver2:/home/user/roskit_ws/install/hunter_msgs:/home/user/roskit_ws/install/gr_description:/home/user/roskit_ws/install/gr_bringup /usr/bin/cmake --install /home/user/roskit_ws/build/phidgets_api
