[0.027s] Invoking command in '/home/user/roskit_ws/build/scout_msgs': /usr/bin/cmake /home/user/roskit_ws/src/scout_ros2/scout_msgs -DCMAKE_BUILD_TYPE=Release -DAMENT_CMAKE_SYMLINK_INSTALL=1 -DCMAKE_INSTALL_PREFIX=/home/user/roskit_ws/install/scout_msgs
[0.071s] -- The C compiler identification is GNU 11.4.0
[0.121s] -- The CXX compiler identification is GNU 11.4.0
[0.131s] -- Detecting C compiler ABI info
[0.174s] -- Detecting C compiler ABI info - done
[0.180s] -- Check for working C compiler: /usr/lib/ccache/cc - skipped
[0.180s] -- Detecting C compile features
[0.181s] -- Detecting C compile features - done
[0.183s] -- Detecting CXX compiler ABI info
[0.237s] -- Detecting CXX compiler ABI info - done
[0.248s] -- Check for working CXX compiler: /usr/lib/ccache/c++ - skipped
[0.248s] -- Detecting CXX compile features
[0.248s] -- Detecting CXX compile features - done
[0.259s] [31mCMake Error at CMakeLists.txt:14 (find_package):
[0.259s]   By not providing "Findament_cmake.cmake" in CMAKE_MODULE_PATH this project
[0.259s]   has asked CMake to find a package configuration file provided by
[0.259s]   "ament_cmake", but CMake did not find one.
[0.259s] 
[0.259s]   Could not find a package configuration file provided by "ament_cmake" with
[0.259s]   any of the following names:
[0.260s] 
[0.260s]     ament_cmakeConfig.cmake
[0.260s]     ament_cmake-config.cmake
[0.260s] 
[0.260s]   Add the installation prefix of "ament_cmake" to CMAKE_PREFIX_PATH or set
[0.260s]   "ament_cmake_DIR" to a directory containing one of the above files.  If
[0.260s]   "ament_cmake" provides a separate development package or SDK, be sure it
[0.261s]   has been installed.
[0.261s] 
[0.261s] [0m
[0.261s] -- Configuring incomplete, errors occurred!
[0.261s] See also "/home/user/roskit_ws/build/scout_msgs/CMakeFiles/CMakeOutput.log".
