[0.023s] Invoking command in '/home/user/roskit_ws/build/ranger_bringup': /usr/bin/cmake /home/user/roskit_ws/src/ranger_mini_v2/ranger_bringup -DCMAKE_BUILD_TYPE=Release -DAMENT_CMAKE_SYMLINK_INSTALL=1 -DCMAKE_INSTALL_PREFIX=/home/user/roskit_ws/install/ranger_bringup
[0.052s] -- Configuring incomplete, errors occurred!
[0.052s] See also "/home/user/roskit_ws/build/ranger_bringup/CMakeFiles/CMakeOutput.log".
[0.052s] [31mCMake Error at CMakeLists.txt:9 (find_package):
[0.052s]   By not providing "Findament_cmake.cmake" in CMAKE_MODULE_PATH this project
[0.052s]   has asked CMake to find a package configuration file provided by
[0.053s]   "ament_cmake", but CMake did not find one.
[0.053s] 
[0.053s]   Could not find a package configuration file provided by "ament_cmake" with
[0.053s]   any of the following names:
[0.053s] 
[0.053s]     ament_cmakeConfig.cmake
[0.053s]     ament_cmake-config.cmake
[0.053s] 
[0.053s]   Add the installation prefix of "ament_cmake" to CMAKE_PREFIX_PATH or set
[0.053s]   "ament_cmake_DIR" to a directory containing one of the above files.  If
[0.053s]   "ament_cmake" provides a separate development package or SDK, be sure it
[0.053s]   has been installed.
[0.053s] 
[0.053s] [0m
[0.064s] Invoked command in '/home/user/roskit_ws/build/ranger_bringup' returned '1': /usr/bin/cmake /home/user/roskit_ws/src/ranger_mini_v2/ranger_bringup -DCMAKE_BUILD_TYPE=Release -DAMENT_CMAKE_SYMLINK_INSTALL=1 -DCMAKE_INSTALL_PREFIX=/home/user/roskit_ws/install/ranger_bringup
