[0.038s] Invoking command in '/home/user/roskit_ws/build/gr_bringup': CMAKE_PREFIX_PATH=/opt/ros/humble /usr/bin/cmake /home/user/roskit_ws/src/gr_bringup -DCMAKE_BUILD_TYPE=Release -DAMENT_CMAKE_SYMLINK_INSTALL=1 -DCMAKE_INSTALL_PREFIX=/home/user/roskit_ws/install/gr_bringup
[0.131s] -- Found ament_cmake: 1.3.12 (/opt/ros/humble/share/ament_cmake/cmake)
[0.158s] -- Found Python3: /usr/bin/python3 (found version "3.10.12") found components: Interpreter 
[0.200s] -- Override CMake install command with custom implementation using symlinks instead of copying resources
[0.229s] -- Found ament_lint_auto: 0.12.14 (/opt/ros/humble/share/ament_lint_auto/cmake)
[0.321s] -- Added test 'copyright' to check source files copyright and LICENSE
[0.322s] -- Added test 'flake8' to check Python code syntax and style conventions
[0.322s] -- Added test 'lint_cmake' to check CMake code style
[0.323s] -- Added test 'pep257' to check Python code against some of the docstring style conventions in PEP 257
[0.324s] -- Added test 'xmllint' to check XML markup files
[0.325s] -- Configuring done
[0.326s] -- Generating done
[0.327s] -- Build files have been written to: /home/user/roskit_ws/build/gr_bringup
[0.335s] Invoked command in '/home/user/roskit_ws/build/gr_bringup' returned '0': CMAKE_PREFIX_PATH=/opt/ros/humble /usr/bin/cmake /home/user/roskit_ws/src/gr_bringup -DCMAKE_BUILD_TYPE=Release -DAMENT_CMAKE_SYMLINK_INSTALL=1 -DCMAKE_INSTALL_PREFIX=/home/user/roskit_ws/install/gr_bringup
[0.335s] Invoking command in '/home/user/roskit_ws/build/gr_bringup': CMAKE_PREFIX_PATH=/opt/ros/humble /usr/bin/cmake --build /home/user/roskit_ws/build/gr_bringup -- -j16 -l16
[0.548s] Invoked command in '/home/user/roskit_ws/build/gr_bringup' returned '0': CMAKE_PREFIX_PATH=/opt/ros/humble /usr/bin/cmake --build /home/user/roskit_ws/build/gr_bringup -- -j16 -l16
[0.550s] Invoking command in '/home/user/roskit_ws/build/gr_bringup': CMAKE_PREFIX_PATH=/opt/ros/humble /usr/bin/cmake --install /home/user/roskit_ws/build/gr_bringup
[0.679s] -- Install configuration: "Release"
[0.679s] -- Execute custom install script
[0.680s] -- Symlinking: /home/user/roskit_ws/install/gr_bringup/share/gr_bringup/config/livox_mid_360.json
[0.680s] -- Symlinking: /home/user/roskit_ws/install/gr_bringup/share/gr_bringup/config/ouster.yaml
[0.680s] -- Symlinking: /home/user/roskit_ws/install/gr_bringup/share/gr_bringup/config/rs_lidar/RSHELIOS_16P_config.yaml
[0.680s] -- Symlinking: /home/user/roskit_ws/install/gr_bringup/share/gr_bringup/config/rs_lidar/RSHELIOS_config.yaml
[0.680s] -- Symlinking: /home/user/roskit_ws/install/gr_bringup/share/gr_bringup/config/zed_f9p.yaml
[0.680s] -- Symlinking: /home/user/roskit_ws/install/gr_bringup/share/gr_bringup/launch/component_gps.launch.py
[0.680s] -- Symlinking: /home/user/roskit_ws/install/gr_bringup/share/gr_bringup/launch/component_imu.launch.py
[0.680s] -- Symlinking: /home/user/roskit_ws/install/gr_bringup/share/gr_bringup/launch/component_livox.launch.py
[0.680s] -- Symlinking: /home/user/roskit_ws/install/gr_bringup/share/gr_bringup/launch/component_ouster.launch.py
[0.680s] -- Symlinking: /home/user/roskit_ws/install/gr_bringup/share/gr_bringup/launch/component_realsense.launch.py
[0.680s] -- Symlinking: /home/user/roskit_ws/install/gr_bringup/share/gr_bringup/launch/component_rs_lidar.launch.py
[0.680s] -- Symlinking: /home/user/roskit_ws/install/gr_bringup/share/gr_bringup/launch/main.launch.py
[0.680s] -- Symlinking: /home/user/roskit_ws/install/gr_bringup/share/gr_bringup/rviz/rviz_livox_realsense.rviz
[0.681s] -- Symlinking: /home/user/roskit_ws/install/gr_bringup/share/gr_bringup/rviz/rviz_ouster_realsense.rviz
[0.681s] -- Symlinking: /home/user/roskit_ws/install/gr_bringup/share/gr_bringup/rviz/rviz_ouster_zed2i.rviz
[0.681s] -- Symlinking: /home/user/roskit_ws/install/gr_bringup/share/gr_bringup/rviz/rviz_rslidar_realsense.rviz
[0.681s] -- Symlinking: /home/user/roskit_ws/install/gr_bringup/share/gr_bringup/rviz/rviz_rslidar_zed2i.rviz
[0.681s] -- Symlinking: /home/user/roskit_ws/install/gr_bringup/share/ament_index/resource_index/package_run_dependencies/gr_bringup
[0.681s] -- Symlinking: /home/user/roskit_ws/install/gr_bringup/share/ament_index/resource_index/parent_prefix_path/gr_bringup
[0.681s] -- Symlinking: /home/user/roskit_ws/install/gr_bringup/share/gr_bringup/environment/ament_prefix_path.sh
[0.687s] -- Symlinking: /home/user/roskit_ws/install/gr_bringup/share/gr_bringup/environment/ament_prefix_path.dsv
[0.693s] -- Symlinking: /home/user/roskit_ws/install/gr_bringup/share/gr_bringup/environment/path.sh
[0.699s] -- Symlinking: /home/user/roskit_ws/install/gr_bringup/share/gr_bringup/environment/path.dsv
[0.704s] -- Symlinking: /home/user/roskit_ws/install/gr_bringup/share/gr_bringup/local_setup.bash
[0.710s] -- Symlinking: /home/user/roskit_ws/install/gr_bringup/share/gr_bringup/local_setup.sh
[0.717s] -- Symlinking: /home/user/roskit_ws/install/gr_bringup/share/gr_bringup/local_setup.zsh
[0.723s] -- Symlinking: /home/user/roskit_ws/install/gr_bringup/share/gr_bringup/local_setup.dsv
[0.729s] -- Symlinking: /home/user/roskit_ws/install/gr_bringup/share/gr_bringup/package.dsv
[0.736s] -- Symlinking: /home/user/roskit_ws/install/gr_bringup/share/ament_index/resource_index/packages/gr_bringup
[0.742s] -- Symlinking: /home/user/roskit_ws/install/gr_bringup/share/gr_bringup/cmake/gr_bringupConfig.cmake
[0.748s] -- Symlinking: /home/user/roskit_ws/install/gr_bringup/share/gr_bringup/cmake/gr_bringupConfig-version.cmake
[0.755s] -- Symlinking: /home/user/roskit_ws/install/gr_bringup/share/gr_bringup/package.xml
[0.769s] Invoked command in '/home/user/roskit_ws/build/gr_bringup' returned '0': CMAKE_PREFIX_PATH=/opt/ros/humble /usr/bin/cmake --install /home/user/roskit_ws/build/gr_bringup
