[0.131s] Invoking command in '/home/user/roskit_ws/build/phidgets_temperature': AMENT_PREFIX_PATH=/home/user/roskit_ws/install/phidgets_api:${AMENT_PREFIX_PATH} CMAKE_PREFIX_PATH=/home/user/roskit_ws/install/phidgets_api:/home/user/roskit_ws/install/libphidget22:/opt/ros/humble:/home/user/roskit_ws/install/ugv_sdk:/home/user/roskit_ws/install/ublox_serialization:/home/user/roskit_ws/install/tracer_msgs:/home/user/roskit_ws/install/scout_msgs:/home/user/roskit_ws/install/scout_description:/home/user/roskit_ws/install/rslidar_msg:/home/user/roskit_ws/install/ranger_msgs:/home/user/roskit_ws/install/ranger_bringup:/home/user/roskit_ws/install/phidgets_msgs:/home/user/roskit_ws/install/ouster_sensor_msgs:/home/user/roskit_ws/install/hunter_msgs:/home/user/roskit_ws/install/gr_description:/home/user/roskit_ws/install/gr_bringup LD_LIBRARY_PATH=/home/user/roskit_ws/install/phidgets_api/lib:${LD_LIBRARY_PATH} /usr/bin/cmake --build /home/user/roskit_ws/build/phidgets_temperature -- -j16 -l16
[0.175s] [35m[1mConsolidate compiler generated dependencies of target phidgets_temperature[0m
[0.194s] [100%] Built target phidgets_temperature
[0.215s] Invoked command in '/home/user/roskit_ws/build/phidgets_temperature' returned '0': AMENT_PREFIX_PATH=/home/user/roskit_ws/install/phidgets_api:${AMENT_PREFIX_PATH} CMAKE_PREFIX_PATH=/home/user/roskit_ws/install/phidgets_api:/home/user/roskit_ws/install/libphidget22:/opt/ros/humble:/home/user/roskit_ws/install/ugv_sdk:/home/user/roskit_ws/install/ublox_serialization:/home/user/roskit_ws/install/tracer_msgs:/home/user/roskit_ws/install/scout_msgs:/home/user/roskit_ws/install/scout_description:/home/user/roskit_ws/install/rslidar_msg:/home/user/roskit_ws/install/ranger_msgs:/home/user/roskit_ws/install/ranger_bringup:/home/user/roskit_ws/install/phidgets_msgs:/home/user/roskit_ws/install/ouster_sensor_msgs:/home/user/roskit_ws/install/hunter_msgs:/home/user/roskit_ws/install/gr_description:/home/user/roskit_ws/install/gr_bringup LD_LIBRARY_PATH=/home/user/roskit_ws/install/phidgets_api/lib:${LD_LIBRARY_PATH} /usr/bin/cmake --build /home/user/roskit_ws/build/phidgets_temperature -- -j16 -l16
[0.218s] Invoking command in '/home/user/roskit_ws/build/phidgets_temperature': AMENT_PREFIX_PATH=/home/user/roskit_ws/install/phidgets_api:${AMENT_PREFIX_PATH} CMAKE_PREFIX_PATH=/home/user/roskit_ws/install/phidgets_api:/home/user/roskit_ws/install/libphidget22:/opt/ros/humble:/home/user/roskit_ws/install/ugv_sdk:/home/user/roskit_ws/install/ublox_serialization:/home/user/roskit_ws/install/tracer_msgs:/home/user/roskit_ws/install/scout_msgs:/home/user/roskit_ws/install/scout_description:/home/user/roskit_ws/install/rslidar_msg:/home/user/roskit_ws/install/ranger_msgs:/home/user/roskit_ws/install/ranger_bringup:/home/user/roskit_ws/install/phidgets_msgs:/home/user/roskit_ws/install/ouster_sensor_msgs:/home/user/roskit_ws/install/hunter_msgs:/home/user/roskit_ws/install/gr_description:/home/user/roskit_ws/install/gr_bringup LD_LIBRARY_PATH=/home/user/roskit_ws/install/phidgets_api/lib:${LD_LIBRARY_PATH} /usr/bin/cmake --install /home/user/roskit_ws/build/phidgets_temperature
[0.294s] -- Install configuration: "Release"
[0.295s] -- Execute custom install script
[0.296s] -- Up-to-date symlink: /home/user/roskit_ws/install/phidgets_temperature/lib/libphidgets_temperature.so
[0.296s] -- Up-to-date symlink: /home/user/roskit_ws/install/phidgets_temperature/include/phidgets_temperature/temperature_ros_i.hpp
[0.297s] -- Up-to-date symlink: /home/user/roskit_ws/install/phidgets_temperature/share/phidgets_temperature/launch/temperature-launch.py
[0.297s] -- Up-to-date symlink: /home/user/roskit_ws/install/phidgets_temperature/share/ament_index/resource_index/package_run_dependencies/phidgets_temperature
[0.297s] -- Up-to-date symlink: /home/user/roskit_ws/install/phidgets_temperature/share/ament_index/resource_index/parent_prefix_path/phidgets_temperature
[0.297s] -- Up-to-date symlink: /home/user/roskit_ws/install/phidgets_temperature/share/phidgets_temperature/environment/ament_prefix_path.sh
[0.297s] -- Up-to-date symlink: /home/user/roskit_ws/install/phidgets_temperature/share/phidgets_temperature/environment/ament_prefix_path.dsv
[0.297s] -- Up-to-date symlink: /home/user/roskit_ws/install/phidgets_temperature/share/phidgets_temperature/environment/path.sh
[0.297s] -- Up-to-date symlink: /home/user/roskit_ws/install/phidgets_temperature/share/phidgets_temperature/environment/path.dsv
[0.297s] -- Up-to-date symlink: /home/user/roskit_ws/install/phidgets_temperature/share/phidgets_temperature/local_setup.bash
[0.298s] -- Up-to-date symlink: /home/user/roskit_ws/install/phidgets_temperature/share/phidgets_temperature/local_setup.sh
[0.298s] -- Up-to-date symlink: /home/user/roskit_ws/install/phidgets_temperature/share/phidgets_temperature/local_setup.zsh
[0.298s] -- Up-to-date symlink: /home/user/roskit_ws/install/phidgets_temperature/share/phidgets_temperature/local_setup.dsv
[0.298s] -- Symlinking: /home/user/roskit_ws/install/phidgets_temperature/share/phidgets_temperature/package.dsv
[0.298s] -- Up-to-date symlink: /home/user/roskit_ws/install/phidgets_temperature/share/ament_index/resource_index/packages/phidgets_temperature
[0.298s] -- Up-to-date symlink: /home/user/roskit_ws/install/phidgets_temperature/share/ament_index/resource_index/rclcpp_components/phidgets_temperature
[0.298s] -- Up-to-date symlink: /home/user/roskit_ws/install/phidgets_temperature/share/phidgets_temperature/cmake/phidgets_temperatureConfig.cmake
[0.298s] -- Up-to-date symlink: /home/user/roskit_ws/install/phidgets_temperature/share/phidgets_temperature/cmake/phidgets_temperatureConfig-version.cmake
[0.298s] -- Up-to-date symlink: /home/user/roskit_ws/install/phidgets_temperature/share/phidgets_temperature/package.xml
[0.355s] Invoked command in '/home/user/roskit_ws/build/phidgets_temperature' returned '0': AMENT_PREFIX_PATH=/home/user/roskit_ws/install/phidgets_api:${AMENT_PREFIX_PATH} CMAKE_PREFIX_PATH=/home/user/roskit_ws/install/phidgets_api:/home/user/roskit_ws/install/libphidget22:/opt/ros/humble:/home/user/roskit_ws/install/ugv_sdk:/home/user/roskit_ws/install/ublox_serialization:/home/user/roskit_ws/install/tracer_msgs:/home/user/roskit_ws/install/scout_msgs:/home/user/roskit_ws/install/scout_description:/home/user/roskit_ws/install/rslidar_msg:/home/user/roskit_ws/install/ranger_msgs:/home/user/roskit_ws/install/ranger_bringup:/home/user/roskit_ws/install/phidgets_msgs:/home/user/roskit_ws/install/ouster_sensor_msgs:/home/user/roskit_ws/install/hunter_msgs:/home/user/roskit_ws/install/gr_description:/home/user/roskit_ws/install/gr_bringup LD_LIBRARY_PATH=/home/user/roskit_ws/install/phidgets_api/lib:${LD_LIBRARY_PATH} /usr/bin/cmake --install /home/user/roskit_ws/build/phidgets_temperature
