[0.075s] Invoking command in '/home/user/roskit_ws/build/phidgets_digital_inputs': AMENT_PREFIX_PATH=/home/user/roskit_ws/install/phidgets_api:${AMENT_PREFIX_PATH} CMAKE_PREFIX_PATH=/home/user/roskit_ws/install/phidgets_api:/home/user/roskit_ws/install/libphidget22:/opt/ros/humble:/home/user/roskit_ws/install/ugv_sdk:/home/user/roskit_ws/install/ublox_serialization:/home/user/roskit_ws/install/tracer_msgs:/home/user/roskit_ws/install/scout_msgs:/home/user/roskit_ws/install/scout_description:/home/user/roskit_ws/install/rslidar_msg:/home/user/roskit_ws/install/ranger_msgs:/home/user/roskit_ws/install/ranger_bringup:/home/user/roskit_ws/install/phidgets_msgs:/home/user/roskit_ws/install/ouster_sensor_msgs:/home/user/roskit_ws/install/hunter_msgs:/home/user/roskit_ws/install/gr_description:/home/user/roskit_ws/install/gr_bringup LD_LIBRARY_PATH=/home/user/roskit_ws/install/phidgets_api/lib:${LD_LIBRARY_PATH} /usr/bin/cmake /home/user/roskit_ws/src/phidgets_drivers/phidgets_digital_inputs -DCMAKE_BUILD_TYPE=Release -DROS_EDITION=ROS2 -DHUMBLE_ROS=humble -DAMENT_CMAKE_SYMLINK_INSTALL=1 -DCMAKE_INSTALL_PREFIX=/home/user/roskit_ws/install/phidgets_digital_inputs
[0.208s] -- The C compiler identification is GNU 11.4.0
[0.208s] -- The CXX compiler identification is GNU 11.4.0
[0.208s] -- Detecting C compiler ABI info
[0.264s] -- Detecting C compiler ABI info - done
[0.275s] -- Check for working C compiler: /usr/lib/ccache/cc - skipped
[0.275s] -- Detecting C compile features
[0.275s] -- Detecting C compile features - done
[0.285s] -- Detecting CXX compiler ABI info
[0.409s] -- Detecting CXX compiler ABI info - done
[0.415s] -- Check for working CXX compiler: /usr/lib/ccache/c++ - skipped
[0.416s] -- Detecting CXX compile features
[0.416s] -- Detecting CXX compile features - done
[0.418s] -- Found ament_cmake_ros: 0.10.0 (/opt/ros/humble/share/ament_cmake_ros/cmake)
[0.630s] -- Found Python3: /usr/bin/python3 (found version "3.10.12") found components: Interpreter 
[0.674s] -- Override CMake install command with custom implementation using symlinks instead of copying resources
[0.698s] -- Found phidgets_api: 2.3.3 (/home/user/roskit_ws/install/phidgets_api/share/phidgets_api/cmake)
[0.703s] -- Found rclcpp: 16.0.14 (/opt/ros/humble/share/rclcpp/cmake)
[0.736s] -- Found rosidl_generator_c: 3.1.7 (/opt/ros/humble/share/rosidl_generator_c/cmake)
[0.742s] -- Found rosidl_adapter: 3.1.7 (/opt/ros/humble/share/rosidl_adapter/cmake)
[0.756s] -- Found rosidl_generator_cpp: 3.1.7 (/opt/ros/humble/share/rosidl_generator_cpp/cmake)
[0.763s] -- Using all available rosidl_typesupport_c: rosidl_typesupport_fastrtps_c;rosidl_typesupport_introspection_c
[0.775s] -- Using all available rosidl_typesupport_cpp: rosidl_typesupport_fastrtps_cpp;rosidl_typesupport_introspection_cpp
[0.816s] -- Found rmw_implementation_cmake: 6.1.2 (/opt/ros/humble/share/rmw_implementation_cmake/cmake)
[0.818s] -- Found rmw_fastrtps_cpp: 6.2.8 (/opt/ros/humble/share/rmw_fastrtps_cpp/cmake)
[0.893s] -- Found OpenSSL: /usr/lib/x86_64-linux-gnu/libcrypto.so (found version "3.0.2")  
[0.923s] -- Found FastRTPS: /opt/ros/humble/include  
[0.967s] -- Using RMW implementation 'rmw_fastrtps_cpp' as default
[0.979s] -- Looking for pthread.h
[1.056s] -- Looking for pthread.h - found
[1.056s] -- Performing Test CMAKE_HAVE_LIBC_PTHREAD
[1.132s] -- Performing Test CMAKE_HAVE_LIBC_PTHREAD - Success
[1.133s] -- Found Threads: TRUE  
[1.168s] -- Found rclcpp_components: 16.0.14 (/opt/ros/humble/share/rclcpp_components/cmake)
[1.312s] -- Configuring done
[1.317s] -- Generating done
[1.318s] [33mCMake Warning:
[1.318s]   Manually-specified variables were not used by the project:
[1.319s] 
[1.319s]     HUMBLE_ROS
[1.319s]     ROS_EDITION
[1.319s] 
[1.319s] [0m
[1.322s] -- Build files have been written to: /home/user/roskit_ws/build/phidgets_digital_inputs
[1.335s] Invoked command in '/home/user/roskit_ws/build/phidgets_digital_inputs' returned '0': AMENT_PREFIX_PATH=/home/user/roskit_ws/install/phidgets_api:${AMENT_PREFIX_PATH} CMAKE_PREFIX_PATH=/home/user/roskit_ws/install/phidgets_api:/home/user/roskit_ws/install/libphidget22:/opt/ros/humble:/home/user/roskit_ws/install/ugv_sdk:/home/user/roskit_ws/install/ublox_serialization:/home/user/roskit_ws/install/tracer_msgs:/home/user/roskit_ws/install/scout_msgs:/home/user/roskit_ws/install/scout_description:/home/user/roskit_ws/install/rslidar_msg:/home/user/roskit_ws/install/ranger_msgs:/home/user/roskit_ws/install/ranger_bringup:/home/user/roskit_ws/install/phidgets_msgs:/home/user/roskit_ws/install/ouster_sensor_msgs:/home/user/roskit_ws/install/hunter_msgs:/home/user/roskit_ws/install/gr_description:/home/user/roskit_ws/install/gr_bringup LD_LIBRARY_PATH=/home/user/roskit_ws/install/phidgets_api/lib:${LD_LIBRARY_PATH} /usr/bin/cmake /home/user/roskit_ws/src/phidgets_drivers/phidgets_digital_inputs -DCMAKE_BUILD_TYPE=Release -DROS_EDITION=ROS2 -DHUMBLE_ROS=humble -DAMENT_CMAKE_SYMLINK_INSTALL=1 -DCMAKE_INSTALL_PREFIX=/home/user/roskit_ws/install/phidgets_digital_inputs
[1.337s] Invoking command in '/home/user/roskit_ws/build/phidgets_digital_inputs': AMENT_PREFIX_PATH=/home/user/roskit_ws/install/phidgets_api:${AMENT_PREFIX_PATH} CMAKE_PREFIX_PATH=/home/user/roskit_ws/install/phidgets_api:/home/user/roskit_ws/install/libphidget22:/opt/ros/humble:/home/user/roskit_ws/install/ugv_sdk:/home/user/roskit_ws/install/ublox_serialization:/home/user/roskit_ws/install/tracer_msgs:/home/user/roskit_ws/install/scout_msgs:/home/user/roskit_ws/install/scout_description:/home/user/roskit_ws/install/rslidar_msg:/home/user/roskit_ws/install/ranger_msgs:/home/user/roskit_ws/install/ranger_bringup:/home/user/roskit_ws/install/phidgets_msgs:/home/user/roskit_ws/install/ouster_sensor_msgs:/home/user/roskit_ws/install/hunter_msgs:/home/user/roskit_ws/install/gr_description:/home/user/roskit_ws/install/gr_bringup LD_LIBRARY_PATH=/home/user/roskit_ws/install/phidgets_api/lib:${LD_LIBRARY_PATH} /usr/bin/cmake --build /home/user/roskit_ws/build/phidgets_digital_inputs -- -j16 -l16
[1.631s] [ 50%] [32mBuilding CXX object CMakeFiles/phidgets_digital_inputs.dir/src/digital_inputs_ros_i.cpp.o[0m
[14.312s] [100%] [32m[1mLinking CXX shared library libphidgets_digital_inputs.so[0m
[14.582s] [100%] Built target phidgets_digital_inputs
[14.622s] Invoked command in '/home/user/roskit_ws/build/phidgets_digital_inputs' returned '0': AMENT_PREFIX_PATH=/home/user/roskit_ws/install/phidgets_api:${AMENT_PREFIX_PATH} CMAKE_PREFIX_PATH=/home/user/roskit_ws/install/phidgets_api:/home/user/roskit_ws/install/libphidget22:/opt/ros/humble:/home/user/roskit_ws/install/ugv_sdk:/home/user/roskit_ws/install/ublox_serialization:/home/user/roskit_ws/install/tracer_msgs:/home/user/roskit_ws/install/scout_msgs:/home/user/roskit_ws/install/scout_description:/home/user/roskit_ws/install/rslidar_msg:/home/user/roskit_ws/install/ranger_msgs:/home/user/roskit_ws/install/ranger_bringup:/home/user/roskit_ws/install/phidgets_msgs:/home/user/roskit_ws/install/ouster_sensor_msgs:/home/user/roskit_ws/install/hunter_msgs:/home/user/roskit_ws/install/gr_description:/home/user/roskit_ws/install/gr_bringup LD_LIBRARY_PATH=/home/user/roskit_ws/install/phidgets_api/lib:${LD_LIBRARY_PATH} /usr/bin/cmake --build /home/user/roskit_ws/build/phidgets_digital_inputs -- -j16 -l16
[14.623s] Invoking command in '/home/user/roskit_ws/build/phidgets_digital_inputs': AMENT_PREFIX_PATH=/home/user/roskit_ws/install/phidgets_api:${AMENT_PREFIX_PATH} CMAKE_PREFIX_PATH=/home/user/roskit_ws/install/phidgets_api:/home/user/roskit_ws/install/libphidget22:/opt/ros/humble:/home/user/roskit_ws/install/ugv_sdk:/home/user/roskit_ws/install/ublox_serialization:/home/user/roskit_ws/install/tracer_msgs:/home/user/roskit_ws/install/scout_msgs:/home/user/roskit_ws/install/scout_description:/home/user/roskit_ws/install/rslidar_msg:/home/user/roskit_ws/install/ranger_msgs:/home/user/roskit_ws/install/ranger_bringup:/home/user/roskit_ws/install/phidgets_msgs:/home/user/roskit_ws/install/ouster_sensor_msgs:/home/user/roskit_ws/install/hunter_msgs:/home/user/roskit_ws/install/gr_description:/home/user/roskit_ws/install/gr_bringup LD_LIBRARY_PATH=/home/user/roskit_ws/install/phidgets_api/lib:${LD_LIBRARY_PATH} /usr/bin/cmake --install /home/user/roskit_ws/build/phidgets_digital_inputs
[16.284s] -- Install configuration: "Release"
[16.284s] -- Execute custom install script
[16.284s] -- Symlinking: /home/user/roskit_ws/install/phidgets_digital_inputs/lib/libphidgets_digital_inputs.so
[16.284s] -- Symlinking: /home/user/roskit_ws/install/phidgets_digital_inputs/include/phidgets_digital_inputs/digital_inputs_ros_i.hpp
[16.285s] -- Symlinking: /home/user/roskit_ws/install/phidgets_digital_inputs/share/phidgets_digital_inputs/launch/digital_inputs-launch.py
[16.285s] -- Symlinking: /home/user/roskit_ws/install/phidgets_digital_inputs/share/ament_index/resource_index/package_run_dependencies/phidgets_digital_inputs
[16.285s] -- Symlinking: /home/user/roskit_ws/install/phidgets_digital_inputs/share/ament_index/resource_index/parent_prefix_path/phidgets_digital_inputs
[16.286s] -- Symlinking: /home/user/roskit_ws/install/phidgets_digital_inputs/share/phidgets_digital_inputs/environment/ament_prefix_path.sh
[16.286s] -- Symlinking: /home/user/roskit_ws/install/phidgets_digital_inputs/share/phidgets_digital_inputs/environment/ament_prefix_path.dsv
[16.286s] -- Symlinking: /home/user/roskit_ws/install/phidgets_digital_inputs/share/phidgets_digital_inputs/environment/path.sh
[16.286s] -- Symlinking: /home/user/roskit_ws/install/phidgets_digital_inputs/share/phidgets_digital_inputs/environment/path.dsv
[16.286s] -- Symlinking: /home/user/roskit_ws/install/phidgets_digital_inputs/share/phidgets_digital_inputs/local_setup.bash
[16.286s] -- Symlinking: /home/user/roskit_ws/install/phidgets_digital_inputs/share/phidgets_digital_inputs/local_setup.sh
[16.286s] -- Symlinking: /home/user/roskit_ws/install/phidgets_digital_inputs/share/phidgets_digital_inputs/local_setup.zsh
[16.286s] -- Symlinking: /home/user/roskit_ws/install/phidgets_digital_inputs/share/phidgets_digital_inputs/local_setup.dsv
[16.286s] -- Symlinking: /home/user/roskit_ws/install/phidgets_digital_inputs/share/phidgets_digital_inputs/package.dsv
[16.286s] -- Symlinking: /home/user/roskit_ws/install/phidgets_digital_inputs/share/ament_index/resource_index/packages/phidgets_digital_inputs
[16.286s] -- Symlinking: /home/user/roskit_ws/install/phidgets_digital_inputs/share/ament_index/resource_index/rclcpp_components/phidgets_digital_inputs
[16.286s] -- Symlinking: /home/user/roskit_ws/install/phidgets_digital_inputs/share/phidgets_digital_inputs/cmake/phidgets_digital_inputsConfig.cmake
[16.286s] -- Symlinking: /home/user/roskit_ws/install/phidgets_digital_inputs/share/phidgets_digital_inputs/cmake/phidgets_digital_inputsConfig-version.cmake
[16.286s] -- Symlinking: /home/user/roskit_ws/install/phidgets_digital_inputs/share/phidgets_digital_inputs/package.xml
[16.361s] Invoked command in '/home/user/roskit_ws/build/phidgets_digital_inputs' returned '0': AMENT_PREFIX_PATH=/home/user/roskit_ws/install/phidgets_api:${AMENT_PREFIX_PATH} CMAKE_PREFIX_PATH=/home/user/roskit_ws/install/phidgets_api:/home/user/roskit_ws/install/libphidget22:/opt/ros/humble:/home/user/roskit_ws/install/ugv_sdk:/home/user/roskit_ws/install/ublox_serialization:/home/user/roskit_ws/install/tracer_msgs:/home/user/roskit_ws/install/scout_msgs:/home/user/roskit_ws/install/scout_description:/home/user/roskit_ws/install/rslidar_msg:/home/user/roskit_ws/install/ranger_msgs:/home/user/roskit_ws/install/ranger_bringup:/home/user/roskit_ws/install/phidgets_msgs:/home/user/roskit_ws/install/ouster_sensor_msgs:/home/user/roskit_ws/install/hunter_msgs:/home/user/roskit_ws/install/gr_description:/home/user/roskit_ws/install/gr_bringup LD_LIBRARY_PATH=/home/user/roskit_ws/install/phidgets_api/lib:${LD_LIBRARY_PATH} /usr/bin/cmake --install /home/user/roskit_ws/build/phidgets_digital_inputs
