[0.027s] Invoking command in '/home/user/roskit_ws/build/ouster_sensor_msgs': /usr/bin/cmake /home/user/roskit_ws/src/ouster-ros/ouster-sensor-msgs -DCMAKE_BUILD_TYPE=Release -DAMENT_CMAKE_SYMLINK_INSTALL=1 -DCMAKE_INSTALL_PREFIX=/home/user/roskit_ws/install/ouster_sensor_msgs
[0.064s] -- The C compiler identification is GNU 11.4.0
[0.127s] -- The CXX compiler identification is GNU 11.4.0
[0.134s] -- Detecting C compiler ABI info
[0.179s] -- Detecting C compiler ABI info - done
[0.185s] -- Check for working C compiler: /usr/lib/ccache/cc - skipped
[0.185s] -- Detecting C compile features
[0.185s] -- Detecting C compile features - done
[0.187s] -- Detecting CXX compiler ABI info
[0.240s] -- Detecting CXX compiler ABI info - done
[0.252s] -- Check for working CXX compiler: /usr/lib/ccache/c++ - skipped
[0.252s] -- Detecting CXX compile features
[0.252s] -- Detecting CXX compile features - done
[0.266s] -- Configuring incomplete, errors occurred!
[0.266s] See also "/home/user/roskit_ws/build/ouster_sensor_msgs/CMakeFiles/CMakeOutput.log".
[0.267s] [31mCMake Error at CMakeLists.txt:5 (find_package):
[0.267s]   By not providing "Findament_cmake.cmake" in CMAKE_MODULE_PATH this project
[0.267s]   has asked CMake to find a package configuration file provided by
[0.267s]   "ament_cmake", but CMake did not find one.
[0.267s] 
[0.267s]   Could not find a package configuration file provided by "ament_cmake" with
[0.267s]   any of the following names:
[0.267s] 
[0.267s]     ament_cmakeConfig.cmake
[0.267s]     ament_cmake-config.cmake
[0.267s] 
[0.267s]   Add the installation prefix of "ament_cmake" to CMAKE_PREFIX_PATH or set
[0.267s]   "ament_cmake_DIR" to a directory containing one of the above files.  If
[0.267s]   "ament_cmake" provides a separate development package or SDK, be sure it
[0.267s]   has been installed.
[0.267s] 
[0.267s] [0m
