-- Found ament_cmake: 1.3.12 (/opt/ros/humble/share/ament_cmake/cmake)
-- Override CMake install command with custom implementation using symlinks instead of copying resources
-- Found rclcpp: 16.0.14 (/opt/ros/humble/share/rclcpp/cmake)
-- Found rosidl_generator_c: 3.1.7 (/opt/ros/humble/share/rosidl_generator_c/cmake)
-- Found rosidl_adapter: 3.1.7 (/opt/ros/humble/share/rosidl_adapter/cmake)
-- Found rosidl_generator_cpp: 3.1.7 (/opt/ros/humble/share/rosidl_generator_cpp/cmake)
-- Using all available rosidl_typesupport_c: rosidl_typesupport_fastrtps_c;rosidl_typesupport_introspection_c
-- Using all available rosidl_typesupport_cpp: rosidl_typesupport_fastrtps_cpp;rosidl_typesupport_introspection_cpp
-- Found rmw_implementation_cmake: 6.1.2 (/opt/ros/humble/share/rmw_implementation_cmake/cmake)
-- Found rmw_fastrtps_cpp: 6.2.8 (/opt/ros/humble/share/rmw_fastrtps_cpp/cmake)
-- Using RMW implementation 'rmw_fastrtps_cpp' as default
-- Found geometry_msgs: 4.9.0 (/opt/ros/humble/share/geometry_msgs/cmake)
-- Found nav_msgs: 4.9.0 (/opt/ros/humble/share/nav_msgs/cmake)
-- Found sensor_msgs: 4.9.0 (/opt/ros/humble/share/sensor_msgs/cmake)
-- Found tf2: 0.25.16 (/opt/ros/humble/share/tf2/cmake)
-- Found tf2_ros: 0.25.16 (/opt/ros/humble/share/tf2_ros/cmake)
-- Found tf2_geometry_msgs: 0.25.16 (/opt/ros/humble/share/tf2_geometry_msgs/cmake)
-- Found eigen3_cmake_module: 0.1.1 (/opt/ros/humble/share/eigen3_cmake_module/cmake)
-- Ensuring Eigen3 include directory is part of orocos-kdl CMake target
-- Found hunter_msgs: 0.0.1 (/home/user/roskit_ws/install/hunter_msgs/share/hunter_msgs/cmake)
-- Found ament_lint_auto: 0.12.14 (/opt/ros/humble/share/ament_lint_auto/cmake)
-- Added test 'copyright' to check source files copyright and LICENSE
-- Added test 'cppcheck' to perform static code analysis on C / C++ code
-- Configured cppcheck include dirs: /home/user/roskit_ws/src/hunter_ros2/hunter_base/include
-- Configured cppcheck exclude dirs and/or files: 
-- Added test 'cpplint' to check C / C++ code against the Google style
-- Configured cpplint exclude dirs and/or files: 
-- Added test 'flake8' to check Python code syntax and style conventions
-- Added test 'lint_cmake' to check CMake code style
-- Added test 'pep257' to check Python code against some of the docstring style conventions in PEP 257
-- Added test 'uncrustify' to check C / C++ code style
-- Configured uncrustify additional arguments: 
-- Added test 'xmllint' to check XML markup files
-- Configuring done
-- Generating done
[33mCMake Warning:
  Manually-specified variables were not used by the project:

    HUMBLE_ROS
    ROS_EDITION

[0m
-- Build files have been written to: /home/user/roskit_ws/build/hunter_base
In file included from [01m[K/home/user/roskit_ws/src/hunter_ros2/hunter_base/ascent/include/ascent/Recorder.h:25[m[K,
                 from [01m[K/home/user/roskit_ws/src/hunter_ros2/hunter_base/ascent/include/ascent/Ascent.h:17[m[K,
                 from [01m[K/home/user/roskit_ws/src/hunter_ros2/hunter_base/include/hunter_base/bicycle_model.hpp:19[m[K,
                 from [01m[K/home/user/roskit_ws/src/hunter_ros2/hunter_base/src/bicycle_model.cpp:10[m[K:
[01m[K/home/user/roskit_ws/src/hunter_ros2/hunter_base/ascent/include/ascent/containers/stack.h:54:7:[m[K [01;35m[Kwarning: [m[Ktype qualifiers ignored on function return type [[01;35m[K-Wignored-qualifiers[m[K]
   54 |       [01;35m[Kconst[m[K pointer operator->() const noexcept
      |       [01;35m[K^~~~~[m[K
[01m[K/home/user/roskit_ws/src/hunter_ros2/hunter_base/ascent/include/ascent/containers/stack.h:113:7:[m[K [01;35m[Kwarning: [m[Ktype qualifiers ignored on function return type [[01;35m[K-Wignored-qualifiers[m[K]
  113 |       [01;35m[Kconst[m[K pointer operator->() const
      |       [01;35m[K^~~~~[m[K
In file included from [01m[K/home/user/roskit_ws/src/hunter_ros2/hunter_base/ascent/include/ascent/integrators/RK2.h:17[m[K,
                 from [01m[K/home/user/roskit_ws/src/hunter_ros2/hunter_base/ascent/include/ascent/Ascent.h:26[m[K,
                 from [01m[K/home/user/roskit_ws/src/hunter_ros2/hunter_base/include/hunter_base/bicycle_model.hpp:19[m[K,
                 from [01m[K/home/user/roskit_ws/src/hunter_ros2/hunter_base/src/bicycle_model.cpp:10[m[K:
[01m[K/home/user/roskit_ws/src/hunter_ros2/hunter_base/ascent/include/ascent/Utility.h:25:14:[m[K [01;35m[Kwarning: [m[Ktype qualifiers ignored on function return type [[01;35m[K-Wignored-qualifiers[m[K]
   25 |    constexpr [01;35m[Kconst[m[K value_t cx(long double v) { return static_cast<value_t>(v); }
      |              [01;35m[K^~~~~[m[K
[01m[K/home/user/roskit_ws/src/hunter_ros2/hunter_base/ascent/include/ascent/Utility.h:26:14:[m[K [01;35m[Kwarning: [m[Ktype qualifiers ignored on function return type [[01;35m[K-Wignored-qualifiers[m[K]
   26 |    constexpr [01;35m[Kconst[m[K value_t operator"" _v(long double v) { return static_cast<value_t>(v); }
      |              [01;35m[K^~~~~[m[K
[ 25%] [32mBuilding CXX object CMakeFiles/hunter_base_node.dir/src/hunter_base_ros.cpp.o[0m
[ 50%] [32mBuilding CXX object CMakeFiles/hunter_base_node.dir/src/hunter_base_node.cpp.o[0m
[ 75%] [32mBuilding CXX object CMakeFiles/hunter_base_node.dir/src/bicycle_model.cpp.o[0m
In file included from [01m[K/home/user/roskit_ws/src/hunter_ros2/hunter_base/ascent/include/ascent/Recorder.h:25[m[K,
                 from [01m[K/home/user/roskit_ws/src/hunter_ros2/hunter_base/ascent/include/ascent/Ascent.h:17[m[K,
                 from [01m[K/home/user/roskit_ws/src/hunter_ros2/hunter_base/include/hunter_base/hunter_messenger.hpp:23[m[K,
                 from [01m[K/home/user/roskit_ws/src/hunter_ros2/hunter_base/src/hunter_base_ros.cpp:12[m[K:
[01m[K/home/user/roskit_ws/src/hunter_ros2/hunter_base/ascent/include/ascent/containers/stack.h:54:7:[m[K [01;35m[Kwarning: [m[Ktype qualifiers ignored on function return type [[01;35m[K-Wignored-qualifiers[m[K]
   54 |       [01;35m[Kconst[m[K pointer operator->() const noexcept
      |       [01;35m[K^~~~~[m[K
[01m[K/home/user/roskit_ws/src/hunter_ros2/hunter_base/ascent/include/ascent/containers/stack.h:113:7:[m[K [01;35m[Kwarning: [m[Ktype qualifiers ignored on function return type [[01;35m[K-Wignored-qualifiers[m[K]
  113 |       [01;35m[Kconst[m[K pointer operator->() const
      |       [01;35m[K^~~~~[m[K
In file included from [01m[K/home/user/roskit_ws/src/hunter_ros2/hunter_base/ascent/include/ascent/integrators/RK2.h:17[m[K,
                 from [01m[K/home/user/roskit_ws/src/hunter_ros2/hunter_base/ascent/include/ascent/Ascent.h:26[m[K,
                 from [01m[K/home/user/roskit_ws/src/hunter_ros2/hunter_base/include/hunter_base/hunter_messenger.hpp:23[m[K,
                 from [01m[K/home/user/roskit_ws/src/hunter_ros2/hunter_base/src/hunter_base_ros.cpp:12[m[K:
[01m[K/home/user/roskit_ws/src/hunter_ros2/hunter_base/ascent/include/ascent/Utility.h:25:14:[m[K [01;35m[Kwarning: [m[Ktype qualifiers ignored on function return type [[01;35m[K-Wignored-qualifiers[m[K]
   25 |    constexpr [01;35m[Kconst[m[K value_t cx(long double v) { return static_cast<value_t>(v); }
      |              [01;35m[K^~~~~[m[K
[01m[K/home/user/roskit_ws/src/hunter_ros2/hunter_base/ascent/include/ascent/Utility.h:26:14:[m[K [01;35m[Kwarning: [m[Ktype qualifiers ignored on function return type [[01;35m[K-Wignored-qualifiers[m[K]
   26 |    constexpr [01;35m[Kconst[m[K value_t operator"" _v(long double v) { return static_cast<value_t>(v); }
      |              [01;35m[K^~~~~[m[K
[100%] [32m[1mLinking CXX executable hunter_base_node[0m
[100%] Built target hunter_base_node
-- Install configuration: "Release"
-- Execute custom install script
-- Symlinking: /home/user/roskit_ws/install/hunter_base/share/ascent/cmake/ascentConfig.cmake
-- Symlinking: /home/user/roskit_ws/install/hunter_base/share/ascent/cmake/ascentConfigVersion.cmake
-- Symlinking: /home/user/roskit_ws/install/hunter_base/include/ascent/Ascent.h
-- Symlinking: /home/user/roskit_ws/install/hunter_base/include/ascent/ChaiEngine.h
-- Symlinking: /home/user/roskit_ws/install/hunter_base/include/ascent/Param.h
-- Symlinking: /home/user/roskit_ws/install/hunter_base/include/ascent/ParamV.h
-- Symlinking: /home/user/roskit_ws/install/hunter_base/include/ascent/Recorder.h
-- Symlinking: /home/user/roskit_ws/install/hunter_base/include/ascent/System.h
-- Symlinking: /home/user/roskit_ws/install/hunter_base/include/ascent/Utility.h
-- Symlinking: /home/user/roskit_ws/install/hunter_base/include/ascent/Vector.h
-- Symlinking: /home/user/roskit_ws/install/hunter_base/include/ascent/algorithms/Derivative.h
-- Symlinking: /home/user/roskit_ws/install/hunter_base/include/ascent/containers/stack.h
-- Symlinking: /home/user/roskit_ws/install/hunter_base/include/ascent/direct/State.h
-- Symlinking: /home/user/roskit_ws/install/hunter_base/include/ascent/integrators/DOPRI45.h
-- Symlinking: /home/user/roskit_ws/install/hunter_base/include/ascent/integrators/Euler.h
-- Symlinking: /home/user/roskit_ws/install/hunter_base/include/ascent/integrators/Midpoint.h
-- Symlinking: /home/user/roskit_ws/install/hunter_base/include/ascent/integrators/PC233.h
-- Symlinking: /home/user/roskit_ws/install/hunter_base/include/ascent/integrators/RK2.h
-- Symlinking: /home/user/roskit_ws/install/hunter_base/include/ascent/integrators/RK4.h
-- Symlinking: /home/user/roskit_ws/install/hunter_base/include/ascent/integrators/RKMM.h
-- Symlinking: /home/user/roskit_ws/install/hunter_base/include/ascent/integrators/RTAM4.h
-- Symlinking: /home/user/roskit_ws/install/hunter_base/include/ascent/integrators_direct/Euler.h
-- Symlinking: /home/user/roskit_ws/install/hunter_base/include/ascent/integrators_direct/RK4.h
-- Symlinking: /home/user/roskit_ws/install/hunter_base/include/ascent/integrators_modular/DOPRI45.h
-- Symlinking: /home/user/roskit_ws/install/hunter_base/include/ascent/integrators_modular/Euler.h
-- Symlinking: /home/user/roskit_ws/install/hunter_base/include/ascent/integrators_modular/Heun.h
-- Symlinking: /home/user/roskit_ws/install/hunter_base/include/ascent/integrators_modular/Midpoint.h
-- Symlinking: /home/user/roskit_ws/install/hunter_base/include/ascent/integrators_modular/ModularIntegrators.h
-- Symlinking: /home/user/roskit_ws/install/hunter_base/include/ascent/integrators_modular/NCRK4.h
-- Symlinking: /home/user/roskit_ws/install/hunter_base/include/ascent/integrators_modular/PC233.h
-- Symlinking: /home/user/roskit_ws/install/hunter_base/include/ascent/integrators_modular/RK2.h
-- Symlinking: /home/user/roskit_ws/install/hunter_base/include/ascent/integrators_modular/RK3.h
-- Symlinking: /home/user/roskit_ws/install/hunter_base/include/ascent/integrators_modular/RK4.h
-- Symlinking: /home/user/roskit_ws/install/hunter_base/include/ascent/integrators_modular/RTAM2.h
-- Symlinking: /home/user/roskit_ws/install/hunter_base/include/ascent/integrators_modular/RTAM3.h
-- Symlinking: /home/user/roskit_ws/install/hunter_base/include/ascent/integrators_modular/RTAM4.h
-- Symlinking: /home/user/roskit_ws/install/hunter_base/include/ascent/modular/Link.h
-- Symlinking: /home/user/roskit_ws/install/hunter_base/include/ascent/modular/Module.h
-- Symlinking: /home/user/roskit_ws/install/hunter_base/include/ascent/threading/Pool.h
-- Symlinking: /home/user/roskit_ws/install/hunter_base/include/ascent/threading/Queue.h
-- Symlinking: /home/user/roskit_ws/install/hunter_base/include/ascent/timing/Sampler.h
-- Symlinking: /home/user/roskit_ws/install/hunter_base/include/ascent/timing/TimeAdvanced.h
-- Symlinking: /home/user/roskit_ws/install/hunter_base/include/ascent/timing/Timing.h
-- Symlinking: /home/user/roskit_ws/install/hunter_base/lib/hunter_base/hunter_base_node
-- Symlinking: /home/user/roskit_ws/install/hunter_base/share/hunter_base//launch/hunter_base.launch.py
-- Symlinking: /home/user/roskit_ws/install/hunter_base/share/ament_index/resource_index/package_run_dependencies/hunter_base
-- Symlinking: /home/user/roskit_ws/install/hunter_base/share/ament_index/resource_index/parent_prefix_path/hunter_base
-- Symlinking: /home/user/roskit_ws/install/hunter_base/share/hunter_base/environment/ament_prefix_path.sh
-- Symlinking: /home/user/roskit_ws/install/hunter_base/share/hunter_base/environment/ament_prefix_path.dsv
-- Symlinking: /home/user/roskit_ws/install/hunter_base/share/hunter_base/environment/path.sh
-- Symlinking: /home/user/roskit_ws/install/hunter_base/share/hunter_base/environment/path.dsv
-- Symlinking: /home/user/roskit_ws/install/hunter_base/share/hunter_base/local_setup.bash
-- Symlinking: /home/user/roskit_ws/install/hunter_base/share/hunter_base/local_setup.sh
-- Symlinking: /home/user/roskit_ws/install/hunter_base/share/hunter_base/local_setup.zsh
-- Symlinking: /home/user/roskit_ws/install/hunter_base/share/hunter_base/local_setup.dsv
-- Symlinking: /home/user/roskit_ws/install/hunter_base/share/hunter_base/package.dsv
-- Symlinking: /home/user/roskit_ws/install/hunter_base/share/ament_index/resource_index/packages/hunter_base
-- Symlinking: /home/user/roskit_ws/install/hunter_base/share/hunter_base/cmake/hunter_baseConfig.cmake
-- Symlinking: /home/user/roskit_ws/install/hunter_base/share/hunter_base/cmake/hunter_baseConfig-version.cmake
-- Symlinking: /home/user/roskit_ws/install/hunter_base/share/hunter_base/package.xml
-- Installing: /home/user/roskit_ws/install/hunter_base/share/ascent/cmake/ascentTargets.cmake
