[0.009s] Invoking command in '/home/user/roskit_ws/build/hunter_base': CMAKE_PREFIX_PATH=/opt/ros/humble:/home/user/roskit_ws/install/ugv_sdk:/home/user/roskit_ws/install/hunter_msgs:/home/user/roskit_ws/install/ublox_serialization:/home/user/roskit_ws/install/tracer_msgs:/home/user/roskit_ws/install/scout_msgs:/home/user/roskit_ws/install/scout_description:/home/user/roskit_ws/install/rslidar_msg:/home/user/roskit_ws/install/ranger_msgs:/home/user/roskit_ws/install/ranger_bringup:/home/user/roskit_ws/install/phidgets_msgs:/home/user/roskit_ws/install/ouster_sensor_msgs:/home/user/roskit_ws/install/libphidget22:/home/user/roskit_ws/install/gr_description:/home/user/roskit_ws/install/gr_bringup LD_LIBRARY_PATH=/home/user/roskit_ws/install/hunter_msgs/lib:/home/user/roskit_ws/install/tracer_msgs/lib:/home/user/roskit_ws/install/scout_msgs/lib:/home/user/roskit_ws/install/rslidar_msg/lib:/home/user/roskit_ws/install/ranger_msgs/lib:/home/user/roskit_ws/install/phidgets_msgs/lib:/home/user/roskit_ws/install/ouster_sensor_msgs/lib:/home/user/roskit_ws/install/livox_sdk2/lib:/home/user/roskit_ws/install/libphidget22/opt/libphidget22/lib:/usr/lib/x86_64-linux-gnu/gazebo-11/plugins:/opt/ros/humble/opt/rviz_ogre_vendor/lib:/opt/ros/humble/lib/x86_64-linux-gnu:/opt/ros/humble/lib /usr/bin/cmake /home/user/roskit_ws/src/hunter_ros2/hunter_base -DCMAKE_BUILD_TYPE=Release -DROS_EDITION=ROS2 -DHUMBLE_ROS=humble -DAMENT_CMAKE_SYMLINK_INSTALL=1 -DCMAKE_INSTALL_PREFIX=/home/user/roskit_ws/install/hunter_base
[0.400s] -- Found ament_cmake: 1.3.12 (/opt/ros/humble/share/ament_cmake/cmake)
[0.400s] -- Override CMake install command with custom implementation using symlinks instead of copying resources
[0.400s] -- Found rclcpp: 16.0.14 (/opt/ros/humble/share/rclcpp/cmake)
[0.400s] -- Found rosidl_generator_c: 3.1.7 (/opt/ros/humble/share/rosidl_generator_c/cmake)
[0.400s] -- Found rosidl_adapter: 3.1.7 (/opt/ros/humble/share/rosidl_adapter/cmake)
[0.400s] -- Found rosidl_generator_cpp: 3.1.7 (/opt/ros/humble/share/rosidl_generator_cpp/cmake)
[0.401s] -- Using all available rosidl_typesupport_c: rosidl_typesupport_fastrtps_c;rosidl_typesupport_introspection_c
[0.401s] -- Using all available rosidl_typesupport_cpp: rosidl_typesupport_fastrtps_cpp;rosidl_typesupport_introspection_cpp
[0.401s] -- Found rmw_implementation_cmake: 6.1.2 (/opt/ros/humble/share/rmw_implementation_cmake/cmake)
[0.401s] -- Found rmw_fastrtps_cpp: 6.2.8 (/opt/ros/humble/share/rmw_fastrtps_cpp/cmake)
[0.401s] -- Using RMW implementation 'rmw_fastrtps_cpp' as default
[0.401s] -- Found geometry_msgs: 4.9.0 (/opt/ros/humble/share/geometry_msgs/cmake)
[0.401s] -- Found nav_msgs: 4.9.0 (/opt/ros/humble/share/nav_msgs/cmake)
[0.401s] -- Found sensor_msgs: 4.9.0 (/opt/ros/humble/share/sensor_msgs/cmake)
[0.401s] -- Found tf2: 0.25.16 (/opt/ros/humble/share/tf2/cmake)
[0.401s] -- Found tf2_ros: 0.25.16 (/opt/ros/humble/share/tf2_ros/cmake)
[0.401s] -- Found tf2_geometry_msgs: 0.25.16 (/opt/ros/humble/share/tf2_geometry_msgs/cmake)
[0.401s] -- Found eigen3_cmake_module: 0.1.1 (/opt/ros/humble/share/eigen3_cmake_module/cmake)
[0.401s] -- Ensuring Eigen3 include directory is part of orocos-kdl CMake target
[0.401s] -- Found hunter_msgs: 0.0.1 (/home/user/roskit_ws/install/hunter_msgs/share/hunter_msgs/cmake)
[0.413s] -- Found ament_lint_auto: 0.12.14 (/opt/ros/humble/share/ament_lint_auto/cmake)
[0.472s] -- Added test 'copyright' to check source files copyright and LICENSE
[0.472s] -- Added test 'cppcheck' to perform static code analysis on C / C++ code
[0.472s] -- Configured cppcheck include dirs: /home/user/roskit_ws/src/hunter_ros2/hunter_base/include
[0.472s] -- Configured cppcheck exclude dirs and/or files: 
[0.473s] -- Added test 'cpplint' to check C / C++ code against the Google style
[0.473s] -- Configured cpplint exclude dirs and/or files: 
[0.473s] -- Added test 'flake8' to check Python code syntax and style conventions
[0.473s] -- Added test 'lint_cmake' to check CMake code style
[0.473s] -- Added test 'pep257' to check Python code against some of the docstring style conventions in PEP 257
[0.475s] -- Added test 'uncrustify' to check C / C++ code style
[0.476s] -- Configured uncrustify additional arguments: 
[0.476s] -- Added test 'xmllint' to check XML markup files
[0.476s] -- Configuring done
[0.489s] -- Generating done
[0.492s] [33mCMake Warning:
[0.492s]   Manually-specified variables were not used by the project:
[0.492s] 
[0.492s]     HUMBLE_ROS
[0.492s]     ROS_EDITION
[0.492s] 
[0.492s] [0m
[0.493s] -- Build files have been written to: /home/user/roskit_ws/build/hunter_base
[0.521s] Invoked command in '/home/user/roskit_ws/build/hunter_base' returned '0': CMAKE_PREFIX_PATH=/opt/ros/humble:/home/user/roskit_ws/install/ugv_sdk:/home/user/roskit_ws/install/hunter_msgs:/home/user/roskit_ws/install/ublox_serialization:/home/user/roskit_ws/install/tracer_msgs:/home/user/roskit_ws/install/scout_msgs:/home/user/roskit_ws/install/scout_description:/home/user/roskit_ws/install/rslidar_msg:/home/user/roskit_ws/install/ranger_msgs:/home/user/roskit_ws/install/ranger_bringup:/home/user/roskit_ws/install/phidgets_msgs:/home/user/roskit_ws/install/ouster_sensor_msgs:/home/user/roskit_ws/install/libphidget22:/home/user/roskit_ws/install/gr_description:/home/user/roskit_ws/install/gr_bringup LD_LIBRARY_PATH=/home/user/roskit_ws/install/hunter_msgs/lib:/home/user/roskit_ws/install/tracer_msgs/lib:/home/user/roskit_ws/install/scout_msgs/lib:/home/user/roskit_ws/install/rslidar_msg/lib:/home/user/roskit_ws/install/ranger_msgs/lib:/home/user/roskit_ws/install/phidgets_msgs/lib:/home/user/roskit_ws/install/ouster_sensor_msgs/lib:/home/user/roskit_ws/install/livox_sdk2/lib:/home/user/roskit_ws/install/libphidget22/opt/libphidget22/lib:/usr/lib/x86_64-linux-gnu/gazebo-11/plugins:/opt/ros/humble/opt/rviz_ogre_vendor/lib:/opt/ros/humble/lib/x86_64-linux-gnu:/opt/ros/humble/lib /usr/bin/cmake /home/user/roskit_ws/src/hunter_ros2/hunter_base -DCMAKE_BUILD_TYPE=Release -DROS_EDITION=ROS2 -DHUMBLE_ROS=humble -DAMENT_CMAKE_SYMLINK_INSTALL=1 -DCMAKE_INSTALL_PREFIX=/home/user/roskit_ws/install/hunter_base
[0.522s] Invoking command in '/home/user/roskit_ws/build/hunter_base': CMAKE_PREFIX_PATH=/opt/ros/humble:/home/user/roskit_ws/install/ugv_sdk:/home/user/roskit_ws/install/hunter_msgs:/home/user/roskit_ws/install/ublox_serialization:/home/user/roskit_ws/install/tracer_msgs:/home/user/roskit_ws/install/scout_msgs:/home/user/roskit_ws/install/scout_description:/home/user/roskit_ws/install/rslidar_msg:/home/user/roskit_ws/install/ranger_msgs:/home/user/roskit_ws/install/ranger_bringup:/home/user/roskit_ws/install/phidgets_msgs:/home/user/roskit_ws/install/ouster_sensor_msgs:/home/user/roskit_ws/install/libphidget22:/home/user/roskit_ws/install/gr_description:/home/user/roskit_ws/install/gr_bringup LD_LIBRARY_PATH=/home/user/roskit_ws/install/hunter_msgs/lib:/home/user/roskit_ws/install/tracer_msgs/lib:/home/user/roskit_ws/install/scout_msgs/lib:/home/user/roskit_ws/install/rslidar_msg/lib:/home/user/roskit_ws/install/ranger_msgs/lib:/home/user/roskit_ws/install/phidgets_msgs/lib:/home/user/roskit_ws/install/ouster_sensor_msgs/lib:/home/user/roskit_ws/install/livox_sdk2/lib:/home/user/roskit_ws/install/libphidget22/opt/libphidget22/lib:/usr/lib/x86_64-linux-gnu/gazebo-11/plugins:/opt/ros/humble/opt/rviz_ogre_vendor/lib:/opt/ros/humble/lib/x86_64-linux-gnu:/opt/ros/humble/lib /usr/bin/cmake --build /home/user/roskit_ws/build/hunter_base -- -j16 -l16
[2.172s] In file included from [01m[K/home/user/roskit_ws/src/hunter_ros2/hunter_base/ascent/include/ascent/Recorder.h:25[m[K,
[2.172s]                  from [01m[K/home/user/roskit_ws/src/hunter_ros2/hunter_base/ascent/include/ascent/Ascent.h:17[m[K,
[2.172s]                  from [01m[K/home/user/roskit_ws/src/hunter_ros2/hunter_base/include/hunter_base/bicycle_model.hpp:19[m[K,
[2.172s]                  from [01m[K/home/user/roskit_ws/src/hunter_ros2/hunter_base/src/bicycle_model.cpp:10[m[K:
[2.172s] [01m[K/home/user/roskit_ws/src/hunter_ros2/hunter_base/ascent/include/ascent/containers/stack.h:54:7:[m[K [01;35m[Kwarning: [m[Ktype qualifiers ignored on function return type [[01;35m[K-Wignored-qualifiers[m[K]
[2.172s]    54 |       [01;35m[Kconst[m[K pointer operator->() const noexcept
[2.172s]       |       [01;35m[K^~~~~[m[K
[2.172s] [01m[K/home/user/roskit_ws/src/hunter_ros2/hunter_base/ascent/include/ascent/containers/stack.h:113:7:[m[K [01;35m[Kwarning: [m[Ktype qualifiers ignored on function return type [[01;35m[K-Wignored-qualifiers[m[K]
[2.172s]   113 |       [01;35m[Kconst[m[K pointer operator->() const
[2.172s]       |       [01;35m[K^~~~~[m[K
[2.173s] In file included from [01m[K/home/user/roskit_ws/src/hunter_ros2/hunter_base/ascent/include/ascent/integrators/RK2.h:17[m[K,
[2.173s]                  from [01m[K/home/user/roskit_ws/src/hunter_ros2/hunter_base/ascent/include/ascent/Ascent.h:26[m[K,
[2.173s]                  from [01m[K/home/user/roskit_ws/src/hunter_ros2/hunter_base/include/hunter_base/bicycle_model.hpp:19[m[K,
[2.173s]                  from [01m[K/home/user/roskit_ws/src/hunter_ros2/hunter_base/src/bicycle_model.cpp:10[m[K:
[2.173s] [01m[K/home/user/roskit_ws/src/hunter_ros2/hunter_base/ascent/include/ascent/Utility.h:25:14:[m[K [01;35m[Kwarning: [m[Ktype qualifiers ignored on function return type [[01;35m[K-Wignored-qualifiers[m[K]
[2.173s]    25 |    constexpr [01;35m[Kconst[m[K value_t cx(long double v) { return static_cast<value_t>(v); }
[2.173s]       |              [01;35m[K^~~~~[m[K
[2.173s] [01m[K/home/user/roskit_ws/src/hunter_ros2/hunter_base/ascent/include/ascent/Utility.h:26:14:[m[K [01;35m[Kwarning: [m[Ktype qualifiers ignored on function return type [[01;35m[K-Wignored-qualifiers[m[K]
[2.173s]    26 |    constexpr [01;35m[Kconst[m[K value_t operator"" _v(long double v) { return static_cast<value_t>(v); }
[2.173s]       |              [01;35m[K^~~~~[m[K
[2.173s] [ 25%] [32mBuilding CXX object CMakeFiles/hunter_base_node.dir/src/hunter_base_ros.cpp.o[0m
[2.173s] [ 50%] [32mBuilding CXX object CMakeFiles/hunter_base_node.dir/src/hunter_base_node.cpp.o[0m
[2.173s] [ 75%] [32mBuilding CXX object CMakeFiles/hunter_base_node.dir/src/bicycle_model.cpp.o[0m
[19.249s] In file included from [01m[K/home/user/roskit_ws/src/hunter_ros2/hunter_base/ascent/include/ascent/Recorder.h:25[m[K,
[19.249s]                  from [01m[K/home/user/roskit_ws/src/hunter_ros2/hunter_base/ascent/include/ascent/Ascent.h:17[m[K,
[19.249s]                  from [01m[K/home/user/roskit_ws/src/hunter_ros2/hunter_base/include/hunter_base/hunter_messenger.hpp:23[m[K,
[19.249s]                  from [01m[K/home/user/roskit_ws/src/hunter_ros2/hunter_base/src/hunter_base_ros.cpp:12[m[K:
[19.249s] [01m[K/home/user/roskit_ws/src/hunter_ros2/hunter_base/ascent/include/ascent/containers/stack.h:54:7:[m[K [01;35m[Kwarning: [m[Ktype qualifiers ignored on function return type [[01;35m[K-Wignored-qualifiers[m[K]
[19.249s]    54 |       [01;35m[Kconst[m[K pointer operator->() const noexcept
[19.249s]       |       [01;35m[K^~~~~[m[K
[19.249s] [01m[K/home/user/roskit_ws/src/hunter_ros2/hunter_base/ascent/include/ascent/containers/stack.h:113:7:[m[K [01;35m[Kwarning: [m[Ktype qualifiers ignored on function return type [[01;35m[K-Wignored-qualifiers[m[K]
[19.249s]   113 |       [01;35m[Kconst[m[K pointer operator->() const
[19.249s]       |       [01;35m[K^~~~~[m[K
[19.249s] In file included from [01m[K/home/user/roskit_ws/src/hunter_ros2/hunter_base/ascent/include/ascent/integrators/RK2.h:17[m[K,
[19.249s]                  from [01m[K/home/user/roskit_ws/src/hunter_ros2/hunter_base/ascent/include/ascent/Ascent.h:26[m[K,
[19.249s]                  from [01m[K/home/user/roskit_ws/src/hunter_ros2/hunter_base/include/hunter_base/hunter_messenger.hpp:23[m[K,
[19.249s]                  from [01m[K/home/user/roskit_ws/src/hunter_ros2/hunter_base/src/hunter_base_ros.cpp:12[m[K:
[19.249s] [01m[K/home/user/roskit_ws/src/hunter_ros2/hunter_base/ascent/include/ascent/Utility.h:25:14:[m[K [01;35m[Kwarning: [m[Ktype qualifiers ignored on function return type [[01;35m[K-Wignored-qualifiers[m[K]
[19.249s]    25 |    constexpr [01;35m[Kconst[m[K value_t cx(long double v) { return static_cast<value_t>(v); }
[19.249s]       |              [01;35m[K^~~~~[m[K
[19.249s] [01m[K/home/user/roskit_ws/src/hunter_ros2/hunter_base/ascent/include/ascent/Utility.h:26:14:[m[K [01;35m[Kwarning: [m[Ktype qualifiers ignored on function return type [[01;35m[K-Wignored-qualifiers[m[K]
[19.249s]    26 |    constexpr [01;35m[Kconst[m[K value_t operator"" _v(long double v) { return static_cast<value_t>(v); }
[19.249s]       |              [01;35m[K^~~~~[m[K
[19.264s] [100%] [32m[1mLinking CXX executable hunter_base_node[0m
[19.478s] [100%] Built target hunter_base_node
[19.511s] Invoked command in '/home/user/roskit_ws/build/hunter_base' returned '0': CMAKE_PREFIX_PATH=/opt/ros/humble:/home/user/roskit_ws/install/ugv_sdk:/home/user/roskit_ws/install/hunter_msgs:/home/user/roskit_ws/install/ublox_serialization:/home/user/roskit_ws/install/tracer_msgs:/home/user/roskit_ws/install/scout_msgs:/home/user/roskit_ws/install/scout_description:/home/user/roskit_ws/install/rslidar_msg:/home/user/roskit_ws/install/ranger_msgs:/home/user/roskit_ws/install/ranger_bringup:/home/user/roskit_ws/install/phidgets_msgs:/home/user/roskit_ws/install/ouster_sensor_msgs:/home/user/roskit_ws/install/libphidget22:/home/user/roskit_ws/install/gr_description:/home/user/roskit_ws/install/gr_bringup LD_LIBRARY_PATH=/home/user/roskit_ws/install/hunter_msgs/lib:/home/user/roskit_ws/install/tracer_msgs/lib:/home/user/roskit_ws/install/scout_msgs/lib:/home/user/roskit_ws/install/rslidar_msg/lib:/home/user/roskit_ws/install/ranger_msgs/lib:/home/user/roskit_ws/install/phidgets_msgs/lib:/home/user/roskit_ws/install/ouster_sensor_msgs/lib:/home/user/roskit_ws/install/livox_sdk2/lib:/home/user/roskit_ws/install/libphidget22/opt/libphidget22/lib:/usr/lib/x86_64-linux-gnu/gazebo-11/plugins:/opt/ros/humble/opt/rviz_ogre_vendor/lib:/opt/ros/humble/lib/x86_64-linux-gnu:/opt/ros/humble/lib /usr/bin/cmake --build /home/user/roskit_ws/build/hunter_base -- -j16 -l16
[19.514s] Invoking command in '/home/user/roskit_ws/build/hunter_base': CMAKE_PREFIX_PATH=/opt/ros/humble:/home/user/roskit_ws/install/ugv_sdk:/home/user/roskit_ws/install/hunter_msgs:/home/user/roskit_ws/install/ublox_serialization:/home/user/roskit_ws/install/tracer_msgs:/home/user/roskit_ws/install/scout_msgs:/home/user/roskit_ws/install/scout_description:/home/user/roskit_ws/install/rslidar_msg:/home/user/roskit_ws/install/ranger_msgs:/home/user/roskit_ws/install/ranger_bringup:/home/user/roskit_ws/install/phidgets_msgs:/home/user/roskit_ws/install/ouster_sensor_msgs:/home/user/roskit_ws/install/libphidget22:/home/user/roskit_ws/install/gr_description:/home/user/roskit_ws/install/gr_bringup LD_LIBRARY_PATH=/home/user/roskit_ws/install/hunter_msgs/lib:/home/user/roskit_ws/install/tracer_msgs/lib:/home/user/roskit_ws/install/scout_msgs/lib:/home/user/roskit_ws/install/rslidar_msg/lib:/home/user/roskit_ws/install/ranger_msgs/lib:/home/user/roskit_ws/install/phidgets_msgs/lib:/home/user/roskit_ws/install/ouster_sensor_msgs/lib:/home/user/roskit_ws/install/livox_sdk2/lib:/home/user/roskit_ws/install/libphidget22/opt/libphidget22/lib:/usr/lib/x86_64-linux-gnu/gazebo-11/plugins:/opt/ros/humble/opt/rviz_ogre_vendor/lib:/opt/ros/humble/lib/x86_64-linux-gnu:/opt/ros/humble/lib /usr/bin/cmake --install /home/user/roskit_ws/build/hunter_base
[19.519s] -- Install configuration: "Release"
[19.519s] -- Execute custom install script
[19.520s] -- Symlinking: /home/user/roskit_ws/install/hunter_base/share/ascent/cmake/ascentConfig.cmake
[19.545s] -- Symlinking: /home/user/roskit_ws/install/hunter_base/share/ascent/cmake/ascentConfigVersion.cmake
[19.554s] -- Symlinking: /home/user/roskit_ws/install/hunter_base/include/ascent/Ascent.h
[19.561s] -- Symlinking: /home/user/roskit_ws/install/hunter_base/include/ascent/ChaiEngine.h
[19.570s] -- Symlinking: /home/user/roskit_ws/install/hunter_base/include/ascent/Param.h
[19.577s] -- Symlinking: /home/user/roskit_ws/install/hunter_base/include/ascent/ParamV.h
[19.583s] -- Symlinking: /home/user/roskit_ws/install/hunter_base/include/ascent/Recorder.h
[19.590s] -- Symlinking: /home/user/roskit_ws/install/hunter_base/include/ascent/System.h
[19.613s] -- Symlinking: /home/user/roskit_ws/install/hunter_base/include/ascent/Utility.h
[19.621s] -- Symlinking: /home/user/roskit_ws/install/hunter_base/include/ascent/Vector.h
[19.629s] -- Symlinking: /home/user/roskit_ws/install/hunter_base/include/ascent/algorithms/Derivative.h
[19.636s] -- Symlinking: /home/user/roskit_ws/install/hunter_base/include/ascent/containers/stack.h
[19.644s] -- Symlinking: /home/user/roskit_ws/install/hunter_base/include/ascent/direct/State.h
[19.652s] -- Symlinking: /home/user/roskit_ws/install/hunter_base/include/ascent/integrators/DOPRI45.h
[19.660s] -- Symlinking: /home/user/roskit_ws/install/hunter_base/include/ascent/integrators/Euler.h
[19.668s] -- Symlinking: /home/user/roskit_ws/install/hunter_base/include/ascent/integrators/Midpoint.h
[19.675s] -- Symlinking: /home/user/roskit_ws/install/hunter_base/include/ascent/integrators/PC233.h
[19.683s] -- Symlinking: /home/user/roskit_ws/install/hunter_base/include/ascent/integrators/RK2.h
[19.692s] -- Symlinking: /home/user/roskit_ws/install/hunter_base/include/ascent/integrators/RK4.h
[19.698s] -- Symlinking: /home/user/roskit_ws/install/hunter_base/include/ascent/integrators/RKMM.h
[19.707s] -- Symlinking: /home/user/roskit_ws/install/hunter_base/include/ascent/integrators/RTAM4.h
[19.714s] -- Symlinking: /home/user/roskit_ws/install/hunter_base/include/ascent/integrators_direct/Euler.h
[19.722s] -- Symlinking: /home/user/roskit_ws/install/hunter_base/include/ascent/integrators_direct/RK4.h
[19.730s] -- Symlinking: /home/user/roskit_ws/install/hunter_base/include/ascent/integrators_modular/DOPRI45.h
[19.737s] -- Symlinking: /home/user/roskit_ws/install/hunter_base/include/ascent/integrators_modular/Euler.h
[19.744s] -- Symlinking: /home/user/roskit_ws/install/hunter_base/include/ascent/integrators_modular/Heun.h
[19.754s] -- Symlinking: /home/user/roskit_ws/install/hunter_base/include/ascent/integrators_modular/Midpoint.h
[19.759s] -- Symlinking: /home/user/roskit_ws/install/hunter_base/include/ascent/integrators_modular/ModularIntegrators.h
[19.767s] -- Symlinking: /home/user/roskit_ws/install/hunter_base/include/ascent/integrators_modular/NCRK4.h
[19.775s] -- Symlinking: /home/user/roskit_ws/install/hunter_base/include/ascent/integrators_modular/PC233.h
[19.782s] -- Symlinking: /home/user/roskit_ws/install/hunter_base/include/ascent/integrators_modular/RK2.h
[19.791s] -- Symlinking: /home/user/roskit_ws/install/hunter_base/include/ascent/integrators_modular/RK3.h
[19.812s] -- Symlinking: /home/user/roskit_ws/install/hunter_base/include/ascent/integrators_modular/RK4.h
[19.820s] -- Symlinking: /home/user/roskit_ws/install/hunter_base/include/ascent/integrators_modular/RTAM2.h
[19.827s] -- Symlinking: /home/user/roskit_ws/install/hunter_base/include/ascent/integrators_modular/RTAM3.h
[19.835s] -- Symlinking: /home/user/roskit_ws/install/hunter_base/include/ascent/integrators_modular/RTAM4.h
[19.843s] -- Symlinking: /home/user/roskit_ws/install/hunter_base/include/ascent/modular/Link.h
[19.851s] -- Symlinking: /home/user/roskit_ws/install/hunter_base/include/ascent/modular/Module.h
[19.859s] -- Symlinking: /home/user/roskit_ws/install/hunter_base/include/ascent/threading/Pool.h
[19.868s] -- Symlinking: /home/user/roskit_ws/install/hunter_base/include/ascent/threading/Queue.h
[19.875s] -- Symlinking: /home/user/roskit_ws/install/hunter_base/include/ascent/timing/Sampler.h
[19.883s] -- Symlinking: /home/user/roskit_ws/install/hunter_base/include/ascent/timing/TimeAdvanced.h
[19.891s] -- Symlinking: /home/user/roskit_ws/install/hunter_base/include/ascent/timing/Timing.h
[19.900s] -- Symlinking: /home/user/roskit_ws/install/hunter_base/lib/hunter_base/hunter_base_node
[19.907s] -- Symlinking: /home/user/roskit_ws/install/hunter_base/share/hunter_base//launch/hunter_base.launch.py
[19.916s] -- Symlinking: /home/user/roskit_ws/install/hunter_base/share/ament_index/resource_index/package_run_dependencies/hunter_base
[19.926s] -- Symlinking: /home/user/roskit_ws/install/hunter_base/share/ament_index/resource_index/parent_prefix_path/hunter_base
[19.935s] -- Symlinking: /home/user/roskit_ws/install/hunter_base/share/hunter_base/environment/ament_prefix_path.sh
[19.944s] -- Symlinking: /home/user/roskit_ws/install/hunter_base/share/hunter_base/environment/ament_prefix_path.dsv
[19.953s] -- Symlinking: /home/user/roskit_ws/install/hunter_base/share/hunter_base/environment/path.sh
[19.961s] -- Symlinking: /home/user/roskit_ws/install/hunter_base/share/hunter_base/environment/path.dsv
[19.970s] -- Symlinking: /home/user/roskit_ws/install/hunter_base/share/hunter_base/local_setup.bash
[19.979s] -- Symlinking: /home/user/roskit_ws/install/hunter_base/share/hunter_base/local_setup.sh
[19.987s] -- Symlinking: /home/user/roskit_ws/install/hunter_base/share/hunter_base/local_setup.zsh
[19.996s] -- Symlinking: /home/user/roskit_ws/install/hunter_base/share/hunter_base/local_setup.dsv
[20.003s] -- Symlinking: /home/user/roskit_ws/install/hunter_base/share/hunter_base/package.dsv
[20.011s] -- Symlinking: /home/user/roskit_ws/install/hunter_base/share/ament_index/resource_index/packages/hunter_base
[20.020s] -- Symlinking: /home/user/roskit_ws/install/hunter_base/share/hunter_base/cmake/hunter_baseConfig.cmake
[20.029s] -- Symlinking: /home/user/roskit_ws/install/hunter_base/share/hunter_base/cmake/hunter_baseConfig-version.cmake
[20.038s] -- Symlinking: /home/user/roskit_ws/install/hunter_base/share/hunter_base/package.xml
[20.048s] -- Installing: /home/user/roskit_ws/install/hunter_base/share/ascent/cmake/ascentTargets.cmake
[20.052s] Invoked command in '/home/user/roskit_ws/build/hunter_base' returned '0': CMAKE_PREFIX_PATH=/opt/ros/humble:/home/user/roskit_ws/install/ugv_sdk:/home/user/roskit_ws/install/hunter_msgs:/home/user/roskit_ws/install/ublox_serialization:/home/user/roskit_ws/install/tracer_msgs:/home/user/roskit_ws/install/scout_msgs:/home/user/roskit_ws/install/scout_description:/home/user/roskit_ws/install/rslidar_msg:/home/user/roskit_ws/install/ranger_msgs:/home/user/roskit_ws/install/ranger_bringup:/home/user/roskit_ws/install/phidgets_msgs:/home/user/roskit_ws/install/ouster_sensor_msgs:/home/user/roskit_ws/install/libphidget22:/home/user/roskit_ws/install/gr_description:/home/user/roskit_ws/install/gr_bringup LD_LIBRARY_PATH=/home/user/roskit_ws/install/hunter_msgs/lib:/home/user/roskit_ws/install/tracer_msgs/lib:/home/user/roskit_ws/install/scout_msgs/lib:/home/user/roskit_ws/install/rslidar_msg/lib:/home/user/roskit_ws/install/ranger_msgs/lib:/home/user/roskit_ws/install/phidgets_msgs/lib:/home/user/roskit_ws/install/ouster_sensor_msgs/lib:/home/user/roskit_ws/install/livox_sdk2/lib:/home/user/roskit_ws/install/libphidget22/opt/libphidget22/lib:/usr/lib/x86_64-linux-gnu/gazebo-11/plugins:/opt/ros/humble/opt/rviz_ogre_vendor/lib:/opt/ros/humble/lib/x86_64-linux-gnu:/opt/ros/humble/lib /usr/bin/cmake --install /home/user/roskit_ws/build/hunter_base
