[0.035s] Invoking command in '/home/user/roskit_ws/build/phidgets_temperature': AMENT_PREFIX_PATH=/home/user/roskit_ws/install/phidgets_api:${AMENT_PREFIX_PATH} CMAKE_PREFIX_PATH=/home/user/roskit_ws/install/phidgets_api:/home/user/roskit_ws/install/libphidget22:/opt/ros/humble:/home/user/roskit_ws/install/ugv_sdk:/home/user/roskit_ws/install/ublox_serialization:/home/user/roskit_ws/install/tracer_msgs:/home/user/roskit_ws/install/scout_msgs:/home/user/roskit_ws/install/scout_description:/home/user/roskit_ws/install/rslidar_msg:/home/user/roskit_ws/install/ranger_msgs:/home/user/roskit_ws/install/ranger_bringup:/home/user/roskit_ws/install/phidgets_msgs:/home/user/roskit_ws/install/ouster_sensor_msgs:/home/user/roskit_ws/install/hunter_msgs:/home/user/roskit_ws/install/gr_description:/home/user/roskit_ws/install/gr_bringup LD_LIBRARY_PATH=/home/user/roskit_ws/install/phidgets_api/lib:${LD_LIBRARY_PATH} /usr/bin/cmake /home/user/roskit_ws/src/phidgets_drivers/phidgets_temperature -DCMAKE_BUILD_TYPE=Release -DROS_EDITION=ROS2 -DHUMBLE_ROS=humble -DAMENT_CMAKE_SYMLINK_INSTALL=1 -DCMAKE_INSTALL_PREFIX=/home/user/roskit_ws/install/phidgets_temperature
[0.222s] -- The C compiler identification is GNU 11.4.0
[0.222s] -- The CXX compiler identification is GNU 11.4.0
[0.222s] -- Detecting C compiler ABI info
[0.276s] -- Detecting C compiler ABI info - done
[0.281s] -- Check for working C compiler: /usr/lib/ccache/cc - skipped
[0.282s] -- Detecting C compile features
[0.282s] -- Detecting C compile features - done
[0.284s] -- Detecting CXX compiler ABI info
[0.389s] -- Detecting CXX compiler ABI info - done
[0.392s] -- Check for working CXX compiler: /usr/lib/ccache/c++ - skipped
[0.392s] -- Detecting CXX compile features
[0.393s] -- Detecting CXX compile features - done
[0.395s] -- Found ament_cmake_ros: 0.10.0 (/opt/ros/humble/share/ament_cmake_ros/cmake)
[0.595s] -- Found Python3: /usr/bin/python3 (found version "3.10.12") found components: Interpreter 
[0.638s] -- Override CMake install command with custom implementation using symlinks instead of copying resources
[0.665s] -- Found phidgets_api: 2.3.3 (/home/user/roskit_ws/install/phidgets_api/share/phidgets_api/cmake)
[0.668s] -- Found rclcpp: 16.0.14 (/opt/ros/humble/share/rclcpp/cmake)
[0.706s] -- Found rosidl_generator_c: 3.1.7 (/opt/ros/humble/share/rosidl_generator_c/cmake)
[0.707s] -- Found rosidl_adapter: 3.1.7 (/opt/ros/humble/share/rosidl_adapter/cmake)
[0.715s] -- Found rosidl_generator_cpp: 3.1.7 (/opt/ros/humble/share/rosidl_generator_cpp/cmake)
[0.725s] -- Using all available rosidl_typesupport_c: rosidl_typesupport_fastrtps_c;rosidl_typesupport_introspection_c
[0.738s] -- Using all available rosidl_typesupport_cpp: rosidl_typesupport_fastrtps_cpp;rosidl_typesupport_introspection_cpp
[0.775s] -- Found rmw_implementation_cmake: 6.1.2 (/opt/ros/humble/share/rmw_implementation_cmake/cmake)
[0.777s] -- Found rmw_fastrtps_cpp: 6.2.8 (/opt/ros/humble/share/rmw_fastrtps_cpp/cmake)
[0.842s] -- Found OpenSSL: /usr/lib/x86_64-linux-gnu/libcrypto.so (found version "3.0.2")  
[0.869s] -- Found FastRTPS: /opt/ros/humble/include  
[0.916s] -- Using RMW implementation 'rmw_fastrtps_cpp' as default
[0.925s] -- Looking for pthread.h
[1.018s] -- Looking for pthread.h - found
[1.018s] -- Performing Test CMAKE_HAVE_LIBC_PTHREAD
[1.087s] -- Performing Test CMAKE_HAVE_LIBC_PTHREAD - Success
[1.088s] -- Found Threads: TRUE  
[1.125s] -- Found rclcpp_components: 16.0.14 (/opt/ros/humble/share/rclcpp_components/cmake)
[1.215s] -- Configuring done
[1.225s] -- Generating done
[1.226s] [33mCMake Warning:
[1.226s]   Manually-specified variables were not used by the project:
[1.226s] 
[1.226s]     HUMBLE_ROS
[1.226s]     ROS_EDITION
[1.226s] 
[1.226s] [0m
[1.228s] -- Build files have been written to: /home/user/roskit_ws/build/phidgets_temperature
[1.240s] Invoked command in '/home/user/roskit_ws/build/phidgets_temperature' returned '0': AMENT_PREFIX_PATH=/home/user/roskit_ws/install/phidgets_api:${AMENT_PREFIX_PATH} CMAKE_PREFIX_PATH=/home/user/roskit_ws/install/phidgets_api:/home/user/roskit_ws/install/libphidget22:/opt/ros/humble:/home/user/roskit_ws/install/ugv_sdk:/home/user/roskit_ws/install/ublox_serialization:/home/user/roskit_ws/install/tracer_msgs:/home/user/roskit_ws/install/scout_msgs:/home/user/roskit_ws/install/scout_description:/home/user/roskit_ws/install/rslidar_msg:/home/user/roskit_ws/install/ranger_msgs:/home/user/roskit_ws/install/ranger_bringup:/home/user/roskit_ws/install/phidgets_msgs:/home/user/roskit_ws/install/ouster_sensor_msgs:/home/user/roskit_ws/install/hunter_msgs:/home/user/roskit_ws/install/gr_description:/home/user/roskit_ws/install/gr_bringup LD_LIBRARY_PATH=/home/user/roskit_ws/install/phidgets_api/lib:${LD_LIBRARY_PATH} /usr/bin/cmake /home/user/roskit_ws/src/phidgets_drivers/phidgets_temperature -DCMAKE_BUILD_TYPE=Release -DROS_EDITION=ROS2 -DHUMBLE_ROS=humble -DAMENT_CMAKE_SYMLINK_INSTALL=1 -DCMAKE_INSTALL_PREFIX=/home/user/roskit_ws/install/phidgets_temperature
[1.242s] Invoking command in '/home/user/roskit_ws/build/phidgets_temperature': AMENT_PREFIX_PATH=/home/user/roskit_ws/install/phidgets_api:${AMENT_PREFIX_PATH} CMAKE_PREFIX_PATH=/home/user/roskit_ws/install/phidgets_api:/home/user/roskit_ws/install/libphidget22:/opt/ros/humble:/home/user/roskit_ws/install/ugv_sdk:/home/user/roskit_ws/install/ublox_serialization:/home/user/roskit_ws/install/tracer_msgs:/home/user/roskit_ws/install/scout_msgs:/home/user/roskit_ws/install/scout_description:/home/user/roskit_ws/install/rslidar_msg:/home/user/roskit_ws/install/ranger_msgs:/home/user/roskit_ws/install/ranger_bringup:/home/user/roskit_ws/install/phidgets_msgs:/home/user/roskit_ws/install/ouster_sensor_msgs:/home/user/roskit_ws/install/hunter_msgs:/home/user/roskit_ws/install/gr_description:/home/user/roskit_ws/install/gr_bringup LD_LIBRARY_PATH=/home/user/roskit_ws/install/phidgets_api/lib:${LD_LIBRARY_PATH} /usr/bin/cmake --build /home/user/roskit_ws/build/phidgets_temperature -- -j16 -l16
[1.360s] [ 50%] [32mBuilding CXX object CMakeFiles/phidgets_temperature.dir/src/temperature_ros_i.cpp.o[0m
[12.737s] [100%] [32m[1mLinking CXX shared library libphidgets_temperature.so[0m
[13.061s] [100%] Built target phidgets_temperature
[13.141s] Invoked command in '/home/user/roskit_ws/build/phidgets_temperature' returned '0': AMENT_PREFIX_PATH=/home/user/roskit_ws/install/phidgets_api:${AMENT_PREFIX_PATH} CMAKE_PREFIX_PATH=/home/user/roskit_ws/install/phidgets_api:/home/user/roskit_ws/install/libphidget22:/opt/ros/humble:/home/user/roskit_ws/install/ugv_sdk:/home/user/roskit_ws/install/ublox_serialization:/home/user/roskit_ws/install/tracer_msgs:/home/user/roskit_ws/install/scout_msgs:/home/user/roskit_ws/install/scout_description:/home/user/roskit_ws/install/rslidar_msg:/home/user/roskit_ws/install/ranger_msgs:/home/user/roskit_ws/install/ranger_bringup:/home/user/roskit_ws/install/phidgets_msgs:/home/user/roskit_ws/install/ouster_sensor_msgs:/home/user/roskit_ws/install/hunter_msgs:/home/user/roskit_ws/install/gr_description:/home/user/roskit_ws/install/gr_bringup LD_LIBRARY_PATH=/home/user/roskit_ws/install/phidgets_api/lib:${LD_LIBRARY_PATH} /usr/bin/cmake --build /home/user/roskit_ws/build/phidgets_temperature -- -j16 -l16
[13.181s] Invoking command in '/home/user/roskit_ws/build/phidgets_temperature': AMENT_PREFIX_PATH=/home/user/roskit_ws/install/phidgets_api:${AMENT_PREFIX_PATH} CMAKE_PREFIX_PATH=/home/user/roskit_ws/install/phidgets_api:/home/user/roskit_ws/install/libphidget22:/opt/ros/humble:/home/user/roskit_ws/install/ugv_sdk:/home/user/roskit_ws/install/ublox_serialization:/home/user/roskit_ws/install/tracer_msgs:/home/user/roskit_ws/install/scout_msgs:/home/user/roskit_ws/install/scout_description:/home/user/roskit_ws/install/rslidar_msg:/home/user/roskit_ws/install/ranger_msgs:/home/user/roskit_ws/install/ranger_bringup:/home/user/roskit_ws/install/phidgets_msgs:/home/user/roskit_ws/install/ouster_sensor_msgs:/home/user/roskit_ws/install/hunter_msgs:/home/user/roskit_ws/install/gr_description:/home/user/roskit_ws/install/gr_bringup LD_LIBRARY_PATH=/home/user/roskit_ws/install/phidgets_api/lib:${LD_LIBRARY_PATH} /usr/bin/cmake --install /home/user/roskit_ws/build/phidgets_temperature
[16.177s] -- Install configuration: "Release"
[16.178s] -- Execute custom install script
[16.179s] -- Symlinking: /home/user/roskit_ws/install/phidgets_temperature/lib/libphidgets_temperature.so
[16.179s] -- Symlinking: /home/user/roskit_ws/install/phidgets_temperature/include/phidgets_temperature/temperature_ros_i.hpp
[16.180s] -- Symlinking: /home/user/roskit_ws/install/phidgets_temperature/share/phidgets_temperature/launch/temperature-launch.py
[16.182s] -- Symlinking: /home/user/roskit_ws/install/phidgets_temperature/share/ament_index/resource_index/package_run_dependencies/phidgets_temperature
[16.183s] -- Symlinking: /home/user/roskit_ws/install/phidgets_temperature/share/ament_index/resource_index/parent_prefix_path/phidgets_temperature
[16.198s] -- Symlinking: /home/user/roskit_ws/install/phidgets_temperature/share/phidgets_temperature/environment/ament_prefix_path.sh
[16.200s] -- Symlinking: /home/user/roskit_ws/install/phidgets_temperature/share/phidgets_temperature/environment/ament_prefix_path.dsv
[16.200s] -- Symlinking: /home/user/roskit_ws/install/phidgets_temperature/share/phidgets_temperature/environment/path.sh
[16.202s] -- Symlinking: /home/user/roskit_ws/install/phidgets_temperature/share/phidgets_temperature/environment/path.dsv
[16.202s] -- Symlinking: /home/user/roskit_ws/install/phidgets_temperature/share/phidgets_temperature/local_setup.bash
[16.202s] -- Symlinking: /home/user/roskit_ws/install/phidgets_temperature/share/phidgets_temperature/local_setup.sh
[16.203s] -- Symlinking: /home/user/roskit_ws/install/phidgets_temperature/share/phidgets_temperature/local_setup.zsh
[16.203s] -- Symlinking: /home/user/roskit_ws/install/phidgets_temperature/share/phidgets_temperature/local_setup.dsv
[16.203s] -- Symlinking: /home/user/roskit_ws/install/phidgets_temperature/share/phidgets_temperature/package.dsv
[16.204s] -- Symlinking: /home/user/roskit_ws/install/phidgets_temperature/share/ament_index/resource_index/packages/phidgets_temperature
[16.204s] -- Symlinking: /home/user/roskit_ws/install/phidgets_temperature/share/ament_index/resource_index/rclcpp_components/phidgets_temperature
[16.204s] -- Symlinking: /home/user/roskit_ws/install/phidgets_temperature/share/phidgets_temperature/cmake/phidgets_temperatureConfig.cmake
[16.205s] -- Symlinking: /home/user/roskit_ws/install/phidgets_temperature/share/phidgets_temperature/cmake/phidgets_temperatureConfig-version.cmake
[16.205s] -- Symlinking: /home/user/roskit_ws/install/phidgets_temperature/share/phidgets_temperature/package.xml
[16.234s] Invoked command in '/home/user/roskit_ws/build/phidgets_temperature' returned '0': AMENT_PREFIX_PATH=/home/user/roskit_ws/install/phidgets_api:${AMENT_PREFIX_PATH} CMAKE_PREFIX_PATH=/home/user/roskit_ws/install/phidgets_api:/home/user/roskit_ws/install/libphidget22:/opt/ros/humble:/home/user/roskit_ws/install/ugv_sdk:/home/user/roskit_ws/install/ublox_serialization:/home/user/roskit_ws/install/tracer_msgs:/home/user/roskit_ws/install/scout_msgs:/home/user/roskit_ws/install/scout_description:/home/user/roskit_ws/install/rslidar_msg:/home/user/roskit_ws/install/ranger_msgs:/home/user/roskit_ws/install/ranger_bringup:/home/user/roskit_ws/install/phidgets_msgs:/home/user/roskit_ws/install/ouster_sensor_msgs:/home/user/roskit_ws/install/hunter_msgs:/home/user/roskit_ws/install/gr_description:/home/user/roskit_ws/install/gr_bringup LD_LIBRARY_PATH=/home/user/roskit_ws/install/phidgets_api/lib:${LD_LIBRARY_PATH} /usr/bin/cmake --install /home/user/roskit_ws/build/phidgets_temperature
