[0.025s] Invoking command in '/home/user/roskit_ws/build/gr_bringup': /usr/bin/cmake /home/user/roskit_ws/src/gr_bringup -DCMAKE_BUILD_TYPE=Release -DAMENT_CMAKE_SYMLINK_INSTALL=1 -DCMAKE_INSTALL_PREFIX=/home/user/roskit_ws/install/gr_bringup
[0.123s] -- The C compiler identification is GNU 11.4.0
[0.171s] -- The CXX compiler identification is GNU 11.4.0
[0.177s] -- Detecting C compiler ABI info
[0.214s] -- Detecting C compiler ABI info - done
[0.221s] -- Check for working C compiler: /usr/lib/ccache/cc - skipped
[0.221s] -- Detecting C compile features
[0.221s] -- Detecting C compile features - done
[0.222s] -- Detecting CXX compiler ABI info
[0.276s] -- Detecting CXX compiler ABI info - done
[0.279s] -- Check for working CXX compiler: /usr/lib/ccache/c++ - skipped
[0.279s] -- Detecting CXX compile features
[0.280s] -- Detecting CXX compile features - done
[0.289s] [31mCMake Error at CMakeLists.txt:19 (find_package):
[0.289s]   By not providing "Findament_cmake.cmake" in CMAKE_MODULE_PATH this project
[0.289s]   has asked CMake to find a package configuration file provided by
[0.289s]   "ament_cmake", but CMake did not find one.
[0.289s] 
[0.289s]   Could not find a package configuration file provided by "ament_cmake" with
[0.289s]   any of the following names:
[0.289s] 
[0.289s]     ament_cmakeConfig.cmake
[0.289s]     ament_cmake-config.cmake
[0.289s] 
[0.289s]   Add the installation prefix of "ament_cmake" to CMAKE_PREFIX_PATH or set
[0.289s]   "ament_cmake_DIR" to a directory containing one of the above files.  If
[0.289s]   "ament_cmake" provides a separate development package or SDK, be sure it
[0.289s]   has been installed.
[0.289s] 
[0.289s] [0m
[0.289s] -- Configuring incomplete, errors occurred!
[0.289s] See also "/home/user/roskit_ws/build/gr_bringup/CMakeFiles/CMakeOutput.log".
