[0.042s] Invoking command in '/home/user/roskit_ws/build/livox_ros_driver2': CMAKE_PREFIX_PATH=/opt/ros/humble:${CMAKE_PREFIX_PATH} /usr/bin/cmake /home/user/roskit_ws/src/livox_ros_driver2 -DCMAKE_BUILD_TYPE=Release -DROS_EDITION=ROS2 -DHUMBLE_ROS=humble -DAMENT_CMAKE_SYMLINK_INSTALL=1 -DCMAKE_INSTALL_PREFIX=/home/user/roskit_ws/install/livox_ros_driver2
[0.199s] -- livox_ros_driver2 version: 1.2.4
[0.199s] -- Found ament_cmake_auto: 1.3.12 (/opt/ros/humble/share/ament_cmake_auto/cmake)
[0.199s] -- Override CMake install command with custom implementation using symlinks instead of copying resources
[0.238s] -- Using all available rosidl_typesupport_c: rosidl_typesupport_fastrtps_c;rosidl_typesupport_introspection_c
[0.240s] -- Found rosidl_adapter: 3.1.7 (/opt/ros/humble/share/rosidl_adapter/cmake)
[0.264s] -- Using all available rosidl_typesupport_cpp: rosidl_typesupport_fastrtps_cpp;rosidl_typesupport_introspection_cpp
[0.312s] -- Found rmw_implementation_cmake: 6.1.2 (/opt/ros/humble/share/rmw_implementation_cmake/cmake)
[0.314s] -- Found rmw_fastrtps_cpp: 6.2.8 (/opt/ros/humble/share/rmw_fastrtps_cpp/cmake)
[0.398s] -- Using RMW implementation 'rmw_fastrtps_cpp' as default
[0.469s] -- Eigen found (include: /usr/include/eigen3, version: 3.4.0)
[0.490s] -- FLANN found (include: /usr/include, lib: /usr/lib/x86_64-linux-gnu/libflann_cpp.so)
[0.686s] -- OpenNI found (version: 1.5.4.0, include: /usr/include/ni, lib: /usr/lib/libOpenNI.so;libusb::libusb)
[0.692s] -- OpenNI2 found (version: 2.2.0.33, include: /usr/include/openni2, lib: /usr/lib/x86_64-linux-gnu/libOpenNI2.so;libusb::libusb)
[0.795s] -- Eigen found (include: /usr/include/eigen3, version: 3.4.0)
[0.799s] -- OpenNI found (version: 1.5.4.0, include: /usr/include/ni, lib: /usr/lib/libOpenNI.so;libusb::libusb)
[0.804s] -- OpenNI2 found (version: 2.2.0.33, include: /usr/include/openni2, lib: /usr/lib/x86_64-linux-gnu/libOpenNI2.so;libusb::libusb)
[0.906s] -- Found Qhull version 8.0.2
[1.049s] -- OpenNI found (version: 1.5.4.0, include: /usr/include/ni, lib: /usr/lib/libOpenNI.so;libusb::libusb)
[1.250s] -- Checking for module 'apr-1'
[1.254s] --   No package 'apr-1' found
[1.409s] -- Found ament_cmake_ros: 0.10.0 (/opt/ros/humble/share/ament_cmake_ros/cmake)
[1.563s] -- Using all available rosidl_typesupport_c: rosidl_typesupport_fastrtps_c;rosidl_typesupport_introspection_c
[1.820s] -- Using all available rosidl_typesupport_cpp: rosidl_typesupport_fastrtps_cpp;rosidl_typesupport_introspection_cpp
[1.832s] -- Found python_cmake_module: 0.10.0 (/opt/ros/humble/share/python_cmake_module/cmake)
[1.845s] -- Using PYTHON_EXECUTABLE: /usr/bin/python3
[1.845s] -- Using PYTHON_INCLUDE_DIRS: /usr/include/python3.10
[1.845s] -- Using PYTHON_LIBRARIES: /usr/lib/x86_64-linux-gnu/libpython3.10.so
[1.887s] -- Found ament_lint_auto: 0.12.14 (/opt/ros/humble/share/ament_lint_auto/cmake)
[1.895s] -- Added test 'copyright' to check source files copyright and LICENSE
[1.899s] -- Added test 'cppcheck' to perform static code analysis on C / C++ code
[1.899s] -- Configured cppcheck include dirs: /home/user/roskit_ws/src/livox_ros_driver2/3rdparty;/home/user/roskit_ws/src/livox_ros_driver2/src
[1.899s] -- Configured cppcheck exclude dirs and/or files: 
[1.902s] -- Added test 'cpplint' to check C / C++ code against the Google style
[1.902s] -- Configured cpplint exclude dirs and/or files: 
[1.902s] -- Added test 'flake8' to check Python code syntax and style conventions
[1.903s] -- Added test 'lint_cmake' to check CMake code style
[1.904s] -- Added test 'pep257' to check Python code against some of the docstring style conventions in PEP 257
[1.906s] -- Added test 'uncrustify' to check C / C++ code style
[1.906s] -- Configured uncrustify additional arguments: 
[1.907s] -- Added test 'xmllint' to check XML markup files
[1.907s] -- Configuring done
[1.956s] -- Generating done
[1.969s] -- Build files have been written to: /home/user/roskit_ws/build/livox_ros_driver2
[1.985s] Invoked command in '/home/user/roskit_ws/build/livox_ros_driver2' returned '0': CMAKE_PREFIX_PATH=/opt/ros/humble:${CMAKE_PREFIX_PATH} /usr/bin/cmake /home/user/roskit_ws/src/livox_ros_driver2 -DCMAKE_BUILD_TYPE=Release -DROS_EDITION=ROS2 -DHUMBLE_ROS=humble -DAMENT_CMAKE_SYMLINK_INSTALL=1 -DCMAKE_INSTALL_PREFIX=/home/user/roskit_ws/install/livox_ros_driver2
[1.989s] Invoking command in '/home/user/roskit_ws/build/livox_ros_driver2': CMAKE_PREFIX_PATH=/opt/ros/humble:${CMAKE_PREFIX_PATH} /usr/bin/cmake --build /home/user/roskit_ws/build/livox_ros_driver2 -- -j16 -l16
[2.322s] [  1%] [34m[1mGenerating C++ code for ROS interfaces[0m
[2.322s] [  3%] [34m[1mGenerating C code for ROS interfaces[0m
[2.322s] [  5%] [32mBuilding CXX object CMakeFiles/livox_ros_driver2_node.dir/rclcpp_components/node_main_livox_ros_driver2_node.cpp.o[0m
[2.322s] [  5%] Built target ament_cmake_python_symlink_livox_ros_driver2
[2.322s] running egg_info
[2.322s] creating livox_ros_driver2.egg-info
[2.322s] writing livox_ros_driver2.egg-info/PKG-INFO
[2.322s] writing dependency_links to livox_ros_driver2.egg-info/dependency_links.txt
[2.322s] writing top-level names to livox_ros_driver2.egg-info/top_level.txt
[2.322s] writing manifest file 'livox_ros_driver2.egg-info/SOURCES.txt'
[2.322s] reading manifest file 'livox_ros_driver2.egg-info/SOURCES.txt'
[2.322s] writing manifest file 'livox_ros_driver2.egg-info/SOURCES.txt'
[2.322s] [  5%] Built target ament_cmake_python_build_livox_ros_driver2_egg
[2.453s] [  7%] [32mBuilding C object CMakeFiles/livox_interfaces2__rosidl_generator_c.dir/rosidl_generator_c/livox_ros_driver2/msg/detail/custom_point__functions.c.o[0m
[2.478s] [  8%] [32mBuilding C object CMakeFiles/livox_interfaces2__rosidl_generator_c.dir/rosidl_generator_c/livox_ros_driver2/msg/detail/custom_msg__functions.c.o[0m
[2.548s] [  8%] Built target livox_interfaces2__cpp
[2.568s] [ 10%] [34m[1mGenerating C++ introspection for ROS interfaces[0m
[2.570s] [ 12%] [34m[1mGenerating C++ type support dispatch for ROS interfaces[0m
[2.578s] [ 14%] [34m[1mGenerating C++ type support for eProsima Fast-RTPS[0m
[2.744s] [ 15%] [32m[1mLinking C shared library liblivox_ros_driver2__rosidl_generator_c.so[0m
[2.950s] [ 15%] Built target livox_interfaces2__rosidl_generator_c
[2.985s] [ 17%] [34m[1mGenerating C introspection for ROS interfaces[0m
[2.988s] [ 19%] [34m[1mGenerating C type support for eProsima Fast-RTPS[0m
[2.997s] [ 21%] [34m[1mGenerating C type support dispatch for ROS interfaces[0m
[3.209s] [ 22%] [32mBuilding CXX object CMakeFiles/livox_interfaces2__rosidl_typesupport_introspection_cpp.dir/rosidl_typesupport_introspection_cpp/livox_ros_driver2/msg/detail/custom_msg__type_support.cpp.o[0m
[3.213s] [ 24%] [32mBuilding CXX object CMakeFiles/livox_interfaces2__rosidl_typesupport_introspection_cpp.dir/rosidl_typesupport_introspection_cpp/livox_ros_driver2/msg/detail/custom_point__type_support.cpp.o[0m
[3.270s] [ 26%] [32mBuilding CXX object CMakeFiles/livox_interfaces2__rosidl_typesupport_cpp.dir/rosidl_typesupport_cpp/livox_ros_driver2/msg/custom_msg__type_support.cpp.o[0m
[3.293s] [ 28%] [32mBuilding CXX object CMakeFiles/livox_interfaces2__rosidl_typesupport_cpp.dir/rosidl_typesupport_cpp/livox_ros_driver2/msg/custom_point__type_support.cpp.o[0m
[3.468s] [ 29%] [32mBuilding CXX object CMakeFiles/livox_interfaces2__rosidl_typesupport_c.dir/rosidl_typesupport_c/livox_ros_driver2/msg/custom_point__type_support.cpp.o[0m
[3.472s] [ 31%] [32mBuilding CXX object CMakeFiles/livox_interfaces2__rosidl_typesupport_c.dir/rosidl_typesupport_c/livox_ros_driver2/msg/custom_msg__type_support.cpp.o[0m
[3.573s] [ 33%] [32m[1mLinking CXX shared library liblivox_ros_driver2__rosidl_typesupport_c.so[0m
[3.691s] [ 35%] [32mBuilding CXX object CMakeFiles/livox_interfaces2__rosidl_typesupport_fastrtps_cpp.dir/rosidl_typesupport_fastrtps_cpp/livox_ros_driver2/msg/detail/dds_fastrtps/custom_point__type_support.cpp.o[0m
[3.692s] [ 36%] [32mBuilding CXX object CMakeFiles/livox_interfaces2__rosidl_typesupport_fastrtps_cpp.dir/rosidl_typesupport_fastrtps_cpp/livox_ros_driver2/msg/detail/dds_fastrtps/custom_msg__type_support.cpp.o[0m
[3.773s] [ 36%] Built target livox_interfaces2__rosidl_typesupport_c
[4.000s] [ 38%] [32mBuilding CXX object CMakeFiles/livox_interfaces2__rosidl_typesupport_fastrtps_c.dir/rosidl_typesupport_fastrtps_c/livox_ros_driver2/msg/detail/custom_point__type_support_c.cpp.o[0m
[4.025s] [ 40%] [32mBuilding CXX object CMakeFiles/livox_interfaces2__rosidl_typesupport_fastrtps_c.dir/rosidl_typesupport_fastrtps_c/livox_ros_driver2/msg/detail/custom_msg__type_support_c.cpp.o[0m
[4.051s] [ 42%] [32m[1mLinking CXX shared library liblivox_ros_driver2__rosidl_typesupport_cpp.so[0m
[4.166s] [ 43%] [32mBuilding C object CMakeFiles/livox_interfaces2__rosidl_typesupport_introspection_c.dir/rosidl_typesupport_introspection_c/livox_ros_driver2/msg/detail/custom_msg__type_support.c.o[0m
[4.173s] [ 45%] [32mBuilding C object CMakeFiles/livox_interfaces2__rosidl_typesupport_introspection_c.dir/rosidl_typesupport_introspection_c/livox_ros_driver2/msg/detail/custom_point__type_support.c.o[0m
[4.184s] [ 45%] Built target livox_interfaces2__rosidl_typesupport_cpp
[4.243s] [ 47%] [32mBuilding CXX object CMakeFiles/livox_ros_driver2.dir/src/driver_node.cpp.o[0m
[4.253s] [ 49%] [32mBuilding CXX object CMakeFiles/livox_ros_driver2.dir/src/comm/comm.cpp.o[0m
[4.256s] [ 54%] [32mBuilding CXX object CMakeFiles/livox_ros_driver2.dir/src/lddc.cpp.o[0m
[4.256s] [ 50%] [32mBuilding CXX object CMakeFiles/livox_ros_driver2.dir/src/livox_ros_driver2.cpp.o[0m
[4.262s] [ 56%] [32mBuilding CXX object CMakeFiles/livox_ros_driver2.dir/src/lds_lidar.cpp.o[0m
[4.274s] [ 57%] [32mBuilding CXX object CMakeFiles/livox_ros_driver2.dir/src/comm/semaphore.cpp.o[0m
[4.274s] [ 52%] [32mBuilding CXX object CMakeFiles/livox_ros_driver2.dir/src/lds.cpp.o[0m
[4.274s] [ 59%] [32mBuilding CXX object CMakeFiles/livox_ros_driver2.dir/src/comm/ldq.cpp.o[0m
[4.302s] [ 61%] [32m[1mLinking CXX shared library liblivox_ros_driver2__rosidl_typesupport_introspection_cpp.so[0m
[4.396s] [ 63%] [32mBuilding CXX object CMakeFiles/livox_ros_driver2.dir/src/comm/lidar_imu_data_queue.cpp.o[0m
[4.401s] [ 64%] [32m[1mLinking C shared library liblivox_ros_driver2__rosidl_typesupport_introspection_c.so[0m
[4.490s] [ 64%] Built target livox_interfaces2__rosidl_typesupport_introspection_cpp
[4.500s] [ 66%] [32mBuilding CXX object CMakeFiles/livox_ros_driver2.dir/src/comm/cache_index.cpp.o[0m
[4.555s] [ 66%] Built target livox_interfaces2__rosidl_typesupport_introspection_c
[4.571s] [ 68%] [32mBuilding CXX object CMakeFiles/livox_ros_driver2.dir/src/comm/pub_handler.cpp.o[0m
[4.598s] [ 70%] [32mBuilding CXX object CMakeFiles/livox_ros_driver2.dir/src/parse_cfg_file/parse_cfg_file.cpp.o[0m
[4.952s] [ 71%] [32mBuilding CXX object CMakeFiles/livox_ros_driver2.dir/src/parse_cfg_file/parse_livox_lidar_cfg.cpp.o[0m
[5.174s] [ 73%] [32m[1mLinking CXX shared library liblivox_ros_driver2__rosidl_typesupport_fastrtps_c.so[0m
[5.415s] [ 75%] [32m[1mLinking CXX shared library liblivox_ros_driver2__rosidl_typesupport_fastrtps_cpp.so[0m
[5.513s] [ 77%] Built target livox_interfaces2__rosidl_typesupport_fastrtps_c
[5.517s] [ 77%] [32mBuilding CXX object CMakeFiles/livox_ros_driver2.dir/src/call_back/lidar_common_callback.cpp.o[0m
[5.569s] [ 78%] [32mBuilding CXX object CMakeFiles/livox_ros_driver2.dir/src/call_back/livox_lidar_callback.cpp.o[0m
[5.708s] [ 78%] Built target livox_interfaces2__rosidl_typesupport_fastrtps_cpp
[5.801s] [ 78%] Built target livox_interfaces2
[5.883s] [ 80%] [34m[1mGenerating Python code for ROS interfaces[0m
[7.285s] [ 80%] Built target livox_interfaces2__py
[7.393s] [ 82%] [32mBuilding C object CMakeFiles/livox_interfaces2__rosidl_generator_py.dir/rosidl_generator_py/livox_ros_driver2/msg/_custom_point_s.c.o[0m
[7.420s] [ 84%] [32mBuilding C object CMakeFiles/livox_interfaces2__rosidl_generator_py.dir/rosidl_generator_py/livox_ros_driver2/msg/_custom_msg_s.c.o[0m
[8.142s] [ 85%] [32m[1mLinking C shared library rosidl_generator_py/livox_ros_driver2/liblivox_interfaces2__rosidl_generator_py.so[0m
[8.354s] [ 85%] Built target livox_interfaces2__rosidl_generator_py
[8.425s] [ 87%] [32mBuilding C object CMakeFiles/livox_ros_driver2__rosidl_typesupport_introspection_c__pyext.dir/rosidl_generator_py/livox_ros_driver2/_livox_ros_driver2_s.ep.rosidl_typesupport_introspection_c.c.o[0m
[8.463s] [ 89%] [32mBuilding C object CMakeFiles/livox_ros_driver2__rosidl_typesupport_c__pyext.dir/rosidl_generator_py/livox_ros_driver2/_livox_ros_driver2_s.ep.rosidl_typesupport_c.c.o[0m
[8.488s] [ 91%] [32mBuilding C object CMakeFiles/livox_ros_driver2__rosidl_typesupport_fastrtps_c__pyext.dir/rosidl_generator_py/livox_ros_driver2/_livox_ros_driver2_s.ep.rosidl_typesupport_fastrtps_c.c.o[0m
[8.941s] [ 92%] [32m[1mLinking C shared library rosidl_generator_py/livox_ros_driver2/livox_ros_driver2_s__rosidl_typesupport_introspection_c.cpython-310-x86_64-linux-gnu.so[0m
[9.035s] [ 92%] Built target livox_ros_driver2__rosidl_typesupport_introspection_c__pyext
[9.477s] [ 94%] [32m[1mLinking C shared library rosidl_generator_py/livox_ros_driver2/livox_ros_driver2_s__rosidl_typesupport_fastrtps_c.cpython-310-x86_64-linux-gnu.so[0m
[9.515s] [ 96%] [32m[1mLinking C shared library rosidl_generator_py/livox_ros_driver2/livox_ros_driver2_s__rosidl_typesupport_c.cpython-310-x86_64-linux-gnu.so[0m
[9.584s] [ 96%] Built target livox_ros_driver2__rosidl_typesupport_fastrtps_c__pyext
[9.685s] [ 96%] Built target livox_ros_driver2__rosidl_typesupport_c__pyext
[10.412s] [ 98%] [32m[1mLinking CXX executable livox_ros_driver2_node[0m
[10.751s] [ 98%] Built target livox_ros_driver2_node
[19.780s] [100%] [32m[1mLinking CXX shared library liblivox_ros_driver2.so[0m
[20.342s] [100%] Built target livox_ros_driver2
[20.377s] Invoked command in '/home/user/roskit_ws/build/livox_ros_driver2' returned '0': CMAKE_PREFIX_PATH=/opt/ros/humble:${CMAKE_PREFIX_PATH} /usr/bin/cmake --build /home/user/roskit_ws/build/livox_ros_driver2 -- -j16 -l16
[20.382s] Invoking command in '/home/user/roskit_ws/build/livox_ros_driver2': CMAKE_PREFIX_PATH=/opt/ros/humble:${CMAKE_PREFIX_PATH} /usr/bin/cmake --install /home/user/roskit_ws/build/livox_ros_driver2
[20.391s] -- Install configuration: "Release"
[20.391s] -- Execute custom install script
[20.392s] -- Symlinking: /home/user/roskit_ws/install/livox_ros_driver2/share/ament_index/resource_index/rosidl_interfaces/livox_ros_driver2
[20.400s] -- Symlinking: /home/user/roskit_ws/install/livox_ros_driver2/include/livox_ros_driver2/livox_ros_driver2/msg/custom_msg.h
[20.412s] -- Symlinking: /home/user/roskit_ws/install/livox_ros_driver2/include/livox_ros_driver2/livox_ros_driver2/msg/custom_point.h
[20.418s] -- Symlinking: /home/user/roskit_ws/install/livox_ros_driver2/include/livox_ros_driver2/livox_ros_driver2/msg/detail/custom_msg__functions.h
[20.427s] -- Symlinking: /home/user/roskit_ws/install/livox_ros_driver2/include/livox_ros_driver2/livox_ros_driver2/msg/detail/custom_msg__struct.h
[20.436s] -- Symlinking: /home/user/roskit_ws/install/livox_ros_driver2/include/livox_ros_driver2/livox_ros_driver2/msg/detail/custom_msg__type_support.h
[20.445s] -- Symlinking: /home/user/roskit_ws/install/livox_ros_driver2/include/livox_ros_driver2/livox_ros_driver2/msg/detail/custom_point__functions.h
[20.454s] -- Symlinking: /home/user/roskit_ws/install/livox_ros_driver2/include/livox_ros_driver2/livox_ros_driver2/msg/detail/custom_point__struct.h
[20.464s] -- Symlinking: /home/user/roskit_ws/install/livox_ros_driver2/include/livox_ros_driver2/livox_ros_driver2/msg/detail/custom_point__type_support.h
[20.473s] -- Symlinking: /home/user/roskit_ws/install/livox_ros_driver2/include/livox_ros_driver2/livox_ros_driver2/msg/rosidl_generator_c__visibility_control.h
[20.487s] -- Symlinking: /home/user/roskit_ws/install/livox_ros_driver2/share/livox_ros_driver2/environment/library_path.sh
[20.491s] -- Symlinking: /home/user/roskit_ws/install/livox_ros_driver2/share/livox_ros_driver2/environment/library_path.dsv
[20.503s] -- Symlinking: /home/user/roskit_ws/install/livox_ros_driver2/include/livox_ros_driver2/livox_ros_driver2/msg/detail/custom_msg__rosidl_typesupport_fastrtps_c.h
[20.513s] -- Symlinking: /home/user/roskit_ws/install/livox_ros_driver2/include/livox_ros_driver2/livox_ros_driver2/msg/detail/custom_point__rosidl_typesupport_fastrtps_c.h
[20.523s] -- Symlinking: /home/user/roskit_ws/install/livox_ros_driver2/include/livox_ros_driver2/livox_ros_driver2/msg/rosidl_typesupport_fastrtps_c__visibility_control.h
[20.548s] -- Symlinking: /home/user/roskit_ws/install/livox_ros_driver2/include/livox_ros_driver2/livox_ros_driver2/msg/detail/custom_msg__rosidl_typesupport_introspection_c.h
[20.570s] -- Symlinking: /home/user/roskit_ws/install/livox_ros_driver2/include/livox_ros_driver2/livox_ros_driver2/msg/detail/custom_point__rosidl_typesupport_introspection_c.h
[20.579s] -- Symlinking: /home/user/roskit_ws/install/livox_ros_driver2/include/livox_ros_driver2/livox_ros_driver2/msg/rosidl_typesupport_introspection_c__visibility_control.h
[20.590s] -- Symlinking: /home/user/roskit_ws/install/livox_ros_driver2/include/livox_ros_driver2/livox_ros_driver2/msg/custom_msg.hpp
[20.599s] -- Symlinking: /home/user/roskit_ws/install/livox_ros_driver2/include/livox_ros_driver2/livox_ros_driver2/msg/custom_point.hpp
[20.609s] -- Symlinking: /home/user/roskit_ws/install/livox_ros_driver2/include/livox_ros_driver2/livox_ros_driver2/msg/detail/custom_msg__builder.hpp
[20.618s] -- Symlinking: /home/user/roskit_ws/install/livox_ros_driver2/include/livox_ros_driver2/livox_ros_driver2/msg/detail/custom_msg__struct.hpp
[20.627s] -- Symlinking: /home/user/roskit_ws/install/livox_ros_driver2/include/livox_ros_driver2/livox_ros_driver2/msg/detail/custom_msg__traits.hpp
[20.637s] -- Symlinking: /home/user/roskit_ws/install/livox_ros_driver2/include/livox_ros_driver2/livox_ros_driver2/msg/detail/custom_msg__type_support.hpp
[20.647s] -- Symlinking: /home/user/roskit_ws/install/livox_ros_driver2/include/livox_ros_driver2/livox_ros_driver2/msg/detail/custom_point__builder.hpp
[20.656s] -- Symlinking: /home/user/roskit_ws/install/livox_ros_driver2/include/livox_ros_driver2/livox_ros_driver2/msg/detail/custom_point__struct.hpp
[20.665s] -- Symlinking: /home/user/roskit_ws/install/livox_ros_driver2/include/livox_ros_driver2/livox_ros_driver2/msg/detail/custom_point__traits.hpp
[20.675s] -- Symlinking: /home/user/roskit_ws/install/livox_ros_driver2/include/livox_ros_driver2/livox_ros_driver2/msg/detail/custom_point__type_support.hpp
[20.685s] -- Symlinking: /home/user/roskit_ws/install/livox_ros_driver2/include/livox_ros_driver2/livox_ros_driver2/msg/rosidl_generator_cpp__visibility_control.hpp
[20.696s] -- Symlinking: /home/user/roskit_ws/install/livox_ros_driver2/include/livox_ros_driver2/livox_ros_driver2/msg/detail/custom_msg__rosidl_typesupport_fastrtps_cpp.hpp
[20.708s] -- Symlinking: /home/user/roskit_ws/install/livox_ros_driver2/include/livox_ros_driver2/livox_ros_driver2/msg/detail/custom_point__rosidl_typesupport_fastrtps_cpp.hpp
[20.719s] -- Symlinking: /home/user/roskit_ws/install/livox_ros_driver2/include/livox_ros_driver2/livox_ros_driver2/msg/rosidl_typesupport_fastrtps_cpp__visibility_control.h
[20.731s] -- Symlinking: /home/user/roskit_ws/install/livox_ros_driver2/include/livox_ros_driver2/livox_ros_driver2/msg/detail/custom_msg__rosidl_typesupport_introspection_cpp.hpp
[20.753s] -- Symlinking: /home/user/roskit_ws/install/livox_ros_driver2/include/livox_ros_driver2/livox_ros_driver2/msg/detail/custom_point__rosidl_typesupport_introspection_cpp.hpp
[20.776s] -- Symlinking: /home/user/roskit_ws/install/livox_ros_driver2/share/livox_ros_driver2/environment/pythonpath.sh
[20.797s] -- Symlinking: /home/user/roskit_ws/install/livox_ros_driver2/share/livox_ros_driver2/environment/pythonpath.dsv
[20.806s] -- Symlinking: /home/user/roskit_ws/install/livox_ros_driver2/local/lib/python3.10/dist-packages/livox_ros_driver2-1.0.0-py3.10.egg-info/PKG-INFO
[20.814s] -- Symlinking: /home/user/roskit_ws/install/livox_ros_driver2/local/lib/python3.10/dist-packages/livox_ros_driver2-1.0.0-py3.10.egg-info/SOURCES.txt
[20.822s] -- Symlinking: /home/user/roskit_ws/install/livox_ros_driver2/local/lib/python3.10/dist-packages/livox_ros_driver2-1.0.0-py3.10.egg-info/dependency_links.txt
[20.830s] -- Symlinking: /home/user/roskit_ws/install/livox_ros_driver2/local/lib/python3.10/dist-packages/livox_ros_driver2-1.0.0-py3.10.egg-info/top_level.txt
[20.839s] -- Symlinking: /home/user/roskit_ws/install/livox_ros_driver2/local/lib/python3.10/dist-packages/livox_ros_driver2/__init__.py
[20.849s] -- Symlinking: /home/user/roskit_ws/install/livox_ros_driver2/local/lib/python3.10/dist-packages/livox_ros_driver2/_livox_ros_driver2_s.ep.rosidl_typesupport_c.c
[20.877s] -- Symlinking: /home/user/roskit_ws/install/livox_ros_driver2/local/lib/python3.10/dist-packages/livox_ros_driver2/_livox_ros_driver2_s.ep.rosidl_typesupport_fastrtps_c.c
[20.887s] -- Symlinking: /home/user/roskit_ws/install/livox_ros_driver2/local/lib/python3.10/dist-packages/livox_ros_driver2/_livox_ros_driver2_s.ep.rosidl_typesupport_introspection_c.c
[20.896s] -- Symlinking: /home/user/roskit_ws/install/livox_ros_driver2/local/lib/python3.10/dist-packages/livox_ros_driver2/liblivox_interfaces2__rosidl_generator_py.so
[20.906s] -- Symlinking: /home/user/roskit_ws/install/livox_ros_driver2/local/lib/python3.10/dist-packages/livox_ros_driver2/livox_ros_driver2_s__rosidl_typesupport_c.cpython-310-x86_64-linux-gnu.so
[20.915s] -- Symlinking: /home/user/roskit_ws/install/livox_ros_driver2/local/lib/python3.10/dist-packages/livox_ros_driver2/livox_ros_driver2_s__rosidl_typesupport_fastrtps_c.cpython-310-x86_64-linux-gnu.so
[20.925s] -- Symlinking: /home/user/roskit_ws/install/livox_ros_driver2/local/lib/python3.10/dist-packages/livox_ros_driver2/livox_ros_driver2_s__rosidl_typesupport_introspection_c.cpython-310-x86_64-linux-gnu.so
[20.935s] -- Symlinking: /home/user/roskit_ws/install/livox_ros_driver2/local/lib/python3.10/dist-packages/livox_ros_driver2/msg/__init__.py
[20.945s] -- Symlinking: /home/user/roskit_ws/install/livox_ros_driver2/local/lib/python3.10/dist-packages/livox_ros_driver2/msg/_custom_msg.py
[20.954s] -- Symlinking: /home/user/roskit_ws/install/livox_ros_driver2/local/lib/python3.10/dist-packages/livox_ros_driver2/msg/_custom_msg_s.c
[20.962s] -- Symlinking: /home/user/roskit_ws/install/livox_ros_driver2/local/lib/python3.10/dist-packages/livox_ros_driver2/msg/_custom_point.py
[20.971s] -- Symlinking: /home/user/roskit_ws/install/livox_ros_driver2/local/lib/python3.10/dist-packages/livox_ros_driver2/msg/_custom_point_s.c
[20.982s] -- Up-to-date symlink: /home/user/roskit_ws/install/livox_ros_driver2/local/lib/python3.10/dist-packages/livox_ros_driver2/livox_ros_driver2_s__rosidl_typesupport_fastrtps_c.cpython-310-x86_64-linux-gnu.so
[20.983s] -- Up-to-date symlink: /home/user/roskit_ws/install/livox_ros_driver2/local/lib/python3.10/dist-packages/livox_ros_driver2/livox_ros_driver2_s__rosidl_typesupport_introspection_c.cpython-310-x86_64-linux-gnu.so
[20.984s] -- Up-to-date symlink: /home/user/roskit_ws/install/livox_ros_driver2/local/lib/python3.10/dist-packages/livox_ros_driver2/livox_ros_driver2_s__rosidl_typesupport_c.cpython-310-x86_64-linux-gnu.so
[20.984s] -- Symlinking: /home/user/roskit_ws/install/livox_ros_driver2/share/livox_ros_driver2/msg/CustomPoint.idl
[20.994s] -- Symlinking: /home/user/roskit_ws/install/livox_ros_driver2/share/livox_ros_driver2/msg/CustomMsg.idl
[21.004s] -- Symlinking: /home/user/roskit_ws/install/livox_ros_driver2/share/livox_ros_driver2/msg/CustomPoint.msg
[21.013s] -- Symlinking: /home/user/roskit_ws/install/livox_ros_driver2/share/livox_ros_driver2/msg/CustomMsg.msg
[21.023s] -- Symlinking: /home/user/roskit_ws/install/livox_ros_driver2/lib/livox_ros_driver2/livox_ros_driver2_node
[21.033s] -- Symlinking: /home/user/roskit_ws/install/livox_ros_driver2/lib/liblivox_ros_driver2.so
[21.044s] -- Symlinking: /home/user/roskit_ws/install/livox_ros_driver2/share/livox_ros_driver2/config/HAP_config.json
[21.055s] -- Symlinking: /home/user/roskit_ws/install/livox_ros_driver2/share/livox_ros_driver2/config/MID360_config.json
[21.063s] -- Symlinking: /home/user/roskit_ws/install/livox_ros_driver2/share/livox_ros_driver2/config/display_point_cloud_ROS1.rviz
[21.073s] -- Symlinking: /home/user/roskit_ws/install/livox_ros_driver2/share/livox_ros_driver2/config/display_point_cloud_ROS2.rviz
[21.083s] -- Symlinking: /home/user/roskit_ws/install/livox_ros_driver2/share/livox_ros_driver2/config/mixed_HAP_MID360_config.json
[21.091s] -- Symlinking: /home/user/roskit_ws/install/livox_ros_driver2/share/livox_ros_driver2/launch_ROS2/msg_HAP_launch.py
[21.099s] -- Symlinking: /home/user/roskit_ws/install/livox_ros_driver2/share/livox_ros_driver2/launch_ROS2/msg_MID360_launch.py
[21.106s] -- Symlinking: /home/user/roskit_ws/install/livox_ros_driver2/share/livox_ros_driver2/launch_ROS2/rviz_HAP_launch.py
[21.114s] -- Symlinking: /home/user/roskit_ws/install/livox_ros_driver2/share/livox_ros_driver2/launch_ROS2/rviz_MID360_launch.py
[21.122s] -- Symlinking: /home/user/roskit_ws/install/livox_ros_driver2/share/livox_ros_driver2/launch_ROS2/rviz_mixed.py
[21.130s] -- Symlinking: /home/user/roskit_ws/install/livox_ros_driver2/share/ament_index/resource_index/package_run_dependencies/livox_ros_driver2
[21.141s] -- Symlinking: /home/user/roskit_ws/install/livox_ros_driver2/share/ament_index/resource_index/parent_prefix_path/livox_ros_driver2
[21.150s] -- Symlinking: /home/user/roskit_ws/install/livox_ros_driver2/share/livox_ros_driver2/environment/ament_prefix_path.sh
[21.159s] -- Symlinking: /home/user/roskit_ws/install/livox_ros_driver2/share/livox_ros_driver2/environment/ament_prefix_path.dsv
[21.167s] -- Symlinking: /home/user/roskit_ws/install/livox_ros_driver2/share/livox_ros_driver2/environment/path.sh
[21.175s] -- Symlinking: /home/user/roskit_ws/install/livox_ros_driver2/share/livox_ros_driver2/environment/path.dsv
[21.183s] -- Symlinking: /home/user/roskit_ws/install/livox_ros_driver2/share/livox_ros_driver2/local_setup.bash
[21.192s] -- Symlinking: /home/user/roskit_ws/install/livox_ros_driver2/share/livox_ros_driver2/local_setup.sh
[21.199s] -- Symlinking: /home/user/roskit_ws/install/livox_ros_driver2/share/livox_ros_driver2/local_setup.zsh
[21.207s] -- Symlinking: /home/user/roskit_ws/install/livox_ros_driver2/share/livox_ros_driver2/local_setup.dsv
[21.216s] -- Symlinking: /home/user/roskit_ws/install/livox_ros_driver2/share/livox_ros_driver2/package.dsv
[21.226s] -- Symlinking: /home/user/roskit_ws/install/livox_ros_driver2/share/ament_index/resource_index/packages/livox_ros_driver2
[21.236s] -- Symlinking: /home/user/roskit_ws/install/livox_ros_driver2/share/ament_index/resource_index/rclcpp_components/livox_ros_driver2
[21.248s] -- Symlinking: /home/user/roskit_ws/install/livox_ros_driver2/share/livox_ros_driver2/cmake/rosidl_cmake-extras.cmake
[21.255s] -- Symlinking: /home/user/roskit_ws/install/livox_ros_driver2/share/livox_ros_driver2/cmake/ament_cmake_export_dependencies-extras.cmake
[21.264s] -- Symlinking: /home/user/roskit_ws/install/livox_ros_driver2/share/livox_ros_driver2/cmake/ament_cmake_export_include_directories-extras.cmake
[21.273s] -- Symlinking: /home/user/roskit_ws/install/livox_ros_driver2/share/livox_ros_driver2/cmake/ament_cmake_export_libraries-extras.cmake
[21.282s] -- Symlinking: /home/user/roskit_ws/install/livox_ros_driver2/share/livox_ros_driver2/cmake/ament_cmake_export_targets-extras.cmake
[21.294s] -- Symlinking: /home/user/roskit_ws/install/livox_ros_driver2/share/livox_ros_driver2/cmake/rosidl_cmake_export_typesupport_targets-extras.cmake
[21.301s] -- Symlinking: /home/user/roskit_ws/install/livox_ros_driver2/share/livox_ros_driver2/cmake/rosidl_cmake_export_typesupport_libraries-extras.cmake
[21.309s] -- Symlinking: /home/user/roskit_ws/install/livox_ros_driver2/share/livox_ros_driver2/cmake/livox_ros_driver2Config.cmake
[21.316s] -- Symlinking: /home/user/roskit_ws/install/livox_ros_driver2/share/livox_ros_driver2/cmake/livox_ros_driver2Config-version.cmake
[21.326s] -- Symlinking: /home/user/roskit_ws/install/livox_ros_driver2/share/livox_ros_driver2/package.xml
[21.336s] -- Installing: /home/user/roskit_ws/install/livox_ros_driver2/lib/liblivox_ros_driver2__rosidl_generator_c.so
[21.338s] -- Set runtime path of "/home/user/roskit_ws/install/livox_ros_driver2/lib/liblivox_ros_driver2__rosidl_generator_c.so" to ""
[21.338s] -- Installing: /home/user/roskit_ws/install/livox_ros_driver2/lib/liblivox_ros_driver2__rosidl_typesupport_fastrtps_c.so
[21.339s] -- Set runtime path of "/home/user/roskit_ws/install/livox_ros_driver2/lib/liblivox_ros_driver2__rosidl_typesupport_fastrtps_c.so" to ""
[21.339s] -- Installing: /home/user/roskit_ws/install/livox_ros_driver2/lib/liblivox_ros_driver2__rosidl_typesupport_introspection_c.so
[21.341s] -- Set runtime path of "/home/user/roskit_ws/install/livox_ros_driver2/lib/liblivox_ros_driver2__rosidl_typesupport_introspection_c.so" to ""
[21.341s] -- Installing: /home/user/roskit_ws/install/livox_ros_driver2/lib/liblivox_ros_driver2__rosidl_typesupport_c.so
[21.342s] -- Set runtime path of "/home/user/roskit_ws/install/livox_ros_driver2/lib/liblivox_ros_driver2__rosidl_typesupport_c.so" to ""
[21.342s] -- Installing: /home/user/roskit_ws/install/livox_ros_driver2/lib/liblivox_ros_driver2__rosidl_typesupport_fastrtps_cpp.so
[21.343s] -- Set runtime path of "/home/user/roskit_ws/install/livox_ros_driver2/lib/liblivox_ros_driver2__rosidl_typesupport_fastrtps_cpp.so" to ""
[21.343s] -- Installing: /home/user/roskit_ws/install/livox_ros_driver2/lib/liblivox_ros_driver2__rosidl_typesupport_introspection_cpp.so
[21.345s] -- Set runtime path of "/home/user/roskit_ws/install/livox_ros_driver2/lib/liblivox_ros_driver2__rosidl_typesupport_introspection_cpp.so" to ""
[21.345s] -- Installing: /home/user/roskit_ws/install/livox_ros_driver2/lib/liblivox_ros_driver2__rosidl_typesupport_cpp.so
[21.345s] -- Set runtime path of "/home/user/roskit_ws/install/livox_ros_driver2/lib/liblivox_ros_driver2__rosidl_typesupport_cpp.so" to ""
[21.378s] Listing '/home/user/roskit_ws/install/livox_ros_driver2/local/lib/python3.10/dist-packages/livox_ros_driver2'...
[21.378s] Compiling '/home/user/roskit_ws/install/livox_ros_driver2/local/lib/python3.10/dist-packages/livox_ros_driver2/__init__.py'...
[21.378s] Listing '/home/user/roskit_ws/install/livox_ros_driver2/local/lib/python3.10/dist-packages/livox_ros_driver2/msg'...
[21.379s] Compiling '/home/user/roskit_ws/install/livox_ros_driver2/local/lib/python3.10/dist-packages/livox_ros_driver2/msg/__init__.py'...
[21.379s] Compiling '/home/user/roskit_ws/install/livox_ros_driver2/local/lib/python3.10/dist-packages/livox_ros_driver2/msg/_custom_msg.py'...
[21.379s] Compiling '/home/user/roskit_ws/install/livox_ros_driver2/local/lib/python3.10/dist-packages/livox_ros_driver2/msg/_custom_point.py'...
[21.385s] -- Installing: /home/user/roskit_ws/install/livox_ros_driver2/lib/liblivox_interfaces2__rosidl_generator_py.so
[21.386s] -- Set runtime path of "/home/user/roskit_ws/install/livox_ros_driver2/lib/liblivox_interfaces2__rosidl_generator_py.so" to ""
[21.386s] -- Installing: /home/user/roskit_ws/install/livox_ros_driver2/share/livox_ros_driver2/cmake/export_livox_interfaces2__rosidl_generator_cExport.cmake
[21.387s] -- Installing: /home/user/roskit_ws/install/livox_ros_driver2/share/livox_ros_driver2/cmake/export_livox_interfaces2__rosidl_generator_cExport-release.cmake
[21.389s] -- Installing: /home/user/roskit_ws/install/livox_ros_driver2/share/livox_ros_driver2/cmake/export_livox_interfaces2__rosidl_typesupport_fastrtps_cExport.cmake
[21.390s] -- Installing: /home/user/roskit_ws/install/livox_ros_driver2/share/livox_ros_driver2/cmake/export_livox_interfaces2__rosidl_typesupport_fastrtps_cExport-release.cmake
[21.390s] -- Installing: /home/user/roskit_ws/install/livox_ros_driver2/share/livox_ros_driver2/cmake/livox_interfaces2__rosidl_typesupport_introspection_cExport.cmake
[21.391s] -- Installing: /home/user/roskit_ws/install/livox_ros_driver2/share/livox_ros_driver2/cmake/livox_interfaces2__rosidl_typesupport_introspection_cExport-release.cmake
[21.391s] -- Installing: /home/user/roskit_ws/install/livox_ros_driver2/share/livox_ros_driver2/cmake/livox_interfaces2__rosidl_typesupport_cExport.cmake
[21.391s] -- Installing: /home/user/roskit_ws/install/livox_ros_driver2/share/livox_ros_driver2/cmake/livox_interfaces2__rosidl_typesupport_cExport-release.cmake
[21.392s] -- Installing: /home/user/roskit_ws/install/livox_ros_driver2/share/livox_ros_driver2/cmake/export_livox_interfaces2__rosidl_generator_cppExport.cmake
[21.393s] -- Installing: /home/user/roskit_ws/install/livox_ros_driver2/share/livox_ros_driver2/cmake/export_livox_interfaces2__rosidl_typesupport_fastrtps_cppExport.cmake
[21.393s] -- Installing: /home/user/roskit_ws/install/livox_ros_driver2/share/livox_ros_driver2/cmake/export_livox_interfaces2__rosidl_typesupport_fastrtps_cppExport-release.cmake
[21.394s] -- Installing: /home/user/roskit_ws/install/livox_ros_driver2/share/livox_ros_driver2/cmake/livox_interfaces2__rosidl_typesupport_introspection_cppExport.cmake
[21.395s] -- Installing: /home/user/roskit_ws/install/livox_ros_driver2/share/livox_ros_driver2/cmake/livox_interfaces2__rosidl_typesupport_introspection_cppExport-release.cmake
[21.396s] -- Installing: /home/user/roskit_ws/install/livox_ros_driver2/share/livox_ros_driver2/cmake/livox_interfaces2__rosidl_typesupport_cppExport.cmake
[21.396s] -- Installing: /home/user/roskit_ws/install/livox_ros_driver2/share/livox_ros_driver2/cmake/livox_interfaces2__rosidl_typesupport_cppExport-release.cmake
[21.397s] -- Installing: /home/user/roskit_ws/install/livox_ros_driver2/share/livox_ros_driver2/cmake/export_livox_interfaces2__rosidl_generator_pyExport.cmake
[21.398s] -- Installing: /home/user/roskit_ws/install/livox_ros_driver2/share/livox_ros_driver2/cmake/export_livox_interfaces2__rosidl_generator_pyExport-release.cmake
[21.403s] Invoked command in '/home/user/roskit_ws/build/livox_ros_driver2' returned '0': CMAKE_PREFIX_PATH=/opt/ros/humble:${CMAKE_PREFIX_PATH} /usr/bin/cmake --install /home/user/roskit_ws/build/livox_ros_driver2
