[0.043s] Invoking command in '/home/user/roskit_ws/build/phidgets_high_speed_encoder': AMENT_PREFIX_PATH=/home/user/roskit_ws/install/phidgets_api:${AMENT_PREFIX_PATH} CMAKE_PREFIX_PATH=/home/user/roskit_ws/install/phidgets_api:/home/user/roskit_ws/install/phidgets_msgs:/home/user/roskit_ws/install/libphidget22:/opt/ros/humble:/home/user/roskit_ws/install/ugv_sdk:/home/user/roskit_ws/install/ublox_serialization:/home/user/roskit_ws/install/tracer_msgs:/home/user/roskit_ws/install/scout_msgs:/home/user/roskit_ws/install/scout_description:/home/user/roskit_ws/install/rslidar_msg:/home/user/roskit_ws/install/ranger_msgs:/home/user/roskit_ws/install/ranger_bringup:/home/user/roskit_ws/install/ouster_sensor_msgs:/home/user/roskit_ws/install/hunter_msgs:/home/user/roskit_ws/install/gr_description:/home/user/roskit_ws/install/gr_bringup LD_LIBRARY_PATH=/home/user/roskit_ws/install/phidgets_api/lib:/home/user/roskit_ws/install/phidgets_msgs/lib:/home/user/roskit_ws/install/tracer_msgs/lib:/home/user/roskit_ws/install/scout_msgs/lib:/home/user/roskit_ws/install/rslidar_msg/lib:/home/user/roskit_ws/install/ranger_msgs/lib:/home/user/roskit_ws/install/ouster_sensor_msgs/lib:/home/user/roskit_ws/install/livox_sdk2/lib:/home/user/roskit_ws/install/libphidget22/opt/libphidget22/lib:/home/user/roskit_ws/install/hunter_msgs/lib:/usr/lib/x86_64-linux-gnu/gazebo-11/plugins:/opt/ros/humble/opt/rviz_ogre_vendor/lib:/opt/ros/humble/lib/x86_64-linux-gnu:/opt/ros/humble/lib /usr/bin/cmake /home/user/roskit_ws/src/phidgets_drivers/phidgets_high_speed_encoder -DCMAKE_BUILD_TYPE=Release -DROS_EDITION=ROS2 -DHUMBLE_ROS=humble -DAMENT_CMAKE_SYMLINK_INSTALL=1 -DCMAKE_INSTALL_PREFIX=/home/user/roskit_ws/install/phidgets_high_speed_encoder
[0.341s] -- The C compiler identification is GNU 11.4.0
[0.342s] -- The CXX compiler identification is GNU 11.4.0
[0.342s] -- Detecting C compiler ABI info
[0.342s] -- Detecting C compiler ABI info - done
[0.342s] -- Check for working C compiler: /usr/lib/ccache/cc - skipped
[0.342s] -- Detecting C compile features
[0.342s] -- Detecting C compile features - done
[0.342s] -- Detecting CXX compiler ABI info
[0.342s] -- Detecting CXX compiler ABI info - done
[0.342s] -- Check for working CXX compiler: /usr/lib/ccache/c++ - skipped
[0.342s] -- Detecting CXX compile features
[0.342s] -- Detecting CXX compile features - done
[0.342s] -- Found ament_cmake_ros: 0.10.0 (/opt/ros/humble/share/ament_cmake_ros/cmake)
[0.428s] -- Found Python3: /usr/bin/python3 (found version "3.10.12") found components: Interpreter 
[0.489s] -- Override CMake install command with custom implementation using symlinks instead of copying resources
[0.527s] -- Found phidgets_api: 2.3.3 (/home/user/roskit_ws/install/phidgets_api/share/phidgets_api/cmake)
[0.527s] -- Found phidgets_msgs: 2.3.3 (/home/user/roskit_ws/install/phidgets_msgs/share/phidgets_msgs/cmake)
[0.567s] -- Found rosidl_generator_c: 3.1.7 (/opt/ros/humble/share/rosidl_generator_c/cmake)
[0.586s] -- Found rosidl_adapter: 3.1.7 (/opt/ros/humble/share/rosidl_adapter/cmake)
[0.595s] -- Found rosidl_generator_cpp: 3.1.7 (/opt/ros/humble/share/rosidl_generator_cpp/cmake)
[0.614s] -- Using all available rosidl_typesupport_c: rosidl_typesupport_fastrtps_c;rosidl_typesupport_introspection_c
[0.653s] -- Using all available rosidl_typesupport_cpp: rosidl_typesupport_fastrtps_cpp;rosidl_typesupport_introspection_cpp
[0.709s] -- Found rclcpp: 16.0.14 (/opt/ros/humble/share/rclcpp/cmake)
[0.774s] -- Found rmw_implementation_cmake: 6.1.2 (/opt/ros/humble/share/rmw_implementation_cmake/cmake)
[0.777s] -- Found rmw_fastrtps_cpp: 6.2.8 (/opt/ros/humble/share/rmw_fastrtps_cpp/cmake)
[0.959s] -- Found OpenSSL: /usr/lib/x86_64-linux-gnu/libcrypto.so (found version "3.0.2")  
[1.000s] -- Found FastRTPS: /opt/ros/humble/include  
[1.101s] -- Using RMW implementation 'rmw_fastrtps_cpp' as default
[1.123s] -- Looking for pthread.h
[1.385s] -- Looking for pthread.h - found
[1.386s] -- Performing Test CMAKE_HAVE_LIBC_PTHREAD
[1.558s] -- Performing Test CMAKE_HAVE_LIBC_PTHREAD - Success
[1.562s] -- Found Threads: TRUE  
[1.685s] -- Found rclcpp_components: 16.0.14 (/opt/ros/humble/share/rclcpp_components/cmake)
[1.817s] -- Found sensor_msgs: 4.9.0 (/opt/ros/humble/share/sensor_msgs/cmake)
[2.156s] -- Configuring done
[2.203s] -- Generating done
[2.205s] [33mCMake Warning:
[2.205s]   Manually-specified variables were not used by the project:
[2.205s] 
[2.205s]     HUMBLE_ROS
[2.205s]     ROS_EDITION
[2.205s] 
[2.205s] [0m
[2.237s] -- Build files have been written to: /home/user/roskit_ws/build/phidgets_high_speed_encoder
[2.274s] Invoked command in '/home/user/roskit_ws/build/phidgets_high_speed_encoder' returned '0': AMENT_PREFIX_PATH=/home/user/roskit_ws/install/phidgets_api:${AMENT_PREFIX_PATH} CMAKE_PREFIX_PATH=/home/user/roskit_ws/install/phidgets_api:/home/user/roskit_ws/install/phidgets_msgs:/home/user/roskit_ws/install/libphidget22:/opt/ros/humble:/home/user/roskit_ws/install/ugv_sdk:/home/user/roskit_ws/install/ublox_serialization:/home/user/roskit_ws/install/tracer_msgs:/home/user/roskit_ws/install/scout_msgs:/home/user/roskit_ws/install/scout_description:/home/user/roskit_ws/install/rslidar_msg:/home/user/roskit_ws/install/ranger_msgs:/home/user/roskit_ws/install/ranger_bringup:/home/user/roskit_ws/install/ouster_sensor_msgs:/home/user/roskit_ws/install/hunter_msgs:/home/user/roskit_ws/install/gr_description:/home/user/roskit_ws/install/gr_bringup LD_LIBRARY_PATH=/home/user/roskit_ws/install/phidgets_api/lib:/home/user/roskit_ws/install/phidgets_msgs/lib:/home/user/roskit_ws/install/tracer_msgs/lib:/home/user/roskit_ws/install/scout_msgs/lib:/home/user/roskit_ws/install/rslidar_msg/lib:/home/user/roskit_ws/install/ranger_msgs/lib:/home/user/roskit_ws/install/ouster_sensor_msgs/lib:/home/user/roskit_ws/install/livox_sdk2/lib:/home/user/roskit_ws/install/libphidget22/opt/libphidget22/lib:/home/user/roskit_ws/install/hunter_msgs/lib:/usr/lib/x86_64-linux-gnu/gazebo-11/plugins:/opt/ros/humble/opt/rviz_ogre_vendor/lib:/opt/ros/humble/lib/x86_64-linux-gnu:/opt/ros/humble/lib /usr/bin/cmake /home/user/roskit_ws/src/phidgets_drivers/phidgets_high_speed_encoder -DCMAKE_BUILD_TYPE=Release -DROS_EDITION=ROS2 -DHUMBLE_ROS=humble -DAMENT_CMAKE_SYMLINK_INSTALL=1 -DCMAKE_INSTALL_PREFIX=/home/user/roskit_ws/install/phidgets_high_speed_encoder
[2.274s] Invoking command in '/home/user/roskit_ws/build/phidgets_high_speed_encoder': AMENT_PREFIX_PATH=/home/user/roskit_ws/install/phidgets_api:${AMENT_PREFIX_PATH} CMAKE_PREFIX_PATH=/home/user/roskit_ws/install/phidgets_api:/home/user/roskit_ws/install/phidgets_msgs:/home/user/roskit_ws/install/libphidget22:/opt/ros/humble:/home/user/roskit_ws/install/ugv_sdk:/home/user/roskit_ws/install/ublox_serialization:/home/user/roskit_ws/install/tracer_msgs:/home/user/roskit_ws/install/scout_msgs:/home/user/roskit_ws/install/scout_description:/home/user/roskit_ws/install/rslidar_msg:/home/user/roskit_ws/install/ranger_msgs:/home/user/roskit_ws/install/ranger_bringup:/home/user/roskit_ws/install/ouster_sensor_msgs:/home/user/roskit_ws/install/hunter_msgs:/home/user/roskit_ws/install/gr_description:/home/user/roskit_ws/install/gr_bringup LD_LIBRARY_PATH=/home/user/roskit_ws/install/phidgets_api/lib:/home/user/roskit_ws/install/phidgets_msgs/lib:/home/user/roskit_ws/install/tracer_msgs/lib:/home/user/roskit_ws/install/scout_msgs/lib:/home/user/roskit_ws/install/rslidar_msg/lib:/home/user/roskit_ws/install/ranger_msgs/lib:/home/user/roskit_ws/install/ouster_sensor_msgs/lib:/home/user/roskit_ws/install/livox_sdk2/lib:/home/user/roskit_ws/install/libphidget22/opt/libphidget22/lib:/home/user/roskit_ws/install/hunter_msgs/lib:/usr/lib/x86_64-linux-gnu/gazebo-11/plugins:/opt/ros/humble/opt/rviz_ogre_vendor/lib:/opt/ros/humble/lib/x86_64-linux-gnu:/opt/ros/humble/lib /usr/bin/cmake --build /home/user/roskit_ws/build/phidgets_high_speed_encoder -- -j16 -l16
[14.368s] [ 50%] [32mBuilding CXX object CMakeFiles/phidgets_high_speed_encoder.dir/src/high_speed_encoder_ros_i.cpp.o[0m
[15.231s] [100%] [32m[1mLinking CXX shared library libphidgets_high_speed_encoder.so[0m
[15.385s] [100%] Built target phidgets_high_speed_encoder
[15.431s] Invoked command in '/home/user/roskit_ws/build/phidgets_high_speed_encoder' returned '0': AMENT_PREFIX_PATH=/home/user/roskit_ws/install/phidgets_api:${AMENT_PREFIX_PATH} CMAKE_PREFIX_PATH=/home/user/roskit_ws/install/phidgets_api:/home/user/roskit_ws/install/phidgets_msgs:/home/user/roskit_ws/install/libphidget22:/opt/ros/humble:/home/user/roskit_ws/install/ugv_sdk:/home/user/roskit_ws/install/ublox_serialization:/home/user/roskit_ws/install/tracer_msgs:/home/user/roskit_ws/install/scout_msgs:/home/user/roskit_ws/install/scout_description:/home/user/roskit_ws/install/rslidar_msg:/home/user/roskit_ws/install/ranger_msgs:/home/user/roskit_ws/install/ranger_bringup:/home/user/roskit_ws/install/ouster_sensor_msgs:/home/user/roskit_ws/install/hunter_msgs:/home/user/roskit_ws/install/gr_description:/home/user/roskit_ws/install/gr_bringup LD_LIBRARY_PATH=/home/user/roskit_ws/install/phidgets_api/lib:/home/user/roskit_ws/install/phidgets_msgs/lib:/home/user/roskit_ws/install/tracer_msgs/lib:/home/user/roskit_ws/install/scout_msgs/lib:/home/user/roskit_ws/install/rslidar_msg/lib:/home/user/roskit_ws/install/ranger_msgs/lib:/home/user/roskit_ws/install/ouster_sensor_msgs/lib:/home/user/roskit_ws/install/livox_sdk2/lib:/home/user/roskit_ws/install/libphidget22/opt/libphidget22/lib:/home/user/roskit_ws/install/hunter_msgs/lib:/usr/lib/x86_64-linux-gnu/gazebo-11/plugins:/opt/ros/humble/opt/rviz_ogre_vendor/lib:/opt/ros/humble/lib/x86_64-linux-gnu:/opt/ros/humble/lib /usr/bin/cmake --build /home/user/roskit_ws/build/phidgets_high_speed_encoder -- -j16 -l16
[15.458s] Invoking command in '/home/user/roskit_ws/build/phidgets_high_speed_encoder': AMENT_PREFIX_PATH=/home/user/roskit_ws/install/phidgets_api:${AMENT_PREFIX_PATH} CMAKE_PREFIX_PATH=/home/user/roskit_ws/install/phidgets_api:/home/user/roskit_ws/install/phidgets_msgs:/home/user/roskit_ws/install/libphidget22:/opt/ros/humble:/home/user/roskit_ws/install/ugv_sdk:/home/user/roskit_ws/install/ublox_serialization:/home/user/roskit_ws/install/tracer_msgs:/home/user/roskit_ws/install/scout_msgs:/home/user/roskit_ws/install/scout_description:/home/user/roskit_ws/install/rslidar_msg:/home/user/roskit_ws/install/ranger_msgs:/home/user/roskit_ws/install/ranger_bringup:/home/user/roskit_ws/install/ouster_sensor_msgs:/home/user/roskit_ws/install/hunter_msgs:/home/user/roskit_ws/install/gr_description:/home/user/roskit_ws/install/gr_bringup LD_LIBRARY_PATH=/home/user/roskit_ws/install/phidgets_api/lib:/home/user/roskit_ws/install/phidgets_msgs/lib:/home/user/roskit_ws/install/tracer_msgs/lib:/home/user/roskit_ws/install/scout_msgs/lib:/home/user/roskit_ws/install/rslidar_msg/lib:/home/user/roskit_ws/install/ranger_msgs/lib:/home/user/roskit_ws/install/ouster_sensor_msgs/lib:/home/user/roskit_ws/install/livox_sdk2/lib:/home/user/roskit_ws/install/libphidget22/opt/libphidget22/lib:/home/user/roskit_ws/install/hunter_msgs/lib:/usr/lib/x86_64-linux-gnu/gazebo-11/plugins:/opt/ros/humble/opt/rviz_ogre_vendor/lib:/opt/ros/humble/lib/x86_64-linux-gnu:/opt/ros/humble/lib /usr/bin/cmake --install /home/user/roskit_ws/build/phidgets_high_speed_encoder
[15.459s] -- Install configuration: "Release"
[15.460s] -- Execute custom install script
[15.460s] -- Symlinking: /home/user/roskit_ws/install/phidgets_high_speed_encoder/lib/libphidgets_high_speed_encoder.so
[15.460s] -- Symlinking: /home/user/roskit_ws/install/phidgets_high_speed_encoder/include/phidgets_high_speed_encoder/high_speed_encoder_ros_i.hpp
[15.460s] -- Symlinking: /home/user/roskit_ws/install/phidgets_high_speed_encoder/share/phidgets_high_speed_encoder/launch/high_speed_encoder-launch.py
[15.460s] -- Symlinking: /home/user/roskit_ws/install/phidgets_high_speed_encoder/share/ament_index/resource_index/package_run_dependencies/phidgets_high_speed_encoder
[15.460s] -- Symlinking: /home/user/roskit_ws/install/phidgets_high_speed_encoder/share/ament_index/resource_index/parent_prefix_path/phidgets_high_speed_encoder
[15.466s] -- Symlinking: /home/user/roskit_ws/install/phidgets_high_speed_encoder/share/phidgets_high_speed_encoder/environment/ament_prefix_path.sh
[15.477s] -- Symlinking: /home/user/roskit_ws/install/phidgets_high_speed_encoder/share/phidgets_high_speed_encoder/environment/ament_prefix_path.dsv
[15.484s] -- Symlinking: /home/user/roskit_ws/install/phidgets_high_speed_encoder/share/phidgets_high_speed_encoder/environment/path.sh
[15.492s] -- Symlinking: /home/user/roskit_ws/install/phidgets_high_speed_encoder/share/phidgets_high_speed_encoder/environment/path.dsv
[15.502s] -- Symlinking: /home/user/roskit_ws/install/phidgets_high_speed_encoder/share/phidgets_high_speed_encoder/local_setup.bash
[15.513s] -- Symlinking: /home/user/roskit_ws/install/phidgets_high_speed_encoder/share/phidgets_high_speed_encoder/local_setup.sh
[15.522s] -- Symlinking: /home/user/roskit_ws/install/phidgets_high_speed_encoder/share/phidgets_high_speed_encoder/local_setup.zsh
[15.533s] -- Symlinking: /home/user/roskit_ws/install/phidgets_high_speed_encoder/share/phidgets_high_speed_encoder/local_setup.dsv
[15.545s] -- Symlinking: /home/user/roskit_ws/install/phidgets_high_speed_encoder/share/phidgets_high_speed_encoder/package.dsv
[15.556s] -- Symlinking: /home/user/roskit_ws/install/phidgets_high_speed_encoder/share/ament_index/resource_index/packages/phidgets_high_speed_encoder
[15.562s] -- Symlinking: /home/user/roskit_ws/install/phidgets_high_speed_encoder/share/ament_index/resource_index/rclcpp_components/phidgets_high_speed_encoder
[15.572s] -- Symlinking: /home/user/roskit_ws/install/phidgets_high_speed_encoder/share/phidgets_high_speed_encoder/cmake/phidgets_high_speed_encoderConfig.cmake
[15.582s] -- Symlinking: /home/user/roskit_ws/install/phidgets_high_speed_encoder/share/phidgets_high_speed_encoder/cmake/phidgets_high_speed_encoderConfig-version.cmake
[15.592s] -- Symlinking: /home/user/roskit_ws/install/phidgets_high_speed_encoder/share/phidgets_high_speed_encoder/package.xml
[15.634s] Invoked command in '/home/user/roskit_ws/build/phidgets_high_speed_encoder' returned '0': AMENT_PREFIX_PATH=/home/user/roskit_ws/install/phidgets_api:${AMENT_PREFIX_PATH} CMAKE_PREFIX_PATH=/home/user/roskit_ws/install/phidgets_api:/home/user/roskit_ws/install/phidgets_msgs:/home/user/roskit_ws/install/libphidget22:/opt/ros/humble:/home/user/roskit_ws/install/ugv_sdk:/home/user/roskit_ws/install/ublox_serialization:/home/user/roskit_ws/install/tracer_msgs:/home/user/roskit_ws/install/scout_msgs:/home/user/roskit_ws/install/scout_description:/home/user/roskit_ws/install/rslidar_msg:/home/user/roskit_ws/install/ranger_msgs:/home/user/roskit_ws/install/ranger_bringup:/home/user/roskit_ws/install/ouster_sensor_msgs:/home/user/roskit_ws/install/hunter_msgs:/home/user/roskit_ws/install/gr_description:/home/user/roskit_ws/install/gr_bringup LD_LIBRARY_PATH=/home/user/roskit_ws/install/phidgets_api/lib:/home/user/roskit_ws/install/phidgets_msgs/lib:/home/user/roskit_ws/install/tracer_msgs/lib:/home/user/roskit_ws/install/scout_msgs/lib:/home/user/roskit_ws/install/rslidar_msg/lib:/home/user/roskit_ws/install/ranger_msgs/lib:/home/user/roskit_ws/install/ouster_sensor_msgs/lib:/home/user/roskit_ws/install/livox_sdk2/lib:/home/user/roskit_ws/install/libphidget22/opt/libphidget22/lib:/home/user/roskit_ws/install/hunter_msgs/lib:/usr/lib/x86_64-linux-gnu/gazebo-11/plugins:/opt/ros/humble/opt/rviz_ogre_vendor/lib:/opt/ros/humble/lib/x86_64-linux-gnu:/opt/ros/humble/lib /usr/bin/cmake --install /home/user/roskit_ws/build/phidgets_high_speed_encoder
