[0.069s] Invoking command in '/home/user/roskit_ws/build/phidgets_msgs': CMAKE_PREFIX_PATH=/home/user/roskit_ws/install/tracer_base:/home/user/roskit_ws/install/scout_base:/home/user/roskit_ws/install/ranger_base:/home/user/roskit_ws/install/hunter_base:/opt/ros/humble:/home/user/roskit_ws/install/ugv_sdk:/home/user/roskit_ws/install/ublox:/home/user/roskit_ws/install/ublox_gps:/home/user/roskit_ws/install/ublox_msgs:/home/user/roskit_ws/install/ublox_serialization:/home/user/roskit_ws/install/tracer_msgs:/home/user/roskit_ws/install/scout_msgs:/home/user/roskit_ws/install/scout_description:/home/user/roskit_ws/install/rslidar_sdk:/home/user/roskit_ws/install/rslidar_msg:/home/user/roskit_ws/install/ranger_msgs:/home/user/roskit_ws/install/ranger_bringup:/home/user/roskit_ws/install/phidgets_drivers:/home/user/roskit_ws/install/phidgets_temperature:/home/user/roskit_ws/install/phidgets_spatial:/home/user/roskit_ws/install/phidgets_motors:/home/user/roskit_ws/install/phidgets_ik:/home/user/roskit_ws/install/phidgets_high_speed_encoder:/home/user/roskit_ws/install/phidgets_digital_outputs:/home/user/roskit_ws/install/phidgets_analog_outputs:/home/user/roskit_ws/install/phidgets_msgs:/home/user/roskit_ws/install/phidgets_magnetometer:/home/user/roskit_ws/install/phidgets_gyroscope:/home/user/roskit_ws/install/phidgets_digital_inputs:/home/user/roskit_ws/install/phidgets_analog_inputs:/home/user/roskit_ws/install/phidgets_accelerometer:/home/user/roskit_ws/install/phidgets_api:/home/user/roskit_ws/install/ouster_ros:/home/user/roskit_ws/install/ouster_sensor_msgs:/home/user/roskit_ws/install/livox_ros_driver2:/home/user/roskit_ws/install/libphidget22:/home/user/roskit_ws/install/hunter_msgs:/home/user/roskit_ws/install/gr_description:/home/user/roskit_ws/install/gr_bringup /usr/bin/cmake /home/user/roskit_ws/src/phidgets_drivers/phidgets_msgs -DCMAKE_INSTALL_PREFIX=/home/user/roskit_ws/install/phidgets_msgs
[0.118s] -- Found ament_cmake: 1.3.12 (/opt/ros/humble/share/ament_cmake/cmake)
[0.201s] -- Override CMake install command with custom implementation using symlinks instead of copying resources
[0.219s] -- Found rosidl_default_generators: 1.2.0 (/opt/ros/humble/share/rosidl_default_generators/cmake)
[0.227s] -- Using all available rosidl_typesupport_c: rosidl_typesupport_fastrtps_c;rosidl_typesupport_introspection_c
[0.230s] -- Found rosidl_adapter: 3.1.7 (/opt/ros/humble/share/rosidl_adapter/cmake)
[0.268s] -- Using all available rosidl_typesupport_cpp: rosidl_typesupport_fastrtps_cpp;rosidl_typesupport_introspection_cpp
[0.286s] -- Found std_msgs: 4.9.0 (/opt/ros/humble/share/std_msgs/cmake)
[0.575s] -- Found ament_cmake_ros: 0.10.0 (/opt/ros/humble/share/ament_cmake_ros/cmake)
[0.743s] -- Using all available rosidl_typesupport_c: rosidl_typesupport_fastrtps_c;rosidl_typesupport_introspection_c
[0.969s] -- Using all available rosidl_typesupport_cpp: rosidl_typesupport_fastrtps_cpp;rosidl_typesupport_introspection_cpp
[0.987s] -- Found python_cmake_module: 0.10.0 (/opt/ros/humble/share/python_cmake_module/cmake)
[1.007s] -- Using PYTHON_EXECUTABLE: /usr/bin/python3
[1.007s] -- Using PYTHON_INCLUDE_DIRS: /usr/include/python3.10
[1.007s] -- Using PYTHON_LIBRARIES: /usr/lib/x86_64-linux-gnu/libpython3.10.so
[1.072s] -- Configuring done
[1.153s] -- Generating done
[1.163s] -- Build files have been written to: /home/user/roskit_ws/build/phidgets_msgs
[1.174s] Invoked command in '/home/user/roskit_ws/build/phidgets_msgs' returned '0': CMAKE_PREFIX_PATH=/home/user/roskit_ws/install/tracer_base:/home/user/roskit_ws/install/scout_base:/home/user/roskit_ws/install/ranger_base:/home/user/roskit_ws/install/hunter_base:/opt/ros/humble:/home/user/roskit_ws/install/ugv_sdk:/home/user/roskit_ws/install/ublox:/home/user/roskit_ws/install/ublox_gps:/home/user/roskit_ws/install/ublox_msgs:/home/user/roskit_ws/install/ublox_serialization:/home/user/roskit_ws/install/tracer_msgs:/home/user/roskit_ws/install/scout_msgs:/home/user/roskit_ws/install/scout_description:/home/user/roskit_ws/install/rslidar_sdk:/home/user/roskit_ws/install/rslidar_msg:/home/user/roskit_ws/install/ranger_msgs:/home/user/roskit_ws/install/ranger_bringup:/home/user/roskit_ws/install/phidgets_drivers:/home/user/roskit_ws/install/phidgets_temperature:/home/user/roskit_ws/install/phidgets_spatial:/home/user/roskit_ws/install/phidgets_motors:/home/user/roskit_ws/install/phidgets_ik:/home/user/roskit_ws/install/phidgets_high_speed_encoder:/home/user/roskit_ws/install/phidgets_digital_outputs:/home/user/roskit_ws/install/phidgets_analog_outputs:/home/user/roskit_ws/install/phidgets_msgs:/home/user/roskit_ws/install/phidgets_magnetometer:/home/user/roskit_ws/install/phidgets_gyroscope:/home/user/roskit_ws/install/phidgets_digital_inputs:/home/user/roskit_ws/install/phidgets_analog_inputs:/home/user/roskit_ws/install/phidgets_accelerometer:/home/user/roskit_ws/install/phidgets_api:/home/user/roskit_ws/install/ouster_ros:/home/user/roskit_ws/install/ouster_sensor_msgs:/home/user/roskit_ws/install/livox_ros_driver2:/home/user/roskit_ws/install/libphidget22:/home/user/roskit_ws/install/hunter_msgs:/home/user/roskit_ws/install/gr_description:/home/user/roskit_ws/install/gr_bringup /usr/bin/cmake /home/user/roskit_ws/src/phidgets_drivers/phidgets_msgs -DCMAKE_INSTALL_PREFIX=/home/user/roskit_ws/install/phidgets_msgs
[1.178s] Invoking command in '/home/user/roskit_ws/build/phidgets_msgs': CMAKE_PREFIX_PATH=/home/user/roskit_ws/install/tracer_base:/home/user/roskit_ws/install/scout_base:/home/user/roskit_ws/install/ranger_base:/home/user/roskit_ws/install/hunter_base:/opt/ros/humble:/home/user/roskit_ws/install/ugv_sdk:/home/user/roskit_ws/install/ublox:/home/user/roskit_ws/install/ublox_gps:/home/user/roskit_ws/install/ublox_msgs:/home/user/roskit_ws/install/ublox_serialization:/home/user/roskit_ws/install/tracer_msgs:/home/user/roskit_ws/install/scout_msgs:/home/user/roskit_ws/install/scout_description:/home/user/roskit_ws/install/rslidar_sdk:/home/user/roskit_ws/install/rslidar_msg:/home/user/roskit_ws/install/ranger_msgs:/home/user/roskit_ws/install/ranger_bringup:/home/user/roskit_ws/install/phidgets_drivers:/home/user/roskit_ws/install/phidgets_temperature:/home/user/roskit_ws/install/phidgets_spatial:/home/user/roskit_ws/install/phidgets_motors:/home/user/roskit_ws/install/phidgets_ik:/home/user/roskit_ws/install/phidgets_high_speed_encoder:/home/user/roskit_ws/install/phidgets_digital_outputs:/home/user/roskit_ws/install/phidgets_analog_outputs:/home/user/roskit_ws/install/phidgets_msgs:/home/user/roskit_ws/install/phidgets_magnetometer:/home/user/roskit_ws/install/phidgets_gyroscope:/home/user/roskit_ws/install/phidgets_digital_inputs:/home/user/roskit_ws/install/phidgets_analog_inputs:/home/user/roskit_ws/install/phidgets_accelerometer:/home/user/roskit_ws/install/phidgets_api:/home/user/roskit_ws/install/ouster_ros:/home/user/roskit_ws/install/ouster_sensor_msgs:/home/user/roskit_ws/install/livox_ros_driver2:/home/user/roskit_ws/install/libphidget22:/home/user/roskit_ws/install/hunter_msgs:/home/user/roskit_ws/install/gr_description:/home/user/roskit_ws/install/gr_bringup /usr/bin/cmake --build /home/user/roskit_ws/build/phidgets_msgs -- -j16 -l16
[1.385s] [35m[1mConsolidate compiler generated dependencies of target phidgets_msgs__rosidl_generator_c[0m
[1.385s] [  2%] Built target phidgets_msgs__cpp
[1.385s] [ 12%] Built target phidgets_msgs__rosidl_generator_c
[1.385s] [ 12%] Built target ament_cmake_python_symlink_phidgets_msgs
[1.385s] [35m[1mConsolidate compiler generated dependencies of target phidgets_msgs__rosidl_typesupport_c[0m
[1.385s] [35m[1mConsolidate compiler generated dependencies of target phidgets_msgs__rosidl_typesupport_introspection_cpp[0m
[1.385s] [35m[1mConsolidate compiler generated dependencies of target phidgets_msgs__rosidl_typesupport_introspection_c[0m
[1.385s] [35m[1mConsolidate compiler generated dependencies of target phidgets_msgs__rosidl_typesupport_cpp[0m
[1.385s] [35m[1mConsolidate compiler generated dependencies of target phidgets_msgs__rosidl_typesupport_fastrtps_cpp[0m
[1.385s] [35m[1mConsolidate compiler generated dependencies of target phidgets_msgs__rosidl_typesupport_fastrtps_c[0m
[1.385s] [ 23%] Built target phidgets_msgs__rosidl_typesupport_introspection_c
[1.385s] [ 34%] Built target phidgets_msgs__rosidl_typesupport_c
[1.385s] [ 44%] Built target phidgets_msgs__rosidl_typesupport_fastrtps_c
[1.385s] [ 65%] Built target phidgets_msgs__rosidl_typesupport_introspection_cpp
[1.385s] [ 55%] Built target phidgets_msgs__rosidl_typesupport_cpp
[1.385s] [ 76%] Built target phidgets_msgs__rosidl_typesupport_fastrtps_cpp
[1.385s] [ 76%] Built target phidgets_msgs
[1.455s] [ 78%] Built target phidgets_msgs__py
[1.492s] [35m[1mConsolidate compiler generated dependencies of target phidgets_msgs__rosidl_generator_py[0m
[1.550s] running egg_info
[1.550s] writing phidgets_msgs.egg-info/PKG-INFO
[1.551s] writing dependency_links to phidgets_msgs.egg-info/dependency_links.txt
[1.551s] writing top-level names to phidgets_msgs.egg-info/top_level.txt
[1.558s] reading manifest file 'phidgets_msgs.egg-info/SOURCES.txt'
[1.563s] writing manifest file 'phidgets_msgs.egg-info/SOURCES.txt'
[1.575s] [ 87%] Built target phidgets_msgs__rosidl_generator_py
[1.600s] [ 87%] Built target ament_cmake_python_build_phidgets_msgs_egg
[1.609s] [35m[1mConsolidate compiler generated dependencies of target phidgets_msgs__rosidl_typesupport_c__pyext[0m
[1.614s] [35m[1mConsolidate compiler generated dependencies of target phidgets_msgs__rosidl_typesupport_introspection_c__pyext[0m
[1.625s] [35m[1mConsolidate compiler generated dependencies of target phidgets_msgs__rosidl_typesupport_fastrtps_c__pyext[0m
[1.635s] [ 91%] Built target phidgets_msgs__rosidl_typesupport_c__pyext
[1.647s] [ 95%] Built target phidgets_msgs__rosidl_typesupport_introspection_c__pyext
[1.665s] [100%] Built target phidgets_msgs__rosidl_typesupport_fastrtps_c__pyext
[1.728s] Invoked command in '/home/user/roskit_ws/build/phidgets_msgs' returned '0': CMAKE_PREFIX_PATH=/home/user/roskit_ws/install/tracer_base:/home/user/roskit_ws/install/scout_base:/home/user/roskit_ws/install/ranger_base:/home/user/roskit_ws/install/hunter_base:/opt/ros/humble:/home/user/roskit_ws/install/ugv_sdk:/home/user/roskit_ws/install/ublox:/home/user/roskit_ws/install/ublox_gps:/home/user/roskit_ws/install/ublox_msgs:/home/user/roskit_ws/install/ublox_serialization:/home/user/roskit_ws/install/tracer_msgs:/home/user/roskit_ws/install/scout_msgs:/home/user/roskit_ws/install/scout_description:/home/user/roskit_ws/install/rslidar_sdk:/home/user/roskit_ws/install/rslidar_msg:/home/user/roskit_ws/install/ranger_msgs:/home/user/roskit_ws/install/ranger_bringup:/home/user/roskit_ws/install/phidgets_drivers:/home/user/roskit_ws/install/phidgets_temperature:/home/user/roskit_ws/install/phidgets_spatial:/home/user/roskit_ws/install/phidgets_motors:/home/user/roskit_ws/install/phidgets_ik:/home/user/roskit_ws/install/phidgets_high_speed_encoder:/home/user/roskit_ws/install/phidgets_digital_outputs:/home/user/roskit_ws/install/phidgets_analog_outputs:/home/user/roskit_ws/install/phidgets_msgs:/home/user/roskit_ws/install/phidgets_magnetometer:/home/user/roskit_ws/install/phidgets_gyroscope:/home/user/roskit_ws/install/phidgets_digital_inputs:/home/user/roskit_ws/install/phidgets_analog_inputs:/home/user/roskit_ws/install/phidgets_accelerometer:/home/user/roskit_ws/install/phidgets_api:/home/user/roskit_ws/install/ouster_ros:/home/user/roskit_ws/install/ouster_sensor_msgs:/home/user/roskit_ws/install/livox_ros_driver2:/home/user/roskit_ws/install/libphidget22:/home/user/roskit_ws/install/hunter_msgs:/home/user/roskit_ws/install/gr_description:/home/user/roskit_ws/install/gr_bringup /usr/bin/cmake --build /home/user/roskit_ws/build/phidgets_msgs -- -j16 -l16
[1.728s] Invoking command in '/home/user/roskit_ws/build/phidgets_msgs': CMAKE_PREFIX_PATH=/home/user/roskit_ws/install/tracer_base:/home/user/roskit_ws/install/scout_base:/home/user/roskit_ws/install/ranger_base:/home/user/roskit_ws/install/hunter_base:/opt/ros/humble:/home/user/roskit_ws/install/ugv_sdk:/home/user/roskit_ws/install/ublox:/home/user/roskit_ws/install/ublox_gps:/home/user/roskit_ws/install/ublox_msgs:/home/user/roskit_ws/install/ublox_serialization:/home/user/roskit_ws/install/tracer_msgs:/home/user/roskit_ws/install/scout_msgs:/home/user/roskit_ws/install/scout_description:/home/user/roskit_ws/install/rslidar_sdk:/home/user/roskit_ws/install/rslidar_msg:/home/user/roskit_ws/install/ranger_msgs:/home/user/roskit_ws/install/ranger_bringup:/home/user/roskit_ws/install/phidgets_drivers:/home/user/roskit_ws/install/phidgets_temperature:/home/user/roskit_ws/install/phidgets_spatial:/home/user/roskit_ws/install/phidgets_motors:/home/user/roskit_ws/install/phidgets_ik:/home/user/roskit_ws/install/phidgets_high_speed_encoder:/home/user/roskit_ws/install/phidgets_digital_outputs:/home/user/roskit_ws/install/phidgets_analog_outputs:/home/user/roskit_ws/install/phidgets_msgs:/home/user/roskit_ws/install/phidgets_magnetometer:/home/user/roskit_ws/install/phidgets_gyroscope:/home/user/roskit_ws/install/phidgets_digital_inputs:/home/user/roskit_ws/install/phidgets_analog_inputs:/home/user/roskit_ws/install/phidgets_accelerometer:/home/user/roskit_ws/install/phidgets_api:/home/user/roskit_ws/install/ouster_ros:/home/user/roskit_ws/install/ouster_sensor_msgs:/home/user/roskit_ws/install/livox_ros_driver2:/home/user/roskit_ws/install/libphidget22:/home/user/roskit_ws/install/hunter_msgs:/home/user/roskit_ws/install/gr_description:/home/user/roskit_ws/install/gr_bringup /usr/bin/cmake --install /home/user/roskit_ws/build/phidgets_msgs
[1.756s] -- Install configuration: "Release"
[1.756s] -- Execute custom install script
[1.757s] -- Up-to-date symlink: /home/user/roskit_ws/install/phidgets_msgs/share/ament_index/resource_index/rosidl_interfaces/phidgets_msgs
[1.757s] -- Up-to-date symlink: /home/user/roskit_ws/install/phidgets_msgs/include/phidgets_msgs/phidgets_msgs/msg/detail/encoder_decimated_speed__functions.h
[1.757s] -- Up-to-date symlink: /home/user/roskit_ws/install/phidgets_msgs/include/phidgets_msgs/phidgets_msgs/msg/detail/encoder_decimated_speed__struct.h
[1.757s] -- Up-to-date symlink: /home/user/roskit_ws/install/phidgets_msgs/include/phidgets_msgs/phidgets_msgs/msg/detail/encoder_decimated_speed__type_support.h
[1.757s] -- Up-to-date symlink: /home/user/roskit_ws/install/phidgets_msgs/include/phidgets_msgs/phidgets_msgs/msg/encoder_decimated_speed.h
[1.757s] -- Up-to-date symlink: /home/user/roskit_ws/install/phidgets_msgs/include/phidgets_msgs/phidgets_msgs/msg/rosidl_generator_c__visibility_control.h
[1.757s] -- Up-to-date symlink: /home/user/roskit_ws/install/phidgets_msgs/include/phidgets_msgs/phidgets_msgs/srv/detail/set_analog_output__functions.h
[1.757s] -- Up-to-date symlink: /home/user/roskit_ws/install/phidgets_msgs/include/phidgets_msgs/phidgets_msgs/srv/detail/set_analog_output__struct.h
[1.757s] -- Up-to-date symlink: /home/user/roskit_ws/install/phidgets_msgs/include/phidgets_msgs/phidgets_msgs/srv/detail/set_analog_output__type_support.h
[1.757s] -- Up-to-date symlink: /home/user/roskit_ws/install/phidgets_msgs/include/phidgets_msgs/phidgets_msgs/srv/detail/set_digital_output__functions.h
[1.757s] -- Up-to-date symlink: /home/user/roskit_ws/install/phidgets_msgs/include/phidgets_msgs/phidgets_msgs/srv/detail/set_digital_output__struct.h
[1.757s] -- Up-to-date symlink: /home/user/roskit_ws/install/phidgets_msgs/include/phidgets_msgs/phidgets_msgs/srv/detail/set_digital_output__type_support.h
[1.758s] -- Up-to-date symlink: /home/user/roskit_ws/install/phidgets_msgs/include/phidgets_msgs/phidgets_msgs/srv/set_analog_output.h
[1.759s] -- Up-to-date symlink: /home/user/roskit_ws/install/phidgets_msgs/include/phidgets_msgs/phidgets_msgs/srv/set_digital_output.h
[1.759s] -- Up-to-date symlink: /home/user/roskit_ws/install/phidgets_msgs/share/phidgets_msgs/environment/library_path.sh
[1.760s] -- Up-to-date symlink: /home/user/roskit_ws/install/phidgets_msgs/share/phidgets_msgs/environment/library_path.dsv
[1.761s] -- Up-to-date symlink: /home/user/roskit_ws/install/phidgets_msgs/include/phidgets_msgs/phidgets_msgs/msg/detail/encoder_decimated_speed__rosidl_typesupport_fastrtps_c.h
[1.761s] -- Up-to-date symlink: /home/user/roskit_ws/install/phidgets_msgs/include/phidgets_msgs/phidgets_msgs/msg/rosidl_typesupport_fastrtps_c__visibility_control.h
[1.761s] -- Up-to-date symlink: /home/user/roskit_ws/install/phidgets_msgs/include/phidgets_msgs/phidgets_msgs/srv/detail/set_analog_output__rosidl_typesupport_fastrtps_c.h
[1.762s] -- Up-to-date symlink: /home/user/roskit_ws/install/phidgets_msgs/include/phidgets_msgs/phidgets_msgs/srv/detail/set_digital_output__rosidl_typesupport_fastrtps_c.h
[1.762s] -- Up-to-date symlink: /home/user/roskit_ws/install/phidgets_msgs/include/phidgets_msgs/phidgets_msgs/msg/detail/encoder_decimated_speed__rosidl_typesupport_introspection_c.h
[1.764s] -- Up-to-date symlink: /home/user/roskit_ws/install/phidgets_msgs/include/phidgets_msgs/phidgets_msgs/msg/rosidl_typesupport_introspection_c__visibility_control.h
[1.764s] -- Up-to-date symlink: /home/user/roskit_ws/install/phidgets_msgs/include/phidgets_msgs/phidgets_msgs/srv/detail/set_analog_output__rosidl_typesupport_introspection_c.h
[1.764s] -- Up-to-date symlink: /home/user/roskit_ws/install/phidgets_msgs/include/phidgets_msgs/phidgets_msgs/srv/detail/set_digital_output__rosidl_typesupport_introspection_c.h
[1.765s] -- Up-to-date symlink: /home/user/roskit_ws/install/phidgets_msgs/include/phidgets_msgs/phidgets_msgs/msg/detail/encoder_decimated_speed__builder.hpp
[1.765s] -- Up-to-date symlink: /home/user/roskit_ws/install/phidgets_msgs/include/phidgets_msgs/phidgets_msgs/msg/detail/encoder_decimated_speed__struct.hpp
[1.765s] -- Up-to-date symlink: /home/user/roskit_ws/install/phidgets_msgs/include/phidgets_msgs/phidgets_msgs/msg/detail/encoder_decimated_speed__traits.hpp
[1.765s] -- Up-to-date symlink: /home/user/roskit_ws/install/phidgets_msgs/include/phidgets_msgs/phidgets_msgs/msg/detail/encoder_decimated_speed__type_support.hpp
[1.765s] -- Up-to-date symlink: /home/user/roskit_ws/install/phidgets_msgs/include/phidgets_msgs/phidgets_msgs/msg/encoder_decimated_speed.hpp
[1.765s] -- Up-to-date symlink: /home/user/roskit_ws/install/phidgets_msgs/include/phidgets_msgs/phidgets_msgs/msg/rosidl_generator_cpp__visibility_control.hpp
[1.766s] -- Up-to-date symlink: /home/user/roskit_ws/install/phidgets_msgs/include/phidgets_msgs/phidgets_msgs/srv/detail/set_analog_output__builder.hpp
[1.766s] -- Up-to-date symlink: /home/user/roskit_ws/install/phidgets_msgs/include/phidgets_msgs/phidgets_msgs/srv/detail/set_analog_output__struct.hpp
[1.766s] -- Up-to-date symlink: /home/user/roskit_ws/install/phidgets_msgs/include/phidgets_msgs/phidgets_msgs/srv/detail/set_analog_output__traits.hpp
[1.766s] -- Up-to-date symlink: /home/user/roskit_ws/install/phidgets_msgs/include/phidgets_msgs/phidgets_msgs/srv/detail/set_analog_output__type_support.hpp
[1.766s] -- Up-to-date symlink: /home/user/roskit_ws/install/phidgets_msgs/include/phidgets_msgs/phidgets_msgs/srv/detail/set_digital_output__builder.hpp
[1.766s] -- Up-to-date symlink: /home/user/roskit_ws/install/phidgets_msgs/include/phidgets_msgs/phidgets_msgs/srv/detail/set_digital_output__struct.hpp
[1.766s] -- Up-to-date symlink: /home/user/roskit_ws/install/phidgets_msgs/include/phidgets_msgs/phidgets_msgs/srv/detail/set_digital_output__traits.hpp
[1.766s] -- Up-to-date symlink: /home/user/roskit_ws/install/phidgets_msgs/include/phidgets_msgs/phidgets_msgs/srv/detail/set_digital_output__type_support.hpp
[1.766s] -- Up-to-date symlink: /home/user/roskit_ws/install/phidgets_msgs/include/phidgets_msgs/phidgets_msgs/srv/set_analog_output.hpp
[1.766s] -- Up-to-date symlink: /home/user/roskit_ws/install/phidgets_msgs/include/phidgets_msgs/phidgets_msgs/srv/set_digital_output.hpp
[1.766s] -- Up-to-date symlink: /home/user/roskit_ws/install/phidgets_msgs/include/phidgets_msgs/phidgets_msgs/msg/detail/encoder_decimated_speed__rosidl_typesupport_fastrtps_cpp.hpp
[1.766s] -- Up-to-date symlink: /home/user/roskit_ws/install/phidgets_msgs/include/phidgets_msgs/phidgets_msgs/msg/rosidl_typesupport_fastrtps_cpp__visibility_control.h
[1.766s] -- Up-to-date symlink: /home/user/roskit_ws/install/phidgets_msgs/include/phidgets_msgs/phidgets_msgs/srv/detail/set_analog_output__rosidl_typesupport_fastrtps_cpp.hpp
[1.766s] -- Up-to-date symlink: /home/user/roskit_ws/install/phidgets_msgs/include/phidgets_msgs/phidgets_msgs/srv/detail/set_digital_output__rosidl_typesupport_fastrtps_cpp.hpp
[1.766s] -- Up-to-date symlink: /home/user/roskit_ws/install/phidgets_msgs/include/phidgets_msgs/phidgets_msgs/msg/detail/encoder_decimated_speed__rosidl_typesupport_introspection_cpp.hpp
[1.766s] -- Up-to-date symlink: /home/user/roskit_ws/install/phidgets_msgs/include/phidgets_msgs/phidgets_msgs/srv/detail/set_analog_output__rosidl_typesupport_introspection_cpp.hpp
[1.766s] -- Up-to-date symlink: /home/user/roskit_ws/install/phidgets_msgs/include/phidgets_msgs/phidgets_msgs/srv/detail/set_digital_output__rosidl_typesupport_introspection_cpp.hpp
[1.766s] -- Up-to-date symlink: /home/user/roskit_ws/install/phidgets_msgs/share/phidgets_msgs/environment/pythonpath.sh
[1.766s] -- Up-to-date symlink: /home/user/roskit_ws/install/phidgets_msgs/share/phidgets_msgs/environment/pythonpath.dsv
[1.766s] -- Up-to-date symlink: /home/user/roskit_ws/install/phidgets_msgs/local/lib/python3.10/dist-packages/phidgets_msgs-2.3.3-py3.10.egg-info/PKG-INFO
[1.766s] -- Up-to-date symlink: /home/user/roskit_ws/install/phidgets_msgs/local/lib/python3.10/dist-packages/phidgets_msgs-2.3.3-py3.10.egg-info/SOURCES.txt
[1.766s] -- Up-to-date symlink: /home/user/roskit_ws/install/phidgets_msgs/local/lib/python3.10/dist-packages/phidgets_msgs-2.3.3-py3.10.egg-info/dependency_links.txt
[1.766s] -- Up-to-date symlink: /home/user/roskit_ws/install/phidgets_msgs/local/lib/python3.10/dist-packages/phidgets_msgs-2.3.3-py3.10.egg-info/top_level.txt
[1.766s] -- Up-to-date symlink: /home/user/roskit_ws/install/phidgets_msgs/local/lib/python3.10/dist-packages/phidgets_msgs/__init__.py
[1.766s] -- Up-to-date symlink: /home/user/roskit_ws/install/phidgets_msgs/local/lib/python3.10/dist-packages/phidgets_msgs/_phidgets_msgs_s.ep.rosidl_typesupport_c.c
[1.766s] -- Up-to-date symlink: /home/user/roskit_ws/install/phidgets_msgs/local/lib/python3.10/dist-packages/phidgets_msgs/_phidgets_msgs_s.ep.rosidl_typesupport_fastrtps_c.c
[1.766s] -- Up-to-date symlink: /home/user/roskit_ws/install/phidgets_msgs/local/lib/python3.10/dist-packages/phidgets_msgs/_phidgets_msgs_s.ep.rosidl_typesupport_introspection_c.c
[1.766s] -- Up-to-date symlink: /home/user/roskit_ws/install/phidgets_msgs/local/lib/python3.10/dist-packages/phidgets_msgs/libphidgets_msgs__rosidl_generator_py.so
[1.766s] -- Up-to-date symlink: /home/user/roskit_ws/install/phidgets_msgs/local/lib/python3.10/dist-packages/phidgets_msgs/msg/__init__.py
[1.766s] -- Up-to-date symlink: /home/user/roskit_ws/install/phidgets_msgs/local/lib/python3.10/dist-packages/phidgets_msgs/msg/_encoder_decimated_speed.py
[1.766s] -- Up-to-date symlink: /home/user/roskit_ws/install/phidgets_msgs/local/lib/python3.10/dist-packages/phidgets_msgs/msg/_encoder_decimated_speed_s.c
[1.766s] -- Up-to-date symlink: /home/user/roskit_ws/install/phidgets_msgs/local/lib/python3.10/dist-packages/phidgets_msgs/phidgets_msgs_s__rosidl_typesupport_c.cpython-310-x86_64-linux-gnu.so
[1.767s] -- Up-to-date symlink: /home/user/roskit_ws/install/phidgets_msgs/local/lib/python3.10/dist-packages/phidgets_msgs/phidgets_msgs_s__rosidl_typesupport_fastrtps_c.cpython-310-x86_64-linux-gnu.so
[1.767s] -- Up-to-date symlink: /home/user/roskit_ws/install/phidgets_msgs/local/lib/python3.10/dist-packages/phidgets_msgs/phidgets_msgs_s__rosidl_typesupport_introspection_c.cpython-310-x86_64-linux-gnu.so
[1.767s] -- Up-to-date symlink: /home/user/roskit_ws/install/phidgets_msgs/local/lib/python3.10/dist-packages/phidgets_msgs/srv/__init__.py
[1.767s] -- Up-to-date symlink: /home/user/roskit_ws/install/phidgets_msgs/local/lib/python3.10/dist-packages/phidgets_msgs/srv/_set_analog_output.py
[1.767s] -- Up-to-date symlink: /home/user/roskit_ws/install/phidgets_msgs/local/lib/python3.10/dist-packages/phidgets_msgs/srv/_set_analog_output_s.c
[1.767s] -- Up-to-date symlink: /home/user/roskit_ws/install/phidgets_msgs/local/lib/python3.10/dist-packages/phidgets_msgs/srv/_set_digital_output.py
[1.767s] -- Up-to-date symlink: /home/user/roskit_ws/install/phidgets_msgs/local/lib/python3.10/dist-packages/phidgets_msgs/srv/_set_digital_output_s.c
[1.767s] -- Up-to-date symlink: /home/user/roskit_ws/install/phidgets_msgs/local/lib/python3.10/dist-packages/phidgets_msgs/phidgets_msgs_s__rosidl_typesupport_fastrtps_c.cpython-310-x86_64-linux-gnu.so
[1.767s] -- Up-to-date symlink: /home/user/roskit_ws/install/phidgets_msgs/local/lib/python3.10/dist-packages/phidgets_msgs/phidgets_msgs_s__rosidl_typesupport_introspection_c.cpython-310-x86_64-linux-gnu.so
[1.767s] -- Up-to-date symlink: /home/user/roskit_ws/install/phidgets_msgs/local/lib/python3.10/dist-packages/phidgets_msgs/phidgets_msgs_s__rosidl_typesupport_c.cpython-310-x86_64-linux-gnu.so
[1.767s] -- Up-to-date symlink: /home/user/roskit_ws/install/phidgets_msgs/share/phidgets_msgs/srv/SetAnalogOutput.idl
[1.767s] -- Up-to-date symlink: /home/user/roskit_ws/install/phidgets_msgs/share/phidgets_msgs/srv/SetDigitalOutput.idl
[1.768s] -- Up-to-date symlink: /home/user/roskit_ws/install/phidgets_msgs/share/phidgets_msgs/msg/EncoderDecimatedSpeed.idl
[1.768s] -- Up-to-date symlink: /home/user/roskit_ws/install/phidgets_msgs/share/phidgets_msgs/srv/SetAnalogOutput.srv
[1.768s] -- Up-to-date symlink: /home/user/roskit_ws/install/phidgets_msgs/share/phidgets_msgs/srv/SetAnalogOutput_Request.msg
[1.768s] -- Up-to-date symlink: /home/user/roskit_ws/install/phidgets_msgs/share/phidgets_msgs/srv/SetAnalogOutput_Response.msg
[1.769s] -- Up-to-date symlink: /home/user/roskit_ws/install/phidgets_msgs/share/phidgets_msgs/srv/SetDigitalOutput.srv
[1.769s] -- Up-to-date symlink: /home/user/roskit_ws/install/phidgets_msgs/share/phidgets_msgs/srv/SetDigitalOutput_Request.msg
[1.769s] -- Up-to-date symlink: /home/user/roskit_ws/install/phidgets_msgs/share/phidgets_msgs/srv/SetDigitalOutput_Response.msg
[1.769s] -- Up-to-date symlink: /home/user/roskit_ws/install/phidgets_msgs/share/phidgets_msgs/msg/EncoderDecimatedSpeed.msg
[1.769s] -- Up-to-date symlink: /home/user/roskit_ws/install/phidgets_msgs/share/ament_index/resource_index/package_run_dependencies/phidgets_msgs
[1.770s] -- Up-to-date symlink: /home/user/roskit_ws/install/phidgets_msgs/share/ament_index/resource_index/parent_prefix_path/phidgets_msgs
[1.770s] -- Up-to-date symlink: /home/user/roskit_ws/install/phidgets_msgs/share/phidgets_msgs/environment/ament_prefix_path.sh
[1.770s] -- Up-to-date symlink: /home/user/roskit_ws/install/phidgets_msgs/share/phidgets_msgs/environment/ament_prefix_path.dsv
[1.770s] -- Up-to-date symlink: /home/user/roskit_ws/install/phidgets_msgs/share/phidgets_msgs/environment/path.sh
[1.770s] -- Up-to-date symlink: /home/user/roskit_ws/install/phidgets_msgs/share/phidgets_msgs/environment/path.dsv
[1.771s] -- Up-to-date symlink: /home/user/roskit_ws/install/phidgets_msgs/share/phidgets_msgs/local_setup.bash
[1.771s] -- Up-to-date symlink: /home/user/roskit_ws/install/phidgets_msgs/share/phidgets_msgs/local_setup.sh
[1.771s] -- Up-to-date symlink: /home/user/roskit_ws/install/phidgets_msgs/share/phidgets_msgs/local_setup.zsh
[1.771s] -- Up-to-date symlink: /home/user/roskit_ws/install/phidgets_msgs/share/phidgets_msgs/local_setup.dsv
[1.771s] -- Symlinking: /home/user/roskit_ws/install/phidgets_msgs/share/phidgets_msgs/package.dsv
[1.773s] -- Up-to-date symlink: /home/user/roskit_ws/install/phidgets_msgs/share/ament_index/resource_index/packages/phidgets_msgs
[1.773s] -- Up-to-date symlink: /home/user/roskit_ws/install/phidgets_msgs/share/phidgets_msgs/cmake/rosidl_cmake-extras.cmake
[1.773s] -- Up-to-date symlink: /home/user/roskit_ws/install/phidgets_msgs/share/phidgets_msgs/cmake/ament_cmake_export_dependencies-extras.cmake
[1.773s] -- Up-to-date symlink: /home/user/roskit_ws/install/phidgets_msgs/share/phidgets_msgs/cmake/ament_cmake_export_include_directories-extras.cmake
[1.773s] -- Up-to-date symlink: /home/user/roskit_ws/install/phidgets_msgs/share/phidgets_msgs/cmake/ament_cmake_export_libraries-extras.cmake
[1.773s] -- Up-to-date symlink: /home/user/roskit_ws/install/phidgets_msgs/share/phidgets_msgs/cmake/ament_cmake_export_targets-extras.cmake
[1.773s] -- Up-to-date symlink: /home/user/roskit_ws/install/phidgets_msgs/share/phidgets_msgs/cmake/rosidl_cmake_export_typesupport_targets-extras.cmake
[1.773s] -- Up-to-date symlink: /home/user/roskit_ws/install/phidgets_msgs/share/phidgets_msgs/cmake/rosidl_cmake_export_typesupport_libraries-extras.cmake
[1.773s] -- Up-to-date symlink: /home/user/roskit_ws/install/phidgets_msgs/share/phidgets_msgs/cmake/phidgets_msgsConfig.cmake
[1.773s] -- Up-to-date symlink: /home/user/roskit_ws/install/phidgets_msgs/share/phidgets_msgs/cmake/phidgets_msgsConfig-version.cmake
[1.773s] -- Up-to-date symlink: /home/user/roskit_ws/install/phidgets_msgs/share/phidgets_msgs/package.xml
[1.773s] -- Up-to-date: /home/user/roskit_ws/install/phidgets_msgs/lib/libphidgets_msgs__rosidl_generator_c.so
[1.773s] -- Up-to-date: /home/user/roskit_ws/install/phidgets_msgs/lib/libphidgets_msgs__rosidl_typesupport_fastrtps_c.so
[1.773s] -- Up-to-date: /home/user/roskit_ws/install/phidgets_msgs/lib/libphidgets_msgs__rosidl_typesupport_introspection_c.so
[1.773s] -- Up-to-date: /home/user/roskit_ws/install/phidgets_msgs/lib/libphidgets_msgs__rosidl_typesupport_c.so
[1.773s] -- Up-to-date: /home/user/roskit_ws/install/phidgets_msgs/lib/libphidgets_msgs__rosidl_typesupport_fastrtps_cpp.so
[1.773s] -- Up-to-date: /home/user/roskit_ws/install/phidgets_msgs/lib/libphidgets_msgs__rosidl_typesupport_introspection_cpp.so
[1.774s] -- Up-to-date: /home/user/roskit_ws/install/phidgets_msgs/lib/libphidgets_msgs__rosidl_typesupport_cpp.so
[1.799s] Listing '/home/user/roskit_ws/install/phidgets_msgs/local/lib/python3.10/dist-packages/phidgets_msgs'...
[1.799s] Compiling '/home/user/roskit_ws/install/phidgets_msgs/local/lib/python3.10/dist-packages/phidgets_msgs/__init__.py'...
[1.799s] Listing '/home/user/roskit_ws/install/phidgets_msgs/local/lib/python3.10/dist-packages/phidgets_msgs/msg'...
[1.800s] Listing '/home/user/roskit_ws/install/phidgets_msgs/local/lib/python3.10/dist-packages/phidgets_msgs/srv'...
[1.805s] -- Up-to-date: /home/user/roskit_ws/install/phidgets_msgs/lib/libphidgets_msgs__rosidl_generator_py.so
[1.805s] -- Up-to-date: /home/user/roskit_ws/install/phidgets_msgs/share/phidgets_msgs/cmake/export_phidgets_msgs__rosidl_generator_cExport.cmake
[1.805s] -- Up-to-date: /home/user/roskit_ws/install/phidgets_msgs/share/phidgets_msgs/cmake/export_phidgets_msgs__rosidl_generator_cExport-release.cmake
[1.805s] -- Up-to-date: /home/user/roskit_ws/install/phidgets_msgs/share/phidgets_msgs/cmake/export_phidgets_msgs__rosidl_typesupport_fastrtps_cExport.cmake
[1.805s] -- Up-to-date: /home/user/roskit_ws/install/phidgets_msgs/share/phidgets_msgs/cmake/export_phidgets_msgs__rosidl_typesupport_fastrtps_cExport-release.cmake
[1.805s] -- Up-to-date: /home/user/roskit_ws/install/phidgets_msgs/share/phidgets_msgs/cmake/phidgets_msgs__rosidl_typesupport_introspection_cExport.cmake
[1.805s] -- Up-to-date: /home/user/roskit_ws/install/phidgets_msgs/share/phidgets_msgs/cmake/phidgets_msgs__rosidl_typesupport_introspection_cExport-release.cmake
[1.805s] -- Up-to-date: /home/user/roskit_ws/install/phidgets_msgs/share/phidgets_msgs/cmake/phidgets_msgs__rosidl_typesupport_cExport.cmake
[1.805s] -- Up-to-date: /home/user/roskit_ws/install/phidgets_msgs/share/phidgets_msgs/cmake/phidgets_msgs__rosidl_typesupport_cExport-release.cmake
[1.805s] -- Up-to-date: /home/user/roskit_ws/install/phidgets_msgs/share/phidgets_msgs/cmake/export_phidgets_msgs__rosidl_generator_cppExport.cmake
[1.805s] -- Up-to-date: /home/user/roskit_ws/install/phidgets_msgs/share/phidgets_msgs/cmake/export_phidgets_msgs__rosidl_typesupport_fastrtps_cppExport.cmake
[1.805s] -- Up-to-date: /home/user/roskit_ws/install/phidgets_msgs/share/phidgets_msgs/cmake/export_phidgets_msgs__rosidl_typesupport_fastrtps_cppExport-release.cmake
[1.805s] -- Up-to-date: /home/user/roskit_ws/install/phidgets_msgs/share/phidgets_msgs/cmake/phidgets_msgs__rosidl_typesupport_introspection_cppExport.cmake
[1.805s] -- Up-to-date: /home/user/roskit_ws/install/phidgets_msgs/share/phidgets_msgs/cmake/phidgets_msgs__rosidl_typesupport_introspection_cppExport-release.cmake
[1.805s] -- Up-to-date: /home/user/roskit_ws/install/phidgets_msgs/share/phidgets_msgs/cmake/phidgets_msgs__rosidl_typesupport_cppExport.cmake
[1.805s] -- Up-to-date: /home/user/roskit_ws/install/phidgets_msgs/share/phidgets_msgs/cmake/phidgets_msgs__rosidl_typesupport_cppExport-release.cmake
[1.805s] -- Up-to-date: /home/user/roskit_ws/install/phidgets_msgs/share/phidgets_msgs/cmake/export_phidgets_msgs__rosidl_generator_pyExport.cmake
[1.805s] -- Up-to-date: /home/user/roskit_ws/install/phidgets_msgs/share/phidgets_msgs/cmake/export_phidgets_msgs__rosidl_generator_pyExport-release.cmake
[1.895s] Invoked command in '/home/user/roskit_ws/build/phidgets_msgs' returned '0': CMAKE_PREFIX_PATH=/home/user/roskit_ws/install/tracer_base:/home/user/roskit_ws/install/scout_base:/home/user/roskit_ws/install/ranger_base:/home/user/roskit_ws/install/hunter_base:/opt/ros/humble:/home/user/roskit_ws/install/ugv_sdk:/home/user/roskit_ws/install/ublox:/home/user/roskit_ws/install/ublox_gps:/home/user/roskit_ws/install/ublox_msgs:/home/user/roskit_ws/install/ublox_serialization:/home/user/roskit_ws/install/tracer_msgs:/home/user/roskit_ws/install/scout_msgs:/home/user/roskit_ws/install/scout_description:/home/user/roskit_ws/install/rslidar_sdk:/home/user/roskit_ws/install/rslidar_msg:/home/user/roskit_ws/install/ranger_msgs:/home/user/roskit_ws/install/ranger_bringup:/home/user/roskit_ws/install/phidgets_drivers:/home/user/roskit_ws/install/phidgets_temperature:/home/user/roskit_ws/install/phidgets_spatial:/home/user/roskit_ws/install/phidgets_motors:/home/user/roskit_ws/install/phidgets_ik:/home/user/roskit_ws/install/phidgets_high_speed_encoder:/home/user/roskit_ws/install/phidgets_digital_outputs:/home/user/roskit_ws/install/phidgets_analog_outputs:/home/user/roskit_ws/install/phidgets_msgs:/home/user/roskit_ws/install/phidgets_magnetometer:/home/user/roskit_ws/install/phidgets_gyroscope:/home/user/roskit_ws/install/phidgets_digital_inputs:/home/user/roskit_ws/install/phidgets_analog_inputs:/home/user/roskit_ws/install/phidgets_accelerometer:/home/user/roskit_ws/install/phidgets_api:/home/user/roskit_ws/install/ouster_ros:/home/user/roskit_ws/install/ouster_sensor_msgs:/home/user/roskit_ws/install/livox_ros_driver2:/home/user/roskit_ws/install/libphidget22:/home/user/roskit_ws/install/hunter_msgs:/home/user/roskit_ws/install/gr_description:/home/user/roskit_ws/install/gr_bringup /usr/bin/cmake --install /home/user/roskit_ws/build/phidgets_msgs
