[0.031s] Invoking command in '/home/user/roskit_ws/build/livox_ros_driver2': /usr/bin/cmake /home/user/roskit_ws/src/livox_ros_driver2 -DCMAKE_BUILD_TYPE=Release -DAMENT_CMAKE_SYMLINK_INSTALL=1 -DCMAKE_INSTALL_PREFIX=/home/user/roskit_ws/install/livox_ros_driver2
[0.069s] -- livox_ros_driver2 version: 1.2.4
[0.069s] -- Configuring incomplete, errors occurred!
[0.069s] See also "/home/user/roskit_ws/build/livox_ros_driver2/CMakeFiles/CMakeOutput.log".
[0.069s] [31mCMake Error at CMakeLists.txt:224 (find_package):
[0.069s]   By not providing "Findament_cmake_auto.cmake" in CMAKE_MODULE_PATH this
[0.069s]   project has asked CMake to find a package configuration file provided by
[0.070s]   "ament_cmake_auto", but CMake did not find one.
[0.070s] 
[0.070s]   Could not find a package configuration file provided by "ament_cmake_auto"
[0.070s]   with any of the following names:
[0.070s] 
[0.070s]     ament_cmake_autoConfig.cmake
[0.070s]     ament_cmake_auto-config.cmake
[0.070s] 
[0.070s]   Add the installation prefix of "ament_cmake_auto" to CMAKE_PREFIX_PATH or
[0.070s]   set "ament_cmake_auto_DIR" to a directory containing one of the above
[0.070s]   files.  If "ament_cmake_auto" provides a separate development package or
[0.070s]   SDK, be sure it has been installed.
[0.070s] 
[0.070s] [0m
[0.080s] Invoked command in '/home/user/roskit_ws/build/livox_ros_driver2' returned '1': /usr/bin/cmake /home/user/roskit_ws/src/livox_ros_driver2 -DCMAKE_BUILD_TYPE=Release -DAMENT_CMAKE_SYMLINK_INSTALL=1 -DCMAKE_INSTALL_PREFIX=/home/user/roskit_ws/install/livox_ros_driver2
