[0.041s] Invoking command in '/home/user/roskit_ws/build/ugv_sdk': /usr/bin/cmake --build /home/user/roskit_ws/build/ugv_sdk -- -j16 -l16
[0.077s] [  3%] [32mBuilding CXX object CMakeFiles/ugv_sdk.dir/src/async_port/async_serial.cpp.o[0m
[0.077s] [ 10%] [32mBuilding CXX object CMakeFiles/ugv_sdk.dir/src/utilities/protocol_detector.cpp.o[0m
[0.077s] [ 10%] [32mBuilding CXX object CMakeFiles/ugv_sdk.dir/src/async_port/async_can.cpp.o[0m
[0.077s] [ 14%] [32mBuilding CXX object CMakeFiles/ugv_sdk.dir/src/mobile_robot/bunker_robot.cpp.o[0m
[0.077s] [ 21%] [32mBuilding CXX object CMakeFiles/ugv_sdk.dir/src/mobile_robot/titan_robot.cpp.o[0m
[0.077s] [ 21%] [32mBuilding CXX object CMakeFiles/ugv_sdk.dir/src/mobile_robot/scout_robot.cpp.o[0m
[0.077s] [ 25%] [32mBuilding CXX object CMakeFiles/ugv_sdk.dir/src/mobile_robot/hunter_robot.cpp.o[0m
[0.077s] [ 28%] [32mBuilding CXX object CMakeFiles/ugv_sdk.dir/src/mobile_robot/ranger_robot.cpp.o[0m
[0.077s] [ 32%] [32mBuilding CXX object CMakeFiles/ugv_sdk.dir/src/protocol_v2/protocol_v2_parser.cpp.o[0m
[0.077s] [ 35%] [32mBuilding C object CMakeFiles/ugv_sdk.dir/src/protocol_v1/agilex_msg_parser_v1.c.o[0m
[0.101s] [ 39%] [32mBuilding C object CMakeFiles/ugv_sdk.dir/src/protocol_v2/agilex_msg_parser_v2.c.o[0m
[4.050s] [ 42%] [32m[1mLinking CXX static library lib/libugv_sdk.a[0m
[4.164s] [ 42%] Built target ugv_sdk
[4.194s] [ 46%] [32mBuilding CXX object sample/scout_demo/CMakeFiles/demo_scout_robot.dir/scout_robot_demo.cpp.o[0m
[4.197s] [ 50%] [32mBuilding CXX object sample/scout_demo/CMakeFiles/demo_scout_mini_omni_robot.dir/scout_mini_omni_demo.cpp.o[0m
[4.203s] [ 53%] [32mBuilding CXX object sample/bunker_demo/CMakeFiles/demo_bunker_robot.dir/bunker_robot_demo.cpp.o[0m
[4.214s] [ 57%] [32mBuilding CXX object sample/hunter_demo/CMakeFiles/demo_hunter_robot.dir/hunter_robot_demo.cpp.o[0m
[4.215s] [ 60%] [32mBuilding CXX object sample/ranger_demo/CMakeFiles/demo_ranger_robot.dir/ranger_robot_demo.cpp.o[0m
[4.216s] [ 67%] [32mBuilding CXX object sample/tracer_demo/CMakeFiles/demo_tracer_robot.dir/tracer_robot_demo.cpp.o[0m
[4.216s] [ 67%] [32mBuilding CXX object sample/utils_demo/CMakeFiles/demo_protocol_detector.dir/demo_protocol_detector.cpp.o[0m
[4.224s] [ 71%] [32mBuilding CXX object sample/utils_demo/CMakeFiles/demo_robot_version.dir/demo_robot_version.cpp.o[0m
[4.679s] [ 75%] [32m[1mLinking CXX executable ../../bin/demo_bunker_robot[0m
[4.740s] [ 75%] Built target demo_bunker_robot
[6.373s] [ 78%] [32m[1mLinking CXX executable ../../bin/demo_hunter_robot[0m
[6.441s] [ 82%] [32m[1mLinking CXX executable ../../bin/demo_scout_robot[0m
[6.488s] [ 82%] Built target demo_hunter_robot
[6.496s] [ 85%] [32m[1mLinking CXX executable ../../bin/demo_tracer_robot[0m
[6.510s] [ 85%] Built target demo_scout_robot
[6.573s] [ 85%] Built target demo_tracer_robot
[6.745s] [ 89%] [32m[1mLinking CXX executable ../../bin/demo_scout_mini_omni_robot[0m
[6.857s] [ 92%] [32m[1mLinking CXX executable ../../bin/demo_ranger_robot[0m
[6.935s] [ 92%] Built target demo_scout_mini_omni_robot
[7.016s] [ 92%] Built target demo_ranger_robot
[7.337s] [ 96%] [32m[1mLinking CXX executable ../../bin/demo_robot_version[0m
[7.488s] [ 96%] Built target demo_robot_version
[8.819s] [100%] [32m[1mLinking CXX executable ../../bin/demo_protocol_detector[0m
[9.104s] [100%] Built target demo_protocol_detector
