[0.036s] Invoking command in '/home/user/roskit_ws/build/rslidar_msg': /usr/bin/cmake /home/user/roskit_ws/src/rslidar_msg -DCMAKE_BUILD_TYPE=Release -DAMENT_CMAKE_SYMLINK_INSTALL=1 -DCMAKE_INSTALL_PREFIX=/home/user/roskit_ws/install/rslidar_msg
[0.085s] -- Configuring incomplete, errors occurred!
[0.088s] See also "/home/user/roskit_ws/build/rslidar_msg/CMakeFiles/CMakeOutput.log".
[0.089s] [31mCMake Error at CMakeLists.txt:19 (find_package):
[0.089s]   By not providing "Findament_cmake.cmake" in CMAKE_MODULE_PATH this project
[0.089s]   has asked CMake to find a package configuration file provided by
[0.089s]   "ament_cmake", but CMake did not find one.
[0.089s] 
[0.089s]   Could not find a package configuration file provided by "ament_cmake" with
[0.089s]   any of the following names:
[0.089s] 
[0.089s]     ament_cmakeConfig.cmake
[0.089s]     ament_cmake-config.cmake
[0.089s] 
[0.089s]   Add the installation prefix of "ament_cmake" to CMAKE_PREFIX_PATH or set
[0.089s]   "ament_cmake_DIR" to a directory containing one of the above files.  If
[0.089s]   "ament_cmake" provides a separate development package or SDK, be sure it
[0.089s]   has been installed.
[0.089s] 
[0.089s] [0m
[0.171s] Invoked command in '/home/user/roskit_ws/build/rslidar_msg' returned '1': /usr/bin/cmake /home/user/roskit_ws/src/rslidar_msg -DCMAKE_BUILD_TYPE=Release -DAMENT_CMAKE_SYMLINK_INSTALL=1 -DCMAKE_INSTALL_PREFIX=/home/user/roskit_ws/install/rslidar_msg
