[0.028s] Invoking command in '/home/user/roskit_ws/build/rslidar_msg': /usr/bin/cmake /home/user/roskit_ws/src/rslidar_msg -DCMAKE_BUILD_TYPE=Release -DAMENT_CMAKE_SYMLINK_INSTALL=1 -DCMAKE_INSTALL_PREFIX=/home/user/roskit_ws/install/rslidar_msg
[0.257s] -- The C compiler identification is GNU 11.4.0
[0.257s] -- The CXX compiler identification is GNU 11.4.0
[0.257s] -- Detecting C compiler ABI info
[0.257s] -- Detecting C compiler ABI info - done
[0.257s] -- Check for working C compiler: /usr/lib/ccache/cc - skipped
[0.257s] -- Detecting C compile features
[0.257s] -- Detecting C compile features - done
[0.257s] -- Detecting CXX compiler ABI info
[0.257s] -- Detecting CXX compiler ABI info - done
[0.257s] -- Check for working CXX compiler: /usr/lib/ccache/c++ - skipped
[0.257s] -- Detecting CXX compile features
[0.257s] -- Detecting CXX compile features - done
[0.262s] [31mCMake Error at CMakeLists.txt:19 (find_package):
[0.262s]   By not providing "Findament_cmake.cmake" in CMAKE_MODULE_PATH this project
[0.262s]   has asked CMake to find a package configuration file provided by
[0.262s]   "ament_cmake", but CMake did not find one.
[0.262s] 
[0.262s]   Could not find a package configuration file provided by "ament_cmake" with
[0.262s]   any of the following names:
[0.262s] 
[0.262s]     ament_cmakeConfig.cmake
[0.262s]     ament_cmake-config.cmake
[0.262s] 
[0.262s]   Add the installation prefix of "ament_cmake" to CMAKE_PREFIX_PATH or set
[0.262s]   "ament_cmake_DIR" to a directory containing one of the above files.  If
[0.262s]   "ament_cmake" provides a separate development package or SDK, be sure it
[0.262s]   has been installed.
[0.262s] 
[0.262s] [0m
[0.262s] -- Configuring incomplete, errors occurred!
[0.262s] See also "/home/user/roskit_ws/build/rslidar_msg/CMakeFiles/CMakeOutput.log".
