[0.039s] Invoking command in '/home/user/roskit_ws/build/ublox_serialization': CMAKE_PREFIX_PATH=/opt/ros/humble:${CMAKE_PREFIX_PATH} /usr/bin/cmake /home/user/roskit_ws/src/ros2-ublox-zedf9p/ublox_serialization -DCMAKE_BUILD_TYPE=Release -DROS_EDITION=ROS2 -DHUMBLE_ROS=humble -DAMENT_CMAKE_SYMLINK_INSTALL=1 -DCMAKE_INSTALL_PREFIX=/home/user/roskit_ws/install/ublox_serialization
[0.076s] -- Found ament_cmake: 1.3.12 (/opt/ros/humble/share/ament_cmake/cmake)
[0.129s] -- Override CMake install command with custom implementation using symlinks instead of copying resources
[0.181s] -- Configuring done
[0.186s] -- Generating done
[0.187s] [33mCMake Warning:
[0.188s]   Manually-specified variables were not used by the project:
[0.188s] 
[0.188s]     HUMBLE_ROS
[0.188s]     ROS_EDITION
[0.188s] 
[0.190s] [0m
[0.190s] -- Build files have been written to: /home/user/roskit_ws/build/ublox_serialization
[0.193s] Invoked command in '/home/user/roskit_ws/build/ublox_serialization' returned '0': CMAKE_PREFIX_PATH=/opt/ros/humble:${CMAKE_PREFIX_PATH} /usr/bin/cmake /home/user/roskit_ws/src/ros2-ublox-zedf9p/ublox_serialization -DCMAKE_BUILD_TYPE=Release -DROS_EDITION=ROS2 -DHUMBLE_ROS=humble -DAMENT_CMAKE_SYMLINK_INSTALL=1 -DCMAKE_INSTALL_PREFIX=/home/user/roskit_ws/install/ublox_serialization
[0.200s] Invoking command in '/home/user/roskit_ws/build/ublox_serialization': CMAKE_PREFIX_PATH=/opt/ros/humble:${CMAKE_PREFIX_PATH} /usr/bin/cmake --build /home/user/roskit_ws/build/ublox_serialization -- -j16 -l16
[0.288s] Invoked command in '/home/user/roskit_ws/build/ublox_serialization' returned '0': CMAKE_PREFIX_PATH=/opt/ros/humble:${CMAKE_PREFIX_PATH} /usr/bin/cmake --build /home/user/roskit_ws/build/ublox_serialization -- -j16 -l16
[0.289s] Invoking command in '/home/user/roskit_ws/build/ublox_serialization': CMAKE_PREFIX_PATH=/opt/ros/humble:${CMAKE_PREFIX_PATH} /usr/bin/cmake --install /home/user/roskit_ws/build/ublox_serialization
[0.317s] -- Install configuration: "Release"
[0.317s] -- Execute custom install script
[0.317s] -- Up-to-date symlink: /home/user/roskit_ws/install/ublox_serialization/include/ublox_serialization/checksum.hpp
[0.317s] -- Up-to-date symlink: /home/user/roskit_ws/install/ublox_serialization/include/ublox_serialization/serialization.hpp
[0.317s] -- Up-to-date symlink: /home/user/roskit_ws/install/ublox_serialization/share/ament_index/resource_index/package_run_dependencies/ublox_serialization
[0.317s] -- Up-to-date symlink: /home/user/roskit_ws/install/ublox_serialization/share/ament_index/resource_index/parent_prefix_path/ublox_serialization
[0.317s] -- Up-to-date symlink: /home/user/roskit_ws/install/ublox_serialization/share/ublox_serialization/environment/ament_prefix_path.sh
[0.317s] -- Up-to-date symlink: /home/user/roskit_ws/install/ublox_serialization/share/ublox_serialization/environment/ament_prefix_path.dsv
[0.317s] -- Up-to-date symlink: /home/user/roskit_ws/install/ublox_serialization/share/ublox_serialization/environment/path.sh
[0.317s] -- Up-to-date symlink: /home/user/roskit_ws/install/ublox_serialization/share/ublox_serialization/environment/path.dsv
[0.317s] -- Up-to-date symlink: /home/user/roskit_ws/install/ublox_serialization/share/ublox_serialization/local_setup.bash
[0.317s] -- Up-to-date symlink: /home/user/roskit_ws/install/ublox_serialization/share/ublox_serialization/local_setup.sh
[0.317s] -- Up-to-date symlink: /home/user/roskit_ws/install/ublox_serialization/share/ublox_serialization/local_setup.zsh
[0.317s] -- Up-to-date symlink: /home/user/roskit_ws/install/ublox_serialization/share/ublox_serialization/local_setup.dsv
[0.317s] -- Symlinking: /home/user/roskit_ws/install/ublox_serialization/share/ublox_serialization/package.dsv
[0.318s] -- Up-to-date symlink: /home/user/roskit_ws/install/ublox_serialization/share/ament_index/resource_index/packages/ublox_serialization
[0.318s] -- Up-to-date symlink: /home/user/roskit_ws/install/ublox_serialization/share/ublox_serialization/cmake/ament_cmake_export_include_directories-extras.cmake
[0.318s] -- Up-to-date symlink: /home/user/roskit_ws/install/ublox_serialization/share/ublox_serialization/cmake/ublox_serializationConfig.cmake
[0.318s] -- Up-to-date symlink: /home/user/roskit_ws/install/ublox_serialization/share/ublox_serialization/cmake/ublox_serializationConfig-version.cmake
[0.318s] -- Up-to-date symlink: /home/user/roskit_ws/install/ublox_serialization/share/ublox_serialization/package.xml
[0.356s] Invoked command in '/home/user/roskit_ws/build/ublox_serialization' returned '0': CMAKE_PREFIX_PATH=/opt/ros/humble:${CMAKE_PREFIX_PATH} /usr/bin/cmake --install /home/user/roskit_ws/build/ublox_serialization
