[0.030s] Invoking command in '/home/user/roskit_ws/build/ranger_msgs': CMAKE_PREFIX_PATH=/opt/ros/humble /usr/bin/cmake --build /home/user/roskit_ws/build/ranger_msgs -- -j16 -l16
[0.068s] [35m[1mConsolidate compiler generated dependencies of target ranger_msgs__rosidl_generator_c[0m
[0.080s] [  1%] Built target ranger_msgs__cpp
[0.080s] [  1%] Built target ament_cmake_python_symlink_ranger_msgs
[0.097s] [ 12%] Built target ranger_msgs__rosidl_generator_c
[0.097s] [35m[1mConsolidate compiler generated dependencies of target ranger_msgs__rosidl_typesupport_fastrtps_cpp[0m
[0.111s] [35m[1mConsolidate compiler generated dependencies of target ranger_msgs__rosidl_typesupport_cpp[0m
[0.111s] [35m[1mConsolidate compiler generated dependencies of target ranger_msgs__rosidl_typesupport_introspection_c[0m
[0.111s] [35m[1mConsolidate compiler generated dependencies of target ranger_msgs__rosidl_typesupport_introspection_cpp[0m
[0.116s] [35m[1mConsolidate compiler generated dependencies of target ranger_msgs__rosidl_typesupport_fastrtps_c[0m
[0.121s] [ 23%] Built target ranger_msgs__rosidl_typesupport_fastrtps_cpp
[0.129s] [ 35%] Built target ranger_msgs__rosidl_typesupport_cpp
[0.129s] [35m[1mConsolidate compiler generated dependencies of target ranger_msgs__rosidl_typesupport_c[0m
[0.132s] [ 46%] Built target ranger_msgs__rosidl_typesupport_introspection_c
[0.152s] [ 57%] Built target ranger_msgs__rosidl_typesupport_introspection_cpp
[0.162s] [ 69%] Built target ranger_msgs__rosidl_typesupport_fastrtps_c
[0.170s] [ 80%] Built target ranger_msgs__rosidl_typesupport_c
[0.216s] [ 80%] Built target ranger_msgs
[0.227s] [ 81%] Built target ranger_msgs__py
[0.243s] [35m[1mConsolidate compiler generated dependencies of target ranger_msgs__rosidl_generator_py[0m
[0.261s] [ 91%] Built target ranger_msgs__rosidl_generator_py
[0.272s] [35m[1mConsolidate compiler generated dependencies of target ranger_msgs__rosidl_typesupport_c__pyext[0m
[0.272s] [35m[1mConsolidate compiler generated dependencies of target ranger_msgs__rosidl_typesupport_fastrtps_c__pyext[0m
[0.285s] [35m[1mConsolidate compiler generated dependencies of target ranger_msgs__rosidl_typesupport_introspection_c__pyext[0m
[0.293s] [ 94%] Built target ranger_msgs__rosidl_typesupport_fastrtps_c__pyext
[0.293s] [ 97%] Built target ranger_msgs__rosidl_typesupport_c__pyext
[0.293s] running egg_info
[0.293s] [100%] Built target ranger_msgs__rosidl_typesupport_introspection_c__pyext
[0.297s] writing ranger_msgs.egg-info/PKG-INFO
[0.298s] writing dependency_links to ranger_msgs.egg-info/dependency_links.txt
[0.300s] writing top-level names to ranger_msgs.egg-info/top_level.txt
[0.300s] reading manifest file 'ranger_msgs.egg-info/SOURCES.txt'
[0.300s] writing manifest file 'ranger_msgs.egg-info/SOURCES.txt'
[0.321s] [100%] Built target ament_cmake_python_build_ranger_msgs_egg
[0.364s] Invoked command in '/home/user/roskit_ws/build/ranger_msgs' returned '0': CMAKE_PREFIX_PATH=/opt/ros/humble /usr/bin/cmake --build /home/user/roskit_ws/build/ranger_msgs -- -j16 -l16
[0.367s] Invoking command in '/home/user/roskit_ws/build/ranger_msgs': CMAKE_PREFIX_PATH=/opt/ros/humble /usr/bin/cmake --install /home/user/roskit_ws/build/ranger_msgs
[0.384s] -- Install configuration: "Release"
[0.384s] -- Execute custom install script
[0.384s] -- Symlinking: /home/user/roskit_ws/install/ranger_msgs/share/ament_index/resource_index/rosidl_interfaces/ranger_msgs
[0.384s] -- Symlinking: /home/user/roskit_ws/install/ranger_msgs/include/ranger_msgs/ranger_msgs/msg/actuator_state.h
[0.388s] -- Symlinking: /home/user/roskit_ws/install/ranger_msgs/include/ranger_msgs/ranger_msgs/msg/actuator_state_array.h
[0.390s] -- Symlinking: /home/user/roskit_ws/install/ranger_msgs/include/ranger_msgs/ranger_msgs/msg/detail/actuator_state__functions.h
[0.395s] -- Symlinking: /home/user/roskit_ws/install/ranger_msgs/include/ranger_msgs/ranger_msgs/msg/detail/actuator_state__struct.h
[0.401s] -- Symlinking: /home/user/roskit_ws/install/ranger_msgs/include/ranger_msgs/ranger_msgs/msg/detail/actuator_state__type_support.h
[0.408s] -- Symlinking: /home/user/roskit_ws/install/ranger_msgs/include/ranger_msgs/ranger_msgs/msg/detail/actuator_state_array__functions.h
[0.413s] -- Symlinking: /home/user/roskit_ws/install/ranger_msgs/include/ranger_msgs/ranger_msgs/msg/detail/actuator_state_array__struct.h
[0.419s] -- Symlinking: /home/user/roskit_ws/install/ranger_msgs/include/ranger_msgs/ranger_msgs/msg/detail/actuator_state_array__type_support.h
[0.425s] -- Symlinking: /home/user/roskit_ws/install/ranger_msgs/include/ranger_msgs/ranger_msgs/msg/detail/driver_state__functions.h
[0.429s] -- Symlinking: /home/user/roskit_ws/install/ranger_msgs/include/ranger_msgs/ranger_msgs/msg/detail/driver_state__struct.h
[0.433s] -- Symlinking: /home/user/roskit_ws/install/ranger_msgs/include/ranger_msgs/ranger_msgs/msg/detail/driver_state__type_support.h
[0.440s] -- Symlinking: /home/user/roskit_ws/install/ranger_msgs/include/ranger_msgs/ranger_msgs/msg/detail/motion_state__functions.h
[0.446s] -- Symlinking: /home/user/roskit_ws/install/ranger_msgs/include/ranger_msgs/ranger_msgs/msg/detail/motion_state__struct.h
[0.450s] -- Symlinking: /home/user/roskit_ws/install/ranger_msgs/include/ranger_msgs/ranger_msgs/msg/detail/motion_state__type_support.h
[0.454s] -- Symlinking: /home/user/roskit_ws/install/ranger_msgs/include/ranger_msgs/ranger_msgs/msg/detail/motor_state__functions.h
[0.460s] -- Symlinking: /home/user/roskit_ws/install/ranger_msgs/include/ranger_msgs/ranger_msgs/msg/detail/motor_state__struct.h
[0.466s] -- Symlinking: /home/user/roskit_ws/install/ranger_msgs/include/ranger_msgs/ranger_msgs/msg/detail/motor_state__type_support.h
[0.471s] -- Symlinking: /home/user/roskit_ws/install/ranger_msgs/include/ranger_msgs/ranger_msgs/msg/detail/system_state__functions.h
[0.477s] -- Symlinking: /home/user/roskit_ws/install/ranger_msgs/include/ranger_msgs/ranger_msgs/msg/detail/system_state__struct.h
[0.482s] -- Symlinking: /home/user/roskit_ws/install/ranger_msgs/include/ranger_msgs/ranger_msgs/msg/detail/system_state__type_support.h
[0.486s] -- Symlinking: /home/user/roskit_ws/install/ranger_msgs/include/ranger_msgs/ranger_msgs/msg/driver_state.h
[0.492s] -- Symlinking: /home/user/roskit_ws/install/ranger_msgs/include/ranger_msgs/ranger_msgs/msg/motion_state.h
[0.498s] -- Symlinking: /home/user/roskit_ws/install/ranger_msgs/include/ranger_msgs/ranger_msgs/msg/motor_state.h
[0.502s] -- Symlinking: /home/user/roskit_ws/install/ranger_msgs/include/ranger_msgs/ranger_msgs/msg/rosidl_generator_c__visibility_control.h
[0.508s] -- Symlinking: /home/user/roskit_ws/install/ranger_msgs/include/ranger_msgs/ranger_msgs/msg/system_state.h
[0.513s] -- Symlinking: /home/user/roskit_ws/install/ranger_msgs/share/ranger_msgs/environment/library_path.sh
[0.519s] -- Symlinking: /home/user/roskit_ws/install/ranger_msgs/share/ranger_msgs/environment/library_path.dsv
[0.524s] -- Symlinking: /home/user/roskit_ws/install/ranger_msgs/include/ranger_msgs/ranger_msgs/msg/detail/actuator_state__rosidl_typesupport_fastrtps_c.h
[0.530s] -- Symlinking: /home/user/roskit_ws/install/ranger_msgs/include/ranger_msgs/ranger_msgs/msg/detail/actuator_state_array__rosidl_typesupport_fastrtps_c.h
[0.535s] -- Symlinking: /home/user/roskit_ws/install/ranger_msgs/include/ranger_msgs/ranger_msgs/msg/detail/driver_state__rosidl_typesupport_fastrtps_c.h
[0.542s] -- Symlinking: /home/user/roskit_ws/install/ranger_msgs/include/ranger_msgs/ranger_msgs/msg/detail/motion_state__rosidl_typesupport_fastrtps_c.h
[0.548s] -- Symlinking: /home/user/roskit_ws/install/ranger_msgs/include/ranger_msgs/ranger_msgs/msg/detail/motor_state__rosidl_typesupport_fastrtps_c.h
[0.554s] -- Symlinking: /home/user/roskit_ws/install/ranger_msgs/include/ranger_msgs/ranger_msgs/msg/detail/system_state__rosidl_typesupport_fastrtps_c.h
[0.558s] -- Symlinking: /home/user/roskit_ws/install/ranger_msgs/include/ranger_msgs/ranger_msgs/msg/rosidl_typesupport_fastrtps_c__visibility_control.h
[0.564s] -- Symlinking: /home/user/roskit_ws/install/ranger_msgs/include/ranger_msgs/ranger_msgs/msg/actuator_state.hpp
[0.569s] -- Symlinking: /home/user/roskit_ws/install/ranger_msgs/include/ranger_msgs/ranger_msgs/msg/actuator_state_array.hpp
[0.575s] -- Symlinking: /home/user/roskit_ws/install/ranger_msgs/include/ranger_msgs/ranger_msgs/msg/detail/actuator_state__builder.hpp
[0.581s] -- Symlinking: /home/user/roskit_ws/install/ranger_msgs/include/ranger_msgs/ranger_msgs/msg/detail/actuator_state__struct.hpp
[0.588s] -- Symlinking: /home/user/roskit_ws/install/ranger_msgs/include/ranger_msgs/ranger_msgs/msg/detail/actuator_state__traits.hpp
[0.593s] -- Symlinking: /home/user/roskit_ws/install/ranger_msgs/include/ranger_msgs/ranger_msgs/msg/detail/actuator_state__type_support.hpp
[0.599s] -- Symlinking: /home/user/roskit_ws/install/ranger_msgs/include/ranger_msgs/ranger_msgs/msg/detail/actuator_state_array__builder.hpp
[0.605s] -- Symlinking: /home/user/roskit_ws/install/ranger_msgs/include/ranger_msgs/ranger_msgs/msg/detail/actuator_state_array__struct.hpp
[0.612s] -- Symlinking: /home/user/roskit_ws/install/ranger_msgs/include/ranger_msgs/ranger_msgs/msg/detail/actuator_state_array__traits.hpp
[0.618s] -- Symlinking: /home/user/roskit_ws/install/ranger_msgs/include/ranger_msgs/ranger_msgs/msg/detail/actuator_state_array__type_support.hpp
[0.624s] -- Symlinking: /home/user/roskit_ws/install/ranger_msgs/include/ranger_msgs/ranger_msgs/msg/detail/driver_state__builder.hpp
[0.629s] -- Symlinking: /home/user/roskit_ws/install/ranger_msgs/include/ranger_msgs/ranger_msgs/msg/detail/driver_state__struct.hpp
[0.634s] -- Symlinking: /home/user/roskit_ws/install/ranger_msgs/include/ranger_msgs/ranger_msgs/msg/detail/driver_state__traits.hpp
[0.639s] -- Symlinking: /home/user/roskit_ws/install/ranger_msgs/include/ranger_msgs/ranger_msgs/msg/detail/driver_state__type_support.hpp
[0.646s] -- Symlinking: /home/user/roskit_ws/install/ranger_msgs/include/ranger_msgs/ranger_msgs/msg/detail/motion_state__builder.hpp
[0.651s] -- Symlinking: /home/user/roskit_ws/install/ranger_msgs/include/ranger_msgs/ranger_msgs/msg/detail/motion_state__struct.hpp
[0.656s] -- Symlinking: /home/user/roskit_ws/install/ranger_msgs/include/ranger_msgs/ranger_msgs/msg/detail/motion_state__traits.hpp
[0.663s] -- Symlinking: /home/user/roskit_ws/install/ranger_msgs/include/ranger_msgs/ranger_msgs/msg/detail/motion_state__type_support.hpp
[0.669s] -- Symlinking: /home/user/roskit_ws/install/ranger_msgs/include/ranger_msgs/ranger_msgs/msg/detail/motor_state__builder.hpp
[0.676s] -- Symlinking: /home/user/roskit_ws/install/ranger_msgs/include/ranger_msgs/ranger_msgs/msg/detail/motor_state__struct.hpp
[0.682s] -- Symlinking: /home/user/roskit_ws/install/ranger_msgs/include/ranger_msgs/ranger_msgs/msg/detail/motor_state__traits.hpp
[0.692s] -- Symlinking: /home/user/roskit_ws/install/ranger_msgs/include/ranger_msgs/ranger_msgs/msg/detail/motor_state__type_support.hpp
[0.698s] -- Symlinking: /home/user/roskit_ws/install/ranger_msgs/include/ranger_msgs/ranger_msgs/msg/detail/system_state__builder.hpp
[0.706s] -- Symlinking: /home/user/roskit_ws/install/ranger_msgs/include/ranger_msgs/ranger_msgs/msg/detail/system_state__struct.hpp
[0.712s] -- Symlinking: /home/user/roskit_ws/install/ranger_msgs/include/ranger_msgs/ranger_msgs/msg/detail/system_state__traits.hpp
[0.716s] -- Symlinking: /home/user/roskit_ws/install/ranger_msgs/include/ranger_msgs/ranger_msgs/msg/detail/system_state__type_support.hpp
[0.722s] -- Symlinking: /home/user/roskit_ws/install/ranger_msgs/include/ranger_msgs/ranger_msgs/msg/driver_state.hpp
[0.728s] -- Symlinking: /home/user/roskit_ws/install/ranger_msgs/include/ranger_msgs/ranger_msgs/msg/motion_state.hpp
[0.738s] -- Symlinking: /home/user/roskit_ws/install/ranger_msgs/include/ranger_msgs/ranger_msgs/msg/motor_state.hpp
[0.745s] -- Symlinking: /home/user/roskit_ws/install/ranger_msgs/include/ranger_msgs/ranger_msgs/msg/rosidl_generator_cpp__visibility_control.hpp
[0.751s] -- Symlinking: /home/user/roskit_ws/install/ranger_msgs/include/ranger_msgs/ranger_msgs/msg/system_state.hpp
[0.758s] -- Symlinking: /home/user/roskit_ws/install/ranger_msgs/include/ranger_msgs/ranger_msgs/msg/detail/actuator_state__rosidl_typesupport_fastrtps_cpp.hpp
[0.763s] -- Symlinking: /home/user/roskit_ws/install/ranger_msgs/include/ranger_msgs/ranger_msgs/msg/detail/actuator_state_array__rosidl_typesupport_fastrtps_cpp.hpp
[0.770s] -- Symlinking: /home/user/roskit_ws/install/ranger_msgs/include/ranger_msgs/ranger_msgs/msg/detail/driver_state__rosidl_typesupport_fastrtps_cpp.hpp
[0.777s] -- Symlinking: /home/user/roskit_ws/install/ranger_msgs/include/ranger_msgs/ranger_msgs/msg/detail/motion_state__rosidl_typesupport_fastrtps_cpp.hpp
[0.784s] -- Symlinking: /home/user/roskit_ws/install/ranger_msgs/include/ranger_msgs/ranger_msgs/msg/detail/motor_state__rosidl_typesupport_fastrtps_cpp.hpp
[0.791s] -- Symlinking: /home/user/roskit_ws/install/ranger_msgs/include/ranger_msgs/ranger_msgs/msg/detail/system_state__rosidl_typesupport_fastrtps_cpp.hpp
[0.798s] -- Symlinking: /home/user/roskit_ws/install/ranger_msgs/include/ranger_msgs/ranger_msgs/msg/rosidl_typesupport_fastrtps_cpp__visibility_control.h
[0.806s] -- Symlinking: /home/user/roskit_ws/install/ranger_msgs/include/ranger_msgs/ranger_msgs/msg/detail/actuator_state__rosidl_typesupport_introspection_c.h
[0.813s] -- Symlinking: /home/user/roskit_ws/install/ranger_msgs/include/ranger_msgs/ranger_msgs/msg/detail/actuator_state_array__rosidl_typesupport_introspection_c.h
[0.819s] -- Symlinking: /home/user/roskit_ws/install/ranger_msgs/include/ranger_msgs/ranger_msgs/msg/detail/driver_state__rosidl_typesupport_introspection_c.h
[0.826s] -- Symlinking: /home/user/roskit_ws/install/ranger_msgs/include/ranger_msgs/ranger_msgs/msg/detail/motion_state__rosidl_typesupport_introspection_c.h
[0.832s] -- Symlinking: /home/user/roskit_ws/install/ranger_msgs/include/ranger_msgs/ranger_msgs/msg/detail/motor_state__rosidl_typesupport_introspection_c.h
[0.839s] -- Symlinking: /home/user/roskit_ws/install/ranger_msgs/include/ranger_msgs/ranger_msgs/msg/detail/system_state__rosidl_typesupport_introspection_c.h
[0.847s] -- Symlinking: /home/user/roskit_ws/install/ranger_msgs/include/ranger_msgs/ranger_msgs/msg/rosidl_typesupport_introspection_c__visibility_control.h
[0.855s] -- Symlinking: /home/user/roskit_ws/install/ranger_msgs/include/ranger_msgs/ranger_msgs/msg/detail/actuator_state__rosidl_typesupport_introspection_cpp.hpp
[0.863s] -- Symlinking: /home/user/roskit_ws/install/ranger_msgs/include/ranger_msgs/ranger_msgs/msg/detail/actuator_state_array__rosidl_typesupport_introspection_cpp.hpp
[0.870s] -- Symlinking: /home/user/roskit_ws/install/ranger_msgs/include/ranger_msgs/ranger_msgs/msg/detail/driver_state__rosidl_typesupport_introspection_cpp.hpp
[0.875s] -- Symlinking: /home/user/roskit_ws/install/ranger_msgs/include/ranger_msgs/ranger_msgs/msg/detail/motion_state__rosidl_typesupport_introspection_cpp.hpp
[0.881s] -- Symlinking: /home/user/roskit_ws/install/ranger_msgs/include/ranger_msgs/ranger_msgs/msg/detail/motor_state__rosidl_typesupport_introspection_cpp.hpp
[0.886s] -- Symlinking: /home/user/roskit_ws/install/ranger_msgs/include/ranger_msgs/ranger_msgs/msg/detail/system_state__rosidl_typesupport_introspection_cpp.hpp
[0.891s] -- Symlinking: /home/user/roskit_ws/install/ranger_msgs/share/ranger_msgs/environment/pythonpath.sh
[0.898s] -- Symlinking: /home/user/roskit_ws/install/ranger_msgs/share/ranger_msgs/environment/pythonpath.dsv
[0.906s] -- Symlinking: /home/user/roskit_ws/install/ranger_msgs/local/lib/python3.10/dist-packages/ranger_msgs-0.0.1-py3.10.egg-info/PKG-INFO
[0.912s] -- Symlinking: /home/user/roskit_ws/install/ranger_msgs/local/lib/python3.10/dist-packages/ranger_msgs-0.0.1-py3.10.egg-info/SOURCES.txt
[0.917s] -- Symlinking: /home/user/roskit_ws/install/ranger_msgs/local/lib/python3.10/dist-packages/ranger_msgs-0.0.1-py3.10.egg-info/dependency_links.txt
[0.925s] -- Symlinking: /home/user/roskit_ws/install/ranger_msgs/local/lib/python3.10/dist-packages/ranger_msgs-0.0.1-py3.10.egg-info/top_level.txt
[0.932s] -- Symlinking: /home/user/roskit_ws/install/ranger_msgs/local/lib/python3.10/dist-packages/ranger_msgs/__init__.py
[0.938s] -- Symlinking: /home/user/roskit_ws/install/ranger_msgs/local/lib/python3.10/dist-packages/ranger_msgs/_ranger_msgs_s.ep.rosidl_typesupport_c.c
[0.944s] -- Symlinking: /home/user/roskit_ws/install/ranger_msgs/local/lib/python3.10/dist-packages/ranger_msgs/_ranger_msgs_s.ep.rosidl_typesupport_fastrtps_c.c
[0.950s] -- Symlinking: /home/user/roskit_ws/install/ranger_msgs/local/lib/python3.10/dist-packages/ranger_msgs/_ranger_msgs_s.ep.rosidl_typesupport_introspection_c.c
[0.957s] -- Symlinking: /home/user/roskit_ws/install/ranger_msgs/local/lib/python3.10/dist-packages/ranger_msgs/libranger_msgs__rosidl_generator_py.so
[0.964s] -- Symlinking: /home/user/roskit_ws/install/ranger_msgs/local/lib/python3.10/dist-packages/ranger_msgs/msg/__init__.py
[0.969s] -- Symlinking: /home/user/roskit_ws/install/ranger_msgs/local/lib/python3.10/dist-packages/ranger_msgs/msg/_actuator_state.py
[0.975s] -- Symlinking: /home/user/roskit_ws/install/ranger_msgs/local/lib/python3.10/dist-packages/ranger_msgs/msg/_actuator_state_array.py
[0.981s] -- Symlinking: /home/user/roskit_ws/install/ranger_msgs/local/lib/python3.10/dist-packages/ranger_msgs/msg/_actuator_state_array_s.c
[0.988s] -- Symlinking: /home/user/roskit_ws/install/ranger_msgs/local/lib/python3.10/dist-packages/ranger_msgs/msg/_actuator_state_s.c
[0.993s] -- Symlinking: /home/user/roskit_ws/install/ranger_msgs/local/lib/python3.10/dist-packages/ranger_msgs/msg/_driver_state.py
[0.999s] -- Symlinking: /home/user/roskit_ws/install/ranger_msgs/local/lib/python3.10/dist-packages/ranger_msgs/msg/_driver_state_s.c
[1.004s] -- Symlinking: /home/user/roskit_ws/install/ranger_msgs/local/lib/python3.10/dist-packages/ranger_msgs/msg/_motion_state.py
[1.009s] -- Symlinking: /home/user/roskit_ws/install/ranger_msgs/local/lib/python3.10/dist-packages/ranger_msgs/msg/_motion_state_s.c
[1.014s] -- Symlinking: /home/user/roskit_ws/install/ranger_msgs/local/lib/python3.10/dist-packages/ranger_msgs/msg/_motor_state.py
[1.020s] -- Symlinking: /home/user/roskit_ws/install/ranger_msgs/local/lib/python3.10/dist-packages/ranger_msgs/msg/_motor_state_s.c
[1.025s] -- Symlinking: /home/user/roskit_ws/install/ranger_msgs/local/lib/python3.10/dist-packages/ranger_msgs/msg/_system_state.py
[1.030s] -- Symlinking: /home/user/roskit_ws/install/ranger_msgs/local/lib/python3.10/dist-packages/ranger_msgs/msg/_system_state_s.c
[1.035s] -- Symlinking: /home/user/roskit_ws/install/ranger_msgs/local/lib/python3.10/dist-packages/ranger_msgs/ranger_msgs_s__rosidl_typesupport_c.cpython-310-x86_64-linux-gnu.so
[1.041s] -- Symlinking: /home/user/roskit_ws/install/ranger_msgs/local/lib/python3.10/dist-packages/ranger_msgs/ranger_msgs_s__rosidl_typesupport_fastrtps_c.cpython-310-x86_64-linux-gnu.so
[1.051s] -- Symlinking: /home/user/roskit_ws/install/ranger_msgs/local/lib/python3.10/dist-packages/ranger_msgs/ranger_msgs_s__rosidl_typesupport_introspection_c.cpython-310-x86_64-linux-gnu.so
[1.056s] -- Up-to-date symlink: /home/user/roskit_ws/install/ranger_msgs/local/lib/python3.10/dist-packages/ranger_msgs/ranger_msgs_s__rosidl_typesupport_fastrtps_c.cpython-310-x86_64-linux-gnu.so
[1.056s] -- Up-to-date symlink: /home/user/roskit_ws/install/ranger_msgs/local/lib/python3.10/dist-packages/ranger_msgs/ranger_msgs_s__rosidl_typesupport_introspection_c.cpython-310-x86_64-linux-gnu.so
[1.058s] -- Up-to-date symlink: /home/user/roskit_ws/install/ranger_msgs/local/lib/python3.10/dist-packages/ranger_msgs/ranger_msgs_s__rosidl_typesupport_c.cpython-310-x86_64-linux-gnu.so
[1.058s] -- Symlinking: /home/user/roskit_ws/install/ranger_msgs/share/ranger_msgs/msg/ActuatorState.idl
[1.062s] -- Symlinking: /home/user/roskit_ws/install/ranger_msgs/share/ranger_msgs/msg/ActuatorStateArray.idl
[1.068s] -- Symlinking: /home/user/roskit_ws/install/ranger_msgs/share/ranger_msgs/msg/DriverState.idl
[1.072s] -- Symlinking: /home/user/roskit_ws/install/ranger_msgs/share/ranger_msgs/msg/MotionState.idl
[1.079s] -- Symlinking: /home/user/roskit_ws/install/ranger_msgs/share/ranger_msgs/msg/MotorState.idl
[1.084s] -- Symlinking: /home/user/roskit_ws/install/ranger_msgs/share/ranger_msgs/msg/SystemState.idl
[1.089s] -- Symlinking: /home/user/roskit_ws/install/ranger_msgs/share/ranger_msgs/msg/ActuatorState.msg
[1.095s] -- Symlinking: /home/user/roskit_ws/install/ranger_msgs/share/ranger_msgs/msg/ActuatorStateArray.msg
[1.102s] -- Symlinking: /home/user/roskit_ws/install/ranger_msgs/share/ranger_msgs/msg/DriverState.msg
[1.110s] -- Symlinking: /home/user/roskit_ws/install/ranger_msgs/share/ranger_msgs/msg/MotionState.msg
[1.117s] -- Symlinking: /home/user/roskit_ws/install/ranger_msgs/share/ranger_msgs/msg/MotorState.msg
[1.123s] -- Symlinking: /home/user/roskit_ws/install/ranger_msgs/share/ranger_msgs/msg/SystemState.msg
[1.130s] -- Symlinking: /home/user/roskit_ws/install/ranger_msgs/share/ament_index/resource_index/package_run_dependencies/ranger_msgs
[1.135s] -- Symlinking: /home/user/roskit_ws/install/ranger_msgs/share/ament_index/resource_index/parent_prefix_path/ranger_msgs
[1.142s] -- Symlinking: /home/user/roskit_ws/install/ranger_msgs/share/ranger_msgs/environment/ament_prefix_path.sh
[1.147s] -- Symlinking: /home/user/roskit_ws/install/ranger_msgs/share/ranger_msgs/environment/ament_prefix_path.dsv
[1.153s] -- Symlinking: /home/user/roskit_ws/install/ranger_msgs/share/ranger_msgs/environment/path.sh
[1.160s] -- Symlinking: /home/user/roskit_ws/install/ranger_msgs/share/ranger_msgs/environment/path.dsv
[1.169s] -- Symlinking: /home/user/roskit_ws/install/ranger_msgs/share/ranger_msgs/local_setup.bash
[1.172s] -- Symlinking: /home/user/roskit_ws/install/ranger_msgs/share/ranger_msgs/local_setup.sh
[1.193s] -- Symlinking: /home/user/roskit_ws/install/ranger_msgs/share/ranger_msgs/local_setup.zsh
[1.206s] -- Symlinking: /home/user/roskit_ws/install/ranger_msgs/share/ranger_msgs/local_setup.dsv
[1.233s] -- Symlinking: /home/user/roskit_ws/install/ranger_msgs/share/ranger_msgs/package.dsv
[1.233s] -- Symlinking: /home/user/roskit_ws/install/ranger_msgs/share/ament_index/resource_index/packages/ranger_msgs
[1.236s] -- Symlinking: /home/user/roskit_ws/install/ranger_msgs/share/ranger_msgs/cmake/rosidl_cmake-extras.cmake
[1.260s] -- Symlinking: /home/user/roskit_ws/install/ranger_msgs/share/ranger_msgs/cmake/ament_cmake_export_dependencies-extras.cmake
[1.260s] -- Symlinking: /home/user/roskit_ws/install/ranger_msgs/share/ranger_msgs/cmake/ament_cmake_export_include_directories-extras.cmake
[1.262s] -- Symlinking: /home/user/roskit_ws/install/ranger_msgs/share/ranger_msgs/cmake/ament_cmake_export_libraries-extras.cmake
[1.272s] -- Symlinking: /home/user/roskit_ws/install/ranger_msgs/share/ranger_msgs/cmake/ament_cmake_export_targets-extras.cmake
[1.287s] -- Symlinking: /home/user/roskit_ws/install/ranger_msgs/share/ranger_msgs/cmake/rosidl_cmake_export_typesupport_targets-extras.cmake
[1.307s] -- Symlinking: /home/user/roskit_ws/install/ranger_msgs/share/ranger_msgs/cmake/rosidl_cmake_export_typesupport_libraries-extras.cmake
[1.324s] -- Symlinking: /home/user/roskit_ws/install/ranger_msgs/share/ranger_msgs/cmake/ranger_msgsConfig.cmake
[1.362s] -- Symlinking: /home/user/roskit_ws/install/ranger_msgs/share/ranger_msgs/cmake/ranger_msgsConfig-version.cmake
[1.397s] -- Symlinking: /home/user/roskit_ws/install/ranger_msgs/share/ranger_msgs/package.xml
[1.441s] -- Installing: /home/user/roskit_ws/install/ranger_msgs/lib/libranger_msgs__rosidl_generator_c.so
[1.442s] -- Set runtime path of "/home/user/roskit_ws/install/ranger_msgs/lib/libranger_msgs__rosidl_generator_c.so" to ""
[1.442s] -- Installing: /home/user/roskit_ws/install/ranger_msgs/lib/libranger_msgs__rosidl_typesupport_fastrtps_c.so
[1.444s] -- Set runtime path of "/home/user/roskit_ws/install/ranger_msgs/lib/libranger_msgs__rosidl_typesupport_fastrtps_c.so" to ""
[1.444s] -- Installing: /home/user/roskit_ws/install/ranger_msgs/lib/libranger_msgs__rosidl_typesupport_fastrtps_cpp.so
[1.444s] -- Set runtime path of "/home/user/roskit_ws/install/ranger_msgs/lib/libranger_msgs__rosidl_typesupport_fastrtps_cpp.so" to ""
[1.444s] -- Installing: /home/user/roskit_ws/install/ranger_msgs/lib/libranger_msgs__rosidl_typesupport_introspection_c.so
[1.445s] -- Set runtime path of "/home/user/roskit_ws/install/ranger_msgs/lib/libranger_msgs__rosidl_typesupport_introspection_c.so" to ""
[1.445s] -- Installing: /home/user/roskit_ws/install/ranger_msgs/lib/libranger_msgs__rosidl_typesupport_c.so
[1.445s] -- Set runtime path of "/home/user/roskit_ws/install/ranger_msgs/lib/libranger_msgs__rosidl_typesupport_c.so" to ""
[1.447s] -- Installing: /home/user/roskit_ws/install/ranger_msgs/lib/libranger_msgs__rosidl_typesupport_introspection_cpp.so
[1.447s] -- Set runtime path of "/home/user/roskit_ws/install/ranger_msgs/lib/libranger_msgs__rosidl_typesupport_introspection_cpp.so" to ""
[1.447s] -- Installing: /home/user/roskit_ws/install/ranger_msgs/lib/libranger_msgs__rosidl_typesupport_cpp.so
[1.447s] -- Set runtime path of "/home/user/roskit_ws/install/ranger_msgs/lib/libranger_msgs__rosidl_typesupport_cpp.so" to ""
[1.507s] Listing '/home/user/roskit_ws/install/ranger_msgs/local/lib/python3.10/dist-packages/ranger_msgs'...
[1.507s] Compiling '/home/user/roskit_ws/install/ranger_msgs/local/lib/python3.10/dist-packages/ranger_msgs/__init__.py'...
[1.507s] Listing '/home/user/roskit_ws/install/ranger_msgs/local/lib/python3.10/dist-packages/ranger_msgs/msg'...
[1.507s] Compiling '/home/user/roskit_ws/install/ranger_msgs/local/lib/python3.10/dist-packages/ranger_msgs/msg/__init__.py'...
[1.507s] Compiling '/home/user/roskit_ws/install/ranger_msgs/local/lib/python3.10/dist-packages/ranger_msgs/msg/_actuator_state.py'...
[1.507s] Compiling '/home/user/roskit_ws/install/ranger_msgs/local/lib/python3.10/dist-packages/ranger_msgs/msg/_actuator_state_array.py'...
[1.507s] Compiling '/home/user/roskit_ws/install/ranger_msgs/local/lib/python3.10/dist-packages/ranger_msgs/msg/_driver_state.py'...
[1.507s] Compiling '/home/user/roskit_ws/install/ranger_msgs/local/lib/python3.10/dist-packages/ranger_msgs/msg/_motion_state.py'...
[1.507s] Compiling '/home/user/roskit_ws/install/ranger_msgs/local/lib/python3.10/dist-packages/ranger_msgs/msg/_motor_state.py'...
[1.507s] Compiling '/home/user/roskit_ws/install/ranger_msgs/local/lib/python3.10/dist-packages/ranger_msgs/msg/_system_state.py'...
[1.516s] -- Installing: /home/user/roskit_ws/install/ranger_msgs/lib/libranger_msgs__rosidl_generator_py.so
[1.516s] -- Set runtime path of "/home/user/roskit_ws/install/ranger_msgs/lib/libranger_msgs__rosidl_generator_py.so" to ""
[1.516s] -- Installing: /home/user/roskit_ws/install/ranger_msgs/share/ranger_msgs/cmake/export_ranger_msgs__rosidl_generator_cExport.cmake
[1.516s] -- Installing: /home/user/roskit_ws/install/ranger_msgs/share/ranger_msgs/cmake/export_ranger_msgs__rosidl_generator_cExport-release.cmake
[1.516s] -- Installing: /home/user/roskit_ws/install/ranger_msgs/share/ranger_msgs/cmake/export_ranger_msgs__rosidl_typesupport_fastrtps_cExport.cmake
[1.516s] -- Installing: /home/user/roskit_ws/install/ranger_msgs/share/ranger_msgs/cmake/export_ranger_msgs__rosidl_typesupport_fastrtps_cExport-release.cmake
[1.516s] -- Installing: /home/user/roskit_ws/install/ranger_msgs/share/ranger_msgs/cmake/export_ranger_msgs__rosidl_generator_cppExport.cmake
[1.516s] -- Installing: /home/user/roskit_ws/install/ranger_msgs/share/ranger_msgs/cmake/export_ranger_msgs__rosidl_typesupport_fastrtps_cppExport.cmake
[1.516s] -- Installing: /home/user/roskit_ws/install/ranger_msgs/share/ranger_msgs/cmake/export_ranger_msgs__rosidl_typesupport_fastrtps_cppExport-release.cmake
[1.516s] -- Installing: /home/user/roskit_ws/install/ranger_msgs/share/ranger_msgs/cmake/ranger_msgs__rosidl_typesupport_introspection_cExport.cmake
[1.517s] -- Installing: /home/user/roskit_ws/install/ranger_msgs/share/ranger_msgs/cmake/ranger_msgs__rosidl_typesupport_introspection_cExport-release.cmake
[1.517s] -- Installing: /home/user/roskit_ws/install/ranger_msgs/share/ranger_msgs/cmake/ranger_msgs__rosidl_typesupport_cExport.cmake
[1.517s] -- Installing: /home/user/roskit_ws/install/ranger_msgs/share/ranger_msgs/cmake/ranger_msgs__rosidl_typesupport_cExport-release.cmake
[1.517s] -- Installing: /home/user/roskit_ws/install/ranger_msgs/share/ranger_msgs/cmake/ranger_msgs__rosidl_typesupport_introspection_cppExport.cmake
[1.517s] -- Installing: /home/user/roskit_ws/install/ranger_msgs/share/ranger_msgs/cmake/ranger_msgs__rosidl_typesupport_introspection_cppExport-release.cmake
[1.517s] -- Installing: /home/user/roskit_ws/install/ranger_msgs/share/ranger_msgs/cmake/ranger_msgs__rosidl_typesupport_cppExport.cmake
[1.517s] -- Installing: /home/user/roskit_ws/install/ranger_msgs/share/ranger_msgs/cmake/ranger_msgs__rosidl_typesupport_cppExport-release.cmake
[1.517s] -- Installing: /home/user/roskit_ws/install/ranger_msgs/share/ranger_msgs/cmake/export_ranger_msgs__rosidl_generator_pyExport.cmake
[1.518s] -- Installing: /home/user/roskit_ws/install/ranger_msgs/share/ranger_msgs/cmake/export_ranger_msgs__rosidl_generator_pyExport-release.cmake
[1.521s] Invoked command in '/home/user/roskit_ws/build/ranger_msgs' returned '0': CMAKE_PREFIX_PATH=/opt/ros/humble /usr/bin/cmake --install /home/user/roskit_ws/build/ranger_msgs
