[0.038s] Invoking command in '/home/user/roskit_ws/build/hunter_msgs': CMAKE_PREFIX_PATH=/home/user/roskit_ws/install/tracer_base:/home/user/roskit_ws/install/scout_base:/home/user/roskit_ws/install/ranger_base:/home/user/roskit_ws/install/hunter_base:/opt/ros/humble:/home/user/roskit_ws/install/ugv_sdk:/home/user/roskit_ws/install/ublox:/home/user/roskit_ws/install/ublox_gps:/home/user/roskit_ws/install/ublox_msgs:/home/user/roskit_ws/install/ublox_serialization:/home/user/roskit_ws/install/tracer_msgs:/home/user/roskit_ws/install/scout_msgs:/home/user/roskit_ws/install/scout_description:/home/user/roskit_ws/install/rslidar_sdk:/home/user/roskit_ws/install/rslidar_msg:/home/user/roskit_ws/install/ranger_msgs:/home/user/roskit_ws/install/ranger_bringup:/home/user/roskit_ws/install/phidgets_drivers:/home/user/roskit_ws/install/phidgets_temperature:/home/user/roskit_ws/install/phidgets_spatial:/home/user/roskit_ws/install/phidgets_motors:/home/user/roskit_ws/install/phidgets_ik:/home/user/roskit_ws/install/phidgets_high_speed_encoder:/home/user/roskit_ws/install/phidgets_digital_outputs:/home/user/roskit_ws/install/phidgets_analog_outputs:/home/user/roskit_ws/install/phidgets_msgs:/home/user/roskit_ws/install/phidgets_magnetometer:/home/user/roskit_ws/install/phidgets_gyroscope:/home/user/roskit_ws/install/phidgets_digital_inputs:/home/user/roskit_ws/install/phidgets_analog_inputs:/home/user/roskit_ws/install/phidgets_accelerometer:/home/user/roskit_ws/install/phidgets_api:/home/user/roskit_ws/install/ouster_ros:/home/user/roskit_ws/install/ouster_sensor_msgs:/home/user/roskit_ws/install/livox_ros_driver2:/home/user/roskit_ws/install/libphidget22:/home/user/roskit_ws/install/hunter_msgs:/home/user/roskit_ws/install/gr_description:/home/user/roskit_ws/install/gr_bringup /usr/bin/cmake --build /home/user/roskit_ws/build/hunter_msgs -- -j16 -l16
[0.088s] [  0%] Built target ament_cmake_python_symlink_hunter_msgs
[0.092s] [ 11%] Built target hunter_msgs__rosidl_generator_c
[0.092s] [ 12%] Built target hunter_msgs__cpp
[0.155s] [ 23%] Built target hunter_msgs__rosidl_typesupport_introspection_c
[0.162s] [ 34%] Built target hunter_msgs__rosidl_typesupport_c
[0.164s] [ 46%] Built target hunter_msgs__rosidl_typesupport_introspection_cpp
[0.170s] [ 57%] Built target hunter_msgs__rosidl_typesupport_fastrtps_c
[0.217s] [ 68%] Built target hunter_msgs__rosidl_typesupport_cpp
[0.230s] [ 79%] Built target hunter_msgs__rosidl_typesupport_fastrtps_cpp
[0.290s] [ 79%] Built target hunter_msgs
[0.311s] running egg_info
[0.313s] writing hunter_msgs.egg-info/PKG-INFO
[0.313s] writing dependency_links to hunter_msgs.egg-info/dependency_links.txt
[0.313s] writing top-level names to hunter_msgs.egg-info/top_level.txt
[0.313s] reading manifest file 'hunter_msgs.egg-info/SOURCES.txt'
[0.313s] writing manifest file 'hunter_msgs.egg-info/SOURCES.txt'
[0.317s] [ 80%] Built target hunter_msgs__py
[0.357s] [ 80%] Built target ament_cmake_python_build_hunter_msgs_egg
[0.364s] [ 90%] Built target hunter_msgs__rosidl_generator_py
[0.384s] [ 95%] Built target hunter_msgs__rosidl_typesupport_c__pyext
[0.384s] [ 96%] Built target hunter_msgs__rosidl_typesupport_fastrtps_c__pyext
[0.384s] [100%] Built target hunter_msgs__rosidl_typesupport_introspection_c__pyext
[0.429s] Invoked command in '/home/user/roskit_ws/build/hunter_msgs' returned '0': CMAKE_PREFIX_PATH=/home/user/roskit_ws/install/tracer_base:/home/user/roskit_ws/install/scout_base:/home/user/roskit_ws/install/ranger_base:/home/user/roskit_ws/install/hunter_base:/opt/ros/humble:/home/user/roskit_ws/install/ugv_sdk:/home/user/roskit_ws/install/ublox:/home/user/roskit_ws/install/ublox_gps:/home/user/roskit_ws/install/ublox_msgs:/home/user/roskit_ws/install/ublox_serialization:/home/user/roskit_ws/install/tracer_msgs:/home/user/roskit_ws/install/scout_msgs:/home/user/roskit_ws/install/scout_description:/home/user/roskit_ws/install/rslidar_sdk:/home/user/roskit_ws/install/rslidar_msg:/home/user/roskit_ws/install/ranger_msgs:/home/user/roskit_ws/install/ranger_bringup:/home/user/roskit_ws/install/phidgets_drivers:/home/user/roskit_ws/install/phidgets_temperature:/home/user/roskit_ws/install/phidgets_spatial:/home/user/roskit_ws/install/phidgets_motors:/home/user/roskit_ws/install/phidgets_ik:/home/user/roskit_ws/install/phidgets_high_speed_encoder:/home/user/roskit_ws/install/phidgets_digital_outputs:/home/user/roskit_ws/install/phidgets_analog_outputs:/home/user/roskit_ws/install/phidgets_msgs:/home/user/roskit_ws/install/phidgets_magnetometer:/home/user/roskit_ws/install/phidgets_gyroscope:/home/user/roskit_ws/install/phidgets_digital_inputs:/home/user/roskit_ws/install/phidgets_analog_inputs:/home/user/roskit_ws/install/phidgets_accelerometer:/home/user/roskit_ws/install/phidgets_api:/home/user/roskit_ws/install/ouster_ros:/home/user/roskit_ws/install/ouster_sensor_msgs:/home/user/roskit_ws/install/livox_ros_driver2:/home/user/roskit_ws/install/libphidget22:/home/user/roskit_ws/install/hunter_msgs:/home/user/roskit_ws/install/gr_description:/home/user/roskit_ws/install/gr_bringup /usr/bin/cmake --build /home/user/roskit_ws/build/hunter_msgs -- -j16 -l16
[0.430s] Invoking command in '/home/user/roskit_ws/build/hunter_msgs': CMAKE_PREFIX_PATH=/home/user/roskit_ws/install/tracer_base:/home/user/roskit_ws/install/scout_base:/home/user/roskit_ws/install/ranger_base:/home/user/roskit_ws/install/hunter_base:/opt/ros/humble:/home/user/roskit_ws/install/ugv_sdk:/home/user/roskit_ws/install/ublox:/home/user/roskit_ws/install/ublox_gps:/home/user/roskit_ws/install/ublox_msgs:/home/user/roskit_ws/install/ublox_serialization:/home/user/roskit_ws/install/tracer_msgs:/home/user/roskit_ws/install/scout_msgs:/home/user/roskit_ws/install/scout_description:/home/user/roskit_ws/install/rslidar_sdk:/home/user/roskit_ws/install/rslidar_msg:/home/user/roskit_ws/install/ranger_msgs:/home/user/roskit_ws/install/ranger_bringup:/home/user/roskit_ws/install/phidgets_drivers:/home/user/roskit_ws/install/phidgets_temperature:/home/user/roskit_ws/install/phidgets_spatial:/home/user/roskit_ws/install/phidgets_motors:/home/user/roskit_ws/install/phidgets_ik:/home/user/roskit_ws/install/phidgets_high_speed_encoder:/home/user/roskit_ws/install/phidgets_digital_outputs:/home/user/roskit_ws/install/phidgets_analog_outputs:/home/user/roskit_ws/install/phidgets_msgs:/home/user/roskit_ws/install/phidgets_magnetometer:/home/user/roskit_ws/install/phidgets_gyroscope:/home/user/roskit_ws/install/phidgets_digital_inputs:/home/user/roskit_ws/install/phidgets_analog_inputs:/home/user/roskit_ws/install/phidgets_accelerometer:/home/user/roskit_ws/install/phidgets_api:/home/user/roskit_ws/install/ouster_ros:/home/user/roskit_ws/install/ouster_sensor_msgs:/home/user/roskit_ws/install/livox_ros_driver2:/home/user/roskit_ws/install/libphidget22:/home/user/roskit_ws/install/hunter_msgs:/home/user/roskit_ws/install/gr_description:/home/user/roskit_ws/install/gr_bringup /usr/bin/cmake --install /home/user/roskit_ws/build/hunter_msgs
[0.437s] -- Install configuration: "Release"
[0.439s] -- Execute custom install script
[0.439s] -- Up-to-date symlink: /home/user/roskit_ws/install/hunter_msgs/share/ament_index/resource_index/rosidl_interfaces/hunter_msgs
[0.439s] -- Up-to-date symlink: /home/user/roskit_ws/install/hunter_msgs/include/hunter_msgs/hunter_msgs/msg/detail/hunter_actuator_state__functions.h
[0.440s] -- Up-to-date symlink: /home/user/roskit_ws/install/hunter_msgs/include/hunter_msgs/hunter_msgs/msg/detail/hunter_actuator_state__struct.h
[0.440s] -- Up-to-date symlink: /home/user/roskit_ws/install/hunter_msgs/include/hunter_msgs/hunter_msgs/msg/detail/hunter_actuator_state__type_support.h
[0.440s] -- Up-to-date symlink: /home/user/roskit_ws/install/hunter_msgs/include/hunter_msgs/hunter_msgs/msg/detail/hunter_light_cmd__functions.h
[0.440s] -- Up-to-date symlink: /home/user/roskit_ws/install/hunter_msgs/include/hunter_msgs/hunter_msgs/msg/detail/hunter_light_cmd__struct.h
[0.440s] -- Up-to-date symlink: /home/user/roskit_ws/install/hunter_msgs/include/hunter_msgs/hunter_msgs/msg/detail/hunter_light_cmd__type_support.h
[0.440s] -- Up-to-date symlink: /home/user/roskit_ws/install/hunter_msgs/include/hunter_msgs/hunter_msgs/msg/detail/hunter_light_state__functions.h
[0.440s] -- Up-to-date symlink: /home/user/roskit_ws/install/hunter_msgs/include/hunter_msgs/hunter_msgs/msg/detail/hunter_light_state__struct.h
[0.440s] -- Up-to-date symlink: /home/user/roskit_ws/install/hunter_msgs/include/hunter_msgs/hunter_msgs/msg/detail/hunter_light_state__type_support.h
[0.440s] -- Up-to-date symlink: /home/user/roskit_ws/install/hunter_msgs/include/hunter_msgs/hunter_msgs/msg/detail/hunter_rc_state__functions.h
[0.440s] -- Up-to-date symlink: /home/user/roskit_ws/install/hunter_msgs/include/hunter_msgs/hunter_msgs/msg/detail/hunter_rc_state__struct.h
[0.442s] -- Up-to-date symlink: /home/user/roskit_ws/install/hunter_msgs/include/hunter_msgs/hunter_msgs/msg/detail/hunter_rc_state__type_support.h
[0.442s] -- Up-to-date symlink: /home/user/roskit_ws/install/hunter_msgs/include/hunter_msgs/hunter_msgs/msg/detail/hunter_status__functions.h
[0.442s] -- Up-to-date symlink: /home/user/roskit_ws/install/hunter_msgs/include/hunter_msgs/hunter_msgs/msg/detail/hunter_status__struct.h
[0.442s] -- Up-to-date symlink: /home/user/roskit_ws/install/hunter_msgs/include/hunter_msgs/hunter_msgs/msg/detail/hunter_status__type_support.h
[0.442s] -- Up-to-date symlink: /home/user/roskit_ws/install/hunter_msgs/include/hunter_msgs/hunter_msgs/msg/hunter_actuator_state.h
[0.442s] -- Up-to-date symlink: /home/user/roskit_ws/install/hunter_msgs/include/hunter_msgs/hunter_msgs/msg/hunter_light_cmd.h
[0.442s] -- Up-to-date symlink: /home/user/roskit_ws/install/hunter_msgs/include/hunter_msgs/hunter_msgs/msg/hunter_light_state.h
[0.442s] -- Up-to-date symlink: /home/user/roskit_ws/install/hunter_msgs/include/hunter_msgs/hunter_msgs/msg/hunter_rc_state.h
[0.442s] -- Up-to-date symlink: /home/user/roskit_ws/install/hunter_msgs/include/hunter_msgs/hunter_msgs/msg/hunter_status.h
[0.442s] -- Up-to-date symlink: /home/user/roskit_ws/install/hunter_msgs/include/hunter_msgs/hunter_msgs/msg/rosidl_generator_c__visibility_control.h
[0.443s] -- Up-to-date symlink: /home/user/roskit_ws/install/hunter_msgs/share/hunter_msgs/environment/library_path.sh
[0.445s] -- Up-to-date symlink: /home/user/roskit_ws/install/hunter_msgs/share/hunter_msgs/environment/library_path.dsv
[0.445s] -- Up-to-date symlink: /home/user/roskit_ws/install/hunter_msgs/include/hunter_msgs/hunter_msgs/msg/detail/hunter_actuator_state__rosidl_typesupport_fastrtps_c.h
[0.445s] -- Up-to-date symlink: /home/user/roskit_ws/install/hunter_msgs/include/hunter_msgs/hunter_msgs/msg/detail/hunter_light_cmd__rosidl_typesupport_fastrtps_c.h
[0.445s] -- Up-to-date symlink: /home/user/roskit_ws/install/hunter_msgs/include/hunter_msgs/hunter_msgs/msg/detail/hunter_light_state__rosidl_typesupport_fastrtps_c.h
[0.445s] -- Up-to-date symlink: /home/user/roskit_ws/install/hunter_msgs/include/hunter_msgs/hunter_msgs/msg/detail/hunter_rc_state__rosidl_typesupport_fastrtps_c.h
[0.445s] -- Up-to-date symlink: /home/user/roskit_ws/install/hunter_msgs/include/hunter_msgs/hunter_msgs/msg/detail/hunter_status__rosidl_typesupport_fastrtps_c.h
[0.445s] -- Up-to-date symlink: /home/user/roskit_ws/install/hunter_msgs/include/hunter_msgs/hunter_msgs/msg/rosidl_typesupport_fastrtps_c__visibility_control.h
[0.446s] -- Up-to-date symlink: /home/user/roskit_ws/install/hunter_msgs/include/hunter_msgs/hunter_msgs/msg/detail/hunter_actuator_state__builder.hpp
[0.446s] -- Up-to-date symlink: /home/user/roskit_ws/install/hunter_msgs/include/hunter_msgs/hunter_msgs/msg/detail/hunter_actuator_state__struct.hpp
[0.447s] -- Up-to-date symlink: /home/user/roskit_ws/install/hunter_msgs/include/hunter_msgs/hunter_msgs/msg/detail/hunter_actuator_state__traits.hpp
[0.447s] -- Up-to-date symlink: /home/user/roskit_ws/install/hunter_msgs/include/hunter_msgs/hunter_msgs/msg/detail/hunter_actuator_state__type_support.hpp
[0.447s] -- Up-to-date symlink: /home/user/roskit_ws/install/hunter_msgs/include/hunter_msgs/hunter_msgs/msg/detail/hunter_light_cmd__builder.hpp
[0.447s] -- Up-to-date symlink: /home/user/roskit_ws/install/hunter_msgs/include/hunter_msgs/hunter_msgs/msg/detail/hunter_light_cmd__struct.hpp
[0.447s] -- Up-to-date symlink: /home/user/roskit_ws/install/hunter_msgs/include/hunter_msgs/hunter_msgs/msg/detail/hunter_light_cmd__traits.hpp
[0.447s] -- Up-to-date symlink: /home/user/roskit_ws/install/hunter_msgs/include/hunter_msgs/hunter_msgs/msg/detail/hunter_light_cmd__type_support.hpp
[0.447s] -- Up-to-date symlink: /home/user/roskit_ws/install/hunter_msgs/include/hunter_msgs/hunter_msgs/msg/detail/hunter_light_state__builder.hpp
[0.447s] -- Up-to-date symlink: /home/user/roskit_ws/install/hunter_msgs/include/hunter_msgs/hunter_msgs/msg/detail/hunter_light_state__struct.hpp
[0.447s] -- Up-to-date symlink: /home/user/roskit_ws/install/hunter_msgs/include/hunter_msgs/hunter_msgs/msg/detail/hunter_light_state__traits.hpp
[0.447s] -- Up-to-date symlink: /home/user/roskit_ws/install/hunter_msgs/include/hunter_msgs/hunter_msgs/msg/detail/hunter_light_state__type_support.hpp
[0.447s] -- Up-to-date symlink: /home/user/roskit_ws/install/hunter_msgs/include/hunter_msgs/hunter_msgs/msg/detail/hunter_rc_state__builder.hpp
[0.447s] -- Up-to-date symlink: /home/user/roskit_ws/install/hunter_msgs/include/hunter_msgs/hunter_msgs/msg/detail/hunter_rc_state__struct.hpp
[0.447s] -- Up-to-date symlink: /home/user/roskit_ws/install/hunter_msgs/include/hunter_msgs/hunter_msgs/msg/detail/hunter_rc_state__traits.hpp
[0.447s] -- Up-to-date symlink: /home/user/roskit_ws/install/hunter_msgs/include/hunter_msgs/hunter_msgs/msg/detail/hunter_rc_state__type_support.hpp
[0.447s] -- Up-to-date symlink: /home/user/roskit_ws/install/hunter_msgs/include/hunter_msgs/hunter_msgs/msg/detail/hunter_status__builder.hpp
[0.447s] -- Up-to-date symlink: /home/user/roskit_ws/install/hunter_msgs/include/hunter_msgs/hunter_msgs/msg/detail/hunter_status__struct.hpp
[0.447s] -- Up-to-date symlink: /home/user/roskit_ws/install/hunter_msgs/include/hunter_msgs/hunter_msgs/msg/detail/hunter_status__traits.hpp
[0.448s] -- Up-to-date symlink: /home/user/roskit_ws/install/hunter_msgs/include/hunter_msgs/hunter_msgs/msg/detail/hunter_status__type_support.hpp
[0.448s] -- Up-to-date symlink: /home/user/roskit_ws/install/hunter_msgs/include/hunter_msgs/hunter_msgs/msg/hunter_actuator_state.hpp
[0.448s] -- Up-to-date symlink: /home/user/roskit_ws/install/hunter_msgs/include/hunter_msgs/hunter_msgs/msg/hunter_light_cmd.hpp
[0.448s] -- Up-to-date symlink: /home/user/roskit_ws/install/hunter_msgs/include/hunter_msgs/hunter_msgs/msg/hunter_light_state.hpp
[0.448s] -- Up-to-date symlink: /home/user/roskit_ws/install/hunter_msgs/include/hunter_msgs/hunter_msgs/msg/hunter_rc_state.hpp
[0.448s] -- Up-to-date symlink: /home/user/roskit_ws/install/hunter_msgs/include/hunter_msgs/hunter_msgs/msg/hunter_status.hpp
[0.448s] -- Up-to-date symlink: /home/user/roskit_ws/install/hunter_msgs/include/hunter_msgs/hunter_msgs/msg/rosidl_generator_cpp__visibility_control.hpp
[0.449s] -- Up-to-date symlink: /home/user/roskit_ws/install/hunter_msgs/include/hunter_msgs/hunter_msgs/msg/detail/hunter_actuator_state__rosidl_typesupport_fastrtps_cpp.hpp
[0.449s] -- Up-to-date symlink: /home/user/roskit_ws/install/hunter_msgs/include/hunter_msgs/hunter_msgs/msg/detail/hunter_light_cmd__rosidl_typesupport_fastrtps_cpp.hpp
[0.449s] -- Up-to-date symlink: /home/user/roskit_ws/install/hunter_msgs/include/hunter_msgs/hunter_msgs/msg/detail/hunter_light_state__rosidl_typesupport_fastrtps_cpp.hpp
[0.449s] -- Up-to-date symlink: /home/user/roskit_ws/install/hunter_msgs/include/hunter_msgs/hunter_msgs/msg/detail/hunter_rc_state__rosidl_typesupport_fastrtps_cpp.hpp
[0.449s] -- Up-to-date symlink: /home/user/roskit_ws/install/hunter_msgs/include/hunter_msgs/hunter_msgs/msg/detail/hunter_status__rosidl_typesupport_fastrtps_cpp.hpp
[0.449s] -- Up-to-date symlink: /home/user/roskit_ws/install/hunter_msgs/include/hunter_msgs/hunter_msgs/msg/rosidl_typesupport_fastrtps_cpp__visibility_control.h
[0.449s] -- Up-to-date symlink: /home/user/roskit_ws/install/hunter_msgs/include/hunter_msgs/hunter_msgs/msg/detail/hunter_actuator_state__rosidl_typesupport_introspection_c.h
[0.449s] -- Up-to-date symlink: /home/user/roskit_ws/install/hunter_msgs/include/hunter_msgs/hunter_msgs/msg/detail/hunter_light_cmd__rosidl_typesupport_introspection_c.h
[0.449s] -- Up-to-date symlink: /home/user/roskit_ws/install/hunter_msgs/include/hunter_msgs/hunter_msgs/msg/detail/hunter_light_state__rosidl_typesupport_introspection_c.h
[0.450s] -- Up-to-date symlink: /home/user/roskit_ws/install/hunter_msgs/include/hunter_msgs/hunter_msgs/msg/detail/hunter_rc_state__rosidl_typesupport_introspection_c.h
[0.450s] -- Up-to-date symlink: /home/user/roskit_ws/install/hunter_msgs/include/hunter_msgs/hunter_msgs/msg/detail/hunter_status__rosidl_typesupport_introspection_c.h
[0.450s] -- Up-to-date symlink: /home/user/roskit_ws/install/hunter_msgs/include/hunter_msgs/hunter_msgs/msg/rosidl_typesupport_introspection_c__visibility_control.h
[0.450s] -- Up-to-date symlink: /home/user/roskit_ws/install/hunter_msgs/include/hunter_msgs/hunter_msgs/msg/detail/hunter_actuator_state__rosidl_typesupport_introspection_cpp.hpp
[0.450s] -- Up-to-date symlink: /home/user/roskit_ws/install/hunter_msgs/include/hunter_msgs/hunter_msgs/msg/detail/hunter_light_cmd__rosidl_typesupport_introspection_cpp.hpp
[0.450s] -- Up-to-date symlink: /home/user/roskit_ws/install/hunter_msgs/include/hunter_msgs/hunter_msgs/msg/detail/hunter_light_state__rosidl_typesupport_introspection_cpp.hpp
[0.450s] -- Up-to-date symlink: /home/user/roskit_ws/install/hunter_msgs/include/hunter_msgs/hunter_msgs/msg/detail/hunter_rc_state__rosidl_typesupport_introspection_cpp.hpp
[0.450s] -- Up-to-date symlink: /home/user/roskit_ws/install/hunter_msgs/include/hunter_msgs/hunter_msgs/msg/detail/hunter_status__rosidl_typesupport_introspection_cpp.hpp
[0.450s] -- Up-to-date symlink: /home/user/roskit_ws/install/hunter_msgs/share/hunter_msgs/environment/pythonpath.sh
[0.450s] -- Up-to-date symlink: /home/user/roskit_ws/install/hunter_msgs/share/hunter_msgs/environment/pythonpath.dsv
[0.450s] -- Up-to-date symlink: /home/user/roskit_ws/install/hunter_msgs/local/lib/python3.10/dist-packages/hunter_msgs-0.0.1-py3.10.egg-info/PKG-INFO
[0.450s] -- Up-to-date symlink: /home/user/roskit_ws/install/hunter_msgs/local/lib/python3.10/dist-packages/hunter_msgs-0.0.1-py3.10.egg-info/SOURCES.txt
[0.450s] -- Up-to-date symlink: /home/user/roskit_ws/install/hunter_msgs/local/lib/python3.10/dist-packages/hunter_msgs-0.0.1-py3.10.egg-info/dependency_links.txt
[0.451s] -- Up-to-date symlink: /home/user/roskit_ws/install/hunter_msgs/local/lib/python3.10/dist-packages/hunter_msgs-0.0.1-py3.10.egg-info/top_level.txt
[0.451s] -- Up-to-date symlink: /home/user/roskit_ws/install/hunter_msgs/local/lib/python3.10/dist-packages/hunter_msgs/__init__.py
[0.451s] -- Up-to-date symlink: /home/user/roskit_ws/install/hunter_msgs/local/lib/python3.10/dist-packages/hunter_msgs/_hunter_msgs_s.ep.rosidl_typesupport_c.c
[0.451s] -- Up-to-date symlink: /home/user/roskit_ws/install/hunter_msgs/local/lib/python3.10/dist-packages/hunter_msgs/_hunter_msgs_s.ep.rosidl_typesupport_fastrtps_c.c
[0.451s] -- Up-to-date symlink: /home/user/roskit_ws/install/hunter_msgs/local/lib/python3.10/dist-packages/hunter_msgs/_hunter_msgs_s.ep.rosidl_typesupport_introspection_c.c
[0.451s] -- Up-to-date symlink: /home/user/roskit_ws/install/hunter_msgs/local/lib/python3.10/dist-packages/hunter_msgs/hunter_msgs_s__rosidl_typesupport_c.cpython-310-x86_64-linux-gnu.so
[0.451s] -- Up-to-date symlink: /home/user/roskit_ws/install/hunter_msgs/local/lib/python3.10/dist-packages/hunter_msgs/hunter_msgs_s__rosidl_typesupport_fastrtps_c.cpython-310-x86_64-linux-gnu.so
[0.451s] -- Up-to-date symlink: /home/user/roskit_ws/install/hunter_msgs/local/lib/python3.10/dist-packages/hunter_msgs/hunter_msgs_s__rosidl_typesupport_introspection_c.cpython-310-x86_64-linux-gnu.so
[0.452s] -- Up-to-date symlink: /home/user/roskit_ws/install/hunter_msgs/local/lib/python3.10/dist-packages/hunter_msgs/libhunter_msgs__rosidl_generator_py.so
[0.452s] -- Up-to-date symlink: /home/user/roskit_ws/install/hunter_msgs/local/lib/python3.10/dist-packages/hunter_msgs/msg/__init__.py
[0.452s] -- Up-to-date symlink: /home/user/roskit_ws/install/hunter_msgs/local/lib/python3.10/dist-packages/hunter_msgs/msg/_hunter_actuator_state.py
[0.452s] -- Up-to-date symlink: /home/user/roskit_ws/install/hunter_msgs/local/lib/python3.10/dist-packages/hunter_msgs/msg/_hunter_actuator_state_s.c
[0.452s] -- Up-to-date symlink: /home/user/roskit_ws/install/hunter_msgs/local/lib/python3.10/dist-packages/hunter_msgs/msg/_hunter_light_cmd.py
[0.452s] -- Up-to-date symlink: /home/user/roskit_ws/install/hunter_msgs/local/lib/python3.10/dist-packages/hunter_msgs/msg/_hunter_light_cmd_s.c
[0.452s] -- Up-to-date symlink: /home/user/roskit_ws/install/hunter_msgs/local/lib/python3.10/dist-packages/hunter_msgs/msg/_hunter_light_state.py
[0.452s] -- Up-to-date symlink: /home/user/roskit_ws/install/hunter_msgs/local/lib/python3.10/dist-packages/hunter_msgs/msg/_hunter_light_state_s.c
[0.452s] -- Up-to-date symlink: /home/user/roskit_ws/install/hunter_msgs/local/lib/python3.10/dist-packages/hunter_msgs/msg/_hunter_rc_state.py
[0.452s] -- Up-to-date symlink: /home/user/roskit_ws/install/hunter_msgs/local/lib/python3.10/dist-packages/hunter_msgs/msg/_hunter_rc_state_s.c
[0.453s] -- Up-to-date symlink: /home/user/roskit_ws/install/hunter_msgs/local/lib/python3.10/dist-packages/hunter_msgs/msg/_hunter_status.py
[0.453s] -- Up-to-date symlink: /home/user/roskit_ws/install/hunter_msgs/local/lib/python3.10/dist-packages/hunter_msgs/msg/_hunter_status_s.c
[0.453s] -- Up-to-date symlink: /home/user/roskit_ws/install/hunter_msgs/local/lib/python3.10/dist-packages/hunter_msgs/hunter_msgs_s__rosidl_typesupport_fastrtps_c.cpython-310-x86_64-linux-gnu.so
[0.453s] -- Up-to-date symlink: /home/user/roskit_ws/install/hunter_msgs/local/lib/python3.10/dist-packages/hunter_msgs/hunter_msgs_s__rosidl_typesupport_introspection_c.cpython-310-x86_64-linux-gnu.so
[0.453s] -- Up-to-date symlink: /home/user/roskit_ws/install/hunter_msgs/local/lib/python3.10/dist-packages/hunter_msgs/hunter_msgs_s__rosidl_typesupport_c.cpython-310-x86_64-linux-gnu.so
[0.453s] -- Up-to-date symlink: /home/user/roskit_ws/install/hunter_msgs/share/hunter_msgs/msg/HunterActuatorState.idl
[0.453s] -- Up-to-date symlink: /home/user/roskit_ws/install/hunter_msgs/share/hunter_msgs/msg/HunterLightCmd.idl
[0.453s] -- Up-to-date symlink: /home/user/roskit_ws/install/hunter_msgs/share/hunter_msgs/msg/HunterLightState.idl
[0.454s] -- Up-to-date symlink: /home/user/roskit_ws/install/hunter_msgs/share/hunter_msgs/msg/HunterRCState.idl
[0.454s] -- Up-to-date symlink: /home/user/roskit_ws/install/hunter_msgs/share/hunter_msgs/msg/HunterStatus.idl
[0.454s] -- Up-to-date symlink: /home/user/roskit_ws/install/hunter_msgs/share/hunter_msgs/msg/HunterActuatorState.msg
[0.454s] -- Up-to-date symlink: /home/user/roskit_ws/install/hunter_msgs/share/hunter_msgs/msg/HunterLightCmd.msg
[0.454s] -- Up-to-date symlink: /home/user/roskit_ws/install/hunter_msgs/share/hunter_msgs/msg/HunterLightState.msg
[0.454s] -- Up-to-date symlink: /home/user/roskit_ws/install/hunter_msgs/share/hunter_msgs/msg/HunterRCState.msg
[0.454s] -- Up-to-date symlink: /home/user/roskit_ws/install/hunter_msgs/share/hunter_msgs/msg/HunterStatus.msg
[0.454s] -- Up-to-date symlink: /home/user/roskit_ws/install/hunter_msgs/share/ament_index/resource_index/package_run_dependencies/hunter_msgs
[0.454s] -- Up-to-date symlink: /home/user/roskit_ws/install/hunter_msgs/share/ament_index/resource_index/parent_prefix_path/hunter_msgs
[0.455s] -- Up-to-date symlink: /home/user/roskit_ws/install/hunter_msgs/share/hunter_msgs/environment/ament_prefix_path.sh
[0.455s] -- Up-to-date symlink: /home/user/roskit_ws/install/hunter_msgs/share/hunter_msgs/environment/ament_prefix_path.dsv
[0.455s] -- Up-to-date symlink: /home/user/roskit_ws/install/hunter_msgs/share/hunter_msgs/environment/path.sh
[0.460s] -- Up-to-date symlink: /home/user/roskit_ws/install/hunter_msgs/share/hunter_msgs/environment/path.dsv
[0.461s] -- Up-to-date symlink: /home/user/roskit_ws/install/hunter_msgs/share/hunter_msgs/local_setup.bash
[0.461s] -- Up-to-date symlink: /home/user/roskit_ws/install/hunter_msgs/share/hunter_msgs/local_setup.sh
[0.461s] -- Up-to-date symlink: /home/user/roskit_ws/install/hunter_msgs/share/hunter_msgs/local_setup.zsh
[0.461s] -- Up-to-date symlink: /home/user/roskit_ws/install/hunter_msgs/share/hunter_msgs/local_setup.dsv
[0.461s] -- Symlinking: /home/user/roskit_ws/install/hunter_msgs/share/hunter_msgs/package.dsv
[0.467s] -- Up-to-date symlink: /home/user/roskit_ws/install/hunter_msgs/share/ament_index/resource_index/packages/hunter_msgs
[0.467s] -- Up-to-date symlink: /home/user/roskit_ws/install/hunter_msgs/share/hunter_msgs/cmake/rosidl_cmake-extras.cmake
[0.467s] -- Up-to-date symlink: /home/user/roskit_ws/install/hunter_msgs/share/hunter_msgs/cmake/ament_cmake_export_dependencies-extras.cmake
[0.468s] -- Up-to-date symlink: /home/user/roskit_ws/install/hunter_msgs/share/hunter_msgs/cmake/ament_cmake_export_include_directories-extras.cmake
[0.468s] -- Up-to-date symlink: /home/user/roskit_ws/install/hunter_msgs/share/hunter_msgs/cmake/ament_cmake_export_libraries-extras.cmake
[0.468s] -- Up-to-date symlink: /home/user/roskit_ws/install/hunter_msgs/share/hunter_msgs/cmake/ament_cmake_export_targets-extras.cmake
[0.468s] -- Up-to-date symlink: /home/user/roskit_ws/install/hunter_msgs/share/hunter_msgs/cmake/rosidl_cmake_export_typesupport_targets-extras.cmake
[0.469s] -- Up-to-date symlink: /home/user/roskit_ws/install/hunter_msgs/share/hunter_msgs/cmake/rosidl_cmake_export_typesupport_libraries-extras.cmake
[0.469s] -- Up-to-date symlink: /home/user/roskit_ws/install/hunter_msgs/share/hunter_msgs/cmake/hunter_msgsConfig.cmake
[0.469s] -- Up-to-date symlink: /home/user/roskit_ws/install/hunter_msgs/share/hunter_msgs/cmake/hunter_msgsConfig-version.cmake
[0.469s] -- Up-to-date symlink: /home/user/roskit_ws/install/hunter_msgs/share/hunter_msgs/package.xml
[0.469s] -- Up-to-date: /home/user/roskit_ws/install/hunter_msgs/lib/libhunter_msgs__rosidl_generator_c.so
[0.469s] -- Up-to-date: /home/user/roskit_ws/install/hunter_msgs/lib/libhunter_msgs__rosidl_typesupport_fastrtps_c.so
[0.469s] -- Up-to-date: /home/user/roskit_ws/install/hunter_msgs/lib/libhunter_msgs__rosidl_typesupport_fastrtps_cpp.so
[0.470s] -- Up-to-date: /home/user/roskit_ws/install/hunter_msgs/lib/libhunter_msgs__rosidl_typesupport_introspection_c.so
[0.470s] -- Up-to-date: /home/user/roskit_ws/install/hunter_msgs/lib/libhunter_msgs__rosidl_typesupport_c.so
[0.470s] -- Up-to-date: /home/user/roskit_ws/install/hunter_msgs/lib/libhunter_msgs__rosidl_typesupport_introspection_cpp.so
[0.471s] -- Up-to-date: /home/user/roskit_ws/install/hunter_msgs/lib/libhunter_msgs__rosidl_typesupport_cpp.so
[0.484s] Listing '/home/user/roskit_ws/install/hunter_msgs/local/lib/python3.10/dist-packages/hunter_msgs'...
[0.484s] Listing '/home/user/roskit_ws/install/hunter_msgs/local/lib/python3.10/dist-packages/hunter_msgs/msg'...
[0.485s] -- Up-to-date: /home/user/roskit_ws/install/hunter_msgs/lib/libhunter_msgs__rosidl_generator_py.so
[0.485s] -- Up-to-date: /home/user/roskit_ws/install/hunter_msgs/share/hunter_msgs/cmake/export_hunter_msgs__rosidl_generator_cExport.cmake
[0.485s] -- Up-to-date: /home/user/roskit_ws/install/hunter_msgs/share/hunter_msgs/cmake/export_hunter_msgs__rosidl_generator_cExport-release.cmake
[0.485s] -- Up-to-date: /home/user/roskit_ws/install/hunter_msgs/share/hunter_msgs/cmake/export_hunter_msgs__rosidl_typesupport_fastrtps_cExport.cmake
[0.485s] -- Up-to-date: /home/user/roskit_ws/install/hunter_msgs/share/hunter_msgs/cmake/export_hunter_msgs__rosidl_typesupport_fastrtps_cExport-release.cmake
[0.485s] -- Up-to-date: /home/user/roskit_ws/install/hunter_msgs/share/hunter_msgs/cmake/export_hunter_msgs__rosidl_generator_cppExport.cmake
[0.485s] -- Up-to-date: /home/user/roskit_ws/install/hunter_msgs/share/hunter_msgs/cmake/export_hunter_msgs__rosidl_typesupport_fastrtps_cppExport.cmake
[0.485s] -- Up-to-date: /home/user/roskit_ws/install/hunter_msgs/share/hunter_msgs/cmake/export_hunter_msgs__rosidl_typesupport_fastrtps_cppExport-release.cmake
[0.485s] -- Up-to-date: /home/user/roskit_ws/install/hunter_msgs/share/hunter_msgs/cmake/hunter_msgs__rosidl_typesupport_introspection_cExport.cmake
[0.485s] -- Up-to-date: /home/user/roskit_ws/install/hunter_msgs/share/hunter_msgs/cmake/hunter_msgs__rosidl_typesupport_introspection_cExport-release.cmake
[0.486s] -- Up-to-date: /home/user/roskit_ws/install/hunter_msgs/share/hunter_msgs/cmake/hunter_msgs__rosidl_typesupport_cExport.cmake
[0.486s] -- Up-to-date: /home/user/roskit_ws/install/hunter_msgs/share/hunter_msgs/cmake/hunter_msgs__rosidl_typesupport_cExport-release.cmake
[0.486s] -- Up-to-date: /home/user/roskit_ws/install/hunter_msgs/share/hunter_msgs/cmake/hunter_msgs__rosidl_typesupport_introspection_cppExport.cmake
[0.486s] -- Up-to-date: /home/user/roskit_ws/install/hunter_msgs/share/hunter_msgs/cmake/hunter_msgs__rosidl_typesupport_introspection_cppExport-release.cmake
[0.486s] -- Up-to-date: /home/user/roskit_ws/install/hunter_msgs/share/hunter_msgs/cmake/hunter_msgs__rosidl_typesupport_cppExport.cmake
[0.486s] -- Up-to-date: /home/user/roskit_ws/install/hunter_msgs/share/hunter_msgs/cmake/hunter_msgs__rosidl_typesupport_cppExport-release.cmake
[0.486s] -- Up-to-date: /home/user/roskit_ws/install/hunter_msgs/share/hunter_msgs/cmake/export_hunter_msgs__rosidl_generator_pyExport.cmake
[0.486s] -- Up-to-date: /home/user/roskit_ws/install/hunter_msgs/share/hunter_msgs/cmake/export_hunter_msgs__rosidl_generator_pyExport-release.cmake
[0.506s] Invoked command in '/home/user/roskit_ws/build/hunter_msgs' returned '0': CMAKE_PREFIX_PATH=/home/user/roskit_ws/install/tracer_base:/home/user/roskit_ws/install/scout_base:/home/user/roskit_ws/install/ranger_base:/home/user/roskit_ws/install/hunter_base:/opt/ros/humble:/home/user/roskit_ws/install/ugv_sdk:/home/user/roskit_ws/install/ublox:/home/user/roskit_ws/install/ublox_gps:/home/user/roskit_ws/install/ublox_msgs:/home/user/roskit_ws/install/ublox_serialization:/home/user/roskit_ws/install/tracer_msgs:/home/user/roskit_ws/install/scout_msgs:/home/user/roskit_ws/install/scout_description:/home/user/roskit_ws/install/rslidar_sdk:/home/user/roskit_ws/install/rslidar_msg:/home/user/roskit_ws/install/ranger_msgs:/home/user/roskit_ws/install/ranger_bringup:/home/user/roskit_ws/install/phidgets_drivers:/home/user/roskit_ws/install/phidgets_temperature:/home/user/roskit_ws/install/phidgets_spatial:/home/user/roskit_ws/install/phidgets_motors:/home/user/roskit_ws/install/phidgets_ik:/home/user/roskit_ws/install/phidgets_high_speed_encoder:/home/user/roskit_ws/install/phidgets_digital_outputs:/home/user/roskit_ws/install/phidgets_analog_outputs:/home/user/roskit_ws/install/phidgets_msgs:/home/user/roskit_ws/install/phidgets_magnetometer:/home/user/roskit_ws/install/phidgets_gyroscope:/home/user/roskit_ws/install/phidgets_digital_inputs:/home/user/roskit_ws/install/phidgets_analog_inputs:/home/user/roskit_ws/install/phidgets_accelerometer:/home/user/roskit_ws/install/phidgets_api:/home/user/roskit_ws/install/ouster_ros:/home/user/roskit_ws/install/ouster_sensor_msgs:/home/user/roskit_ws/install/livox_ros_driver2:/home/user/roskit_ws/install/libphidget22:/home/user/roskit_ws/install/hunter_msgs:/home/user/roskit_ws/install/gr_description:/home/user/roskit_ws/install/gr_bringup /usr/bin/cmake --install /home/user/roskit_ws/build/hunter_msgs
