[0.036s] Invoking command in '/home/user/roskit_ws/build/ranger_bringup': CMAKE_PREFIX_PATH=/opt/ros/humble /usr/bin/cmake /home/user/roskit_ws/src/ranger_mini_v2/ranger_bringup -DCMAKE_BUILD_TYPE=Release -DAMENT_CMAKE_SYMLINK_INSTALL=1 -DCMAKE_INSTALL_PREFIX=/home/user/roskit_ws/install/ranger_bringup
[0.328s] -- Found ament_cmake: 1.3.12 (/opt/ros/humble/share/ament_cmake/cmake)
[0.328s] -- Found Python3: /usr/bin/python3 (found version "3.10.12") found components: Interpreter 
[0.328s] -- Override CMake install command with custom implementation using symlinks instead of copying resources
[0.329s] -- Found ament_lint_auto: 0.12.14 (/opt/ros/humble/share/ament_lint_auto/cmake)
[0.335s] -- Added test 'copyright' to check source files copyright and LICENSE
[0.339s] -- Added test 'lint_cmake' to check CMake code style
[0.340s] -- Added test 'xmllint' to check XML markup files
[0.340s] -- Configuring done
[0.341s] -- Generating done
[0.341s] -- Build files have been written to: /home/user/roskit_ws/build/ranger_bringup
[0.350s] Invoked command in '/home/user/roskit_ws/build/ranger_bringup' returned '0': CMAKE_PREFIX_PATH=/opt/ros/humble /usr/bin/cmake /home/user/roskit_ws/src/ranger_mini_v2/ranger_bringup -DCMAKE_BUILD_TYPE=Release -DAMENT_CMAKE_SYMLINK_INSTALL=1 -DCMAKE_INSTALL_PREFIX=/home/user/roskit_ws/install/ranger_bringup
[0.350s] Invoking command in '/home/user/roskit_ws/build/ranger_bringup': CMAKE_PREFIX_PATH=/opt/ros/humble /usr/bin/cmake --build /home/user/roskit_ws/build/ranger_bringup -- -j16 -l16
[0.561s] Invoked command in '/home/user/roskit_ws/build/ranger_bringup' returned '0': CMAKE_PREFIX_PATH=/opt/ros/humble /usr/bin/cmake --build /home/user/roskit_ws/build/ranger_bringup -- -j16 -l16
[0.562s] Invoking command in '/home/user/roskit_ws/build/ranger_bringup': CMAKE_PREFIX_PATH=/opt/ros/humble /usr/bin/cmake --install /home/user/roskit_ws/build/ranger_bringup
[0.966s] -- Install configuration: "Release"
[0.966s] -- Execute custom install script
[0.966s] -- Symlinking: /home/user/roskit_ws/install/ranger_bringup/share/ranger_bringup//launch/ranger.launch.xml
[0.966s] -- Symlinking: /home/user/roskit_ws/install/ranger_bringup/share/ranger_bringup//launch/ranger_mini_v1.launch.xml
[0.966s] -- Symlinking: /home/user/roskit_ws/install/ranger_bringup/share/ranger_bringup//launch/ranger_mini_v2.launch.xml
[0.966s] -- Symlinking: /home/user/roskit_ws/install/ranger_bringup/share/ament_index/resource_index/package_run_dependencies/ranger_bringup
[0.966s] -- Symlinking: /home/user/roskit_ws/install/ranger_bringup/share/ament_index/resource_index/parent_prefix_path/ranger_bringup
[0.967s] -- Symlinking: /home/user/roskit_ws/install/ranger_bringup/share/ranger_bringup/environment/ament_prefix_path.sh
[0.967s] -- Symlinking: /home/user/roskit_ws/install/ranger_bringup/share/ranger_bringup/environment/ament_prefix_path.dsv
[0.967s] -- Symlinking: /home/user/roskit_ws/install/ranger_bringup/share/ranger_bringup/environment/path.sh
[0.967s] -- Symlinking: /home/user/roskit_ws/install/ranger_bringup/share/ranger_bringup/environment/path.dsv
[0.967s] -- Symlinking: /home/user/roskit_ws/install/ranger_bringup/share/ranger_bringup/local_setup.bash
[0.967s] -- Symlinking: /home/user/roskit_ws/install/ranger_bringup/share/ranger_bringup/local_setup.sh
[0.967s] -- Symlinking: /home/user/roskit_ws/install/ranger_bringup/share/ranger_bringup/local_setup.zsh
[0.967s] -- Symlinking: /home/user/roskit_ws/install/ranger_bringup/share/ranger_bringup/local_setup.dsv
[0.967s] -- Symlinking: /home/user/roskit_ws/install/ranger_bringup/share/ranger_bringup/package.dsv
[0.968s] -- Symlinking: /home/user/roskit_ws/install/ranger_bringup/share/ament_index/resource_index/packages/ranger_bringup
[0.968s] -- Symlinking: /home/user/roskit_ws/install/ranger_bringup/share/ranger_bringup/cmake/ranger_bringupConfig.cmake
[0.970s] -- Symlinking: /home/user/roskit_ws/install/ranger_bringup/share/ranger_bringup/cmake/ranger_bringupConfig-version.cmake
[0.970s] -- Symlinking: /home/user/roskit_ws/install/ranger_bringup/share/ranger_bringup/package.xml
[0.975s] Invoked command in '/home/user/roskit_ws/build/ranger_bringup' returned '0': CMAKE_PREFIX_PATH=/opt/ros/humble /usr/bin/cmake --install /home/user/roskit_ws/build/ranger_bringup
