[0m=============================================================[0m
[0m-- POINT_TYPE is XYZI[0m
[0m=============================================================[0m
[0m=============================================================[0m
[0m-- ROS Not Found. ROS Support is turned Off.[0m
[0m=============================================================[0m
[0m=============================================================[0m
[0m-- ROS2 Not Found. ROS2 Support is turned Off.[0m
[0m=============================================================[0m
[0m=============================================================[0m
[0m-- CMake run for UNIX GNU Compiler[0m
[0m=============================================================[0m
[0m=============================================================[0m
[0m-- rs_driver Version : v1.5.16[0m
[0m=============================================================[0m
[33mCMake Warning:
  Manually-specified variables were not used by the project:

    CATKIN_INSTALL_INTO_PREFIX_ROOT
    CATKIN_SYMLINK_INSTALL

[0m
