-- The C compiler identification is GNU 11.4.0
-- The CXX compiler identification is GNU 11.4.0
-- Detecting C compiler ABI info
-- Detecting C compiler ABI info - done
-- Check for working C compiler: /usr/lib/ccache/cc - skipped
-- Detecting C compile features
-- Detecting C compile features - done
-- Detecting CXX compiler ABI info
-- Detecting CXX compiler ABI info - done
-- Check for working CXX compiler: /usr/lib/ccache/c++ - skipped
-- Detecting CXX compile features
-- Detecting CXX compile features - done
-- Configuring done
-- Generating done
-- Build files have been written to: /home/user/roskit_ws/build/rslidar_sdk
[0m=============================================================[0m
[0m-- POINT_TYPE is XYZI[0m
[0m=============================================================[0m
[0m=============================================================[0m
[0m-- ROS Not Found. ROS Support is turned Off.[0m
[0m=============================================================[0m
[0m=============================================================[0m
[0m-- ROS2 Not Found. ROS2 Support is turned Off.[0m
[0m=============================================================[0m
[0m=============================================================[0m
[0m-- CMake run for UNIX GNU Compiler[0m
[0m=============================================================[0m
[0m=============================================================[0m
[0m-- rs_driver Version : v1.5.16[0m
[0m=============================================================[0m
[33mCMake Warning:
  Manually-specified variables were not used by the project:

    CATKIN_INSTALL_INTO_PREFIX_ROOT
    CATKIN_SYMLINK_INSTALL

[0m
