[0.037s] Invoking command in '/home/user/roskit_ws/build/rslidar_sdk': /usr/bin/cmake /home/user/roskit_ws/src/rslidar_sdk -DCMAKE_BUILD_TYPE=Release -DCATKIN_INSTALL_INTO_PREFIX_ROOT=0 -DCATKIN_SYMLINK_INSTALL=ON -DCMAKE_INSTALL_PREFIX=/home/user/roskit_ws/install/rslidar_sdk
[0.265s] -- The C compiler identification is GNU 11.4.0
[0.265s] -- The CXX compiler identification is GNU 11.4.0
[0.265s] -- Detecting C compiler ABI info
[0.265s] -- Detecting C compiler ABI info - done
[0.265s] -- Check for working C compiler: /usr/lib/ccache/cc - skipped
[0.265s] -- Detecting C compile features
[0.265s] -- Detecting C compile features - done
[0.265s] -- Detecting CXX compiler ABI info
[0.265s] -- Detecting CXX compiler ABI info - done
[0.265s] -- Check for working CXX compiler: /usr/lib/ccache/c++ - skipped
[0.265s] -- Detecting CXX compile features
[0.265s] -- Detecting CXX compile features - done
[0.265s] -- Configuring done
[0.265s] -- Generating done
[0.265s] -- Build files have been written to: /home/user/roskit_ws/build/rslidar_sdk
[0.265s] [0m=============================================================[0m
[0.265s] [0m-- POINT_TYPE is XYZI[0m
[0.265s] [0m=============================================================[0m
[0.265s] [0m=============================================================[0m
[0.265s] [0m-- ROS Not Found. ROS Support is turned Off.[0m
[0.266s] [0m=============================================================[0m
[0.266s] [0m=============================================================[0m
[0.266s] [0m-- ROS2 Not Found. ROS2 Support is turned Off.[0m
[0.266s] [0m=============================================================[0m
[0.266s] [0m=============================================================[0m
[0.266s] [0m-- CMake run for UNIX GNU Compiler[0m
[0.266s] [0m=============================================================[0m
[0.266s] [0m=============================================================[0m
[0.266s] [0m-- rs_driver Version : v1.5.16[0m
[0.266s] [0m=============================================================[0m
[0.266s] [33mCMake Warning:
[0.266s]   Manually-specified variables were not used by the project:
[0.266s] 
[0.266s]     CATKIN_INSTALL_INTO_PREFIX_ROOT
[0.266s]     CATKIN_SYMLINK_INSTALL
[0.266s] 
[0.266s] [0m
