[0.036s] Invoking command in '/home/user/roskit_ws/build/libphidget22': /usr/bin/cmake /home/user/roskit_ws/src/phidgets_drivers/libphidget22 -DCMAKE_BUILD_TYPE=Release -DAMENT_CMAKE_SYMLINK_INSTALL=1 -DCMAKE_INSTALL_PREFIX=/home/user/roskit_ws/install/libphidget22
[0.061s] -- Configuring incomplete, errors occurred!
[0.061s] See also "/home/user/roskit_ws/build/libphidget22/CMakeFiles/CMakeOutput.log".
[0.061s] [31mCMake Error at CMakeLists.txt:4 (find_package):
[0.061s]   By not providing "Findament_cmake.cmake" in CMAKE_MODULE_PATH this project
[0.061s]   has asked CMake to find a package configuration file provided by
[0.061s]   "ament_cmake", but CMake did not find one.
[0.061s] 
[0.062s]   Could not find a package configuration file provided by "ament_cmake" with
[0.062s]   any of the following names:
[0.062s] 
[0.062s]     ament_cmakeConfig.cmake
[0.062s]     ament_cmake-config.cmake
[0.062s] 
[0.062s]   Add the installation prefix of "ament_cmake" to CMAKE_PREFIX_PATH or set
[0.062s]   "ament_cmake_DIR" to a directory containing one of the above files.  If
[0.063s]   "ament_cmake" provides a separate development package or SDK, be sure it
[0.064s]   has been installed.
[0.065s] 
[0.067s] [0m
[0.080s] Invoked command in '/home/user/roskit_ws/build/libphidget22' returned '1': /usr/bin/cmake /home/user/roskit_ws/src/phidgets_drivers/libphidget22 -DCMAKE_BUILD_TYPE=Release -DAMENT_CMAKE_SYMLINK_INSTALL=1 -DCMAKE_INSTALL_PREFIX=/home/user/roskit_ws/install/libphidget22
