[0.045s] Invoking command in '/home/user/roskit_ws/build/phidgets_msgs': CMAKE_PREFIX_PATH=/opt/ros/humble:${CMAKE_PREFIX_PATH} /usr/bin/cmake /home/user/roskit_ws/src/phidgets_drivers/phidgets_msgs -DCMAKE_BUILD_TYPE=Release -DROS_EDITION=ROS2 -DHUMBLE_ROS=humble -DAMENT_CMAKE_SYMLINK_INSTALL=1 -DCMAKE_INSTALL_PREFIX=/home/user/roskit_ws/install/phidgets_msgs
[0.082s] -- Found ament_cmake: 1.3.12 (/opt/ros/humble/share/ament_cmake/cmake)
[0.154s] -- Override CMake install command with custom implementation using symlinks instead of copying resources
[0.158s] -- Found rosidl_default_generators: 1.2.0 (/opt/ros/humble/share/rosidl_default_generators/cmake)
[0.160s] -- Using all available rosidl_typesupport_c: rosidl_typesupport_fastrtps_c;rosidl_typesupport_introspection_c
[0.162s] -- Found rosidl_adapter: 3.1.7 (/opt/ros/humble/share/rosidl_adapter/cmake)
[0.182s] -- Using all available rosidl_typesupport_cpp: rosidl_typesupport_fastrtps_cpp;rosidl_typesupport_introspection_cpp
[0.204s] -- Found std_msgs: 4.9.0 (/opt/ros/humble/share/std_msgs/cmake)
[0.432s] -- Found ament_cmake_ros: 0.10.0 (/opt/ros/humble/share/ament_cmake_ros/cmake)
[0.566s] -- Using all available rosidl_typesupport_c: rosidl_typesupport_fastrtps_c;rosidl_typesupport_introspection_c
[0.751s] -- Using all available rosidl_typesupport_cpp: rosidl_typesupport_fastrtps_cpp;rosidl_typesupport_introspection_cpp
[0.764s] -- Found python_cmake_module: 0.10.0 (/opt/ros/humble/share/python_cmake_module/cmake)
[0.804s] -- Using PYTHON_EXECUTABLE: /usr/bin/python3
[0.804s] -- Using PYTHON_INCLUDE_DIRS: /usr/include/python3.10
[0.804s] -- Using PYTHON_LIBRARIES: /usr/lib/x86_64-linux-gnu/libpython3.10.so
[0.836s] -- Configuring done
[0.865s] -- Generating done
[0.867s] [33mCMake Warning:
[0.867s]   Manually-specified variables were not used by the project:
[0.867s] 
[0.867s]     HUMBLE_ROS
[0.867s]     ROS_EDITION
[0.867s] 
[0.869s] [0m
[0.874s] -- Build files have been written to: /home/user/roskit_ws/build/phidgets_msgs
[0.886s] Invoked command in '/home/user/roskit_ws/build/phidgets_msgs' returned '0': CMAKE_PREFIX_PATH=/opt/ros/humble:${CMAKE_PREFIX_PATH} /usr/bin/cmake /home/user/roskit_ws/src/phidgets_drivers/phidgets_msgs -DCMAKE_BUILD_TYPE=Release -DROS_EDITION=ROS2 -DHUMBLE_ROS=humble -DAMENT_CMAKE_SYMLINK_INSTALL=1 -DCMAKE_INSTALL_PREFIX=/home/user/roskit_ws/install/phidgets_msgs
[0.886s] Invoking command in '/home/user/roskit_ws/build/phidgets_msgs': CMAKE_PREFIX_PATH=/opt/ros/humble:${CMAKE_PREFIX_PATH} /usr/bin/cmake --build /home/user/roskit_ws/build/phidgets_msgs -- -j16 -l16
[1.117s] [  2%] Built target phidgets_msgs__cpp
[1.117s] [35m[1mConsolidate compiler generated dependencies of target phidgets_msgs__rosidl_generator_c[0m
[1.117s] [  2%] Built target ament_cmake_python_symlink_phidgets_msgs
[1.117s] [ 12%] Built target phidgets_msgs__rosidl_generator_c
[1.117s] [35m[1mConsolidate compiler generated dependencies of target phidgets_msgs__rosidl_typesupport_introspection_cpp[0m
[1.117s] [35m[1mConsolidate compiler generated dependencies of target phidgets_msgs__rosidl_typesupport_fastrtps_cpp[0m
[1.117s] [35m[1mConsolidate compiler generated dependencies of target phidgets_msgs__rosidl_typesupport_cpp[0m
[1.117s] [35m[1mConsolidate compiler generated dependencies of target phidgets_msgs__rosidl_typesupport_c[0m
[1.117s] [35m[1mConsolidate compiler generated dependencies of target phidgets_msgs__rosidl_typesupport_fastrtps_c[0m
[1.117s] [35m[1mConsolidate compiler generated dependencies of target phidgets_msgs__rosidl_typesupport_introspection_c[0m
[1.117s] [ 23%] Built target phidgets_msgs__rosidl_typesupport_fastrtps_cpp
[1.117s] [ 34%] Built target phidgets_msgs__rosidl_typesupport_introspection_cpp
[1.117s] [ 44%] Built target phidgets_msgs__rosidl_typesupport_cpp
[1.117s] [ 55%] Built target phidgets_msgs__rosidl_typesupport_c
[1.117s] [ 65%] Built target phidgets_msgs__rosidl_typesupport_introspection_c
[1.117s] [ 76%] Built target phidgets_msgs__rosidl_typesupport_fastrtps_c
[1.117s] [ 76%] Built target phidgets_msgs
[1.117s] [ 78%] Built target phidgets_msgs__py
[1.117s] [35m[1mConsolidate compiler generated dependencies of target phidgets_msgs__rosidl_generator_py[0m
[1.117s] [ 87%] Built target phidgets_msgs__rosidl_generator_py
[1.125s] [35m[1mConsolidate compiler generated dependencies of target phidgets_msgs__rosidl_typesupport_fastrtps_c__pyext[0m
[1.133s] [35m[1mConsolidate compiler generated dependencies of target phidgets_msgs__rosidl_typesupport_introspection_c__pyext[0m
[1.135s] [35m[1mConsolidate compiler generated dependencies of target phidgets_msgs__rosidl_typesupport_c__pyext[0m
[1.136s] running egg_info
[1.137s] writing phidgets_msgs.egg-info/PKG-INFO
[1.137s] writing dependency_links to phidgets_msgs.egg-info/dependency_links.txt
[1.137s] writing top-level names to phidgets_msgs.egg-info/top_level.txt
[1.138s] reading manifest file 'phidgets_msgs.egg-info/SOURCES.txt'
[1.139s] writing manifest file 'phidgets_msgs.egg-info/SOURCES.txt'
[1.145s] [ 91%] Built target phidgets_msgs__rosidl_typesupport_fastrtps_c__pyext
[1.156s] [ 95%] Built target phidgets_msgs__rosidl_typesupport_introspection_c__pyext
[1.163s] [ 95%] Built target ament_cmake_python_build_phidgets_msgs_egg
[1.168s] [100%] Built target phidgets_msgs__rosidl_typesupport_c__pyext
[1.188s] Invoked command in '/home/user/roskit_ws/build/phidgets_msgs' returned '0': CMAKE_PREFIX_PATH=/opt/ros/humble:${CMAKE_PREFIX_PATH} /usr/bin/cmake --build /home/user/roskit_ws/build/phidgets_msgs -- -j16 -l16
[1.188s] Invoking command in '/home/user/roskit_ws/build/phidgets_msgs': CMAKE_PREFIX_PATH=/opt/ros/humble:${CMAKE_PREFIX_PATH} /usr/bin/cmake --install /home/user/roskit_ws/build/phidgets_msgs
[1.423s] -- Install configuration: "Release"
[1.423s] -- Execute custom install script
[1.423s] -- Up-to-date symlink: /home/user/roskit_ws/install/phidgets_msgs/share/ament_index/resource_index/rosidl_interfaces/phidgets_msgs
[1.424s] -- Up-to-date symlink: /home/user/roskit_ws/install/phidgets_msgs/include/phidgets_msgs/phidgets_msgs/msg/detail/encoder_decimated_speed__functions.h
[1.424s] -- Up-to-date symlink: /home/user/roskit_ws/install/phidgets_msgs/include/phidgets_msgs/phidgets_msgs/msg/detail/encoder_decimated_speed__struct.h
[1.424s] -- Up-to-date symlink: /home/user/roskit_ws/install/phidgets_msgs/include/phidgets_msgs/phidgets_msgs/msg/detail/encoder_decimated_speed__type_support.h
[1.424s] -- Up-to-date symlink: /home/user/roskit_ws/install/phidgets_msgs/include/phidgets_msgs/phidgets_msgs/msg/encoder_decimated_speed.h
[1.424s] -- Up-to-date symlink: /home/user/roskit_ws/install/phidgets_msgs/include/phidgets_msgs/phidgets_msgs/msg/rosidl_generator_c__visibility_control.h
[1.424s] -- Up-to-date symlink: /home/user/roskit_ws/install/phidgets_msgs/include/phidgets_msgs/phidgets_msgs/srv/detail/set_analog_output__functions.h
[1.424s] -- Up-to-date symlink: /home/user/roskit_ws/install/phidgets_msgs/include/phidgets_msgs/phidgets_msgs/srv/detail/set_analog_output__struct.h
[1.424s] -- Up-to-date symlink: /home/user/roskit_ws/install/phidgets_msgs/include/phidgets_msgs/phidgets_msgs/srv/detail/set_analog_output__type_support.h
[1.424s] -- Up-to-date symlink: /home/user/roskit_ws/install/phidgets_msgs/include/phidgets_msgs/phidgets_msgs/srv/detail/set_digital_output__functions.h
[1.425s] -- Up-to-date symlink: /home/user/roskit_ws/install/phidgets_msgs/include/phidgets_msgs/phidgets_msgs/srv/detail/set_digital_output__struct.h
[1.425s] -- Up-to-date symlink: /home/user/roskit_ws/install/phidgets_msgs/include/phidgets_msgs/phidgets_msgs/srv/detail/set_digital_output__type_support.h
[1.425s] -- Up-to-date symlink: /home/user/roskit_ws/install/phidgets_msgs/include/phidgets_msgs/phidgets_msgs/srv/set_analog_output.h
[1.425s] -- Up-to-date symlink: /home/user/roskit_ws/install/phidgets_msgs/include/phidgets_msgs/phidgets_msgs/srv/set_digital_output.h
[1.425s] -- Up-to-date symlink: /home/user/roskit_ws/install/phidgets_msgs/share/phidgets_msgs/environment/library_path.sh
[1.425s] -- Up-to-date symlink: /home/user/roskit_ws/install/phidgets_msgs/share/phidgets_msgs/environment/library_path.dsv
[1.425s] -- Up-to-date symlink: /home/user/roskit_ws/install/phidgets_msgs/include/phidgets_msgs/phidgets_msgs/msg/detail/encoder_decimated_speed__rosidl_typesupport_fastrtps_c.h
[1.425s] -- Up-to-date symlink: /home/user/roskit_ws/install/phidgets_msgs/include/phidgets_msgs/phidgets_msgs/msg/rosidl_typesupport_fastrtps_c__visibility_control.h
[1.425s] -- Up-to-date symlink: /home/user/roskit_ws/install/phidgets_msgs/include/phidgets_msgs/phidgets_msgs/srv/detail/set_analog_output__rosidl_typesupport_fastrtps_c.h
[1.425s] -- Up-to-date symlink: /home/user/roskit_ws/install/phidgets_msgs/include/phidgets_msgs/phidgets_msgs/srv/detail/set_digital_output__rosidl_typesupport_fastrtps_c.h
[1.425s] -- Up-to-date symlink: /home/user/roskit_ws/install/phidgets_msgs/include/phidgets_msgs/phidgets_msgs/msg/detail/encoder_decimated_speed__rosidl_typesupport_introspection_c.h
[1.425s] -- Up-to-date symlink: /home/user/roskit_ws/install/phidgets_msgs/include/phidgets_msgs/phidgets_msgs/msg/rosidl_typesupport_introspection_c__visibility_control.h
[1.425s] -- Up-to-date symlink: /home/user/roskit_ws/install/phidgets_msgs/include/phidgets_msgs/phidgets_msgs/srv/detail/set_analog_output__rosidl_typesupport_introspection_c.h
[1.425s] -- Up-to-date symlink: /home/user/roskit_ws/install/phidgets_msgs/include/phidgets_msgs/phidgets_msgs/srv/detail/set_digital_output__rosidl_typesupport_introspection_c.h
[1.425s] -- Up-to-date symlink: /home/user/roskit_ws/install/phidgets_msgs/include/phidgets_msgs/phidgets_msgs/msg/detail/encoder_decimated_speed__builder.hpp
[1.425s] -- Up-to-date symlink: /home/user/roskit_ws/install/phidgets_msgs/include/phidgets_msgs/phidgets_msgs/msg/detail/encoder_decimated_speed__struct.hpp
[1.425s] -- Up-to-date symlink: /home/user/roskit_ws/install/phidgets_msgs/include/phidgets_msgs/phidgets_msgs/msg/detail/encoder_decimated_speed__traits.hpp
[1.426s] -- Up-to-date symlink: /home/user/roskit_ws/install/phidgets_msgs/include/phidgets_msgs/phidgets_msgs/msg/detail/encoder_decimated_speed__type_support.hpp
[1.426s] -- Up-to-date symlink: /home/user/roskit_ws/install/phidgets_msgs/include/phidgets_msgs/phidgets_msgs/msg/encoder_decimated_speed.hpp
[1.427s] -- Up-to-date symlink: /home/user/roskit_ws/install/phidgets_msgs/include/phidgets_msgs/phidgets_msgs/msg/rosidl_generator_cpp__visibility_control.hpp
[1.427s] -- Up-to-date symlink: /home/user/roskit_ws/install/phidgets_msgs/include/phidgets_msgs/phidgets_msgs/srv/detail/set_analog_output__builder.hpp
[1.427s] -- Up-to-date symlink: /home/user/roskit_ws/install/phidgets_msgs/include/phidgets_msgs/phidgets_msgs/srv/detail/set_analog_output__struct.hpp
[1.427s] -- Up-to-date symlink: /home/user/roskit_ws/install/phidgets_msgs/include/phidgets_msgs/phidgets_msgs/srv/detail/set_analog_output__traits.hpp
[1.427s] -- Up-to-date symlink: /home/user/roskit_ws/install/phidgets_msgs/include/phidgets_msgs/phidgets_msgs/srv/detail/set_analog_output__type_support.hpp
[1.427s] -- Up-to-date symlink: /home/user/roskit_ws/install/phidgets_msgs/include/phidgets_msgs/phidgets_msgs/srv/detail/set_digital_output__builder.hpp
[1.427s] -- Up-to-date symlink: /home/user/roskit_ws/install/phidgets_msgs/include/phidgets_msgs/phidgets_msgs/srv/detail/set_digital_output__struct.hpp
[1.427s] -- Up-to-date symlink: /home/user/roskit_ws/install/phidgets_msgs/include/phidgets_msgs/phidgets_msgs/srv/detail/set_digital_output__traits.hpp
[1.427s] -- Up-to-date symlink: /home/user/roskit_ws/install/phidgets_msgs/include/phidgets_msgs/phidgets_msgs/srv/detail/set_digital_output__type_support.hpp
[1.427s] -- Up-to-date symlink: /home/user/roskit_ws/install/phidgets_msgs/include/phidgets_msgs/phidgets_msgs/srv/set_analog_output.hpp
[1.427s] -- Up-to-date symlink: /home/user/roskit_ws/install/phidgets_msgs/include/phidgets_msgs/phidgets_msgs/srv/set_digital_output.hpp
[1.427s] -- Up-to-date symlink: /home/user/roskit_ws/install/phidgets_msgs/include/phidgets_msgs/phidgets_msgs/msg/detail/encoder_decimated_speed__rosidl_typesupport_fastrtps_cpp.hpp
[1.427s] -- Up-to-date symlink: /home/user/roskit_ws/install/phidgets_msgs/include/phidgets_msgs/phidgets_msgs/msg/rosidl_typesupport_fastrtps_cpp__visibility_control.h
[1.427s] -- Up-to-date symlink: /home/user/roskit_ws/install/phidgets_msgs/include/phidgets_msgs/phidgets_msgs/srv/detail/set_analog_output__rosidl_typesupport_fastrtps_cpp.hpp
[1.427s] -- Up-to-date symlink: /home/user/roskit_ws/install/phidgets_msgs/include/phidgets_msgs/phidgets_msgs/srv/detail/set_digital_output__rosidl_typesupport_fastrtps_cpp.hpp
[1.427s] -- Up-to-date symlink: /home/user/roskit_ws/install/phidgets_msgs/include/phidgets_msgs/phidgets_msgs/msg/detail/encoder_decimated_speed__rosidl_typesupport_introspection_cpp.hpp
[1.427s] -- Up-to-date symlink: /home/user/roskit_ws/install/phidgets_msgs/include/phidgets_msgs/phidgets_msgs/srv/detail/set_analog_output__rosidl_typesupport_introspection_cpp.hpp
[1.427s] -- Up-to-date symlink: /home/user/roskit_ws/install/phidgets_msgs/include/phidgets_msgs/phidgets_msgs/srv/detail/set_digital_output__rosidl_typesupport_introspection_cpp.hpp
[1.427s] -- Up-to-date symlink: /home/user/roskit_ws/install/phidgets_msgs/share/phidgets_msgs/environment/pythonpath.sh
[1.427s] -- Up-to-date symlink: /home/user/roskit_ws/install/phidgets_msgs/share/phidgets_msgs/environment/pythonpath.dsv
[1.427s] -- Up-to-date symlink: /home/user/roskit_ws/install/phidgets_msgs/local/lib/python3.10/dist-packages/phidgets_msgs-2.3.3-py3.10.egg-info/PKG-INFO
[1.427s] -- Up-to-date symlink: /home/user/roskit_ws/install/phidgets_msgs/local/lib/python3.10/dist-packages/phidgets_msgs-2.3.3-py3.10.egg-info/SOURCES.txt
[1.427s] -- Up-to-date symlink: /home/user/roskit_ws/install/phidgets_msgs/local/lib/python3.10/dist-packages/phidgets_msgs-2.3.3-py3.10.egg-info/dependency_links.txt
[1.427s] -- Up-to-date symlink: /home/user/roskit_ws/install/phidgets_msgs/local/lib/python3.10/dist-packages/phidgets_msgs-2.3.3-py3.10.egg-info/top_level.txt
[1.427s] -- Up-to-date symlink: /home/user/roskit_ws/install/phidgets_msgs/local/lib/python3.10/dist-packages/phidgets_msgs/__init__.py
[1.428s] -- Up-to-date symlink: /home/user/roskit_ws/install/phidgets_msgs/local/lib/python3.10/dist-packages/phidgets_msgs/_phidgets_msgs_s.ep.rosidl_typesupport_c.c
[1.428s] -- Up-to-date symlink: /home/user/roskit_ws/install/phidgets_msgs/local/lib/python3.10/dist-packages/phidgets_msgs/_phidgets_msgs_s.ep.rosidl_typesupport_fastrtps_c.c
[1.428s] -- Up-to-date symlink: /home/user/roskit_ws/install/phidgets_msgs/local/lib/python3.10/dist-packages/phidgets_msgs/_phidgets_msgs_s.ep.rosidl_typesupport_introspection_c.c
[1.428s] -- Up-to-date symlink: /home/user/roskit_ws/install/phidgets_msgs/local/lib/python3.10/dist-packages/phidgets_msgs/libphidgets_msgs__rosidl_generator_py.so
[1.428s] -- Up-to-date symlink: /home/user/roskit_ws/install/phidgets_msgs/local/lib/python3.10/dist-packages/phidgets_msgs/msg/__init__.py
[1.428s] -- Up-to-date symlink: /home/user/roskit_ws/install/phidgets_msgs/local/lib/python3.10/dist-packages/phidgets_msgs/msg/_encoder_decimated_speed.py
[1.428s] -- Up-to-date symlink: /home/user/roskit_ws/install/phidgets_msgs/local/lib/python3.10/dist-packages/phidgets_msgs/msg/_encoder_decimated_speed_s.c
[1.428s] -- Up-to-date symlink: /home/user/roskit_ws/install/phidgets_msgs/local/lib/python3.10/dist-packages/phidgets_msgs/phidgets_msgs_s__rosidl_typesupport_c.cpython-310-x86_64-linux-gnu.so
[1.428s] -- Up-to-date symlink: /home/user/roskit_ws/install/phidgets_msgs/local/lib/python3.10/dist-packages/phidgets_msgs/phidgets_msgs_s__rosidl_typesupport_fastrtps_c.cpython-310-x86_64-linux-gnu.so
[1.428s] -- Up-to-date symlink: /home/user/roskit_ws/install/phidgets_msgs/local/lib/python3.10/dist-packages/phidgets_msgs/phidgets_msgs_s__rosidl_typesupport_introspection_c.cpython-310-x86_64-linux-gnu.so
[1.428s] -- Up-to-date symlink: /home/user/roskit_ws/install/phidgets_msgs/local/lib/python3.10/dist-packages/phidgets_msgs/srv/__init__.py
[1.429s] -- Up-to-date symlink: /home/user/roskit_ws/install/phidgets_msgs/local/lib/python3.10/dist-packages/phidgets_msgs/srv/_set_analog_output.py
[1.429s] -- Up-to-date symlink: /home/user/roskit_ws/install/phidgets_msgs/local/lib/python3.10/dist-packages/phidgets_msgs/srv/_set_analog_output_s.c
[1.429s] -- Up-to-date symlink: /home/user/roskit_ws/install/phidgets_msgs/local/lib/python3.10/dist-packages/phidgets_msgs/srv/_set_digital_output.py
[1.429s] -- Up-to-date symlink: /home/user/roskit_ws/install/phidgets_msgs/local/lib/python3.10/dist-packages/phidgets_msgs/srv/_set_digital_output_s.c
[1.429s] -- Up-to-date symlink: /home/user/roskit_ws/install/phidgets_msgs/local/lib/python3.10/dist-packages/phidgets_msgs/phidgets_msgs_s__rosidl_typesupport_fastrtps_c.cpython-310-x86_64-linux-gnu.so
[1.429s] -- Up-to-date symlink: /home/user/roskit_ws/install/phidgets_msgs/local/lib/python3.10/dist-packages/phidgets_msgs/phidgets_msgs_s__rosidl_typesupport_introspection_c.cpython-310-x86_64-linux-gnu.so
[1.429s] -- Up-to-date symlink: /home/user/roskit_ws/install/phidgets_msgs/local/lib/python3.10/dist-packages/phidgets_msgs/phidgets_msgs_s__rosidl_typesupport_c.cpython-310-x86_64-linux-gnu.so
[1.429s] -- Up-to-date symlink: /home/user/roskit_ws/install/phidgets_msgs/share/phidgets_msgs/srv/SetAnalogOutput.idl
[1.429s] -- Up-to-date symlink: /home/user/roskit_ws/install/phidgets_msgs/share/phidgets_msgs/srv/SetDigitalOutput.idl
[1.429s] -- Up-to-date symlink: /home/user/roskit_ws/install/phidgets_msgs/share/phidgets_msgs/msg/EncoderDecimatedSpeed.idl
[1.430s] -- Up-to-date symlink: /home/user/roskit_ws/install/phidgets_msgs/share/phidgets_msgs/srv/SetAnalogOutput.srv
[1.430s] -- Up-to-date symlink: /home/user/roskit_ws/install/phidgets_msgs/share/phidgets_msgs/srv/SetAnalogOutput_Request.msg
[1.430s] -- Up-to-date symlink: /home/user/roskit_ws/install/phidgets_msgs/share/phidgets_msgs/srv/SetAnalogOutput_Response.msg
[1.430s] -- Up-to-date symlink: /home/user/roskit_ws/install/phidgets_msgs/share/phidgets_msgs/srv/SetDigitalOutput.srv
[1.430s] -- Up-to-date symlink: /home/user/roskit_ws/install/phidgets_msgs/share/phidgets_msgs/srv/SetDigitalOutput_Request.msg
[1.430s] -- Up-to-date symlink: /home/user/roskit_ws/install/phidgets_msgs/share/phidgets_msgs/srv/SetDigitalOutput_Response.msg
[1.430s] -- Up-to-date symlink: /home/user/roskit_ws/install/phidgets_msgs/share/phidgets_msgs/msg/EncoderDecimatedSpeed.msg
[1.430s] -- Up-to-date symlink: /home/user/roskit_ws/install/phidgets_msgs/share/ament_index/resource_index/package_run_dependencies/phidgets_msgs
[1.430s] -- Up-to-date symlink: /home/user/roskit_ws/install/phidgets_msgs/share/ament_index/resource_index/parent_prefix_path/phidgets_msgs
[1.430s] -- Up-to-date symlink: /home/user/roskit_ws/install/phidgets_msgs/share/phidgets_msgs/environment/ament_prefix_path.sh
[1.430s] -- Up-to-date symlink: /home/user/roskit_ws/install/phidgets_msgs/share/phidgets_msgs/environment/ament_prefix_path.dsv
[1.431s] -- Up-to-date symlink: /home/user/roskit_ws/install/phidgets_msgs/share/phidgets_msgs/environment/path.sh
[1.431s] -- Up-to-date symlink: /home/user/roskit_ws/install/phidgets_msgs/share/phidgets_msgs/environment/path.dsv
[1.431s] -- Up-to-date symlink: /home/user/roskit_ws/install/phidgets_msgs/share/phidgets_msgs/local_setup.bash
[1.431s] -- Up-to-date symlink: /home/user/roskit_ws/install/phidgets_msgs/share/phidgets_msgs/local_setup.sh
[1.431s] -- Up-to-date symlink: /home/user/roskit_ws/install/phidgets_msgs/share/phidgets_msgs/local_setup.zsh
[1.431s] -- Up-to-date symlink: /home/user/roskit_ws/install/phidgets_msgs/share/phidgets_msgs/local_setup.dsv
[1.431s] -- Symlinking: /home/user/roskit_ws/install/phidgets_msgs/share/phidgets_msgs/package.dsv
[1.431s] -- Up-to-date symlink: /home/user/roskit_ws/install/phidgets_msgs/share/ament_index/resource_index/packages/phidgets_msgs
[1.431s] -- Up-to-date symlink: /home/user/roskit_ws/install/phidgets_msgs/share/phidgets_msgs/cmake/rosidl_cmake-extras.cmake
[1.431s] -- Up-to-date symlink: /home/user/roskit_ws/install/phidgets_msgs/share/phidgets_msgs/cmake/ament_cmake_export_dependencies-extras.cmake
[1.431s] -- Up-to-date symlink: /home/user/roskit_ws/install/phidgets_msgs/share/phidgets_msgs/cmake/ament_cmake_export_include_directories-extras.cmake
[1.432s] -- Up-to-date symlink: /home/user/roskit_ws/install/phidgets_msgs/share/phidgets_msgs/cmake/ament_cmake_export_libraries-extras.cmake
[1.432s] -- Up-to-date symlink: /home/user/roskit_ws/install/phidgets_msgs/share/phidgets_msgs/cmake/ament_cmake_export_targets-extras.cmake
[1.432s] -- Up-to-date symlink: /home/user/roskit_ws/install/phidgets_msgs/share/phidgets_msgs/cmake/rosidl_cmake_export_typesupport_targets-extras.cmake
[1.432s] -- Up-to-date symlink: /home/user/roskit_ws/install/phidgets_msgs/share/phidgets_msgs/cmake/rosidl_cmake_export_typesupport_libraries-extras.cmake
[1.432s] -- Up-to-date symlink: /home/user/roskit_ws/install/phidgets_msgs/share/phidgets_msgs/cmake/phidgets_msgsConfig.cmake
[1.432s] -- Up-to-date symlink: /home/user/roskit_ws/install/phidgets_msgs/share/phidgets_msgs/cmake/phidgets_msgsConfig-version.cmake
[1.432s] -- Up-to-date symlink: /home/user/roskit_ws/install/phidgets_msgs/share/phidgets_msgs/package.xml
[1.432s] -- Up-to-date: /home/user/roskit_ws/install/phidgets_msgs/lib/libphidgets_msgs__rosidl_generator_c.so
[1.432s] -- Up-to-date: /home/user/roskit_ws/install/phidgets_msgs/lib/libphidgets_msgs__rosidl_typesupport_fastrtps_c.so
[1.432s] -- Up-to-date: /home/user/roskit_ws/install/phidgets_msgs/lib/libphidgets_msgs__rosidl_typesupport_introspection_c.so
[1.432s] -- Up-to-date: /home/user/roskit_ws/install/phidgets_msgs/lib/libphidgets_msgs__rosidl_typesupport_c.so
[1.432s] -- Up-to-date: /home/user/roskit_ws/install/phidgets_msgs/lib/libphidgets_msgs__rosidl_typesupport_fastrtps_cpp.so
[1.432s] -- Up-to-date: /home/user/roskit_ws/install/phidgets_msgs/lib/libphidgets_msgs__rosidl_typesupport_introspection_cpp.so
[1.432s] -- Up-to-date: /home/user/roskit_ws/install/phidgets_msgs/lib/libphidgets_msgs__rosidl_typesupport_cpp.so
[1.432s] Listing '/home/user/roskit_ws/install/phidgets_msgs/local/lib/python3.10/dist-packages/phidgets_msgs'...
[1.432s] Compiling '/home/user/roskit_ws/install/phidgets_msgs/local/lib/python3.10/dist-packages/phidgets_msgs/__init__.py'...
[1.432s] Listing '/home/user/roskit_ws/install/phidgets_msgs/local/lib/python3.10/dist-packages/phidgets_msgs/msg'...
[1.432s] Listing '/home/user/roskit_ws/install/phidgets_msgs/local/lib/python3.10/dist-packages/phidgets_msgs/srv'...
[1.432s] -- Up-to-date: /home/user/roskit_ws/install/phidgets_msgs/lib/libphidgets_msgs__rosidl_generator_py.so
[1.433s] -- Up-to-date: /home/user/roskit_ws/install/phidgets_msgs/share/phidgets_msgs/cmake/export_phidgets_msgs__rosidl_generator_cExport.cmake
[1.433s] -- Up-to-date: /home/user/roskit_ws/install/phidgets_msgs/share/phidgets_msgs/cmake/export_phidgets_msgs__rosidl_generator_cExport-release.cmake
[1.433s] -- Up-to-date: /home/user/roskit_ws/install/phidgets_msgs/share/phidgets_msgs/cmake/export_phidgets_msgs__rosidl_typesupport_fastrtps_cExport.cmake
[1.433s] -- Up-to-date: /home/user/roskit_ws/install/phidgets_msgs/share/phidgets_msgs/cmake/export_phidgets_msgs__rosidl_typesupport_fastrtps_cExport-release.cmake
[1.433s] -- Up-to-date: /home/user/roskit_ws/install/phidgets_msgs/share/phidgets_msgs/cmake/phidgets_msgs__rosidl_typesupport_introspection_cExport.cmake
[1.433s] -- Up-to-date: /home/user/roskit_ws/install/phidgets_msgs/share/phidgets_msgs/cmake/phidgets_msgs__rosidl_typesupport_introspection_cExport-release.cmake
[1.433s] -- Up-to-date: /home/user/roskit_ws/install/phidgets_msgs/share/phidgets_msgs/cmake/phidgets_msgs__rosidl_typesupport_cExport.cmake
[1.433s] -- Up-to-date: /home/user/roskit_ws/install/phidgets_msgs/share/phidgets_msgs/cmake/phidgets_msgs__rosidl_typesupport_cExport-release.cmake
[1.434s] -- Up-to-date: /home/user/roskit_ws/install/phidgets_msgs/share/phidgets_msgs/cmake/export_phidgets_msgs__rosidl_generator_cppExport.cmake
[1.434s] -- Up-to-date: /home/user/roskit_ws/install/phidgets_msgs/share/phidgets_msgs/cmake/export_phidgets_msgs__rosidl_typesupport_fastrtps_cppExport.cmake
[1.434s] -- Up-to-date: /home/user/roskit_ws/install/phidgets_msgs/share/phidgets_msgs/cmake/export_phidgets_msgs__rosidl_typesupport_fastrtps_cppExport-release.cmake
[1.434s] -- Up-to-date: /home/user/roskit_ws/install/phidgets_msgs/share/phidgets_msgs/cmake/phidgets_msgs__rosidl_typesupport_introspection_cppExport.cmake
[1.434s] -- Up-to-date: /home/user/roskit_ws/install/phidgets_msgs/share/phidgets_msgs/cmake/phidgets_msgs__rosidl_typesupport_introspection_cppExport-release.cmake
[1.434s] -- Up-to-date: /home/user/roskit_ws/install/phidgets_msgs/share/phidgets_msgs/cmake/phidgets_msgs__rosidl_typesupport_cppExport.cmake
[1.434s] -- Up-to-date: /home/user/roskit_ws/install/phidgets_msgs/share/phidgets_msgs/cmake/phidgets_msgs__rosidl_typesupport_cppExport-release.cmake
[1.434s] -- Up-to-date: /home/user/roskit_ws/install/phidgets_msgs/share/phidgets_msgs/cmake/export_phidgets_msgs__rosidl_generator_pyExport.cmake
[1.434s] -- Up-to-date: /home/user/roskit_ws/install/phidgets_msgs/share/phidgets_msgs/cmake/export_phidgets_msgs__rosidl_generator_pyExport-release.cmake
[1.441s] Invoked command in '/home/user/roskit_ws/build/phidgets_msgs' returned '0': CMAKE_PREFIX_PATH=/opt/ros/humble:${CMAKE_PREFIX_PATH} /usr/bin/cmake --install /home/user/roskit_ws/build/phidgets_msgs
