[0.042s] Invoking command in '/home/user/roskit_ws/build/livox_sdk2': /usr/bin/cmake /home/user/roskit_ws/src/gr_docker/Livox-SDK2 -DCMAKE_BUILD_TYPE=Release -DROS_EDITION=ROS2 -DHUMBLE_ROS=humble -DCMAKE_INSTALL_PREFIX=/home/user/roskit_ws/install/livox_sdk2
[0.205s] [33mCMake Warning:
[0.205s]   Manually-specified variables were not used by the project:
[0.205s] 
[0.205s]     HUMBLE_ROS
[0.205s]     ROS_EDITION
[0.206s] 
[0.206s] [0m
[0.206s] -- main project dir: /home/user/roskit_ws/src/gr_docker/Livox-SDK2
[0.206s] -- main project dir: /home/user/roskit_ws/src/gr_docker/Livox-SDK2/samples
[0.206s] -- Configuring done
[0.206s] -- Generating done
[0.206s] -- Build files have been written to: /home/user/roskit_ws/build/livox_sdk2
[0.208s] Invoked command in '/home/user/roskit_ws/build/livox_sdk2' returned '0': /usr/bin/cmake /home/user/roskit_ws/src/gr_docker/Livox-SDK2 -DCMAKE_BUILD_TYPE=Release -DROS_EDITION=ROS2 -DHUMBLE_ROS=humble -DCMAKE_INSTALL_PREFIX=/home/user/roskit_ws/install/livox_sdk2
[0.208s] Invoking command in '/home/user/roskit_ws/build/livox_sdk2': /usr/bin/cmake --build /home/user/roskit_ws/build/livox_sdk2 -- -j16 -l16
[0.265s] [35m[1mConsolidate compiler generated dependencies of target livox_lidar_sdk_static[0m
[0.275s] [ 42%] Built target livox_lidar_sdk_static
[0.276s] [35m[1mConsolidate compiler generated dependencies of target livox_lidar_sdk_shared[0m
[0.277s] [35m[1mConsolidate compiler generated dependencies of target multi_lidars_upgrade[0m
[0.277s] [35m[1mConsolidate compiler generated dependencies of target livox_lidar_quick_start[0m
[0.282s] [35m[1mConsolidate compiler generated dependencies of target logger[0m
[0.285s] [35m[1mConsolidate compiler generated dependencies of target debug_point_cloud[0m
[0.291s] [35m[1mConsolidate compiler generated dependencies of target lidar_cmd_observer[0m
[0.302s] [35m[1mConsolidate compiler generated dependencies of target livox_lidar_rmc_time_sync[0m
[0.303s] [ 44%] Built target multi_lidars_upgrade
[0.303s] [ 46%] Built target debug_point_cloud
[0.303s] [ 49%] Built target lidar_cmd_observer
[0.303s] [ 51%] Built target logger
[0.304s] [ 54%] Built target livox_lidar_quick_start
[0.304s] [ 57%] Built target livox_lidar_rmc_time_sync
[0.317s] [100%] Built target livox_lidar_sdk_shared
[0.364s] Invoked command in '/home/user/roskit_ws/build/livox_sdk2' returned '0': /usr/bin/cmake --build /home/user/roskit_ws/build/livox_sdk2 -- -j16 -l16
[0.365s] Invoking command in '/home/user/roskit_ws/build/livox_sdk2': /usr/bin/cmake --install /home/user/roskit_ws/build/livox_sdk2
[0.385s] -- Install configuration: "Release"
[0.386s] -- Up-to-date: /home/user/roskit_ws/install/livox_sdk2/lib/liblivox_lidar_sdk_static.a
[0.386s] -- Up-to-date: /home/user/roskit_ws/install/livox_sdk2/include/livox_lidar_def.h
[0.386s] -- Up-to-date: /home/user/roskit_ws/install/livox_sdk2/include/livox_lidar_api.h
[0.386s] -- Up-to-date: /home/user/roskit_ws/install/livox_sdk2/include/livox_lidar_cfg.h
[0.386s] -- Up-to-date: /home/user/roskit_ws/install/livox_sdk2/lib/liblivox_lidar_sdk_shared.so
[0.398s] Invoked command in '/home/user/roskit_ws/build/livox_sdk2' returned '0': /usr/bin/cmake --install /home/user/roskit_ws/build/livox_sdk2
