[0.111s] Invoking command in '/home/user/roskit_ws/build/scout_base': CMAKE_PREFIX_PATH=/opt/ros/humble:/home/user/roskit_ws/install/ugv_sdk:/home/user/roskit_ws/install/scout_msgs:/home/user/roskit_ws/install/ublox_serialization:/home/user/roskit_ws/install/tracer_msgs:/home/user/roskit_ws/install/scout_description:/home/user/roskit_ws/install/rslidar_msg:/home/user/roskit_ws/install/ranger_msgs:/home/user/roskit_ws/install/ranger_bringup:/home/user/roskit_ws/install/phidgets_msgs:/home/user/roskit_ws/install/ouster_sensor_msgs:/home/user/roskit_ws/install/libphidget22:/home/user/roskit_ws/install/hunter_msgs:/home/user/roskit_ws/install/gr_description:/home/user/roskit_ws/install/gr_bringup LD_LIBRARY_PATH=/home/user/roskit_ws/install/scout_msgs/lib:/home/user/roskit_ws/install/tracer_msgs/lib:/home/user/roskit_ws/install/rslidar_msg/lib:/home/user/roskit_ws/install/ranger_msgs/lib:/home/user/roskit_ws/install/phidgets_msgs/lib:/home/user/roskit_ws/install/ouster_sensor_msgs/lib:/home/user/roskit_ws/install/livox_sdk2/lib:/home/user/roskit_ws/install/libphidget22/opt/libphidget22/lib:/home/user/roskit_ws/install/hunter_msgs/lib:/usr/lib/x86_64-linux-gnu/gazebo-11/plugins:/opt/ros/humble/opt/rviz_ogre_vendor/lib:/opt/ros/humble/lib/x86_64-linux-gnu:/opt/ros/humble/lib /usr/bin/cmake --build /home/user/roskit_ws/build/scout_base -- -j16 -l16
[0.146s] [100%] Built target scout_base_node
[0.213s] Invoked command in '/home/user/roskit_ws/build/scout_base' returned '0': CMAKE_PREFIX_PATH=/opt/ros/humble:/home/user/roskit_ws/install/ugv_sdk:/home/user/roskit_ws/install/scout_msgs:/home/user/roskit_ws/install/ublox_serialization:/home/user/roskit_ws/install/tracer_msgs:/home/user/roskit_ws/install/scout_description:/home/user/roskit_ws/install/rslidar_msg:/home/user/roskit_ws/install/ranger_msgs:/home/user/roskit_ws/install/ranger_bringup:/home/user/roskit_ws/install/phidgets_msgs:/home/user/roskit_ws/install/ouster_sensor_msgs:/home/user/roskit_ws/install/libphidget22:/home/user/roskit_ws/install/hunter_msgs:/home/user/roskit_ws/install/gr_description:/home/user/roskit_ws/install/gr_bringup LD_LIBRARY_PATH=/home/user/roskit_ws/install/scout_msgs/lib:/home/user/roskit_ws/install/tracer_msgs/lib:/home/user/roskit_ws/install/rslidar_msg/lib:/home/user/roskit_ws/install/ranger_msgs/lib:/home/user/roskit_ws/install/phidgets_msgs/lib:/home/user/roskit_ws/install/ouster_sensor_msgs/lib:/home/user/roskit_ws/install/livox_sdk2/lib:/home/user/roskit_ws/install/libphidget22/opt/libphidget22/lib:/home/user/roskit_ws/install/hunter_msgs/lib:/usr/lib/x86_64-linux-gnu/gazebo-11/plugins:/opt/ros/humble/opt/rviz_ogre_vendor/lib:/opt/ros/humble/lib/x86_64-linux-gnu:/opt/ros/humble/lib /usr/bin/cmake --build /home/user/roskit_ws/build/scout_base -- -j16 -l16
[0.214s] Invoking command in '/home/user/roskit_ws/build/scout_base': CMAKE_PREFIX_PATH=/opt/ros/humble:/home/user/roskit_ws/install/ugv_sdk:/home/user/roskit_ws/install/scout_msgs:/home/user/roskit_ws/install/ublox_serialization:/home/user/roskit_ws/install/tracer_msgs:/home/user/roskit_ws/install/scout_description:/home/user/roskit_ws/install/rslidar_msg:/home/user/roskit_ws/install/ranger_msgs:/home/user/roskit_ws/install/ranger_bringup:/home/user/roskit_ws/install/phidgets_msgs:/home/user/roskit_ws/install/ouster_sensor_msgs:/home/user/roskit_ws/install/libphidget22:/home/user/roskit_ws/install/hunter_msgs:/home/user/roskit_ws/install/gr_description:/home/user/roskit_ws/install/gr_bringup LD_LIBRARY_PATH=/home/user/roskit_ws/install/scout_msgs/lib:/home/user/roskit_ws/install/tracer_msgs/lib:/home/user/roskit_ws/install/rslidar_msg/lib:/home/user/roskit_ws/install/ranger_msgs/lib:/home/user/roskit_ws/install/phidgets_msgs/lib:/home/user/roskit_ws/install/ouster_sensor_msgs/lib:/home/user/roskit_ws/install/livox_sdk2/lib:/home/user/roskit_ws/install/libphidget22/opt/libphidget22/lib:/home/user/roskit_ws/install/hunter_msgs/lib:/usr/lib/x86_64-linux-gnu/gazebo-11/plugins:/opt/ros/humble/opt/rviz_ogre_vendor/lib:/opt/ros/humble/lib/x86_64-linux-gnu:/opt/ros/humble/lib /usr/bin/cmake --install /home/user/roskit_ws/build/scout_base
[0.255s] -- Install configuration: "Release"
[0.255s] -- Execute custom install script
[0.255s] -- Up-to-date symlink: /home/user/roskit_ws/install/scout_base/lib/scout_base/scout_base_node
[0.255s] -- Up-to-date symlink: /home/user/roskit_ws/install/scout_base/share/scout_base//launch/scout_base.launch.py
[0.256s] -- Up-to-date symlink: /home/user/roskit_ws/install/scout_base/share/scout_base//launch/scout_mini_base.launch.py
[0.256s] -- Up-to-date symlink: /home/user/roskit_ws/install/scout_base/share/scout_base//launch/scout_mini_omni_base.launch.py
[0.256s] -- Up-to-date symlink: /home/user/roskit_ws/install/scout_base/share/ament_index/resource_index/package_run_dependencies/scout_base
[0.256s] -- Up-to-date symlink: /home/user/roskit_ws/install/scout_base/share/ament_index/resource_index/parent_prefix_path/scout_base
[0.256s] -- Up-to-date symlink: /home/user/roskit_ws/install/scout_base/share/scout_base/environment/ament_prefix_path.sh
[0.256s] -- Up-to-date symlink: /home/user/roskit_ws/install/scout_base/share/scout_base/environment/ament_prefix_path.dsv
[0.256s] -- Up-to-date symlink: /home/user/roskit_ws/install/scout_base/share/scout_base/environment/path.sh
[0.256s] -- Up-to-date symlink: /home/user/roskit_ws/install/scout_base/share/scout_base/environment/path.dsv
[0.257s] -- Up-to-date symlink: /home/user/roskit_ws/install/scout_base/share/scout_base/local_setup.bash
[0.257s] -- Up-to-date symlink: /home/user/roskit_ws/install/scout_base/share/scout_base/local_setup.sh
[0.257s] -- Up-to-date symlink: /home/user/roskit_ws/install/scout_base/share/scout_base/local_setup.zsh
[0.257s] -- Up-to-date symlink: /home/user/roskit_ws/install/scout_base/share/scout_base/local_setup.dsv
[0.257s] -- Symlinking: /home/user/roskit_ws/install/scout_base/share/scout_base/package.dsv
[0.257s] -- Up-to-date symlink: /home/user/roskit_ws/install/scout_base/share/ament_index/resource_index/packages/scout_base
[0.257s] -- Up-to-date symlink: /home/user/roskit_ws/install/scout_base/share/scout_base/cmake/scout_baseConfig.cmake
[0.257s] -- Up-to-date symlink: /home/user/roskit_ws/install/scout_base/share/scout_base/cmake/scout_baseConfig-version.cmake
[0.258s] -- Up-to-date symlink: /home/user/roskit_ws/install/scout_base/share/scout_base/package.xml
[0.335s] Invoked command in '/home/user/roskit_ws/build/scout_base' returned '0': CMAKE_PREFIX_PATH=/opt/ros/humble:/home/user/roskit_ws/install/ugv_sdk:/home/user/roskit_ws/install/scout_msgs:/home/user/roskit_ws/install/ublox_serialization:/home/user/roskit_ws/install/tracer_msgs:/home/user/roskit_ws/install/scout_description:/home/user/roskit_ws/install/rslidar_msg:/home/user/roskit_ws/install/ranger_msgs:/home/user/roskit_ws/install/ranger_bringup:/home/user/roskit_ws/install/phidgets_msgs:/home/user/roskit_ws/install/ouster_sensor_msgs:/home/user/roskit_ws/install/libphidget22:/home/user/roskit_ws/install/hunter_msgs:/home/user/roskit_ws/install/gr_description:/home/user/roskit_ws/install/gr_bringup LD_LIBRARY_PATH=/home/user/roskit_ws/install/scout_msgs/lib:/home/user/roskit_ws/install/tracer_msgs/lib:/home/user/roskit_ws/install/rslidar_msg/lib:/home/user/roskit_ws/install/ranger_msgs/lib:/home/user/roskit_ws/install/phidgets_msgs/lib:/home/user/roskit_ws/install/ouster_sensor_msgs/lib:/home/user/roskit_ws/install/livox_sdk2/lib:/home/user/roskit_ws/install/libphidget22/opt/libphidget22/lib:/home/user/roskit_ws/install/hunter_msgs/lib:/usr/lib/x86_64-linux-gnu/gazebo-11/plugins:/opt/ros/humble/opt/rviz_ogre_vendor/lib:/opt/ros/humble/lib/x86_64-linux-gnu:/opt/ros/humble/lib /usr/bin/cmake --install /home/user/roskit_ws/build/scout_base
