[0.036s] Invoking command in '/home/user/roskit_ws/build/tracer_msgs': CMAKE_PREFIX_PATH=/opt/ros/humble /usr/bin/cmake /home/user/roskit_ws/src/tracer_ros2/tracer_msgs -DCMAKE_BUILD_TYPE=Release -DAMENT_CMAKE_SYMLINK_INSTALL=1 -DCMAKE_INSTALL_PREFIX=/home/user/roskit_ws/install/tracer_msgs
[0.067s] -- Found ament_cmake: 1.3.12 (/opt/ros/humble/share/ament_cmake/cmake)
[0.167s] -- Found Python3: /usr/bin/python3 (found version "3.10.12") found components: Interpreter 
[0.255s] -- Override CMake install command with custom implementation using symlinks instead of copying resources
[0.301s] -- Found builtin_interfaces: 1.2.2 (/opt/ros/humble/share/builtin_interfaces/cmake)
[0.329s] -- Found rosidl_generator_c: 3.1.7 (/opt/ros/humble/share/rosidl_generator_c/cmake)
[0.337s] -- Found rosidl_adapter: 3.1.7 (/opt/ros/humble/share/rosidl_adapter/cmake)
[0.340s] -- Found rosidl_generator_cpp: 3.1.7 (/opt/ros/humble/share/rosidl_generator_cpp/cmake)
[0.349s] -- Using all available rosidl_typesupport_c: rosidl_typesupport_fastrtps_c;rosidl_typesupport_introspection_c
[0.361s] -- Using all available rosidl_typesupport_cpp: rosidl_typesupport_fastrtps_cpp;rosidl_typesupport_introspection_cpp
[0.374s] -- Found rosidl_default_generators: 1.2.0 (/opt/ros/humble/share/rosidl_default_generators/cmake)
[0.383s] -- Found std_msgs: 4.9.0 (/opt/ros/humble/share/std_msgs/cmake)
[0.569s] -- Found ament_cmake_ros: 0.10.0 (/opt/ros/humble/share/ament_cmake_ros/cmake)
[0.842s] -- Using all available rosidl_typesupport_c: rosidl_typesupport_fastrtps_c;rosidl_typesupport_introspection_c
[0.922s] -- Using all available rosidl_typesupport_cpp: rosidl_typesupport_fastrtps_cpp;rosidl_typesupport_introspection_cpp
[0.934s] -- Found PythonInterp: /usr/bin/python3 (found suitable version "3.10.12", minimum required is "3.6") 
[0.934s] -- Found python_cmake_module: 0.10.0 (/opt/ros/humble/share/python_cmake_module/cmake)
[0.945s] -- Found PythonLibs: /usr/lib/x86_64-linux-gnu/libpython3.10.so (found suitable version "3.10.12", minimum required is "3.5") 
[0.945s] -- Using PYTHON_EXECUTABLE: /usr/bin/python3
[0.945s] -- Using PYTHON_INCLUDE_DIRS: /usr/include/python3.10
[0.945s] -- Using PYTHON_LIBRARIES: /usr/lib/x86_64-linux-gnu/libpython3.10.so
[0.958s] -- Found PythonExtra: .so  
[0.990s] -- Found ament_lint_auto: 0.12.14 (/opt/ros/humble/share/ament_lint_auto/cmake)
[1.005s] -- Added test 'copyright' to check source files copyright and LICENSE
[1.005s] -- Added test 'lint_cmake' to check CMake code style
[1.005s] -- Added test 'xmllint' to check XML markup files
[1.008s] -- Configuring done
[1.032s] -- Generating done
[1.045s] -- Build files have been written to: /home/user/roskit_ws/build/tracer_msgs
[1.056s] Invoked command in '/home/user/roskit_ws/build/tracer_msgs' returned '0': CMAKE_PREFIX_PATH=/opt/ros/humble /usr/bin/cmake /home/user/roskit_ws/src/tracer_ros2/tracer_msgs -DCMAKE_BUILD_TYPE=Release -DAMENT_CMAKE_SYMLINK_INSTALL=1 -DCMAKE_INSTALL_PREFIX=/home/user/roskit_ws/install/tracer_msgs
[1.062s] Invoking command in '/home/user/roskit_ws/build/tracer_msgs': CMAKE_PREFIX_PATH=/opt/ros/humble /usr/bin/cmake --build /home/user/roskit_ws/build/tracer_msgs -- -j16 -l16
[1.226s] [  1%] [34m[1mGenerating C code for ROS interfaces[0m
[1.226s] [  3%] [34m[1mGenerating C++ code for ROS interfaces[0m
[1.226s] [  3%] Built target ament_cmake_python_symlink_tracer_msgs
[1.387s] running egg_info
[1.388s] creating tracer_msgs.egg-info
[1.388s] writing tracer_msgs.egg-info/PKG-INFO
[1.389s] writing dependency_links to tracer_msgs.egg-info/dependency_links.txt
[1.389s] writing top-level names to tracer_msgs.egg-info/top_level.txt
[1.389s] writing manifest file 'tracer_msgs.egg-info/SOURCES.txt'
[1.392s] reading manifest file 'tracer_msgs.egg-info/SOURCES.txt'
[1.393s] writing manifest file 'tracer_msgs.egg-info/SOURCES.txt'
[1.442s] [  3%] Built target ament_cmake_python_build_tracer_msgs_egg
[1.554s] [  4%] [32mBuilding C object CMakeFiles/tracer_msgs__rosidl_generator_c.dir/rosidl_generator_c/tracer_msgs/msg/detail/tracer_actuator_state__functions.c.o[0m
[1.556s] [  6%] [32mBuilding C object CMakeFiles/tracer_msgs__rosidl_generator_c.dir/rosidl_generator_c/tracer_msgs/msg/detail/tracer_rc_state__functions.c.o[0m
[1.558s] [  7%] [32mBuilding C object CMakeFiles/tracer_msgs__rosidl_generator_c.dir/rosidl_generator_c/tracer_msgs/msg/detail/tracer_light_state__functions.c.o[0m
[1.565s] [  9%] [32mBuilding C object CMakeFiles/tracer_msgs__rosidl_generator_c.dir/rosidl_generator_c/tracer_msgs/msg/detail/tracer_light_cmd__functions.c.o[0m
[1.565s] [ 11%] [32mBuilding C object CMakeFiles/tracer_msgs__rosidl_generator_c.dir/rosidl_generator_c/tracer_msgs/msg/detail/tracer_status__functions.c.o[0m
[1.604s] [ 11%] Built target tracer_msgs__cpp
[1.621s] [ 12%] [34m[1mGenerating C++ type support for eProsima Fast-RTPS[0m
[1.621s] [ 14%] [34m[1mGenerating C++ type support dispatch for ROS interfaces[0m
[1.684s] [ 15%] [34m[1mGenerating C++ introspection for ROS interfaces[0m
[2.058s] [ 17%] [32m[1mLinking C shared library libtracer_msgs__rosidl_generator_c.so[0m
[2.190s] [ 17%] Built target tracer_msgs__rosidl_generator_c
[2.190s] [ 19%] [32mBuilding CXX object CMakeFiles/tracer_msgs__rosidl_typesupport_cpp.dir/rosidl_typesupport_cpp/tracer_msgs/msg/tracer_actuator_state__type_support.cpp.o[0m
[2.198s] [ 20%] [32mBuilding CXX object CMakeFiles/tracer_msgs__rosidl_typesupport_cpp.dir/rosidl_typesupport_cpp/tracer_msgs/msg/tracer_light_state__type_support.cpp.o[0m
[2.198s] [ 22%] [32mBuilding CXX object CMakeFiles/tracer_msgs__rosidl_typesupport_cpp.dir/rosidl_typesupport_cpp/tracer_msgs/msg/tracer_status__type_support.cpp.o[0m
[2.199s] [ 23%] [32mBuilding CXX object CMakeFiles/tracer_msgs__rosidl_typesupport_cpp.dir/rosidl_typesupport_cpp/tracer_msgs/msg/tracer_light_cmd__type_support.cpp.o[0m
[2.200s] [ 25%] [32mBuilding CXX object CMakeFiles/tracer_msgs__rosidl_typesupport_cpp.dir/rosidl_typesupport_cpp/tracer_msgs/msg/tracer_rc_state__type_support.cpp.o[0m
[2.221s] [ 26%] [34m[1mGenerating C type support dispatch for ROS interfaces[0m
[2.222s] [ 28%] [34m[1mGenerating C introspection for ROS interfaces[0m
[2.224s] [ 30%] [34m[1mGenerating C type support for eProsima Fast-RTPS[0m
[3.018s] [ 31%] [32mBuilding CXX object CMakeFiles/tracer_msgs__rosidl_typesupport_introspection_cpp.dir/rosidl_typesupport_introspection_cpp/tracer_msgs/msg/detail/tracer_light_cmd__type_support.cpp.o[0m
[3.025s] [ 33%] [32mBuilding CXX object CMakeFiles/tracer_msgs__rosidl_typesupport_introspection_cpp.dir/rosidl_typesupport_introspection_cpp/tracer_msgs/msg/detail/tracer_actuator_state__type_support.cpp.o[0m
[3.026s] [ 34%] [32mBuilding CXX object CMakeFiles/tracer_msgs__rosidl_typesupport_introspection_cpp.dir/rosidl_typesupport_introspection_cpp/tracer_msgs/msg/detail/tracer_light_state__type_support.cpp.o[0m
[3.041s] [ 38%] [32mBuilding CXX object CMakeFiles/tracer_msgs__rosidl_typesupport_introspection_cpp.dir/rosidl_typesupport_introspection_cpp/tracer_msgs/msg/detail/tracer_rc_state__type_support.cpp.o[0m
[3.063s] [ 38%] [32mBuilding CXX object CMakeFiles/tracer_msgs__rosidl_typesupport_introspection_cpp.dir/rosidl_typesupport_introspection_cpp/tracer_msgs/msg/detail/tracer_status__type_support.cpp.o[0m
[3.346s] [ 39%] [32mBuilding CXX object CMakeFiles/tracer_msgs__rosidl_typesupport_fastrtps_cpp.dir/rosidl_typesupport_fastrtps_cpp/tracer_msgs/msg/detail/dds_fastrtps/tracer_actuator_state__type_support.cpp.o[0m
[3.365s] [ 41%] [32mBuilding CXX object CMakeFiles/tracer_msgs__rosidl_typesupport_fastrtps_cpp.dir/rosidl_typesupport_fastrtps_cpp/tracer_msgs/msg/detail/dds_fastrtps/tracer_light_cmd__type_support.cpp.o[0m
[3.369s] [ 42%] [32mBuilding CXX object CMakeFiles/tracer_msgs__rosidl_typesupport_fastrtps_cpp.dir/rosidl_typesupport_fastrtps_cpp/tracer_msgs/msg/detail/dds_fastrtps/tracer_light_state__type_support.cpp.o[0m
[3.522s] [ 44%] [32mBuilding CXX object CMakeFiles/tracer_msgs__rosidl_typesupport_fastrtps_cpp.dir/rosidl_typesupport_fastrtps_cpp/tracer_msgs/msg/detail/dds_fastrtps/tracer_rc_state__type_support.cpp.o[0m
[3.752s] [ 46%] [32mBuilding CXX object CMakeFiles/tracer_msgs__rosidl_typesupport_fastrtps_cpp.dir/rosidl_typesupport_fastrtps_cpp/tracer_msgs/msg/detail/dds_fastrtps/tracer_status__type_support.cpp.o[0m
[3.870s] [ 47%] [32mBuilding CXX object CMakeFiles/tracer_msgs__rosidl_typesupport_fastrtps_c.dir/rosidl_typesupport_fastrtps_c/tracer_msgs/msg/detail/tracer_actuator_state__type_support_c.cpp.o[0m
[3.900s] [ 49%] [32mBuilding CXX object CMakeFiles/tracer_msgs__rosidl_typesupport_fastrtps_c.dir/rosidl_typesupport_fastrtps_c/tracer_msgs/msg/detail/tracer_light_cmd__type_support_c.cpp.o[0m
[3.930s] [ 50%] [32m[1mLinking CXX shared library libtracer_msgs__rosidl_typesupport_cpp.so[0m
[3.957s] [ 52%] [32mBuilding CXX object CMakeFiles/tracer_msgs__rosidl_typesupport_fastrtps_c.dir/rosidl_typesupport_fastrtps_c/tracer_msgs/msg/detail/tracer_light_state__type_support_c.cpp.o[0m
[4.018s] [ 53%] [32mBuilding CXX object CMakeFiles/tracer_msgs__rosidl_typesupport_c.dir/rosidl_typesupport_c/tracer_msgs/msg/tracer_actuator_state__type_support.cpp.o[0m
[4.115s] [ 53%] Built target tracer_msgs__rosidl_typesupport_cpp
[4.153s] [ 55%] [32mBuilding CXX object CMakeFiles/tracer_msgs__rosidl_typesupport_fastrtps_c.dir/rosidl_typesupport_fastrtps_c/tracer_msgs/msg/detail/tracer_rc_state__type_support_c.cpp.o[0m
[4.250s] [ 57%] [32mBuilding CXX object CMakeFiles/tracer_msgs__rosidl_typesupport_c.dir/rosidl_typesupport_c/tracer_msgs/msg/tracer_light_cmd__type_support.cpp.o[0m
[4.468s] [ 58%] [32mBuilding CXX object CMakeFiles/tracer_msgs__rosidl_typesupport_c.dir/rosidl_typesupport_c/tracer_msgs/msg/tracer_light_state__type_support.cpp.o[0m
[4.718s] [ 60%] [32mBuilding CXX object CMakeFiles/tracer_msgs__rosidl_typesupport_fastrtps_c.dir/rosidl_typesupport_fastrtps_c/tracer_msgs/msg/detail/tracer_status__type_support_c.cpp.o[0m
[4.734s] [ 61%] [32mBuilding CXX object CMakeFiles/tracer_msgs__rosidl_typesupport_c.dir/rosidl_typesupport_c/tracer_msgs/msg/tracer_rc_state__type_support.cpp.o[0m
[4.940s] [ 63%] [32mBuilding C object CMakeFiles/tracer_msgs__rosidl_typesupport_introspection_c.dir/rosidl_typesupport_introspection_c/tracer_msgs/msg/detail/tracer_actuator_state__type_support.c.o[0m
[4.954s] [ 65%] [32mBuilding CXX object CMakeFiles/tracer_msgs__rosidl_typesupport_c.dir/rosidl_typesupport_c/tracer_msgs/msg/tracer_status__type_support.cpp.o[0m
[4.985s] [ 66%] [32mBuilding C object CMakeFiles/tracer_msgs__rosidl_typesupport_introspection_c.dir/rosidl_typesupport_introspection_c/tracer_msgs/msg/detail/tracer_light_state__type_support.c.o[0m
[4.988s] [ 68%] [32mBuilding C object CMakeFiles/tracer_msgs__rosidl_typesupport_introspection_c.dir/rosidl_typesupport_introspection_c/tracer_msgs/msg/detail/tracer_light_cmd__type_support.c.o[0m
[5.069s] [ 69%] [32mBuilding C object CMakeFiles/tracer_msgs__rosidl_typesupport_introspection_c.dir/rosidl_typesupport_introspection_c/tracer_msgs/msg/detail/tracer_rc_state__type_support.c.o[0m
[5.131s] [ 71%] [32m[1mLinking CXX shared library libtracer_msgs__rosidl_typesupport_c.so[0m
[5.145s] [ 73%] [32mBuilding C object CMakeFiles/tracer_msgs__rosidl_typesupport_introspection_c.dir/rosidl_typesupport_introspection_c/tracer_msgs/msg/detail/tracer_status__type_support.c.o[0m
[5.339s] [ 73%] Built target tracer_msgs__rosidl_typesupport_c
[5.416s] [ 74%] [32m[1mLinking C shared library libtracer_msgs__rosidl_typesupport_introspection_c.so[0m
[5.541s] [ 74%] Built target tracer_msgs__rosidl_typesupport_introspection_c
[5.553s] [ 76%] [32m[1mLinking CXX shared library libtracer_msgs__rosidl_typesupport_introspection_cpp.so[0m
[5.807s] [ 76%] Built target tracer_msgs__rosidl_typesupport_introspection_cpp
[5.892s] [ 77%] [32m[1mLinking CXX shared library libtracer_msgs__rosidl_typesupport_fastrtps_cpp.so[0m
[6.008s] [ 79%] [32m[1mLinking CXX shared library libtracer_msgs__rosidl_typesupport_fastrtps_c.so[0m
[6.016s] [ 79%] Built target tracer_msgs__rosidl_typesupport_fastrtps_cpp
[6.097s] [ 79%] Built target tracer_msgs__rosidl_typesupport_fastrtps_c
[6.110s] [ 79%] Built target tracer_msgs
[6.127s] [ 80%] [34m[1mGenerating Python code for ROS interfaces[0m
[6.625s] [ 80%] Built target tracer_msgs__py
[6.643s] [ 82%] [32mBuilding C object CMakeFiles/tracer_msgs__rosidl_generator_py.dir/rosidl_generator_py/tracer_msgs/msg/_tracer_actuator_state_s.c.o[0m
[6.644s] [ 84%] [32mBuilding C object CMakeFiles/tracer_msgs__rosidl_generator_py.dir/rosidl_generator_py/tracer_msgs/msg/_tracer_rc_state_s.c.o[0m
[6.654s] [ 85%] [32mBuilding C object CMakeFiles/tracer_msgs__rosidl_generator_py.dir/rosidl_generator_py/tracer_msgs/msg/_tracer_light_state_s.c.o[0m
[6.654s] [ 87%] [32mBuilding C object CMakeFiles/tracer_msgs__rosidl_generator_py.dir/rosidl_generator_py/tracer_msgs/msg/_tracer_status_s.c.o[0m
[6.656s] [ 88%] [32mBuilding C object CMakeFiles/tracer_msgs__rosidl_generator_py.dir/rosidl_generator_py/tracer_msgs/msg/_tracer_light_cmd_s.c.o[0m
[7.051s] [ 90%] [32m[1mLinking C shared library rosidl_generator_py/tracer_msgs/libtracer_msgs__rosidl_generator_py.so[0m
[7.163s] [ 90%] Built target tracer_msgs__rosidl_generator_py
[7.181s] [ 92%] [32mBuilding C object CMakeFiles/tracer_msgs__rosidl_typesupport_introspection_c__pyext.dir/rosidl_generator_py/tracer_msgs/_tracer_msgs_s.ep.rosidl_typesupport_introspection_c.c.o[0m
[7.181s] [ 93%] [32mBuilding C object CMakeFiles/tracer_msgs__rosidl_typesupport_fastrtps_c__pyext.dir/rosidl_generator_py/tracer_msgs/_tracer_msgs_s.ep.rosidl_typesupport_fastrtps_c.c.o[0m
[7.193s] [ 95%] [32mBuilding C object CMakeFiles/tracer_msgs__rosidl_typesupport_c__pyext.dir/rosidl_generator_py/tracer_msgs/_tracer_msgs_s.ep.rosidl_typesupport_c.c.o[0m
[7.346s] [ 96%] [32m[1mLinking C shared library rosidl_generator_py/tracer_msgs/tracer_msgs_s__rosidl_typesupport_introspection_c.cpython-310-x86_64-linux-gnu.so[0m
[7.381s] [ 98%] [32m[1mLinking C shared library rosidl_generator_py/tracer_msgs/tracer_msgs_s__rosidl_typesupport_fastrtps_c.cpython-310-x86_64-linux-gnu.so[0m
[7.382s] [ 98%] Built target tracer_msgs__rosidl_typesupport_introspection_c__pyext
[7.393s] [100%] [32m[1mLinking C shared library rosidl_generator_py/tracer_msgs/tracer_msgs_s__rosidl_typesupport_c.cpython-310-x86_64-linux-gnu.so[0m
[7.407s] [100%] Built target tracer_msgs__rosidl_typesupport_fastrtps_c__pyext
[7.424s] [100%] Built target tracer_msgs__rosidl_typesupport_c__pyext
