[0.041s] Invoking command in '/home/user/roskit_ws/build/ouster_ros': CMAKE_PREFIX_PATH=/home/user/roskit_ws/install/ouster_sensor_msgs:/home/user/roskit_ws/install/tracer_base:/home/user/roskit_ws/install/scout_base:/home/user/roskit_ws/install/ranger_base:/home/user/roskit_ws/install/hunter_base:/opt/ros/humble:/home/user/roskit_ws/install/ugv_sdk:/home/user/roskit_ws/install/ublox:/home/user/roskit_ws/install/ublox_gps:/home/user/roskit_ws/install/ublox_msgs:/home/user/roskit_ws/install/ublox_serialization:/home/user/roskit_ws/install/tracer_msgs:/home/user/roskit_ws/install/scout_msgs:/home/user/roskit_ws/install/scout_description:/home/user/roskit_ws/install/rslidar_sdk:/home/user/roskit_ws/install/rslidar_msg:/home/user/roskit_ws/install/ranger_msgs:/home/user/roskit_ws/install/ranger_bringup:/home/user/roskit_ws/install/phidgets_drivers:/home/user/roskit_ws/install/phidgets_temperature:/home/user/roskit_ws/install/phidgets_spatial:/home/user/roskit_ws/install/phidgets_motors:/home/user/roskit_ws/install/phidgets_ik:/home/user/roskit_ws/install/phidgets_high_speed_encoder:/home/user/roskit_ws/install/phidgets_digital_outputs:/home/user/roskit_ws/install/phidgets_analog_outputs:/home/user/roskit_ws/install/phidgets_msgs:/home/user/roskit_ws/install/phidgets_magnetometer:/home/user/roskit_ws/install/phidgets_gyroscope:/home/user/roskit_ws/install/phidgets_digital_inputs:/home/user/roskit_ws/install/phidgets_analog_inputs:/home/user/roskit_ws/install/phidgets_accelerometer:/home/user/roskit_ws/install/phidgets_api:/home/user/roskit_ws/install/ouster_ros:/home/user/roskit_ws/install/livox_ros_driver2:/home/user/roskit_ws/install/libphidget22:/home/user/roskit_ws/install/hunter_msgs:/home/user/roskit_ws/install/gr_description:/home/user/roskit_ws/install/gr_bringup LD_LIBRARY_PATH=/home/user/roskit_ws/install/ouster_sensor_msgs/lib:/home/user/roskit_ws/install/ublox_gps/lib:/home/user/roskit_ws/install/ublox_msgs/lib:/home/user/roskit_ws/install/tracer_msgs/lib:/home/user/roskit_ws/install/scout_msgs/lib:/home/user/roskit_ws/install/rslidar_msg/lib:/home/user/roskit_ws/install/ranger_msgs/lib:/home/user/roskit_ws/install/phidgets_temperature/lib:/home/user/roskit_ws/install/phidgets_spatial/lib:/home/user/roskit_ws/install/phidgets_motors/lib:/home/user/roskit_ws/install/phidgets_high_speed_encoder/lib:/home/user/roskit_ws/install/phidgets_digital_outputs/lib:/home/user/roskit_ws/install/phidgets_analog_outputs/lib:/home/user/roskit_ws/install/phidgets_msgs/lib:/home/user/roskit_ws/install/phidgets_magnetometer/lib:/home/user/roskit_ws/install/phidgets_gyroscope/lib:/home/user/roskit_ws/install/phidgets_digital_inputs/lib:/home/user/roskit_ws/install/phidgets_analog_inputs/lib:/home/user/roskit_ws/install/phidgets_accelerometer/lib:/home/user/roskit_ws/install/phidgets_api/lib:/home/user/roskit_ws/install/ouster_ros/lib:/home/user/roskit_ws/install/livox_sdk2/lib:/home/user/roskit_ws/install/livox_ros_driver2/lib:/home/user/roskit_ws/install/libphidget22/opt/libphidget22/lib:/home/user/roskit_ws/install/hunter_msgs/lib:/usr/lib/x86_64-linux-gnu/gazebo-11/plugins:/opt/ros/humble/opt/rviz_ogre_vendor/lib:/opt/ros/humble/lib/x86_64-linux-gnu:/opt/ros/humble/lib /usr/bin/cmake /home/user/roskit_ws/src/ouster-ros/ouster-ros -DCMAKE_INSTALL_PREFIX=/home/user/roskit_ws/install/ouster_ros
[0.257s] -- Found ament_cmake: 1.3.12 (/opt/ros/humble/share/ament_cmake/cmake)
[0.258s] -- Override CMake install command with custom implementation using symlinks instead of copying resources
[0.258s] -- Found rclcpp: 16.0.14 (/opt/ros/humble/share/rclcpp/cmake)
[0.258s] -- Found rosidl_generator_c: 3.1.7 (/opt/ros/humble/share/rosidl_generator_c/cmake)
[0.258s] -- Found rosidl_adapter: 3.1.7 (/opt/ros/humble/share/rosidl_adapter/cmake)
[0.258s] -- Found rosidl_generator_cpp: 3.1.7 (/opt/ros/humble/share/rosidl_generator_cpp/cmake)
[0.258s] -- Using all available rosidl_typesupport_c: rosidl_typesupport_fastrtps_c;rosidl_typesupport_introspection_c
[0.258s] -- Using all available rosidl_typesupport_cpp: rosidl_typesupport_fastrtps_cpp;rosidl_typesupport_introspection_cpp
[0.258s] -- Found rmw_implementation_cmake: 6.1.2 (/opt/ros/humble/share/rmw_implementation_cmake/cmake)
[0.258s] -- Found rmw_fastrtps_cpp: 6.2.8 (/opt/ros/humble/share/rmw_fastrtps_cpp/cmake)
[0.347s] -- Using RMW implementation 'rmw_fastrtps_cpp' as default
[0.380s] -- Found rclcpp_components: 16.0.14 (/opt/ros/humble/share/rclcpp_components/cmake)
[0.391s] -- Found rclcpp_lifecycle: 16.0.14 (/opt/ros/humble/share/rclcpp_lifecycle/cmake)
[0.411s] -- Found sensor_msgs: 4.9.0 (/opt/ros/humble/share/sensor_msgs/cmake)
[0.430s] -- Found ouster_sensor_msgs: 0.12.2 (/home/user/roskit_ws/install/ouster_sensor_msgs/share/ouster_sensor_msgs/cmake)
[0.442s] -- Found std_srvs: 4.9.0 (/opt/ros/humble/share/std_srvs/cmake)
[0.449s] -- Found rosidl_default_generators: 1.2.0 (/opt/ros/humble/share/rosidl_default_generators/cmake)
[0.468s] -- Eigen found (include: /usr/include/eigen3, version: 3.4.0)
[0.475s] -- looking for PCL_COMMON
[0.476s] -- Found pcl_conversions: 2.4.5 (/opt/ros/humble/share/pcl_conversions/cmake)
[0.490s] -- Found tf2_eigen: 0.25.16 (/opt/ros/humble/share/tf2_eigen/cmake)
[0.623s] -- Found ament_cmake_gtest: 1.3.12 (/opt/ros/humble/share/ament_cmake_gtest/cmake)
[0.623s] -- Found gtest sources under '/opt/ros/humble/src/gtest_vendor': C++ tests using 'Google Test' will be built
[0.720s] -- Configuring done
[0.794s] -- Generating done
[0.812s] -- Build files have been written to: /home/user/roskit_ws/build/ouster_ros
[0.832s] Invoked command in '/home/user/roskit_ws/build/ouster_ros' returned '0': CMAKE_PREFIX_PATH=/home/user/roskit_ws/install/ouster_sensor_msgs:/home/user/roskit_ws/install/tracer_base:/home/user/roskit_ws/install/scout_base:/home/user/roskit_ws/install/ranger_base:/home/user/roskit_ws/install/hunter_base:/opt/ros/humble:/home/user/roskit_ws/install/ugv_sdk:/home/user/roskit_ws/install/ublox:/home/user/roskit_ws/install/ublox_gps:/home/user/roskit_ws/install/ublox_msgs:/home/user/roskit_ws/install/ublox_serialization:/home/user/roskit_ws/install/tracer_msgs:/home/user/roskit_ws/install/scout_msgs:/home/user/roskit_ws/install/scout_description:/home/user/roskit_ws/install/rslidar_sdk:/home/user/roskit_ws/install/rslidar_msg:/home/user/roskit_ws/install/ranger_msgs:/home/user/roskit_ws/install/ranger_bringup:/home/user/roskit_ws/install/phidgets_drivers:/home/user/roskit_ws/install/phidgets_temperature:/home/user/roskit_ws/install/phidgets_spatial:/home/user/roskit_ws/install/phidgets_motors:/home/user/roskit_ws/install/phidgets_ik:/home/user/roskit_ws/install/phidgets_high_speed_encoder:/home/user/roskit_ws/install/phidgets_digital_outputs:/home/user/roskit_ws/install/phidgets_analog_outputs:/home/user/roskit_ws/install/phidgets_msgs:/home/user/roskit_ws/install/phidgets_magnetometer:/home/user/roskit_ws/install/phidgets_gyroscope:/home/user/roskit_ws/install/phidgets_digital_inputs:/home/user/roskit_ws/install/phidgets_analog_inputs:/home/user/roskit_ws/install/phidgets_accelerometer:/home/user/roskit_ws/install/phidgets_api:/home/user/roskit_ws/install/ouster_ros:/home/user/roskit_ws/install/livox_ros_driver2:/home/user/roskit_ws/install/libphidget22:/home/user/roskit_ws/install/hunter_msgs:/home/user/roskit_ws/install/gr_description:/home/user/roskit_ws/install/gr_bringup LD_LIBRARY_PATH=/home/user/roskit_ws/install/ouster_sensor_msgs/lib:/home/user/roskit_ws/install/ublox_gps/lib:/home/user/roskit_ws/install/ublox_msgs/lib:/home/user/roskit_ws/install/tracer_msgs/lib:/home/user/roskit_ws/install/scout_msgs/lib:/home/user/roskit_ws/install/rslidar_msg/lib:/home/user/roskit_ws/install/ranger_msgs/lib:/home/user/roskit_ws/install/phidgets_temperature/lib:/home/user/roskit_ws/install/phidgets_spatial/lib:/home/user/roskit_ws/install/phidgets_motors/lib:/home/user/roskit_ws/install/phidgets_high_speed_encoder/lib:/home/user/roskit_ws/install/phidgets_digital_outputs/lib:/home/user/roskit_ws/install/phidgets_analog_outputs/lib:/home/user/roskit_ws/install/phidgets_msgs/lib:/home/user/roskit_ws/install/phidgets_magnetometer/lib:/home/user/roskit_ws/install/phidgets_gyroscope/lib:/home/user/roskit_ws/install/phidgets_digital_inputs/lib:/home/user/roskit_ws/install/phidgets_analog_inputs/lib:/home/user/roskit_ws/install/phidgets_accelerometer/lib:/home/user/roskit_ws/install/phidgets_api/lib:/home/user/roskit_ws/install/ouster_ros/lib:/home/user/roskit_ws/install/livox_sdk2/lib:/home/user/roskit_ws/install/livox_ros_driver2/lib:/home/user/roskit_ws/install/libphidget22/opt/libphidget22/lib:/home/user/roskit_ws/install/hunter_msgs/lib:/usr/lib/x86_64-linux-gnu/gazebo-11/plugins:/opt/ros/humble/opt/rviz_ogre_vendor/lib:/opt/ros/humble/lib/x86_64-linux-gnu:/opt/ros/humble/lib /usr/bin/cmake /home/user/roskit_ws/src/ouster-ros/ouster-ros -DCMAKE_INSTALL_PREFIX=/home/user/roskit_ws/install/ouster_ros
[0.835s] Invoking command in '/home/user/roskit_ws/build/ouster_ros': CMAKE_PREFIX_PATH=/home/user/roskit_ws/install/ouster_sensor_msgs:/home/user/roskit_ws/install/tracer_base:/home/user/roskit_ws/install/scout_base:/home/user/roskit_ws/install/ranger_base:/home/user/roskit_ws/install/hunter_base:/opt/ros/humble:/home/user/roskit_ws/install/ugv_sdk:/home/user/roskit_ws/install/ublox:/home/user/roskit_ws/install/ublox_gps:/home/user/roskit_ws/install/ublox_msgs:/home/user/roskit_ws/install/ublox_serialization:/home/user/roskit_ws/install/tracer_msgs:/home/user/roskit_ws/install/scout_msgs:/home/user/roskit_ws/install/scout_description:/home/user/roskit_ws/install/rslidar_sdk:/home/user/roskit_ws/install/rslidar_msg:/home/user/roskit_ws/install/ranger_msgs:/home/user/roskit_ws/install/ranger_bringup:/home/user/roskit_ws/install/phidgets_drivers:/home/user/roskit_ws/install/phidgets_temperature:/home/user/roskit_ws/install/phidgets_spatial:/home/user/roskit_ws/install/phidgets_motors:/home/user/roskit_ws/install/phidgets_ik:/home/user/roskit_ws/install/phidgets_high_speed_encoder:/home/user/roskit_ws/install/phidgets_digital_outputs:/home/user/roskit_ws/install/phidgets_analog_outputs:/home/user/roskit_ws/install/phidgets_msgs:/home/user/roskit_ws/install/phidgets_magnetometer:/home/user/roskit_ws/install/phidgets_gyroscope:/home/user/roskit_ws/install/phidgets_digital_inputs:/home/user/roskit_ws/install/phidgets_analog_inputs:/home/user/roskit_ws/install/phidgets_accelerometer:/home/user/roskit_ws/install/phidgets_api:/home/user/roskit_ws/install/ouster_ros:/home/user/roskit_ws/install/livox_ros_driver2:/home/user/roskit_ws/install/libphidget22:/home/user/roskit_ws/install/hunter_msgs:/home/user/roskit_ws/install/gr_description:/home/user/roskit_ws/install/gr_bringup LD_LIBRARY_PATH=/home/user/roskit_ws/install/ouster_sensor_msgs/lib:/home/user/roskit_ws/install/ublox_gps/lib:/home/user/roskit_ws/install/ublox_msgs/lib:/home/user/roskit_ws/install/tracer_msgs/lib:/home/user/roskit_ws/install/scout_msgs/lib:/home/user/roskit_ws/install/rslidar_msg/lib:/home/user/roskit_ws/install/ranger_msgs/lib:/home/user/roskit_ws/install/phidgets_temperature/lib:/home/user/roskit_ws/install/phidgets_spatial/lib:/home/user/roskit_ws/install/phidgets_motors/lib:/home/user/roskit_ws/install/phidgets_high_speed_encoder/lib:/home/user/roskit_ws/install/phidgets_digital_outputs/lib:/home/user/roskit_ws/install/phidgets_analog_outputs/lib:/home/user/roskit_ws/install/phidgets_msgs/lib:/home/user/roskit_ws/install/phidgets_magnetometer/lib:/home/user/roskit_ws/install/phidgets_gyroscope/lib:/home/user/roskit_ws/install/phidgets_digital_inputs/lib:/home/user/roskit_ws/install/phidgets_analog_inputs/lib:/home/user/roskit_ws/install/phidgets_accelerometer/lib:/home/user/roskit_ws/install/phidgets_api/lib:/home/user/roskit_ws/install/ouster_ros/lib:/home/user/roskit_ws/install/livox_sdk2/lib:/home/user/roskit_ws/install/livox_ros_driver2/lib:/home/user/roskit_ws/install/libphidget22/opt/libphidget22/lib:/home/user/roskit_ws/install/hunter_msgs/lib:/usr/lib/x86_64-linux-gnu/gazebo-11/plugins:/opt/ros/humble/opt/rviz_ogre_vendor/lib:/opt/ros/humble/lib/x86_64-linux-gnu:/opt/ros/humble/lib /usr/bin/cmake --build /home/user/roskit_ws/build/ouster_ros -- -j16 -l16
[0.875s] [35m[1mConsolidate compiler generated dependencies of target gtest[0m
[0.875s] [35m[1mConsolidate compiler generated dependencies of target os_sensor[0m
[0.876s] [35m[1mConsolidate compiler generated dependencies of target os_cloud[0m
[0.876s] [35m[1mConsolidate compiler generated dependencies of target os_driver[0m
[0.876s] [35m[1mConsolidate compiler generated dependencies of target os_image[0m
[0.876s] [35m[1mConsolidate compiler generated dependencies of target gtest_main[0m
[0.876s] [35m[1mConsolidate compiler generated dependencies of target os_replay[0m
[0.881s] [34m[1mGenerating build info header[0m
[0.885s] [  5%] Built target os_replay
[0.885s] [  7%] Built target gtest_main
[0.885s] [ 18%] Built target os_driver
[0.885s] [ 18%] Built target os_sensor
[0.886s] [ 18%] Built target os_cloud
[0.886s] [ 22%] Built target os_image
[0.886s] [ 26%] Built target gtest
[0.910s] [ 26%] Built target ouster_generate_header
[0.925s] [35m[1mConsolidate compiler generated dependencies of target ouster_client[0m
[0.943s] [ 54%] Built target ouster_client
[0.953s] [35m[1mConsolidate compiler generated dependencies of target ouster_ros_library[0m
[0.971s] [ 58%] Built target ouster_ros_library
[0.984s] [35m[1mConsolidate compiler generated dependencies of target os_cloud_component[0m
[0.984s] [35m[1mConsolidate compiler generated dependencies of target os_replay_component[0m
[0.984s] [35m[1mConsolidate compiler generated dependencies of target os_image_component[0m
[0.987s] [35m[1mConsolidate compiler generated dependencies of target os_driver_component[0m
[0.989s] [35m[1mConsolidate compiler generated dependencies of target ouster_ros_test[0m
[0.989s] [35m[1mConsolidate compiler generated dependencies of target os_sensor_component[0m
[1.005s] [ 69%] Built target os_cloud_component
[1.005s] [ 67%] Built target os_image_component
[1.006s] [ 75%] Built target os_replay_component
[1.010s] [ 83%] Built target os_driver_component
[1.011s] [ 88%] Built target os_sensor_component
[1.025s] [100%] Built target ouster_ros_test
[1.035s] Invoked command in '/home/user/roskit_ws/build/ouster_ros' returned '0': CMAKE_PREFIX_PATH=/home/user/roskit_ws/install/ouster_sensor_msgs:/home/user/roskit_ws/install/tracer_base:/home/user/roskit_ws/install/scout_base:/home/user/roskit_ws/install/ranger_base:/home/user/roskit_ws/install/hunter_base:/opt/ros/humble:/home/user/roskit_ws/install/ugv_sdk:/home/user/roskit_ws/install/ublox:/home/user/roskit_ws/install/ublox_gps:/home/user/roskit_ws/install/ublox_msgs:/home/user/roskit_ws/install/ublox_serialization:/home/user/roskit_ws/install/tracer_msgs:/home/user/roskit_ws/install/scout_msgs:/home/user/roskit_ws/install/scout_description:/home/user/roskit_ws/install/rslidar_sdk:/home/user/roskit_ws/install/rslidar_msg:/home/user/roskit_ws/install/ranger_msgs:/home/user/roskit_ws/install/ranger_bringup:/home/user/roskit_ws/install/phidgets_drivers:/home/user/roskit_ws/install/phidgets_temperature:/home/user/roskit_ws/install/phidgets_spatial:/home/user/roskit_ws/install/phidgets_motors:/home/user/roskit_ws/install/phidgets_ik:/home/user/roskit_ws/install/phidgets_high_speed_encoder:/home/user/roskit_ws/install/phidgets_digital_outputs:/home/user/roskit_ws/install/phidgets_analog_outputs:/home/user/roskit_ws/install/phidgets_msgs:/home/user/roskit_ws/install/phidgets_magnetometer:/home/user/roskit_ws/install/phidgets_gyroscope:/home/user/roskit_ws/install/phidgets_digital_inputs:/home/user/roskit_ws/install/phidgets_analog_inputs:/home/user/roskit_ws/install/phidgets_accelerometer:/home/user/roskit_ws/install/phidgets_api:/home/user/roskit_ws/install/ouster_ros:/home/user/roskit_ws/install/livox_ros_driver2:/home/user/roskit_ws/install/libphidget22:/home/user/roskit_ws/install/hunter_msgs:/home/user/roskit_ws/install/gr_description:/home/user/roskit_ws/install/gr_bringup LD_LIBRARY_PATH=/home/user/roskit_ws/install/ouster_sensor_msgs/lib:/home/user/roskit_ws/install/ublox_gps/lib:/home/user/roskit_ws/install/ublox_msgs/lib:/home/user/roskit_ws/install/tracer_msgs/lib:/home/user/roskit_ws/install/scout_msgs/lib:/home/user/roskit_ws/install/rslidar_msg/lib:/home/user/roskit_ws/install/ranger_msgs/lib:/home/user/roskit_ws/install/phidgets_temperature/lib:/home/user/roskit_ws/install/phidgets_spatial/lib:/home/user/roskit_ws/install/phidgets_motors/lib:/home/user/roskit_ws/install/phidgets_high_speed_encoder/lib:/home/user/roskit_ws/install/phidgets_digital_outputs/lib:/home/user/roskit_ws/install/phidgets_analog_outputs/lib:/home/user/roskit_ws/install/phidgets_msgs/lib:/home/user/roskit_ws/install/phidgets_magnetometer/lib:/home/user/roskit_ws/install/phidgets_gyroscope/lib:/home/user/roskit_ws/install/phidgets_digital_inputs/lib:/home/user/roskit_ws/install/phidgets_analog_inputs/lib:/home/user/roskit_ws/install/phidgets_accelerometer/lib:/home/user/roskit_ws/install/phidgets_api/lib:/home/user/roskit_ws/install/ouster_ros/lib:/home/user/roskit_ws/install/livox_sdk2/lib:/home/user/roskit_ws/install/livox_ros_driver2/lib:/home/user/roskit_ws/install/libphidget22/opt/libphidget22/lib:/home/user/roskit_ws/install/hunter_msgs/lib:/usr/lib/x86_64-linux-gnu/gazebo-11/plugins:/opt/ros/humble/opt/rviz_ogre_vendor/lib:/opt/ros/humble/lib/x86_64-linux-gnu:/opt/ros/humble/lib /usr/bin/cmake --build /home/user/roskit_ws/build/ouster_ros -- -j16 -l16
[1.037s] Invoking command in '/home/user/roskit_ws/build/ouster_ros': CMAKE_PREFIX_PATH=/home/user/roskit_ws/install/ouster_sensor_msgs:/home/user/roskit_ws/install/tracer_base:/home/user/roskit_ws/install/scout_base:/home/user/roskit_ws/install/ranger_base:/home/user/roskit_ws/install/hunter_base:/opt/ros/humble:/home/user/roskit_ws/install/ugv_sdk:/home/user/roskit_ws/install/ublox:/home/user/roskit_ws/install/ublox_gps:/home/user/roskit_ws/install/ublox_msgs:/home/user/roskit_ws/install/ublox_serialization:/home/user/roskit_ws/install/tracer_msgs:/home/user/roskit_ws/install/scout_msgs:/home/user/roskit_ws/install/scout_description:/home/user/roskit_ws/install/rslidar_sdk:/home/user/roskit_ws/install/rslidar_msg:/home/user/roskit_ws/install/ranger_msgs:/home/user/roskit_ws/install/ranger_bringup:/home/user/roskit_ws/install/phidgets_drivers:/home/user/roskit_ws/install/phidgets_temperature:/home/user/roskit_ws/install/phidgets_spatial:/home/user/roskit_ws/install/phidgets_motors:/home/user/roskit_ws/install/phidgets_ik:/home/user/roskit_ws/install/phidgets_high_speed_encoder:/home/user/roskit_ws/install/phidgets_digital_outputs:/home/user/roskit_ws/install/phidgets_analog_outputs:/home/user/roskit_ws/install/phidgets_msgs:/home/user/roskit_ws/install/phidgets_magnetometer:/home/user/roskit_ws/install/phidgets_gyroscope:/home/user/roskit_ws/install/phidgets_digital_inputs:/home/user/roskit_ws/install/phidgets_analog_inputs:/home/user/roskit_ws/install/phidgets_accelerometer:/home/user/roskit_ws/install/phidgets_api:/home/user/roskit_ws/install/ouster_ros:/home/user/roskit_ws/install/livox_ros_driver2:/home/user/roskit_ws/install/libphidget22:/home/user/roskit_ws/install/hunter_msgs:/home/user/roskit_ws/install/gr_description:/home/user/roskit_ws/install/gr_bringup LD_LIBRARY_PATH=/home/user/roskit_ws/install/ouster_sensor_msgs/lib:/home/user/roskit_ws/install/ublox_gps/lib:/home/user/roskit_ws/install/ublox_msgs/lib:/home/user/roskit_ws/install/tracer_msgs/lib:/home/user/roskit_ws/install/scout_msgs/lib:/home/user/roskit_ws/install/rslidar_msg/lib:/home/user/roskit_ws/install/ranger_msgs/lib:/home/user/roskit_ws/install/phidgets_temperature/lib:/home/user/roskit_ws/install/phidgets_spatial/lib:/home/user/roskit_ws/install/phidgets_motors/lib:/home/user/roskit_ws/install/phidgets_high_speed_encoder/lib:/home/user/roskit_ws/install/phidgets_digital_outputs/lib:/home/user/roskit_ws/install/phidgets_analog_outputs/lib:/home/user/roskit_ws/install/phidgets_msgs/lib:/home/user/roskit_ws/install/phidgets_magnetometer/lib:/home/user/roskit_ws/install/phidgets_gyroscope/lib:/home/user/roskit_ws/install/phidgets_digital_inputs/lib:/home/user/roskit_ws/install/phidgets_analog_inputs/lib:/home/user/roskit_ws/install/phidgets_accelerometer/lib:/home/user/roskit_ws/install/phidgets_api/lib:/home/user/roskit_ws/install/ouster_ros/lib:/home/user/roskit_ws/install/livox_sdk2/lib:/home/user/roskit_ws/install/livox_ros_driver2/lib:/home/user/roskit_ws/install/libphidget22/opt/libphidget22/lib:/home/user/roskit_ws/install/hunter_msgs/lib:/usr/lib/x86_64-linux-gnu/gazebo-11/plugins:/opt/ros/humble/opt/rviz_ogre_vendor/lib:/opt/ros/humble/lib/x86_64-linux-gnu:/opt/ros/humble/lib /usr/bin/cmake --install /home/user/roskit_ws/build/ouster_ros
[1.043s] -- Install configuration: "Release"
[1.044s] -- Execute custom install script
[1.045s] -- Up-to-date symlink: /home/user/roskit_ws/install/ouster_ros/include/ouster/impl/build.h
[1.045s] -- Up-to-date symlink: /home/user/roskit_ws/install/ouster_ros/include/ouster/buffered_udp_source.h
[1.046s] -- Up-to-date symlink: /home/user/roskit_ws/install/ouster_ros/include/ouster/client.h
[1.046s] -- Up-to-date symlink: /home/user/roskit_ws/install/ouster_ros/include/ouster/defaults.h
[1.046s] -- Up-to-date symlink: /home/user/roskit_ws/install/ouster_ros/include/ouster/image_processing.h
[1.046s] -- Up-to-date symlink: /home/user/roskit_ws/install/ouster_ros/include/ouster/impl/cartesian.h
[1.046s] -- Up-to-date symlink: /home/user/roskit_ws/install/ouster_ros/include/ouster/impl/lidar_scan_impl.h
[1.046s] -- Up-to-date symlink: /home/user/roskit_ws/install/ouster_ros/include/ouster/impl/packet_writer.h
[1.046s] -- Up-to-date symlink: /home/user/roskit_ws/install/ouster_ros/include/ouster/impl/profile_extension.h
[1.046s] -- Up-to-date symlink: /home/user/roskit_ws/install/ouster_ros/include/ouster/lidar_scan.h
[1.047s] -- Up-to-date symlink: /home/user/roskit_ws/install/ouster_ros/include/ouster/sensor_http.h
[1.047s] -- Up-to-date symlink: /home/user/roskit_ws/install/ouster_ros/include/ouster/types.h
[1.047s] -- Up-to-date symlink: /home/user/roskit_ws/install/ouster_ros/include/ouster/util.h
[1.047s] -- Up-to-date symlink: /home/user/roskit_ws/install/ouster_ros/include/ouster/version.h
[1.047s] -- Up-to-date symlink: /home/user/roskit_ws/install/ouster_ros/include/optional-lite/nonstd/optional.hpp
[1.047s] -- Up-to-date symlink: /home/user/roskit_ws/install/ouster_ros/lib/cmake/OusterSDK/OusterSDKConfig.cmake
[1.047s] -- Up-to-date symlink: /home/user/roskit_ws/install/ouster_ros/lib/cmake/OusterSDK/OusterSDKConfigVersion.cmake
[1.047s] -- Up-to-date symlink: /home/user/roskit_ws/install/ouster_ros/share/LICENSE
[1.047s] -- Up-to-date symlink: /home/user/roskit_ws/install/ouster_ros/share/LICENSE-bin
[1.048s] -- Up-to-date symlink: /home/user/roskit_ws/install/ouster_ros/lib/ouster_ros/os_sensor
[1.048s] -- Up-to-date symlink: /home/user/roskit_ws/install/ouster_ros/lib/ouster_ros/os_replay
[1.048s] -- Up-to-date symlink: /home/user/roskit_ws/install/ouster_ros/lib/ouster_ros/os_cloud
[1.048s] -- Up-to-date symlink: /home/user/roskit_ws/install/ouster_ros/lib/ouster_ros/os_image
[1.048s] -- Up-to-date symlink: /home/user/roskit_ws/install/ouster_ros/lib/ouster_ros/os_driver
[1.048s] -- Up-to-date symlink: /home/user/roskit_ws/install/ouster_ros/lib/libouster_ros_library.so
[1.048s] -- Up-to-date symlink: /home/user/roskit_ws/install/ouster_ros/lib/libos_sensor_component.so
[1.048s] -- Up-to-date symlink: /home/user/roskit_ws/install/ouster_ros/lib/libos_replay_component.so
[1.048s] -- Up-to-date symlink: /home/user/roskit_ws/install/ouster_ros/lib/libos_cloud_component.so
[1.048s] -- Up-to-date symlink: /home/user/roskit_ws/install/ouster_ros/lib/libos_image_component.so
[1.048s] -- Up-to-date symlink: /home/user/roskit_ws/install/ouster_ros/lib/libos_driver_component.so
[1.048s] -- Up-to-date symlink: /home/user/roskit_ws/install/ouster_ros/include/ouster_ros/include/ouster_ros/common_point_types.h
[1.048s] -- Up-to-date symlink: /home/user/roskit_ws/install/ouster_ros/include/ouster_ros/include/ouster_ros/os_point.h
[1.049s] -- Up-to-date symlink: /home/user/roskit_ws/install/ouster_ros/include/ouster_ros/include/ouster_ros/os_processing_node_base.h
[1.049s] -- Up-to-date symlink: /home/user/roskit_ws/install/ouster_ros/include/ouster_ros/include/ouster_ros/os_ros.h
[1.049s] -- Up-to-date symlink: /home/user/roskit_ws/install/ouster_ros/include/ouster_ros/include/ouster_ros/os_sensor_node_base.h
[1.049s] -- Up-to-date symlink: /home/user/roskit_ws/install/ouster_ros/include/ouster_ros/include/ouster_ros/sensor_point_types.h
[1.049s] -- Up-to-date symlink: /home/user/roskit_ws/install/ouster_ros/include/ouster_ros/include/ouster_ros/visibility_control.h
[1.049s] -- Up-to-date symlink: /home/user/roskit_ws/install/ouster_ros/include/ouster_ros/include/optional-lite/nonstd/optional.hpp
[1.049s] -- Up-to-date symlink: /home/user/roskit_ws/install/ouster_ros/include/ouster_ros/include/ouster/buffered_udp_source.h
[1.049s] -- Up-to-date symlink: /home/user/roskit_ws/install/ouster_ros/include/ouster_ros/include/ouster/client.h
[1.049s] -- Up-to-date symlink: /home/user/roskit_ws/install/ouster_ros/include/ouster_ros/include/ouster/defaults.h
[1.049s] -- Up-to-date symlink: /home/user/roskit_ws/install/ouster_ros/include/ouster_ros/include/ouster/image_processing.h
[1.049s] -- Up-to-date symlink: /home/user/roskit_ws/install/ouster_ros/include/ouster_ros/include/ouster/impl/cartesian.h
[1.049s] -- Up-to-date symlink: /home/user/roskit_ws/install/ouster_ros/include/ouster_ros/include/ouster/impl/lidar_scan_impl.h
[1.049s] -- Up-to-date symlink: /home/user/roskit_ws/install/ouster_ros/include/ouster_ros/include/ouster/impl/packet_writer.h
[1.049s] -- Up-to-date symlink: /home/user/roskit_ws/install/ouster_ros/include/ouster_ros/include/ouster/impl/profile_extension.h
[1.050s] -- Up-to-date symlink: /home/user/roskit_ws/install/ouster_ros/include/ouster_ros/include/ouster/lidar_scan.h
[1.050s] -- Up-to-date symlink: /home/user/roskit_ws/install/ouster_ros/include/ouster_ros/include/ouster/sensor_http.h
[1.050s] -- Up-to-date symlink: /home/user/roskit_ws/install/ouster_ros/include/ouster_ros/include/ouster/types.h
[1.050s] -- Up-to-date symlink: /home/user/roskit_ws/install/ouster_ros/include/ouster_ros/include/ouster/util.h
[1.050s] -- Up-to-date symlink: /home/user/roskit_ws/install/ouster_ros/include/ouster_ros/include/ouster/version.h
[1.050s] -- Up-to-date symlink: /home/user/roskit_ws/install/ouster_ros/include/ouster_ros/optional-lite/nonstd/optional.hpp
[1.050s] -- Up-to-date symlink: /home/user/roskit_ws/install/ouster_ros/share/ouster_ros/LICENSE
[1.050s] -- Up-to-date symlink: /home/user/roskit_ws/install/ouster_ros/share/ouster_ros/launch/driver.launch.py
[1.051s] -- Up-to-date symlink: /home/user/roskit_ws/install/ouster_ros/share/ouster_ros/launch/driver_launch.py
[1.051s] -- Up-to-date symlink: /home/user/roskit_ws/install/ouster_ros/share/ouster_ros/launch/record.composite.launch.xml
[1.051s] -- Up-to-date symlink: /home/user/roskit_ws/install/ouster_ros/share/ouster_ros/launch/record.launch.xml
[1.051s] -- Up-to-date symlink: /home/user/roskit_ws/install/ouster_ros/share/ouster_ros/launch/replay.composite.launch.xml
[1.051s] -- Up-to-date symlink: /home/user/roskit_ws/install/ouster_ros/share/ouster_ros/launch/replay.launch.xml
[1.051s] -- Up-to-date symlink: /home/user/roskit_ws/install/ouster_ros/share/ouster_ros/launch/rviz.launch.py
[1.051s] -- Up-to-date symlink: /home/user/roskit_ws/install/ouster_ros/share/ouster_ros/launch/rviz.launch.xml
[1.052s] -- Up-to-date symlink: /home/user/roskit_ws/install/ouster_ros/share/ouster_ros/launch/sensor.composite.launch.py
[1.052s] -- Up-to-date symlink: /home/user/roskit_ws/install/ouster_ros/share/ouster_ros/launch/sensor.composite.launch.xml
[1.052s] -- Up-to-date symlink: /home/user/roskit_ws/install/ouster_ros/share/ouster_ros/launch/sensor.independent.launch.py
[1.053s] -- Up-to-date symlink: /home/user/roskit_ws/install/ouster_ros/share/ouster_ros/launch/sensor.independent.launch.xml
[1.054s] -- Up-to-date symlink: /home/user/roskit_ws/install/ouster_ros/share/ouster_ros/launch/sensor.launch.xml
[1.055s] -- Up-to-date symlink: /home/user/roskit_ws/install/ouster_ros/share/ouster_ros/launch/sensor_mtp.launch.xml
[1.056s] -- Up-to-date symlink: /home/user/roskit_ws/install/ouster_ros/share/ouster_ros/config/community_driver.rviz
[1.056s] -- Up-to-date symlink: /home/user/roskit_ws/install/ouster_ros/share/ouster_ros/config/community_driver_config.yaml
[1.056s] -- Up-to-date symlink: /home/user/roskit_ws/install/ouster_ros/share/ouster_ros/config/driver_params.yaml
[1.056s] -- Up-to-date symlink: /home/user/roskit_ws/install/ouster_ros/share/ouster_ros/config/metadata-qos-override.yaml
[1.056s] -- Up-to-date symlink: /home/user/roskit_ws/install/ouster_ros/share/ouster_ros/config/os_sensor_cloud_image_params.yaml
[1.056s] -- Up-to-date symlink: /home/user/roskit_ws/install/ouster_ros/share/ouster_ros/config/viz-reliable.rviz
[1.056s] -- Up-to-date symlink: /home/user/roskit_ws/install/ouster_ros/share/ouster_ros/config/viz.rviz
[1.056s] -- Up-to-date symlink: /home/user/roskit_ws/install/ouster_ros/share/ouster_ros/environment/library_path.sh
[1.056s] -- Up-to-date symlink: /home/user/roskit_ws/install/ouster_ros/share/ouster_ros/environment/library_path.dsv
[1.057s] -- Up-to-date symlink: /home/user/roskit_ws/install/ouster_ros/share/ament_index/resource_index/package_run_dependencies/ouster_ros
[1.057s] -- Up-to-date symlink: /home/user/roskit_ws/install/ouster_ros/share/ament_index/resource_index/parent_prefix_path/ouster_ros
[1.057s] -- Up-to-date symlink: /home/user/roskit_ws/install/ouster_ros/share/ouster_ros/environment/ament_prefix_path.sh
[1.057s] -- Up-to-date symlink: /home/user/roskit_ws/install/ouster_ros/share/ouster_ros/environment/ament_prefix_path.dsv
[1.057s] -- Up-to-date symlink: /home/user/roskit_ws/install/ouster_ros/share/ouster_ros/environment/path.sh
[1.057s] -- Up-to-date symlink: /home/user/roskit_ws/install/ouster_ros/share/ouster_ros/environment/path.dsv
[1.057s] -- Up-to-date symlink: /home/user/roskit_ws/install/ouster_ros/share/ouster_ros/local_setup.bash
[1.057s] -- Up-to-date symlink: /home/user/roskit_ws/install/ouster_ros/share/ouster_ros/local_setup.sh
[1.058s] -- Up-to-date symlink: /home/user/roskit_ws/install/ouster_ros/share/ouster_ros/local_setup.zsh
[1.058s] -- Up-to-date symlink: /home/user/roskit_ws/install/ouster_ros/share/ouster_ros/local_setup.dsv
[1.058s] -- Symlinking: /home/user/roskit_ws/install/ouster_ros/share/ouster_ros/package.dsv
[1.066s] -- Up-to-date symlink: /home/user/roskit_ws/install/ouster_ros/share/ament_index/resource_index/packages/ouster_ros
[1.066s] -- Up-to-date symlink: /home/user/roskit_ws/install/ouster_ros/share/ament_index/resource_index/rclcpp_components/ouster_ros
[1.066s] -- Up-to-date symlink: /home/user/roskit_ws/install/ouster_ros/share/ouster_ros/cmake/ament_cmake_export_include_directories-extras.cmake
[1.066s] -- Up-to-date symlink: /home/user/roskit_ws/install/ouster_ros/share/ouster_ros/cmake/ament_cmake_export_dependencies-extras.cmake
[1.066s] -- Up-to-date symlink: /home/user/roskit_ws/install/ouster_ros/share/ouster_ros/cmake/ament_cmake_export_libraries-extras.cmake
[1.067s] -- Up-to-date symlink: /home/user/roskit_ws/install/ouster_ros/share/ouster_ros/cmake/ouster_rosConfig.cmake
[1.067s] -- Up-to-date symlink: /home/user/roskit_ws/install/ouster_ros/share/ouster_ros/cmake/ouster_rosConfig-version.cmake
[1.067s] -- Up-to-date symlink: /home/user/roskit_ws/install/ouster_ros/share/ouster_ros/package.xml
[1.069s] Invoked command in '/home/user/roskit_ws/build/ouster_ros' returned '0': CMAKE_PREFIX_PATH=/home/user/roskit_ws/install/ouster_sensor_msgs:/home/user/roskit_ws/install/tracer_base:/home/user/roskit_ws/install/scout_base:/home/user/roskit_ws/install/ranger_base:/home/user/roskit_ws/install/hunter_base:/opt/ros/humble:/home/user/roskit_ws/install/ugv_sdk:/home/user/roskit_ws/install/ublox:/home/user/roskit_ws/install/ublox_gps:/home/user/roskit_ws/install/ublox_msgs:/home/user/roskit_ws/install/ublox_serialization:/home/user/roskit_ws/install/tracer_msgs:/home/user/roskit_ws/install/scout_msgs:/home/user/roskit_ws/install/scout_description:/home/user/roskit_ws/install/rslidar_sdk:/home/user/roskit_ws/install/rslidar_msg:/home/user/roskit_ws/install/ranger_msgs:/home/user/roskit_ws/install/ranger_bringup:/home/user/roskit_ws/install/phidgets_drivers:/home/user/roskit_ws/install/phidgets_temperature:/home/user/roskit_ws/install/phidgets_spatial:/home/user/roskit_ws/install/phidgets_motors:/home/user/roskit_ws/install/phidgets_ik:/home/user/roskit_ws/install/phidgets_high_speed_encoder:/home/user/roskit_ws/install/phidgets_digital_outputs:/home/user/roskit_ws/install/phidgets_analog_outputs:/home/user/roskit_ws/install/phidgets_msgs:/home/user/roskit_ws/install/phidgets_magnetometer:/home/user/roskit_ws/install/phidgets_gyroscope:/home/user/roskit_ws/install/phidgets_digital_inputs:/home/user/roskit_ws/install/phidgets_analog_inputs:/home/user/roskit_ws/install/phidgets_accelerometer:/home/user/roskit_ws/install/phidgets_api:/home/user/roskit_ws/install/ouster_ros:/home/user/roskit_ws/install/livox_ros_driver2:/home/user/roskit_ws/install/libphidget22:/home/user/roskit_ws/install/hunter_msgs:/home/user/roskit_ws/install/gr_description:/home/user/roskit_ws/install/gr_bringup LD_LIBRARY_PATH=/home/user/roskit_ws/install/ouster_sensor_msgs/lib:/home/user/roskit_ws/install/ublox_gps/lib:/home/user/roskit_ws/install/ublox_msgs/lib:/home/user/roskit_ws/install/tracer_msgs/lib:/home/user/roskit_ws/install/scout_msgs/lib:/home/user/roskit_ws/install/rslidar_msg/lib:/home/user/roskit_ws/install/ranger_msgs/lib:/home/user/roskit_ws/install/phidgets_temperature/lib:/home/user/roskit_ws/install/phidgets_spatial/lib:/home/user/roskit_ws/install/phidgets_motors/lib:/home/user/roskit_ws/install/phidgets_high_speed_encoder/lib:/home/user/roskit_ws/install/phidgets_digital_outputs/lib:/home/user/roskit_ws/install/phidgets_analog_outputs/lib:/home/user/roskit_ws/install/phidgets_msgs/lib:/home/user/roskit_ws/install/phidgets_magnetometer/lib:/home/user/roskit_ws/install/phidgets_gyroscope/lib:/home/user/roskit_ws/install/phidgets_digital_inputs/lib:/home/user/roskit_ws/install/phidgets_analog_inputs/lib:/home/user/roskit_ws/install/phidgets_accelerometer/lib:/home/user/roskit_ws/install/phidgets_api/lib:/home/user/roskit_ws/install/ouster_ros/lib:/home/user/roskit_ws/install/livox_sdk2/lib:/home/user/roskit_ws/install/livox_ros_driver2/lib:/home/user/roskit_ws/install/libphidget22/opt/libphidget22/lib:/home/user/roskit_ws/install/hunter_msgs/lib:/usr/lib/x86_64-linux-gnu/gazebo-11/plugins:/opt/ros/humble/opt/rviz_ogre_vendor/lib:/opt/ros/humble/lib/x86_64-linux-gnu:/opt/ros/humble/lib /usr/bin/cmake --install /home/user/roskit_ws/build/ouster_ros
