[0.039s] Invoking command in '/home/user/roskit_ws/build/livox_ros_driver2': CMAKE_PREFIX_PATH=/home/user/roskit_ws/install/tracer_base:/home/user/roskit_ws/install/scout_base:/home/user/roskit_ws/install/ranger_base:/home/user/roskit_ws/install/hunter_base:/opt/ros/humble:/home/user/roskit_ws/install/ugv_sdk:/home/user/roskit_ws/install/ublox:/home/user/roskit_ws/install/ublox_gps:/home/user/roskit_ws/install/ublox_msgs:/home/user/roskit_ws/install/ublox_serialization:/home/user/roskit_ws/install/tracer_msgs:/home/user/roskit_ws/install/scout_msgs:/home/user/roskit_ws/install/scout_description:/home/user/roskit_ws/install/rslidar_sdk:/home/user/roskit_ws/install/rslidar_msg:/home/user/roskit_ws/install/ranger_msgs:/home/user/roskit_ws/install/ranger_bringup:/home/user/roskit_ws/install/phidgets_drivers:/home/user/roskit_ws/install/phidgets_temperature:/home/user/roskit_ws/install/phidgets_spatial:/home/user/roskit_ws/install/phidgets_motors:/home/user/roskit_ws/install/phidgets_ik:/home/user/roskit_ws/install/phidgets_high_speed_encoder:/home/user/roskit_ws/install/phidgets_digital_outputs:/home/user/roskit_ws/install/phidgets_analog_outputs:/home/user/roskit_ws/install/phidgets_msgs:/home/user/roskit_ws/install/phidgets_magnetometer:/home/user/roskit_ws/install/phidgets_gyroscope:/home/user/roskit_ws/install/phidgets_digital_inputs:/home/user/roskit_ws/install/phidgets_analog_inputs:/home/user/roskit_ws/install/phidgets_accelerometer:/home/user/roskit_ws/install/phidgets_api:/home/user/roskit_ws/install/ouster_ros:/home/user/roskit_ws/install/ouster_sensor_msgs:/home/user/roskit_ws/install/livox_ros_driver2:/home/user/roskit_ws/install/libphidget22:/home/user/roskit_ws/install/hunter_msgs:/home/user/roskit_ws/install/gr_description:/home/user/roskit_ws/install/gr_bringup /usr/bin/cmake --build /home/user/roskit_ws/build/livox_ros_driver2 -- -j16 -l16
[0.100s] -- livox_ros_driver2 version: 1.2.4
[0.100s] -- Found ament_cmake_auto: 1.3.12 (/opt/ros/humble/share/ament_cmake_auto/cmake)
[0.317s] -- Override CMake install command with custom implementation using symlinks instead of copying resources
[0.422s] -- Using all available rosidl_typesupport_c: rosidl_typesupport_fastrtps_c;rosidl_typesupport_introspection_c
[0.422s] -- Found rosidl_adapter: 3.1.7 (/opt/ros/humble/share/rosidl_adapter/cmake)
[0.437s] -- Using all available rosidl_typesupport_cpp: rosidl_typesupport_fastrtps_cpp;rosidl_typesupport_introspection_cpp
[0.554s] -- Found rmw_implementation_cmake: 6.1.2 (/opt/ros/humble/share/rmw_implementation_cmake/cmake)
[0.554s] -- Found rmw_fastrtps_cpp: 6.2.8 (/opt/ros/humble/share/rmw_fastrtps_cpp/cmake)
[0.635s] -- Using RMW implementation 'rmw_fastrtps_cpp' as default
[0.814s] -- Eigen found (include: /usr/include/eigen3, version: 3.4.0)
[0.858s] -- FLANN found (include: /usr/include, lib: /usr/lib/x86_64-linux-gnu/libflann_cpp.so)
[1.162s] -- OpenNI found (version: 1.5.4.0, include: /usr/include/ni, lib: /usr/lib/libOpenNI.so;libusb::libusb)
[1.166s] -- OpenNI2 found (version: 2.2.0.33, include: /usr/include/openni2, lib: /usr/lib/x86_64-linux-gnu/libOpenNI2.so;libusb::libusb)
[1.276s] -- Eigen found (include: /usr/include/eigen3, version: 3.4.0)
[1.280s] -- OpenNI found (version: 1.5.4.0, include: /usr/include/ni, lib: /usr/lib/libOpenNI.so;libusb::libusb)
[1.284s] -- OpenNI2 found (version: 2.2.0.33, include: /usr/include/openni2, lib: /usr/lib/x86_64-linux-gnu/libOpenNI2.so;libusb::libusb)
[1.368s] -- Found Qhull version 8.0.2
[1.475s] -- OpenNI found (version: 1.5.4.0, include: /usr/include/ni, lib: /usr/lib/libOpenNI.so;libusb::libusb)
[1.627s] -- Checking for module 'apr-1'
[1.632s] --   No package 'apr-1' found
[1.762s] -- Found ament_cmake_ros: 0.10.0 (/opt/ros/humble/share/ament_cmake_ros/cmake)
[1.893s] -- Using all available rosidl_typesupport_c: rosidl_typesupport_fastrtps_c;rosidl_typesupport_introspection_c
[2.057s] -- Using all available rosidl_typesupport_cpp: rosidl_typesupport_fastrtps_cpp;rosidl_typesupport_introspection_cpp
[2.075s] -- Found python_cmake_module: 0.10.0 (/opt/ros/humble/share/python_cmake_module/cmake)
[2.096s] -- Using PYTHON_EXECUTABLE: /usr/bin/python3
[2.096s] -- Using PYTHON_INCLUDE_DIRS: /usr/include/python3.10
[2.096s] -- Using PYTHON_LIBRARIES: /usr/lib/x86_64-linux-gnu/libpython3.10.so
[2.187s] -- Found ament_lint_auto: 0.12.14 (/opt/ros/humble/share/ament_lint_auto/cmake)
[2.196s] -- Added test 'copyright' to check source files copyright and LICENSE
[2.197s] -- Added test 'cppcheck' to perform static code analysis on C / C++ code
[2.198s] -- Configured cppcheck include dirs: /home/user/roskit_ws/src/livox_ros_driver2/3rdparty;/home/user/roskit_ws/src/livox_ros_driver2/src
[2.198s] -- Configured cppcheck exclude dirs and/or files: 
[2.199s] -- Added test 'cpplint' to check C / C++ code against the Google style
[2.199s] -- Configured cpplint exclude dirs and/or files: 
[2.199s] -- Added test 'flake8' to check Python code syntax and style conventions
[2.200s] -- Added test 'lint_cmake' to check CMake code style
[2.200s] -- Added test 'pep257' to check Python code against some of the docstring style conventions in PEP 257
[2.201s] -- Added test 'uncrustify' to check C / C++ code style
[2.201s] -- Configured uncrustify additional arguments: 
[2.202s] -- Added test 'xmllint' to check XML markup files
[2.203s] -- Configuring done
[2.251s] -- Generating done
[2.259s] -- Build files have been written to: /home/user/roskit_ws/build/livox_ros_driver2
[2.284s] [35m[1mConsolidate compiler generated dependencies of target livox_interfaces2__rosidl_generator_c[0m
[2.284s] [35m[1mConsolidate compiler generated dependencies of target livox_ros_driver2_node[0m
[2.291s] [  1%] Built target livox_interfaces2__cpp
[2.292s] [  8%] Built target livox_interfaces2__rosidl_generator_c
[2.295s] [ 12%] Built target livox_ros_driver2_node
[2.296s] [ 12%] Built target ament_cmake_python_symlink_livox_ros_driver2
[2.299s] [35m[1mConsolidate compiler generated dependencies of target livox_interfaces2__rosidl_typesupport_cpp[0m
[2.299s] [35m[1mConsolidate compiler generated dependencies of target livox_interfaces2__rosidl_typesupport_introspection_cpp[0m
[2.299s] [35m[1mConsolidate compiler generated dependencies of target livox_interfaces2__rosidl_typesupport_fastrtps_cpp[0m
[2.304s] [35m[1mConsolidate compiler generated dependencies of target livox_interfaces2__rosidl_typesupport_introspection_c[0m
[2.304s] [35m[1mConsolidate compiler generated dependencies of target livox_interfaces2__rosidl_typesupport_fastrtps_c[0m
[2.308s] [ 19%] Built target livox_interfaces2__rosidl_typesupport_cpp
[2.308s] [ 26%] Built target livox_interfaces2__rosidl_typesupport_introspection_cpp
[2.309s] [ 33%] Built target livox_interfaces2__rosidl_typesupport_fastrtps_cpp
[2.310s] [35m[1mConsolidate compiler generated dependencies of target livox_interfaces2__rosidl_typesupport_c[0m
[2.313s] [ 40%] Built target livox_interfaces2__rosidl_typesupport_introspection_c
[2.313s] [ 47%] Built target livox_interfaces2__rosidl_typesupport_fastrtps_c
[2.318s] [ 54%] Built target livox_interfaces2__rosidl_typesupport_c
[2.321s] [35m[1mConsolidate compiler generated dependencies of target livox_ros_driver2[0m
[2.333s] [ 54%] Built target livox_interfaces2
[2.344s] [ 82%] Built target livox_ros_driver2
[2.348s] [ 84%] Built target livox_interfaces2__py
[2.356s] [35m[1mConsolidate compiler generated dependencies of target livox_interfaces2__rosidl_generator_py[0m
[2.365s] [ 89%] Built target livox_interfaces2__rosidl_generator_py
[2.375s] [35m[1mConsolidate compiler generated dependencies of target livox_ros_driver2__rosidl_typesupport_fastrtps_c__pyext[0m
[2.375s] [35m[1mConsolidate compiler generated dependencies of target livox_ros_driver2__rosidl_typesupport_c__pyext[0m
[2.375s] [35m[1mConsolidate compiler generated dependencies of target livox_ros_driver2__rosidl_typesupport_introspection_c__pyext[0m
[2.385s] [ 96%] Built target livox_ros_driver2__rosidl_typesupport_c__pyext
[2.385s] [ 96%] Built target livox_ros_driver2__rosidl_typesupport_introspection_c__pyext
[2.385s] [100%] Built target livox_ros_driver2__rosidl_typesupport_fastrtps_c__pyext
[2.412s] running egg_info
[2.412s] writing livox_ros_driver2.egg-info/PKG-INFO
[2.412s] writing dependency_links to livox_ros_driver2.egg-info/dependency_links.txt
[2.412s] writing top-level names to livox_ros_driver2.egg-info/top_level.txt
[2.413s] reading manifest file 'livox_ros_driver2.egg-info/SOURCES.txt'
[2.414s] writing manifest file 'livox_ros_driver2.egg-info/SOURCES.txt'
[2.441s] [100%] Built target ament_cmake_python_build_livox_ros_driver2_egg
[2.450s] Invoked command in '/home/user/roskit_ws/build/livox_ros_driver2' returned '0': CMAKE_PREFIX_PATH=/home/user/roskit_ws/install/tracer_base:/home/user/roskit_ws/install/scout_base:/home/user/roskit_ws/install/ranger_base:/home/user/roskit_ws/install/hunter_base:/opt/ros/humble:/home/user/roskit_ws/install/ugv_sdk:/home/user/roskit_ws/install/ublox:/home/user/roskit_ws/install/ublox_gps:/home/user/roskit_ws/install/ublox_msgs:/home/user/roskit_ws/install/ublox_serialization:/home/user/roskit_ws/install/tracer_msgs:/home/user/roskit_ws/install/scout_msgs:/home/user/roskit_ws/install/scout_description:/home/user/roskit_ws/install/rslidar_sdk:/home/user/roskit_ws/install/rslidar_msg:/home/user/roskit_ws/install/ranger_msgs:/home/user/roskit_ws/install/ranger_bringup:/home/user/roskit_ws/install/phidgets_drivers:/home/user/roskit_ws/install/phidgets_temperature:/home/user/roskit_ws/install/phidgets_spatial:/home/user/roskit_ws/install/phidgets_motors:/home/user/roskit_ws/install/phidgets_ik:/home/user/roskit_ws/install/phidgets_high_speed_encoder:/home/user/roskit_ws/install/phidgets_digital_outputs:/home/user/roskit_ws/install/phidgets_analog_outputs:/home/user/roskit_ws/install/phidgets_msgs:/home/user/roskit_ws/install/phidgets_magnetometer:/home/user/roskit_ws/install/phidgets_gyroscope:/home/user/roskit_ws/install/phidgets_digital_inputs:/home/user/roskit_ws/install/phidgets_analog_inputs:/home/user/roskit_ws/install/phidgets_accelerometer:/home/user/roskit_ws/install/phidgets_api:/home/user/roskit_ws/install/ouster_ros:/home/user/roskit_ws/install/ouster_sensor_msgs:/home/user/roskit_ws/install/livox_ros_driver2:/home/user/roskit_ws/install/libphidget22:/home/user/roskit_ws/install/hunter_msgs:/home/user/roskit_ws/install/gr_description:/home/user/roskit_ws/install/gr_bringup /usr/bin/cmake --build /home/user/roskit_ws/build/livox_ros_driver2 -- -j16 -l16
[2.453s] Invoking command in '/home/user/roskit_ws/build/livox_ros_driver2': CMAKE_PREFIX_PATH=/home/user/roskit_ws/install/tracer_base:/home/user/roskit_ws/install/scout_base:/home/user/roskit_ws/install/ranger_base:/home/user/roskit_ws/install/hunter_base:/opt/ros/humble:/home/user/roskit_ws/install/ugv_sdk:/home/user/roskit_ws/install/ublox:/home/user/roskit_ws/install/ublox_gps:/home/user/roskit_ws/install/ublox_msgs:/home/user/roskit_ws/install/ublox_serialization:/home/user/roskit_ws/install/tracer_msgs:/home/user/roskit_ws/install/scout_msgs:/home/user/roskit_ws/install/scout_description:/home/user/roskit_ws/install/rslidar_sdk:/home/user/roskit_ws/install/rslidar_msg:/home/user/roskit_ws/install/ranger_msgs:/home/user/roskit_ws/install/ranger_bringup:/home/user/roskit_ws/install/phidgets_drivers:/home/user/roskit_ws/install/phidgets_temperature:/home/user/roskit_ws/install/phidgets_spatial:/home/user/roskit_ws/install/phidgets_motors:/home/user/roskit_ws/install/phidgets_ik:/home/user/roskit_ws/install/phidgets_high_speed_encoder:/home/user/roskit_ws/install/phidgets_digital_outputs:/home/user/roskit_ws/install/phidgets_analog_outputs:/home/user/roskit_ws/install/phidgets_msgs:/home/user/roskit_ws/install/phidgets_magnetometer:/home/user/roskit_ws/install/phidgets_gyroscope:/home/user/roskit_ws/install/phidgets_digital_inputs:/home/user/roskit_ws/install/phidgets_analog_inputs:/home/user/roskit_ws/install/phidgets_accelerometer:/home/user/roskit_ws/install/phidgets_api:/home/user/roskit_ws/install/ouster_ros:/home/user/roskit_ws/install/ouster_sensor_msgs:/home/user/roskit_ws/install/livox_ros_driver2:/home/user/roskit_ws/install/libphidget22:/home/user/roskit_ws/install/hunter_msgs:/home/user/roskit_ws/install/gr_description:/home/user/roskit_ws/install/gr_bringup /usr/bin/cmake --install /home/user/roskit_ws/build/livox_ros_driver2
[2.459s] -- Install configuration: "Release"
[2.459s] -- Execute custom install script
[2.459s] -- Up-to-date symlink: /home/user/roskit_ws/install/livox_ros_driver2/share/ament_index/resource_index/rosidl_interfaces/livox_ros_driver2
[2.460s] -- Up-to-date symlink: /home/user/roskit_ws/install/livox_ros_driver2/include/livox_ros_driver2/livox_ros_driver2/msg/custom_msg.h
[2.460s] -- Up-to-date symlink: /home/user/roskit_ws/install/livox_ros_driver2/include/livox_ros_driver2/livox_ros_driver2/msg/custom_point.h
[2.461s] -- Up-to-date symlink: /home/user/roskit_ws/install/livox_ros_driver2/include/livox_ros_driver2/livox_ros_driver2/msg/detail/custom_msg__functions.h
[2.461s] -- Up-to-date symlink: /home/user/roskit_ws/install/livox_ros_driver2/include/livox_ros_driver2/livox_ros_driver2/msg/detail/custom_msg__struct.h
[2.461s] -- Up-to-date symlink: /home/user/roskit_ws/install/livox_ros_driver2/include/livox_ros_driver2/livox_ros_driver2/msg/detail/custom_msg__type_support.h
[2.461s] -- Up-to-date symlink: /home/user/roskit_ws/install/livox_ros_driver2/include/livox_ros_driver2/livox_ros_driver2/msg/detail/custom_point__functions.h
[2.461s] -- Up-to-date symlink: /home/user/roskit_ws/install/livox_ros_driver2/include/livox_ros_driver2/livox_ros_driver2/msg/detail/custom_point__struct.h
[2.461s] -- Up-to-date symlink: /home/user/roskit_ws/install/livox_ros_driver2/include/livox_ros_driver2/livox_ros_driver2/msg/detail/custom_point__type_support.h
[2.462s] -- Up-to-date symlink: /home/user/roskit_ws/install/livox_ros_driver2/include/livox_ros_driver2/livox_ros_driver2/msg/rosidl_generator_c__visibility_control.h
[2.462s] -- Up-to-date symlink: /home/user/roskit_ws/install/livox_ros_driver2/share/livox_ros_driver2/environment/library_path.sh
[2.462s] -- Up-to-date symlink: /home/user/roskit_ws/install/livox_ros_driver2/share/livox_ros_driver2/environment/library_path.dsv
[2.462s] -- Up-to-date symlink: /home/user/roskit_ws/install/livox_ros_driver2/include/livox_ros_driver2/livox_ros_driver2/msg/detail/custom_msg__rosidl_typesupport_fastrtps_c.h
[2.462s] -- Up-to-date symlink: /home/user/roskit_ws/install/livox_ros_driver2/include/livox_ros_driver2/livox_ros_driver2/msg/detail/custom_point__rosidl_typesupport_fastrtps_c.h
[2.463s] -- Up-to-date symlink: /home/user/roskit_ws/install/livox_ros_driver2/include/livox_ros_driver2/livox_ros_driver2/msg/rosidl_typesupport_fastrtps_c__visibility_control.h
[2.463s] -- Up-to-date symlink: /home/user/roskit_ws/install/livox_ros_driver2/include/livox_ros_driver2/livox_ros_driver2/msg/detail/custom_msg__rosidl_typesupport_introspection_c.h
[2.463s] -- Up-to-date symlink: /home/user/roskit_ws/install/livox_ros_driver2/include/livox_ros_driver2/livox_ros_driver2/msg/detail/custom_point__rosidl_typesupport_introspection_c.h
[2.463s] -- Up-to-date symlink: /home/user/roskit_ws/install/livox_ros_driver2/include/livox_ros_driver2/livox_ros_driver2/msg/rosidl_typesupport_introspection_c__visibility_control.h
[2.463s] -- Up-to-date symlink: /home/user/roskit_ws/install/livox_ros_driver2/include/livox_ros_driver2/livox_ros_driver2/msg/custom_msg.hpp
[2.464s] -- Up-to-date symlink: /home/user/roskit_ws/install/livox_ros_driver2/include/livox_ros_driver2/livox_ros_driver2/msg/custom_point.hpp
[2.464s] -- Up-to-date symlink: /home/user/roskit_ws/install/livox_ros_driver2/include/livox_ros_driver2/livox_ros_driver2/msg/detail/custom_msg__builder.hpp
[2.464s] -- Up-to-date symlink: /home/user/roskit_ws/install/livox_ros_driver2/include/livox_ros_driver2/livox_ros_driver2/msg/detail/custom_msg__struct.hpp
[2.464s] -- Up-to-date symlink: /home/user/roskit_ws/install/livox_ros_driver2/include/livox_ros_driver2/livox_ros_driver2/msg/detail/custom_msg__traits.hpp
[2.464s] -- Up-to-date symlink: /home/user/roskit_ws/install/livox_ros_driver2/include/livox_ros_driver2/livox_ros_driver2/msg/detail/custom_msg__type_support.hpp
[2.465s] -- Up-to-date symlink: /home/user/roskit_ws/install/livox_ros_driver2/include/livox_ros_driver2/livox_ros_driver2/msg/detail/custom_point__builder.hpp
[2.465s] -- Up-to-date symlink: /home/user/roskit_ws/install/livox_ros_driver2/include/livox_ros_driver2/livox_ros_driver2/msg/detail/custom_point__struct.hpp
[2.465s] -- Up-to-date symlink: /home/user/roskit_ws/install/livox_ros_driver2/include/livox_ros_driver2/livox_ros_driver2/msg/detail/custom_point__traits.hpp
[2.465s] -- Up-to-date symlink: /home/user/roskit_ws/install/livox_ros_driver2/include/livox_ros_driver2/livox_ros_driver2/msg/detail/custom_point__type_support.hpp
[2.465s] -- Up-to-date symlink: /home/user/roskit_ws/install/livox_ros_driver2/include/livox_ros_driver2/livox_ros_driver2/msg/rosidl_generator_cpp__visibility_control.hpp
[2.465s] -- Up-to-date symlink: /home/user/roskit_ws/install/livox_ros_driver2/include/livox_ros_driver2/livox_ros_driver2/msg/detail/custom_msg__rosidl_typesupport_fastrtps_cpp.hpp
[2.465s] -- Up-to-date symlink: /home/user/roskit_ws/install/livox_ros_driver2/include/livox_ros_driver2/livox_ros_driver2/msg/detail/custom_point__rosidl_typesupport_fastrtps_cpp.hpp
[2.466s] -- Up-to-date symlink: /home/user/roskit_ws/install/livox_ros_driver2/include/livox_ros_driver2/livox_ros_driver2/msg/rosidl_typesupport_fastrtps_cpp__visibility_control.h
[2.466s] -- Up-to-date symlink: /home/user/roskit_ws/install/livox_ros_driver2/include/livox_ros_driver2/livox_ros_driver2/msg/detail/custom_msg__rosidl_typesupport_introspection_cpp.hpp
[2.466s] -- Up-to-date symlink: /home/user/roskit_ws/install/livox_ros_driver2/include/livox_ros_driver2/livox_ros_driver2/msg/detail/custom_point__rosidl_typesupport_introspection_cpp.hpp
[2.466s] -- Up-to-date symlink: /home/user/roskit_ws/install/livox_ros_driver2/share/livox_ros_driver2/environment/pythonpath.sh
[2.466s] -- Up-to-date symlink: /home/user/roskit_ws/install/livox_ros_driver2/share/livox_ros_driver2/environment/pythonpath.dsv
[2.466s] -- Up-to-date symlink: /home/user/roskit_ws/install/livox_ros_driver2/local/lib/python3.10/dist-packages/livox_ros_driver2-1.0.0-py3.10.egg-info/PKG-INFO
[2.467s] -- Up-to-date symlink: /home/user/roskit_ws/install/livox_ros_driver2/local/lib/python3.10/dist-packages/livox_ros_driver2-1.0.0-py3.10.egg-info/SOURCES.txt
[2.467s] -- Up-to-date symlink: /home/user/roskit_ws/install/livox_ros_driver2/local/lib/python3.10/dist-packages/livox_ros_driver2-1.0.0-py3.10.egg-info/dependency_links.txt
[2.467s] -- Up-to-date symlink: /home/user/roskit_ws/install/livox_ros_driver2/local/lib/python3.10/dist-packages/livox_ros_driver2-1.0.0-py3.10.egg-info/top_level.txt
[2.467s] -- Up-to-date symlink: /home/user/roskit_ws/install/livox_ros_driver2/local/lib/python3.10/dist-packages/livox_ros_driver2/__init__.py
[2.467s] -- Up-to-date symlink: /home/user/roskit_ws/install/livox_ros_driver2/local/lib/python3.10/dist-packages/livox_ros_driver2/_livox_ros_driver2_s.ep.rosidl_typesupport_c.c
[2.468s] -- Up-to-date symlink: /home/user/roskit_ws/install/livox_ros_driver2/local/lib/python3.10/dist-packages/livox_ros_driver2/_livox_ros_driver2_s.ep.rosidl_typesupport_fastrtps_c.c
[2.468s] -- Up-to-date symlink: /home/user/roskit_ws/install/livox_ros_driver2/local/lib/python3.10/dist-packages/livox_ros_driver2/_livox_ros_driver2_s.ep.rosidl_typesupport_introspection_c.c
[2.468s] -- Up-to-date symlink: /home/user/roskit_ws/install/livox_ros_driver2/local/lib/python3.10/dist-packages/livox_ros_driver2/liblivox_interfaces2__rosidl_generator_py.so
[2.468s] -- Up-to-date symlink: /home/user/roskit_ws/install/livox_ros_driver2/local/lib/python3.10/dist-packages/livox_ros_driver2/livox_ros_driver2_s__rosidl_typesupport_c.cpython-310-x86_64-linux-gnu.so
[2.468s] -- Up-to-date symlink: /home/user/roskit_ws/install/livox_ros_driver2/local/lib/python3.10/dist-packages/livox_ros_driver2/livox_ros_driver2_s__rosidl_typesupport_fastrtps_c.cpython-310-x86_64-linux-gnu.so
[2.468s] -- Up-to-date symlink: /home/user/roskit_ws/install/livox_ros_driver2/local/lib/python3.10/dist-packages/livox_ros_driver2/livox_ros_driver2_s__rosidl_typesupport_introspection_c.cpython-310-x86_64-linux-gnu.so
[2.469s] -- Up-to-date symlink: /home/user/roskit_ws/install/livox_ros_driver2/local/lib/python3.10/dist-packages/livox_ros_driver2/msg/__init__.py
[2.469s] -- Up-to-date symlink: /home/user/roskit_ws/install/livox_ros_driver2/local/lib/python3.10/dist-packages/livox_ros_driver2/msg/_custom_msg.py
[2.469s] -- Up-to-date symlink: /home/user/roskit_ws/install/livox_ros_driver2/local/lib/python3.10/dist-packages/livox_ros_driver2/msg/_custom_msg_s.c
[2.469s] -- Up-to-date symlink: /home/user/roskit_ws/install/livox_ros_driver2/local/lib/python3.10/dist-packages/livox_ros_driver2/msg/_custom_point.py
[2.469s] -- Up-to-date symlink: /home/user/roskit_ws/install/livox_ros_driver2/local/lib/python3.10/dist-packages/livox_ros_driver2/msg/_custom_point_s.c
[2.469s] -- Up-to-date symlink: /home/user/roskit_ws/install/livox_ros_driver2/local/lib/python3.10/dist-packages/livox_ros_driver2/livox_ros_driver2_s__rosidl_typesupport_fastrtps_c.cpython-310-x86_64-linux-gnu.so
[2.469s] -- Up-to-date symlink: /home/user/roskit_ws/install/livox_ros_driver2/local/lib/python3.10/dist-packages/livox_ros_driver2/livox_ros_driver2_s__rosidl_typesupport_introspection_c.cpython-310-x86_64-linux-gnu.so
[2.470s] -- Up-to-date symlink: /home/user/roskit_ws/install/livox_ros_driver2/local/lib/python3.10/dist-packages/livox_ros_driver2/livox_ros_driver2_s__rosidl_typesupport_c.cpython-310-x86_64-linux-gnu.so
[2.470s] -- Up-to-date symlink: /home/user/roskit_ws/install/livox_ros_driver2/share/livox_ros_driver2/msg/CustomPoint.idl
[2.470s] -- Up-to-date symlink: /home/user/roskit_ws/install/livox_ros_driver2/share/livox_ros_driver2/msg/CustomMsg.idl
[2.470s] -- Up-to-date symlink: /home/user/roskit_ws/install/livox_ros_driver2/share/livox_ros_driver2/msg/CustomPoint.msg
[2.470s] -- Up-to-date symlink: /home/user/roskit_ws/install/livox_ros_driver2/share/livox_ros_driver2/msg/CustomMsg.msg
[2.471s] -- Up-to-date symlink: /home/user/roskit_ws/install/livox_ros_driver2/lib/livox_ros_driver2/livox_ros_driver2_node
[2.471s] -- Up-to-date symlink: /home/user/roskit_ws/install/livox_ros_driver2/lib/liblivox_ros_driver2.so
[2.471s] -- Up-to-date symlink: /home/user/roskit_ws/install/livox_ros_driver2/share/livox_ros_driver2/config/HAP_config.json
[2.471s] -- Up-to-date symlink: /home/user/roskit_ws/install/livox_ros_driver2/share/livox_ros_driver2/config/MID360_config.json
[2.471s] -- Up-to-date symlink: /home/user/roskit_ws/install/livox_ros_driver2/share/livox_ros_driver2/config/display_point_cloud_ROS1.rviz
[2.472s] -- Up-to-date symlink: /home/user/roskit_ws/install/livox_ros_driver2/share/livox_ros_driver2/config/display_point_cloud_ROS2.rviz
[2.472s] -- Up-to-date symlink: /home/user/roskit_ws/install/livox_ros_driver2/share/livox_ros_driver2/config/mixed_HAP_MID360_config.json
[2.472s] -- Up-to-date symlink: /home/user/roskit_ws/install/livox_ros_driver2/share/livox_ros_driver2/launch_ROS2/msg_HAP_launch.py
[2.472s] -- Up-to-date symlink: /home/user/roskit_ws/install/livox_ros_driver2/share/livox_ros_driver2/launch_ROS2/msg_MID360_launch.py
[2.473s] -- Up-to-date symlink: /home/user/roskit_ws/install/livox_ros_driver2/share/livox_ros_driver2/launch_ROS2/rviz_HAP_launch.py
[2.473s] -- Up-to-date symlink: /home/user/roskit_ws/install/livox_ros_driver2/share/livox_ros_driver2/launch_ROS2/rviz_MID360_launch.py
[2.473s] -- Up-to-date symlink: /home/user/roskit_ws/install/livox_ros_driver2/share/livox_ros_driver2/launch_ROS2/rviz_mixed.py
[2.473s] -- Up-to-date symlink: /home/user/roskit_ws/install/livox_ros_driver2/share/ament_index/resource_index/package_run_dependencies/livox_ros_driver2
[2.473s] -- Up-to-date symlink: /home/user/roskit_ws/install/livox_ros_driver2/share/ament_index/resource_index/parent_prefix_path/livox_ros_driver2
[2.473s] -- Up-to-date symlink: /home/user/roskit_ws/install/livox_ros_driver2/share/livox_ros_driver2/environment/ament_prefix_path.sh
[2.473s] -- Up-to-date symlink: /home/user/roskit_ws/install/livox_ros_driver2/share/livox_ros_driver2/environment/ament_prefix_path.dsv
[2.474s] -- Up-to-date symlink: /home/user/roskit_ws/install/livox_ros_driver2/share/livox_ros_driver2/environment/path.sh
[2.474s] -- Up-to-date symlink: /home/user/roskit_ws/install/livox_ros_driver2/share/livox_ros_driver2/environment/path.dsv
[2.474s] -- Up-to-date symlink: /home/user/roskit_ws/install/livox_ros_driver2/share/livox_ros_driver2/local_setup.bash
[2.474s] -- Up-to-date symlink: /home/user/roskit_ws/install/livox_ros_driver2/share/livox_ros_driver2/local_setup.sh
[2.474s] -- Up-to-date symlink: /home/user/roskit_ws/install/livox_ros_driver2/share/livox_ros_driver2/local_setup.zsh
[2.474s] -- Up-to-date symlink: /home/user/roskit_ws/install/livox_ros_driver2/share/livox_ros_driver2/local_setup.dsv
[2.474s] -- Symlinking: /home/user/roskit_ws/install/livox_ros_driver2/share/livox_ros_driver2/package.dsv
[2.481s] -- Up-to-date symlink: /home/user/roskit_ws/install/livox_ros_driver2/share/ament_index/resource_index/packages/livox_ros_driver2
[2.481s] -- Up-to-date symlink: /home/user/roskit_ws/install/livox_ros_driver2/share/ament_index/resource_index/rclcpp_components/livox_ros_driver2
[2.481s] -- Up-to-date symlink: /home/user/roskit_ws/install/livox_ros_driver2/share/livox_ros_driver2/cmake/rosidl_cmake-extras.cmake
[2.482s] -- Up-to-date symlink: /home/user/roskit_ws/install/livox_ros_driver2/share/livox_ros_driver2/cmake/ament_cmake_export_dependencies-extras.cmake
[2.482s] -- Up-to-date symlink: /home/user/roskit_ws/install/livox_ros_driver2/share/livox_ros_driver2/cmake/ament_cmake_export_include_directories-extras.cmake
[2.482s] -- Up-to-date symlink: /home/user/roskit_ws/install/livox_ros_driver2/share/livox_ros_driver2/cmake/ament_cmake_export_libraries-extras.cmake
[2.482s] -- Up-to-date symlink: /home/user/roskit_ws/install/livox_ros_driver2/share/livox_ros_driver2/cmake/ament_cmake_export_targets-extras.cmake
[2.482s] -- Up-to-date symlink: /home/user/roskit_ws/install/livox_ros_driver2/share/livox_ros_driver2/cmake/rosidl_cmake_export_typesupport_targets-extras.cmake
[2.482s] -- Up-to-date symlink: /home/user/roskit_ws/install/livox_ros_driver2/share/livox_ros_driver2/cmake/rosidl_cmake_export_typesupport_libraries-extras.cmake
[2.482s] -- Up-to-date symlink: /home/user/roskit_ws/install/livox_ros_driver2/share/livox_ros_driver2/cmake/livox_ros_driver2Config.cmake
[2.483s] -- Up-to-date symlink: /home/user/roskit_ws/install/livox_ros_driver2/share/livox_ros_driver2/cmake/livox_ros_driver2Config-version.cmake
[2.483s] -- Up-to-date symlink: /home/user/roskit_ws/install/livox_ros_driver2/share/livox_ros_driver2/package.xml
[2.483s] -- Up-to-date: /home/user/roskit_ws/install/livox_ros_driver2/lib/liblivox_ros_driver2__rosidl_generator_c.so
[2.484s] -- Up-to-date: /home/user/roskit_ws/install/livox_ros_driver2/lib/liblivox_ros_driver2__rosidl_typesupport_fastrtps_c.so
[2.484s] -- Up-to-date: /home/user/roskit_ws/install/livox_ros_driver2/lib/liblivox_ros_driver2__rosidl_typesupport_introspection_c.so
[2.484s] -- Up-to-date: /home/user/roskit_ws/install/livox_ros_driver2/lib/liblivox_ros_driver2__rosidl_typesupport_c.so
[2.485s] -- Up-to-date: /home/user/roskit_ws/install/livox_ros_driver2/lib/liblivox_ros_driver2__rosidl_typesupport_fastrtps_cpp.so
[2.485s] -- Up-to-date: /home/user/roskit_ws/install/livox_ros_driver2/lib/liblivox_ros_driver2__rosidl_typesupport_introspection_cpp.so
[2.485s] -- Up-to-date: /home/user/roskit_ws/install/livox_ros_driver2/lib/liblivox_ros_driver2__rosidl_typesupport_cpp.so
[2.508s] Listing '/home/user/roskit_ws/install/livox_ros_driver2/local/lib/python3.10/dist-packages/livox_ros_driver2'...
[2.508s] Compiling '/home/user/roskit_ws/install/livox_ros_driver2/local/lib/python3.10/dist-packages/livox_ros_driver2/__init__.py'...
[2.508s] Listing '/home/user/roskit_ws/install/livox_ros_driver2/local/lib/python3.10/dist-packages/livox_ros_driver2/msg'...
[2.511s] -- Up-to-date: /home/user/roskit_ws/install/livox_ros_driver2/lib/liblivox_interfaces2__rosidl_generator_py.so
[2.511s] -- Up-to-date: /home/user/roskit_ws/install/livox_ros_driver2/share/livox_ros_driver2/cmake/export_livox_interfaces2__rosidl_generator_cExport.cmake
[2.511s] -- Up-to-date: /home/user/roskit_ws/install/livox_ros_driver2/share/livox_ros_driver2/cmake/export_livox_interfaces2__rosidl_generator_cExport-release.cmake
[2.512s] -- Up-to-date: /home/user/roskit_ws/install/livox_ros_driver2/share/livox_ros_driver2/cmake/export_livox_interfaces2__rosidl_typesupport_fastrtps_cExport.cmake
[2.512s] -- Up-to-date: /home/user/roskit_ws/install/livox_ros_driver2/share/livox_ros_driver2/cmake/export_livox_interfaces2__rosidl_typesupport_fastrtps_cExport-release.cmake
[2.512s] -- Up-to-date: /home/user/roskit_ws/install/livox_ros_driver2/share/livox_ros_driver2/cmake/livox_interfaces2__rosidl_typesupport_introspection_cExport.cmake
[2.512s] -- Up-to-date: /home/user/roskit_ws/install/livox_ros_driver2/share/livox_ros_driver2/cmake/livox_interfaces2__rosidl_typesupport_introspection_cExport-release.cmake
[2.512s] -- Up-to-date: /home/user/roskit_ws/install/livox_ros_driver2/share/livox_ros_driver2/cmake/livox_interfaces2__rosidl_typesupport_cExport.cmake
[2.512s] -- Up-to-date: /home/user/roskit_ws/install/livox_ros_driver2/share/livox_ros_driver2/cmake/livox_interfaces2__rosidl_typesupport_cExport-release.cmake
[2.512s] -- Up-to-date: /home/user/roskit_ws/install/livox_ros_driver2/share/livox_ros_driver2/cmake/export_livox_interfaces2__rosidl_generator_cppExport.cmake
[2.512s] -- Up-to-date: /home/user/roskit_ws/install/livox_ros_driver2/share/livox_ros_driver2/cmake/export_livox_interfaces2__rosidl_typesupport_fastrtps_cppExport.cmake
[2.512s] -- Up-to-date: /home/user/roskit_ws/install/livox_ros_driver2/share/livox_ros_driver2/cmake/export_livox_interfaces2__rosidl_typesupport_fastrtps_cppExport-release.cmake
[2.512s] -- Up-to-date: /home/user/roskit_ws/install/livox_ros_driver2/share/livox_ros_driver2/cmake/livox_interfaces2__rosidl_typesupport_introspection_cppExport.cmake
[2.512s] -- Up-to-date: /home/user/roskit_ws/install/livox_ros_driver2/share/livox_ros_driver2/cmake/livox_interfaces2__rosidl_typesupport_introspection_cppExport-release.cmake
[2.512s] -- Up-to-date: /home/user/roskit_ws/install/livox_ros_driver2/share/livox_ros_driver2/cmake/livox_interfaces2__rosidl_typesupport_cppExport.cmake
[2.512s] -- Up-to-date: /home/user/roskit_ws/install/livox_ros_driver2/share/livox_ros_driver2/cmake/livox_interfaces2__rosidl_typesupport_cppExport-release.cmake
[2.512s] -- Up-to-date: /home/user/roskit_ws/install/livox_ros_driver2/share/livox_ros_driver2/cmake/export_livox_interfaces2__rosidl_generator_pyExport.cmake
[2.513s] -- Up-to-date: /home/user/roskit_ws/install/livox_ros_driver2/share/livox_ros_driver2/cmake/export_livox_interfaces2__rosidl_generator_pyExport-release.cmake
[2.514s] Invoked command in '/home/user/roskit_ws/build/livox_ros_driver2' returned '0': CMAKE_PREFIX_PATH=/home/user/roskit_ws/install/tracer_base:/home/user/roskit_ws/install/scout_base:/home/user/roskit_ws/install/ranger_base:/home/user/roskit_ws/install/hunter_base:/opt/ros/humble:/home/user/roskit_ws/install/ugv_sdk:/home/user/roskit_ws/install/ublox:/home/user/roskit_ws/install/ublox_gps:/home/user/roskit_ws/install/ublox_msgs:/home/user/roskit_ws/install/ublox_serialization:/home/user/roskit_ws/install/tracer_msgs:/home/user/roskit_ws/install/scout_msgs:/home/user/roskit_ws/install/scout_description:/home/user/roskit_ws/install/rslidar_sdk:/home/user/roskit_ws/install/rslidar_msg:/home/user/roskit_ws/install/ranger_msgs:/home/user/roskit_ws/install/ranger_bringup:/home/user/roskit_ws/install/phidgets_drivers:/home/user/roskit_ws/install/phidgets_temperature:/home/user/roskit_ws/install/phidgets_spatial:/home/user/roskit_ws/install/phidgets_motors:/home/user/roskit_ws/install/phidgets_ik:/home/user/roskit_ws/install/phidgets_high_speed_encoder:/home/user/roskit_ws/install/phidgets_digital_outputs:/home/user/roskit_ws/install/phidgets_analog_outputs:/home/user/roskit_ws/install/phidgets_msgs:/home/user/roskit_ws/install/phidgets_magnetometer:/home/user/roskit_ws/install/phidgets_gyroscope:/home/user/roskit_ws/install/phidgets_digital_inputs:/home/user/roskit_ws/install/phidgets_analog_inputs:/home/user/roskit_ws/install/phidgets_accelerometer:/home/user/roskit_ws/install/phidgets_api:/home/user/roskit_ws/install/ouster_ros:/home/user/roskit_ws/install/ouster_sensor_msgs:/home/user/roskit_ws/install/livox_ros_driver2:/home/user/roskit_ws/install/libphidget22:/home/user/roskit_ws/install/hunter_msgs:/home/user/roskit_ws/install/gr_description:/home/user/roskit_ws/install/gr_bringup /usr/bin/cmake --install /home/user/roskit_ws/build/livox_ros_driver2
