-- The C compiler identification is GNU 11.4.0
-- The CXX compiler identification is GNU 11.4.0
-- Detecting C compiler ABI info
-- Detecting C compiler ABI info - done
-- Check for working C compiler: /usr/lib/ccache/cc - skipped
-- Detecting C compile features
-- Detecting C compile features - done
-- Detecting CXX compiler ABI info
-- Detecting CXX compiler ABI info - done
-- Check for working CXX compiler: /usr/lib/ccache/c++ - skipped
-- Detecting CXX compile features
-- Detecting CXX compile features - done
-- Found ament_cmake_ros: 0.10.0 (/opt/ros/humble/share/ament_cmake_ros/cmake)
-- Found Python3: /usr/bin/python3 (found version "3.10.12") found components: Interpreter 
-- Override CMake install command with custom implementation using symlinks instead of copying resources
-- Found phidgets_api: 2.3.3 (/home/user/roskit_ws/install/phidgets_api/share/phidgets_api/cmake)
-- Found phidgets_msgs: 2.3.3 (/home/user/roskit_ws/install/phidgets_msgs/share/phidgets_msgs/cmake)
-- Found rosidl_generator_c: 3.1.7 (/opt/ros/humble/share/rosidl_generator_c/cmake)
-- Found rosidl_adapter: 3.1.7 (/opt/ros/humble/share/rosidl_adapter/cmake)
-- Found rosidl_generator_cpp: 3.1.7 (/opt/ros/humble/share/rosidl_generator_cpp/cmake)
-- Using all available rosidl_typesupport_c: rosidl_typesupport_fastrtps_c;rosidl_typesupport_introspection_c
-- Using all available rosidl_typesupport_cpp: rosidl_typesupport_fastrtps_cpp;rosidl_typesupport_introspection_cpp
-- Found rclcpp: 16.0.14 (/opt/ros/humble/share/rclcpp/cmake)
-- Found rmw_implementation_cmake: 6.1.2 (/opt/ros/humble/share/rmw_implementation_cmake/cmake)
-- Found rmw_fastrtps_cpp: 6.2.8 (/opt/ros/humble/share/rmw_fastrtps_cpp/cmake)
-- Found OpenSSL: /usr/lib/x86_64-linux-gnu/libcrypto.so (found version "3.0.2")  
-- Found FastRTPS: /opt/ros/humble/include  
-- Using RMW implementation 'rmw_fastrtps_cpp' as default
-- Looking for pthread.h
-- Looking for pthread.h - found
-- Performing Test CMAKE_HAVE_LIBC_PTHREAD
-- Performing Test CMAKE_HAVE_LIBC_PTHREAD - Success
-- Found Threads: TRUE  
-- Found rclcpp_components: 16.0.14 (/opt/ros/humble/share/rclcpp_components/cmake)
-- Configuring done
-- Generating done
[33mCMake Warning:
  Manually-specified variables were not used by the project:

    HUMBLE_ROS
    ROS_EDITION

[0m
-- Build files have been written to: /home/user/roskit_ws/build/phidgets_digital_outputs
[ 50%] [32mBuilding CXX object CMakeFiles/phidgets_digital_outputs.dir/src/digital_outputs_ros_i.cpp.o[0m
[100%] [32m[1mLinking CXX shared library libphidgets_digital_outputs.so[0m
[100%] Built target phidgets_digital_outputs
-- Install configuration: "Release"
-- Execute custom install script
-- Symlinking: /home/user/roskit_ws/install/phidgets_digital_outputs/lib/libphidgets_digital_outputs.so
-- Symlinking: /home/user/roskit_ws/install/phidgets_digital_outputs/include/phidgets_digital_outputs/digital_outputs_ros_i.hpp
-- Symlinking: /home/user/roskit_ws/install/phidgets_digital_outputs/share/phidgets_digital_outputs/launch/digital_outputs-launch.py
-- Symlinking: /home/user/roskit_ws/install/phidgets_digital_outputs/share/ament_index/resource_index/package_run_dependencies/phidgets_digital_outputs
-- Symlinking: /home/user/roskit_ws/install/phidgets_digital_outputs/share/ament_index/resource_index/parent_prefix_path/phidgets_digital_outputs
-- Symlinking: /home/user/roskit_ws/install/phidgets_digital_outputs/share/phidgets_digital_outputs/environment/ament_prefix_path.sh
-- Symlinking: /home/user/roskit_ws/install/phidgets_digital_outputs/share/phidgets_digital_outputs/environment/ament_prefix_path.dsv
-- Symlinking: /home/user/roskit_ws/install/phidgets_digital_outputs/share/phidgets_digital_outputs/environment/path.sh
-- Symlinking: /home/user/roskit_ws/install/phidgets_digital_outputs/share/phidgets_digital_outputs/environment/path.dsv
-- Symlinking: /home/user/roskit_ws/install/phidgets_digital_outputs/share/phidgets_digital_outputs/local_setup.bash
-- Symlinking: /home/user/roskit_ws/install/phidgets_digital_outputs/share/phidgets_digital_outputs/local_setup.sh
-- Symlinking: /home/user/roskit_ws/install/phidgets_digital_outputs/share/phidgets_digital_outputs/local_setup.zsh
-- Symlinking: /home/user/roskit_ws/install/phidgets_digital_outputs/share/phidgets_digital_outputs/local_setup.dsv
-- Symlinking: /home/user/roskit_ws/install/phidgets_digital_outputs/share/phidgets_digital_outputs/package.dsv
-- Symlinking: /home/user/roskit_ws/install/phidgets_digital_outputs/share/ament_index/resource_index/packages/phidgets_digital_outputs
-- Symlinking: /home/user/roskit_ws/install/phidgets_digital_outputs/share/ament_index/resource_index/rclcpp_components/phidgets_digital_outputs
-- Symlinking: /home/user/roskit_ws/install/phidgets_digital_outputs/share/phidgets_digital_outputs/cmake/phidgets_digital_outputsConfig.cmake
-- Symlinking: /home/user/roskit_ws/install/phidgets_digital_outputs/share/phidgets_digital_outputs/cmake/phidgets_digital_outputsConfig-version.cmake
-- Symlinking: /home/user/roskit_ws/install/phidgets_digital_outputs/share/phidgets_digital_outputs/package.xml
