[0.044s] Invoking command in '/home/user/roskit_ws/build/ranger_bringup': CMAKE_PREFIX_PATH=/opt/ros/humble:${CMAKE_PREFIX_PATH} /usr/bin/cmake /home/user/roskit_ws/src/ranger_mini_v2/ranger_bringup -DCMAKE_BUILD_TYPE=Release -DROS_EDITION=ROS2 -DHUMBLE_ROS=humble -DAMENT_CMAKE_SYMLINK_INSTALL=1 -DCMAKE_INSTALL_PREFIX=/home/user/roskit_ws/install/ranger_bringup
[0.204s] -- Found ament_cmake: 1.3.12 (/opt/ros/humble/share/ament_cmake/cmake)
[0.204s] -- Override CMake install command with custom implementation using symlinks instead of copying resources
[0.204s] -- Found ament_lint_auto: 0.12.14 (/opt/ros/humble/share/ament_lint_auto/cmake)
[0.238s] -- Added test 'copyright' to check source files copyright and LICENSE
[0.238s] -- Added test 'lint_cmake' to check CMake code style
[0.239s] -- Added test 'xmllint' to check XML markup files
[0.240s] -- Configuring done
[0.242s] -- Generating done
[0.242s] [33mCMake Warning:
[0.242s]   Manually-specified variables were not used by the project:
[0.242s] 
[0.242s]     HUMBLE_ROS
[0.242s]     ROS_EDITION
[0.242s] 
[0.242s] [0m
[0.243s] -- Build files have been written to: /home/user/roskit_ws/build/ranger_bringup
[0.248s] Invoked command in '/home/user/roskit_ws/build/ranger_bringup' returned '0': CMAKE_PREFIX_PATH=/opt/ros/humble:${CMAKE_PREFIX_PATH} /usr/bin/cmake /home/user/roskit_ws/src/ranger_mini_v2/ranger_bringup -DCMAKE_BUILD_TYPE=Release -DROS_EDITION=ROS2 -DHUMBLE_ROS=humble -DAMENT_CMAKE_SYMLINK_INSTALL=1 -DCMAKE_INSTALL_PREFIX=/home/user/roskit_ws/install/ranger_bringup
[0.251s] Invoking command in '/home/user/roskit_ws/build/ranger_bringup': CMAKE_PREFIX_PATH=/opt/ros/humble:${CMAKE_PREFIX_PATH} /usr/bin/cmake --build /home/user/roskit_ws/build/ranger_bringup -- -j16 -l16
[0.300s] Invoked command in '/home/user/roskit_ws/build/ranger_bringup' returned '0': CMAKE_PREFIX_PATH=/opt/ros/humble:${CMAKE_PREFIX_PATH} /usr/bin/cmake --build /home/user/roskit_ws/build/ranger_bringup -- -j16 -l16
[0.301s] Invoking command in '/home/user/roskit_ws/build/ranger_bringup': CMAKE_PREFIX_PATH=/opt/ros/humble:${CMAKE_PREFIX_PATH} /usr/bin/cmake --install /home/user/roskit_ws/build/ranger_bringup
[0.351s] -- Install configuration: "Release"
[0.351s] -- Execute custom install script
[0.351s] -- Up-to-date symlink: /home/user/roskit_ws/install/ranger_bringup/share/ranger_bringup//launch/ranger.launch.xml
[0.351s] -- Up-to-date symlink: /home/user/roskit_ws/install/ranger_bringup/share/ranger_bringup//launch/ranger_mini_v1.launch.xml
[0.352s] -- Up-to-date symlink: /home/user/roskit_ws/install/ranger_bringup/share/ranger_bringup//launch/ranger_mini_v2.launch.xml
[0.352s] -- Up-to-date symlink: /home/user/roskit_ws/install/ranger_bringup/share/ament_index/resource_index/package_run_dependencies/ranger_bringup
[0.352s] -- Up-to-date symlink: /home/user/roskit_ws/install/ranger_bringup/share/ament_index/resource_index/parent_prefix_path/ranger_bringup
[0.352s] -- Up-to-date symlink: /home/user/roskit_ws/install/ranger_bringup/share/ranger_bringup/environment/ament_prefix_path.sh
[0.353s] -- Up-to-date symlink: /home/user/roskit_ws/install/ranger_bringup/share/ranger_bringup/environment/ament_prefix_path.dsv
[0.353s] -- Up-to-date symlink: /home/user/roskit_ws/install/ranger_bringup/share/ranger_bringup/environment/path.sh
[0.353s] -- Up-to-date symlink: /home/user/roskit_ws/install/ranger_bringup/share/ranger_bringup/environment/path.dsv
[0.353s] -- Up-to-date symlink: /home/user/roskit_ws/install/ranger_bringup/share/ranger_bringup/local_setup.bash
[0.353s] -- Up-to-date symlink: /home/user/roskit_ws/install/ranger_bringup/share/ranger_bringup/local_setup.sh
[0.353s] -- Up-to-date symlink: /home/user/roskit_ws/install/ranger_bringup/share/ranger_bringup/local_setup.zsh
[0.353s] -- Up-to-date symlink: /home/user/roskit_ws/install/ranger_bringup/share/ranger_bringup/local_setup.dsv
[0.354s] -- Symlinking: /home/user/roskit_ws/install/ranger_bringup/share/ranger_bringup/package.dsv
[0.354s] -- Up-to-date symlink: /home/user/roskit_ws/install/ranger_bringup/share/ament_index/resource_index/packages/ranger_bringup
[0.354s] -- Up-to-date symlink: /home/user/roskit_ws/install/ranger_bringup/share/ranger_bringup/cmake/ranger_bringupConfig.cmake
[0.354s] -- Up-to-date symlink: /home/user/roskit_ws/install/ranger_bringup/share/ranger_bringup/cmake/ranger_bringupConfig-version.cmake
[0.354s] -- Up-to-date symlink: /home/user/roskit_ws/install/ranger_bringup/share/ranger_bringup/package.xml
[0.374s] Invoked command in '/home/user/roskit_ws/build/ranger_bringup' returned '0': CMAKE_PREFIX_PATH=/opt/ros/humble:${CMAKE_PREFIX_PATH} /usr/bin/cmake --install /home/user/roskit_ws/build/ranger_bringup
