[0.131s] Invoking command in '/home/user/roskit_ws/build/phidgets_spatial': AMENT_PREFIX_PATH=/home/user/roskit_ws/install/phidgets_api:${AMENT_PREFIX_PATH} CMAKE_PREFIX_PATH=/home/user/roskit_ws/install/phidgets_api:/home/user/roskit_ws/install/libphidget22:/opt/ros/humble:/home/user/roskit_ws/install/ugv_sdk:/home/user/roskit_ws/install/ublox_serialization:/home/user/roskit_ws/install/tracer_msgs:/home/user/roskit_ws/install/scout_msgs:/home/user/roskit_ws/install/scout_description:/home/user/roskit_ws/install/rslidar_msg:/home/user/roskit_ws/install/ranger_msgs:/home/user/roskit_ws/install/ranger_bringup:/home/user/roskit_ws/install/phidgets_msgs:/home/user/roskit_ws/install/ouster_sensor_msgs:/home/user/roskit_ws/install/hunter_msgs:/home/user/roskit_ws/install/gr_description:/home/user/roskit_ws/install/gr_bringup LD_LIBRARY_PATH=/home/user/roskit_ws/install/phidgets_api/lib:${LD_LIBRARY_PATH} /usr/bin/cmake --build /home/user/roskit_ws/build/phidgets_spatial -- -j16 -l16
[0.171s] [35m[1mConsolidate compiler generated dependencies of target phidgets_spatial[0m
[0.177s] [100%] Built target phidgets_spatial
[0.205s] Invoked command in '/home/user/roskit_ws/build/phidgets_spatial' returned '0': AMENT_PREFIX_PATH=/home/user/roskit_ws/install/phidgets_api:${AMENT_PREFIX_PATH} CMAKE_PREFIX_PATH=/home/user/roskit_ws/install/phidgets_api:/home/user/roskit_ws/install/libphidget22:/opt/ros/humble:/home/user/roskit_ws/install/ugv_sdk:/home/user/roskit_ws/install/ublox_serialization:/home/user/roskit_ws/install/tracer_msgs:/home/user/roskit_ws/install/scout_msgs:/home/user/roskit_ws/install/scout_description:/home/user/roskit_ws/install/rslidar_msg:/home/user/roskit_ws/install/ranger_msgs:/home/user/roskit_ws/install/ranger_bringup:/home/user/roskit_ws/install/phidgets_msgs:/home/user/roskit_ws/install/ouster_sensor_msgs:/home/user/roskit_ws/install/hunter_msgs:/home/user/roskit_ws/install/gr_description:/home/user/roskit_ws/install/gr_bringup LD_LIBRARY_PATH=/home/user/roskit_ws/install/phidgets_api/lib:${LD_LIBRARY_PATH} /usr/bin/cmake --build /home/user/roskit_ws/build/phidgets_spatial -- -j16 -l16
[0.208s] Invoking command in '/home/user/roskit_ws/build/phidgets_spatial': AMENT_PREFIX_PATH=/home/user/roskit_ws/install/phidgets_api:${AMENT_PREFIX_PATH} CMAKE_PREFIX_PATH=/home/user/roskit_ws/install/phidgets_api:/home/user/roskit_ws/install/libphidget22:/opt/ros/humble:/home/user/roskit_ws/install/ugv_sdk:/home/user/roskit_ws/install/ublox_serialization:/home/user/roskit_ws/install/tracer_msgs:/home/user/roskit_ws/install/scout_msgs:/home/user/roskit_ws/install/scout_description:/home/user/roskit_ws/install/rslidar_msg:/home/user/roskit_ws/install/ranger_msgs:/home/user/roskit_ws/install/ranger_bringup:/home/user/roskit_ws/install/phidgets_msgs:/home/user/roskit_ws/install/ouster_sensor_msgs:/home/user/roskit_ws/install/hunter_msgs:/home/user/roskit_ws/install/gr_description:/home/user/roskit_ws/install/gr_bringup LD_LIBRARY_PATH=/home/user/roskit_ws/install/phidgets_api/lib:${LD_LIBRARY_PATH} /usr/bin/cmake --install /home/user/roskit_ws/build/phidgets_spatial
[0.220s] -- Install configuration: "Release"
[0.220s] -- Execute custom install script
[0.221s] -- Up-to-date symlink: /home/user/roskit_ws/install/phidgets_spatial/lib/libphidgets_spatial.so
[0.221s] -- Up-to-date symlink: /home/user/roskit_ws/install/phidgets_spatial/include/phidgets_spatial/spatial_ros_i.hpp
[0.221s] -- Up-to-date symlink: /home/user/roskit_ws/install/phidgets_spatial/share/phidgets_spatial/launch/spatial-launch.py
[0.221s] -- Up-to-date symlink: /home/user/roskit_ws/install/phidgets_spatial/share/ament_index/resource_index/package_run_dependencies/phidgets_spatial
[0.221s] -- Up-to-date symlink: /home/user/roskit_ws/install/phidgets_spatial/share/ament_index/resource_index/parent_prefix_path/phidgets_spatial
[0.221s] -- Up-to-date symlink: /home/user/roskit_ws/install/phidgets_spatial/share/phidgets_spatial/environment/ament_prefix_path.sh
[0.221s] -- Up-to-date symlink: /home/user/roskit_ws/install/phidgets_spatial/share/phidgets_spatial/environment/ament_prefix_path.dsv
[0.221s] -- Up-to-date symlink: /home/user/roskit_ws/install/phidgets_spatial/share/phidgets_spatial/environment/path.sh
[0.221s] -- Up-to-date symlink: /home/user/roskit_ws/install/phidgets_spatial/share/phidgets_spatial/environment/path.dsv
[0.221s] -- Up-to-date symlink: /home/user/roskit_ws/install/phidgets_spatial/share/phidgets_spatial/local_setup.bash
[0.221s] -- Up-to-date symlink: /home/user/roskit_ws/install/phidgets_spatial/share/phidgets_spatial/local_setup.sh
[0.221s] -- Up-to-date symlink: /home/user/roskit_ws/install/phidgets_spatial/share/phidgets_spatial/local_setup.zsh
[0.221s] -- Up-to-date symlink: /home/user/roskit_ws/install/phidgets_spatial/share/phidgets_spatial/local_setup.dsv
[0.221s] -- Symlinking: /home/user/roskit_ws/install/phidgets_spatial/share/phidgets_spatial/package.dsv
[0.234s] -- Up-to-date symlink: /home/user/roskit_ws/install/phidgets_spatial/share/ament_index/resource_index/packages/phidgets_spatial
[0.237s] -- Up-to-date symlink: /home/user/roskit_ws/install/phidgets_spatial/share/ament_index/resource_index/rclcpp_components/phidgets_spatial
[0.237s] -- Up-to-date symlink: /home/user/roskit_ws/install/phidgets_spatial/share/phidgets_spatial/cmake/phidgets_spatialConfig.cmake
[0.238s] -- Up-to-date symlink: /home/user/roskit_ws/install/phidgets_spatial/share/phidgets_spatial/cmake/phidgets_spatialConfig-version.cmake
[0.238s] -- Up-to-date symlink: /home/user/roskit_ws/install/phidgets_spatial/share/phidgets_spatial/package.xml
[0.328s] Invoked command in '/home/user/roskit_ws/build/phidgets_spatial' returned '0': AMENT_PREFIX_PATH=/home/user/roskit_ws/install/phidgets_api:${AMENT_PREFIX_PATH} CMAKE_PREFIX_PATH=/home/user/roskit_ws/install/phidgets_api:/home/user/roskit_ws/install/libphidget22:/opt/ros/humble:/home/user/roskit_ws/install/ugv_sdk:/home/user/roskit_ws/install/ublox_serialization:/home/user/roskit_ws/install/tracer_msgs:/home/user/roskit_ws/install/scout_msgs:/home/user/roskit_ws/install/scout_description:/home/user/roskit_ws/install/rslidar_msg:/home/user/roskit_ws/install/ranger_msgs:/home/user/roskit_ws/install/ranger_bringup:/home/user/roskit_ws/install/phidgets_msgs:/home/user/roskit_ws/install/ouster_sensor_msgs:/home/user/roskit_ws/install/hunter_msgs:/home/user/roskit_ws/install/gr_description:/home/user/roskit_ws/install/gr_bringup LD_LIBRARY_PATH=/home/user/roskit_ws/install/phidgets_api/lib:${LD_LIBRARY_PATH} /usr/bin/cmake --install /home/user/roskit_ws/build/phidgets_spatial
